IQ-TREE version 3.0.1 for Windows 64-bit built May  5 2025
Developed by Bui Quang Minh, Thomas Wong, Nhan Ly-Trong, Huaiyan Ren
Contributed by Lam-Tung Nguyen, Dominik Schrempf, Chris Bielow,
Olga Chernomor, Michael Woodhams, Diep Thi Hoang, Heiko Schmidt

Host:    DESKTOP-IAVMJI2 (AVX2, FMA3, 7 GB RAM)
Command: bin/iqtree3.exe -s alignments_no_probang_etc\recombinant_free_regions\O\subsamples\sample3\O_1-623_no_probang.fasta -bb 1000 -m GTR+F+I+G -pre alignments_no_probang_etc\recombinant_free_regions\O\subsamples\sample3\O_1-623_no_probang
Seed:    509449 (Using SPRNG - Scalable Parallel Random Number Generator)
Time:    Thu Jan 15 15:20:51 2026
Kernel:  AVX+FMA - 1 threads (8 CPU cores detected)

HINT: Use -nt option to specify number of threads because your CPU has 8 cores!
HINT: -nt AUTO will automatically determine the best number of threads to use.

Reading alignment file alignments_no_probang_etc\recombinant_free_regions\O\subsamples\sample3\O_1-623_no_probang.fasta ... Fasta format detected
Reading fasta file: done in 0.0026675 secs using 585.8% CPU
Alignment most likely contains DNA/RNA sequences
Constructing alignment: done in 0.0012284 secs
WARNING: 45 sites contain only gaps or ambiguous characters.
Alignment has 80 sequences with 686 columns, 324 distinct patterns
270 parsimony-informative, 52 singleton sites, 364 constant sites
                                                   Gap/Ambiguity  Composition  p-value
Analyzing sequences: done in 0.0002212 secs
   1  KC440883/EGY/Unknown/2011/O/ME-SA/PanAsia-2          9.18%    passed     90.43%
   2  HM229661/HKG/pig/2010/O/SEA/Unknown                  8.75%    passed     89.93%
   3  JQ900581/CHN/pig/2010/O/SEA/Unknown                  8.75%    passed     85.06%
   4  OQ211403/ISR/cattle/2007/O/ME-SA/PanAsia-2           9.18%    passed     93.03%
   5  OQ211392/ISR/cattle/2007/O/ME-SA/PanAsia-2           9.18%    passed     94.86%
   6  OQ211386/ISR/cattle/2007/O/ME-SA/PanAsia-2           9.18%    passed     96.07%
   7  OQ211377/ISR/cattle/2007/O/ME-SA/PanAsia-2           9.18%    passed     82.01%
   8  OQ211372/ISR/goat/2007/O/ME-SA/PanAsia-2             9.18%    passed     85.21%
   9  OP957418/BGD/cattle/2021/O/ME-SA/PanAsia-2           9.18%    passed     96.07%
  10  ON868620/VNM/pig/2019/O/SEA/Unknown                  9.18%    passed     97.52%
  11  ON868618/VNM/pig/2019/O/SEA/Unknown                  9.18%    passed     97.52%
  12  ON868616/VNM/pig/2018/O/SEA/Unknown                  9.18%    passed     95.96%
  13  ON868613/VNM/pig/2019/O/SEA/Unknown                  9.18%    passed     95.96%
  14  ON868611/VNM/pig/2018/O/SEA/Unknown                  9.18%    passed     93.87%
  15  ON868547/VNM/cow/2018/O/ME-SA/Unknown                9.18%    passed     92.09%
  16  OP751924/IDN/cattle/2022/O/ME-SA/Unknown             9.18%    passed     99.92%
  17  ON736860/UGA/cow/2015/O/EA-2/Unknown                 7.00%    passed     56.22%
  18  OP585403/IDN/cattle/2022/O/ME-SA/Unknown             9.18%    passed     99.48%
  19  OM160625/DZA/sheep/2015/O/ME-SA/Ind-2001d            9.18%    passed     99.67%
  20  OM456137/PAK/cattle/2012/O/ME-SA/PanAsia-2           9.18%    passed     76.70%
  21  OM456134/PAK/cattle/2012/O/ME-SA/PanAsia-2           9.18%    passed     94.67%
  22  OK019689/IRN/cow/2016/O/ME-SA/PanAsia-2              9.18%    passed     91.00%
  23  MN389541/CHN/pig/2010/O/SEA/Unknown                  8.75%    passed     90.85%
  24  MN095366/IND/cattle/2014/O/ME-SA/Ind-2001d           9.18%    passed     93.74%
  25  NC_039210/GBR/Unknown/1965/O/EURO-SA/Unknown         9.18%    passed     90.70%
  26  MK071699/BGD/cattle/2013/O/ME-SA/Unknown             9.18%    passed     81.91%
  27  MH845413/VNM/pig/2014/O/SEA/Unknown                  9.18%    passed     93.36%
  28  MF947127/VNM/buffalo/2012/O/ME-SA/Unknown            9.18%    passed     95.64%
  29  MH891503/VNM/cow/2017/O/ME-SA/Unknown                9.18%    passed     98.22%
  30  MG983734/LKA/water-buffalo/2014/O/ME-SA/Ind-2001d    9.18%    passed     96.03%
  31  MG983726/SAU/cattle/2014/O/ME-SA/Ind-2001d           9.18%    passed     99.31%
  32  MG983725/SAU/cattle/2014/O/ME-SA/Ind-2001d           9.18%    passed     98.37%
  33  MG983709/NPL/cattle/2012/O/ME-SA/Ind-2001d           9.18%    passed     99.68%
  34  MG983702/MUS/cattle/2016/O/ME-SA/Unknown             9.18%    passed     98.19%
  35  MF461724/CHN/cattle/2017/O/ME-SA/Unknown             9.18%    passed     97.67%
  36  LC320038/MNG/cow/2015/O/ME-SA/Unknown                9.18%    passed     97.97%
  37  KX534089/KOR/pig/2016/O/SEA/Unknown                  9.18%    passed     87.36%
  38  LC149718/JPN/cow/2010/O/SEA/Unknown                  9.18%    passed     92.57%
  39  LC149704/JPN/cow/2010/O/SEA/Unknown                  9.18%    passed     91.41%
  40  LC149700/JPN/cow/2010/O/SEA/Unknown                  9.18%    passed     91.41%
  41  LC149686/JPN/cow/2010/O/SEA/Unknown                  9.18%    passed     92.57%
  42  LC149685/JPN/cow/2010/O/SEA/Unknown                  9.18%    passed     93.16%
  43  LC149674/JPN/cow/2010/O/SEA/Unknown                  9.18%    passed     89.45%
  44  LC149665/JPN/cow/2010/O/SEA/Unknown                  9.18%    passed     92.57%
  45  LC149627/JPN/pig/2010/O/SEA/Unknown                  9.18%    passed     92.57%
  46  LC149617/JPN/cow/2010/O/SEA/Unknown                  9.18%    passed     92.57%
  47  KY446903/PAK/water-buffalo/2005/O/ME-SA/Unknown      9.18%    passed     89.38%
  48  KY657269/VNM/pig/2015/O/ME-SA/Ind-2001d              9.18%    passed     99.02%
  49  KX712091/BGD/pig/2015/O/ME-SA/Unknown                9.18%    passed     99.76%
  50  KX162590/KOR/pig/2014/O/SEA/Unknown                  9.18%    passed     90.32%
  51  KU726614/GRC/sheep/1994/O/ME-SA/Unknown              9.18%    passed     86.38%
  52  KU821591/ZMB/cow/2010/O/EA-2/Unknown                 9.18%    passed     60.40%
  53  KU291242/MAR/cow/2015/O/ME-SA/Ind-2001d              9.18%    passed     99.03%
  54  KP940473/EGY/cattle/2014/O/ME-SA/Unknown             9.18%    passed     74.59%
  55  HQ268524/BTN/Unknown/2004/O/ME-SA/PanAsia-2          9.18%    passed     94.51%
  56  KM268895/TUR/cattle/2013/O/ME-SA/PanAsia-2           9.18%    passed     97.17%
  57  JX869181/GBR/cattle/1967/O/EURO-SA/Unknown           9.18%    passed     98.32%
  58  KF985189/BGD/cattle/2013/O/ME-SA/Unknown             9.18%    passed     99.16%
  59  KF694736/KOR/pig/2002/O/ME-SA/PanAsia                9.18%    passed     96.78%
  60  KF112881/MNG/cattle/2010/O/SEA/Mya-98                9.18%    passed     76.18%
  61  JX040490/BGR/cattle/2011/O/ME-SA/PanAsia-2           9.18%    passed     87.39%
  62  HQ113232/PAK/cow/2009/O/ME-SA/PanAsia-2              9.18%    passed     85.45%
  63  HM191257/UGA/cow/2006/O/EA-2/Unknown                 9.18%    passed     43.46%
  64  HM055510/VNM/Unknown/2009/O/SEA/Unknown              9.18%    passed     88.22%
  65  EU214601/GBR/sheep/2001/O/ME-SA/PanAsia              9.18%    passed     94.85%
  66  EF614457/KOR/cattle/2002/O/ME-SA/PanAsia             9.18%    passed     95.99%
  67  AY593833/TWN/Unknown/1999/O/CATHAY/Unknown           9.18%    passed     75.14%
  68  AY593817/BEL/Unknown/1973/O/EURO-SA/Unknown          9.18%    passed     95.88%
  69  AF511039/CHN/Unknown/1958/O/CATHAY/Unknown           9.18%    passed     47.48%
  70  EF175732/CHN/Unknown/1999/O/CATHAY/Unknown           9.18%    passed     68.35%
  71  DQ404177/GBR/pig/2001/O/ME-SA/PanAsia                9.18%    passed     94.85%
  72  DQ404169/GBR/sheep/2001/O/ME-SA/PanAsia              9.18%    passed     95.56%
  73  AF026168/TWN/Unknown/1997/O/CATHAY/Unknown           9.18%    passed     61.25%
  74  AB079061/JPN/Unknown/2000/O/ME-SA/PanAsia            9.18%    passed     96.87%
  75  AJ633821/FRA/Unknown/2001/O/ME-SA/PanAsia            9.18%    passed     96.98%
  76  AY317098/HKG/Unknown/2002/O/CATHAY/Unknown           9.18%    passed     51.83%
  77  EU400597/CHN/Unknown/2001/O/CATHAY/Unknown           9.18%    passed     54.58%
  78  AY686687/Unknown/Unknown/2001/O/CATHAY/Unknown       9.18%    passed     76.06%
  79  AF377945/Unknown/Unknown/2000/O/ME-SA/PanAsia        9.18%    passed     93.13%
  80  EF552688/GBR/sheep/2001/O/ME-SA/PanAsia              9.18%    passed     95.56%
****  TOTAL                                                9.14%  0 sequences failed composition chi2 test (p-value<5%; df=3)
NOTE: LC149665/JPN/cow/2010/O/SEA/Unknown is identical to LC149718/JPN/cow/2010/O/SEA/Unknown but kept for subsequent analysis
Checking for duplicate sequences: done in 0.0060841 secs
Identifying sites to remove: done in 0.0021163 secs using 738.3% CPU
NOTE: 2 identical sequences (see below) will be ignored for subsequent analysis
NOTE: LC149627/JPN/pig/2010/O/SEA/Unknown (identical to LC149718/JPN/cow/2010/O/SEA/Unknown) is ignored but added at the end
NOTE: LC149617/JPN/cow/2010/O/SEA/Unknown (identical to LC149718/JPN/cow/2010/O/SEA/Unknown) is ignored but added at the end
Alignment was printed to alignments_no_probang_etc\recombinant_free_regions\O\subsamples\sample3\O_1-623_no_probang.uniqueseq.phy

For your convenience alignment with unique sequences printed to alignments_no_probang_etc\recombinant_free_regions\O\subsamples\sample3\O_1-623_no_probang.uniqueseq.phy
Creating fast initial parsimony tree by random order stepwise addition...
0.019 seconds, parsimony score: 1355 (based on 322 sites)
Generating 1000 samples for ultrafast bootstrap (seed: 509449)...

NOTE: 4 MB RAM (0 GB) is required!
Estimate model parameters (epsilon = 0.100)
Thoroughly optimizing +I+G parameters from 10 start values...
Init pinv, alpha: 0.000, 1.000 / Estimate: 0.000, 0.320 / LogL: -7038.699
Init pinv, alpha: 0.059, 1.000 / Estimate: 0.064, 0.372 / LogL: -7039.577
Init pinv, alpha: 0.118, 1.000 / Estimate: 0.131, 0.443 / LogL: -7040.161
Init pinv, alpha: 0.177, 1.000 / Estimate: 0.200, 0.545 / LogL: -7040.198
Init pinv, alpha: 0.236, 1.000 / Estimate: 0.262, 0.676 / LogL: -7039.503
Init pinv, alpha: 0.295, 1.000 / Estimate: 0.371, 1.090 / LogL: -7036.792
Init pinv, alpha: 0.354, 1.000 / Estimate: 0.372, 1.095 / LogL: -7036.775
Init pinv, alpha: 0.413, 1.000 / Estimate: 0.393, 1.234 / LogL: -7036.470
Init pinv, alpha: 0.472, 1.000 / Estimate: 0.410, 1.365 / LogL: -7036.544
Init pinv, alpha: 0.531, 1.000 / Estimate: 0.410, 1.371 / LogL: -7036.561
Optimal pinv,alpha: 0.393, 1.234 / LogL: -7036.470

Parameters optimization took 4.414 sec
Wrote distance file to... 
Computing ML distances based on estimated model parameters...
Calculating distance matrix: done in 0.0892378 secs using 87.55% CPU
Computing ML distances took 0.105313 sec (of wall-clock time) 0.078125 sec (of CPU time)
Setting up auxiliary I and S matrices: done in 0.0002561 secs
Constructing RapidNJ tree: done in 0.0008155 secs
Computing RapidNJ tree took 0.029928 sec (of wall-clock time) 0.015625 sec (of CPU time)
Log-likelihood of RapidNJ tree: -7010.272
--------------------------------------------------------------------
|             INITIALIZING CANDIDATE TREE SET                      |
--------------------------------------------------------------------
Generating 98 parsimony trees... 1.587 second
Computing log-likelihood of 98 initial trees ... 1.546 seconds
Current best score: -6985.690

Do NNI search on 20 best initial trees
Optimizing NNI: done in 0.379314 secs using 98.86% CPU
Estimate model parameters (epsilon = 0.100)
BETTER TREE FOUND at iteration 1: -6976.694
Optimizing NNI: done in 0.534859 secs using 99.33% CPU
Optimizing NNI: done in 0.447371 secs using 94.3% CPU
Optimizing NNI: done in 0.476664 secs using 98.34% CPU
Optimizing NNI: done in 0.377125 secs using 99.44% CPU
Optimizing NNI: done in 0.525526 secs using 95.14% CPU
Optimizing NNI: done in 0.377502 secs using 99.34% CPU
BETTER TREE FOUND at iteration 7: -6976.694
Optimizing NNI: done in 0.423328 secs using 99.66% CPU
Optimizing NNI: done in 0.409927 secs using 102.9% CPU
Estimate model parameters (epsilon = 0.100)
BETTER TREE FOUND at iteration 9: -6976.475
Optimizing NNI: done in 0.433176 secs using 101% CPU
Iteration 10 / LogL: -6980.927 / Time: 0h:0m:12s
Optimizing NNI: done in 0.433935 secs using 100.8% CPU
Optimizing NNI: done in 0.5312 secs using 97.07% CPU
Optimizing NNI: done in 0.490995 secs using 101.8% CPU
Optimizing NNI: done in 0.451789 secs using 100.3% CPU
Optimizing NNI: done in 0.567747 secs using 101.8% CPU
BETTER TREE FOUND at iteration 15: -6976.475
Optimizing NNI: done in 0.428838 secs using 98.38% CPU
Optimizing NNI: done in 0.428434 secs using 87.53% CPU
Optimizing NNI: done in 0.484201 secs using 100% CPU
Optimizing NNI: done in 0.408616 secs using 99.42% CPU
Optimizing NNI: done in 0.374924 secs using 100% CPU
Iteration 20 / LogL: -6988.591 / Time: 0h:0m:17s
Finish initializing candidate tree set (20)
Current best tree score: -6976.475 / CPU time: 12.584
Number of iterations: 20
--------------------------------------------------------------------
|               OPTIMIZING CANDIDATE TREE SET                      |
--------------------------------------------------------------------
Optimizing NNI: done in 0.377723 secs using 99.28% CPU
Optimizing NNI: done in 0.416229 secs using 101.4% CPU
Optimizing NNI: done in 0.370057 secs using 101.3% CPU
Optimizing NNI: done in 0.484612 secs using 99.95% CPU
Optimizing NNI: done in 0.472717 secs using 99.16% CPU
Optimizing NNI: done in 0.493497 secs using 101.3% CPU
Optimizing NNI: done in 0.409924 secs using 99.1% CPU
Optimizing NNI: done in 0.459415 secs using 102% CPU
Optimizing NNI: done in 0.349069 secs using 103% CPU
Optimizing NNI: done in 0.248966 secs using 100.4% CPU
Iteration 30 / LogL: -6982.112 / Time: 0h:0m:21s (0h:1m:3s left)
Optimizing NNI: done in 0.349548 secs using 102.8% CPU
Optimizing NNI: done in 0.285996 secs using 98.34% CPU
Optimizing NNI: done in 0.51591 secs using 99.94% CPU
Optimizing NNI: done in 0.286013 secs using 98.33% CPU
Estimate model parameters (epsilon = 0.100)
BETTER TREE FOUND at iteration 34: -6975.536
Optimizing NNI: done in 0.441911 secs using 99% CPU
Optimizing NNI: done in 0.481714 secs using 100.6% CPU
Optimizing NNI: done in 0.43831 secs using 103.4% CPU
Optimizing NNI: done in 0.395458 secs using 94.83% CPU
Optimizing NNI: done in 0.545161 secs using 100.3% CPU
Optimizing NNI: done in 0.453789 secs using 99.85% CPU
Iteration 40 / LogL: -6975.538 / Time: 0h:0m:26s (0h:1m:3s left)
Optimizing NNI: done in 0.417851 secs using 101% CPU
Optimizing NNI: done in 0.362621 secs using 99.1% CPU
Optimizing NNI: done in 0.408505 secs using 95.62% CPU
Optimizing NNI: done in 0.46106 secs using 98.28% CPU
Optimizing NNI: done in 0.414311 secs using 98.05% CPU
Optimizing NNI: done in 0.337448 secs using 97.24% CPU
Optimizing NNI: done in 0.479109 secs using 97.84% CPU
Optimizing NNI: done in 0.510134 secs using 98.01% CPU
Optimizing NNI: done in 0.458102 secs using 98.91% CPU
Optimizing NNI: done in 0.225299 secs using 104% CPU
Iteration 50 / LogL: -7028.348 / Time: 0h:0m:30s (0h:0m:52s left)
Log-likelihood cutoff on original alignment: -7018.426
Optimizing NNI: done in 0.435709 secs using 100.4% CPU
Optimizing NNI: done in 0.405952 secs using 96.22% CPU
Optimizing NNI: done in 0.474561 secs using 98.78% CPU
Optimizing NNI: done in 0.507824 secs using 101.5% CPU
Optimizing NNI: done in 0.342319 secs using 100.4% CPU
Optimizing NNI: done in 0.40272 secs using 100.9% CPU
Optimizing NNI: done in 0.491158 secs using 92.26% CPU
Optimizing NNI: done in 0.30857 secs using 96.21% CPU
Optimizing NNI: done in 0.431129 secs using 101.5% CPU
BETTER TREE FOUND at iteration 59: -6975.536
Optimizing NNI: done in 0.470413 secs using 96.32% CPU
Iteration 60 / LogL: -6979.620 / Time: 0h:0m:35s (0h:0m:59s left)
Optimizing NNI: done in 0.324882 secs using 101% CPU
Optimizing NNI: done in 0.376925 secs using 99.49% CPU
Optimizing NNI: done in 0.387957 secs using 100.7% CPU
Optimizing NNI: done in 0.537959 secs using 95.85% CPU
Optimizing NNI: done in 0.517636 secs using 99.61% CPU
Optimizing NNI: done in 0.38796 secs using 96.66% CPU
BETTER TREE FOUND at iteration 66: -6975.536
Optimizing NNI: done in 0.524087 secs using 101.4% CPU
Optimizing NNI: done in 0.33417 secs using 98.19% CPU
Optimizing NNI: done in 0.433641 secs using 97.29% CPU
Optimizing NNI: done in 0.360314 secs using 99.74% CPU
Iteration 70 / LogL: -6976.499 / Time: 0h:0m:39s (0h:0m:55s left)
Optimizing NNI: done in 0.434424 secs using 97.11% CPU
Optimizing NNI: done in 0.346685 secs using 99.15% CPU
Optimizing NNI: done in 0.411384 secs using 98.75% CPU
Optimizing NNI: done in 0.463358 secs using 97.79% CPU
Optimizing NNI: done in 0.520488 secs using 99.07% CPU
Optimizing NNI: done in 0.47231 secs using 92.63% CPU
Optimizing NNI: done in 0.337507 secs using 97.22% CPU
Optimizing NNI: done in 0.364248 secs using 98.66% CPU
Optimizing NNI: done in 0.292379 secs using 96.19% CPU
Optimizing NNI: done in 0.434969 secs using 96.99% CPU
Iteration 80 / LogL: -6993.852 / Time: 0h:0m:44s (0h:0m:48s left)
Optimizing NNI: done in 0.368913 secs using 93.18% CPU
Optimizing NNI: done in 0.378477 secs using 94.95% CPU
Optimizing NNI: done in 0.346574 secs using 90.17% CPU
Optimizing NNI: done in 0.530423 secs using 91.32% CPU
Optimizing NNI: done in 0.490248 secs using 86.05% CPU
Optimizing NNI: done in 0.360258 secs using 99.76% CPU
BETTER TREE FOUND at iteration 86: -6975.536
Optimizing NNI: done in 0.519063 secs using 90.31% CPU
Optimizing NNI: done in 0.441856 secs using 88.41% CPU
Optimizing NNI: done in 0.5175 secs using 87.56% CPU
Optimizing NNI: done in 0.579908 secs using 99.69% CPU
Iteration 90 / LogL: -6975.829 / Time: 0h:0m:49s (0h:0m:53s left)
Optimizing NNI: done in 0.483484 secs using 90.49% CPU
BETTER TREE FOUND at iteration 91: -6975.536
Optimizing NNI: done in 0.412072 secs using 87.21% CPU
Optimizing NNI: done in 0.472655 secs using 102.5% CPU
Optimizing NNI: done in 0.546592 secs using 97.19% CPU
Optimizing NNI: done in 0.448588 secs using 101% CPU
Optimizing NNI: done in 0.58968 secs using 87.44% CPU
Optimizing NNI: done in 0.39413 secs using 95.15% CPU
Optimizing NNI: done in 0.497199 secs using 97.42% CPU
Optimizing NNI: done in 0.582286 secs using 102% CPU
Optimizing NNI: done in 0.434475 secs using 97.1% CPU
Iteration 100 / LogL: -6975.536 / Time: 0h:0m:54s (0h:0m:49s left)
Log-likelihood cutoff on original alignment: -7018.426
NOTE: Bootstrap correlation coefficient of split occurrence frequencies: 0.998
Optimizing NNI: done in 0.441651 secs using 99.06% CPU
Optimizing NNI: done in 0.473713 secs using 98.95% CPU
Optimizing NNI: done in 0.461818 secs using 94.73% CPU
Optimizing NNI: done in 0.776646 secs using 98.58% CPU
Optimizing NNI: done in 0.485659 secs using 99.74% CPU
Optimizing NNI: done in 0.494778 secs using 101.1% CPU
Optimizing NNI: done in 0.463969 secs using 101% CPU
Optimizing NNI: done in 0.456716 secs using 99.21% CPU
Optimizing NNI: done in 0.349201 secs using 98.44% CPU
BETTER TREE FOUND at iteration 109: -6975.535
Optimizing NNI: done in 0.327428 secs using 95.44% CPU
Iteration 110 / LogL: -6975.536 / Time: 0h:0m:59s (0h:0m:54s left)
Optimizing NNI: done in 0.434887 secs using 97.01% CPU
Optimizing NNI: done in 0.599178 secs using 99.09% CPU
Optimizing NNI: done in 0.440447 secs using 85.14% CPU
Optimizing NNI: done in 0.511313 secs using 97.79% CPU
Optimizing NNI: done in 0.694081 secs using 96.8% CPU
Optimizing NNI: done in 0.615484 secs using 86.31% CPU
Optimizing NNI: done in 0.384833 secs using 101.5% CPU
Optimizing NNI: done in 0.388181 secs using 100.6% CPU
Optimizing NNI: done in 0.505756 secs using 83.41% CPU
Optimizing NNI: done in 0.476382 secs using 95.12% CPU
Iteration 120 / LogL: -6975.538 / Time: 0h:1m:5s (0h:0m:48s left)
Optimizing NNI: done in 0.523585 secs using 89.53% CPU
Optimizing NNI: done in 0.45716 secs using 88.86% CPU
Optimizing NNI: done in 0.43066 secs using 97.96% CPU
Optimizing NNI: done in 0.421132 secs using 96.47% CPU
Optimizing NNI: done in 0.40173 secs using 97.24% CPU
Optimizing NNI: done in 0.768279 secs using 99.65% CPU
Optimizing NNI: done in 0.437916 secs using 99.91% CPU
Optimizing NNI: done in 0.502515 secs using 102.6% CPU
Optimizing NNI: done in 0.639991 secs using 97.66% CPU
Optimizing NNI: done in 0.489023 secs using 95.85% CPU
Iteration 130 / LogL: -6975.538 / Time: 0h:1m:10s (0h:0m:43s left)
Optimizing NNI: done in 0.423351 secs using 99.65% CPU
Optimizing NNI: done in 0.356823 secs using 96.34% CPU
Optimizing NNI: done in 0.504114 secs using 102.3% CPU
Optimizing NNI: done in 0.504365 secs using 102.2% CPU
Optimizing NNI: done in 0.522372 secs using 98.71% CPU
Optimizing NNI: done in 0.301339 secs using 103.7% CPU
Optimizing NNI: done in 0.377739 secs using 91% CPU
Optimizing NNI: done in 0.511285 secs using 94.74% CPU
Optimizing NNI: done in 0.466033 secs using 97.23% CPU
Optimizing NNI: done in 0.418481 secs using 100.8% CPU
BETTER TREE FOUND at iteration 140: -6975.535
Iteration 140 / LogL: -6975.535 / Time: 0h:1m:15s (0h:0m:54s left)
Optimizing NNI: done in 0.42631 secs using 91.63% CPU
Optimizing NNI: done in 0.377583 secs using 99.32% CPU
Optimizing NNI: done in 0.371365 secs using 101% CPU
Optimizing NNI: done in 0.47352 secs using 95.69% CPU
Optimizing NNI: done in 0.416621 secs using 86.26% CPU
Optimizing NNI: done in 0.411142 secs using 98.81% CPU
Optimizing NNI: done in 0.364777 secs using 98.52% CPU
Optimizing NNI: done in 0.546791 secs using 100% CPU
Optimizing NNI: done in 0.434114 secs using 100.8% CPU
Optimizing NNI: done in 0.436089 secs using 100.3% CPU
Iteration 150 / LogL: -6975.538 / Time: 0h:1m:19s (0h:0m:48s left)
Log-likelihood cutoff on original alignment: -7018.426
Optimizing NNI: done in 0.453239 secs using 99.97% CPU
Optimizing NNI: done in 0.581607 secs using 99.4% CPU
Optimizing NNI: done in 0.43364 secs using 97.29% CPU
Optimizing NNI: done in 0.454057 secs using 99.79% CPU
Optimizing NNI: done in 0.399504 secs using 101.7% CPU
Optimizing NNI: done in 0.511133 secs using 97.82% CPU
Optimizing NNI: done in 0.514379 secs using 100.2% CPU
Optimizing NNI: done in 0.380425 secs using 102.7% CPU
Optimizing NNI: done in 0.538239 secs using 95.8% CPU
Optimizing NNI: done in 0.352848 secs using 97.42% CPU
Iteration 160 / LogL: -6975.535 / Time: 0h:1m:25s (0h:0m:42s left)
Optimizing NNI: done in 0.306905 secs using 101.8% CPU
Optimizing NNI: done in 0.621346 secs using 100.6% CPU
Optimizing NNI: done in 0.351666 secs using 97.75% CPU
Optimizing NNI: done in 0.568061 secs using 101.8% CPU
Optimizing NNI: done in 0.514107 secs using 100.3% CPU
Optimizing NNI: done in 0.455156 secs using 99.55% CPU
Optimizing NNI: done in 0.421665 secs using 100% CPU
Optimizing NNI: done in 0.461997 secs using 91.32% CPU
Optimizing NNI: done in 0.465857 secs using 100.6% CPU
Optimizing NNI: done in 0.344016 secs using 99.92% CPU
Iteration 170 / LogL: -6975.536 / Time: 0h:1m:30s (0h:0m:37s left)
Optimizing NNI: done in 0.329145 secs using 99.69% CPU
Optimizing NNI: done in 0.327309 secs using 95.48% CPU
Optimizing NNI: done in 0.491062 secs using 98.64% CPU
Optimizing NNI: done in 0.478609 secs using 101.2% CPU
Optimizing NNI: done in 0.337144 secs using 97.32% CPU
Optimizing NNI: done in 0.325067 secs using 100.9% CPU
Optimizing NNI: done in 0.476472 secs using 98.38% CPU
Optimizing NNI: done in 0.320162 secs using 102.5% CPU
Optimizing NNI: done in 0.466518 secs using 100.5% CPU
Optimizing NNI: done in 0.336928 secs using 97.39% CPU
Iteration 180 / LogL: -6987.878 / Time: 0h:1m:34s (0h:0m:31s left)
Optimizing NNI: done in 0.517458 secs using 99.65% CPU
Optimizing NNI: done in 0.427705 secs using 98.64% CPU
Optimizing NNI: done in 0.406596 secs using 99.91% CPU
Optimizing NNI: done in 0.418095 secs using 97.17% CPU
Optimizing NNI: done in 0.310545 secs using 100.6% CPU
Optimizing NNI: done in 0.443585 secs using 98.63% CPU
Optimizing NNI: done in 0.417494 secs using 101% CPU
Optimizing NNI: done in 0.378074 secs using 103.3% CPU
Optimizing NNI: done in 0.350116 secs using 98.18% CPU
Optimizing NNI: done in 0.4093 secs using 99.25% CPU
BETTER TREE FOUND at iteration 190: -6975.535
Iteration 190 / LogL: -6975.535 / Time: 0h:1m:38s (0h:0m:52s left)
Optimizing NNI: done in 0.379189 secs using 98.9% CPU
Optimizing NNI: done in 0.484242 secs using 100% CPU
Optimizing NNI: done in 0.414005 secs using 101.9% CPU
Optimizing NNI: done in 0.294835 secs using 100.7% CPU
Optimizing NNI: done in 0.37238 secs using 100.7% CPU
Optimizing NNI: done in 0.460374 secs using 98.43% CPU
Optimizing NNI: done in 0.51619 secs using 102.9% CPU
Optimizing NNI: done in 0.431853 secs using 101.3% CPU
Optimizing NNI: done in 0.424883 secs using 99.29% CPU
Optimizing NNI: done in 0.321043 secs using 92.47% CPU
Iteration 200 / LogL: -6976.094 / Time: 0h:1m:43s (0h:0m:46s left)
Log-likelihood cutoff on original alignment: -7018.426
NOTE: Bootstrap correlation coefficient of split occurrence frequencies: 0.999
Optimizing NNI: done in 0.464729 secs using 100.9% CPU
UPDATE BEST LOG-LIKELIHOOD: -6975.535
Optimizing NNI: done in 0.343184 secs using 100.2% CPU
Optimizing NNI: done in 0.440142 secs using 99.4% CPU
Optimizing NNI: done in 0.459066 secs using 102.1% CPU
Optimizing NNI: done in 0.519622 secs using 99.23% CPU
Optimizing NNI: done in 0.546393 secs using 94.37% CPU
Optimizing NNI: done in 0.60613 secs using 95.38% CPU
Optimizing NNI: done in 0.495447 secs using 91.46% CPU
Optimizing NNI: done in 0.664709 secs using 96.38% CPU
Optimizing NNI: done in 0.462059 secs using 87.92% CPU
Iteration 210 / LogL: -6975.614 / Time: 0h:1m:49s (0h:0m:46s left)
Optimizing NNI: done in 0.467792 secs using 93.52% CPU
Optimizing NNI: done in 0.571921 secs using 95.62% CPU
Optimizing NNI: done in 0.410755 secs using 98.9% CPU
Optimizing NNI: done in 0.377529 secs using 95.19% CPU
Optimizing NNI: done in 0.43832 secs using 99.81% CPU
Optimizing NNI: done in 0.399535 secs using 93.86% CPU
Optimizing NNI: done in 0.556253 secs using 95.51% CPU
Optimizing NNI: done in 0.497077 secs using 94.3% CPU
Optimizing NNI: done in 0.447374 secs using 87.32% CPU
Optimizing NNI: done in 0.409094 secs using 99.3% CPU
Iteration 220 / LogL: -6975.538 / Time: 0h:1m:53s (0h:0m:41s left)
Optimizing NNI: done in 0.436994 secs using 100.1% CPU
Optimizing NNI: done in 0.423367 secs using 95.96% CPU
Optimizing NNI: done in 0.537991 secs using 92.94% CPU
Optimizing NNI: done in 0.475036 secs using 98.68% CPU
Optimizing NNI: done in 0.346453 secs using 103.7% CPU
Optimizing NNI: done in 0.30956 secs using 100.9% CPU
Optimizing NNI: done in 0.428963 secs using 102% CPU
Optimizing NNI: done in 0.577015 secs using 97.48% CPU
Optimizing NNI: done in 0.400746 secs using 89.68% CPU
Optimizing NNI: done in 0.590862 secs using 84.62% CPU
Iteration 230 / LogL: -6976.272 / Time: 0h:1m:58s (0h:0m:36s left)
Optimizing NNI: done in 0.545506 secs using 88.79% CPU
Optimizing NNI: done in 0.484065 secs using 100.1% CPU
Optimizing NNI: done in 0.398867 secs using 101.9% CPU
Optimizing NNI: done in 0.385708 secs using 93.17% CPU
Optimizing NNI: done in 0.447298 secs using 101.3% CPU
Optimizing NNI: done in 0.443393 secs using 84.58% CPU
Optimizing NNI: done in 0.382809 secs using 97.96% CPU
Optimizing NNI: done in 0.364069 secs using 103% CPU
Optimizing NNI: done in 0.401797 secs using 97.22% CPU
Optimizing NNI: done in 0.573187 secs using 98.14% CPU
Iteration 240 / LogL: -6975.537 / Time: 0h:2m:3s (0h:0m:31s left)
Optimizing NNI: done in 0.438505 secs using 99.77% CPU
Optimizing NNI: done in 0.326835 secs using 100.4% CPU
Optimizing NNI: done in 0.489867 secs using 102.1% CPU
Optimizing NNI: done in 0.430244 secs using 98.05% CPU
Optimizing NNI: done in 0.422628 secs using 96.12% CPU
Optimizing NNI: done in 0.410772 secs using 98.9% CPU
Optimizing NNI: done in 0.386054 secs using 101.2% CPU
Optimizing NNI: done in 0.603805 secs using 98.33% CPU
Optimizing NNI: done in 0.498446 secs using 90.91% CPU
Optimizing NNI: done in 0.499 secs using 97.07% CPU
Iteration 250 / LogL: -6975.536 / Time: 0h:2m:8s (0h:0m:25s left)
Log-likelihood cutoff on original alignment: -7018.426
Optimizing NNI: done in 0.476401 secs using 98.39% CPU
Optimizing NNI: done in 0.428368 secs using 98.48% CPU
Optimizing NNI: done in 0.432959 secs using 97.44% CPU
Optimizing NNI: done in 0.559489 secs using 100.5% CPU
Optimizing NNI: done in 0.35888 secs using 100.1% CPU
Optimizing NNI: done in 0.423271 secs using 103.4% CPU
Optimizing NNI: done in 0.260658 secs using 95.91% CPU
Optimizing NNI: done in 0.500196 secs using 96.84% CPU
Optimizing NNI: done in 0.268233 secs using 99.03% CPU
Optimizing NNI: done in 0.347757 secs using 98.85% CPU
Iteration 260 / LogL: -6975.538 / Time: 0h:2m:13s (0h:0m:20s left)
Optimizing NNI: done in 0.399389 secs using 97.81% CPU
Optimizing NNI: done in 0.400773 secs using 97.47% CPU
Optimizing NNI: done in 0.520395 secs using 96.08% CPU
Optimizing NNI: done in 0.446264 secs using 98.04% CPU
Optimizing NNI: done in 0.375057 secs using 99.98% CPU
Optimizing NNI: done in 0.326591 secs using 100.5% CPU
Optimizing NNI: done in 0.483235 secs using 93.77% CPU
Optimizing NNI: done in 0.48156 secs using 100.6% CPU
Optimizing NNI: done in 0.53161 secs using 99.93% CPU
Optimizing NNI: done in 0.40598 secs using 100.1% CPU
Iteration 270 / LogL: -6985.739 / Time: 0h:2m:18s (0h:0m:15s left)
Optimizing NNI: done in 0.553366 secs using 101.7% CPU
Optimizing NNI: done in 0.510291 secs using 101% CPU
Optimizing NNI: done in 0.490716 secs using 98.71% CPU
Optimizing NNI: done in 0.475737 secs using 95.25% CPU
Optimizing NNI: done in 0.387978 secs using 92.63% CPU
Optimizing NNI: done in 0.421476 secs using 100.1% CPU
Optimizing NNI: done in 0.414413 secs using 98.03% CPU
Optimizing NNI: done in 0.375642 secs using 87.35% CPU
Optimizing NNI: done in 0.483989 secs using 96.85% CPU
Optimizing NNI: done in 0.39845 secs using 102% CPU
Iteration 280 / LogL: -6976.269 / Time: 0h:2m:23s (0h:0m:10s left)
Optimizing NNI: done in 0.387871 secs using 100.7% CPU
Optimizing NNI: done in 0.374132 secs using 96.06% CPU
Optimizing NNI: done in 0.467796 secs using 100.2% CPU
Optimizing NNI: done in 0.345969 secs using 99.36% CPU
Optimizing NNI: done in 0.544985 secs using 100.3% CPU
Optimizing NNI: done in 0.466439 secs using 97.15% CPU
Optimizing NNI: done in 0.580103 secs using 94.27% CPU
Optimizing NNI: done in 0.51028 secs using 91.86% CPU
Optimizing NNI: done in 0.376897 secs using 99.5% CPU
Optimizing NNI: done in 0.418122 secs using 100.9% CPU
Iteration 290 / LogL: -6975.855 / Time: 0h:2m:28s (0h:0m:5s left)
Optimizing NNI: done in 0.427652 secs using 95% CPU
TREE SEARCH COMPLETED AFTER 291 ITERATIONS / Time: 0h:2m:28s

--------------------------------------------------------------------
|                    FINALIZING TREE SEARCH                        |
--------------------------------------------------------------------
Performs final model parameters optimization
Estimate model parameters (epsilon = 0.010)
1. Initial log-likelihood: -6975.535
Optimal log-likelihood: -6975.532
Rate parameters:  A-C: 1.27781  A-G: 9.80855  A-T: 0.93236  C-G: 0.57876  C-T: 14.58138  G-T: 1.00000
Base frequencies:  A: 0.256  C: 0.271  G: 0.249  T: 0.225
Proportion of invariable sites: 0.389
Gamma shape alpha: 1.196
Parameters optimization took 1 rounds (0.069 sec)
BEST SCORE FOUND : -6975.532
Creating bootstrap support values...
Split supports printed to NEXUS file alignments_no_probang_etc\recombinant_free_regions\O\subsamples\sample3\O_1-623_no_probang.splits.nex
Total tree length: 2.575

Total number of iterations: 291
CPU time used for tree search: 139.141 sec (0h:2m:19s)
Wall-clock time used for tree search: 143.859 sec (0h:2m:23s)
Total CPU time used: 144.359 sec (0h:2m:24s)
Total wall-clock time used: 149.367 sec (0h:2m:29s)

Computing bootstrap consensus tree...
Reading input file alignments_no_probang_etc\recombinant_free_regions\O\subsamples\sample3\O_1-623_no_probang.splits.nex...
78 taxa and 556 splits.
Consensus tree written to alignments_no_probang_etc\recombinant_free_regions\O\subsamples\sample3\O_1-623_no_probang.contree
Reading input trees file alignments_no_probang_etc\recombinant_free_regions\O\subsamples\sample3\O_1-623_no_probang.contree
Log-likelihood of consensus tree: -6975.544

Analysis results written to: 
  IQ-TREE report:                alignments_no_probang_etc\recombinant_free_regions\O\subsamples\sample3\O_1-623_no_probang.iqtree
  Maximum-likelihood tree:       alignments_no_probang_etc\recombinant_free_regions\O\subsamples\sample3\O_1-623_no_probang.treefile
  Likelihood distances:          alignments_no_probang_etc\recombinant_free_regions\O\subsamples\sample3\O_1-623_no_probang.mldist

Ultrafast bootstrap approximation results written to:
  Split support values:          alignments_no_probang_etc\recombinant_free_regions\O\subsamples\sample3\O_1-623_no_probang.splits.nex
  Consensus tree:                alignments_no_probang_etc\recombinant_free_regions\O\subsamples\sample3\O_1-623_no_probang.contree
  Screen log file:               alignments_no_probang_etc\recombinant_free_regions\O\subsamples\sample3\O_1-623_no_probang.log

Date and Time: Thu Jan 15 15:23:21 2026
