IQ-TREE version 3.0.1 for Windows 64-bit built May  5 2025
Developed by Bui Quang Minh, Thomas Wong, Nhan Ly-Trong, Huaiyan Ren
Contributed by Lam-Tung Nguyen, Dominik Schrempf, Chris Bielow,
Olga Chernomor, Michael Woodhams, Diep Thi Hoang, Heiko Schmidt

Host:    DESKTOP-IAVMJI2 (AVX2, FMA3, 7 GB RAM)
Command: bin/iqtree3.exe -s alignments_no_probang_etc\recombinant_free_regions\O\subsamples\sample3\O_3109-4869_no_probang.fasta -bb 1000 -m GTR+F+I+G -pre alignments_no_probang_etc\recombinant_free_regions\O\subsamples\sample3\O_3109-4869_no_probang
Seed:    889968 (Using SPRNG - Scalable Parallel Random Number Generator)
Time:    Thu Jan 15 15:23:21 2026
Kernel:  AVX+FMA - 1 threads (8 CPU cores detected)

HINT: Use -nt option to specify number of threads because your CPU has 8 cores!
HINT: -nt AUTO will automatically determine the best number of threads to use.

Reading alignment file alignments_no_probang_etc\recombinant_free_regions\O\subsamples\sample3\O_3109-4869_no_probang.fasta ... Fasta format detected
Reading fasta file: done in 0.0059609 secs
Alignment most likely contains DNA/RNA sequences
Constructing alignment: done in 0.003701 secs using 422.2% CPU
WARNING: 24 sites contain only gaps or ambiguous characters.
Alignment has 80 sequences with 1791 columns, 712 distinct patterns
582 parsimony-informative, 173 singleton sites, 1036 constant sites
                                                   Gap/Ambiguity  Composition  p-value
Analyzing sequences: done in 0.000281 secs
   1  KC440883/EGY/Unknown/2011/O/ME-SA/PanAsia-2          1.68%    passed     81.78%
   2  HM229661/HKG/pig/2010/O/SEA/Unknown                  1.68%    passed     95.49%
   3  JQ900581/CHN/pig/2010/O/SEA/Unknown                  1.68%    passed     93.26%
   4  OQ211403/ISR/cattle/2007/O/ME-SA/PanAsia-2           1.68%    passed     90.39%
   5  OQ211392/ISR/cattle/2007/O/ME-SA/PanAsia-2           1.68%    passed     97.21%
   6  OQ211386/ISR/cattle/2007/O/ME-SA/PanAsia-2           1.68%    passed     98.17%
   7  OQ211377/ISR/cattle/2007/O/ME-SA/PanAsia-2           1.68%    passed     93.33%
   8  OQ211372/ISR/goat/2007/O/ME-SA/PanAsia-2             1.68%    passed     89.87%
   9  OP957418/BGD/cattle/2021/O/ME-SA/PanAsia-2           1.68%    passed     99.61%
  10  ON868620/VNM/pig/2019/O/SEA/Unknown                  1.68%    passed     84.23%
  11  ON868618/VNM/pig/2019/O/SEA/Unknown                  1.68%    passed     92.97%
  12  ON868616/VNM/pig/2018/O/SEA/Unknown                  1.68%    passed     87.66%
  13  ON868613/VNM/pig/2019/O/SEA/Unknown                  1.68%    passed     82.61%
  14  ON868611/VNM/pig/2018/O/SEA/Unknown                  1.68%    passed     86.69%
  15  ON868547/VNM/cow/2018/O/ME-SA/Unknown                1.68%    passed     95.91%
  16  OP751924/IDN/cattle/2022/O/ME-SA/Unknown             1.68%    passed     97.85%
  17  ON736860/UGA/cow/2015/O/EA-2/Unknown                 1.34%    passed     93.05%
  18  OP585403/IDN/cattle/2022/O/ME-SA/Unknown             1.68%    passed     98.52%
  19  OM160625/DZA/sheep/2015/O/ME-SA/Ind-2001d            1.68%    passed     92.40%
  20  OM456137/PAK/cattle/2012/O/ME-SA/PanAsia-2           1.68%    passed     99.89%
  21  OM456134/PAK/cattle/2012/O/ME-SA/PanAsia-2           1.68%    passed     98.37%
  22  OK019689/IRN/cow/2016/O/ME-SA/PanAsia-2              1.68%    passed     87.51%
  23  MN389541/CHN/pig/2010/O/SEA/Unknown                  1.68%    passed     94.44%
  24  MN095366/IND/cattle/2014/O/ME-SA/Ind-2001d           1.68%    passed     69.20%
  25  NC_039210/GBR/Unknown/1965/O/EURO-SA/Unknown         1.68%    passed     87.06%
  26  MK071699/BGD/cattle/2013/O/ME-SA/Unknown             1.68%    passed     90.18%
  27  MH845413/VNM/pig/2014/O/SEA/Unknown                  1.68%    passed     98.32%
  28  MF947127/VNM/buffalo/2012/O/ME-SA/Unknown            1.68%    passed     91.81%
  29  MH891503/VNM/cow/2017/O/ME-SA/Unknown                1.68%    passed     93.26%
  30  MG983734/LKA/water-buffalo/2014/O/ME-SA/Ind-2001d    1.68%    passed     69.98%
  31  MG983726/SAU/cattle/2014/O/ME-SA/Ind-2001d           1.68%    passed     90.29%
  32  MG983725/SAU/cattle/2014/O/ME-SA/Ind-2001d           1.68%    passed     91.23%
  33  MG983709/NPL/cattle/2012/O/ME-SA/Ind-2001d           1.68%    passed     87.19%
  34  MG983702/MUS/cattle/2016/O/ME-SA/Unknown             1.68%    passed     86.57%
  35  MF461724/CHN/cattle/2017/O/ME-SA/Unknown             1.68%    passed     91.34%
  36  LC320038/MNG/cow/2015/O/ME-SA/Unknown                1.68%    passed     97.33%
  37  KX534089/KOR/pig/2016/O/SEA/Unknown                  1.68%    passed     92.06%
  38  LC149718/JPN/cow/2010/O/SEA/Unknown                  1.68%    passed     98.69%
  39  LC149704/JPN/cow/2010/O/SEA/Unknown                  1.68%    passed     98.49%
  40  LC149700/JPN/cow/2010/O/SEA/Unknown                  1.68%    passed     98.92%
  41  LC149686/JPN/cow/2010/O/SEA/Unknown                  1.68%    passed     98.92%
  42  LC149685/JPN/cow/2010/O/SEA/Unknown                  1.68%    passed     98.49%
  43  LC149674/JPN/cow/2010/O/SEA/Unknown                  1.68%    passed     99.42%
  44  LC149665/JPN/cow/2010/O/SEA/Unknown                  1.68%    passed     99.02%
  45  LC149627/JPN/pig/2010/O/SEA/Unknown                  1.68%    passed     98.92%
  46  LC149617/JPN/cow/2010/O/SEA/Unknown                  1.68%    passed     99.02%
  47  KY446903/PAK/water-buffalo/2005/O/ME-SA/Unknown      1.68%    passed     91.06%
  48  KY657269/VNM/pig/2015/O/ME-SA/Ind-2001d              1.68%    passed     62.76%
  49  KX712091/BGD/pig/2015/O/ME-SA/Unknown                1.68%    passed     95.05%
  50  KX162590/KOR/pig/2014/O/SEA/Unknown                  1.68%    passed     97.90%
  51  KU726614/GRC/sheep/1994/O/ME-SA/Unknown              1.68%    passed     92.45%
  52  KU821591/ZMB/cow/2010/O/EA-2/Unknown                 1.68%    passed     93.12%
  53  KU291242/MAR/cow/2015/O/ME-SA/Ind-2001d              1.68%    passed     91.90%
  54  KP940473/EGY/cattle/2014/O/ME-SA/Unknown             1.68%    passed     99.16%
  55  HQ268524/BTN/Unknown/2004/O/ME-SA/PanAsia-2          1.68%    passed     97.62%
  56  KM268895/TUR/cattle/2013/O/ME-SA/PanAsia-2           1.68%    passed     79.91%
  57  JX869181/GBR/cattle/1967/O/EURO-SA/Unknown           1.68%    passed     91.45%
  58  KF985189/BGD/cattle/2013/O/ME-SA/Unknown             1.68%    passed     92.58%
  59  KF694736/KOR/pig/2002/O/ME-SA/PanAsia                1.68%    passed     99.88%
  60  KF112881/MNG/cattle/2010/O/SEA/Mya-98                1.68%    passed     96.60%
  61  JX040490/BGR/cattle/2011/O/ME-SA/PanAsia-2           1.68%    passed     99.83%
  62  HQ113232/PAK/cow/2009/O/ME-SA/PanAsia-2              1.68%    passed     94.08%
  63  HM191257/UGA/cow/2006/O/EA-2/Unknown                 1.68%    passed     83.57%
  64  HM055510/VNM/Unknown/2009/O/SEA/Unknown              1.68%    passed     99.61%
  65  EU214601/GBR/sheep/2001/O/ME-SA/PanAsia              1.68%    passed     99.27%
  66  EF614457/KOR/cattle/2002/O/ME-SA/PanAsia             1.68%    passed     99.90%
  67  AY593833/TWN/Unknown/1999/O/CATHAY/Unknown           3.35%    passed     47.16%
  68  AY593817/BEL/Unknown/1973/O/EURO-SA/Unknown          1.68%    passed     97.01%
  69  AF511039/CHN/Unknown/1958/O/CATHAY/Unknown           1.68%    passed     95.35%
  70  EF175732/CHN/Unknown/1999/O/CATHAY/Unknown           3.35%    passed     39.73%
  71  DQ404177/GBR/pig/2001/O/ME-SA/PanAsia                1.68%    passed     99.64%
  72  DQ404169/GBR/sheep/2001/O/ME-SA/PanAsia              1.68%    passed     99.64%
  73  AF026168/TWN/Unknown/1997/O/CATHAY/Unknown           3.52%    passed     58.02%
  74  AB079061/JPN/Unknown/2000/O/ME-SA/PanAsia            1.68%    passed     98.51%
  75  AJ633821/FRA/Unknown/2001/O/ME-SA/PanAsia            1.68%    passed     99.61%
  76  AY317098/HKG/Unknown/2002/O/CATHAY/Unknown           3.35%    passed     31.66%
  77  EU400597/CHN/Unknown/2001/O/CATHAY/Unknown           3.35%    passed     34.94%
  78  AY686687/Unknown/Unknown/2001/O/CATHAY/Unknown       3.35%    passed     18.15%
  79  AF377945/Unknown/Unknown/2000/O/ME-SA/PanAsia        1.68%    passed     94.48%
  80  EF552688/GBR/sheep/2001/O/ME-SA/PanAsia              1.68%    passed     99.75%
****  TOTAL                                                1.80%  0 sequences failed composition chi2 test (p-value<5%; df=3)
NOTE: LC149686/JPN/cow/2010/O/SEA/Unknown is identical to LC149700/JPN/cow/2010/O/SEA/Unknown but kept for subsequent analysis
Checking for duplicate sequences: done in 0.0083426 secs
Identifying sites to remove: done in 0.0049599 secs
NOTE: 1 identical sequences (see below) will be ignored for subsequent analysis
NOTE: LC149627/JPN/pig/2010/O/SEA/Unknown (identical to LC149700/JPN/cow/2010/O/SEA/Unknown) is ignored but added at the end
Alignment was printed to alignments_no_probang_etc\recombinant_free_regions\O\subsamples\sample3\O_3109-4869_no_probang.uniqueseq.phy

For your convenience alignment with unique sequences printed to alignments_no_probang_etc\recombinant_free_regions\O\subsamples\sample3\O_3109-4869_no_probang.uniqueseq.phy
Creating fast initial parsimony tree by random order stepwise addition...
0.024 seconds, parsimony score: 2900 (based on 755 sites)
Generating 1000 samples for ultrafast bootstrap (seed: 889968)...

NOTE: 10 MB RAM (0 GB) is required!
Estimate model parameters (epsilon = 0.100)
Thoroughly optimizing +I+G parameters from 10 start values...
Init pinv, alpha: 0.000, 1.000 / Estimate: 0.000, 0.274 / LogL: -16237.452
Init pinv, alpha: 0.064, 1.000 / Estimate: 0.409, 0.681 / LogL: -16185.409
Init pinv, alpha: 0.129, 1.000 / Estimate: 0.411, 0.686 / LogL: -16185.351
Init pinv, alpha: 0.193, 1.000 / Estimate: 0.410, 0.682 / LogL: -16185.398
Init pinv, alpha: 0.257, 1.000 / Estimate: 0.410, 0.684 / LogL: -16185.377
Init pinv, alpha: 0.321, 1.000 / Estimate: 0.409, 0.679 / LogL: -16185.421
Init pinv, alpha: 0.386, 1.000 / Estimate: 0.410, 0.682 / LogL: -16185.394
Init pinv, alpha: 0.450, 1.000 / Estimate: 0.439, 0.771 / LogL: -16185.189
Init pinv, alpha: 0.514, 1.000 / Estimate: 0.443, 0.784 / LogL: -16185.269
Init pinv, alpha: 0.578, 1.000 / Estimate: 0.444, 0.787 / LogL: -16185.298
Optimal pinv,alpha: 0.439, 0.771 / LogL: -16185.189

Parameters optimization took 23.242 sec
Wrote distance file to... 
Computing ML distances based on estimated model parameters...
Calculating distance matrix: done in 0.0754325 secs using 103.6% CPU
Computing ML distances took 0.083349 sec (of wall-clock time) 0.078125 sec (of CPU time)
Setting up auxiliary I and S matrices: done in 0.0002623 secs
Constructing RapidNJ tree: done in 0.0008522 secs
Computing RapidNJ tree took 0.011216 sec (of wall-clock time) 0.000000 sec (of CPU time)
Log-likelihood of RapidNJ tree: -16163.568
--------------------------------------------------------------------
|             INITIALIZING CANDIDATE TREE SET                      |
--------------------------------------------------------------------
Generating 98 parsimony trees... 1.941 second
Computing log-likelihood of 98 initial trees ... 3.118 seconds
Current best score: -16132.610

Do NNI search on 20 best initial trees
Optimizing NNI: done in 0.84436 secs using 98.08% CPU
Estimate model parameters (epsilon = 0.100)
BETTER TREE FOUND at iteration 1: -16097.850
Optimizing NNI: done in 0.860356 secs using 96.25% CPU
Optimizing NNI: done in 0.738598 secs using 99.43% CPU
Optimizing NNI: done in 0.927323 secs using 99.41% CPU
Optimizing NNI: done in 0.983138 secs using 100.1% CPU
Estimate model parameters (epsilon = 0.100)
BETTER TREE FOUND at iteration 5: -16095.234
Optimizing NNI: done in 1.11658 secs using 97.96% CPU
Estimate model parameters (epsilon = 0.100)
BETTER TREE FOUND at iteration 6: -16094.092
Optimizing NNI: done in 0.64069 secs using 95.11% CPU
Optimizing NNI: done in 0.952402 secs using 100.1% CPU
Optimizing NNI: done in 0.958514 secs using 96.18% CPU
Optimizing NNI: done in 0.848553 secs using 99.43% CPU
Iteration 10 / LogL: -16100.516 / Time: 0h:0m:38s
Optimizing NNI: done in 1.21576 secs using 97.68% CPU
Optimizing NNI: done in 0.872975 secs using 96.65% CPU
Optimizing NNI: done in 0.976553 secs using 97.6% CPU
Optimizing NNI: done in 0.956887 secs using 96.34% CPU
Optimizing NNI: done in 0.922213 secs using 96.57% CPU
Optimizing NNI: done in 1.02612 secs using 97.45% CPU
Optimizing NNI: done in 0.864712 secs using 97.58% CPU
Optimizing NNI: done in 0.916482 secs using 97.18% CPU
Optimizing NNI: done in 1.3734 secs using 95.57% CPU
Optimizing NNI: done in 1.06806 secs using 98.02% CPU
Iteration 20 / LogL: -16123.374 / Time: 0h:0m:48s
Finish initializing candidate tree set (20)
Current best tree score: -16094.092 / CPU time: 25.038
Number of iterations: 20
--------------------------------------------------------------------
|               OPTIMIZING CANDIDATE TREE SET                      |
--------------------------------------------------------------------
Optimizing NNI: done in 0.856839 secs using 98.47% CPU
Optimizing NNI: done in 1.3772 secs using 94.17% CPU
Estimate model parameters (epsilon = 0.100)
BETTER TREE FOUND at iteration 22: -16092.188
Optimizing NNI: done in 1.30203 secs using 93.6% CPU
Estimate model parameters (epsilon = 0.100)
BETTER TREE FOUND at iteration 23: -16088.340
Optimizing NNI: done in 0.901157 secs using 97.1% CPU
Optimizing NNI: done in 0.860636 secs using 99.85% CPU
Optimizing NNI: done in 0.618162 secs using 101.1% CPU
Optimizing NNI: done in 0.993929 secs using 91.18% CPU
Optimizing NNI: done in 1.18131 secs using 93.91% CPU
Optimizing NNI: done in 0.796159 secs using 96.16% CPU
BETTER TREE FOUND at iteration 29: -16088.340
Optimizing NNI: done in 0.997287 secs using 100.3% CPU
Iteration 30 / LogL: -16092.237 / Time: 0h:0m:59s (0h:3m:22s left)
Optimizing NNI: done in 0.75559 secs using 99.26% CPU
Optimizing NNI: done in 0.812451 secs using 100% CPU
Optimizing NNI: done in 0.889857 secs using 98.33% CPU
Optimizing NNI: done in 0.941401 secs using 96.27% CPU
Optimizing NNI: done in 0.614626 secs using 94.06% CPU
Optimizing NNI: done in 0.774858 secs using 96.79% CPU
Optimizing NNI: done in 0.993798 secs using 95.91% CPU
Optimizing NNI: done in 0.795037 secs using 100.2% CPU
BETTER TREE FOUND at iteration 38: -16088.338
Optimizing NNI: done in 0.816116 secs using 95.73% CPU
Optimizing NNI: done in 1.00274 secs using 98.17% CPU
Iteration 40 / LogL: -16088.339 / Time: 0h:1m:8s (0h:2m:51s left)
Optimizing NNI: done in 0.819753 secs using 99.12% CPU
Optimizing NNI: done in 0.870178 secs using 96.96% CPU
Optimizing NNI: done in 0.692238 secs using 99.32% CPU
BETTER TREE FOUND at iteration 43: -16088.338
Optimizing NNI: done in 0.834918 secs using 99.19% CPU
Optimizing NNI: done in 0.653445 secs using 95.65% CPU
Optimizing NNI: done in 1.08326 secs using 98.08% CPU
Optimizing NNI: done in 0.871028 secs using 100.5% CPU
Optimizing NNI: done in 0.907185 secs using 98.17% CPU
Optimizing NNI: done in 0.86883 secs using 93.52% CPU
Optimizing NNI: done in 0.957607 secs using 96.27% CPU
Iteration 50 / LogL: -16088.911 / Time: 0h:1m:17s (0h:2m:26s left)
Log-likelihood cutoff on original alignment: -16144.027
Optimizing NNI: done in 1.09572 secs using 99.82% CPU
Optimizing NNI: done in 0.953575 secs using 98.31% CPU
Optimizing NNI: done in 1.15913 secs using 93.01% CPU
Optimizing NNI: done in 0.77523 secs using 96.75% CPU
Optimizing NNI: done in 0.905171 secs using 89.76% CPU
Optimizing NNI: done in 1.08923 secs using 96.11% CPU
Optimizing NNI: done in 0.869255 secs using 86.28% CPU
Optimizing NNI: done in 1.01516 secs using 93.89% CPU
Optimizing NNI: done in 0.996012 secs using 94.13% CPU
Optimizing NNI: done in 0.70814 secs using 97.09% CPU
Iteration 60 / LogL: -16161.124 / Time: 0h:1m:27s (0h:2m:3s left)
Optimizing NNI: done in 1.05389 secs using 99.33% CPU
Optimizing NNI: done in 0.996788 secs using 94.05% CPU
Optimizing NNI: done in 1.2284 secs using 95.4% CPU
Optimizing NNI: done in 0.669545 secs using 88.68% CPU
Optimizing NNI: done in 0.771615 secs using 95.17% CPU
Optimizing NNI: done in 0.925605 secs using 96.22% CPU
Optimizing NNI: done in 1.09536 secs using 98.43% CPU
Optimizing NNI: done in 1.43391 secs using 94.8% CPU
Optimizing NNI: done in 1.02044 secs using 96.47% CPU
Optimizing NNI: done in 0.900419 secs using 91.97% CPU
Iteration 70 / LogL: -16088.340 / Time: 0h:1m:38s (0h:1m:43s left)
Optimizing NNI: done in 0.741228 secs using 99.08% CPU
Optimizing NNI: done in 0.80216 secs using 97.39% CPU
Optimizing NNI: done in 0.851583 secs using 99.08% CPU
Optimizing NNI: done in 0.773408 secs using 96.97% CPU
Optimizing NNI: done in 0.683829 secs using 98.25% CPU
Optimizing NNI: done in 0.702593 secs using 100.1% CPU
Optimizing NNI: done in 0.820472 secs using 97.12% CPU
Optimizing NNI: done in 0.770237 secs using 93.32% CPU
Optimizing NNI: done in 0.60096 secs using 98.8% CPU
Optimizing NNI: done in 0.997087 secs using 97.16% CPU
Iteration 80 / LogL: -16088.340 / Time: 0h:1m:46s (0h:1m:24s left)
Optimizing NNI: done in 0.898646 secs using 97.37% CPU
Optimizing NNI: done in 0.569729 secs using 95.99% CPU
Optimizing NNI: done in 0.827137 secs using 98.23% CPU
Optimizing NNI: done in 0.882825 secs using 97.34% CPU
Optimizing NNI: done in 0.985874 secs using 98.26% CPU
Optimizing NNI: done in 0.854099 secs using 95.13% CPU
Optimizing NNI: done in 0.720614 secs using 99.74% CPU
Optimizing NNI: done in 0.81019 secs using 94.5% CPU
Optimizing NNI: done in 0.768118 secs using 99.68% CPU
Optimizing NNI: done in 0.81789 secs using 99.34% CPU
Iteration 90 / LogL: -16088.341 / Time: 0h:1m:54s (0h:1m:8s left)
Optimizing NNI: done in 0.684971 secs using 100.4% CPU
Optimizing NNI: done in 0.772391 secs using 97.1% CPU
Optimizing NNI: done in 0.864695 secs using 97.58% CPU
Optimizing NNI: done in 0.923869 secs using 93.02% CPU
Optimizing NNI: done in 0.944576 secs using 94.29% CPU
Optimizing NNI: done in 0.774544 secs using 100.9% CPU
Optimizing NNI: done in 0.749955 secs using 100% CPU
Optimizing NNI: done in 0.796408 secs using 100.1% CPU
Optimizing NNI: done in 0.781606 secs using 99.95% CPU
Optimizing NNI: done in 0.807671 secs using 96.73% CPU
BETTER TREE FOUND at iteration 100: -16088.338
Iteration 100 / LogL: -16088.338 / Time: 0h:2m:2s (0h:2m:4s left)
Log-likelihood cutoff on original alignment: -16144.027
NOTE: Bootstrap correlation coefficient of split occurrence frequencies: 1.000
Optimizing NNI: done in 0.625472 secs using 97.43% CPU
Optimizing NNI: done in 0.708124 secs using 101.5% CPU
Optimizing NNI: done in 1.05284 secs using 99.43% CPU
Optimizing NNI: done in 0.929935 secs using 99.13% CPU
Optimizing NNI: done in 0.863985 secs using 99.47% CPU
Optimizing NNI: done in 0.932938 secs using 97.14% CPU
Optimizing NNI: done in 0.746471 secs using 96.29% CPU
Optimizing NNI: done in 0.629911 secs using 99.22% CPU
Optimizing NNI: done in 0.76901 secs using 97.53% CPU
Optimizing NNI: done in 0.718529 secs using 97.86% CPU
Iteration 110 / LogL: -16088.340 / Time: 0h:2m:11s (0h:1m:48s left)
Optimizing NNI: done in 0.844868 secs using 99.87% CPU
Optimizing NNI: done in 0.676014 secs using 99.39% CPU
Optimizing NNI: done in 0.649928 secs using 96.16% CPU
Optimizing NNI: done in 0.711896 secs using 94.38% CPU
Optimizing NNI: done in 0.776631 secs using 98.58% CPU
UPDATE BEST LOG-LIKELIHOOD: -16088.337
Optimizing NNI: done in 0.707274 secs using 95% CPU
Optimizing NNI: done in 0.877337 secs using 99.73% CPU
Optimizing NNI: done in 0.489425 secs using 92.58% CPU
Optimizing NNI: done in 0.583849 secs using 99.02% CPU
Optimizing NNI: done in 0.815663 secs using 97.7% CPU
Iteration 120 / LogL: -16091.724 / Time: 0h:2m:19s (0h:1m:33s left)
Optimizing NNI: done in 0.837467 secs using 98.88% CPU
Optimizing NNI: done in 0.912403 secs using 101% CPU
Optimizing NNI: done in 0.817202 secs using 99.42% CPU
Optimizing NNI: done in 0.947159 secs using 95.68% CPU
Optimizing NNI: done in 1.01585 secs using 96.9% CPU
Optimizing NNI: done in 0.710739 secs using 101.1% CPU
Optimizing NNI: done in 0.798848 secs using 91.93% CPU
Optimizing NNI: done in 0.680978 secs using 96.37% CPU
Optimizing NNI: done in 0.75514 secs using 93.11% CPU
Optimizing NNI: done in 0.894683 secs using 99.55% CPU
Iteration 130 / LogL: -16089.116 / Time: 0h:2m:27s (0h:1m:20s left)
Optimizing NNI: done in 0.838649 secs using 100.6% CPU
Optimizing NNI: done in 0.826074 secs using 100.2% CPU
Optimizing NNI: done in 0.703275 secs using 95.54% CPU
Optimizing NNI: done in 0.869112 secs using 100.7% CPU
Optimizing NNI: done in 0.723835 secs using 101.5% CPU
Optimizing NNI: done in 1.11517 secs using 96.68% CPU
Optimizing NNI: done in 0.812765 secs using 94.2% CPU
Optimizing NNI: done in 1.23792 secs using 90.88% CPU
Optimizing NNI: done in 0.596371 secs using 94.32% CPU
Optimizing NNI: done in 0.868544 secs using 98.94% CPU
Iteration 140 / LogL: -16088.385 / Time: 0h:2m:36s (0h:1m:7s left)
Optimizing NNI: done in 0.869769 secs using 98.8% CPU
Optimizing NNI: done in 0.921719 secs using 96.63% CPU
Optimizing NNI: done in 0.620239 secs using 98.25% CPU
Optimizing NNI: done in 0.866376 secs using 99.19% CPU
Optimizing NNI: done in 0.794564 secs using 96.36% CPU
Optimizing NNI: done in 0.950297 secs using 98.65% CPU
Optimizing NNI: done in 0.733455 secs using 100.1% CPU
Optimizing NNI: done in 0.650207 secs using 96.12% CPU
Optimizing NNI: done in 0.728519 secs using 98.66% CPU
Optimizing NNI: done in 0.684301 secs using 98.18% CPU
Iteration 150 / LogL: -16161.122 / Time: 0h:2m:45s (0h:0m:55s left)
Log-likelihood cutoff on original alignment: -16144.027
Optimizing NNI: done in 0.884013 secs using 98.98% CPU
Optimizing NNI: done in 0.744805 secs using 98.6% CPU
Optimizing NNI: done in 0.824283 secs using 92.88% CPU
Optimizing NNI: done in 1.01904 secs using 98.13% CPU
Optimizing NNI: done in 0.683897 secs using 100.5% CPU
Optimizing NNI: done in 0.949551 secs using 92.15% CPU
Optimizing NNI: done in 0.855897 secs using 96.76% CPU
Optimizing NNI: done in 0.510764 secs using 97.89% CPU
Optimizing NNI: done in 0.877598 secs using 97.92% CPU
Optimizing NNI: done in 0.780335 secs using 92.11% CPU
Iteration 160 / LogL: -16088.339 / Time: 0h:2m:54s (0h:0m:43s left)
Optimizing NNI: done in 0.992175 secs using 94.49% CPU
BETTER TREE FOUND at iteration 161: -16088.337
Optimizing NNI: done in 0.793699 secs using 92.53% CPU
Optimizing NNI: done in 0.953708 secs using 99.94% CPU
Optimizing NNI: done in 0.769268 secs using 97.5% CPU
Optimizing NNI: done in 0.737983 secs using 99.51% CPU
Optimizing NNI: done in 0.821308 secs using 95.12% CPU
Optimizing NNI: done in 0.926366 secs using 99.52% CPU
Optimizing NNI: done in 0.704472 secs using 95.37% CPU
Optimizing NNI: done in 0.775467 secs using 96.72% CPU
Optimizing NNI: done in 1.14391 secs using 90.15% CPU
Iteration 170 / LogL: -16095.614 / Time: 0h:3m:3s (0h:1m:38s left)
Optimizing NNI: done in 0.941584 secs using 94.59% CPU
Optimizing NNI: done in 0.997774 secs using 93.96% CPU
Optimizing NNI: done in 0.973651 secs using 96.29% CPU
Optimizing NNI: done in 0.966889 secs using 98.58% CPU
Optimizing NNI: done in 0.731862 secs using 100.3% CPU
Optimizing NNI: done in 0.645732 secs using 99.21% CPU
Optimizing NNI: done in 0.585728 secs using 98.7% CPU
Optimizing NNI: done in 0.687157 secs using 100% CPU
Optimizing NNI: done in 1.02138 secs using 99.44% CPU
Optimizing NNI: done in 0.775935 secs using 96.66% CPU
Iteration 180 / LogL: -16088.339 / Time: 0h:3m:11s (0h:1m:26s left)
Optimizing NNI: done in 0.831448 secs using 90.2% CPU
Optimizing NNI: done in 0.679553 secs using 101.2% CPU
Optimizing NNI: done in 0.827038 secs using 100.1% CPU
Optimizing NNI: done in 0.814265 secs using 92.11% CPU
Optimizing NNI: done in 0.79626 secs using 96.15% CPU
Optimizing NNI: done in 0.694647 secs using 98.97% CPU
Optimizing NNI: done in 0.981117 secs using 95.55% CPU
Optimizing NNI: done in 0.87685 secs using 98.01% CPU
Optimizing NNI: done in 0.998747 secs using 100.1% CPU
Optimizing NNI: done in 1.01439 secs using 100.1% CPU
Iteration 190 / LogL: -16096.095 / Time: 0h:3m:20s (0h:1m:15s left)
Optimizing NNI: done in 0.70284 secs using 100% CPU
Optimizing NNI: done in 0.895357 secs using 97.73% CPU
Optimizing NNI: done in 0.66497 secs using 98.69% CPU
Optimizing NNI: done in 0.863621 secs using 97.7% CPU
Optimizing NNI: done in 0.556568 secs using 101.1% CPU
Optimizing NNI: done in 0.518471 secs using 99.45% CPU
Optimizing NNI: done in 0.78434 secs using 101.6% CPU
Optimizing NNI: done in 0.790838 secs using 100.8% CPU
Optimizing NNI: done in 0.698551 secs using 98.42% CPU
Optimizing NNI: done in 0.921035 secs using 100.1% CPU
Iteration 200 / LogL: -16092.294 / Time: 0h:3m:28s (0h:1m:3s left)
Log-likelihood cutoff on original alignment: -16144.027
NOTE: Bootstrap correlation coefficient of split occurrence frequencies: 0.999
Optimizing NNI: done in 0.684939 secs using 100.4% CPU
Optimizing NNI: done in 0.909821 secs using 97.89% CPU
Optimizing NNI: done in 0.958666 secs using 99.42% CPU
Optimizing NNI: done in 0.779179 secs using 98.26% CPU
Optimizing NNI: done in 0.86656 secs using 99.17% CPU
Optimizing NNI: done in 1.12166 secs using 90.55% CPU
Optimizing NNI: done in 1.11833 secs using 97.8% CPU
Optimizing NNI: done in 0.720646 secs using 99.74% CPU
Optimizing NNI: done in 1.0777 secs using 98.59% CPU
BETTER TREE FOUND at iteration 209: -16088.337
Optimizing NNI: done in 1.16723 secs using 99.06% CPU
Iteration 210 / LogL: -16089.117 / Time: 0h:3m:38s (0h:1m:43s left)
Optimizing NNI: done in 0.903385 secs using 98.59% CPU
Optimizing NNI: done in 0.908284 secs using 99.78% CPU
Optimizing NNI: done in 0.613342 secs using 94.26% CPU
Optimizing NNI: done in 0.754466 secs using 95.27% CPU
Optimizing NNI: done in 0.828737 secs using 96.16% CPU
Optimizing NNI: done in 0.873967 secs using 98.33% CPU
Optimizing NNI: done in 0.627359 secs using 97.13% CPU
Optimizing NNI: done in 0.732455 secs using 91.73% CPU
Optimizing NNI: done in 0.88415 secs using 98.97% CPU
Optimizing NNI: done in 0.598575 secs using 96.58% CPU
Iteration 220 / LogL: -16088.345 / Time: 0h:3m:47s (0h:1m:32s left)
Optimizing NNI: done in 1.02878 secs using 91.13% CPU
Optimizing NNI: done in 0.704542 secs using 95.36% CPU
Optimizing NNI: done in 1.06694 secs using 98.12% CPU
Optimizing NNI: done in 0.934103 secs using 100.4% CPU
Optimizing NNI: done in 1.10881 secs using 98.64% CPU
Optimizing NNI: done in 0.882061 secs using 95.66% CPU
Optimizing NNI: done in 0.94355 secs using 99.36% CPU
Optimizing NNI: done in 0.65257 secs using 98.17% CPU
Optimizing NNI: done in 0.810924 secs using 100.2% CPU
UPDATE BEST LOG-LIKELIHOOD: -16088.337
Optimizing NNI: done in 0.890278 secs using 96.53% CPU
Iteration 230 / LogL: -16093.953 / Time: 0h:3m:56s (0h:1m:21s left)
Optimizing NNI: done in 0.915976 secs using 100.6% CPU
Optimizing NNI: done in 0.868545 secs using 93.55% CPU
Optimizing NNI: done in 0.882249 secs using 99.18% CPU
Optimizing NNI: done in 0.823983 secs using 100.5% CPU
Optimizing NNI: done in 1.0282 secs using 100.3% CPU
Optimizing NNI: done in 0.944578 secs using 90.98% CPU
Optimizing NNI: done in 0.833397 secs using 97.49% CPU
Optimizing NNI: done in 1.03799 secs using 96.34% CPU
Optimizing NNI: done in 0.964973 secs using 98.77% CPU
Optimizing NNI: done in 0.543166 secs using 100.7% CPU
Iteration 240 / LogL: -16088.384 / Time: 0h:4m:5s (0h:1m:10s left)
Optimizing NNI: done in 1.14221 secs using 99.86% CPU
Optimizing NNI: done in 1.0291 secs using 97.17% CPU
Optimizing NNI: done in 0.961612 secs using 97.49% CPU
Optimizing NNI: done in 0.811881 secs using 100.1% CPU
Optimizing NNI: done in 0.699722 secs using 100.5% CPU
Optimizing NNI: done in 0.65762 secs using 99.79% CPU
Optimizing NNI: done in 0.70178 secs using 97.97% CPU
Optimizing NNI: done in 0.721633 secs using 99.6% CPU
Optimizing NNI: done in 0.841058 secs using 98.46% CPU
Optimizing NNI: done in 0.937156 secs using 100% CPU
Iteration 250 / LogL: -16089.114 / Time: 0h:4m:14s (0h:1m:0s left)
Log-likelihood cutoff on original alignment: -16144.027
Optimizing NNI: done in 0.837136 secs using 98.92% CPU
Optimizing NNI: done in 0.675562 secs using 99.45% CPU
Optimizing NNI: done in 0.800119 secs using 95.69% CPU
Optimizing NNI: done in 0.836346 secs using 100.9% CPU
Optimizing NNI: done in 0.900962 secs using 98.85% CPU
Optimizing NNI: done in 0.812716 secs using 99.97% CPU
Optimizing NNI: done in 0.870172 secs using 100.6% CPU
Optimizing NNI: done in 0.701429 secs using 100.2% CPU
Optimizing NNI: done in 0.825661 secs using 100.3% CPU
Optimizing NNI: done in 1.18983 secs using 97.18% CPU
Iteration 260 / LogL: -16095.042 / Time: 0h:4m:24s (0h:0m:49s left)
Optimizing NNI: done in 0.546642 secs using 97.18% CPU
Optimizing NNI: done in 0.648863 secs using 98.73% CPU
Optimizing NNI: done in 0.939336 secs using 99.8% CPU
Optimizing NNI: done in 0.738514 secs using 99.44% CPU
Optimizing NNI: done in 0.870878 secs using 93.3% CPU
Optimizing NNI: done in 0.821778 secs using 98.87% CPU
Optimizing NNI: done in 0.791943 secs using 98.65% CPU
Optimizing NNI: done in 0.863015 secs using 97.77% CPU
Optimizing NNI: done in 0.852168 secs using 100.8% CPU
Optimizing NNI: done in 1.06433 secs using 101.3% CPU
Iteration 270 / LogL: -16088.338 / Time: 0h:4m:32s (0h:0m:39s left)
Optimizing NNI: done in 0.751615 secs using 101.9% CPU
Optimizing NNI: done in 0.608705 secs using 92.41% CPU
Optimizing NNI: done in 0.861982 secs using 99.7% CPU
Optimizing NNI: done in 0.939358 secs using 96.48% CPU
Optimizing NNI: done in 0.888418 secs using 96.73% CPU
Optimizing NNI: done in 0.782362 secs using 95.86% CPU
Optimizing NNI: done in 0.64345 secs using 99.56% CPU
Optimizing NNI: done in 1.21823 secs using 98.76% CPU
Optimizing NNI: done in 0.946912 secs using 100.7% CPU
Optimizing NNI: done in 0.751959 secs using 97.66% CPU
Iteration 280 / LogL: -16088.340 / Time: 0h:4m:41s (0h:0m:29s left)
Optimizing NNI: done in 0.863056 secs using 99.57% CPU
Optimizing NNI: done in 0.698491 secs using 100.7% CPU
Optimizing NNI: done in 0.71958 secs using 97.71% CPU
Optimizing NNI: done in 0.881288 secs using 101.1% CPU
Optimizing NNI: done in 0.697292 secs using 98.6% CPU
Optimizing NNI: done in 0.682584 secs using 100.7% CPU
Optimizing NNI: done in 0.76497 secs using 98.04% CPU
Optimizing NNI: done in 0.840468 secs using 100.4% CPU
Optimizing NNI: done in 0.986886 secs using 98.16% CPU
Optimizing NNI: done in 0.732959 secs using 98.06% CPU
Iteration 290 / LogL: -16088.339 / Time: 0h:4m:49s (0h:0m:19s left)
Optimizing NNI: done in 0.888121 secs using 96.76% CPU
Optimizing NNI: done in 0.721101 secs using 97.51% CPU
Optimizing NNI: done in 0.686991 secs using 100.1% CPU
Optimizing NNI: done in 0.887365 secs using 100.4% CPU
Optimizing NNI: done in 1.1639 secs using 100.7% CPU
Optimizing NNI: done in 0.849554 secs using 99.32% CPU
Optimizing NNI: done in 0.800958 secs using 99.49% CPU
Optimizing NNI: done in 0.965317 secs using 100.4% CPU
Optimizing NNI: done in 0.924542 secs using 98.02% CPU
Optimizing NNI: done in 0.840755 secs using 100.4% CPU
Iteration 300 / LogL: -16088.338 / Time: 0h:4m:59s (0h:0m:8s left)
Log-likelihood cutoff on original alignment: -16144.027
NOTE: Bootstrap correlation coefficient of split occurrence frequencies: 0.999
Optimizing NNI: done in 0.794279 secs using 100.3% CPU
Optimizing NNI: done in 0.906669 secs using 99.95% CPU
Optimizing NNI: done in 0.788545 secs using 101.1% CPU
Optimizing NNI: done in 0.802047 secs using 95.46% CPU
Optimizing NNI: done in 0.804351 secs using 101% CPU
Optimizing NNI: done in 0.677521 secs using 99.17% CPU
Optimizing NNI: done in 0.802304 secs using 99.32% CPU
Optimizing NNI: done in 0.824317 secs using 98.57% CPU
Optimizing NNI: done in 0.929356 secs using 100.9% CPU
Optimizing NNI: done in 0.7189 secs using 97.81% CPU
Iteration 310 / LogL: -16095.097 / Time: 0h:5m:8s (0h:1m:29s left)
TREE SEARCH COMPLETED AFTER 310 ITERATIONS / Time: 0h:5m:8s

--------------------------------------------------------------------
|                    FINALIZING TREE SEARCH                        |
--------------------------------------------------------------------
Performs final model parameters optimization
Estimate model parameters (epsilon = 0.010)
1. Initial log-likelihood: -16088.337
Optimal log-likelihood: -16088.334
Rate parameters:  A-C: 0.93533  A-G: 11.33314  A-T: 1.36171  C-G: 0.72533  C-T: 17.39014  G-T: 1.00000
Base frequencies:  A: 0.266  C: 0.278  G: 0.254  T: 0.201
Proportion of invariable sites: 0.432
Gamma shape alpha: 0.756
Parameters optimization took 1 rounds (0.134 sec)
BEST SCORE FOUND : -16088.334
Creating bootstrap support values...
Split supports printed to NEXUS file alignments_no_probang_etc\recombinant_free_regions\O\subsamples\sample3\O_3109-4869_no_probang.splits.nex
Total tree length: 2.211

Total number of iterations: 310
CPU time used for tree search: 275.875 sec (0h:4m:35s)
Wall-clock time used for tree search: 284.252 sec (0h:4m:44s)
Total CPU time used: 299.828 sec (0h:4m:59s)
Total wall-clock time used: 308.822 sec (0h:5m:8s)

Computing bootstrap consensus tree...
Reading input file alignments_no_probang_etc\recombinant_free_regions\O\subsamples\sample3\O_3109-4869_no_probang.splits.nex...
79 taxa and 624 splits.
Consensus tree written to alignments_no_probang_etc\recombinant_free_regions\O\subsamples\sample3\O_3109-4869_no_probang.contree
Reading input trees file alignments_no_probang_etc\recombinant_free_regions\O\subsamples\sample3\O_3109-4869_no_probang.contree
Log-likelihood of consensus tree: -16088.355

Analysis results written to: 
  IQ-TREE report:                alignments_no_probang_etc\recombinant_free_regions\O\subsamples\sample3\O_3109-4869_no_probang.iqtree
  Maximum-likelihood tree:       alignments_no_probang_etc\recombinant_free_regions\O\subsamples\sample3\O_3109-4869_no_probang.treefile
  Likelihood distances:          alignments_no_probang_etc\recombinant_free_regions\O\subsamples\sample3\O_3109-4869_no_probang.mldist

Ultrafast bootstrap approximation results written to:
  Split support values:          alignments_no_probang_etc\recombinant_free_regions\O\subsamples\sample3\O_3109-4869_no_probang.splits.nex
  Consensus tree:                alignments_no_probang_etc\recombinant_free_regions\O\subsamples\sample3\O_3109-4869_no_probang.contree
  Screen log file:               alignments_no_probang_etc\recombinant_free_regions\O\subsamples\sample3\O_3109-4869_no_probang.log

Date and Time: Thu Jan 15 15:28:31 2026
