IQ-TREE version 3.0.1 for Windows 64-bit built May  5 2025
Developed by Bui Quang Minh, Thomas Wong, Nhan Ly-Trong, Huaiyan Ren
Contributed by Lam-Tung Nguyen, Dominik Schrempf, Chris Bielow,
Olga Chernomor, Michael Woodhams, Diep Thi Hoang, Heiko Schmidt

Host:    DESKTOP-IAVMJI2 (AVX2, FMA3, 7 GB RAM)
Command: bin/iqtree3.exe -s alignments_no_probang_etc\recombinant_free_regions\O\subsamples\sample3\O_637-2783_no_probang.fasta -bb 1000 -m GTR+F+I+G -pre alignments_no_probang_etc\recombinant_free_regions\O\subsamples\sample3\O_637-2783_no_probang
Seed:    372734 (Using SPRNG - Scalable Parallel Random Number Generator)
Time:    Thu Jan 15 15:26:38 2026
Kernel:  AVX+FMA - 1 threads (8 CPU cores detected)

HINT: Use -nt option to specify number of threads because your CPU has 8 cores!
HINT: -nt AUTO will automatically determine the best number of threads to use.

Reading alignment file alignments_no_probang_etc\recombinant_free_regions\O\subsamples\sample3\O_637-2783_no_probang.fasta ... Fasta format detected
Reading fasta file: done in 0.0076591 secs using 204% CPU
Alignment most likely contains DNA/RNA sequences
Constructing alignment: done in 0.0049092 secs
WARNING: 117 sites contain only gaps or ambiguous characters.
Alignment has 80 sequences with 2282 columns, 901 distinct patterns
808 parsimony-informative, 140 singleton sites, 1334 constant sites
                                                   Gap/Ambiguity  Composition  p-value
Analyzing sequences: done in 0.0006868 secs
   1  KC440883/EGY/Unknown/2011/O/ME-SA/PanAsia-2          5.92%    passed     85.16%
   2  HM229661/HKG/pig/2010/O/SEA/Unknown                  5.92%    passed     92.12%
   3  JQ900581/CHN/pig/2010/O/SEA/Unknown                  5.92%    passed     96.46%
   4  OQ211403/ISR/cattle/2007/O/ME-SA/PanAsia-2           5.92%    passed     66.40%
   5  OQ211392/ISR/cattle/2007/O/ME-SA/PanAsia-2           5.92%    passed     80.76%
   6  OQ211386/ISR/cattle/2007/O/ME-SA/PanAsia-2           5.92%    passed     80.76%
   7  OQ211377/ISR/cattle/2007/O/ME-SA/PanAsia-2           5.92%    passed     75.63%
   8  OQ211372/ISR/goat/2007/O/ME-SA/PanAsia-2             5.92%    passed     69.68%
   9  OP957418/BGD/cattle/2021/O/ME-SA/PanAsia-2           5.92%    passed     96.10%
  10  ON868620/VNM/pig/2019/O/SEA/Unknown                  5.92%    passed     82.18%
  11  ON868618/VNM/pig/2019/O/SEA/Unknown                  5.92%    passed     83.33%
  12  ON868616/VNM/pig/2018/O/SEA/Unknown                  5.92%    passed     82.18%
  13  ON868613/VNM/pig/2019/O/SEA/Unknown                  5.92%    passed     91.69%
  14  ON868611/VNM/pig/2018/O/SEA/Unknown                  5.92%    passed     80.08%
  15  ON868547/VNM/cow/2018/O/ME-SA/Unknown                5.92%    passed     96.45%
  16  OP751924/IDN/cattle/2022/O/ME-SA/Unknown             5.92%    passed     95.04%
  17  ON736860/UGA/cow/2015/O/EA-2/Unknown                 5.13%    passed     80.39%
  18  OP585403/IDN/cattle/2022/O/ME-SA/Unknown             5.92%    passed     95.51%
  19  OM160625/DZA/sheep/2015/O/ME-SA/Ind-2001d            5.92%    passed     91.94%
  20  OM456137/PAK/cattle/2012/O/ME-SA/PanAsia-2           5.92%    passed     98.24%
  21  OM456134/PAK/cattle/2012/O/ME-SA/PanAsia-2           5.92%    passed     93.69%
  22  OK019689/IRN/cow/2016/O/ME-SA/PanAsia-2              5.92%    passed     89.07%
  23  MN389541/CHN/pig/2010/O/SEA/Unknown                  5.92%    passed     95.16%
  24  MN095366/IND/cattle/2014/O/ME-SA/Ind-2001d           5.92%    passed     99.89%
  25  NC_039210/GBR/Unknown/1965/O/EURO-SA/Unknown         5.92%    passed     97.32%
  26  MK071699/BGD/cattle/2013/O/ME-SA/Unknown             5.92%    passed     99.95%
  27  MH845413/VNM/pig/2014/O/SEA/Unknown                  5.92%    passed     85.16%
  28  MF947127/VNM/buffalo/2012/O/ME-SA/Unknown            5.92%    passed     95.20%
  29  MH891503/VNM/cow/2017/O/ME-SA/Unknown                5.92%    passed     97.99%
  30  MG983734/LKA/water-buffalo/2014/O/ME-SA/Ind-2001d    5.92%    passed     96.93%
  31  MG983726/SAU/cattle/2014/O/ME-SA/Ind-2001d           5.92%    passed     99.91%
  32  MG983725/SAU/cattle/2014/O/ME-SA/Ind-2001d           5.92%    passed     99.36%
  33  MG983709/NPL/cattle/2012/O/ME-SA/Ind-2001d           5.92%    passed     91.89%
  34  MG983702/MUS/cattle/2016/O/ME-SA/Unknown             5.92%    passed     97.11%
  35  MF461724/CHN/cattle/2017/O/ME-SA/Unknown             5.92%    passed     99.90%
  36  LC320038/MNG/cow/2015/O/ME-SA/Unknown                5.92%    passed     99.27%
  37  KX534089/KOR/pig/2016/O/SEA/Unknown                  5.92%    passed     93.48%
  38  LC149718/JPN/cow/2010/O/SEA/Unknown                  5.92%    passed     96.36%
  39  LC149704/JPN/cow/2010/O/SEA/Unknown                  5.92%    passed     94.12%
  40  LC149700/JPN/cow/2010/O/SEA/Unknown                  5.92%    passed     95.36%
  41  LC149686/JPN/cow/2010/O/SEA/Unknown                  5.92%    passed     96.46%
  42  LC149685/JPN/cow/2010/O/SEA/Unknown                  5.92%    passed     94.81%
  43  LC149674/JPN/cow/2010/O/SEA/Unknown                  5.92%    passed     95.16%
  44  LC149665/JPN/cow/2010/O/SEA/Unknown                  5.92%    passed     95.16%
  45  LC149627/JPN/pig/2010/O/SEA/Unknown                  5.92%    passed     95.36%
  46  LC149617/JPN/cow/2010/O/SEA/Unknown                  5.92%    passed     97.22%
  47  KY446903/PAK/water-buffalo/2005/O/ME-SA/Unknown      5.92%    passed     92.36%
  48  KY657269/VNM/pig/2015/O/ME-SA/Ind-2001d              5.92%    passed     91.69%
  49  KX712091/BGD/pig/2015/O/ME-SA/Unknown                5.92%    passed     99.94%
  50  KX162590/KOR/pig/2014/O/SEA/Unknown                  5.92%    passed     86.56%
  51  KU726614/GRC/sheep/1994/O/ME-SA/Unknown              5.92%    passed     87.68%
  52  KU821591/ZMB/cow/2010/O/EA-2/Unknown                 5.92%    passed     95.45%
  53  KU291242/MAR/cow/2015/O/ME-SA/Ind-2001d              5.92%    passed     92.78%
  54  KP940473/EGY/cattle/2014/O/ME-SA/Unknown             5.92%    passed     92.69%
  55  HQ268524/BTN/Unknown/2004/O/ME-SA/PanAsia-2          5.92%    passed     93.72%
  56  KM268895/TUR/cattle/2013/O/ME-SA/PanAsia-2           5.92%    passed     84.60%
  57  JX869181/GBR/cattle/1967/O/EURO-SA/Unknown           5.92%    passed     94.79%
  58  KF985189/BGD/cattle/2013/O/ME-SA/Unknown             5.92%    passed     92.26%
  59  KF694736/KOR/pig/2002/O/ME-SA/PanAsia                5.92%    passed     99.34%
  60  KF112881/MNG/cattle/2010/O/SEA/Mya-98                5.92%    passed     91.62%
  61  JX040490/BGR/cattle/2011/O/ME-SA/PanAsia-2           5.92%    passed     95.46%
  62  HQ113232/PAK/cow/2009/O/ME-SA/PanAsia-2              5.92%    passed     87.86%
  63  HM191257/UGA/cow/2006/O/EA-2/Unknown                 5.92%    passed     91.48%
  64  HM055510/VNM/Unknown/2009/O/SEA/Unknown              5.92%    passed     95.90%
  65  EU214601/GBR/sheep/2001/O/ME-SA/PanAsia              5.92%    passed     93.50%
  66  EF614457/KOR/cattle/2002/O/ME-SA/PanAsia             5.92%    passed     99.22%
  67  AY593833/TWN/Unknown/1999/O/CATHAY/Unknown           5.92%    passed     85.46%
  68  AY593817/BEL/Unknown/1973/O/EURO-SA/Unknown          5.92%    passed     96.88%
  69  AF511039/CHN/Unknown/1958/O/CATHAY/Unknown           5.92%    passed     86.78%
  70  EF175732/CHN/Unknown/1999/O/CATHAY/Unknown           5.92%    passed     18.23%
  71  DQ404177/GBR/pig/2001/O/ME-SA/PanAsia                5.92%    passed     87.87%
  72  DQ404169/GBR/sheep/2001/O/ME-SA/PanAsia              5.92%    passed     93.50%
  73  AF026168/TWN/Unknown/1997/O/CATHAY/Unknown           5.92%    passed     90.11%
  74  AB079061/JPN/Unknown/2000/O/ME-SA/PanAsia            5.92%    passed     98.05%
  75  AJ633821/FRA/Unknown/2001/O/ME-SA/PanAsia            5.92%    passed     87.87%
  76  AY317098/HKG/Unknown/2002/O/CATHAY/Unknown           5.92%    passed     55.99%
  77  EU400597/CHN/Unknown/2001/O/CATHAY/Unknown           5.92%    passed     50.12%
  78  AY686687/Unknown/Unknown/2001/O/CATHAY/Unknown       5.92%    passed     75.40%
  79  AF377945/Unknown/Unknown/2000/O/ME-SA/PanAsia        5.92%    passed     83.05%
  80  EF552688/GBR/sheep/2001/O/ME-SA/PanAsia              5.92%    passed     87.14%
****  TOTAL                                                5.91%  0 sequences failed composition chi2 test (p-value<5%; df=3)
NOTE: OQ211386/ISR/cattle/2007/O/ME-SA/PanAsia-2 is identical to OQ211392/ISR/cattle/2007/O/ME-SA/PanAsia-2 but kept for subsequent analysis
NOTE: LC149627/JPN/pig/2010/O/SEA/Unknown is identical to LC149700/JPN/cow/2010/O/SEA/Unknown but kept for subsequent analysis
NOTE: DQ404169/GBR/sheep/2001/O/ME-SA/PanAsia is identical to EU214601/GBR/sheep/2001/O/ME-SA/PanAsia but kept for subsequent analysis
NOTE: AJ633821/FRA/Unknown/2001/O/ME-SA/PanAsia is identical to DQ404177/GBR/pig/2001/O/ME-SA/PanAsia but kept for subsequent analysis
Checking for duplicate sequences: done in 0.0260473 secs
Creating fast initial parsimony tree by random order stepwise addition...
0.024 seconds, parsimony score: 4169 (based on 948 sites)
Generating 1000 samples for ultrafast bootstrap (seed: 372734)...

NOTE: 12 MB RAM (0 GB) is required!
Estimate model parameters (epsilon = 0.100)
Thoroughly optimizing +I+G parameters from 10 start values...
Init pinv, alpha: 0.000, 1.000 / Estimate: 0.000, 0.238 / LogL: -21980.476
Init pinv, alpha: 0.065, 1.000 / Estimate: 0.077, 0.274 / LogL: -21979.005
Init pinv, alpha: 0.130, 1.000 / Estimate: 0.159, 0.330 / LogL: -21977.466
Init pinv, alpha: 0.195, 1.000 / Estimate: 0.479, 1.093 / LogL: -21946.007
Init pinv, alpha: 0.260, 1.000 / Estimate: 0.479, 1.096 / LogL: -21945.995
Init pinv, alpha: 0.325, 1.000 / Estimate: 0.480, 1.102 / LogL: -21945.974
Init pinv, alpha: 0.390, 1.000 / Estimate: 0.479, 1.095 / LogL: -21946.008
Init pinv, alpha: 0.455, 1.000 / Estimate: 0.479, 1.097 / LogL: -21946.002
Init pinv, alpha: 0.520, 1.000 / Estimate: 0.489, 1.169 / LogL: -21945.923
Init pinv, alpha: 0.585, 1.000 / Estimate: 0.491, 1.184 / LogL: -21945.974
Optimal pinv,alpha: 0.489, 1.169 / LogL: -21945.923

Parameters optimization took 26.311 sec
Wrote distance file to... 
Computing ML distances based on estimated model parameters...
Calculating distance matrix: done in 0.0924385 secs using 101.4% CPU
Computing ML distances took 0.100726 sec (of wall-clock time) 0.093750 sec (of CPU time)
Setting up auxiliary I and S matrices: done in 0.0003196 secs
Constructing RapidNJ tree: done in 0.0007796 secs
Computing RapidNJ tree took 0.025673 sec (of wall-clock time) 0.015625 sec (of CPU time)
Log-likelihood of RapidNJ tree: -21918.116
--------------------------------------------------------------------
|             INITIALIZING CANDIDATE TREE SET                      |
--------------------------------------------------------------------
Generating 98 parsimony trees... 2.193 second
Computing log-likelihood of 98 initial trees ... 4.065 seconds
Current best score: -21914.167

Do NNI search on 20 best initial trees
Optimizing NNI: done in 0.843576 secs using 100% CPU
Estimate model parameters (epsilon = 0.100)
BETTER TREE FOUND at iteration 1: -21897.596
Optimizing NNI: done in 0.924816 secs using 99.68% CPU
Estimate model parameters (epsilon = 0.100)
BETTER TREE FOUND at iteration 2: -21892.753
Optimizing NNI: done in 0.886008 secs using 100.5% CPU
Optimizing NNI: done in 1.00955 secs using 99.05% CPU
Optimizing NNI: done in 0.634299 secs using 101% CPU
Optimizing NNI: done in 0.886562 secs using 96.93% CPU
BETTER TREE FOUND at iteration 6: -21892.753
Optimizing NNI: done in 0.943515 secs using 99.36% CPU
Optimizing NNI: done in 0.990382 secs using 96.24% CPU
Optimizing NNI: done in 0.909728 secs using 99.62% CPU
Optimizing NNI: done in 0.901379 secs using 100.5% CPU
BETTER TREE FOUND at iteration 10: -21892.753
Iteration 10 / LogL: -21892.753 / Time: 0h:0m:42s
Optimizing NNI: done in 0.993618 secs using 99.07% CPU
Optimizing NNI: done in 0.995878 secs using 100.4% CPU
Optimizing NNI: done in 1.0533 secs using 97.91% CPU
Optimizing NNI: done in 0.937966 secs using 96.62% CPU
Optimizing NNI: done in 0.997681 secs using 100.2% CPU
Optimizing NNI: done in 1.03169 secs using 98.44% CPU
Optimizing NNI: done in 0.937956 secs using 99.95% CPU
Optimizing NNI: done in 1.02115 secs using 96.4% CPU
Optimizing NNI: done in 0.934531 secs using 95.3% CPU
Optimizing NNI: done in 0.805495 secs using 100.9% CPU
Iteration 20 / LogL: -21897.590 / Time: 0h:0m:52s
Finish initializing candidate tree set (20)
Current best tree score: -21892.753 / CPU time: 25.802
Number of iterations: 20
--------------------------------------------------------------------
|               OPTIMIZING CANDIDATE TREE SET                      |
--------------------------------------------------------------------
Optimizing NNI: done in 0.794394 secs using 92.44% CPU
Optimizing NNI: done in 0.783327 secs using 99.73% CPU
Optimizing NNI: done in 0.921949 secs using 99.99% CPU
Optimizing NNI: done in 0.850541 secs using 101% CPU
Optimizing NNI: done in 0.77149 secs using 97.21% CPU
Optimizing NNI: done in 0.624943 secs using 100% CPU
Optimizing NNI: done in 0.93272 secs using 97.16% CPU
Optimizing NNI: done in 0.754866 secs using 97.29% CPU
Optimizing NNI: done in 0.838558 secs using 100.6% CPU
Estimate model parameters (epsilon = 0.100)
BETTER TREE FOUND at iteration 29: -21891.977
Optimizing NNI: done in 0.8695 secs using 98.84% CPU
Iteration 30 / LogL: -21892.750 / Time: 0h:1m:1s (0h:3m:28s left)
Optimizing NNI: done in 0.779517 secs using 98.22% CPU
Optimizing NNI: done in 1.00264 secs using 99.74% CPU
Optimizing NNI: done in 0.884258 secs using 100.7% CPU
Optimizing NNI: done in 0.796609 secs using 98.07% CPU
Optimizing NNI: done in 0.743809 secs using 100.8% CPU
Optimizing NNI: done in 0.762899 secs using 98.31% CPU
Optimizing NNI: done in 0.979394 secs using 98.91% CPU
Optimizing NNI: done in 0.829634 secs using 99.82% CPU
Optimizing NNI: done in 0.787536 secs using 97.22% CPU
Optimizing NNI: done in 0.866391 secs using 99.19% CPU
Iteration 40 / LogL: -21891.984 / Time: 0h:1m:9s (0h:2m:39s left)
Optimizing NNI: done in 0.704792 secs using 99.76% CPU
Optimizing NNI: done in 0.776777 secs using 96.55% CPU
Optimizing NNI: done in 0.787151 secs using 99.25% CPU
Optimizing NNI: done in 0.771152 secs using 101.3% CPU
Optimizing NNI: done in 0.704798 secs using 99.76% CPU
Optimizing NNI: done in 0.908919 secs using 99.71% CPU
Optimizing NNI: done in 0.847808 secs using 97.68% CPU
Optimizing NNI: done in 0.738458 secs using 101.6% CPU
Optimizing NNI: done in 0.730852 secs using 96.21% CPU
Optimizing NNI: done in 0.831285 secs using 101.5% CPU
Iteration 50 / LogL: -21893.053 / Time: 0h:1m:18s (0h:2m:5s left)
Log-likelihood cutoff on original alignment: -21926.637
Optimizing NNI: done in 0.745909 secs using 96.36% CPU
Optimizing NNI: done in 0.709764 secs using 96.86% CPU
Optimizing NNI: done in 0.90015 secs using 93.73% CPU
Optimizing NNI: done in 0.85404 secs using 95.14% CPU
Optimizing NNI: done in 0.654106 secs using 97.94% CPU
Optimizing NNI: done in 0.699529 secs using 100.5% CPU
Optimizing NNI: done in 0.615247 secs using 99.05% CPU
Optimizing NNI: done in 0.801973 secs using 99.36% CPU
Optimizing NNI: done in 0.829135 secs using 97.99% CPU
Optimizing NNI: done in 0.855129 secs using 98.67% CPU
Iteration 60 / LogL: -21896.797 / Time: 0h:1m:26s (0h:1m:41s left)
Optimizing NNI: done in 0.828783 secs using 101.8% CPU
Optimizing NNI: done in 0.844344 secs using 99.93% CPU
Optimizing NNI: done in 0.762018 secs using 98.42% CPU
Optimizing NNI: done in 0.728744 secs using 100.8% CPU
Optimizing NNI: done in 0.9653 secs using 97.12% CPU
Optimizing NNI: done in 0.953598 secs using 98.31% CPU
Optimizing NNI: done in 0.772829 secs using 99.07% CPU
Optimizing NNI: done in 1.01744 secs using 99.82% CPU
Optimizing NNI: done in 0.900405 secs using 98.91% CPU
Optimizing NNI: done in 0.906818 secs using 98.21% CPU
Iteration 70 / LogL: -21893.002 / Time: 0h:1m:35s (0h:1m:21s left)
Optimizing NNI: done in 0.725756 secs using 101.2% CPU
Optimizing NNI: done in 0.699552 secs using 98.28% CPU
Optimizing NNI: done in 0.798226 secs using 99.83% CPU
Optimizing NNI: done in 0.792813 secs using 98.54% CPU
Optimizing NNI: done in 0.678615 secs using 99.01% CPU
Optimizing NNI: done in 0.901421 secs using 97.07% CPU
Optimizing NNI: done in 0.922646 secs using 99.92% CPU
Optimizing NNI: done in 0.706226 secs using 101.8% CPU
Optimizing NNI: done in 0.734646 secs using 99.96% CPU
Optimizing NNI: done in 0.718612 secs using 100% CPU
Iteration 80 / LogL: -21891.980 / Time: 0h:1m:43s (0h:1m:4s left)
Optimizing NNI: done in 0.873813 secs using 98.35% CPU
Optimizing NNI: done in 0.722776 secs using 101.6% CPU
Optimizing NNI: done in 0.87178 secs using 96.78% CPU
Optimizing NNI: done in 0.883482 secs using 99.04% CPU
Optimizing NNI: done in 0.813016 secs using 99.94% CPU
Optimizing NNI: done in 0.957972 secs using 99.49% CPU
Optimizing NNI: done in 0.908553 secs using 99.75% CPU
Optimizing NNI: done in 0.644808 secs using 99.35% CPU
Optimizing NNI: done in 0.874095 secs using 98.32% CPU
Optimizing NNI: done in 0.836411 secs using 97.14% CPU
Iteration 90 / LogL: -21892.029 / Time: 0h:1m:52s (0h:0m:49s left)
Optimizing NNI: done in 0.973403 secs using 101.1% CPU
Optimizing NNI: done in 0.787609 secs using 97.21% CPU
Optimizing NNI: done in 0.748037 secs using 96.08% CPU
Optimizing NNI: done in 0.828955 secs using 98.01% CPU
Optimizing NNI: done in 0.699788 secs using 100.5% CPU
Optimizing NNI: done in 0.891721 secs using 99.88% CPU
Optimizing NNI: done in 0.908031 secs using 99.8% CPU
Optimizing NNI: done in 0.81238 secs using 100% CPU
Optimizing NNI: done in 0.624989 secs using 97.5% CPU
Optimizing NNI: done in 0.803323 secs using 99.2% CPU
Iteration 100 / LogL: -21892.812 / Time: 0h:2m:0s (0h:0m:35s left)
Log-likelihood cutoff on original alignment: -21926.637
NOTE: Bootstrap correlation coefficient of split occurrence frequencies: 0.997
Optimizing NNI: done in 0.946263 secs using 99.07% CPU
Optimizing NNI: done in 1.02679 secs using 98.91% CPU
Optimizing NNI: done in 0.740991 secs using 99.11% CPU
Optimizing NNI: done in 0.715669 secs using 100.4% CPU
Optimizing NNI: done in 0.589985 secs using 100.6% CPU
Optimizing NNI: done in 0.888989 secs using 100.2% CPU
Optimizing NNI: done in 0.71879 secs using 97.82% CPU
Optimizing NNI: done in 0.791774 secs using 98.67% CPU
Optimizing NNI: done in 0.776098 secs using 96.64% CPU
Optimizing NNI: done in 0.836954 secs using 100.8% CPU
UPDATE BEST LOG-LIKELIHOOD: -21891.977
Iteration 110 / LogL: -21891.977 / Time: 0h:2m:9s (0h:1m:46s left)
Optimizing NNI: done in 0.7447 secs using 96.52% CPU
Optimizing NNI: done in 0.777837 secs using 100.4% CPU
Optimizing NNI: done in 0.71812 secs using 100.1% CPU
Optimizing NNI: done in 0.855348 secs using 94.99% CPU
Optimizing NNI: done in 1.02868 secs using 98.73% CPU
Optimizing NNI: done in 1.02725 secs using 100.4% CPU
Optimizing NNI: done in 0.975669 secs using 100.9% CPU
Optimizing NNI: done in 0.812941 secs using 99.95% CPU
Optimizing NNI: done in 0.652875 secs using 98.12% CPU
Optimizing NNI: done in 0.719954 secs using 97.66% CPU
Iteration 120 / LogL: -21891.984 / Time: 0h:2m:18s (0h:1m:32s left)
Optimizing NNI: done in 0.668551 secs using 95.82% CPU
Optimizing NNI: done in 0.623269 secs using 97.77% CPU
Optimizing NNI: done in 0.857199 secs using 100.3% CPU
Optimizing NNI: done in 1.00069 secs using 99.93% CPU
Optimizing NNI: done in 0.80681 secs using 98.77% CPU
Optimizing NNI: done in 0.623938 secs using 100.2% CPU
Optimizing NNI: done in 0.710696 secs using 101.1% CPU
Optimizing NNI: done in 0.770528 secs using 97.34% CPU
Optimizing NNI: done in 0.952587 secs using 98.42% CPU
Optimizing NNI: done in 0.972113 secs using 99.65% CPU
Iteration 130 / LogL: -21891.981 / Time: 0h:2m:26s (0h:1m:19s left)
TREE SEARCH COMPLETED AFTER 130 ITERATIONS / Time: 0h:2m:26s

--------------------------------------------------------------------
|                    FINALIZING TREE SEARCH                        |
--------------------------------------------------------------------
Performs final model parameters optimization
Estimate model parameters (epsilon = 0.010)
1. Initial log-likelihood: -21891.977
Optimal log-likelihood: -21891.972
Rate parameters:  A-C: 0.84391  A-G: 7.86821  A-T: 0.95508  C-G: 0.30335  C-T: 11.88206  G-T: 1.00000
Base frequencies:  A: 0.244  C: 0.305  G: 0.251  T: 0.200
Proportion of invariable sites: 0.484
Gamma shape alpha: 1.130
Parameters optimization took 1 rounds (0.159 sec)
BEST SCORE FOUND : -21891.972
Creating bootstrap support values...
Split supports printed to NEXUS file alignments_no_probang_etc\recombinant_free_regions\O\subsamples\sample3\O_637-2783_no_probang.splits.nex
Total tree length: 2.500

Total number of iterations: 130
CPU time used for tree search: 117.406 sec (0h:1m:57s)
Wall-clock time used for tree search: 119.514 sec (0h:1m:59s)
Total CPU time used: 144.422 sec (0h:2m:24s)
Total wall-clock time used: 147.146 sec (0h:2m:27s)

Computing bootstrap consensus tree...
Reading input file alignments_no_probang_etc\recombinant_free_regions\O\subsamples\sample3\O_637-2783_no_probang.splits.nex...
80 taxa and 453 splits.
Consensus tree written to alignments_no_probang_etc\recombinant_free_regions\O\subsamples\sample3\O_637-2783_no_probang.contree
Reading input trees file alignments_no_probang_etc\recombinant_free_regions\O\subsamples\sample3\O_637-2783_no_probang.contree
Log-likelihood of consensus tree: -21892.035

Analysis results written to: 
  IQ-TREE report:                alignments_no_probang_etc\recombinant_free_regions\O\subsamples\sample3\O_637-2783_no_probang.iqtree
  Maximum-likelihood tree:       alignments_no_probang_etc\recombinant_free_regions\O\subsamples\sample3\O_637-2783_no_probang.treefile
  Likelihood distances:          alignments_no_probang_etc\recombinant_free_regions\O\subsamples\sample3\O_637-2783_no_probang.mldist

Ultrafast bootstrap approximation results written to:
  Split support values:          alignments_no_probang_etc\recombinant_free_regions\O\subsamples\sample3\O_637-2783_no_probang.splits.nex
  Consensus tree:                alignments_no_probang_etc\recombinant_free_regions\O\subsamples\sample3\O_637-2783_no_probang.contree
  Screen log file:               alignments_no_probang_etc\recombinant_free_regions\O\subsamples\sample3\O_637-2783_no_probang.log

Date and Time: Thu Jan 15 15:29:06 2026
