IQ-TREE version 3.0.1 for Windows 64-bit built May  5 2025
Developed by Bui Quang Minh, Thomas Wong, Nhan Ly-Trong, Huaiyan Ren
Contributed by Lam-Tung Nguyen, Dominik Schrempf, Chris Bielow,
Olga Chernomor, Michael Woodhams, Diep Thi Hoang, Heiko Schmidt

Host:    DESKTOP-IAVMJI2 (AVX2, FMA3, 7 GB RAM)
Command: bin/iqtree3.exe -s alignments_no_probang_etc\recombinant_free_regions\O\subsamples\sample4\O_637-2783_no_probang.fasta -bb 1000 -m GTR+F+I+G -pre alignments_no_probang_etc\recombinant_free_regions\O\subsamples\sample4\O_637-2783_no_probang
Seed:    636967 (Using SPRNG - Scalable Parallel Random Number Generator)
Time:    Thu Jan 15 15:29:15 2026
Kernel:  AVX+FMA - 1 threads (8 CPU cores detected)

HINT: Use -nt option to specify number of threads because your CPU has 8 cores!
HINT: -nt AUTO will automatically determine the best number of threads to use.

Reading alignment file alignments_no_probang_etc\recombinant_free_regions\O\subsamples\sample4\O_637-2783_no_probang.fasta ... Fasta format detected
Reading fasta file: done in 0.0067144 secs
Alignment most likely contains DNA/RNA sequences
Constructing alignment: done in 0.0052584 secs
WARNING: 117 sites contain only gaps or ambiguous characters.
Alignment has 79 sequences with 2282 columns, 907 distinct patterns
806 parsimony-informative, 139 singleton sites, 1336 constant sites
                                                 Gap/Ambiguity  Composition  p-value
Analyzing sequences: done in 0.0012612 secs
   1  KC440883/EGY/Unknown/2011/O/ME-SA/PanAsia-2        5.92%    passed     85.97%
   2  HM229661/HKG/pig/2010/O/SEA/Unknown                5.92%    passed     91.61%
   3  JQ900581/CHN/pig/2010/O/SEA/Unknown                5.92%    passed     96.15%
   4  OQ211400/ISR/cattle/2007/O/ME-SA/PanAsia-2         5.92%    passed     91.73%
   5  OQ211393/ISR/goat/2007/O/ME-SA/PanAsia-2           5.92%    passed     84.99%
   6  OQ211381/ISR/gazelle/2007/O/ME-SA/PanAsia-2        5.92%    passed     77.95%
   7  OQ211373/ISR/goat/2007/O/ME-SA/PanAsia-2           5.92%    passed     73.32%
   8  OQ211365/PSE/sheep/2007/O/ME-SA/PanAsia-2          5.92%    passed     79.90%
   9  OP957418/BGD/cattle/2021/O/ME-SA/PanAsia-2         5.92%    passed     96.49%
  10  ON868617/VNM/pig/2019/O/SEA/Unknown                5.92%    passed     78.48%
  11  ON868615/VNM/pig/2018/O/SEA/Unknown                5.92%    passed     82.95%
  12  ON868607/VNM/pig/2019/O/SEA/Unknown                5.92%    passed     84.54%
  13  ON868593/VNM/pig/2018/O/SEA/Unknown                5.92%    passed     81.17%
  14  OP751924/IDN/cattle/2022/O/ME-SA/Unknown           5.92%    passed     94.45%
  15  ON736860/UGA/cow/2015/O/EA-2/Unknown               5.13%    passed     80.47%
  16  OP585403/IDN/cattle/2022/O/ME-SA/Unknown           5.92%    passed     94.97%
  17  OM160612/TUN/cattle/2014/O/ME-SA/Ind-2001d         5.92%    passed     97.42%
  18  OM456144/PAK/cattle/2010/O/ME-SA/PanAsia-2         5.92%    passed     97.17%
  19  OM456134/PAK/cattle/2012/O/ME-SA/PanAsia-2         5.92%    passed     94.33%
  20  OK019689/IRN/cow/2016/O/ME-SA/PanAsia-2            5.92%    passed     89.68%
  21  MN389541/CHN/pig/2010/O/SEA/Unknown                5.92%    passed     94.72%
  22  MN095354/IND/cattle/2013/O/ME-SA/Ind-2001d         5.92%    passed     96.68%
  23  NC_039210/GBR/Unknown/1965/O/EURO-SA/Unknown       5.92%    passed     97.59%
  24  MK071699/BGD/cattle/2013/O/ME-SA/Unknown           5.92%    passed     99.94%
  25  MH845413/VNM/pig/2014/O/SEA/Unknown                5.92%    passed     84.28%
  26  MF947132/VNM/buffalo/2015/O/ME-SA/Unknown          5.92%    passed     96.49%
  27  MH891503/VNM/cow/2017/O/ME-SA/Unknown              5.92%    passed     98.28%
  28  MG983716/NPL/cattle/2014/O/ME-SA/Ind-2001d         5.92%    passed     99.82%
  29  MG983704/NPL/cattle/2008/O/ME-SA/Unknown           5.92%    passed     94.51%
  30  MG983700/MUS/cattle/2016/O/ME-SA/Unknown           5.92%    passed     94.40%
  31  MG983695/LBY/cattle/2013/O/ME-SA/Ind-2001d         5.92%    passed     98.27%
  32  MG983684/BGD/cattle/2009/O/ME-SA/Ind-2001d         5.92%    passed     96.54%
  33  MF461724/CHN/cattle/2017/O/ME-SA/Unknown           5.92%    passed     99.94%
  34  LC320038/MNG/cow/2015/O/ME-SA/Unknown              5.92%    passed     99.40%
  35  KX534089/KOR/pig/2016/O/SEA/Unknown                5.92%    passed     92.94%
  36  LC149717/JPN/cow/2010/O/SEA/Unknown                5.92%    passed     96.15%
  37  LC149704/JPN/cow/2010/O/SEA/Unknown                5.92%    passed     93.68%
  38  LC149676/JPN/pig/2010/O/SEA/Unknown                5.96%    passed     96.10%
  39  LC149669/JPN/cow/2010/O/SEA/Unknown                5.92%    passed     94.72%
  40  LC149660/JPN/cow/2010/O/SEA/Unknown                5.92%    passed     94.72%
  41  LC149653/JPN/pig/2010/O/SEA/Unknown                5.92%    passed     95.03%
  42  LC149650/JPN/cow/2010/O/SEA/Unknown                5.92%    passed     94.95%
  43  LC149647/JPN/cow/2010/O/SEA/Unknown                5.92%    passed     94.72%
  44  LC149638/JPN/cow/2010/O/SEA/Unknown                5.92%    passed     93.68%
  45  KY446903/PAK/water-buffalo/2005/O/ME-SA/Unknown    5.92%    passed     92.81%
  46  KY657269/VNM/pig/2015/O/ME-SA/Ind-2001d            5.92%    passed     92.41%
  47  KX712091/BGD/pig/2015/O/ME-SA/Unknown              5.92%    passed     99.93%
  48  KX162590/KOR/pig/2014/O/SEA/Unknown                5.92%    passed     85.68%
  49  KU726614/GRC/sheep/1994/O/ME-SA/Unknown            5.92%    passed     88.36%
  50  KU821591/ZMB/cow/2010/O/EA-2/Unknown               5.92%    passed     95.94%
  51  KU291242/MAR/cow/2015/O/ME-SA/Ind-2001d            5.92%    passed     92.72%
  52  KP940473/EGY/cattle/2014/O/ME-SA/Unknown           5.92%    passed     92.97%
  53  HQ268524/BTN/Unknown/2004/O/ME-SA/PanAsia-2        5.92%    passed     94.35%
  54  KM268895/TUR/cattle/2013/O/ME-SA/PanAsia-2         5.92%    passed     85.56%
  55  JX869177/GBR/cattle/1967/O/EURO-SA/Unknown         5.92%    passed     97.29%
  56  KF985189/BGD/cattle/2013/O/ME-SA/Unknown           5.92%    passed     92.12%
  57  KF694732/KOR/pig/2002/O/ME-SA/PanAsia              5.92%    passed     98.68%
  58  KF112881/MNG/cattle/2010/O/SEA/Mya-98              5.92%    passed     90.99%
  59  JX040491/TUR/cattle/2010/O/ME-SA/PanAsia-2         5.92%    passed     99.83%
  60  HQ113232/PAK/cow/2009/O/ME-SA/PanAsia-2            5.92%    passed     88.57%
  61  HM191257/UGA/cow/2006/O/EA-2/Unknown               5.92%    passed     91.72%
  62  HM055510/VNM/Unknown/2009/O/SEA/Unknown            5.92%    passed     95.50%
  63  EU214601/GBR/sheep/2001/O/ME-SA/PanAsia            5.92%    passed     93.65%
  64  EF614457/KOR/cattle/2002/O/ME-SA/PanAsia           5.92%    passed     99.23%
  65  AY593837/URY/Unknown/1963/O/EURO-SA/Unknown        5.92%    passed     96.14%
  66  AY593812/PHL/Unknown/1958/O/SEA/Unknown            5.92%    passed     74.79%
  67  AF511039/CHN/Unknown/1958/O/CATHAY/Unknown         5.92%    passed     87.44%
  68  EF175732/CHN/Unknown/1999/O/CATHAY/Unknown         5.92%    passed     17.78%
  69  DQ404167/GBR/sheep/2001/O/ME-SA/PanAsia            5.92%    passed     91.52%
  70  DQ404158/GBR/sheep/2001/O/ME-SA/PanAsia            5.92%    passed     97.36%
  71  AF026168/TWN/Unknown/1997/O/CATHAY/Unknown         5.92%    passed     89.61%
  72  AB079061/JPN/Unknown/2000/O/ME-SA/PanAsia          5.92%    passed     98.18%
  73  EU448368/GBR/cow/1967/O/EURO-SA/Unknown            5.92%    passed     91.66%
  74  AJ633821/FRA/Unknown/2001/O/ME-SA/PanAsia          5.92%    passed     88.14%
  75  AY317098/HKG/Unknown/2002/O/CATHAY/Unknown         5.92%    passed     55.22%
  76  EU400597/CHN/Unknown/2001/O/CATHAY/Unknown         5.92%    passed     49.32%
  77  AY686687/Unknown/Unknown/2001/O/CATHAY/Unknown     5.92%    passed     74.44%
  78  AF377945/Unknown/Unknown/2000/O/ME-SA/PanAsia      5.92%    passed     83.96%
  79  EF552694/GBR/cattle/2001/O/ME-SA/PanAsia           5.92%    passed     93.00%
****  TOTAL                                              5.91%  0 sequences failed composition chi2 test (p-value<5%; df=3)
Checking for duplicate sequences: done in 0.0004849 secs
Creating fast initial parsimony tree by random order stepwise addition...
0.020 seconds, parsimony score: 4185 (based on 945 sites)
Generating 1000 samples for ultrafast bootstrap (seed: 636967)...

NOTE: 12 MB RAM (0 GB) is required!
Estimate model parameters (epsilon = 0.100)
Thoroughly optimizing +I+G parameters from 10 start values...
Init pinv, alpha: 0.000, 1.000 / Estimate: 0.000, 0.246 / LogL: -22042.277
Init pinv, alpha: 0.065, 1.000 / Estimate: 0.080, 0.282 / LogL: -22038.263
Init pinv, alpha: 0.130, 1.000 / Estimate: 0.164, 0.335 / LogL: -22034.737
Init pinv, alpha: 0.195, 1.000 / Estimate: 0.493, 1.241 / LogL: -21999.686
Init pinv, alpha: 0.260, 1.000 / Estimate: 0.494, 1.247 / LogL: -21999.667
Init pinv, alpha: 0.325, 1.000 / Estimate: 0.494, 1.246 / LogL: -21999.677
Init pinv, alpha: 0.391, 1.000 / Estimate: 0.493, 1.244 / LogL: -21999.684
Init pinv, alpha: 0.456, 1.000 / Estimate: 0.494, 1.249 / LogL: -21999.670
Init pinv, alpha: 0.521, 1.000 / Estimate: 0.497, 1.278 / LogL: -21999.617
Init pinv, alpha: 0.586, 1.000 / Estimate: 0.502, 1.332 / LogL: -21999.667
Optimal pinv,alpha: 0.497, 1.278 / LogL: -21999.617

Parameters optimization took 33.707 sec
Wrote distance file to... 
Computing ML distances based on estimated model parameters...
Calculating distance matrix: done in 0.105053 secs using 89.24% CPU
Computing ML distances took 0.119367 sec (of wall-clock time) 0.093750 sec (of CPU time)
Setting up auxiliary I and S matrices: done in 0.0002606 secs
Constructing RapidNJ tree: done in 0.0007142 secs
Computing RapidNJ tree took 0.147569 sec (of wall-clock time) 0.093750 sec (of CPU time)
Log-likelihood of RapidNJ tree: -22035.660
--------------------------------------------------------------------
|             INITIALIZING CANDIDATE TREE SET                      |
--------------------------------------------------------------------
Generating 98 parsimony trees... 2.411 second
Computing log-likelihood of 98 initial trees ... 5.264 seconds
Current best score: -21999.617

Do NNI search on 20 best initial trees
Optimizing NNI: done in 1.16694 secs using 64.27% CPU
Estimate model parameters (epsilon = 0.100)
BETTER TREE FOUND at iteration 1: -21980.152
Optimizing NNI: done in 1.13082 secs using 82.9% CPU
Optimizing NNI: done in 1.08976 secs using 84.59% CPU
Estimate model parameters (epsilon = 0.100)
BETTER TREE FOUND at iteration 3: -21976.791
Optimizing NNI: done in 1.1747 secs using 77.15% CPU
Estimate model parameters (epsilon = 0.100)
BETTER TREE FOUND at iteration 4: -21976.385
Optimizing NNI: done in 1.18221 secs using 87.23% CPU
Optimizing NNI: done in 1.25443 secs using 79.72% CPU
Optimizing NNI: done in 1.21944 secs using 71.75% CPU
Optimizing NNI: done in 1.19627 secs using 90.12% CPU
Optimizing NNI: done in 1.22362 secs using 77.89% CPU
Optimizing NNI: done in 1.41145 secs using 63.1% CPU
Iteration 10 / LogL: -21976.785 / Time: 0h:0m:56s
Optimizing NNI: done in 1.30363 secs using 82.7% CPU
Optimizing NNI: done in 1.07975 secs using 96.96% CPU
Optimizing NNI: done in 1.24185 secs using 81.78% CPU
Optimizing NNI: done in 1.03025 secs using 91% CPU
Optimizing NNI: done in 0.932149 secs using 95.55% CPU
Optimizing NNI: done in 1.1371 secs using 86.57% CPU
Optimizing NNI: done in 0.931546 secs using 97.28% CPU
Optimizing NNI: done in 0.925013 secs using 91.21% CPU
Optimizing NNI: done in 1.13759 secs using 87.91% CPU
Optimizing NNI: done in 1.00748 secs using 94.6% CPU
Iteration 20 / LogL: -21981.869 / Time: 0h:1m:8s
Finish initializing candidate tree set (20)
Current best tree score: -21976.385 / CPU time: 32.995
Number of iterations: 20
--------------------------------------------------------------------
|               OPTIMIZING CANDIDATE TREE SET                      |
--------------------------------------------------------------------
Optimizing NNI: done in 0.831772 secs using 90.17% CPU
Optimizing NNI: done in 0.831966 secs using 93.9% CPU
Optimizing NNI: done in 1.02991 secs using 87.99% CPU
Optimizing NNI: done in 1.11623 secs using 83.99% CPU
Optimizing NNI: done in 1.24892 secs using 88.83% CPU
Optimizing NNI: done in 1.06597 secs using 96.74% CPU
Optimizing NNI: done in 1.23024 secs using 93.99% CPU
Optimizing NNI: done in 1.02301 secs using 99.28% CPU
Optimizing NNI: done in 1.01966 secs using 88.88% CPU
Optimizing NNI: done in 1.11734 secs using 89.5% CPU
Iteration 30 / LogL: -21976.392 / Time: 0h:1m:19s (0h:3m:22s left)
Optimizing NNI: done in 1.15301 secs using 78.6% CPU
Optimizing NNI: done in 1.40719 secs using 81.06% CPU
Optimizing NNI: done in 1.49653 secs using 57.42% CPU
Optimizing NNI: done in 1.35097 secs using 84.43% CPU
UPDATE BEST LOG-LIKELIHOOD: -21976.385
Optimizing NNI: done in 1.38664 secs using 76.62% CPU
Optimizing NNI: done in 1.12782 secs using 59.57% CPU
Optimizing NNI: done in 1.29327 secs using 82.16% CPU
Optimizing NNI: done in 0.883286 secs using 76.07% CPU
Estimate model parameters (epsilon = 0.100)
BETTER TREE FOUND at iteration 38: -21974.788
Optimizing NNI: done in 1.30659 secs using 70.56% CPU
Optimizing NNI: done in 1.07975 secs using 88.27% CPU
Iteration 40 / LogL: -21984.508 / Time: 0h:1m:34s (0h:3m:56s left)
Optimizing NNI: done in 1.3249 secs using 83.73% CPU
Optimizing NNI: done in 0.988228 secs using 88.54% CPU
BETTER TREE FOUND at iteration 42: -21974.783
Optimizing NNI: done in 0.962574 secs using 84.41% CPU
Optimizing NNI: done in 0.940358 secs using 88.06% CPU
Optimizing NNI: done in 1.00879 secs using 91.38% CPU
Optimizing NNI: done in 1.06099 secs using 95.72% CPU
Optimizing NNI: done in 1.12648 secs using 95.71% CPU
Optimizing NNI: done in 0.914592 secs using 97.38% CPU
Optimizing NNI: done in 0.899424 secs using 99.02% CPU
Optimizing NNI: done in 1.15525 secs using 93.32% CPU
Iteration 50 / LogL: -21974.790 / Time: 0h:1m:44s (0h:3m:16s left)
Log-likelihood cutoff on original alignment: -22021.437
Optimizing NNI: done in 1.14366 secs using 91.54% CPU
Optimizing NNI: done in 1.0373 secs using 100.9% CPU
Optimizing NNI: done in 1.01357 secs using 97.12% CPU
Optimizing NNI: done in 0.764831 secs using 100.1% CPU
Optimizing NNI: done in 0.994163 secs using 100.6% CPU
Optimizing NNI: done in 0.831338 secs using 99.61% CPU
Optimizing NNI: done in 0.839559 secs using 91.19% CPU
Optimizing NNI: done in 0.966138 secs using 98.65% CPU
Optimizing NNI: done in 0.867449 secs using 100.9% CPU
Optimizing NNI: done in 0.842584 secs using 92.72% CPU
Iteration 60 / LogL: -21974.790 / Time: 0h:1m:55s (0h:2m:39s left)
Optimizing NNI: done in 0.875347 secs using 99.96% CPU
Optimizing NNI: done in 0.906602 secs using 94.79% CPU
Optimizing NNI: done in 1.05395 secs using 91.92% CPU
Optimizing NNI: done in 1.21477 secs using 92.61% CPU
Optimizing NNI: done in 0.953272 secs using 91.79% CPU
Optimizing NNI: done in 0.826582 secs using 98.3% CPU
Optimizing NNI: done in 0.910763 secs using 97.79% CPU
Optimizing NNI: done in 0.873387 secs using 98.4% CPU
BETTER TREE FOUND at iteration 68: -21974.782
Optimizing NNI: done in 0.755214 secs using 97.24% CPU
Optimizing NNI: done in 1.01083 secs using 78.83% CPU
Iteration 70 / LogL: -21974.793 / Time: 0h:2m:4s (0h:2m:57s left)
Optimizing NNI: done in 0.857147 secs using 91.15% CPU
Optimizing NNI: done in 0.934574 secs using 83.59% CPU
Optimizing NNI: done in 1.17672 secs using 95.6% CPU
Optimizing NNI: done in 0.89822 secs using 97.41% CPU
Optimizing NNI: done in 0.654708 secs using 97.85% CPU
Optimizing NNI: done in 0.76367 secs using 98.21% CPU
Optimizing NNI: done in 0.930746 secs using 99.05% CPU
Optimizing NNI: done in 0.9501 secs using 100.3% CPU
Optimizing NNI: done in 0.580075 secs using 102.4% CPU
Optimizing NNI: done in 0.96439 secs using 100.5% CPU
Iteration 80 / LogL: -21974.785 / Time: 0h:2m:13s (0h:2m:29s left)
Optimizing NNI: done in 1.14757 secs using 93.95% CPU
Optimizing NNI: done in 1.208 secs using 91.84% CPU
Optimizing NNI: done in 0.923399 secs using 98.14% CPU
Optimizing NNI: done in 1.01029 secs using 100.5% CPU
Optimizing NNI: done in 0.885699 secs using 97.03% CPU
BETTER TREE FOUND at iteration 85: -21974.782
Optimizing NNI: done in 0.837812 secs using 82.06% CPU
Optimizing NNI: done in 1.34423 secs using 84.85% CPU
Optimizing NNI: done in 0.934435 secs using 91.97% CPU
Optimizing NNI: done in 0.88145 secs using 97.5% CPU
Optimizing NNI: done in 0.768229 secs using 99.66% CPU
Iteration 90 / LogL: -21974.866 / Time: 0h:2m:24s (0h:2m:33s left)
Optimizing NNI: done in 0.617794 secs using 98.64% CPU
Optimizing NNI: done in 0.931692 secs using 90.56% CPU
Optimizing NNI: done in 0.832444 secs using 97.6% CPU
Optimizing NNI: done in 0.636828 secs using 95.69% CPU
Optimizing NNI: done in 0.930713 secs using 100.7% CPU
Optimizing NNI: done in 0.858048 secs using 96.51% CPU
Optimizing NNI: done in 0.987336 secs using 98.12% CPU
Optimizing NNI: done in 0.92662 secs using 99.49% CPU
Optimizing NNI: done in 0.745441 secs using 98.52% CPU
Optimizing NNI: done in 0.804192 secs using 99.09% CPU
Iteration 100 / LogL: -21974.788 / Time: 0h:2m:32s (0h:2m:11s left)
Log-likelihood cutoff on original alignment: -22021.437
NOTE: Bootstrap correlation coefficient of split occurrence frequencies: 0.998
Optimizing NNI: done in 0.834059 secs using 97.42% CPU
Optimizing NNI: done in 0.995622 secs using 91.02% CPU
Optimizing NNI: done in 0.725283 secs using 99.1% CPU
Optimizing NNI: done in 1.3562 secs using 74.89% CPU
Optimizing NNI: done in 1.17559 secs using 70.44% CPU
Optimizing NNI: done in 1.24835 secs using 85.11% CPU
Optimizing NNI: done in 0.798376 secs using 97.85% CPU
Optimizing NNI: done in 0.669484 secs using 98.02% CPU
Optimizing NNI: done in 0.768122 secs using 99.67% CPU
Optimizing NNI: done in 0.994855 secs using 92.66% CPU
Iteration 110 / LogL: -21974.785 / Time: 0h:2m:43s (0h:2m:14s left)
Optimizing NNI: done in 0.930447 secs using 99.08% CPU
Optimizing NNI: done in 0.588886 secs using 100.8% CPU
Optimizing NNI: done in 0.924247 secs using 94.67% CPU
Optimizing NNI: done in 1.0523 secs using 72.76% CPU
Optimizing NNI: done in 1.19807 secs using 93.9% CPU
Optimizing NNI: done in 1.31317 secs using 77.34% CPU
Optimizing NNI: done in 0.908223 secs using 87.74% CPU
Optimizing NNI: done in 1.08753 secs using 91.95% CPU
Optimizing NNI: done in 1.28291 secs using 86.47% CPU
Optimizing NNI: done in 1.307 secs using 82.49% CPU
Iteration 120 / LogL: -21976.401 / Time: 0h:2m:54s (0h:1m:57s left)
Optimizing NNI: done in 0.815466 secs using 90.06% CPU
Optimizing NNI: done in 1.16187 secs using 73.96% CPU
Optimizing NNI: done in 1.22227 secs using 79.26% CPU
Optimizing NNI: done in 1.37677 secs using 69.23% CPU
Optimizing NNI: done in 1.35331 secs using 70.43% CPU
Optimizing NNI: done in 0.921932 secs using 89.82% CPU
Optimizing NNI: done in 0.896988 secs using 97.55% CPU
Optimizing NNI: done in 0.791132 secs using 98.75% CPU
Optimizing NNI: done in 0.81075 secs using 96.36% CPU
Optimizing NNI: done in 0.608928 secs using 97.51% CPU
Iteration 130 / LogL: -21974.784 / Time: 0h:3m:5s (0h:1m:40s left)
Optimizing NNI: done in 0.894995 secs using 99.51% CPU
Optimizing NNI: done in 0.822444 secs using 98.79% CPU
Optimizing NNI: done in 0.802285 secs using 97.38% CPU
Optimizing NNI: done in 0.902334 secs using 100.4% CPU
Optimizing NNI: done in 0.947416 secs using 98.95% CPU
Optimizing NNI: done in 0.903984 secs using 98.52% CPU
Optimizing NNI: done in 0.982683 secs using 100.2% CPU
Optimizing NNI: done in 0.757507 secs using 99.01% CPU
Optimizing NNI: done in 0.804498 secs using 101% CPU
Optimizing NNI: done in 0.668453 secs using 98.17% CPU
Iteration 140 / LogL: -21974.785 / Time: 0h:3m:14s (0h:1m:23s left)
Optimizing NNI: done in 0.856525 secs using 98.51% CPU
Optimizing NNI: done in 0.627212 secs using 97.16% CPU
Optimizing NNI: done in 0.903966 secs using 98.52% CPU
Optimizing NNI: done in 0.918928 secs using 98.62% CPU
Optimizing NNI: done in 0.704391 secs using 99.82% CPU
Optimizing NNI: done in 0.94743 secs using 98.95% CPU
Optimizing NNI: done in 0.80495 secs using 100.9% CPU
Optimizing NNI: done in 0.75282 secs using 95.47% CPU
Optimizing NNI: done in 0.780684 secs using 100.1% CPU
Optimizing NNI: done in 0.616756 secs using 98.8% CPU
Iteration 150 / LogL: -21978.422 / Time: 0h:3m:22s (0h:1m:8s left)
Log-likelihood cutoff on original alignment: -22021.437
Optimizing NNI: done in 0.746075 secs using 98.43% CPU
Optimizing NNI: done in 1.01797 secs using 98.24% CPU
Optimizing NNI: done in 0.91855 secs using 98.66% CPU
Optimizing NNI: done in 0.772254 secs using 101.2% CPU
Optimizing NNI: done in 0.852336 secs using 97.16% CPU
Optimizing NNI: done in 0.769841 secs using 101.5% CPU
Optimizing NNI: done in 0.746924 secs using 98.32% CPU
Optimizing NNI: done in 0.716558 secs using 100.3% CPU
Optimizing NNI: done in 0.761835 secs using 100.5% CPU
Optimizing NNI: done in 0.803221 secs using 99.21% CPU
Iteration 160 / LogL: -21974.788 / Time: 0h:3m:31s (0h:0m:53s left)
Optimizing NNI: done in 0.737757 secs using 97.42% CPU
Optimizing NNI: done in 0.791206 secs using 98.74% CPU
Optimizing NNI: done in 0.868444 secs using 100.8% CPU
Optimizing NNI: done in 0.813467 secs using 97.96% CPU
Optimizing NNI: done in 0.849753 secs using 99.29% CPU
Optimizing NNI: done in 0.882043 secs using 99.2% CPU
Optimizing NNI: done in 0.897908 secs using 99.19% CPU
Optimizing NNI: done in 0.823092 secs using 98.71% CPU
Optimizing NNI: done in 0.817517 secs using 99.39% CPU
Optimizing NNI: done in 0.774565 secs using 98.85% CPU
Iteration 170 / LogL: -21974.868 / Time: 0h:3m:40s (0h:0m:39s left)
Optimizing NNI: done in 0.74269 secs using 98.88% CPU
Optimizing NNI: done in 0.585512 secs using 96.07% CPU
Optimizing NNI: done in 0.856449 secs using 98.52% CPU
Optimizing NNI: done in 0.907483 secs using 98.14% CPU
Optimizing NNI: done in 0.801872 secs using 95.48% CPU
Optimizing NNI: done in 0.741938 secs using 101.1% CPU
Optimizing NNI: done in 0.896562 secs using 97.6% CPU
Optimizing NNI: done in 0.939273 secs using 101.5% CPU
Optimizing NNI: done in 0.890778 secs using 98.23% CPU
Optimizing NNI: done in 0.911136 secs using 97.75% CPU
UPDATE BEST LOG-LIKELIHOOD: -21974.782
Iteration 180 / LogL: -21974.782 / Time: 0h:3m:48s (0h:0m:25s left)
Optimizing NNI: done in 0.856624 secs using 96.67% CPU
Optimizing NNI: done in 0.936825 secs using 96.74% CPU
Optimizing NNI: done in 0.959819 secs using 96.05% CPU
Optimizing NNI: done in 0.772902 secs using 101.1% CPU
Optimizing NNI: done in 1.03717 secs using 99.43% CPU
Optimizing NNI: done in 0.652535 secs using 95.78% CPU
TREE SEARCH COMPLETED AFTER 186 ITERATIONS / Time: 0h:3m:54s

--------------------------------------------------------------------
|                    FINALIZING TREE SEARCH                        |
--------------------------------------------------------------------
Performs final model parameters optimization
Estimate model parameters (epsilon = 0.010)
1. Initial log-likelihood: -21974.782
Optimal log-likelihood: -21974.781
Rate parameters:  A-C: 0.78812  A-G: 7.43109  A-T: 0.97588  C-G: 0.29613  C-T: 11.75144  G-T: 1.00000
Base frequencies:  A: 0.244  C: 0.305  G: 0.251  T: 0.200
Proportion of invariable sites: 0.497
Gamma shape alpha: 1.268
Parameters optimization took 1 rounds (0.156 sec)
BEST SCORE FOUND : -21974.781
Creating bootstrap support values...
Split supports printed to NEXUS file alignments_no_probang_etc\recombinant_free_regions\O\subsamples\sample4\O_637-2783_no_probang.splits.nex
Total tree length: 2.524

Total number of iterations: 186
CPU time used for tree search: 176.812 sec (0h:2m:56s)
Wall-clock time used for tree search: 199.369 sec (0h:3m:19s)
Total CPU time used: 207.031 sec (0h:3m:27s)
Total wall-clock time used: 235.111 sec (0h:3m:55s)

Computing bootstrap consensus tree...
Reading input file alignments_no_probang_etc\recombinant_free_regions\O\subsamples\sample4\O_637-2783_no_probang.splits.nex...
79 taxa and 444 splits.
Consensus tree written to alignments_no_probang_etc\recombinant_free_regions\O\subsamples\sample4\O_637-2783_no_probang.contree
Reading input trees file alignments_no_probang_etc\recombinant_free_regions\O\subsamples\sample4\O_637-2783_no_probang.contree
Log-likelihood of consensus tree: -21974.818

Analysis results written to: 
  IQ-TREE report:                alignments_no_probang_etc\recombinant_free_regions\O\subsamples\sample4\O_637-2783_no_probang.iqtree
  Maximum-likelihood tree:       alignments_no_probang_etc\recombinant_free_regions\O\subsamples\sample4\O_637-2783_no_probang.treefile
  Likelihood distances:          alignments_no_probang_etc\recombinant_free_regions\O\subsamples\sample4\O_637-2783_no_probang.mldist

Ultrafast bootstrap approximation results written to:
  Split support values:          alignments_no_probang_etc\recombinant_free_regions\O\subsamples\sample4\O_637-2783_no_probang.splits.nex
  Consensus tree:                alignments_no_probang_etc\recombinant_free_regions\O\subsamples\sample4\O_637-2783_no_probang.contree
  Screen log file:               alignments_no_probang_etc\recombinant_free_regions\O\subsamples\sample4\O_637-2783_no_probang.log

Date and Time: Thu Jan 15 15:33:11 2026
