IQ-TREE version 3.0.1 for Windows 64-bit built May  5 2025
Developed by Bui Quang Minh, Thomas Wong, Nhan Ly-Trong, Huaiyan Ren
Contributed by Lam-Tung Nguyen, Dominik Schrempf, Chris Bielow,
Olga Chernomor, Michael Woodhams, Diep Thi Hoang, Heiko Schmidt

Host:    DESKTOP-IAVMJI2 (AVX2, FMA3, 7 GB RAM)
Command: bin/iqtree3.exe -s alignments_no_probang_etc\Serotype_SAT3_complete_genomes_no_probang.fasta -bb 1000 -m GTR+F+I+G -pre alignments_no_probang_etc\Serotype_SAT3_complete_genomes_no_probang
Seed:    43246 (Using SPRNG - Scalable Parallel Random Number Generator)
Time:    Thu Jan 15 14:42:05 2026
Kernel:  AVX+FMA - 1 threads (8 CPU cores detected)

HINT: Use -nt option to specify number of threads because your CPU has 8 cores!
HINT: -nt AUTO will automatically determine the best number of threads to use.

Reading alignment file alignments_no_probang_etc\Serotype_SAT3_complete_genomes_no_probang.fasta ... Fasta format detected
Reading fasta file: done in 0.0038101 secs
Alignment most likely contains DNA/RNA sequences
Constructing alignment: done in 0.005269 secs
WARNING: 267 sites contain only gaps or ambiguous characters.
Alignment has 18 sequences with 7293 columns, 1465 distinct patterns
1445 parsimony-informative, 849 singleton sites, 4999 constant sites
                                                        Gap/Ambiguity  Composition  p-value
Analyzing sequences: done in 8.25999e-05 secs
   1  ON557390/ZMB/cow/2015/SAT3/I-SEZ/Unknown                  3.91%    passed     79.93%
   2  MW355677/ZAF/cattle/1979/SAT3/I-SEZ/Unknown               3.91%    passed     98.35%
   3  MW355676/ZWE/cattle/1976/SAT3/I-SEZ/Unknown               3.91%    passed     97.76%
   4  MH053352/ZWE/african-buffalo/1990/SAT3/III-NWZ/Unknown    3.91%    passed     95.76%
   5  MH053351/ZWE/cattle/1984/SAT3/II-WZ/Unknown               3.91%    passed     99.24%
   6  MH053350/ZWE/african-buffalo/1983/SAT3/I-SEZ/Unknown      3.91%    passed     98.49%
   7  MH053348/ZWE/cattle/1977/SAT3/I-SEZ/Unknown               3.91%    passed     97.95%
   8  MH053347/ZWE/cattle/1976/SAT3/I-SEZ/Unknown               3.91%    passed     89.94%
   9  MH053346/ZWE/cattle/1976/SAT3/I-SEZ/Unknown               3.91%    passed     98.84%
  10  MH053344/ZWE/cattle/1974/SAT3/I-SEZ/Unknown               3.91%    passed     97.68%
  11  MH053343/ZWE/cattle/1934/SAT3/III-NWZ/Unknown             3.91%    passed     97.20%
  12  MH053338/BWA/cattle/1966/SAT3/II-WZ/Unknown               3.91%    passed     99.11%
  13  KJ820999/UGA/cattle/2013/SAT3/V-EA/Unknown                3.91%    passed     71.69%
  14  KM268901/ZWE/cattle/1991/SAT3/I-SEZ/Unknown               3.91%    passed     89.38%
  15  AY593853/BWA/Unknown/1965/SAT3/II-WZ/Unknown              3.91%    passed     99.26%
  16  AY593852/KEN/Unknown/1960/SAT3/II-WZ/Unknown              3.91%    passed     85.06%
  17  AY593851/BWA/Unknown/1961/SAT3/II-WZ/Unknown              3.91%    passed     84.51%
  18  AY593850/ZAF/Unknown/1959/SAT3/I-SEZ/Unknown              3.91%    passed     96.84%
****  TOTAL                                                     3.91%  0 sequences failed composition chi2 test (p-value<5%; df=3)
Checking for duplicate sequences: done in 0.000125 secs
Creating fast initial parsimony tree by random order stepwise addition...
0.002 seconds, parsimony score: 5710 (based on 2294 sites)
Generating 1000 samples for ultrafast bootstrap (seed: 43246)...

NOTE: 9 MB RAM (0 GB) is required!
Estimate model parameters (epsilon = 0.100)
Thoroughly optimizing +I+G parameters from 10 start values...
Init pinv, alpha: 0.000, 1.000 / Estimate: 0.000, 0.180 / LogL: -34331.887
Init pinv, alpha: 0.076, 1.000 / Estimate: 0.413, 0.398 / LogL: -34244.967
Init pinv, alpha: 0.152, 1.000 / Estimate: 0.412, 0.396 / LogL: -34245.043
Init pinv, alpha: 0.228, 1.000 / Estimate: 0.412, 0.397 / LogL: -34245.030
Init pinv, alpha: 0.305, 1.000 / Estimate: 0.413, 0.397 / LogL: -34245.009
Init pinv, alpha: 0.381, 1.000 / Estimate: 0.413, 0.398 / LogL: -34244.993
Init pinv, alpha: 0.457, 1.000 / Estimate: 0.458, 0.464 / LogL: -34243.633
Init pinv, alpha: 0.533, 1.000 / Estimate: 0.492, 0.533 / LogL: -34244.437
Init pinv, alpha: 0.609, 1.000 / Estimate: 0.493, 0.534 / LogL: -34244.482
Init pinv, alpha: 0.685, 1.000 / Estimate: 0.493, 0.535 / LogL: -34244.489
Optimal pinv,alpha: 0.458, 0.464 / LogL: -34243.633

Parameters optimization took 25.670 sec
Wrote distance file to... 
Computing ML distances based on estimated model parameters...
Calculating distance matrix: done in 0.0034386 secs
Computing ML distances took 0.011952 sec (of wall-clock time) 0.000000 sec (of CPU time)
Setting up auxiliary I and S matrices: done in 8.41999e-05 secs
Constructing RapidNJ tree: done in 0.0001953 secs
Computing RapidNJ tree took 0.012951 sec (of wall-clock time) 0.000000 sec (of CPU time)
Log-likelihood of RapidNJ tree: -34236.052
--------------------------------------------------------------------
|             INITIALIZING CANDIDATE TREE SET                      |
--------------------------------------------------------------------
Generating 98 parsimony trees... 0.338 second
Computing log-likelihood of 98 initial trees ... 1.744 seconds
Current best score: -34236.052

Do NNI search on 20 best initial trees
Optimizing NNI: done in 0.249684 secs using 100.1% CPU
Estimate model parameters (epsilon = 0.100)
BETTER TREE FOUND at iteration 1: -34230.492
Optimizing NNI: done in 0.313823 secs using 99.58% CPU
Estimate model parameters (epsilon = 0.100)
BETTER TREE FOUND at iteration 2: -34228.627
Optimizing NNI: done in 0.39501 secs using 98.89% CPU
Optimizing NNI: done in 0.306265 secs using 102% CPU
Optimizing NNI: done in 0.32124 secs using 97.28% CPU
Optimizing NNI: done in 0.365299 secs using 89.82% CPU
Optimizing NNI: done in 0.328334 secs using 85.66% CPU
Optimizing NNI: done in 0.332988 secs using 89.15% CPU
Optimizing NNI: done in 0.316588 secs using 88.84% CPU
Optimizing NNI: done in 0.340303 secs using 101% CPU
Iteration 10 / LogL: -34229.257 / Time: 0h:0m:32s
Optimizing NNI: done in 0.436775 secs using 89.43% CPU
Optimizing NNI: done in 0.305695 secs using 97.11% CPU
Optimizing NNI: done in 0.334564 secs using 98.08% CPU
Optimizing NNI: done in 0.301482 secs using 93.29% CPU
Optimizing NNI: done in 0.363172 secs using 98.95% CPU
Optimizing NNI: done in 0.278785 secs using 84.07% CPU
Optimizing NNI: done in 0.358817 secs using 82.74% CPU
Optimizing NNI: done in 0.277215 secs using 95.82% CPU
Optimizing NNI: done in 0.284727 secs using 87.8% CPU
Optimizing NNI: done in 0.269518 secs using 86.96% CPU
Iteration 20 / LogL: -34231.276 / Time: 0h:0m:35s
Finish initializing candidate tree set (3)
Current best tree score: -34228.627 / CPU time: 9.352
Number of iterations: 20
--------------------------------------------------------------------
|               OPTIMIZING CANDIDATE TREE SET                      |
--------------------------------------------------------------------
Optimizing NNI: done in 0.320164 secs using 102.5% CPU
Optimizing NNI: done in 0.122244 secs using 102.3% CPU
Optimizing NNI: done in 0.195614 secs using 87.86% CPU
Optimizing NNI: done in 0.230003 secs using 88.31% CPU
Optimizing NNI: done in 0.248782 secs using 94.21% CPU
Optimizing NNI: done in 0.294799 secs using 58.3% CPU
Optimizing NNI: done in 0.2136 secs using 102.4% CPU
Optimizing NNI: done in 0.178594 secs using 105% CPU
Optimizing NNI: done in 0.192554 secs using 97.38% CPU
Optimizing NNI: done in 0.304781 secs using 92.28% CPU
Iteration 30 / LogL: -34229.571 / Time: 0h:0m:38s (0h:1m:34s left)
Optimizing NNI: done in 0.11557 secs using 94.64% CPU
Optimizing NNI: done in 0.22496 secs using 104.2% CPU
Optimizing NNI: done in 0.224153 secs using 90.62% CPU
Optimizing NNI: done in 0.389481 secs using 72.21% CPU
Optimizing NNI: done in 0.149246 secs using 104.7% CPU
Optimizing NNI: done in 0.220418 secs using 99.24% CPU
Optimizing NNI: done in 0.373606 secs using 75.28% CPU
Optimizing NNI: done in 0.274475 secs using 91.08% CPU
Optimizing NNI: done in 0.185926 secs using 100.8% CPU
Optimizing NNI: done in 0.420092 secs using 89.27% CPU
Iteration 40 / LogL: -34237.308 / Time: 0h:0m:40s (0h:1m:5s left)
Optimizing NNI: done in 0.262982 secs using 95.06% CPU
Optimizing NNI: done in 0.227597 secs using 103% CPU
Optimizing NNI: done in 0.271519 secs using 92.07% CPU
Optimizing NNI: done in 0.309371 secs using 80.81% CPU
Optimizing NNI: done in 0.178115 secs using 105.3% CPU
Optimizing NNI: done in 0.335571 secs using 83.81% CPU
Optimizing NNI: done in 0.322579 secs using 87.19% CPU
Optimizing NNI: done in 0.261278 secs using 101.7% CPU
Optimizing NNI: done in 0.27866 secs using 84.11% CPU
Optimizing NNI: done in 0.429996 secs using 90.84% CPU
Iteration 50 / LogL: -34230.688 / Time: 0h:0m:44s (0h:0m:46s left)
Log-likelihood cutoff on original alignment: -34264.924
Optimizing NNI: done in 0.246422 secs using 82.43% CPU
Optimizing NNI: done in 0.30829 secs using 91.23% CPU
Optimizing NNI: done in 0.207128 secs using 105.6% CPU
Optimizing NNI: done in 0.333298 secs using 89.07% CPU
Optimizing NNI: done in 0.33081 secs using 94.47% CPU
Optimizing NNI: done in 0.140824 secs using 99.86% CPU
Optimizing NNI: done in 0.334335 secs using 88.8% CPU
Optimizing NNI: done in 0.278325 secs using 101.1% CPU
Optimizing NNI: done in 0.23967 secs using 97.79% CPU
Optimizing NNI: done in 0.323457 secs using 96.61% CPU
Iteration 60 / LogL: -34228.731 / Time: 0h:0m:47s (0h:0m:33s left)
Optimizing NNI: done in 0.339221 secs using 96.73% CPU
Optimizing NNI: done in 0.353907 secs using 97.13% CPU
Optimizing NNI: done in 0.175041 secs using 98.19% CPU
Optimizing NNI: done in 0.317363 secs using 93.54% CPU
Optimizing NNI: done in 0.279933 secs using 100.5% CPU
Optimizing NNI: done in 0.197643 secs using 102.8% CPU
Optimizing NNI: done in 0.273365 secs using 102.9% CPU
Optimizing NNI: done in 0.262118 secs using 95.38% CPU
Optimizing NNI: done in 0.263373 secs using 100.9% CPU
Optimizing NNI: done in 0.228533 secs using 102.6% CPU
Iteration 70 / LogL: -34228.694 / Time: 0h:0m:50s (0h:0m:23s left)
Optimizing NNI: done in 0.28891 secs using 97.35% CPU
Optimizing NNI: done in 0.219845 secs using 92.39% CPU
Optimizing NNI: done in 0.382083 secs using 85.88% CPU
Optimizing NNI: done in 0.340899 secs using 100.8% CPU
Optimizing NNI: done in 0.430113 secs using 83.55% CPU
Optimizing NNI: done in 0.202045 secs using 100.5% CPU
Optimizing NNI: done in 0.228871 secs using 95.58% CPU
Optimizing NNI: done in 0.217189 secs using 100.7% CPU
Optimizing NNI: done in 0.360332 secs using 86.73% CPU
Optimizing NNI: done in 0.266903 secs using 99.52% CPU
Iteration 80 / LogL: -34228.824 / Time: 0h:0m:53s (0h:0m:14s left)
Optimizing NNI: done in 0.215895 secs using 86.85% CPU
Optimizing NNI: done in 0.312539 secs using 94.99% CPU
Optimizing NNI: done in 0.223214 secs using 98% CPU
Optimizing NNI: done in 0.279319 secs using 95.1% CPU
Optimizing NNI: done in 0.263179 secs using 83.12% CPU
Optimizing NNI: done in 0.227663 secs using 96.08% CPU
Optimizing NNI: done in 0.23941 secs using 91.37% CPU
Optimizing NNI: done in 0.214069 secs using 94.89% CPU
Optimizing NNI: done in 0.306503 secs using 102% CPU
Optimizing NNI: done in 0.361787 secs using 99.33% CPU
Iteration 90 / LogL: -34230.540 / Time: 0h:0m:56s (0h:0m:7s left)
Optimizing NNI: done in 0.210179 secs using 89.21% CPU
Optimizing NNI: done in 0.251698 secs using 99.33% CPU
Optimizing NNI: done in 0.129882 secs using 72.18% CPU
Optimizing NNI: done in 0.273471 secs using 97.13% CPU
Optimizing NNI: done in 0.230407 secs using 94.94% CPU
Optimizing NNI: done in 0.24235 secs using 103.2% CPU
Optimizing NNI: done in 0.23271 secs using 100.7% CPU
Optimizing NNI: done in 0.314086 secs using 94.52% CPU
Optimizing NNI: done in 0.202373 secs using 100.4% CPU
Optimizing NNI: done in 0.288756 secs using 102.8% CPU
Iteration 100 / LogL: -34230.564 / Time: 0h:0m:58s (0h:0m:1s left)
Log-likelihood cutoff on original alignment: -34265.439
NOTE: Bootstrap correlation coefficient of split occurrence frequencies: 1.000
Optimizing NNI: done in 0.230183 secs using 95.03% CPU
Optimizing NNI: done in 0.159822 secs using 97.76% CPU
Optimizing NNI: done in 0.257569 secs using 103.1% CPU
TREE SEARCH COMPLETED AFTER 103 ITERATIONS / Time: 0h:0m:59s

--------------------------------------------------------------------
|                    FINALIZING TREE SEARCH                        |
--------------------------------------------------------------------
Performs final model parameters optimization
Estimate model parameters (epsilon = 0.010)
1. Initial log-likelihood: -34228.627
Optimal log-likelihood: -34228.623
Rate parameters:  A-C: 0.94482  A-G: 4.64378  A-T: 1.06389  C-G: 0.53410  C-T: 7.58910  G-T: 1.00000
Base frequencies:  A: 0.255  C: 0.284  G: 0.251  T: 0.209
Proportion of invariable sites: 0.457
Gamma shape alpha: 0.467
Parameters optimization took 1 rounds (0.078 sec)
BEST SCORE FOUND : -34228.623
Creating bootstrap support values...
Split supports printed to NEXUS file alignments_no_probang_etc\Serotype_SAT3_complete_genomes_no_probang.splits.nex
Total tree length: 1.634

Total number of iterations: 103
CPU time used for tree search: 30.422 sec (0h:0m:30s)
Wall-clock time used for tree search: 33.301 sec (0h:0m:33s)
Total CPU time used: 55.250 sec (0h:0m:55s)
Total wall-clock time used: 59.823 sec (0h:0m:59s)

Computing bootstrap consensus tree...
Reading input file alignments_no_probang_etc\Serotype_SAT3_complete_genomes_no_probang.splits.nex...
18 taxa and 71 splits.
Consensus tree written to alignments_no_probang_etc\Serotype_SAT3_complete_genomes_no_probang.contree
Reading input trees file alignments_no_probang_etc\Serotype_SAT3_complete_genomes_no_probang.contree
Log-likelihood of consensus tree: -34228.623

Analysis results written to: 
  IQ-TREE report:                alignments_no_probang_etc\Serotype_SAT3_complete_genomes_no_probang.iqtree
  Maximum-likelihood tree:       alignments_no_probang_etc\Serotype_SAT3_complete_genomes_no_probang.treefile
  Likelihood distances:          alignments_no_probang_etc\Serotype_SAT3_complete_genomes_no_probang.mldist

Ultrafast bootstrap approximation results written to:
  Split support values:          alignments_no_probang_etc\Serotype_SAT3_complete_genomes_no_probang.splits.nex
  Consensus tree:                alignments_no_probang_etc\Serotype_SAT3_complete_genomes_no_probang.contree
  Screen log file:               alignments_no_probang_etc\Serotype_SAT3_complete_genomes_no_probang.log

Date and Time: Thu Jan 15 14:43:05 2026
