IQ-TREE version 3.0.1 for Windows 64-bit built May  5 2025
Developed by Bui Quang Minh, Thomas Wong, Nhan Ly-Trong, Huaiyan Ren
Contributed by Lam-Tung Nguyen, Dominik Schrempf, Chris Bielow,
Olga Chernomor, Michael Woodhams, Diep Thi Hoang, Heiko Schmidt

Host:    DESKTOP-IAVMJI2 (AVX2, FMA3, 7 GB RAM)
Command: bin/iqtree3.exe -s alignments_no_probang_etc\Serotype_SAT2_complete_genomes_no_probang.fasta -bb 1000 -m GTR+F+I+G -pre alignments_no_probang_etc\Serotype_SAT2_complete_genomes_no_probang
Seed:    405001 (Using SPRNG - Scalable Parallel Random Number Generator)
Time:    Thu Jan 15 14:50:30 2026
Kernel:  AVX+FMA - 1 threads (8 CPU cores detected)

HINT: Use -nt option to specify number of threads because your CPU has 8 cores!
HINT: -nt AUTO will automatically determine the best number of threads to use.

Reading alignment file alignments_no_probang_etc\Serotype_SAT2_complete_genomes_no_probang.fasta ... Fasta format detected
Reading fasta file: done in 0.0353256 secs using 44.23% CPU
Alignment most likely contains DNA/RNA sequences
Constructing alignment: done in 0.0235732 secs using 66.28% CPU
WARNING: 264 sites contain only gaps or ambiguous characters.
Alignment has 142 sequences with 7293 columns, 2790 distinct patterns
2769 parsimony-informative, 374 singleton sites, 4150 constant sites
                                                    Gap/Ambiguity  Composition  p-value
Analyzing sequences: done in 0.005028 secs using 310.8% CPU
   1  JF749864/ZWE/Unknown/2003/SAT2/I/Unknown              3.91%    passed     58.43%
   2  JF749862/UGA/Unknown/2002/SAT2/X/Unknown              3.91%    passed     62.15%
   3  JF749861/KEN/Unknown/2002/SAT2/IV/Unknown             3.91%    passed     99.33%
   4  KC440884/EGY/Unknown/2012/SAT2/VII/Unknown            3.91%    passed     77.62%
   5  OQ557397/ETH/cow/2022/SAT2/XIV/Unknown                3.87%    passed     97.56%
   6  OQ557396/ETH/cattle/1991/SAT2/XIV/Unknown             3.91%    passed     94.63%
   7  OQ401874/NER/cattle/2020/SAT2/VII/Unknown             3.91%    passed     95.56%
   8  OQ401873/NER/cattle/2020/SAT2/VII/Unknown             3.91%    passed     95.16%
   9  OQ401872/NER/cattle/2020/SAT2/VII/Unknown             3.87%    passed     96.86%
  10  OQ401871/NER/cattle/2020/SAT2/VII/Unknown             3.91%    passed     94.49%
  11  OQ401869/NER/cattle/2020/SAT2/VII/Unknown             3.91%    passed     98.11%
  12  OQ401868/NER/cattle/2020/SAT2/VII/Unknown             3.91%    passed     98.39%
  13  OQ401867/NER/cattle/2020/SAT2/VII/Unknown             3.91%    passed     96.63%
  14  OQ401866/NER/cattle/2020/SAT2/VII/Unknown             3.87%    passed     96.04%
  15  OQ401865/NER/cattle/2020/SAT2/VII/Unknown             3.87%    passed     96.39%
  16  MW355673/ZWE/cattle/1989/SAT2/II/Unknown              3.91%    passed     42.08%
  17  MW355671/MOZ/Unknown/1970/SAT2/I/Unknown              3.91%    passed     94.67%
  18  MW715629/NER/cow/2017/SAT2/VII/Unknown                3.91%    passed     86.64%
  19  MW715628/NER/cow/2017/SAT2/VII/Unknown                3.91%    passed     86.78%
  20  MW715627/NER/cow/2017/SAT2/VII/Unknown                3.91%    passed     83.19%
  21  MW715626/NER/cow/2017/SAT2/VII/Unknown                3.91%    passed     83.13%
  22  MW715624/NER/cow/2017/SAT2/VII/Unknown                3.91%    passed     83.08%
  23  MW715623/NER/cow/2017/SAT2/VII/Unknown                3.91%    passed     79.94%
  24  MW715622/NER/cow/2018/SAT2/VII/Unknown                3.91%    passed     80.02%
  25  MT602092/KEN/cattle/2017/SAT2/IV/Unknown              3.95%    passed     96.36%
  26  MT602090/ETH/cattle/2015/SAT2/VII/Unknown             3.87%    passed     90.03%
  27  MT602089/EGY/cattle/2018/SAT2/VII/Unknown             3.91%    passed     83.52%
  28  MN103523/NER/cow/2014/SAT2/VII/Unknown                3.91%    passed     60.30%
  29  MN116692/KEN/cow/2014/SAT2/IV/Unknown                 3.91%    passed     96.97%
  30  MH053335/ZWE/cattle/1965/SAT2/I/Unknown               3.91%    passed     60.75%
  31  MH053334/ZMB/cattle/1964/SAT2/III/Unknown             3.92%    passed     75.30%
  32  MH053333/ETH/cattle/1989/SAT2/IV/Unknown              3.91%    passed     85.84%
  33  MH053332/BWA/african-buffalo/1974/SAT2/II/Unknown     3.92%    passed     84.02%
  34  MH053331/BWA/african-buffalo/1972/SAT2/II/Unknown     3.91%    passed     74.67%
  35  MH053328/BWA/african-buffalo/1968/SAT2/III/Unknown    3.91%    passed     87.48%
  36  KU821592/ZMB/cow/2009/SAT2/III/Unknown                3.91%    passed     90.76%
  37  KM268900/TZA/cattle/2012/SAT2/IV/Unknown              3.91%    passed     98.63%
  38  JX014256/PSE/cattle/2012/SAT2/VII/Unknown             3.91%    passed     77.13%
  39  JX014255/EGY/Unknown/2012/SAT2/VII/Unknown            3.91%    passed     69.52%
  40  HM067705/UGA/african-buffalo/2007/SAT2/X/Unknown      3.91%    passed     87.83%
  41  HM067704/UGA/african-buffalo/2007/SAT2/X/Unknown      3.91%    passed     99.17%
  42  AY593849/KEN/Unknown/1960/SAT2/IX/Unknown             3.91%    passed     80.10%
  43  AY593848/Unknown/Unknown/1967/SAT2/I/Unknown          3.91%    passed     54.07%
  44  AY593847/ZWE/Unknown/1948/SAT2/III/Unknown            3.91%    passed     92.80%
  45  AJ251473/KEN/Unknown/1957/SAT2/IX/Unknown             3.91%    passed     67.83%
  46  OM562600/KEN/cow/2016/SAT2/IV/Unknown                 3.91%    passed     55.68%
  47  OM562599/KEN/cow/2016/SAT2/IV/Unknown                 3.91%    passed     87.55%
  48  OM562598/KEN/cow/2016/SAT2/IV/Unknown                 3.91%    passed     83.63%
  49  OM562597/KEN/cow/2016/SAT2/IV/Unknown                 3.91%    passed     95.97%
  50  OM562596/KEN/cow/2016/SAT2/IV/Unknown                 3.91%    passed     95.67%
  51  OM562595/KEN/cow/2016/SAT2/IV/Unknown                 3.91%    passed     91.21%
  52  OM562593/KEN/cow/2016/SAT2/IV/Unknown                 3.91%    passed     93.98%
  53  OM562592/KEN/cow/2016/SAT2/IV/Unknown                 3.91%    passed     99.39%
  54  OM562589/KEN/cow/2016/SAT2/IV/Unknown                 3.91%    passed     98.76%
  55  OM562588/KEN/cow/2016/SAT2/IV/Unknown                 3.91%    passed     99.88%
  56  OM562587/KEN/cow/2016/SAT2/IV/Unknown                 3.91%    passed     99.70%
  57  OM562586/KEN/cow/2016/SAT2/IV/Unknown                 3.91%    passed     95.46%
  58  OM562585/KEN/cow/2016/SAT2/IV/Unknown                 3.91%    passed     98.86%
  59  OM562584/KEN/cow/2016/SAT2/IV/Unknown                 3.91%    passed     99.99%
  60  OM562583/KEN/cow/2016/SAT2/IV/Unknown                 3.91%    passed     98.78%
  61  OM562581/KEN/cow/2016/SAT2/IV/Unknown                 3.91%    passed     98.80%
  62  OM562580/KEN/cow/2016/SAT2/IV/Unknown                 3.91%    passed     99.59%
  63  OM562578/KEN/cow/2016/SAT2/IV/Unknown                 3.91%    passed     99.16%
  64  OM562577/KEN/cow/2016/SAT2/IV/Unknown                 3.91%    passed     99.14%
  65  OM562575/KEN/cow/2016/SAT2/IV/Unknown                 3.91%    passed     98.53%
  66  OM562572/KEN/cow/2016/SAT2/IV/Unknown                 3.91%    passed     85.79%
  67  OM562570/KEN/cow/2016/SAT2/IV/Unknown                 3.91%    passed     98.94%
  68  OM562569/KEN/cow/2016/SAT2/IV/Unknown                 3.91%    passed     98.59%
  69  OM562568/KEN/cow/2016/SAT2/IV/Unknown                 3.91%    passed     99.10%
  70  OM562567/KEN/cow/2016/SAT2/IV/Unknown                 3.91%    passed     95.33%
  71  OM562564/KEN/cow/2016/SAT2/IV/Unknown                 3.91%    passed     99.78%
  72  OM562562/KEN/cow/2016/SAT2/IV/Unknown                 3.91%    passed     96.20%
  73  OM562561/KEN/cow/2016/SAT2/IV/Unknown                 3.91%    passed     91.44%
  74  OM562554/KEN/cow/2016/SAT2/IV/Unknown                 3.91%    passed     96.11%
  75  OM562553/KEN/cow/2016/SAT2/IV/Unknown                 3.91%    passed     99.46%
  76  OM562552/KEN/cow/2016/SAT2/IV/Unknown                 3.91%    passed     94.75%
  77  OM562551/KEN/cow/2016/SAT2/IV/Unknown                 3.91%    passed     98.87%
  78  OM562550/KEN/cow/2016/SAT2/IV/Unknown                 3.91%    passed     99.31%
  79  OM562549/KEN/cow/2016/SAT2/IV/Unknown                 3.91%    passed     87.88%
  80  OM562548/KEN/cow/2016/SAT2/IV/Unknown                 3.91%    passed     99.51%
  81  OM562544/KEN/cow/2016/SAT2/IV/Unknown                 3.91%    passed     99.70%
  82  OM562513/KEN/cow/2016/SAT2/IV/Unknown                 3.95%    passed     96.70%
  83  OM562512/KEN/cow/2016/SAT2/IV/Unknown                 3.91%    passed     97.34%
  84  OM562511/KEN/cow/2016/SAT2/IV/Unknown                 3.91%    passed     96.80%
  85  OM562510/KEN/cow/2016/SAT2/IV/Unknown                 3.95%    passed     97.26%
  86  OM562509/KEN/cow/2016/SAT2/IV/Unknown                 3.91%    passed     96.80%
  87  OM562508/KEN/cow/2016/SAT2/IV/Unknown                 3.91%    passed     96.80%
  88  OM562507/KEN/cow/2016/SAT2/IV/Unknown                 3.91%    passed     99.91%
  89  OM562506/KEN/cow/2016/SAT2/IV/Unknown                 3.91%    passed     99.91%
  90  OM562505/KEN/cow/2016/SAT2/IV/Unknown                 3.91%    passed     99.91%
  91  OM562504/KEN/cow/2016/SAT2/IV/Unknown                 3.91%    passed     99.91%
  92  OM562503/KEN/cow/2016/SAT2/IV/Unknown                 3.91%    passed     99.91%
  93  OM562502/KEN/cow/2016/SAT2/IV/Unknown                 3.91%    passed     99.91%
  94  OM562501/KEN/cow/2016/SAT2/IV/Unknown                 3.91%    passed     99.39%
  95  OM562500/KEN/cow/2016/SAT2/IV/Unknown                 3.91%    passed     99.39%
  96  OM562499/KEN/cow/2016/SAT2/IV/Unknown                 3.91%    passed     99.39%
  97  OM562498/KEN/cow/2016/SAT2/IV/Unknown                 3.91%    passed     99.35%
  98  OM562497/KEN/cow/2016/SAT2/IV/Unknown                 3.91%    passed     99.16%
  99  OM562496/KEN/cow/2016/SAT2/IV/Unknown                 3.91%    passed     99.39%
 100  OM562495/KEN/cow/2016/SAT2/IV/Unknown                 3.91%    passed     99.39%
 101  OM562494/KEN/cow/2016/SAT2/IV/Unknown                 3.91%    passed     99.39%
 102  OM562493/KEN/cow/2016/SAT2/IV/Unknown                 3.91%    passed     99.39%
 103  OM562492/KEN/cow/2016/SAT2/IV/Unknown                 3.91%    passed     99.92%
 104  OM562491/KEN/cow/2016/SAT2/IV/Unknown                 3.91%    passed     99.92%
 105  OM562490/KEN/cow/2016/SAT2/IV/Unknown                 3.91%    passed     99.92%
 106  OM562489/KEN/cow/2016/SAT2/IV/Unknown                 3.91%    passed     99.92%
 107  OM562488/KEN/cow/2016/SAT2/IV/Unknown                 3.91%    passed     99.92%
 108  OM562487/KEN/cow/2016/SAT2/IV/Unknown                 3.91%    passed     99.92%
 109  OM562486/KEN/cow/2016/SAT2/IV/Unknown                 3.91%    passed     99.92%
 110  OM562485/KEN/cow/2016/SAT2/IV/Unknown                 3.91%    passed     99.96%
 111  OM562484/KEN/cow/2016/SAT2/IV/Unknown                 3.91%    passed     99.91%
 112  OM562483/KEN/cow/2016/SAT2/IV/Unknown                 3.91%    passed     99.92%
 113  OM562482/KEN/cow/2016/SAT2/IV/Unknown                 3.91%    passed     99.92%
 114  OM562481/KEN/cow/2016/SAT2/IV/Unknown                 3.91%    passed     99.92%
 115  OM562480/KEN/cow/2016/SAT2/IV/Unknown                 3.91%    passed     99.92%
 116  OM562479/KEN/cow/2016/SAT2/IV/Unknown                 3.91%    passed     99.92%
 117  OM562478/KEN/cow/2016/SAT2/IV/Unknown                 3.91%    passed     99.92%
 118  OM562477/KEN/cow/2016/SAT2/IV/Unknown                 3.91%    passed     99.92%
 119  OM562476/KEN/cow/2016/SAT2/IV/Unknown                 3.91%    passed     99.43%
 120  OM562475/KEN/cow/2016/SAT2/IV/Unknown                 3.91%    passed     99.43%
 121  OM562474/KEN/cow/2016/SAT2/IV/Unknown                 3.91%    passed     99.46%
 122  OM562473/KEN/cow/2016/SAT2/IV/Unknown                 3.91%    passed     97.52%
 123  OM562472/KEN/cow/2016/SAT2/IV/Unknown                 3.91%    passed     98.34%
 124  OM562471/KEN/cow/2016/SAT2/IV/Unknown                 3.91%    passed     98.34%
 125  OM562470/KEN/cow/2016/SAT2/IV/Unknown                 3.91%    passed     98.34%
 126  OM562469/KEN/cow/2016/SAT2/IV/Unknown                 3.91%    passed     98.34%
 127  OM562468/KEN/cow/2016/SAT2/IV/Unknown                 3.91%    passed     98.51%
 128  OM562467/KEN/cow/2016/SAT2/IV/Unknown                 3.91%    passed     98.34%
 129  OM562466/KEN/cow/2016/SAT2/IV/Unknown                 3.91%    passed     98.34%
 130  OM562465/KEN/cow/2016/SAT2/IV/Unknown                 3.91%    passed     98.34%
 131  OM562464/KEN/cow/2016/SAT2/IV/Unknown                 3.91%    passed     98.34%
 132  OM562463/KEN/cow/2016/SAT2/IV/Unknown                 3.91%    passed     98.34%
 133  OM562462/KEN/cow/2016/SAT2/IV/Unknown                 3.91%    passed     98.34%
 134  OM562461/KEN/cow/2016/SAT2/IV/Unknown                 3.91%    passed     98.53%
 135  OM562460/KEN/cow/2016/SAT2/IV/Unknown                 3.91%    passed     98.51%
 136  OM562459/KEN/cow/2016/SAT2/IV/Unknown                 3.91%    passed     98.34%
 137  OM562458/KEN/cow/2016/SAT2/IV/Unknown                 3.91%    passed     98.72%
 138  OM562457/KEN/cow/2016/SAT2/IV/Unknown                 3.91%    passed     98.34%
 139  OM562456/KEN/cow/2016/SAT2/IV/Unknown                 3.91%    passed     99.67%
 140  OM562455/KEN/cow/2016/SAT2/IV/Unknown                 3.91%    passed     99.67%
 141  OM562454/KEN/cow/2016/SAT2/IV/Unknown                 3.91%    passed     99.67%
 142  OM562453/KEN/cow/2016/SAT2/IV/Unknown                 3.91%    passed     99.71%
****  TOTAL                                                 3.91%  0 sequences failed composition chi2 test (p-value<5%; df=3)
NOTE: OM562509/KEN/cow/2016/SAT2/IV/Unknown is identical to OM562511/KEN/cow/2016/SAT2/IV/Unknown but kept for subsequent analysis
NOTE: OM562506/KEN/cow/2016/SAT2/IV/Unknown is identical to OM562507/KEN/cow/2016/SAT2/IV/Unknown but kept for subsequent analysis
NOTE: OM562500/KEN/cow/2016/SAT2/IV/Unknown is identical to OM562501/KEN/cow/2016/SAT2/IV/Unknown but kept for subsequent analysis
NOTE: OM562491/KEN/cow/2016/SAT2/IV/Unknown is identical to OM562492/KEN/cow/2016/SAT2/IV/Unknown but kept for subsequent analysis
NOTE: OM562475/KEN/cow/2016/SAT2/IV/Unknown is identical to OM562476/KEN/cow/2016/SAT2/IV/Unknown but kept for subsequent analysis
NOTE: OM562471/KEN/cow/2016/SAT2/IV/Unknown is identical to OM562472/KEN/cow/2016/SAT2/IV/Unknown but kept for subsequent analysis
NOTE: OM562455/KEN/cow/2016/SAT2/IV/Unknown is identical to OM562456/KEN/cow/2016/SAT2/IV/Unknown but kept for subsequent analysis
Checking for duplicate sequences: done in 0.0883968 secs
Identifying sites to remove: done in 0.0297474 secs using 105.1% CPU
NOTE: 33 identical sequences (see below) will be ignored for subsequent analysis
NOTE: OM562508/KEN/cow/2016/SAT2/IV/Unknown (identical to OM562511/KEN/cow/2016/SAT2/IV/Unknown) is ignored but added at the end
NOTE: OM562505/KEN/cow/2016/SAT2/IV/Unknown (identical to OM562507/KEN/cow/2016/SAT2/IV/Unknown) is ignored but added at the end
NOTE: OM562504/KEN/cow/2016/SAT2/IV/Unknown (identical to OM562507/KEN/cow/2016/SAT2/IV/Unknown) is ignored but added at the end
NOTE: OM562503/KEN/cow/2016/SAT2/IV/Unknown (identical to OM562507/KEN/cow/2016/SAT2/IV/Unknown) is ignored but added at the end
NOTE: OM562502/KEN/cow/2016/SAT2/IV/Unknown (identical to OM562507/KEN/cow/2016/SAT2/IV/Unknown) is ignored but added at the end
NOTE: OM562499/KEN/cow/2016/SAT2/IV/Unknown (identical to OM562501/KEN/cow/2016/SAT2/IV/Unknown) is ignored but added at the end
NOTE: OM562496/KEN/cow/2016/SAT2/IV/Unknown (identical to OM562501/KEN/cow/2016/SAT2/IV/Unknown) is ignored but added at the end
NOTE: OM562495/KEN/cow/2016/SAT2/IV/Unknown (identical to OM562501/KEN/cow/2016/SAT2/IV/Unknown) is ignored but added at the end
NOTE: OM562494/KEN/cow/2016/SAT2/IV/Unknown (identical to OM562501/KEN/cow/2016/SAT2/IV/Unknown) is ignored but added at the end
NOTE: OM562493/KEN/cow/2016/SAT2/IV/Unknown (identical to OM562501/KEN/cow/2016/SAT2/IV/Unknown) is ignored but added at the end
NOTE: OM562490/KEN/cow/2016/SAT2/IV/Unknown (identical to OM562492/KEN/cow/2016/SAT2/IV/Unknown) is ignored but added at the end
NOTE: OM562489/KEN/cow/2016/SAT2/IV/Unknown (identical to OM562492/KEN/cow/2016/SAT2/IV/Unknown) is ignored but added at the end
NOTE: OM562488/KEN/cow/2016/SAT2/IV/Unknown (identical to OM562492/KEN/cow/2016/SAT2/IV/Unknown) is ignored but added at the end
NOTE: OM562487/KEN/cow/2016/SAT2/IV/Unknown (identical to OM562492/KEN/cow/2016/SAT2/IV/Unknown) is ignored but added at the end
NOTE: OM562486/KEN/cow/2016/SAT2/IV/Unknown (identical to OM562492/KEN/cow/2016/SAT2/IV/Unknown) is ignored but added at the end
NOTE: OM562483/KEN/cow/2016/SAT2/IV/Unknown (identical to OM562492/KEN/cow/2016/SAT2/IV/Unknown) is ignored but added at the end
NOTE: OM562482/KEN/cow/2016/SAT2/IV/Unknown (identical to OM562492/KEN/cow/2016/SAT2/IV/Unknown) is ignored but added at the end
NOTE: OM562481/KEN/cow/2016/SAT2/IV/Unknown (identical to OM562492/KEN/cow/2016/SAT2/IV/Unknown) is ignored but added at the end
NOTE: OM562480/KEN/cow/2016/SAT2/IV/Unknown (identical to OM562492/KEN/cow/2016/SAT2/IV/Unknown) is ignored but added at the end
NOTE: OM562479/KEN/cow/2016/SAT2/IV/Unknown (identical to OM562492/KEN/cow/2016/SAT2/IV/Unknown) is ignored but added at the end
NOTE: OM562478/KEN/cow/2016/SAT2/IV/Unknown (identical to OM562492/KEN/cow/2016/SAT2/IV/Unknown) is ignored but added at the end
NOTE: OM562477/KEN/cow/2016/SAT2/IV/Unknown (identical to OM562492/KEN/cow/2016/SAT2/IV/Unknown) is ignored but added at the end
NOTE: OM562470/KEN/cow/2016/SAT2/IV/Unknown (identical to OM562472/KEN/cow/2016/SAT2/IV/Unknown) is ignored but added at the end
NOTE: OM562469/KEN/cow/2016/SAT2/IV/Unknown (identical to OM562472/KEN/cow/2016/SAT2/IV/Unknown) is ignored but added at the end
NOTE: OM562467/KEN/cow/2016/SAT2/IV/Unknown (identical to OM562472/KEN/cow/2016/SAT2/IV/Unknown) is ignored but added at the end
NOTE: OM562466/KEN/cow/2016/SAT2/IV/Unknown (identical to OM562472/KEN/cow/2016/SAT2/IV/Unknown) is ignored but added at the end
NOTE: OM562465/KEN/cow/2016/SAT2/IV/Unknown (identical to OM562472/KEN/cow/2016/SAT2/IV/Unknown) is ignored but added at the end
NOTE: OM562464/KEN/cow/2016/SAT2/IV/Unknown (identical to OM562472/KEN/cow/2016/SAT2/IV/Unknown) is ignored but added at the end
NOTE: OM562463/KEN/cow/2016/SAT2/IV/Unknown (identical to OM562472/KEN/cow/2016/SAT2/IV/Unknown) is ignored but added at the end
NOTE: OM562462/KEN/cow/2016/SAT2/IV/Unknown (identical to OM562472/KEN/cow/2016/SAT2/IV/Unknown) is ignored but added at the end
NOTE: OM562459/KEN/cow/2016/SAT2/IV/Unknown (identical to OM562472/KEN/cow/2016/SAT2/IV/Unknown) is ignored but added at the end
NOTE: OM562457/KEN/cow/2016/SAT2/IV/Unknown (identical to OM562472/KEN/cow/2016/SAT2/IV/Unknown) is ignored but added at the end
NOTE: OM562454/KEN/cow/2016/SAT2/IV/Unknown (identical to OM562456/KEN/cow/2016/SAT2/IV/Unknown) is ignored but added at the end
Alignment was printed to alignments_no_probang_etc\Serotype_SAT2_complete_genomes_no_probang.uniqueseq.phy

For your convenience alignment with unique sequences printed to alignments_no_probang_etc\Serotype_SAT2_complete_genomes_no_probang.uniqueseq.phy
Creating fast initial parsimony tree by random order stepwise addition...
0.099 seconds, parsimony score: 16355 (based on 3143 sites)
Generating 1000 samples for ultrafast bootstrap (seed: 405001)...

NOTE: 50 MB RAM (0 GB) is required!
Estimate model parameters (epsilon = 0.100)
Thoroughly optimizing +I+G parameters from 10 start values...
Init pinv, alpha: 0.000, 1.000 / Estimate: 0.000, 0.255 / LogL: -83914.566
Init pinv, alpha: 0.063, 1.000 / Estimate: 0.442, 0.678 / LogL: -83595.384
Init pinv, alpha: 0.126, 1.000 / Estimate: 0.442, 0.679 / LogL: -83595.381
Init pinv, alpha: 0.190, 1.000 / Estimate: 0.442, 0.677 / LogL: -83595.434
Init pinv, alpha: 0.253, 1.000 / Estimate: 0.442, 0.677 / LogL: -83595.448
Init pinv, alpha: 0.316, 1.000 / Estimate: 0.443, 0.680 / LogL: -83595.410
Init pinv, alpha: 0.379, 1.000 / Estimate: 0.442, 0.679 / LogL: -83595.503
Init pinv, alpha: 0.443, 1.000 / Estimate: 0.446, 0.692 / LogL: -83595.389
Init pinv, alpha: 0.506, 1.000 / Estimate: 0.455, 0.721 / LogL: -83595.458
Init pinv, alpha: 0.569, 1.000 / Estimate: 0.455, 0.721 / LogL: -83595.549
Optimal pinv,alpha: 0.442, 0.679 / LogL: -83595.381

Parameters optimization took 194.904 sec
Wrote distance file to... 
Computing ML distances based on estimated model parameters...
Calculating distance matrix: done in 0.197417 secs using 102.9% CPU
Computing ML distances took 0.209187 sec (of wall-clock time) 0.203125 sec (of CPU time)
Setting up auxiliary I and S matrices: done in 0.0003582 secs
Constructing RapidNJ tree: done in 0.0011413 secs
Computing RapidNJ tree took 0.008292 sec (of wall-clock time) 0.015625 sec (of CPU time)
Log-likelihood of RapidNJ tree: -83749.068
--------------------------------------------------------------------
|             INITIALIZING CANDIDATE TREE SET                      |
--------------------------------------------------------------------
Generating 98 parsimony trees... 8.096 second
Computing log-likelihood of 98 initial trees ... 29.129 seconds
Current best score: -83595.381

Do NNI search on 20 best initial trees
Optimizing NNI: done in 3.81739 secs using 96.19% CPU
Estimate model parameters (epsilon = 0.100)
BETTER TREE FOUND at iteration 1: -83541.766
Optimizing NNI: done in 5.82287 secs using 95.26% CPU
Estimate model parameters (epsilon = 0.100)
BETTER TREE FOUND at iteration 2: -83493.822
Optimizing NNI: done in 5.91146 secs using 94.89% CPU
Estimate model parameters (epsilon = 0.100)
BETTER TREE FOUND at iteration 3: -83468.637
Optimizing NNI: done in 6.36556 secs using 94.26% CPU
Optimizing NNI: done in 6.11126 secs using 96.39% CPU
Optimizing NNI: done in 6.40504 secs using 95.14% CPU
Estimate model parameters (epsilon = 0.100)
BETTER TREE FOUND at iteration 6: -83457.980
Optimizing NNI: done in 6.29782 secs using 95.77% CPU
Optimizing NNI: done in 5.89803 secs using 99.08% CPU
Optimizing NNI: done in 5.70884 secs using 99.08% CPU
Optimizing NNI: done in 4.48299 secs using 99.33% CPU
Iteration 10 / LogL: -83508.627 / Time: 0h:4m:55s
Optimizing NNI: done in 5.14161 secs using 98.16% CPU
Optimizing NNI: done in 5.06049 secs using 96.33% CPU
Optimizing NNI: done in 4.8952 secs using 98.31% CPU
Optimizing NNI: done in 4.76797 secs using 98.64% CPU
Optimizing NNI: done in 4.96391 secs using 95.69% CPU
Optimizing NNI: done in 5.2256 secs using 95.68% CPU
Optimizing NNI: done in 5.9901 secs using 95.47% CPU
Optimizing NNI: done in 4.70425 secs using 96.65% CPU
Optimizing NNI: done in 5.10506 secs using 94.88% CPU
Optimizing NNI: done in 4.94462 secs using 97.64% CPU
Iteration 20 / LogL: -83581.101 / Time: 0h:5m:46s
Finish initializing candidate tree set (20)
Current best tree score: -83457.980 / CPU time: 149.604
Number of iterations: 20
--------------------------------------------------------------------
|               OPTIMIZING CANDIDATE TREE SET                      |
--------------------------------------------------------------------
Optimizing NNI: done in 5.88408 secs using 84.71% CPU
Optimizing NNI: done in 5.92999 secs using 97.23% CPU
Optimizing NNI: done in 6.79278 secs using 96.84% CPU
Optimizing NNI: done in 5.14811 secs using 95% CPU
Optimizing NNI: done in 4.16603 secs using 99.39% CPU
Optimizing NNI: done in 4.59913 secs using 96.83% CPU
Optimizing NNI: done in 3.99831 secs using 99.65% CPU
Optimizing NNI: done in 2.4944 secs using 98.97% CPU
Optimizing NNI: done in 3.94936 secs using 97.33% CPU
Optimizing NNI: done in 3.76346 secs using 96.74% CPU
Iteration 30 / LogL: -83458.030 / Time: 0h:6m:34s (0h:17m:13s left)
Optimizing NNI: done in 4.44893 secs using 96.23% CPU
Optimizing NNI: done in 5.18031 secs using 94.11% CPU
Optimizing NNI: done in 3.927 secs using 85.15% CPU
Optimizing NNI: done in 5.42285 secs using 95.66% CPU
Optimizing NNI: done in 4.61196 secs using 98.25% CPU
Optimizing NNI: done in 3.55436 secs using 99.79% CPU
Optimizing NNI: done in 2.78406 secs using 98.22% CPU
Optimizing NNI: done in 3.61991 secs using 94.53% CPU
Optimizing NNI: done in 5.23778 secs using 97.55% CPU
Optimizing NNI: done in 5.50103 secs using 95.44% CPU
Iteration 40 / LogL: -83458.054 / Time: 0h:7m:19s (0h:12m:23s left)
Optimizing NNI: done in 4.52554 secs using 97.36% CPU
Optimizing NNI: done in 3.00046 secs using 97.38% CPU
Optimizing NNI: done in 4.77175 secs using 98.56% CPU
Optimizing NNI: done in 3.60763 secs using 96.15% CPU
Optimizing NNI: done in 4.2124 secs using 95.33% CPU
Optimizing NNI: done in 4.82275 secs using 96.22% CPU
Optimizing NNI: done in 6.19969 secs using 96.28% CPU
Optimizing NNI: done in 6.66949 secs using 90.9% CPU
Optimizing NNI: done in 4.32462 secs using 98.64% CPU
Optimizing NNI: done in 4.70599 secs using 97.62% CPU
Iteration 50 / LogL: -83458.045 / Time: 0h:8m:6s (0h:9m:16s left)
Log-likelihood cutoff on original alignment: -83583.140
Optimizing NNI: done in 5.20878 secs using 91.19% CPU
Optimizing NNI: done in 5.8759 secs using 97.06% CPU
Optimizing NNI: done in 5.73415 secs using 94.01% CPU
Optimizing NNI: done in 5.83829 secs using 96.61% CPU
Optimizing NNI: done in 5.45009 secs using 93.46% CPU
Optimizing NNI: done in 4.06224 secs using 91.16% CPU
Optimizing NNI: done in 4.67597 secs using 93.9% CPU
Optimizing NNI: done in 4.12992 secs using 96.1% CPU
Optimizing NNI: done in 4.91461 secs using 94.74% CPU
BETTER TREE FOUND at iteration 59: -83457.979
Optimizing NNI: done in 4.84825 secs using 97.01% CPU
Iteration 60 / LogL: -83801.664 / Time: 0h:8m:59s (0h:15m:4s left)
Optimizing NNI: done in 4.18176 secs using 96.4% CPU
Optimizing NNI: done in 4.99287 secs using 96.39% CPU
Optimizing NNI: done in 5.16588 secs using 94.67% CPU
Optimizing NNI: done in 4.54604 secs using 95.55% CPU
Optimizing NNI: done in 4.25115 secs using 98.5% CPU
Optimizing NNI: done in 4.08013 secs using 97.65% CPU
Optimizing NNI: done in 2.98901 secs using 98.8% CPU
Optimizing NNI: done in 4.02755 secs using 99.32% CPU
Optimizing NNI: done in 4.14494 secs using 98.01% CPU
Optimizing NNI: done in 6.80816 secs using 96.39% CPU
Iteration 70 / LogL: -83557.045 / Time: 0h:9m:45s (0h:12m:34s left)
Optimizing NNI: done in 6.79625 secs using 91.5% CPU
Optimizing NNI: done in 5.19317 secs using 96.88% CPU
Optimizing NNI: done in 5.93216 secs using 95.09% CPU
Optimizing NNI: done in 6.06108 secs using 96.93% CPU
Optimizing NNI: done in 5.62331 secs using 94.47% CPU
Optimizing NNI: done in 5.05351 secs using 98.32% CPU
Optimizing NNI: done in 6.47791 secs using 94.31% CPU
Optimizing NNI: done in 5.52894 secs using 96.09% CPU
Optimizing NNI: done in 4.74219 secs using 94.56% CPU
Optimizing NNI: done in 6.46955 secs using 92.26% CPU
Iteration 80 / LogL: -83459.030 / Time: 0h:10m:43s (0h:10m:43s left)
Optimizing NNI: done in 4.94278 secs using 95.47% CPU
Optimizing NNI: done in 6.58189 secs using 94.48% CPU
Optimizing NNI: done in 6.73195 secs using 87.27% CPU
Optimizing NNI: done in 5.46079 secs using 96.43% CPU
Optimizing NNI: done in 5.22855 secs using 94.13% CPU
Optimizing NNI: done in 5.77021 secs using 91.8% CPU
Optimizing NNI: done in 5.69288 secs using 90.3% CPU
Optimizing NNI: done in 5.22262 secs using 94.54% CPU
Optimizing NNI: done in 5.48063 secs using 93.23% CPU
Optimizing NNI: done in 4.15916 secs using 96.55% CPU
Iteration 90 / LogL: -83675.383 / Time: 0h:11m:40s (0h:9m:2s left)
Optimizing NNI: done in 5.5471 secs using 90.98% CPU
Optimizing NNI: done in 5.28984 secs using 95.41% CPU
Optimizing NNI: done in 6.407 secs using 96.82% CPU
Optimizing NNI: done in 5.82656 secs using 99.49% CPU
Optimizing NNI: done in 4.99338 secs using 97.32% CPU
Optimizing NNI: done in 6.08953 secs using 96.99% CPU
Optimizing NNI: done in 5.00394 secs using 96.8% CPU
Optimizing NNI: done in 4.49225 secs using 99.13% CPU
Optimizing NNI: done in 3.79477 secs using 98.41% CPU
Optimizing NNI: done in 3.85491 secs using 98.09% CPU
Iteration 100 / LogL: -83558.258 / Time: 0h:12m:32s (0h:7m:28s left)
Log-likelihood cutoff on original alignment: -83583.140
NOTE: Bootstrap correlation coefficient of split occurrence frequencies: 0.999
Optimizing NNI: done in 4.43116 secs using 97.67% CPU
Optimizing NNI: done in 5.15439 secs using 95.19% CPU
Optimizing NNI: done in 5.59265 secs using 93.87% CPU
Optimizing NNI: done in 5.11814 secs using 94.94% CPU
Optimizing NNI: done in 4.73967 secs using 98.24% CPU
Optimizing NNI: done in 4.42729 secs using 96.35% CPU
Optimizing NNI: done in 4.04026 secs using 99.78% CPU
Optimizing NNI: done in 3.10668 secs using 97.57% CPU
Optimizing NNI: done in 4.50144 secs using 99.62% CPU
Optimizing NNI: done in 3.35893 secs using 100% CPU
Iteration 110 / LogL: -83458.031 / Time: 0h:13m:18s (0h:10m:58s left)
Optimizing NNI: done in 5.28439 secs using 99.05% CPU
Optimizing NNI: done in 4.04689 secs using 97.68% CPU
Optimizing NNI: done in 4.1354 secs using 97.86% CPU
Optimizing NNI: done in 6.17507 secs using 98.18% CPU
Optimizing NNI: done in 4.16696 secs using 100.1% CPU
Optimizing NNI: done in 5.14617 secs using 99.28% CPU
Optimizing NNI: done in 4.48677 secs using 99.25% CPU
Optimizing NNI: done in 3.92443 secs using 99.14% CPU
Optimizing NNI: done in 4.48888 secs using 98.16% CPU
Optimizing NNI: done in 3.30884 secs using 99.17% CPU
Iteration 120 / LogL: -83702.340 / Time: 0h:14m:4s (0h:9m:27s left)
Optimizing NNI: done in 5.41672 secs using 98.65% CPU
Optimizing NNI: done in 3.72867 secs using 98.06% CPU
Optimizing NNI: done in 3.49096 secs using 97.13% CPU
Optimizing NNI: done in 5.24272 secs using 99.24% CPU
Optimizing NNI: done in 5.87905 secs using 96.74% CPU
Optimizing NNI: done in 6.545 secs using 97.88% CPU
Optimizing NNI: done in 4.18894 secs using 98.85% CPU
Optimizing NNI: done in 4.04875 secs using 99.18% CPU
Optimizing NNI: done in 5.71568 secs using 93.77% CPU
Optimizing NNI: done in 4.7199 secs using 93.35% CPU
Iteration 130 / LogL: -83458.008 / Time: 0h:14m:53s (0h:8m:4s left)
Optimizing NNI: done in 4.63019 secs using 97.86% CPU
Optimizing NNI: done in 6.3255 secs using 97.57% CPU
Optimizing NNI: done in 5.44641 secs using 97.54% CPU
Optimizing NNI: done in 5.44611 secs using 92.67% CPU
Optimizing NNI: done in 6.5291 secs using 96.92% CPU
Optimizing NNI: done in 4.73983 secs using 95.93% CPU
Optimizing NNI: done in 4.65165 secs using 96.74% CPU
Optimizing NNI: done in 3.32326 secs using 96.86% CPU
Optimizing NNI: done in 4.69594 secs using 95.49% CPU
Optimizing NNI: done in 4.5705 secs using 96.41% CPU
Iteration 140 / LogL: -83457.990 / Time: 0h:15m:45s (0h:6m:47s left)
Optimizing NNI: done in 4.31662 secs using 99.9% CPU
Optimizing NNI: done in 5.80427 secs using 95.3% CPU
Optimizing NNI: done in 6.72954 secs using 95.2% CPU
Optimizing NNI: done in 4.6595 secs using 98.59% CPU
Optimizing NNI: done in 5.13687 secs using 97.34% CPU
Optimizing NNI: done in 6.28314 secs using 96.74% CPU
Optimizing NNI: done in 6.75212 secs using 87.24% CPU
Optimizing NNI: done in 4.99518 secs using 91.96% CPU
Optimizing NNI: done in 4.82469 secs using 97.16% CPU
Optimizing NNI: done in 3.49933 secs using 94.21% CPU
Iteration 150 / LogL: -83661.525 / Time: 0h:16m:39s (0h:5m:35s left)
Log-likelihood cutoff on original alignment: -83583.140
Optimizing NNI: done in 4.44208 secs using 96.03% CPU
Optimizing NNI: done in 4.0045 secs using 97.94% CPU
Optimizing NNI: done in 5.62654 secs using 93.86% CPU
Optimizing NNI: done in 5.28719 secs using 95.75% CPU
Optimizing NNI: done in 6.77038 secs using 93.47% CPU
Optimizing NNI: done in 6.19507 secs using 92.56% CPU
Optimizing NNI: done in 5.53913 secs using 90.27% CPU
Optimizing NNI: done in 7.54268 secs using 86.8% CPU
Optimizing NNI: done in 7.93279 secs using 77.41% CPU
Optimizing NNI: done in 6.04587 secs using 87.87% CPU
Iteration 160 / LogL: -83458.426 / Time: 0h:17m:40s (0h:4m:26s left)
TREE SEARCH COMPLETED AFTER 160 ITERATIONS / Time: 0h:17m:40s

--------------------------------------------------------------------
|                    FINALIZING TREE SEARCH                        |
--------------------------------------------------------------------
Performs final model parameters optimization
Estimate model parameters (epsilon = 0.010)
1. Initial log-likelihood: -83457.979
Optimal log-likelihood: -83457.973
Rate parameters:  A-C: 1.19558  A-G: 6.54294  A-T: 1.28751  C-G: 0.65895  C-T: 9.96605  G-T: 1.00000
Base frequencies:  A: 0.255  C: 0.283  G: 0.254  T: 0.209
Proportion of invariable sites: 0.445
Gamma shape alpha: 0.692
Parameters optimization took 1 rounds (1.245 sec)
BEST SCORE FOUND : -83457.973
Creating bootstrap support values...
Split supports printed to NEXUS file alignments_no_probang_etc\Serotype_SAT2_complete_genomes_no_probang.splits.nex
Total tree length: 3.398

Total number of iterations: 160
CPU time used for tree search: 823.438 sec (0h:13m:43s)
Wall-clock time used for tree search: 862.660 sec (0h:14m:22s)
Total CPU time used: 1012.719 sec (0h:16m:52s)
Total wall-clock time used: 1062.246 sec (0h:17m:42s)

Computing bootstrap consensus tree...
Reading input file alignments_no_probang_etc\Serotype_SAT2_complete_genomes_no_probang.splits.nex...
109 taxa and 488 splits.
Consensus tree written to alignments_no_probang_etc\Serotype_SAT2_complete_genomes_no_probang.contree
Reading input trees file alignments_no_probang_etc\Serotype_SAT2_complete_genomes_no_probang.contree
Log-likelihood of consensus tree: -83458.221

Analysis results written to: 
  IQ-TREE report:                alignments_no_probang_etc\Serotype_SAT2_complete_genomes_no_probang.iqtree
  Maximum-likelihood tree:       alignments_no_probang_etc\Serotype_SAT2_complete_genomes_no_probang.treefile
  Likelihood distances:          alignments_no_probang_etc\Serotype_SAT2_complete_genomes_no_probang.mldist

Ultrafast bootstrap approximation results written to:
  Split support values:          alignments_no_probang_etc\Serotype_SAT2_complete_genomes_no_probang.splits.nex
  Consensus tree:                alignments_no_probang_etc\Serotype_SAT2_complete_genomes_no_probang.contree
  Screen log file:               alignments_no_probang_etc\Serotype_SAT2_complete_genomes_no_probang.log

Date and Time: Thu Jan 15 15:08:16 2026
