IQ-TREE version 3.0.1 for Windows 64-bit built May  5 2025
Developed by Bui Quang Minh, Thomas Wong, Nhan Ly-Trong, Huaiyan Ren
Contributed by Lam-Tung Nguyen, Dominik Schrempf, Chris Bielow,
Olga Chernomor, Michael Woodhams, Diep Thi Hoang, Heiko Schmidt

Host:    DESKTOP-IAVMJI2 (AVX2, FMA3, 7 GB RAM)
Command: bin/iqtree3.exe -s alignments_no_probang_etc\Serotype_C_complete_genomes_no_probang.fasta -bb 1000 -m GTR+F+I+G -pre alignments_no_probang_etc\Serotype_C_complete_genomes_no_probang
Seed:    19804 (Using SPRNG - Scalable Parallel Random Number Generator)
Time:    Thu Jan 15 14:42:05 2026
Kernel:  AVX+FMA - 1 threads (8 CPU cores detected)

HINT: Use -nt option to specify number of threads because your CPU has 8 cores!
HINT: -nt AUTO will automatically determine the best number of threads to use.

Reading alignment file alignments_no_probang_etc\Serotype_C_complete_genomes_no_probang.fasta ... Fasta format detected
Reading fasta file: done in 0.0032737 secs
Alignment most likely contains DNA/RNA sequences
Constructing alignment: done in 0.0044719 secs using 349.4% CPU
WARNING: 297 sites contain only gaps or ambiguous characters.
Alignment has 16 sequences with 7293 columns, 743 distinct patterns
1284 parsimony-informative, 416 singleton sites, 5593 constant sites
                                             Gap/Ambiguity  Composition  p-value
Analyzing sequences: done in 4.05e-05 secs
   1  MH053310/UGA/cattle/1970/C/AFRICA/Unknown      4.15%    passed     93.03%
   2  MH053309/KEN/cattle/1967/C/AFRICA/Unknown      4.15%    passed     97.90%
   3  MH053308/ETH/Unknown/1971/C/AFRICA/Unknown     4.15%    passed     82.25%
   4  KM268897/KEN/cattle/2004/C/AFRICA/Unknown      4.15%    passed     98.61%
   5  AY593810/GBR/Unknown/1970/C/V-EA/Unknown       4.24%    passed     92.24%
   6  X74812/AZE/Unknown/1965/C/EURO-SA/Unknown      4.24%    passed     97.24%
   7  OQ383267/BRA/cow/1963/C/EURO-SA/Unknown        4.15%    passed     96.01%
   8  OQ383266/GBR/Unknown/2002/C/V-EA/Unknown       4.20%    passed     92.19%
   9  OQ383265/NLD/cow/2000/C/EURO-SA/Unknown        4.24%    passed     95.66%
  10  OQ356339/GBR/cow/1987/C/V-EA/Unknown           4.24%    passed     92.24%
  11  AY593809/ARG/Unknown/1969/C/EURO-SA/Unknown    4.15%    passed     92.17%
  12  AY593808/ARG/Unknown/1966/C/EURO-SA/Unknown    4.20%    passed     86.24%
  13  AY593807/BRA/Unknown/1955/C/EURO-SA/Unknown    4.15%    passed     96.52%
  14  AY593806/BRA/Unknown/1971/C/EURO-SA/Unknown    4.20%    passed     99.95%
  15  AY593805/DEU/Unknown/1960/C/EURO-SA/Unknown    4.24%    passed     99.23%
  16  AY593804/CHE/Unknown/1965/C/EURO-SA/Unknown    4.24%    passed     98.68%
****  TOTAL                                          4.19%  0 sequences failed composition chi2 test (p-value<5%; df=3)
Checking for duplicate sequences: done in 5.49001e-05 secs
Creating fast initial parsimony tree by random order stepwise addition...
0.010 seconds, parsimony score: 2877 (based on 1700 sites)
Generating 1000 samples for ultrafast bootstrap (seed: 19804)...

NOTE: 4 MB RAM (0 GB) is required!
Estimate model parameters (epsilon = 0.100)
Thoroughly optimizing +I+G parameters from 10 start values...
Init pinv, alpha: 0.000, 1.000 / Estimate: 0.000, 0.174 / LogL: -23246.155
Init pinv, alpha: 0.085, 1.000 / Estimate: 0.085, 0.209 / LogL: -23244.658
Init pinv, alpha: 0.170, 1.000 / Estimate: 0.169, 0.254 / LogL: -23244.137
Init pinv, alpha: 0.256, 1.000 / Estimate: 0.254, 0.315 / LogL: -23244.258
Init pinv, alpha: 0.341, 1.000 / Estimate: 0.340, 0.404 / LogL: -23244.578
Init pinv, alpha: 0.426, 1.000 / Estimate: 0.426, 0.547 / LogL: -23244.560
Init pinv, alpha: 0.511, 1.000 / Estimate: 0.512, 0.815 / LogL: -23243.812
Init pinv, alpha: 0.596, 1.000 / Estimate: 0.594, 1.461 / LogL: -23242.865
Init pinv, alpha: 0.682, 1.000 / Estimate: 0.631, 2.223 / LogL: -23243.646
Init pinv, alpha: 0.767, 1.000 / Estimate: 0.631, 2.217 / LogL: -23243.631
Optimal pinv,alpha: 0.594, 1.461 / LogL: -23242.865

Parameters optimization took 1.610 sec
Wrote distance file to... 
Computing ML distances based on estimated model parameters...
Calculating distance matrix: done in 0.0028274 secs
Computing ML distances took 0.020187 sec (of wall-clock time) 0.000000 sec (of CPU time)
Setting up auxiliary I and S matrices: done in 7.67997e-05 secs
Constructing RapidNJ tree: done in 0.000316 secs
Computing RapidNJ tree took 0.013441 sec (of wall-clock time) 0.000000 sec (of CPU time)
Log-likelihood of RapidNJ tree: -23238.739
--------------------------------------------------------------------
|             INITIALIZING CANDIDATE TREE SET                      |
--------------------------------------------------------------------
Generating 98 parsimony trees... 0.324 second
Computing log-likelihood of 98 initial trees ... 0.687 seconds
Current best score: -23238.739

Do NNI search on 20 best initial trees
Optimizing NNI: done in 0.121722 secs using 89.86% CPU
Estimate model parameters (epsilon = 0.100)
BETTER TREE FOUND at iteration 1: -23235.672
Optimizing NNI: done in 0.164006 secs using 76.22% CPU
Estimate model parameters (epsilon = 0.100)
UPDATE BEST LOG-LIKELIHOOD: -23235.638
Optimizing NNI: done in 0.16488 secs using 85.29% CPU
Optimizing NNI: done in 0.20206 secs using 92.79% CPU
Optimizing NNI: done in 0.194581 secs using 96.36% CPU
Optimizing NNI: done in 0.275503 secs using 85.07% CPU
Optimizing NNI: done in 0.200644 secs using 101.2% CPU
Optimizing NNI: done in 0.1418 secs using 99.17% CPU
Optimizing NNI: done in 0.183297 secs using 76.72% CPU
Optimizing NNI: done in 0.249492 secs using 87.68% CPU
Iteration 10 / LogL: -23235.649 / Time: 0h:0m:5s
Optimizing NNI: done in 0.206781 secs using 75.56% CPU
Optimizing NNI: done in 0.173865 secs using 98.86% CPU
Optimizing NNI: done in 0.171474 secs using 100.2% CPU
Optimizing NNI: done in 0.156773 secs using 99.67% CPU
Optimizing NNI: done in 0.133002 secs using 105.7% CPU
Optimizing NNI: done in 0.181274 secs using 103.4% CPU
Optimizing NNI: done in 0.206862 secs using 75.53% CPU
Optimizing NNI: done in 0.17971 secs using 104.3% CPU
Optimizing NNI: done in 0.198082 secs using 102.5% CPU
Optimizing NNI: done in 0.157897 secs using 98.96% CPU
Iteration 20 / LogL: -23237.617 / Time: 0h:0m:6s
Finish initializing candidate tree set (1)
Current best tree score: -23235.638 / CPU time: 5.046
Number of iterations: 20
--------------------------------------------------------------------
|               OPTIMIZING CANDIDATE TREE SET                      |
--------------------------------------------------------------------
Optimizing NNI: done in 0.106564 secs using 87.98% CPU
Optimizing NNI: done in 0.0890956 secs using 105.2% CPU
Optimizing NNI: done in 0.0901069 secs using 104% CPU
Optimizing NNI: done in 0.105989 secs using 103.2% CPU
Optimizing NNI: done in 0.0817456 secs using 76.46% CPU
Optimizing NNI: done in 0.0915216 secs using 85.36% CPU
Optimizing NNI: done in 0.0662638 secs using 94.32% CPU
Optimizing NNI: done in 0.0661843 secs using 94.43% CPU
Optimizing NNI: done in 0.130187 secs using 108% CPU
Optimizing NNI: done in 0.114599 secs using 109.1% CPU
Iteration 30 / LogL: -23235.927 / Time: 0h:0m:8s (0h:0m:19s left)
Optimizing NNI: done in 0.0866631 secs using 90.15% CPU
Optimizing NNI: done in 0.143577 secs using 87.06% CPU
Optimizing NNI: done in 0.102162 secs using 107.1% CPU
Optimizing NNI: done in 0.0950805 secs using 98.6% CPU
Optimizing NNI: done in 0.0787529 secs using 99.2% CPU
Optimizing NNI: done in 0.0761306 secs using 102.6% CPU
Optimizing NNI: done in 0.0929129 secs using 84.08% CPU
Optimizing NNI: done in 0.0495097 secs using 126.2% CPU
Optimizing NNI: done in 0.0846916 secs using 110.7% CPU
Optimizing NNI: done in 0.115201 secs using 94.94% CPU
Iteration 40 / LogL: -23235.705 / Time: 0h:0m:9s (0h:0m:14s left)
Optimizing NNI: done in 0.0749227 secs using 83.42% CPU
Optimizing NNI: done in 0.0905205 secs using 69.05% CPU
Optimizing NNI: done in 0.0904588 secs using 86.37% CPU
Optimizing NNI: done in 0.0906178 secs using 103.5% CPU
Optimizing NNI: done in 0.0618155 secs using 101.1% CPU
Optimizing NNI: done in 0.102107 secs using 107.1% CPU
Optimizing NNI: done in 0.145236 secs using 96.83% CPU
Optimizing NNI: done in 0.0745887 secs using 83.79% CPU
Optimizing NNI: done in 0.0852061 secs using 110% CPU
Optimizing NNI: done in 0.0440421 secs using 106.4% CPU
Iteration 50 / LogL: -23235.641 / Time: 0h:0m:10s (0h:0m:10s left)
Log-likelihood cutoff on original alignment: -23273.408
Optimizing NNI: done in 0.0769285 secs using 101.6% CPU
Optimizing NNI: done in 0.109936 secs using 99.49% CPU
Optimizing NNI: done in 0.149947 secs using 83.36% CPU
Optimizing NNI: done in 0.132468 secs using 82.57% CPU
Optimizing NNI: done in 0.0801365 secs using 97.49% CPU
Optimizing NNI: done in 0.0904493 secs using 86.37% CPU
Optimizing NNI: done in 0.131478 secs using 107% CPU
Optimizing NNI: done in 0.0687755 secs using 90.88% CPU
Optimizing NNI: done in 0.116424 secs using 93.95% CPU
Optimizing NNI: done in 0.0949932 secs using 98.69% CPU
Iteration 60 / LogL: -23238.520 / Time: 0h:0m:11s (0h:0m:7s left)
Optimizing NNI: done in 0.100517 secs using 93.27% CPU
Optimizing NNI: done in 0.0852639 secs using 110% CPU
Optimizing NNI: done in 0.0837812 secs using 93.25% CPU
Optimizing NNI: done in 0.0902349 secs using 103.9% CPU
Optimizing NNI: done in 0.0672003 secs using 116.3% CPU
Optimizing NNI: done in 0.0895908 secs using 87.2% CPU
Optimizing NNI: done in 0.107456 secs using 101.8% CPU
Optimizing NNI: done in 0.0944583 secs using 82.71% CPU
Optimizing NNI: done in 0.0997789 secs using 78.3% CPU
Optimizing NNI: done in 0.100535 secs using 93.25% CPU
Iteration 70 / LogL: -23236.379 / Time: 0h:0m:12s (0h:0m:5s left)
Optimizing NNI: done in 0.0969019 secs using 80.62% CPU
Optimizing NNI: done in 0.115138 secs using 94.99% CPU
Optimizing NNI: done in 0.0854199 secs using 109.8% CPU
Optimizing NNI: done in 0.083642 secs using 74.72% CPU
Optimizing NNI: done in 0.135869 secs using 103.5% CPU
Optimizing NNI: done in 0.118883 secs using 92% CPU
Optimizing NNI: done in 0.0845933 secs using 92.35% CPU
Optimizing NNI: done in 0.105628 secs using 103.5% CPU
Optimizing NNI: done in 0.0627043 secs using 99.67% CPU
Optimizing NNI: done in 0.0750181 secs using 104.1% CPU
Iteration 80 / LogL: -23235.685 / Time: 0h:0m:13s (0h:0m:3s left)
Optimizing NNI: done in 0.0955763 secs using 98.09% CPU
Optimizing NNI: done in 0.0725589 secs using 107.7% CPU
Optimizing NNI: done in 0.111595 secs using 98.01% CPU
Optimizing NNI: done in 0.0754404 secs using 82.85% CPU
Optimizing NNI: done in 0.0994237 secs using 94.29% CPU
Optimizing NNI: done in 0.0864934 secs using 90.32% CPU
Optimizing NNI: done in 0.101411 secs using 77.04% CPU
Optimizing NNI: done in 0.099511 secs using 78.51% CPU
Optimizing NNI: done in 0.0995643 secs using 109.9% CPU
Optimizing NNI: done in 0.057837 secs using 81.05% CPU
Iteration 90 / LogL: -23236.138 / Time: 0h:0m:14s (0h:0m:1s left)
Optimizing NNI: done in 0.0539169 secs using 86.94% CPU
Optimizing NNI: done in 0.0752449 secs using 83.06% CPU
Optimizing NNI: done in 0.0873714 secs using 89.42% CPU
Optimizing NNI: done in 0.110151 secs using 99.3% CPU
Optimizing NNI: done in 0.143243 secs using 87.26% CPU
Optimizing NNI: done in 0.0760237 secs using 102.8% CPU
Optimizing NNI: done in 0.0755385 secs using 103.4% CPU
Optimizing NNI: done in 0.0855508 secs using 91.32% CPU
Optimizing NNI: done in 0.103243 secs using 90.81% CPU
Optimizing NNI: done in 0.0750622 secs using 104.1% CPU
Iteration 100 / LogL: -23238.877 / Time: 0h:0m:16s (0h:0m:0s left)
Log-likelihood cutoff on original alignment: -23273.449
NOTE: Bootstrap correlation coefficient of split occurrence frequencies: 0.999
Optimizing NNI: done in 0.0716621 secs using 87.21% CPU
Optimizing NNI: done in 0.119513 secs using 91.52% CPU
TREE SEARCH COMPLETED AFTER 102 ITERATIONS / Time: 0h:0m:16s

--------------------------------------------------------------------
|                    FINALIZING TREE SEARCH                        |
--------------------------------------------------------------------
Performs final model parameters optimization
Estimate model parameters (epsilon = 0.010)
1. Initial log-likelihood: -23235.638
Optimal log-likelihood: -23235.637
Rate parameters:  A-C: 1.28225  A-G: 11.03618  A-T: 1.68487  C-G: 0.74245  C-T: 20.02115  G-T: 1.00000
Base frequencies:  A: 0.252  C: 0.281  G: 0.257  T: 0.211
Proportion of invariable sites: 0.594
Gamma shape alpha: 1.476
Parameters optimization took 1 rounds (0.041 sec)
BEST SCORE FOUND : -23235.637
Creating bootstrap support values...
Split supports printed to NEXUS file alignments_no_probang_etc\Serotype_C_complete_genomes_no_probang.splits.nex
Total tree length: 0.540

Total number of iterations: 102
CPU time used for tree search: 12.953 sec (0h:0m:12s)
Wall-clock time used for tree search: 14.486 sec (0h:0m:14s)
Total CPU time used: 14.734 sec (0h:0m:14s)
Total wall-clock time used: 16.687 sec (0h:0m:16s)

Computing bootstrap consensus tree...
Reading input file alignments_no_probang_etc\Serotype_C_complete_genomes_no_probang.splits.nex...
16 taxa and 44 splits.
Consensus tree written to alignments_no_probang_etc\Serotype_C_complete_genomes_no_probang.contree
Reading input trees file alignments_no_probang_etc\Serotype_C_complete_genomes_no_probang.contree
Log-likelihood of consensus tree: -23235.663

Analysis results written to: 
  IQ-TREE report:                alignments_no_probang_etc\Serotype_C_complete_genomes_no_probang.iqtree
  Maximum-likelihood tree:       alignments_no_probang_etc\Serotype_C_complete_genomes_no_probang.treefile
  Likelihood distances:          alignments_no_probang_etc\Serotype_C_complete_genomes_no_probang.mldist

Ultrafast bootstrap approximation results written to:
  Split support values:          alignments_no_probang_etc\Serotype_C_complete_genomes_no_probang.splits.nex
  Consensus tree:                alignments_no_probang_etc\Serotype_C_complete_genomes_no_probang.contree
  Screen log file:               alignments_no_probang_etc\Serotype_C_complete_genomes_no_probang.log

Date and Time: Thu Jan 15 14:42:22 2026
