IQ-TREE version 3.0.1 for Windows 64-bit built May  5 2025
Developed by Bui Quang Minh, Thomas Wong, Nhan Ly-Trong, Huaiyan Ren
Contributed by Lam-Tung Nguyen, Dominik Schrempf, Chris Bielow,
Olga Chernomor, Michael Woodhams, Diep Thi Hoang, Heiko Schmidt

Host:    DESKTOP-IAVMJI2 (AVX2, FMA3, 7 GB RAM)
Command: bin/iqtree3.exe -s alignments_no_probang_etc\Serotype_SAT1_complete_genomes_no_probang.fasta -bb 1000 -m GTR+F+I+G -pre alignments_no_probang_etc\Serotype_SAT1_complete_genomes_no_probang
Seed:    48786 (Using SPRNG - Scalable Parallel Random Number Generator)
Time:    Thu Jan 15 14:42:05 2026
Kernel:  AVX+FMA - 1 threads (8 CPU cores detected)

HINT: Use -nt option to specify number of threads because your CPU has 8 cores!
HINT: -nt AUTO will automatically determine the best number of threads to use.

Reading alignment file alignments_no_probang_etc\Serotype_SAT1_complete_genomes_no_probang.fasta ... Fasta format detected
Reading fasta file: done in 0.0177258 secs
Alignment most likely contains DNA/RNA sequences
Constructing alignment: done in 0.0078779 secs
WARNING: 264 sites contain only gaps or ambiguous characters.
Alignment has 88 sequences with 7293 columns, 2651 distinct patterns
2773 parsimony-informative, 370 singleton sites, 4150 constant sites
                                                        Gap/Ambiguity  Composition  p-value
Analyzing sequences: done in 0.0009693 secs
   1  JF749860/KEN/Unknown/2002/SAT1/I-NWZ/Unknown              3.74%    passed     96.13%
   2  LC770123/IRQ/cattle/2023/SAT1/VII-EA-2/Unknown            3.70%    passed     89.92%
   3  OM863583/KEN/cattle/2013/SAT1/I-NWZ/Unknown               3.74%    passed     99.29%
   4  OM863582/KEN/cattle/2010/SAT1/I-NWZ/Unknown               3.74%    passed     90.92%
   5  MW355669/ZMB/cattle/1988/SAT1/I-NWZ/Unknown               3.74%    passed     47.38%
   6  MW355668/TZA/cattle/1980/SAT1/I-NWZ/Unknown               3.74%    passed     96.10%
   7  MT602088/TZA/cattle/2014/SAT1/I-NWZ/Unknown               3.74%    passed     96.95%
   8  MT602087/TZA/cattle/2013/SAT1/I-NWZ/Unknown               3.74%    passed     99.92%
   9  MT602086/TZA/cattle/2012/SAT1/I-NWZ/Unknown               3.74%    passed     87.35%
  10  MT602085/KEN/cattle/2013/SAT1/I-NWZ/Unknown               3.74%    passed     98.87%
  11  MN275121/CMR/cow/2016/SAT1/X/Unknown                      3.78%    passed     88.64%
  12  MN275120/CMR/cow/2016/SAT1/X/Unknown                      3.78%    passed     88.64%
  13  MN275119/CMR/cow/2016/SAT1/X/Unknown                      3.78%    passed     86.47%
  14  MN275118/CMR/cow/2016/SAT1/X/Unknown                      3.78%    passed     87.46%
  15  MN116691/KEN/cow/2016/SAT1/I-NWZ/Unknown                  3.74%    passed     88.92%
  16  MN116690/KEN/cow/2014/SAT1/I-NWZ/Unknown                  3.74%    passed     98.63%
  17  MN116689/KEN/cow/2014/SAT1/I-NWZ/Unknown                  3.74%    passed     99.61%
  18  MH053326/UGA/african-buffalo/1970/SAT1/IV-EA-1/Unknown    3.74%    passed     80.76%
  19  MH053325/UGA/cattle/1978/SAT1/VII-EA-2/Unknown            3.70%    passed     10.56%
  20  MH053324/UGA/cattle/1971/SAT1/VII-EA-2/Unknown            3.70%    passed     89.65%
  21  MH053323/TCD/cattle/1972/SAT1/VI/Unknown                  3.74%    passed     88.96%
  22  MH053322/NAM/african-buffalo/1989/SAT1/III-WZ/Unknown     3.74%    passed     78.10%
  23  MH053321/MOZ/cattle/1981/SAT1/ASIA/Unknown                3.74%    passed     92.72%
  24  MH053320/KEN/cattle/1983/SAT1/I-NWZ/Unknown               3.74%    passed     79.89%
  25  MF678826/NER/cow/2015/SAT1/X/Unknown                      3.78%    passed     94.99%
  26  MF678825/NER/cow/2015/SAT1/X/Unknown                      3.78%    passed     94.41%
  27  MF678824/NER/cow/2015/SAT1/X/Unknown                      3.78%    passed     92.48%
  28  MF678823/NER/cow/2015/SAT1/X/Unknown                      3.78%    passed     95.17%
  29  KU821590/NAM/cow/2010/SAT1/III-WZ/Unknown                 3.74%    passed     74.78%
  30  KM268899/TZA/cattle/2012/SAT1/I-NWZ/Unknown               3.74%    passed     86.91%
  31  HM067706/UGA/african-buffalo/2007/SAT1/IV-EA-1/Unknown    3.74%    passed     18.47%
  32  AY593846/ZWE/Unknown/1966/SAT1/ASIA/Unknown               3.74%    passed     96.73%
  33  AY593845/BWA/Unknown/1968/SAT1/III-WZ/Unknown             3.74%    passed     64.40%
  34  AY593844/ISR/Unknown/1962/SAT1/VI/Unknown                 3.70%    passed     15.71%
  35  AY593843/NAM/Unknown/1940/SAT1/III-WZ/Unknown             3.74%    passed     77.34%
  36  AY593842/ZAF/Unknown/1961/SAT1/III-WZ/Unknown             3.74%    passed     75.21%
  37  AY593841/ZWE/Unknown/1958/SAT1/III-WZ/Unknown             3.74%    passed     85.33%
  38  AY593840/NAM/Unknown/1949/SAT1/III-WZ/Unknown             3.74%    passed     45.73%
  39  AY593838/BWA/Unknown/1970/SAT1/III-WZ/Unknown             3.74%    passed     57.48%
  40  OM562602/KEN/cow/2014/SAT1/I-NWZ/Unknown                  3.74%    passed     98.63%
  41  OM562601/KEN/cow/2014/SAT1/I-NWZ/Unknown                  3.74%    passed     99.61%
  42  OM562591/KEN/cow/2016/SAT1/I-NWZ/Unknown                  3.74%    passed     89.48%
  43  OM562590/KEN/cow/2016/SAT1/I-NWZ/Unknown                  3.74%    passed     99.07%
  44  OM562582/KEN/cow/2016/SAT1/I-NWZ/Unknown                  3.70%    passed     99.93%
  45  OM562576/KEN/cow/2016/SAT1/I-NWZ/Unknown                  3.74%    passed     96.28%
  46  OM562571/KEN/cow/2016/SAT1/I-NWZ/Unknown                  3.74%    passed     98.79%
  47  OM562566/KEN/cow/2016/SAT1/I-NWZ/Unknown                  3.74%    passed     94.49%
  48  OM562565/KEN/cow/2016/SAT1/I-NWZ/Unknown                  3.74%    passed     99.97%
  49  OM562563/KEN/cow/2016/SAT1/I-NWZ/Unknown                  3.66%    passed     87.87%
  50  OM562560/KEN/cow/2016/SAT1/I-NWZ/Unknown                  3.74%    passed     99.83%
  51  OM562559/KEN/cow/2016/SAT1/I-NWZ/Unknown                  3.74%    passed     88.20%
  52  OM562558/KEN/cow/2016/SAT1/I-NWZ/Unknown                  3.74%    passed     98.90%
  53  OM562557/KEN/cow/2016/SAT1/I-NWZ/Unknown                  3.74%    passed     72.82%
  54  OM562556/KEN/cow/2016/SAT1/I-NWZ/Unknown                  3.74%    passed     99.66%
  55  OM562555/KEN/cow/2016/SAT1/I-NWZ/Unknown                  3.74%    passed     96.15%
  56  OM562547/KEN/cow/2016/SAT1/I-NWZ/Unknown                  3.74%    passed     86.12%
  57  OM562546/KEN/cow/2016/SAT1/I-NWZ/Unknown                  3.74%    passed     99.38%
  58  OM562545/KEN/cow/2016/SAT1/I-NWZ/Unknown                  3.74%    passed     95.41%
  59  OM562543/KEN/cow/2016/SAT1/I-NWZ/Unknown                  3.70%    passed     95.81%
  60  OM562542/KEN/cow/2016/SAT1/I-NWZ/Unknown                  3.74%    passed     90.68%
  61  OM562541/KEN/cow/2016/SAT1/I-NWZ/Unknown                  3.74%    passed     83.42%
  62  OM562540/KEN/cow/2016/SAT1/I-NWZ/Unknown                  3.74%    passed     83.42%
  63  OM562539/KEN/cow/2016/SAT1/I-NWZ/Unknown                  3.74%    passed     83.42%
  64  OM562538/KEN/cow/2016/SAT1/I-NWZ/Unknown                  3.74%    passed     84.57%
  65  OM562537/KEN/cow/2016/SAT1/I-NWZ/Unknown                  3.74%    passed     83.42%
  66  OM562536/KEN/cow/2016/SAT1/I-NWZ/Unknown                  3.74%    passed     83.42%
  67  OM562535/KEN/cow/2016/SAT1/I-NWZ/Unknown                  3.74%    passed     84.57%
  68  OM562534/KEN/cow/2016/SAT1/I-NWZ/Unknown                  3.74%    passed     99.36%
  69  OM562533/KEN/cow/2016/SAT1/I-NWZ/Unknown                  3.74%    passed     99.29%
  70  OM562532/KEN/cow/2016/SAT1/I-NWZ/Unknown                  3.74%    passed     99.29%
  71  OM562531/KEN/cow/2016/SAT1/I-NWZ/Unknown                  3.74%    passed     99.36%
  72  OM562530/KEN/cow/2016/SAT1/I-NWZ/Unknown                  3.74%    passed     99.46%
  73  OM562529/KEN/cow/2016/SAT1/I-NWZ/Unknown                  3.74%    passed     99.46%
  74  OM562528/KEN/cow/2016/SAT1/I-NWZ/Unknown                  3.74%    passed     99.36%
  75  OM562527/KEN/cow/2016/SAT1/I-NWZ/Unknown                  3.74%    passed     99.36%
  76  OM562526/KEN/cow/2016/SAT1/I-NWZ/Unknown                  3.74%    passed     99.29%
  77  OM562525/KEN/cow/2016/SAT1/I-NWZ/Unknown                  3.74%    passed     97.63%
  78  OM562524/KEN/cow/2016/SAT1/I-NWZ/Unknown                  3.74%    passed     97.80%
  79  OM562523/KEN/cow/2016/SAT1/I-NWZ/Unknown                  3.74%    passed     97.80%
  80  OM562522/KEN/cow/2016/SAT1/I-NWZ/Unknown                  3.74%    passed     97.80%
  81  OM562521/KEN/cow/2016/SAT1/I-NWZ/Unknown                  3.74%    passed     97.63%
  82  OM562520/KEN/cow/2016/SAT1/I-NWZ/Unknown                  3.74%    passed     97.80%
  83  OM562519/KEN/cow/2016/SAT1/I-NWZ/Unknown                  3.74%    passed     98.01%
  84  OM562518/KEN/cow/2016/SAT1/I-NWZ/Unknown                  3.74%    passed     97.80%
  85  OM562517/KEN/cow/2016/SAT1/I-NWZ/Unknown                  3.74%    passed     97.80%
  86  OM562516/KEN/cow/2016/SAT1/I-NWZ/Unknown                  3.74%    passed     97.80%
  87  OM562515/KEN/cow/2016/SAT1/I-NWZ/Unknown                  3.74%    passed     97.80%
  88  OM562514/KEN/cow/2016/SAT1/I-NWZ/Unknown                  3.74%    passed     97.80%
****  TOTAL                                                     3.74%  0 sequences failed composition chi2 test (p-value<5%; df=3)
NOTE: MN275120/CMR/cow/2016/SAT1/X/Unknown is identical to MN275121/CMR/cow/2016/SAT1/X/Unknown but kept for subsequent analysis
NOTE: OM562602/KEN/cow/2014/SAT1/I-NWZ/Unknown is identical to MN116690/KEN/cow/2014/SAT1/I-NWZ/Unknown but kept for subsequent analysis
NOTE: OM562601/KEN/cow/2014/SAT1/I-NWZ/Unknown is identical to MN116689/KEN/cow/2014/SAT1/I-NWZ/Unknown but kept for subsequent analysis
NOTE: OM562540/KEN/cow/2016/SAT1/I-NWZ/Unknown is identical to OM562541/KEN/cow/2016/SAT1/I-NWZ/Unknown but kept for subsequent analysis
NOTE: OM562531/KEN/cow/2016/SAT1/I-NWZ/Unknown is identical to OM562534/KEN/cow/2016/SAT1/I-NWZ/Unknown but kept for subsequent analysis
NOTE: OM562532/KEN/cow/2016/SAT1/I-NWZ/Unknown is identical to OM562533/KEN/cow/2016/SAT1/I-NWZ/Unknown but kept for subsequent analysis
NOTE: OM562529/KEN/cow/2016/SAT1/I-NWZ/Unknown is identical to OM562530/KEN/cow/2016/SAT1/I-NWZ/Unknown but kept for subsequent analysis
NOTE: OM562523/KEN/cow/2016/SAT1/I-NWZ/Unknown is identical to OM562524/KEN/cow/2016/SAT1/I-NWZ/Unknown but kept for subsequent analysis
Checking for duplicate sequences: done in 0.123978 secs
Identifying sites to remove: done in 0.0193231 secs using 80.86% CPU
NOTE: 13 identical sequences (see below) will be ignored for subsequent analysis
NOTE: OM562539/KEN/cow/2016/SAT1/I-NWZ/Unknown (identical to OM562541/KEN/cow/2016/SAT1/I-NWZ/Unknown) is ignored but added at the end
NOTE: OM562537/KEN/cow/2016/SAT1/I-NWZ/Unknown (identical to OM562541/KEN/cow/2016/SAT1/I-NWZ/Unknown) is ignored but added at the end
NOTE: OM562536/KEN/cow/2016/SAT1/I-NWZ/Unknown (identical to OM562541/KEN/cow/2016/SAT1/I-NWZ/Unknown) is ignored but added at the end
NOTE: OM562528/KEN/cow/2016/SAT1/I-NWZ/Unknown (identical to OM562534/KEN/cow/2016/SAT1/I-NWZ/Unknown) is ignored but added at the end
NOTE: OM562527/KEN/cow/2016/SAT1/I-NWZ/Unknown (identical to OM562534/KEN/cow/2016/SAT1/I-NWZ/Unknown) is ignored but added at the end
NOTE: OM562526/KEN/cow/2016/SAT1/I-NWZ/Unknown (identical to OM562533/KEN/cow/2016/SAT1/I-NWZ/Unknown) is ignored but added at the end
NOTE: OM562522/KEN/cow/2016/SAT1/I-NWZ/Unknown (identical to OM562524/KEN/cow/2016/SAT1/I-NWZ/Unknown) is ignored but added at the end
NOTE: OM562520/KEN/cow/2016/SAT1/I-NWZ/Unknown (identical to OM562524/KEN/cow/2016/SAT1/I-NWZ/Unknown) is ignored but added at the end
NOTE: OM562518/KEN/cow/2016/SAT1/I-NWZ/Unknown (identical to OM562524/KEN/cow/2016/SAT1/I-NWZ/Unknown) is ignored but added at the end
NOTE: OM562517/KEN/cow/2016/SAT1/I-NWZ/Unknown (identical to OM562524/KEN/cow/2016/SAT1/I-NWZ/Unknown) is ignored but added at the end
NOTE: OM562516/KEN/cow/2016/SAT1/I-NWZ/Unknown (identical to OM562524/KEN/cow/2016/SAT1/I-NWZ/Unknown) is ignored but added at the end
NOTE: OM562515/KEN/cow/2016/SAT1/I-NWZ/Unknown (identical to OM562524/KEN/cow/2016/SAT1/I-NWZ/Unknown) is ignored but added at the end
NOTE: OM562514/KEN/cow/2016/SAT1/I-NWZ/Unknown (identical to OM562524/KEN/cow/2016/SAT1/I-NWZ/Unknown) is ignored but added at the end
Alignment was printed to alignments_no_probang_etc\Serotype_SAT1_complete_genomes_no_probang.uniqueseq.phy

For your convenience alignment with unique sequences printed to alignments_no_probang_etc\Serotype_SAT1_complete_genomes_no_probang.uniqueseq.phy
Creating fast initial parsimony tree by random order stepwise addition...
0.047 seconds, parsimony score: 15296 (based on 3143 sites)
Generating 1000 samples for ultrafast bootstrap (seed: 48786)...

NOTE: 35 MB RAM (0 GB) is required!
Estimate model parameters (epsilon = 0.100)
Thoroughly optimizing +I+G parameters from 10 start values...
Init pinv, alpha: 0.000, 1.000 / Estimate: 0.000, 0.248 / LogL: -77640.725
Init pinv, alpha: 0.063, 1.000 / Estimate: 0.428, 0.615 / LogL: -77326.708
Init pinv, alpha: 0.126, 1.000 / Estimate: 0.429, 0.617 / LogL: -77326.692
Init pinv, alpha: 0.190, 1.000 / Estimate: 0.428, 0.615 / LogL: -77326.731
Init pinv, alpha: 0.253, 1.000 / Estimate: 0.429, 0.616 / LogL: -77326.721
Init pinv, alpha: 0.316, 1.000 / Estimate: 0.428, 0.615 / LogL: -77326.753
Init pinv, alpha: 0.379, 1.000 / Estimate: 0.429, 0.616 / LogL: -77326.744
Init pinv, alpha: 0.443, 1.000 / Estimate: 0.436, 0.635 / LogL: -77326.644
Init pinv, alpha: 0.506, 1.000 / Estimate: 0.440, 0.646 / LogL: -77326.844
Init pinv, alpha: 0.569, 1.000 / Estimate: 0.440, 0.648 / LogL: -77326.916
Optimal pinv,alpha: 0.436, 0.635 / LogL: -77326.644

Parameters optimization took 120.402 sec
Wrote distance file to... 
Computing ML distances based on estimated model parameters...
Calculating distance matrix: done in 0.0986664 secs using 110.9% CPU
Computing ML distances took 0.109737 sec (of wall-clock time) 0.109375 sec (of CPU time)
Setting up auxiliary I and S matrices: done in 0.0002346 secs
Constructing RapidNJ tree: done in 0.0007668 secs
Computing RapidNJ tree took 0.119897 sec (of wall-clock time) 0.031250 sec (of CPU time)
Log-likelihood of RapidNJ tree: -77245.126
--------------------------------------------------------------------
|             INITIALIZING CANDIDATE TREE SET                      |
--------------------------------------------------------------------
Generating 98 parsimony trees... 3.837 second
Computing log-likelihood of 98 initial trees ... 13.721 seconds
Current best score: -77159.079

Do NNI search on 20 best initial trees
Optimizing NNI: done in 2.33162 secs using 97.17% CPU
Estimate model parameters (epsilon = 0.100)
BETTER TREE FOUND at iteration 1: -77036.862
Optimizing NNI: done in 3.1044 secs using 98.15% CPU
Optimizing NNI: done in 3.20721 secs using 89.64% CPU
Estimate model parameters (epsilon = 0.100)
BETTER TREE FOUND at iteration 3: -77034.948
Optimizing NNI: done in 3.0727 secs using 96.11% CPU
Optimizing NNI: done in 2.39984 secs using 99.62% CPU
Optimizing NNI: done in 3.01007 secs using 97.59% CPU
Optimizing NNI: done in 2.77852 secs using 98.41% CPU
Optimizing NNI: done in 2.59558 secs using 99.33% CPU
Optimizing NNI: done in 2.92962 secs using 97.07% CPU
Estimate model parameters (epsilon = 0.100)
BETTER TREE FOUND at iteration 9: -77034.584
Optimizing NNI: done in 3.53572 secs using 94.13% CPU
Iteration 10 / LogL: -77034.584 / Time: 0h:2m:51s
Optimizing NNI: done in 2.96045 secs using 97.64% CPU
Optimizing NNI: done in 2.44123 secs using 98.57% CPU
Optimizing NNI: done in 2.85504 secs using 98.51% CPU
Optimizing NNI: done in 2.78 secs using 95.55% CPU
Optimizing NNI: done in 2.87576 secs using 97.26% CPU
Optimizing NNI: done in 3.05056 secs using 97.83% CPU
Optimizing NNI: done in 2.89871 secs using 97.57% CPU
Optimizing NNI: done in 3.12562 secs using 99.48% CPU
Optimizing NNI: done in 2.35756 secs using 99.41% CPU
Optimizing NNI: done in 3.56606 secs using 96.83% CPU
Iteration 20 / LogL: -77081.703 / Time: 0h:3m:21s
Finish initializing candidate tree set (20)
Current best tree score: -77034.584 / CPU time: 78.787
Number of iterations: 20
--------------------------------------------------------------------
|               OPTIMIZING CANDIDATE TREE SET                      |
--------------------------------------------------------------------
Optimizing NNI: done in 3.84769 secs using 95.43% CPU
Optimizing NNI: done in 3.38808 secs using 78.86% CPU
Optimizing NNI: done in 3.14357 secs using 97.92% CPU
Optimizing NNI: done in 3.00885 secs using 99.71% CPU
Optimizing NNI: done in 2.46883 secs using 98.1% CPU
Optimizing NNI: done in 2.9506 secs using 95.32% CPU
Optimizing NNI: done in 4.2262 secs using 93.54% CPU
Optimizing NNI: done in 3.5833 secs using 96.37% CPU
Optimizing NNI: done in 2.87015 secs using 97.45% CPU
Optimizing NNI: done in 3.40697 secs using 93.1% CPU
Iteration 30 / LogL: -77036.881 / Time: 0h:3m:54s (0h:10m:39s left)
Optimizing NNI: done in 2.94944 secs using 98.54% CPU
Optimizing NNI: done in 2.96623 secs using 98.5% CPU
Optimizing NNI: done in 3.40475 secs using 97.29% CPU
Optimizing NNI: done in 2.11552 secs using 93.06% CPU
Optimizing NNI: done in 3.03784 secs using 99.27% CPU
Optimizing NNI: done in 3.42606 secs using 94.4% CPU
Optimizing NNI: done in 2.80274 secs using 95.89% CPU
Optimizing NNI: done in 2.92287 secs using 96.76% CPU
Optimizing NNI: done in 3.59824 secs using 92.06% CPU
Optimizing NNI: done in 3.13852 secs using 78.16% CPU
Iteration 40 / LogL: -77034.659 / Time: 0h:4m:25s (0h:7m:49s left)
Optimizing NNI: done in 2.62533 secs using 87.49% CPU
Optimizing NNI: done in 3.02458 secs using 95.05% CPU
Optimizing NNI: done in 3.29369 secs using 95.35% CPU
Optimizing NNI: done in 2.87717 secs using 97.21% CPU
Optimizing NNI: done in 2.79607 secs using 98.91% CPU
Optimizing NNI: done in 2.94451 secs using 98.17% CPU
Optimizing NNI: done in 2.6586 secs using 98.74% CPU
Optimizing NNI: done in 2.52269 secs using 98.48% CPU
Optimizing NNI: done in 2.72981 secs using 98.45% CPU
Optimizing NNI: done in 2.78495 secs using 98.18% CPU
Iteration 50 / LogL: -77034.947 / Time: 0h:4m:54s (0h:5m:54s left)
Log-likelihood cutoff on original alignment: -77117.982
Optimizing NNI: done in 1.97381 secs using 100.5% CPU
Optimizing NNI: done in 2.31056 secs using 98.73% CPU
UPDATE BEST LOG-LIKELIHOOD: -77034.584
Optimizing NNI: done in 3.40147 secs using 100.1% CPU
Optimizing NNI: done in 3.67722 secs using 98.15% CPU
Optimizing NNI: done in 2.99038 secs using 95.62% CPU
Optimizing NNI: done in 3.97695 secs using 92.72% CPU
Optimizing NNI: done in 4.13745 secs using 94.79% CPU
Optimizing NNI: done in 3.59515 secs using 88.66% CPU
Optimizing NNI: done in 2.47241 secs using 98.59% CPU
Optimizing NNI: done in 3.04363 secs using 97.03% CPU
Iteration 60 / LogL: -77034.584 / Time: 0h:5m:26s (0h:4m:31s left)
Optimizing NNI: done in 3.3413 secs using 94.46% CPU
Optimizing NNI: done in 2.44371 secs using 94.63% CPU
Optimizing NNI: done in 4.10838 secs using 86.71% CPU
Optimizing NNI: done in 3.33513 secs using 78.71% CPU
Optimizing NNI: done in 4.49797 secs using 69.13% CPU
Optimizing NNI: done in 3.53342 secs using 84.46% CPU
Optimizing NNI: done in 4.68223 secs using 81.42% CPU
Optimizing NNI: done in 4.07688 secs using 89.3% CPU
Optimizing NNI: done in 2.84022 secs using 78.67% CPU
Optimizing NNI: done in 3.85723 secs using 79.4% CPU
Iteration 70 / LogL: -77034.585 / Time: 0h:6m:6s (0h:3m:26s left)
Optimizing NNI: done in 4.45209 secs using 74.75% CPU
Optimizing NNI: done in 3.38978 secs using 90.35% CPU
Optimizing NNI: done in 3.51308 secs using 89.4% CPU
Optimizing NNI: done in 3.2612 secs using 90.55% CPU
Optimizing NNI: done in 3.7682 secs using 85.83% CPU
Optimizing NNI: done in 4.05843 secs using 77% CPU
Optimizing NNI: done in 4.62979 secs using 67.16% CPU
Optimizing NNI: done in 4.10286 secs using 73.88% CPU
Optimizing NNI: done in 3.22183 secs using 96.99% CPU
Optimizing NNI: done in 2.14722 secs using 98.96% CPU
Iteration 80 / LogL: -77034.584 / Time: 0h:6m:43s (0h:2m:28s left)
Optimizing NNI: done in 3.4286 secs using 96.61% CPU
Optimizing NNI: done in 2.82368 secs using 99.6% CPU
Optimizing NNI: done in 3.63046 secs using 98.56% CPU
Optimizing NNI: done in 3.12528 secs using 99.99% CPU
Optimizing NNI: done in 2.3921 secs using 99.29% CPU
Optimizing NNI: done in 2.99523 secs using 99.12% CPU
Optimizing NNI: done in 2.46297 secs using 98.97% CPU
Optimizing NNI: done in 2.67015 secs using 97.72% CPU
Optimizing NNI: done in 2.77202 secs using 96.95% CPU
Optimizing NNI: done in 2.95246 secs using 96.32% CPU
Iteration 90 / LogL: -77034.606 / Time: 0h:7m:13s (0h:1m:32s left)
Optimizing NNI: done in 4.24968 secs using 88.24% CPU
Optimizing NNI: done in 4.24346 secs using 94.63% CPU
Optimizing NNI: done in 3.15944 secs using 98.42% CPU
Optimizing NNI: done in 3.33048 secs using 93.36% CPU
Optimizing NNI: done in 2.22704 secs using 98.93% CPU
Optimizing NNI: done in 3.31119 secs using 97.21% CPU
Optimizing NNI: done in 2.92707 secs using 97.69% CPU
Optimizing NNI: done in 3.14624 secs using 100.3% CPU
Optimizing NNI: done in 3.39501 secs using 97.57% CPU
Optimizing NNI: done in 3.63222 secs using 97.65% CPU
Iteration 100 / LogL: -77034.639 / Time: 0h:7m:47s (0h:0m:42s left)
Log-likelihood cutoff on original alignment: -77117.982
NOTE: Bootstrap correlation coefficient of split occurrence frequencies: 0.999
Optimizing NNI: done in 4.14166 secs using 98.47% CPU
Optimizing NNI: done in 3.00484 secs using 97.24% CPU
Optimizing NNI: done in 2.85475 secs using 98.52% CPU
Optimizing NNI: done in 2.78282 secs using 97.14% CPU
Optimizing NNI: done in 2.56975 secs using 95.46% CPU
Optimizing NNI: done in 3.12461 secs using 99.51% CPU
Optimizing NNI: done in 3.96174 secs using 99.39% CPU
Optimizing NNI: done in 2.90028 secs using 96.97% CPU
Optimizing NNI: done in 2.95646 secs using 95.13% CPU
Optimizing NNI: done in 3.39273 secs using 93.03% CPU
Iteration 110 / LogL: -77036.509 / Time: 0h:8m:20s (0h:6m:53s left)
TREE SEARCH COMPLETED AFTER 110 ITERATIONS / Time: 0h:8m:20s

--------------------------------------------------------------------
|                    FINALIZING TREE SEARCH                        |
--------------------------------------------------------------------
Performs final model parameters optimization
Estimate model parameters (epsilon = 0.010)
1. Initial log-likelihood: -77034.584
Optimal log-likelihood: -77034.578
Rate parameters:  A-C: 1.21709  A-G: 5.64115  A-T: 1.37649  C-G: 0.68457  C-T: 8.87970  G-T: 1.00000
Base frequencies:  A: 0.256  C: 0.284  G: 0.253  T: 0.207
Proportion of invariable sites: 0.433
Gamma shape alpha: 0.635
Parameters optimization took 1 rounds (0.543 sec)
BEST SCORE FOUND : -77034.578
Creating bootstrap support values...
Split supports printed to NEXUS file alignments_no_probang_etc\Serotype_SAT1_complete_genomes_no_probang.splits.nex
Total tree length: 3.462

Total number of iterations: 110
CPU time used for tree search: 351.266 sec (0h:5m:51s)
Wall-clock time used for tree search: 378.307 sec (0h:6m:18s)
Total CPU time used: 469.812 sec (0h:7m:49s)
Total wall-clock time used: 501.876 sec (0h:8m:21s)

Computing bootstrap consensus tree...
Reading input file alignments_no_probang_etc\Serotype_SAT1_complete_genomes_no_probang.splits.nex...
75 taxa and 287 splits.
Consensus tree written to alignments_no_probang_etc\Serotype_SAT1_complete_genomes_no_probang.contree
Reading input trees file alignments_no_probang_etc\Serotype_SAT1_complete_genomes_no_probang.contree
Log-likelihood of consensus tree: -77034.751

Analysis results written to: 
  IQ-TREE report:                alignments_no_probang_etc\Serotype_SAT1_complete_genomes_no_probang.iqtree
  Maximum-likelihood tree:       alignments_no_probang_etc\Serotype_SAT1_complete_genomes_no_probang.treefile
  Likelihood distances:          alignments_no_probang_etc\Serotype_SAT1_complete_genomes_no_probang.mldist

Ultrafast bootstrap approximation results written to:
  Split support values:          alignments_no_probang_etc\Serotype_SAT1_complete_genomes_no_probang.splits.nex
  Consensus tree:                alignments_no_probang_etc\Serotype_SAT1_complete_genomes_no_probang.contree
  Screen log file:               alignments_no_probang_etc\Serotype_SAT1_complete_genomes_no_probang.log

Date and Time: Thu Jan 15 14:50:30 2026
