IQ-TREE version 3.0.1 for Windows 64-bit built May  5 2025
Developed by Bui Quang Minh, Thomas Wong, Nhan Ly-Trong, Huaiyan Ren
Contributed by Lam-Tung Nguyen, Dominik Schrempf, Chris Bielow,
Olga Chernomor, Michael Woodhams, Diep Thi Hoang, Heiko Schmidt

Host:    DESKTOP-IAVMJI2 (AVX2, FMA3, 7 GB RAM)
Command: bin/iqtree3.exe -s alignments_no_probang_etc\Serotype_Asia1_complete_genomes_no_probang.fasta -bb 1000 -m GTR+F+I+G -pre alignments_no_probang_etc\Serotype_Asia1_complete_genomes_no_probang
Seed:    15449 (Using SPRNG - Scalable Parallel Random Number Generator)
Time:    Thu Jan 15 14:42:05 2026
Kernel:  AVX+FMA - 1 threads (8 CPU cores detected)

HINT: Use -nt option to specify number of threads because your CPU has 8 cores!
HINT: -nt AUTO will automatically determine the best number of threads to use.

Reading alignment file alignments_no_probang_etc\Serotype_Asia1_complete_genomes_no_probang.fasta ... Fasta format detected
Reading fasta file: done in 0.0107117 secs using 145.9% CPU
Alignment most likely contains DNA/RNA sequences
Constructing alignment: done in 0.0106014 secs using 147.4% CPU
WARNING: 303 sites contain only gaps or ambiguous characters.
Alignment has 66 sequences with 7293 columns, 2256 distinct patterns
2014 parsimony-informative, 659 singleton sites, 4620 constant sites
                                                  Gap/Ambiguity  Composition  p-value
Analyzing sequences: done in 0.0005503 secs
   1  MN366244/BGD/cattle/2018/Asia1/ASIA/Unknown         4.15%    passed     98.18%
   2  JF749849/PAK/Unknown/2002/Asia1/ASIA/Unknown        4.20%    passed     99.80%
   3  OM471680/PAK/buffalo/2012/Asia1/ASIA/Unknown        4.15%    passed     83.64%
   4  OM471679/PAK/cattle/2012/Asia1/ASIA/Unknown         4.15%    passed     74.00%
   5  OM471678/PAK/cattle/2012/Asia1/ASIA/Unknown         4.15%    passed     74.00%
   6  OM471677/PAK/buffalo/2012/Asia1/ASIA/Unknown        4.15%    passed     85.91%
   7  OM471676/PAK/cattle/2011/Asia1/ASIA/Unknown         4.15%    passed     76.75%
   8  OM471675/PAK/cattle/2011/Asia1/ASIA/Unknown         4.15%    passed     84.78%
   9  OM471674/PAK/cattle/2011/Asia1/ASIA/Unknown         4.15%    passed     84.78%
  10  OM471673/PAK/cattle/2012/Asia1/ASIA/Unknown         4.15%    passed     85.78%
  11  OM471672/PAK/cattle/2012/Asia1/ASIA/Unknown         4.15%    passed     69.76%
  12  OM471671/PAK/cattle/2012/Asia1/ASIA/Unknown         4.15%    passed     69.76%
  13  OM471670/PAK/buffalo/2012/Asia1/ASIA/Unknown        4.15%    passed     80.07%
  14  OM471669/PAK/cattle/2012/Asia1/ASIA/Unknown         4.15%    passed     95.63%
  15  OM471668/PAK/cattle/2012/Asia1/ASIA/Unknown         4.15%    passed     95.63%
  16  OM471667/PAK/buffalo/2011/Asia1/ASIA/Unknown        4.15%    passed     77.77%
  17  OM471666/PAK/buffalo/2011/Asia1/ASIA/Unknown        4.15%    passed     77.77%
  18  OM471665/PAK/buffalo/2011/Asia1/ASIA/Unknown        4.15%    passed     76.75%
  19  OM471664/PAK/buffalo/2011/Asia1/ASIA/Unknown        4.15%    passed     76.14%
  20  OM471663/PAK/cattle/2012/Asia1/ASIA/Unknown         4.15%    passed     96.20%
  21  OM471662/PAK/cattle/2012/Asia1/ASIA/Unknown         4.15%    passed     96.20%
  22  OM471661/PAK/cattle/2012/Asia1/ASIA/Unknown         4.15%    passed     71.59%
  23  OM471660/PAK/buffalo/2012/Asia1/ASIA/Unknown        4.15%    passed     82.34%
  24  OM471659/PAK/cattle/2012/Asia1/ASIA/Unknown         4.15%    passed     95.63%
  25  MF372126/IND/gayal/1994/Asia1/ASIA/Unknown          4.15%    passed     94.74%
  26  MF372125/IND/gayal/2016/Asia1/ASIA/Unknown          4.15%    passed     61.84%
  27  MF782478/BGD/cattle/2013/Asia1/ASIA/Unknown         4.15%    passed     90.97%
  28  KM268898/TUR/cattle/2013/Asia1/ASIA/Unknown         4.15%    passed     97.74%
  29  JN006720/PAK/Unknown/2009/Asia1/ASIA/Unknown        4.15%    passed     92.13%
  30  JN006719/PAK/Unknown/2008/Asia1/ASIA/Unknown        4.15%    passed     98.11%
  31  HQ631363/CHN/pig/2006/Asia1/ASIA/Unknown            4.15%    passed     84.29%
  32  HQ632774/MYS/cattle/1999/Asia1/ASIA/Unknown         4.15%    passed     43.41%
  33  FJ906802/CHN/pig/2006/Asia1/ASIA/Unknown            4.15%    passed     83.27%
  34  HQ113233/AFG/cow/2009/Asia1/ASIA/Unknown            4.15%    passed     83.41%
  35  GQ452295/VNM/cattle/2007/Asia1/ASIA/Unknown         4.15%    passed     83.58%
  36  GU125646/VNM/buffalo/2005/Asia1/ASIA/Unknown        4.15%    passed     98.86%
  37  GU125645/VNM/cattle/2007/Asia1/ASIA/Unknown         4.15%    passed     82.33%
  38  DQ989323/IND/cattle/2002/Asia1/ASIA/Unknown         4.15%    passed     98.02%
  39  DQ989322/IND/cattle/2002/Asia1/ASIA/Unknown         4.15%    passed     84.97%
  40  DQ989321/IND/cattle/2001/Asia1/ASIA/Unknown         4.15%    passed     85.15%
  41  DQ989320/IND/cattle/2002/Asia1/ASIA/Unknown         4.15%    passed     81.75%
  42  DQ989319/IND/cattle/2001/Asia1/ASIA/Unknown         4.15%    passed     98.73%
  43  DQ989318/IND/cattle/2002/Asia1/ASIA/Unknown         4.15%    passed     71.27%
  44  DQ989317/IND/buffalo/2000/Asia1/ASIA/Unknown        4.15%    passed     98.78%
  45  DQ989315/IND/cattle/1993/Asia1/ASIA/Unknown         4.15%    passed     99.01%
  46  DQ989314/IND/cattle/2001/Asia1/ASIA/Unknown         4.15%    passed     94.70%
  47  DQ989313/IND/buffalo/1986/Asia1/ASIA/Unknown        4.20%    passed     74.61%
  48  DQ989312/IND/sheep/1990/Asia1/ASIA/Unknown          4.15%    passed     82.89%
  49  DQ989311/IND/buffalo/2002/Asia1/ASIA/Unknown        4.15%    passed     95.66%
  50  DQ989310/IND/cattle/1999/Asia1/ASIA/Unknown         4.15%    passed     89.81%
  51  DQ989309/IND/cattle/1996/Asia1/ASIA/Unknown         4.15%    passed     93.30%
  52  DQ989308/IND/cattle/1994/Asia1/ASIA/Unknown         4.15%    passed     88.86%
  53  DQ989307/IND/cattle/1992/Asia1/ASIA/Unknown         4.15%    passed     94.08%
  54  DQ989306/IND/cattle/1986/Asia1/ASIA/Unknown         4.20%    passed     98.71%
  55  DQ989305/IND/cattle/1990/Asia1/ASIA/Unknown         4.15%    passed     98.19%
  56  DQ989304/IND/cattle/2000/Asia1/ASIA/Unknown         4.20%    passed     98.17%
  57  DQ989303/IND/cattle/1993/Asia1/ASIA/Unknown         4.20%    passed     92.31%
  58  AY593800/LBN/Unknown/1983/Asia1/ASIA/Unknown        4.15%    passed     99.46%
  59  AY593799/LBN/Unknown/1983/Asia1/ASIA/Unknown        4.15%    passed     99.27%
  60  AY593798/LBN/Unknown/1983/Asia1/ASIA/Unknown        4.15%    passed     99.27%
  61  AY593796/ISR/Unknown/1963/Asia1/ASIA/Unknown        4.15%    passed     83.17%
  62  AY593795/PAK/Unknown/1954/Asia1/ASIA/Unknown        4.20%    passed     54.82%
  63  AY390432/Unknown/Unknown/2005/Asia1/ASIA/Unknown    4.15%    passed     49.03%
  64  EF614458/MNG/cattle/2005/Asia1/ASIA/Unknown         4.15%    passed     75.92%
  65  EF149010/CHN/Unknown/2005/Asia1/ASIA/Unknown        4.15%    passed     99.09%
  66  EF149009/CHN/Unknown/2005/Asia1/ASIA/Unknown        4.15%    passed     58.18%
****  TOTAL                                               4.16%  0 sequences failed composition chi2 test (p-value<5%; df=3)
NOTE: OM471665/PAK/buffalo/2011/Asia1/ASIA/Unknown is identical to OM471676/PAK/cattle/2011/Asia1/ASIA/Unknown but kept for subsequent analysis
NOTE: OM471674/PAK/cattle/2011/Asia1/ASIA/Unknown is identical to OM471675/PAK/cattle/2011/Asia1/ASIA/Unknown but kept for subsequent analysis
NOTE: OM471668/PAK/cattle/2012/Asia1/ASIA/Unknown is identical to OM471669/PAK/cattle/2012/Asia1/ASIA/Unknown but kept for subsequent analysis
NOTE: OM471662/PAK/cattle/2012/Asia1/ASIA/Unknown is identical to OM471663/PAK/cattle/2012/Asia1/ASIA/Unknown but kept for subsequent analysis
NOTE: AY593798/LBN/Unknown/1983/Asia1/ASIA/Unknown is identical to AY593799/LBN/Unknown/1983/Asia1/ASIA/Unknown but kept for subsequent analysis
Checking for duplicate sequences: done in 0.128977 secs using 24.23% CPU
Identifying sites to remove: done in 0.0114879 secs using 136% CPU
NOTE: 1 identical sequences (see below) will be ignored for subsequent analysis
NOTE: OM471659/PAK/cattle/2012/Asia1/ASIA/Unknown (identical to OM471669/PAK/cattle/2012/Asia1/ASIA/Unknown) is ignored but added at the end
Alignment was printed to alignments_no_probang_etc\Serotype_Asia1_complete_genomes_no_probang.uniqueseq.phy

For your convenience alignment with unique sequences printed to alignments_no_probang_etc\Serotype_Asia1_complete_genomes_no_probang.uniqueseq.phy
Creating fast initial parsimony tree by random order stepwise addition...
0.021 seconds, parsimony score: 9857 (based on 2673 sites)
Generating 1000 samples for ultrafast bootstrap (seed: 15449)...

NOTE: 27 MB RAM (0 GB) is required!
Estimate model parameters (epsilon = 0.100)
Thoroughly optimizing +I+G parameters from 10 start values...
Init pinv, alpha: 0.000, 1.000 / Estimate: 0.000, 0.236 / LogL: -55828.657
Init pinv, alpha: 0.070, 1.000 / Estimate: 0.448, 0.648 / LogL: -55664.846
Init pinv, alpha: 0.141, 1.000 / Estimate: 0.448, 0.647 / LogL: -55664.849
Init pinv, alpha: 0.211, 1.000 / Estimate: 0.448, 0.647 / LogL: -55664.845
Init pinv, alpha: 0.282, 1.000 / Estimate: 0.448, 0.648 / LogL: -55664.845
Init pinv, alpha: 0.352, 1.000 / Estimate: 0.448, 0.648 / LogL: -55664.847
Init pinv, alpha: 0.422, 1.000 / Estimate: 0.447, 0.646 / LogL: -55664.902
Init pinv, alpha: 0.493, 1.000 / Estimate: 0.475, 0.732 / LogL: -55664.798
Init pinv, alpha: 0.563, 1.000 / Estimate: 0.475, 0.731 / LogL: -55664.781
Init pinv, alpha: 0.633, 1.000 / Estimate: 0.476, 0.733 / LogL: -55664.852
Optimal pinv,alpha: 0.475, 0.731 / LogL: -55664.781

Parameters optimization took 108.685 sec
Wrote distance file to... 
Computing ML distances based on estimated model parameters...
Calculating distance matrix: done in 0.0871254 secs using 71.74% CPU
Computing ML distances took 0.098848 sec (of wall-clock time) 0.062500 sec (of CPU time)
Setting up auxiliary I and S matrices: done in 0.0004182 secs
Constructing RapidNJ tree: done in 0.0005831 secs
Computing RapidNJ tree took 0.008214 sec (of wall-clock time) 0.000000 sec (of CPU time)
Log-likelihood of RapidNJ tree: -55654.929
--------------------------------------------------------------------
|             INITIALIZING CANDIDATE TREE SET                      |
--------------------------------------------------------------------
Generating 98 parsimony trees... 2.436 second
Computing log-likelihood of 98 initial trees ... 10.142 seconds
Current best score: -55619.872

Do NNI search on 20 best initial trees
Optimizing NNI: done in 1.41595 secs using 92.69% CPU
Estimate model parameters (epsilon = 0.100)
BETTER TREE FOUND at iteration 1: -55538.823
Optimizing NNI: done in 1.70926 secs using 91.41% CPU
Optimizing NNI: done in 1.83324 secs using 96.31% CPU
Optimizing NNI: done in 1.85182 secs using 91.97% CPU
Estimate model parameters (epsilon = 0.100)
BETTER TREE FOUND at iteration 4: -55537.438
Optimizing NNI: done in 1.96986 secs using 92.8% CPU
Optimizing NNI: done in 1.54623 secs using 98.02% CPU
Optimizing NNI: done in 1.48277 secs using 100.1% CPU
Optimizing NNI: done in 1.4865 secs using 97.75% CPU
Optimizing NNI: done in 1.34937 secs using 96.11% CPU
Optimizing NNI: done in 1.7558 secs using 97.89% CPU
Iteration 10 / LogL: -55540.337 / Time: 0h:2m:20s
Optimizing NNI: done in 1.37716 secs using 98.71% CPU
Optimizing NNI: done in 1.67052 secs using 99.15% CPU
Optimizing NNI: done in 2.01043 secs using 97.93% CPU
Optimizing NNI: done in 2.25954 secs using 94.74% CPU
Optimizing NNI: done in 1.54322 secs using 97.2% CPU
Optimizing NNI: done in 2.60568 secs using 86.35% CPU
Optimizing NNI: done in 1.89897 secs using 94.62% CPU
Optimizing NNI: done in 1.82646 secs using 100.1% CPU
Optimizing NNI: done in 1.89485 secs using 98.95% CPU
Optimizing NNI: done in 1.67266 secs using 99.02% CPU
Iteration 20 / LogL: -55540.118 / Time: 0h:2m:39s
Finish initializing candidate tree set (15)
Current best tree score: -55537.438 / CPU time: 49.357
Number of iterations: 20
--------------------------------------------------------------------
|               OPTIMIZING CANDIDATE TREE SET                      |
--------------------------------------------------------------------
Optimizing NNI: done in 1.11249 secs using 99.72% CPU
Optimizing NNI: done in 1.62078 secs using 97.37% CPU
Optimizing NNI: done in 1.24988 secs using 98.76% CPU
Optimizing NNI: done in 1.67159 secs using 98.15% CPU
Optimizing NNI: done in 1.44658 secs using 97.21% CPU
Optimizing NNI: done in 1.62039 secs using 100.3% CPU
Optimizing NNI: done in 1.59473 secs using 94.06% CPU
Optimizing NNI: done in 1.18408 secs using 100.3% CPU
Optimizing NNI: done in 1.99741 secs using 98.57% CPU
Optimizing NNI: done in 1.57206 secs using 99.39% CPU
Iteration 30 / LogL: -55537.462 / Time: 0h:2m:54s (0h:7m:25s left)
Optimizing NNI: done in 1.69647 secs using 98.55% CPU
Optimizing NNI: done in 1.3501 secs using 97.22% CPU
Optimizing NNI: done in 1.51364 secs using 98.07% CPU
Optimizing NNI: done in 1.45695 secs using 99.74% CPU
Optimizing NNI: done in 1.36512 secs using 98.43% CPU
Optimizing NNI: done in 1.58969 secs using 98.29% CPU
Optimizing NNI: done in 1.30938 secs using 96.66% CPU
Optimizing NNI: done in 1.48504 secs using 99.95% CPU
Optimizing NNI: done in 1.47854 secs using 97.22% CPU
Optimizing NNI: done in 1.69483 secs using 99.57% CPU
Iteration 40 / LogL: -55565.942 / Time: 0h:3m:10s (0h:5m:11s left)
Optimizing NNI: done in 1.87126 secs using 100.2% CPU
Optimizing NNI: done in 1.39784 secs using 99.48% CPU
Optimizing NNI: done in 1.55634 secs using 97.38% CPU
Optimizing NNI: done in 1.23714 secs using 97.25% CPU
Optimizing NNI: done in 1.90573 secs using 96.75% CPU
Optimizing NNI: done in 1.41138 secs using 94.1% CPU
Optimizing NNI: done in 1.79781 secs using 97.34% CPU
Optimizing NNI: done in 1.27805 secs using 97.81% CPU
Optimizing NNI: done in 1.93447 secs using 93.69% CPU
Optimizing NNI: done in 2.1809 secs using 76.66% CPU
Iteration 50 / LogL: -55537.733 / Time: 0h:3m:27s (0h:3m:48s left)
Log-likelihood cutoff on original alignment: -55601.007
Optimizing NNI: done in 1.92033 secs using 83.81% CPU
Optimizing NNI: done in 1.9071 secs using 86.03% CPU
Optimizing NNI: done in 2.06117 secs using 91.73% CPU
Optimizing NNI: done in 1.6362 secs using 100.3% CPU
Optimizing NNI: done in 1.51222 secs using 95.06% CPU
Optimizing NNI: done in 1.88705 secs using 100.2% CPU
Optimizing NNI: done in 2.40571 secs using 93.53% CPU
Optimizing NNI: done in 2.03302 secs using 89.15% CPU
Optimizing NNI: done in 2.09578 secs using 93.19% CPU
Optimizing NNI: done in 2.15401 secs using 96.48% CPU
Iteration 60 / LogL: -55553.270 / Time: 0h:3m:48s (0h:2m:50s left)
Optimizing NNI: done in 2.01058 secs using 95.59% CPU
Optimizing NNI: done in 1.98081 secs using 88.35% CPU
Optimizing NNI: done in 2.01747 secs using 96.04% CPU
Optimizing NNI: done in 1.97476 secs using 97.32% CPU
Optimizing NNI: done in 1.75944 secs using 98.58% CPU
Optimizing NNI: done in 1.61901 secs using 98.44% CPU
Optimizing NNI: done in 1.48991 secs using 97.53% CPU
Optimizing NNI: done in 1.3474 secs using 99.73% CPU
Optimizing NNI: done in 1.52864 secs using 97.1% CPU
Optimizing NNI: done in 1.71361 secs using 98.48% CPU
Iteration 70 / LogL: -55542.123 / Time: 0h:4m:5s (0h:2m:1s left)
Optimizing NNI: done in 1.62351 secs using 98.17% CPU
Optimizing NNI: done in 2.02103 secs using 98.96% CPU
Optimizing NNI: done in 1.54166 secs using 99.33% CPU
Optimizing NNI: done in 1.61353 secs using 93.93% CPU
Optimizing NNI: done in 1.34437 secs using 99.95% CPU
Optimizing NNI: done in 1.76699 secs using 99.04% CPU
Optimizing NNI: done in 1.90692 secs using 95.87% CPU
Optimizing NNI: done in 1.19547 secs using 98.03% CPU
Optimizing NNI: done in 1.50873 secs using 89.07% CPU
Optimizing NNI: done in 1.68195 secs using 93.83% CPU
Iteration 80 / LogL: -55537.721 / Time: 0h:4m:22s (0h:1m:19s left)
Optimizing NNI: done in 2.63879 secs using 84.67% CPU
Optimizing NNI: done in 2.16112 secs using 75.92% CPU
Optimizing NNI: done in 1.45965 secs using 99.55% CPU
Optimizing NNI: done in 1.51979 secs using 98.7% CPU
Optimizing NNI: done in 1.69513 secs using 92.18% CPU
Optimizing NNI: done in 1.49785 secs using 100.1% CPU
Optimizing NNI: done in 1.25703 secs using 99.44% CPU
Optimizing NNI: done in 1.51474 secs using 98% CPU
Optimizing NNI: done in 1.84868 secs using 98.04% CPU
Optimizing NNI: done in 1.75255 secs using 95.4% CPU
Iteration 90 / LogL: -55537.483 / Time: 0h:4m:40s (0h:0m:44s left)
Optimizing NNI: done in 1.4623 secs using 98.3% CPU
Optimizing NNI: done in 1.4182 secs using 98.06% CPU
Optimizing NNI: done in 1.51524 secs using 100% CPU
Optimizing NNI: done in 1.71252 secs using 97.63% CPU
Optimizing NNI: done in 1.42668 secs using 99.66% CPU
Optimizing NNI: done in 1.48627 secs using 98.82% CPU
Optimizing NNI: done in 1.45491 secs using 97.73% CPU
Optimizing NNI: done in 1.43943 secs using 101% CPU
Optimizing NNI: done in 1.60645 secs using 99.21% CPU
Optimizing NNI: done in 1.67869 secs using 98.66% CPU
Iteration 100 / LogL: -55537.748 / Time: 0h:4m:56s (0h:0m:11s left)
Log-likelihood cutoff on original alignment: -55601.007
NOTE: Bootstrap correlation coefficient of split occurrence frequencies: 0.999
Optimizing NNI: done in 1.68251 secs using 98.44% CPU
Optimizing NNI: done in 1.685 secs using 99.22% CPU
Optimizing NNI: done in 1.45532 secs using 98.78% CPU
Optimizing NNI: done in 1.5977 secs using 99.75% CPU
Optimizing NNI: done in 1.75873 secs using 99.5% CPU
TREE SEARCH COMPLETED AFTER 105 ITERATIONS / Time: 0h:5m:4s

--------------------------------------------------------------------
|                    FINALIZING TREE SEARCH                        |
--------------------------------------------------------------------
Performs final model parameters optimization
Estimate model parameters (epsilon = 0.010)
1. Initial log-likelihood: -55537.438
2. Current log-likelihood: -55537.410
3. Current log-likelihood: -55537.390
4. Current log-likelihood: -55537.372
5. Current log-likelihood: -55537.358
6. Current log-likelihood: -55537.346
Optimal log-likelihood: -55537.333
Rate parameters:  A-C: 1.09060  A-G: 7.83123  A-T: 1.20893  C-G: 0.59634  C-T: 12.12641  G-T: 1.00000
Base frequencies:  A: 0.251  C: 0.281  G: 0.257  T: 0.211
Proportion of invariable sites: 0.467
Gamma shape alpha: 0.706
Parameters optimization took 6 rounds (1.902 sec)
BEST SCORE FOUND : -55537.333
Creating bootstrap support values...
Split supports printed to NEXUS file alignments_no_probang_etc\Serotype_Asia1_complete_genomes_no_probang.splits.nex
Total tree length: 1.804

Total number of iterations: 105
CPU time used for tree search: 186.531 sec (0h:3m:6s)
Wall-clock time used for tree search: 194.957 sec (0h:3m:14s)
Total CPU time used: 294.453 sec (0h:4m:54s)
Total wall-clock time used: 307.342 sec (0h:5m:7s)

Computing bootstrap consensus tree...
Reading input file alignments_no_probang_etc\Serotype_Asia1_complete_genomes_no_probang.splits.nex...
65 taxa and 222 splits.
Consensus tree written to alignments_no_probang_etc\Serotype_Asia1_complete_genomes_no_probang.contree
Reading input trees file alignments_no_probang_etc\Serotype_Asia1_complete_genomes_no_probang.contree
Log-likelihood of consensus tree: -55537.445

Analysis results written to: 
  IQ-TREE report:                alignments_no_probang_etc\Serotype_Asia1_complete_genomes_no_probang.iqtree
  Maximum-likelihood tree:       alignments_no_probang_etc\Serotype_Asia1_complete_genomes_no_probang.treefile
  Likelihood distances:          alignments_no_probang_etc\Serotype_Asia1_complete_genomes_no_probang.mldist

Ultrafast bootstrap approximation results written to:
  Split support values:          alignments_no_probang_etc\Serotype_Asia1_complete_genomes_no_probang.splits.nex
  Consensus tree:                alignments_no_probang_etc\Serotype_Asia1_complete_genomes_no_probang.contree
  Screen log file:               alignments_no_probang_etc\Serotype_Asia1_complete_genomes_no_probang.log

Date and Time: Thu Jan 15 14:47:14 2026
