IQ-TREE version 3.0.1 for Windows 64-bit built May  5 2025
Developed by Bui Quang Minh, Thomas Wong, Nhan Ly-Trong, Huaiyan Ren
Contributed by Lam-Tung Nguyen, Dominik Schrempf, Chris Bielow,
Olga Chernomor, Michael Woodhams, Diep Thi Hoang, Heiko Schmidt

Host:    DESKTOP-IAVMJI2 (AVX2, FMA3, 7 GB RAM)
Command: bin/iqtree3.exe -s alignments_no_probang_etc\recombinant_free_regions\A\A_1-511_no_probang.fasta -bb 1000 -m GTR+F+I+G -pre alignments_no_probang_etc\recombinant_free_regions\A\A_1-511_no_probang
Seed:    728160 (Using SPRNG - Scalable Parallel Random Number Generator)
Time:    Thu Jan 15 14:43:05 2026
Kernel:  AVX+FMA - 1 threads (8 CPU cores detected)

HINT: Use -nt option to specify number of threads because your CPU has 8 cores!
HINT: -nt AUTO will automatically determine the best number of threads to use.

Reading alignment file alignments_no_probang_etc\recombinant_free_regions\A\A_1-511_no_probang.fasta ... Fasta format detected
Reading fasta file: done in 0.0033941 secs
Alignment most likely contains DNA/RNA sequences
Constructing alignment: done in 0.0027484 secs
WARNING: 42 sites contain only gaps or ambiguous characters.
Alignment has 189 sequences with 562 columns, 291 distinct patterns
254 parsimony-informative, 26 singleton sites, 282 constant sites
WARNING: Some sequence names are changed as follows:
AY593766/KEN/Unknown/1965/A/?'/Unknown -> AY593766/KEN/Unknown/1965/A/__/Unknown

                                                  Gap/Ambiguity  Composition  p-value
Analyzing sequences: done in 0.0005037 secs
   1  MZ493234/PAK/cattle/2018/A/ASIA/Iran-05             9.07%    passed     99.46%
   2  MZ493233/PAK/cattle/2018/A/ASIA/Iran-05             9.07%    passed     99.46%
   3  MZ493232/PAK/cattle/2017/A/ASIA/Iran-05             9.07%    passed     96.80%
   4  ON652967/VNM/cow/2013/A/ASIA/Sea-97                 9.07%    passed     98.56%
   5  JF749848/TUR/Unknown/2003/A/ASIA/Unknown            9.07%    passed     97.90%
   6  JF749843/EGY/Unknown/2006/A/AFRICA/Unknown          8.54%    passed     79.40%
   7  JF749841/TUR/Unknown/2006/A/ASIA/Iran-05            8.01%    passed     92.65%
   8  KC440882/EGY/Unknown/2012/A/ASIA/Iran-05            8.01%    passed     85.41%
   9  KC440881/EGY/Unknown/2011/A/AFRICA/Unknown         10.14%    passed     86.33%
  10  EF117837/PAK/cattle/2006/A/ASIA/Iran-05             8.01%    passed     99.13%
  11  PP273559/IND/elephant/1988/A/ASIA/Unknown           9.07%    passed     96.49%
  12  OQ356347/EGY/cow/2008/A/AFRICA/Unknown              8.01%    passed     78.36%
  13  OQ356341/BRA/cow/1970/A/EURO-SA/Unknown             9.07%    passed     92.02%
  14  OQ256242/ISR/cow/1969/A/EURO-SA/Unknown             9.07%    passed     81.03%
  15  OQ745961/THA/cattle/2016/A/ASIA/Sea-97              9.07%    passed     96.08%
  16  LC771233/IRQ/water-buffalo/2023/A/AFRICA/Unknown   10.14%    passed     97.76%
  17  OM863581/KEN/cattle/2012/A/AFRICA/Unknown           9.07%    passed     58.57%
  18  OM863580/EGY/cattle/2012/A/AFRICA/Unknown          10.14%    passed     91.33%
  19  OM455484/PAK/buffalo/2012/A/ASIA/Iran-05           10.68%    passed     93.76%
  20  OM455483/PAK/cattle/2012/A/ASIA/Iran-05            10.68%    passed     93.76%
  21  OM455482/PAK/cattle/2009/A/ASIA/Iran-05             9.07%    passed     76.41%
  22  OM455481/PAK/buffalo/2012/A/ASIA/Iran-05            9.07%    passed     84.70%
  23  OM455480/PAK/cattle/2008/A/ASIA/Iran-05             9.07%    passed     76.41%
  24  OM455479/PAK/cattle/2012/A/ASIA/Iran-05            10.68%    passed     93.76%
  25  MG334583/IRQ/cow/2009/A/ASIA/Iran-05                8.01%    passed     85.92%
  26  LC564923/THA/cow/2016/A/ASIA/Sea-97                 9.07%    passed     94.88%
  27  LC564922/THA/cow/2016/A/ASIA/Sea-97                 9.07%    passed     86.80%
  28  LC564921/THA/cow/2016/A/ASIA/Sea-97                 9.07%    passed     84.12%
  29  LC564920/THA/cow/2015/A/ASIA/Sea-97                 9.07%    passed     75.47%
  30  LC564919/THA/cow/2015/A/ASIA/Sea-97                 9.07%    passed     81.03%
  31  LC564918/THA/cow/2015/A/ASIA/Sea-97                 9.07%    passed     77.00%
  32  LC564917/THA/cow/2015/A/ASIA/Sea-97                 9.07%    passed     71.14%
  33  LC564916/THA/cow/2014/A/ASIA/Sea-97                 9.07%    passed     70.52%
  34  LC564915/THA/cow/2014/A/ASIA/Sea-97                 9.07%    passed     98.56%
  35  LC564914/THA/cow/2014/A/ASIA/Sea-97                 9.07%    passed     98.56%
  36  LC564912/THA/cow/2013/A/ASIA/Sea-97                 9.07%    passed     94.52%
  37  LC564911/THA/cow/2013/A/ASIA/Sea-97                 9.07%    passed     98.80%
  38  LC564909/THA/cow/2012/A/ASIA/Sea-97                 9.07%    passed     96.33%
  39  LC564907/THA/cow/2011/A/ASIA/Sea-97                 9.07%    passed     88.54%
  40  LC564906/THA/cow/2011/A/ASIA/Sea-97                 9.07%    passed     92.53%
  41  LC564905/THA/cow/2011/A/ASIA/Sea-97                 9.07%    passed     90.73%
  42  LC564904/THA/cow/2010/A/ASIA/Sea-97                 9.07%    passed     92.62%
  43  LC564903/THA/cow/2010/A/ASIA/Sea-97                 9.07%    passed     88.64%
  44  LC564902/THA/cow/2010/A/ASIA/Sea-97                 9.07%    passed     92.03%
  45  LC564901/THA/cow/2009/A/ASIA/Sea-97                 9.07%    passed     99.73%
  46  LC564900/THA/cow/2009/A/ASIA/Sea-97                 9.07%    passed     99.29%
  47  LC564898/THA/cow/2008/A/ASIA/Sea-97                 9.07%    passed     98.69%
  48  LC564896/THA/cow/2007/A/ASIA/Sea-97                 9.07%    passed     97.11%
  49  LC564895/THA/cow/2007/A/ASIA/Sea-97                 9.07%    passed     93.89%
  50  LC564894/THA/cow/2007/A/ASIA/Sea-97                 9.07%    passed     89.74%
  51  MT602079/SDN/cattle/2018/A/AFRICA/Unknown          10.14%    passed     94.69%
  52  MT602078/ETH/cattle/2019/A/AFRICA/Unknown          10.14%    passed     80.42%
  53  MT602077/ETH/cattle/2018/A/AFRICA/Unknown           9.07%    passed     45.99%
  54  MT863268/EGY/water-buffalo/2016/A/AFRICA/Unknown   10.14%    passed     93.02%
  55  KY322680/VNM/cattle/2013/A/ASIA/Sea-97              9.07%    passed     99.79%
  56  KY322679/THA/cattle/2014/A/ASIA/Sea-97              9.07%    passed     98.56%
  57  KY322678/MYS/cattle/2013/A/ASIA/Sea-97              9.07%    passed     98.67%
  58  KY322677/MYS/cattle/2013/A/ASIA/Sea-97              9.07%    passed     99.30%
  59  KY322676/MYS/cattle/2013/A/ASIA/Sea-97              9.07%    passed     96.33%
  60  KY322675/LAO/cattle/2014/A/ASIA/Sea-97              9.07%    passed     98.14%
  61  MK940253/SAU/cattle/2017/A/ASIA/Unknown             9.07%    passed     99.05%
  62  MN062587/PAK/cattle/2009/A/ASIA/Iran-05             8.01%    passed     55.27%
  63  MN062586/AFG/cattle/2009/A/ASIA/Iran-05             8.01%    passed     89.51%
  64  LC483874/THA/cow/2007/A/ASIA/Sea-97                 9.07%    passed     89.74%
  65  MN116688/KEN/cow/2016/A/AFRICA/Unknown              9.07%    passed     76.23%
  66  MG923580/DZA/cattle/2017/A/AFRICA/Unknown          10.14%    passed     98.30%
  67  MG923579/DZA/cattle/2017/A/AFRICA/Unknown          10.14%    passed     96.87%
  68  MH053307/ZMB/cattle/1990/A/AFRICA/Unknown           9.07%    passed     98.05%
  69  MH053306/TCD/cattle/1973/A/AFRICA/Unknown           8.54%    passed     96.68%
  70  MH053305/EGY/cattle/1972/A/AFRICA/Unknown           9.07%    passed     97.00%
  71  MG725876/NER/cow/2015/A/AFRICA/Unknown             10.14%    passed     99.45%
  72  MG725875/NER/cow/2015/A/AFRICA/Unknown             10.14%    passed     98.80%
  73  MG725874/NER/cow/2015/A/AFRICA/Unknown             10.14%    passed     88.41%
  74  MG725873/NER/cow/2015/A/AFRICA/Unknown             10.14%    passed     94.85%
  75  MG725872/NER/cow/2013/A/AFRICA/Unknown             10.14%    passed     90.64%
  76  JN099699/IRQ/cattle/2009/A/ASIA/Iran-05             8.01%    passed     88.42%
  77  JN099698/IRQ/cattle/2009/A/ASIA/Iran-05             8.01%    passed     92.34%
  78  JN099697/IRQ/cattle/2009/A/ASIA/Iran-05             8.01%    passed     92.58%
  79  JN099694/IRQ/cattle/2009/A/ASIA/Iran-05             8.01%    passed     88.42%
  80  JN099688/IRQ/cattle/2009/A/ASIA/Iran-05             8.01%    passed     85.92%
  81  KX002205/ARG/cattle/2001/A/EURO-SA/Unknown          9.07%    passed     71.58%
  82  KX002204/ARG/cattle/2001/A/EURO-SA/Unknown          9.07%    passed     71.58%
  83  KX002203/ARG/cattle/2001/A/EURO-SA/Unknown          9.07%    passed     79.23%
  84  KX002202/ARG/cattle/2001/A/EURO-SA/Unknown          9.07%    passed     52.01%
  85  KX002201/ARG/cattle/2001/A/EURO-SA/Unknown          9.07%    passed     69.94%
  86  KX002200/ARG/cattle/2001/A/EURO-SA/Unknown          9.07%    passed     77.48%
  87  KX002199/ARG/cattle/2001/A/EURO-SA/Unknown          9.07%    passed     77.48%
  88  KX002198/ARG/cattle/2001/A/EURO-SA/Unknown          9.07%    passed     74.23%
  89  KX002197/ARG/cattle/2001/A/EURO-SA/Unknown          9.07%    passed     74.23%
  90  KX002196/ARG/cattle/2001/A/EURO-SA/Unknown          9.07%    passed     68.25%
  91  KX002194/ARG/cattle/2000/A/EURO-SA/Unknown          9.07%    passed     74.05%
  92  KX002193/ARG/cattle/2001/A/EURO-SA/Unknown          9.07%    passed     53.00%
  93  KX002192/ARG/cattle/2001/A/EURO-SA/Unknown          9.07%    passed     74.40%
  94  KX002191/ARG/cattle/2001/A/EURO-SA/Unknown          9.07%    passed     68.25%
  95  KX002190/ARG/cattle/2001/A/EURO-SA/Unknown          9.07%    passed     68.25%
  96  KX002189/ARG/cattle/2001/A/EURO-SA/Unknown          9.07%    passed     68.25%
  97  KX002188/ARG/cattle/2001/A/EURO-SA/Unknown          9.07%    passed     68.25%
  98  KX002187/ARG/cattle/2001/A/EURO-SA/Unknown          9.07%    passed     74.74%
  99  KX002186/ARG/cattle/2001/A/EURO-SA/Unknown          9.07%    passed     77.48%
 100  KX002185/ARG/cattle/2001/A/EURO-SA/Unknown          9.07%    passed     68.25%
 101  KX002184/ARG/cattle/2001/A/EURO-SA/Unknown          9.07%    passed     81.52%
 102  KX002183/ARG/cattle/2001/A/EURO-SA/Unknown          9.07%    passed     69.55%
 103  KX002182/ARG/cattle/2001/A/EURO-SA/Unknown          9.07%    passed     77.48%
 104  KX002181/ARG/cattle/2001/A/EURO-SA/Unknown          9.07%    passed     83.49%
 105  KX002180/ARG/cattle/2001/A/EURO-SA/Unknown          9.07%    passed     78.43%
 106  KX002179/ARG/cattle/2001/A/EURO-SA/Unknown          9.07%    passed     78.43%
 107  KX002178/ARG/cattle/2001/A/EURO-SA/Unknown          9.07%    passed     64.30%
 108  KX002177/ARG/cattle/2001/A/EURO-SA/Unknown          9.07%    passed     64.30%
 109  KX002176/ARG/cattle/2001/A/EURO-SA/Unknown          9.07%    passed     72.89%
 110  KT968663/CHN/yak/2013/A/ASIA/Sea-97                 9.07%    passed     72.39%
 111  KU127247/SAU/cattle/2015/A/ASIA/Unknown             9.07%    passed     99.05%
 112  HQ268509/VNM/Unknown/2004/A/ASIA/Sea-97             9.25%    passed     95.71%
 113  HQ832592/IND/cattle/2009/A/ASIA/Unknown             9.07%    passed     90.74%
 114  HQ832591/IND/cattle/2008/A/ASIA/Unknown             9.07%    passed     93.78%
 115  HQ832590/IND/cattle/2007/A/ASIA/Unknown             9.07%    passed     81.03%
 116  HQ832589/IND/cattle/2006/A/ASIA/Unknown             9.07%    passed     76.52%
 117  HQ832588/IND/cattle/2005/A/ASIA/Unknown             9.07%    passed     62.51%
 118  HQ832586/IND/Unknown/2006/A/ASIA/Unknown            9.07%    passed     87.81%
 119  HQ832585/IND/Unknown/2005/A/ASIA/Unknown            9.07%    passed     43.56%
 120  HQ832584/IND/cattle/2005/A/ASIA/Unknown             9.07%    passed     78.53%
 121  HQ832583/IND/Unknown/2005/A/ASIA/Unknown            9.07%    passed     95.59%
 122  HQ832582/IND/buffalo/2004/A/ASIA/Unknown            9.07%    passed     95.13%
 123  HQ832581/IND/cattle/2004/A/ASIA/Unknown             9.07%    passed     94.85%
 124  HQ832580/IND/cattle/2003/A/ASIA/Unknown             9.07%    passed     97.57%
 125  HQ832579/IND/buffalo/2003/A/ASIA/Unknown            9.07%    passed     96.57%
 126  HQ832578/IND/Unknown/2003/A/ASIA/Unknown            9.07%    passed     94.86%
 127  HQ832577/IND/Unknown/1999/A/ASIA/Unknown            9.07%    passed     99.77%
 128  KJ608371/VNM/cattle/2013/A/ASIA/Sea-97              9.07%    passed     77.76%
 129  KP940474/EGY/cattle/2014/A/AFRICA/Unknown          10.14%    passed     86.33%
 130  KM268896/TUR/cattle/2013/A/ASIA/Iran-05             9.07%    passed     72.33%
 131  KJ933864/MYS/Unknown/1997/A/ASIA/Sea-97             9.07%    passed     88.01%
 132  KJ754939/BGD/cattle/2013/A/ASIA/Unknown             9.07%    passed     97.70%
 133  KC588943/KOR/cattle/2010/A/ASIA/Sea-97              9.07%    passed     95.49%
 134  JN006722/PAK/Unknown/2008/A/ASIA/Iran-05            9.07%    passed     63.06%
 135  HQ632773/MYS/cattle/2007/A/ASIA/Sea-97              9.07%    passed     95.08%
 136  GQ406252/VNM/buffalo/2009/A/ASIA/Sea-97             9.07%    passed     99.46%
 137  GQ406251/VNM/pig/2009/A/ASIA/Sea-97                 9.07%    passed     98.69%
 138  GQ406250/VNM/cattle/2009/A/ASIA/Sea-97              9.07%    passed     98.69%
 139  GQ406249/VNM/cattle/2009/A/ASIA/Sea-97              9.07%    passed     99.42%
 140  GQ406248/VNM/cattle/2009/A/ASIA/Sea-97              9.07%    passed     97.11%
 141  GQ406247/VNM/cattle/2009/A/ASIA/Sea-97              9.07%    passed     97.11%
 142  EF494488/PAK/cattle/2006/A/ASIA/Iran-05             8.01%    passed     96.46%
 143  EF494487/PAK/cattle/2006/A/ASIA/Iran-05             8.01%    passed     99.13%
 144  AY593803/BRA/Unknown/1979/A/EURO-SA/Unknown         9.07%    passed     87.77%
 145  AY593802/URY/Unknown/2001/A/EURO-SA/Unknown         9.07%    passed     74.05%
 146  AY593794/COL/Unknown/1985/A/EURO-SA/Unknown         9.07%    passed     82.65%
 147  AY593793/PHL/Unknown/1975/A/EURO-SA/Unknown         9.07%    passed     93.41%
 148  AY593792/ITA/Unknown/1962/A/EURO-SA/Unknown         9.07%    passed     81.32%
 149  AY593791/IRN/Unknown/1998/A/ASIA/Iran-96            9.07%    passed     96.13%
 150  AY593790/ARG/Unknown/2001/A/EURO-SA/Unknown         9.07%    passed     71.58%
 151  AY593789/ARG/Unknown/1961/A/EURO-SA/Unknown         9.07%    passed     99.66%
 152  AY593788/BRA/Unknown/1958/A/EURO-SA/Unknown         9.07%    passed     97.51%
 153  AY593786/ARG/Unknown/2001/A/EURO-SA/Unknown         9.07%    passed     71.58%
 154  AY593785/ARG/Unknown/2001/A/EURO-SA/Unknown         9.07%    passed     79.23%
 155  AY593784/ARG/Unknown/2001/A/EURO-SA/Unknown         9.07%    passed     79.23%
 156  AY593783/ARG/Unknown/2001/A/EURO-SA/Unknown         9.07%    passed     79.23%
 157  AY593782/ARG/Unknown/2000/A/EURO-SA/Unknown         9.07%    passed     82.48%
 158  AY593781/DEU/Unknown/1951/A/EURO-SA/Unknown         9.07%    passed     67.91%
 159  AY593780/FRA/Unknown/1960/A/EURO-SA/Unknown         9.07%    passed     78.64%
 160  AY593779/DEU/Unknown/1972/A/EURO-SA/Unknown         9.07%    passed     99.63%
 161  AY593776/DEU/Unknown/1968/A/EURO-SA/Unknown         9.07%    passed     69.63%
 162  AY593775/VEN/Unknown/1970/A/EURO-SA/Unknown         9.07%    passed     84.12%
 163  AY593774/ESP/Unknown/1969/A/EURO-SA/Unknown         9.07%    passed     99.63%
 164  AY593773/PER/Unknown/1969/A/EURO-SA/Unknown         9.07%    passed     84.12%
 165  AY593772/TUR/Unknown/1972/A/ASIA/A22                9.07%    passed     87.49%
 166  AY593771/COL/Unknown/1967/A/EURO-SA/Unknown         9.07%    passed     80.32%
 167  AY593770/ARG/Unknown/1966/A/EURO-SA/Unknown         9.07%    passed     83.80%
 168  AY593769/ARG/Unknown/1959/A/EURO-SA/Unknown         9.07%    passed     99.66%
 169  AY593768/BRA/Unknown/1955/A/EURO-SA/Unknown         9.07%    passed     85.49%
 170  AY593767/ARG/Unknown/1965/A/EURO-SA/Unknown         9.07%    passed     66.60%
 171  AY593766/KEN/Unknown/1965/A/__/Unknown              9.07%    passed     89.19%
 172  AY593765/TUR/Unknown/1965/A/ASIA/A22                9.07%    passed     93.98%
 173  AY593764/IRQ/Unknown/1970/A/ASIA/A22                9.07%    passed     95.18%
 174  AY593763/IRQ/Unknown/1964/A/ASIA/A22                9.07%    passed     95.18%
 175  AY593762/IRQ/Unknown/1964/A/ASIA/A22                9.07%    passed     95.18%
 176  AY593761/KEN/Unknown/1964/A/AFRICA/Unknown          8.54%    passed     94.31%
 177  AY593760/RUS/Unknown/1964/A/EURO-SA/Unknown         9.07%    passed     73.32%
 178  AY593759/DEU/Unknown/1971/A/EURO-SA/Unknown         9.07%    passed     99.29%
 179  AY593758/VEN/Unknown/1967/A/EURO-SA/Unknown         9.07%    passed     93.16%
 180  AY593757/BRA/Unknown/1967/A/EURO-SA/Unknown         9.07%    passed     83.98%
 181  AY593756/BRA/Unknown/1959/A/EURO-SA/Unknown         9.07%    passed     96.47%
 182  AY593755/THA/Unknown/1960/A/ASIA/Unknown            9.07%    passed     47.54%
 183  AY593754/ESP/Unknown/1959/A/EURO-SA/Unknown         9.07%    passed     83.91%
 184  AY593753/BRA/Unknown/1958/A/EURO-SA/Unknown         9.07%    passed     92.02%
 185  AY593751/NLD/Unknown/1942/A/EURO-SA/Unknown         9.07%    passed     82.19%
 186  FJ623456/KAZ/Unknown/1999/A/ASIA/A22                9.07%    passed     95.05%
 187  EF494486/TUR/cattle/2005/A/ASIA/Iran-05             8.01%    passed     99.62%
 188  MT340198/VNM/cattle/2017/A/ASIA/Sea-97              9.07%    passed     87.69%
 189  MT340197/VNM/cattle/2017/A/ASIA/Sea-97              9.07%    passed     84.20%
****  TOTAL                                               9.09%  0 sequences failed composition chi2 test (p-value<5%; df=3)
NOTE: MZ493233/PAK/cattle/2018/A/ASIA/Iran-05 is identical to MZ493234/PAK/cattle/2018/A/ASIA/Iran-05 but kept for subsequent analysis
NOTE: KP940474/EGY/cattle/2014/A/AFRICA/Unknown is identical to KC440881/EGY/Unknown/2011/A/AFRICA/Unknown but kept for subsequent analysis
NOTE: EF494487/PAK/cattle/2006/A/ASIA/Iran-05 is identical to EF117837/PAK/cattle/2006/A/ASIA/Iran-05 but kept for subsequent analysis
NOTE: AY593753/BRA/Unknown/1958/A/EURO-SA/Unknown is identical to OQ356341/BRA/cow/1970/A/EURO-SA/Unknown but kept for subsequent analysis
NOTE: OM455483/PAK/cattle/2012/A/ASIA/Iran-05 is identical to OM455484/PAK/buffalo/2012/A/ASIA/Iran-05 but kept for subsequent analysis
NOTE: OM455480/PAK/cattle/2008/A/ASIA/Iran-05 is identical to OM455482/PAK/cattle/2009/A/ASIA/Iran-05 but kept for subsequent analysis
NOTE: JN099688/IRQ/cattle/2009/A/ASIA/Iran-05 is identical to MG334583/IRQ/cow/2009/A/ASIA/Iran-05 but kept for subsequent analysis
NOTE: KY322679/THA/cattle/2014/A/ASIA/Sea-97 is identical to LC564914/THA/cow/2014/A/ASIA/Sea-97 but kept for subsequent analysis
NOTE: LC483874/THA/cow/2007/A/ASIA/Sea-97 is identical to LC564894/THA/cow/2007/A/ASIA/Sea-97 but kept for subsequent analysis
NOTE: KU127247/SAU/cattle/2015/A/ASIA/Unknown is identical to MK940253/SAU/cattle/2017/A/ASIA/Unknown but kept for subsequent analysis
NOTE: KX002204/ARG/cattle/2001/A/EURO-SA/Unknown is identical to KX002205/ARG/cattle/2001/A/EURO-SA/Unknown but kept for subsequent analysis
NOTE: AY593785/ARG/Unknown/2001/A/EURO-SA/Unknown is identical to KX002203/ARG/cattle/2001/A/EURO-SA/Unknown but kept for subsequent analysis
NOTE: KX002199/ARG/cattle/2001/A/EURO-SA/Unknown is identical to KX002200/ARG/cattle/2001/A/EURO-SA/Unknown but kept for subsequent analysis
NOTE: KX002197/ARG/cattle/2001/A/EURO-SA/Unknown is identical to KX002198/ARG/cattle/2001/A/EURO-SA/Unknown but kept for subsequent analysis
NOTE: KX002190/ARG/cattle/2001/A/EURO-SA/Unknown is identical to KX002191/ARG/cattle/2001/A/EURO-SA/Unknown but kept for subsequent analysis
NOTE: KX002179/ARG/cattle/2001/A/EURO-SA/Unknown is identical to KX002180/ARG/cattle/2001/A/EURO-SA/Unknown but kept for subsequent analysis
NOTE: KX002177/ARG/cattle/2001/A/EURO-SA/Unknown is identical to KX002178/ARG/cattle/2001/A/EURO-SA/Unknown but kept for subsequent analysis
NOTE: GQ406247/VNM/cattle/2009/A/ASIA/Sea-97 is identical to GQ406248/VNM/cattle/2009/A/ASIA/Sea-97 but kept for subsequent analysis
NOTE: AY593769/ARG/Unknown/1959/A/EURO-SA/Unknown is identical to AY593789/ARG/Unknown/1961/A/EURO-SA/Unknown but kept for subsequent analysis
NOTE: AY593774/ESP/Unknown/1969/A/EURO-SA/Unknown is identical to AY593779/DEU/Unknown/1972/A/EURO-SA/Unknown but kept for subsequent analysis
NOTE: AY593773/PER/Unknown/1969/A/EURO-SA/Unknown is identical to AY593775/VEN/Unknown/1970/A/EURO-SA/Unknown but kept for subsequent analysis
NOTE: AY593763/IRQ/Unknown/1964/A/ASIA/A22 is identical to AY593764/IRQ/Unknown/1970/A/ASIA/A22 but kept for subsequent analysis
Checking for duplicate sequences: done in 0.19786 secs
Identifying sites to remove: done in 0.0030305 secs
NOTE: 6 identical sequences (see below) will be ignored for subsequent analysis
NOTE: OM455479/PAK/cattle/2012/A/ASIA/Iran-05 (identical to OM455484/PAK/buffalo/2012/A/ASIA/Iran-05) is ignored but added at the end
NOTE: AY593790/ARG/Unknown/2001/A/EURO-SA/Unknown (identical to KX002205/ARG/cattle/2001/A/EURO-SA/Unknown) is ignored but added at the end
NOTE: AY593786/ARG/Unknown/2001/A/EURO-SA/Unknown (identical to KX002205/ARG/cattle/2001/A/EURO-SA/Unknown) is ignored but added at the end
NOTE: AY593784/ARG/Unknown/2001/A/EURO-SA/Unknown (identical to KX002203/ARG/cattle/2001/A/EURO-SA/Unknown) is ignored but added at the end
NOTE: AY593783/ARG/Unknown/2001/A/EURO-SA/Unknown (identical to KX002203/ARG/cattle/2001/A/EURO-SA/Unknown) is ignored but added at the end
NOTE: AY593762/IRQ/Unknown/1964/A/ASIA/A22 (identical to AY593764/IRQ/Unknown/1970/A/ASIA/A22) is ignored but added at the end
Alignment was printed to alignments_no_probang_etc\recombinant_free_regions\A\A_1-511_no_probang.uniqueseq.phy

For your convenience alignment with unique sequences printed to alignments_no_probang_etc\recombinant_free_regions\A\A_1-511_no_probang.uniqueseq.phy
Creating fast initial parsimony tree by random order stepwise addition...
0.085 seconds, parsimony score: 2478 (based on 280 sites)
Generating 1000 samples for ultrafast bootstrap (seed: 728160)...

NOTE: 8 MB RAM (0 GB) is required!
Estimate model parameters (epsilon = 0.100)
Thoroughly optimizing +I+G parameters from 10 start values...
Init pinv, alpha: 0.000, 1.000 / Estimate: 0.000, 0.342 / LogL: -11470.174
Init pinv, alpha: 0.056, 1.000 / Estimate: 0.433, 1.252 / LogL: -11412.989
Init pinv, alpha: 0.112, 1.000 / Estimate: 0.434, 1.258 / LogL: -11412.973
Init pinv, alpha: 0.167, 1.000 / Estimate: 0.434, 1.262 / LogL: -11412.966
Init pinv, alpha: 0.223, 1.000 / Estimate: 0.434, 1.260 / LogL: -11412.973
Init pinv, alpha: 0.279, 1.000 / Estimate: 0.433, 1.254 / LogL: -11412.993
Init pinv, alpha: 0.335, 1.000 / Estimate: 0.434, 1.259 / LogL: -11412.981
Init pinv, alpha: 0.390, 1.000 / Estimate: 0.434, 1.260 / LogL: -11412.984
Init pinv, alpha: 0.446, 1.000 / Estimate: 0.434, 1.259 / LogL: -11412.996
Init pinv, alpha: 0.502, 1.000 / Estimate: 0.435, 1.269 / LogL: -11412.992
Optimal pinv,alpha: 0.434, 1.262 / LogL: -11412.966

Parameters optimization took 20.001 sec
Wrote distance file to... 
Computing ML distances based on estimated model parameters...
Calculating distance matrix: done in 0.374412 secs using 100.2% CPU
Computing ML distances took 0.383892 sec (of wall-clock time) 0.375000 sec (of CPU time)
Setting up auxiliary I and S matrices: done in 0.0011827 secs
Constructing RapidNJ tree: done in 0.0031422 secs
Computing RapidNJ tree took 0.109479 sec (of wall-clock time) 0.078125 sec (of CPU time)
Log-likelihood of RapidNJ tree: -11372.839
--------------------------------------------------------------------
|             INITIALIZING CANDIDATE TREE SET                      |
--------------------------------------------------------------------
Generating 98 parsimony trees... 7.874 second
Computing log-likelihood of 98 initial trees ... 3.971 seconds
Current best score: -11372.839

Do NNI search on 20 best initial trees
Optimizing NNI: done in 1.97652 secs using 99.61% CPU
Estimate model parameters (epsilon = 0.100)
BETTER TREE FOUND at iteration 1: -11331.204
Optimizing NNI: done in 2.1954 secs using 98.22% CPU
Estimate model parameters (epsilon = 0.100)
BETTER TREE FOUND at iteration 2: -11321.507
Optimizing NNI: done in 2.36352 secs using 95.2% CPU
Optimizing NNI: done in 2.54902 secs using 98.69% CPU
Optimizing NNI: done in 2.46508 secs using 98.25% CPU
Optimizing NNI: done in 2.76018 secs using 98.5% CPU
Optimizing NNI: done in 2.46783 secs using 98.77% CPU
Optimizing NNI: done in 2.37962 secs using 98.49% CPU
Optimizing NNI: done in 2.64749 secs using 99.74% CPU
Optimizing NNI: done in 2.40747 secs using 97.35% CPU
Estimate model parameters (epsilon = 0.100)
BETTER TREE FOUND at iteration 10: -11320.125
Iteration 10 / LogL: -11320.125 / Time: 0h:0m:58s
Optimizing NNI: done in 2.44464 secs using 91.4% CPU
Optimizing NNI: done in 2.0093 secs using 97.98% CPU
Optimizing NNI: done in 2.42973 secs using 93.25% CPU
Optimizing NNI: done in 2.25803 secs using 96.18% CPU
Optimizing NNI: done in 2.91324 secs using 93.32% CPU
Optimizing NNI: done in 2.84141 secs using 97.33% CPU
Optimizing NNI: done in 2.12986 secs using 99.04% CPU
Optimizing NNI: done in 2.51977 secs using 97.98% CPU
Optimizing NNI: done in 1.85942 secs using 96.64% CPU
Optimizing NNI: done in 2.14465 secs using 99.08% CPU
Iteration 20 / LogL: -11329.723 / Time: 0h:1m:22s
Finish initializing candidate tree set (20)
Current best tree score: -11320.125 / CPU time: 61.471
Number of iterations: 20
--------------------------------------------------------------------
|               OPTIMIZING CANDIDATE TREE SET                      |
--------------------------------------------------------------------
Optimizing NNI: done in 1.69134 secs using 99.77% CPU
Estimate model parameters (epsilon = 0.100)
BETTER TREE FOUND at iteration 21: -11309.351
Optimizing NNI: done in 1.61931 secs using 92.63% CPU
Optimizing NNI: done in 1.58479 secs using 98.59% CPU
Optimizing NNI: done in 2.04047 secs using 74.28% CPU
Optimizing NNI: done in 1.9273 secs using 90.8% CPU
Optimizing NNI: done in 1.83164 secs using 93.84% CPU
Optimizing NNI: done in 2.02326 secs using 98.85% CPU
Optimizing NNI: done in 1.87532 secs using 99.15% CPU
Optimizing NNI: done in 1.45929 secs using 100.6% CPU
Optimizing NNI: done in 1.47938 secs using 100.3% CPU
Iteration 30 / LogL: -11332.389 / Time: 0h:1m:40s (0h:5m:16s left)
Optimizing NNI: done in 2.66342 secs using 96.8% CPU
Optimizing NNI: done in 1.62733 secs using 95.06% CPU
Optimizing NNI: done in 1.89951 secs using 97.06% CPU
Optimizing NNI: done in 1.02713 secs using 97.36% CPU
Optimizing NNI: done in 2.28211 secs using 95.17% CPU
Estimate model parameters (epsilon = 0.100)
BETTER TREE FOUND at iteration 35: -11307.030
Optimizing NNI: done in 1.66963 secs using 97.33% CPU
Optimizing NNI: done in 1.61018 secs using 98.98% CPU
Optimizing NNI: done in 1.29979 secs using 99.78% CPU
Optimizing NNI: done in 2.20461 secs using 97.81% CPU
Optimizing NNI: done in 1.88115 secs using 98.84% CPU
Iteration 40 / LogL: -11312.951 / Time: 0h:1m:59s (0h:4m:51s left)
Optimizing NNI: done in 1.60963 secs using 97.07% CPU
Optimizing NNI: done in 1.94178 secs using 98.17% CPU
Optimizing NNI: done in 1.97103 secs using 96.71% CPU
Optimizing NNI: done in 1.83096 secs using 98.14% CPU
Optimizing NNI: done in 1.73085 secs using 97.5% CPU
Optimizing NNI: done in 1.47545 secs using 97.43% CPU
Optimizing NNI: done in 1.68929 secs using 98.97% CPU
Optimizing NNI: done in 1.88797 secs using 95.18% CPU
Optimizing NNI: done in 1.89015 secs using 95.89% CPU
Estimate model parameters (epsilon = 0.100)
BETTER TREE FOUND at iteration 49: -11306.681
Optimizing NNI: done in 1.78309 secs using 98.14% CPU
Iteration 50 / LogL: -11311.950 / Time: 0h:2m:18s (0h:4m:39s left)
Log-likelihood cutoff on original alignment: -11360.357
Optimizing NNI: done in 1.51001 secs using 99.34% CPU
Optimizing NNI: done in 1.31449 secs using 98.66% CPU
Estimate model parameters (epsilon = 0.100)
BETTER TREE FOUND at iteration 52: -11304.982
Optimizing NNI: done in 2.51353 secs using 69% CPU
Optimizing NNI: done in 1.11446 secs using 58.88% CPU
Optimizing NNI: done in 2.17357 secs using 85.54% CPU
Estimate model parameters (epsilon = 0.100)
BETTER TREE FOUND at iteration 55: -11304.385
Optimizing NNI: done in 1.94861 secs using 93.01% CPU
Estimate model parameters (epsilon = 0.100)
BETTER TREE FOUND at iteration 56: -11303.565
Optimizing NNI: done in 2.19422 secs using 99.69% CPU
Estimate model parameters (epsilon = 0.100)
BETTER TREE FOUND at iteration 57: -11301.199
Optimizing NNI: done in 2.11867 secs using 97.35% CPU
Optimizing NNI: done in 2.21427 secs using 99.5% CPU
Estimate model parameters (epsilon = 0.100)
BETTER TREE FOUND at iteration 59: -11300.644
Optimizing NNI: done in 2.52172 secs using 92.32% CPU
Iteration 60 / LogL: -11318.231 / Time: 0h:2m:41s (0h:4m:30s left)
Optimizing NNI: done in 1.9554 secs using 94.29% CPU
Optimizing NNI: done in 2.15203 secs using 96.57% CPU
Estimate model parameters (epsilon = 0.100)
BETTER TREE FOUND at iteration 62: -11300.588
Optimizing NNI: done in 1.42747 secs using 98.51% CPU
Optimizing NNI: done in 1.78764 secs using 97.02% CPU
Optimizing NNI: done in 2.33483 secs using 93.02% CPU
Optimizing NNI: done in 2.16386 secs using 96.76% CPU
Optimizing NNI: done in 1.8255 secs using 96.72% CPU
Optimizing NNI: done in 1.38399 secs using 98.22% CPU
Optimizing NNI: done in 1.46108 secs using 98.39% CPU
Optimizing NNI: done in 2.11115 secs using 95.48% CPU
Iteration 70 / LogL: -11303.354 / Time: 0h:3m:1s (0h:4m:1s left)
Optimizing NNI: done in 2.3445 secs using 96.64% CPU
Optimizing NNI: done in 1.85649 secs using 95.11% CPU
Optimizing NNI: done in 1.35082 secs using 100.6% CPU
Optimizing NNI: done in 1.68606 secs using 98.23% CPU
Optimizing NNI: done in 1.36612 secs using 97.22% CPU
Optimizing NNI: done in 1.69819 secs using 93.85% CPU
Optimizing NNI: done in 1.68582 secs using 96.39% CPU
Optimizing NNI: done in 2.13874 secs using 96.44% CPU
Optimizing NNI: done in 1.28472 secs using 99.73% CPU
Optimizing NNI: done in 1.63564 secs using 97.44% CPU
Iteration 80 / LogL: -11313.218 / Time: 0h:3m:18s (0h:3m:26s left)
Optimizing NNI: done in 1.48123 secs using 97.05% CPU
Optimizing NNI: done in 2.20685 secs using 97.71% CPU
Optimizing NNI: done in 2.15465 secs using 79.04% CPU
Optimizing NNI: done in 2.3154 secs using 84.35% CPU
Optimizing NNI: done in 1.79442 secs using 96.65% CPU
Optimizing NNI: done in 1.55959 secs using 98.18% CPU
Estimate model parameters (epsilon = 0.100)
BETTER TREE FOUND at iteration 86: -11300.342
Optimizing NNI: done in 1.89257 secs using 93.29% CPU
Optimizing NNI: done in 1.39713 secs using 97.3% CPU
Estimate model parameters (epsilon = 0.100)
BETTER TREE FOUND at iteration 88: -11299.973
Optimizing NNI: done in 2.06451 secs using 99.15% CPU
Optimizing NNI: done in 1.40816 secs using 98.75% CPU
Iteration 90 / LogL: -11319.755 / Time: 0h:3m:37s (0h:3m:59s left)
Optimizing NNI: done in 1.85125 secs using 98.75% CPU
Optimizing NNI: done in 2.07344 secs using 98.72% CPU
Optimizing NNI: done in 1.65836 secs using 97.99% CPU
Estimate model parameters (epsilon = 0.100)
BETTER TREE FOUND at iteration 93: -11299.784
Optimizing NNI: done in 1.54468 secs using 99.13% CPU
Optimizing NNI: done in 1.64953 secs using 98.51% CPU
Optimizing NNI: done in 1.47603 secs using 97.39% CPU
Optimizing NNI: done in 1.51507 secs using 99.01% CPU
Optimizing NNI: done in 1.19482 secs using 99.39% CPU
Optimizing NNI: done in 1.81803 secs using 98.84% CPU
Optimizing NNI: done in 1.64338 secs using 97.93% CPU
Iteration 100 / LogL: -11300.690 / Time: 0h:3m:55s (0h:3m:40s left)
Log-likelihood cutoff on original alignment: -11360.357
NOTE: Bootstrap correlation coefficient of split occurrence frequencies: 0.984
NOTE: UFBoot does not converge, continue at least 100 more iterations
Optimizing NNI: done in 1.61875 secs using 100.4% CPU
Optimizing NNI: done in 2.08111 secs using 99.86% CPU
Optimizing NNI: done in 1.45922 secs using 98.51% CPU
Optimizing NNI: done in 1.74469 secs using 99.41% CPU
Optimizing NNI: done in 1.31879 secs using 97.15% CPU
Optimizing NNI: done in 1.74955 secs using 98.24% CPU
Optimizing NNI: done in 2.02441 secs using 95.71% CPU
Optimizing NNI: done in 1.7128 secs using 96.7% CPU
Optimizing NNI: done in 2.00621 secs using 92.68% CPU
Optimizing NNI: done in 1.87597 secs using 94.12% CPU
Iteration 110 / LogL: -11300.351 / Time: 0h:4m:14s (0h:3m:30s left)
Optimizing NNI: done in 1.87989 secs using 88.93% CPU
Optimizing NNI: done in 1.72934 secs using 86.74% CPU
Optimizing NNI: done in 1.7471 secs using 94.8% CPU
Optimizing NNI: done in 1.9699 secs using 91.22% CPU
Optimizing NNI: done in 1.87906 secs using 90.64% CPU
Optimizing NNI: done in 2.25503 secs using 93.54% CPU
Optimizing NNI: done in 1.92678 secs using 98.12% CPU
Optimizing NNI: done in 2.2767 secs using 95.4% CPU
Optimizing NNI: done in 2.26362 secs using 95.26% CPU
Optimizing NNI: done in 2.92422 secs using 78.01% CPU
Iteration 120 / LogL: -11313.455 / Time: 0h:4m:36s (0h:3m:5s left)
Optimizing NNI: done in 2.17463 secs using 86.94% CPU
Optimizing NNI: done in 3.03264 secs using 72.13% CPU
Optimizing NNI: done in 2.38173 secs using 73.48% CPU
Optimizing NNI: done in 2.88144 secs using 71.04% CPU
Optimizing NNI: done in 1.83746 secs using 93.54% CPU
Optimizing NNI: done in 2.66566 secs using 63.89% CPU
Optimizing NNI: done in 2.2136 secs using 84.7% CPU
Optimizing NNI: done in 2.0904 secs using 91.19% CPU
Optimizing NNI: done in 1.94188 secs using 81.27% CPU
Optimizing NNI: done in 2.12228 secs using 83.93% CPU
Iteration 130 / LogL: -11305.251 / Time: 0h:5m:2s (0h:2m:43s left)
Optimizing NNI: done in 2.4114 secs using 83.59% CPU
Optimizing NNI: done in 2.30174 secs using 77.39% CPU
Optimizing NNI: done in 2.46891 secs using 84.8% CPU
Optimizing NNI: done in 2.13932 secs using 91.3% CPU
Optimizing NNI: done in 2.3458 secs using 85.92% CPU
Optimizing NNI: done in 1.42788 secs using 96.3% CPU
Optimizing NNI: done in 1.48216 secs using 95.93% CPU
Optimizing NNI: done in 2.2821 secs using 91.75% CPU
Optimizing NNI: done in 1.97711 secs using 90.09% CPU
Optimizing NNI: done in 2.93505 secs using 85.18% CPU
Iteration 140 / LogL: -11303.499 / Time: 0h:5m:25s (0h:2m:20s left)
Optimizing NNI: done in 1.54772 secs using 91.87% CPU
Optimizing NNI: done in 2.34777 secs using 80.53% CPU
Optimizing NNI: done in 2.12187 secs using 83.21% CPU
Optimizing NNI: done in 2.25744 secs using 74.75% CPU
Optimizing NNI: done in 1.38468 secs using 59.81% CPU
Optimizing NNI: done in 1.7459 secs using 94.87% CPU
Optimizing NNI: done in 1.68996 secs using 98.93% CPU
Estimate model parameters (epsilon = 0.100)
BETTER TREE FOUND at iteration 147: -11299.610
Optimizing NNI: done in 1.73019 secs using 100.2% CPU
Optimizing NNI: done in 1.65539 secs using 100.1% CPU
Optimizing NNI: done in 1.47693 secs using 98.39% CPU
Iteration 150 / LogL: -11322.824 / Time: 0h:5m:44s (0h:3m:44s left)
Log-likelihood cutoff on original alignment: -11360.357
Optimizing NNI: done in 1.45297 secs using 97.86% CPU
Optimizing NNI: done in 2.04119 secs using 98.75% CPU
Optimizing NNI: done in 1.79492 secs using 100.1% CPU
Optimizing NNI: done in 1.64492 secs using 100.7% CPU
Optimizing NNI: done in 2.116 secs using 99.69% CPU
Optimizing NNI: done in 1.83342 secs using 100.6% CPU
Optimizing NNI: done in 1.67112 secs using 98.18% CPU
Optimizing NNI: done in 1.31777 secs using 98.41% CPU
Optimizing NNI: done in 1.57855 secs using 99.97% CPU
Optimizing NNI: done in 1.95257 secs using 100% CPU
Iteration 160 / LogL: -11305.017 / Time: 0h:6m:4s (0h:3m:19s left)
Optimizing NNI: done in 1.16089 secs using 96.91% CPU
Optimizing NNI: done in 1.94197 secs using 95.75% CPU
Optimizing NNI: done in 1.98806 secs using 95.1% CPU
Optimizing NNI: done in 2.01026 secs using 99.49% CPU
Optimizing NNI: done in 2.08389 secs using 92.23% CPU
Optimizing NNI: done in 1.81599 secs using 86.04% CPU
Optimizing NNI: done in 2.75168 secs using 85.74% CPU
Optimizing NNI: done in 1.63965 secs using 97.2% CPU
Optimizing NNI: done in 1.92137 secs using 98.4% CPU
Optimizing NNI: done in 1.75773 secs using 99.56% CPU
Iteration 170 / LogL: -11302.861 / Time: 0h:6m:24s (0h:2m:55s left)
Optimizing NNI: done in 1.67098 secs using 90.7% CPU
Optimizing NNI: done in 2.03883 secs using 97.33% CPU
Optimizing NNI: done in 2.85295 secs using 98.58% CPU
Optimizing NNI: done in 1.98023 secs using 97.05% CPU
Optimizing NNI: done in 2.19739 secs using 96.71% CPU
Optimizing NNI: done in 1.87101 secs using 96.87% CPU
Optimizing NNI: done in 1.74863 secs using 97.4% CPU
Optimizing NNI: done in 2.27057 secs using 95.65% CPU
Optimizing NNI: done in 1.77574 secs using 95.03% CPU
Optimizing NNI: done in 2.35217 secs using 94.99% CPU
Iteration 180 / LogL: -11302.930 / Time: 0h:6m:46s (0h:2m:32s left)
Optimizing NNI: done in 1.8365 secs using 95.29% CPU
Optimizing NNI: done in 1.81527 secs using 99.85% CPU
Optimizing NNI: done in 2.10882 secs using 98.54% CPU
Optimizing NNI: done in 1.76871 secs using 98.06% CPU
Optimizing NNI: done in 1.62212 secs using 98.25% CPU
Optimizing NNI: done in 1.2824 secs using 96.26% CPU
Optimizing NNI: done in 1.4393 secs using 97.7% CPU
Optimizing NNI: done in 1.49084 secs using 99.57% CPU
Optimizing NNI: done in 1.79261 secs using 95.01% CPU
Optimizing NNI: done in 1.55163 secs using 99.69% CPU
Iteration 190 / LogL: -11307.877 / Time: 0h:7m:3s (0h:2m:7s left)
Optimizing NNI: done in 1.92948 secs using 99.61% CPU
Optimizing NNI: done in 1.25249 secs using 99.8% CPU
Optimizing NNI: done in 2.04838 secs using 98.4% CPU
Optimizing NNI: done in 1.96029 secs using 99.63% CPU
Optimizing NNI: done in 1.5505 secs using 100.8% CPU
Optimizing NNI: done in 2.09464 secs using 93.24% CPU
Optimizing NNI: done in 2.2054 secs using 97.06% CPU
Optimizing NNI: done in 2.15017 secs using 91.56% CPU
Optimizing NNI: done in 1.98777 secs using 91.18% CPU
Optimizing NNI: done in 1.66665 secs using 86.25% CPU
Iteration 200 / LogL: -11300.960 / Time: 0h:7m:23s (0h:1m:44s left)
Log-likelihood cutoff on original alignment: -11360.357
NOTE: Bootstrap correlation coefficient of split occurrence frequencies: 0.998
Optimizing NNI: done in 1.97761 secs using 88.49% CPU
Optimizing NNI: done in 1.77648 secs using 99.39% CPU
Optimizing NNI: done in 1.63684 secs using 98.32% CPU
Optimizing NNI: done in 2.07014 secs using 98.88% CPU
Optimizing NNI: done in 2.06127 secs using 98.54% CPU
Optimizing NNI: done in 1.62493 secs using 100% CPU
Optimizing NNI: done in 2.02016 secs using 94.36% CPU
Optimizing NNI: done in 1.66084 secs using 95.96% CPU
Optimizing NNI: done in 1.30662 secs using 99.25% CPU
Optimizing NNI: done in 2.46735 secs using 93.72% CPU
Iteration 210 / LogL: -11303.709 / Time: 0h:7m:44s (0h:3m:20s left)
Optimizing NNI: done in 2.21544 secs using 98.74% CPU
Optimizing NNI: done in 1.99279 secs using 98.79% CPU
Optimizing NNI: done in 1.86266 secs using 97.31% CPU
Optimizing NNI: done in 1.74054 secs using 98.75% CPU
Optimizing NNI: done in 1.34471 secs using 97.6% CPU
Optimizing NNI: done in 1.91463 secs using 97.93% CPU
Optimizing NNI: done in 2.0925 secs using 96.33% CPU
Optimizing NNI: done in 2.09637 secs using 98.38% CPU
Optimizing NNI: done in 1.67382 secs using 99.88% CPU
Optimizing NNI: done in 1.85339 secs using 95.26% CPU
Iteration 220 / LogL: -11300.504 / Time: 0h:8m:4s (0h:2m:56s left)
Optimizing NNI: done in 2.00219 secs using 95.21% CPU
Optimizing NNI: done in 2.02921 secs using 97.79% CPU
Optimizing NNI: done in 1.61988 secs using 96.46% CPU
Optimizing NNI: done in 1.84526 secs using 96.53% CPU
Optimizing NNI: done in 1.27248 secs using 92.09% CPU
Optimizing NNI: done in 1.35109 secs using 97.14% CPU
Optimizing NNI: done in 1.63372 secs using 90.86% CPU
Optimizing NNI: done in 2.65419 secs using 85.36% CPU
Optimizing NNI: done in 1.3129 secs using 72.6% CPU
Optimizing NNI: done in 2.58009 secs using 85.39% CPU
Iteration 230 / LogL: -11300.517 / Time: 0h:8m:24s (0h:2m:34s left)
Optimizing NNI: done in 1.17058 secs using 84.09% CPU
Optimizing NNI: done in 2.27636 secs using 87.17% CPU
Optimizing NNI: done in 1.67035 secs using 96.35% CPU
Optimizing NNI: done in 2.4061 secs using 94.16% CPU
Optimizing NNI: done in 1.38639 secs using 94.67% CPU
Optimizing NNI: done in 1.63816 secs using 96.34% CPU
Optimizing NNI: done in 2.08703 secs using 92.84% CPU
Optimizing NNI: done in 1.8457 secs using 96.51% CPU
Optimizing NNI: done in 2.12246 secs using 97.17% CPU
Optimizing NNI: done in 2.35901 secs using 89.42% CPU
Iteration 240 / LogL: -11300.675 / Time: 0h:8m:44s (0h:2m:11s left)
Optimizing NNI: done in 2.15632 secs using 92.03% CPU
Optimizing NNI: done in 2.03114 secs using 85.39% CPU
Optimizing NNI: done in 2.09426 secs using 96.99% CPU
Optimizing NNI: done in 2.16732 secs using 93.72% CPU
Optimizing NNI: done in 2.75937 secs using 90.03% CPU
Optimizing NNI: done in 1.05084 secs using 83.27% CPU
Optimizing NNI: done in 2.21718 secs using 81.75% CPU
Optimizing NNI: done in 2.13782 secs using 92.09% CPU
TREE SEARCH COMPLETED AFTER 248 ITERATIONS / Time: 0h:9m:2s

--------------------------------------------------------------------
|                    FINALIZING TREE SEARCH                        |
--------------------------------------------------------------------
Performs final model parameters optimization
Estimate model parameters (epsilon = 0.010)
1. Initial log-likelihood: -11299.610
Optimal log-likelihood: -11299.609
Rate parameters:  A-C: 1.40150  A-G: 9.85317  A-T: 1.21587  C-G: 0.67444  C-T: 15.67630  G-T: 1.00000
Base frequencies:  A: 0.252  C: 0.261  G: 0.246  T: 0.240
Proportion of invariable sites: 0.431
Gamma shape alpha: 1.239
Parameters optimization took 1 rounds (0.150 sec)
BEST SCORE FOUND : -11299.609
Creating bootstrap support values...
Split supports printed to NEXUS file alignments_no_probang_etc\recombinant_free_regions\A\A_1-511_no_probang.splits.nex
Total tree length: 5.699

Total number of iterations: 248
CPU time used for tree search: 484.328 sec (0h:8m:4s)
Wall-clock time used for tree search: 521.080 sec (0h:8m:41s)
Total CPU time used: 506.781 sec (0h:8m:26s)
Total wall-clock time used: 544.523 sec (0h:9m:4s)

Computing bootstrap consensus tree...
Reading input file alignments_no_probang_etc\recombinant_free_regions\A\A_1-511_no_probang.splits.nex...
183 taxa and 2073 splits.
Consensus tree written to alignments_no_probang_etc\recombinant_free_regions\A\A_1-511_no_probang.contree
Reading input trees file alignments_no_probang_etc\recombinant_free_regions\A\A_1-511_no_probang.contree
Log-likelihood of consensus tree: -11300.031

Analysis results written to: 
  IQ-TREE report:                alignments_no_probang_etc\recombinant_free_regions\A\A_1-511_no_probang.iqtree
  Maximum-likelihood tree:       alignments_no_probang_etc\recombinant_free_regions\A\A_1-511_no_probang.treefile
  Likelihood distances:          alignments_no_probang_etc\recombinant_free_regions\A\A_1-511_no_probang.mldist

Ultrafast bootstrap approximation results written to:
  Split support values:          alignments_no_probang_etc\recombinant_free_regions\A\A_1-511_no_probang.splits.nex
  Consensus tree:                alignments_no_probang_etc\recombinant_free_regions\A\A_1-511_no_probang.contree
  Screen log file:               alignments_no_probang_etc\recombinant_free_regions\A\A_1-511_no_probang.log

Date and Time: Thu Jan 15 14:52:12 2026
