IQ-TREE version 3.0.1 for Windows 64-bit built May  5 2025
Developed by Bui Quang Minh, Thomas Wong, Nhan Ly-Trong, Huaiyan Ren
Contributed by Lam-Tung Nguyen, Dominik Schrempf, Chris Bielow,
Olga Chernomor, Michael Woodhams, Diep Thi Hoang, Heiko Schmidt

Host:    DESKTOP-IAVMJI2 (AVX2, FMA3, 7 GB RAM)
Command: bin/iqtree3.exe -s alignments_no_probang_etc\recombinant_free_regions\A\A_3295-4131_no_probang.fasta -bb 1000 -m GTR+F+I+G -pre alignments_no_probang_etc\recombinant_free_regions\A\A_3295-4131_no_probang
Seed:    57834 (Using SPRNG - Scalable Parallel Random Number Generator)
Time:    Thu Jan 15 14:42:05 2026
Kernel:  AVX+FMA - 1 threads (8 CPU cores detected)

HINT: Use -nt option to specify number of threads because your CPU has 8 cores!
HINT: -nt AUTO will automatically determine the best number of threads to use.

Reading alignment file alignments_no_probang_etc\recombinant_free_regions\A\A_3295-4131_no_probang.fasta ... Fasta format detected
Reading fasta file: done in 0.0046472 secs using 336.2% CPU
Alignment most likely contains DNA/RNA sequences
Constructing alignment: done in 0.0012762 secs
WARNING: 18 sites contain only gaps or ambiguous characters.
Alignment has 189 sequences with 855 columns, 367 distinct patterns
323 parsimony-informative, 42 singleton sites, 490 constant sites
WARNING: Some sequence names are changed as follows:
AY593766/KEN/Unknown/1965/A/?'/Unknown -> AY593766/KEN/Unknown/1965/A/__/Unknown

                                                  Gap/Ambiguity  Composition  p-value
Analyzing sequences: done in 0.000166 secs
   1  MZ493234/PAK/cattle/2018/A/ASIA/Iran-05             2.11%    passed     76.94%
   2  MZ493233/PAK/cattle/2018/A/ASIA/Iran-05             2.11%    passed     76.94%
   3  MZ493232/PAK/cattle/2017/A/ASIA/Iran-05             2.11%    passed     95.10%
   4  ON652967/VNM/cow/2013/A/ASIA/Sea-97                 2.11%    passed     99.12%
   5  JF749848/TUR/Unknown/2003/A/ASIA/Unknown            2.11%    passed     88.15%
   6  JF749843/EGY/Unknown/2006/A/AFRICA/Unknown          2.11%    passed     99.20%
   7  JF749841/TUR/Unknown/2006/A/ASIA/Iran-05            2.11%    passed     96.32%
   8  KC440882/EGY/Unknown/2012/A/ASIA/Iran-05            2.11%    passed     85.84%
   9  KC440881/EGY/Unknown/2011/A/AFRICA/Unknown          2.11%    passed     71.78%
  10  EF117837/PAK/cattle/2006/A/ASIA/Iran-05             2.11%    passed     96.32%
  11  PP273559/IND/elephant/1988/A/ASIA/Unknown           2.11%    passed     70.37%
  12  OQ356347/EGY/cow/2008/A/AFRICA/Unknown              2.11%    passed     99.20%
  13  OQ356341/BRA/cow/1970/A/EURO-SA/Unknown             2.11%    passed     98.89%
  14  OQ256242/ISR/cow/1969/A/EURO-SA/Unknown             2.11%    passed     88.09%
  15  OQ745961/THA/cattle/2016/A/ASIA/Sea-97              2.11%    passed     99.86%
  16  LC771233/IRQ/water-buffalo/2023/A/AFRICA/Unknown    2.11%    passed     94.73%
  17  OM863581/KEN/cattle/2012/A/AFRICA/Unknown           2.11%    passed     98.92%
  18  OM863580/EGY/cattle/2012/A/AFRICA/Unknown           2.11%    passed     63.05%
  19  OM455484/PAK/buffalo/2012/A/ASIA/Iran-05            2.11%    passed     96.36%
  20  OM455483/PAK/cattle/2012/A/ASIA/Iran-05             2.11%    passed     96.36%
  21  OM455482/PAK/cattle/2009/A/ASIA/Iran-05             2.11%    passed     93.50%
  22  OM455481/PAK/buffalo/2012/A/ASIA/Iran-05            2.11%    passed     97.85%
  23  OM455480/PAK/cattle/2008/A/ASIA/Iran-05             2.11%    passed     93.50%
  24  OM455479/PAK/cattle/2012/A/ASIA/Iran-05             2.11%    passed     96.36%
  25  MG334583/IRQ/cow/2009/A/ASIA/Iran-05                2.11%    passed     87.80%
  26  LC564923/THA/cow/2016/A/ASIA/Sea-97                 2.11%    passed     89.72%
  27  LC564922/THA/cow/2016/A/ASIA/Sea-97                 2.11%    passed     90.79%
  28  LC564921/THA/cow/2016/A/ASIA/Sea-97                 2.11%    passed     91.75%
  29  LC564920/THA/cow/2015/A/ASIA/Sea-97                 2.11%    passed     92.91%
  30  LC564919/THA/cow/2015/A/ASIA/Sea-97                 2.11%    passed     94.46%
  31  LC564918/THA/cow/2015/A/ASIA/Sea-97                 2.11%    passed     94.02%
  32  LC564917/THA/cow/2015/A/ASIA/Sea-97                 2.11%    passed     89.14%
  33  LC564916/THA/cow/2014/A/ASIA/Sea-97                 2.11%    passed     93.14%
  34  LC564915/THA/cow/2014/A/ASIA/Sea-97                 2.11%    passed     99.43%
  35  LC564914/THA/cow/2014/A/ASIA/Sea-97                 2.11%    passed     99.38%
  36  LC564912/THA/cow/2013/A/ASIA/Sea-97                 2.11%    passed     99.81%
  37  LC564911/THA/cow/2013/A/ASIA/Sea-97                 2.11%    passed     97.78%
  38  LC564909/THA/cow/2012/A/ASIA/Sea-97                 2.11%    passed     80.30%
  39  LC564907/THA/cow/2011/A/ASIA/Sea-97                 2.11%    passed     85.57%
  40  LC564906/THA/cow/2011/A/ASIA/Sea-97                 2.11%    passed     85.50%
  41  LC564905/THA/cow/2011/A/ASIA/Sea-97                 2.22%    passed     88.15%
  42  LC564904/THA/cow/2010/A/ASIA/Sea-97                 2.11%    passed     85.60%
  43  LC564903/THA/cow/2010/A/ASIA/Sea-97                 2.11%    passed     92.47%
  44  LC564902/THA/cow/2010/A/ASIA/Sea-97                 2.11%    passed     70.56%
  45  LC564901/THA/cow/2009/A/ASIA/Sea-97                 2.11%    passed     88.46%
  46  LC564900/THA/cow/2009/A/ASIA/Sea-97                 2.11%    passed     91.14%
  47  LC564898/THA/cow/2008/A/ASIA/Sea-97                 2.11%    passed     89.89%
  48  LC564896/THA/cow/2007/A/ASIA/Sea-97                 2.11%    passed     90.84%
  49  LC564895/THA/cow/2007/A/ASIA/Sea-97                 2.11%    passed     90.84%
  50  LC564894/THA/cow/2007/A/ASIA/Sea-97                 2.11%    passed     75.42%
  51  MT602079/SDN/cattle/2018/A/AFRICA/Unknown           2.11%    passed     94.13%
  52  MT602078/ETH/cattle/2019/A/AFRICA/Unknown           2.11%    passed     98.68%
  53  MT602077/ETH/cattle/2018/A/AFRICA/Unknown           2.11%    passed     98.92%
  54  MT863268/EGY/water-buffalo/2016/A/AFRICA/Unknown    2.11%    passed     94.73%
  55  KY322680/VNM/cattle/2013/A/ASIA/Sea-97              2.11%    passed     93.97%
  56  KY322679/THA/cattle/2014/A/ASIA/Sea-97              2.11%    passed     99.38%
  57  KY322678/MYS/cattle/2013/A/ASIA/Sea-97              2.11%    passed     95.16%
  58  KY322677/MYS/cattle/2013/A/ASIA/Sea-97              2.11%    passed     99.12%
  59  KY322676/MYS/cattle/2013/A/ASIA/Sea-97              2.11%    passed     94.13%
  60  KY322675/LAO/cattle/2014/A/ASIA/Sea-97              2.11%    passed     96.52%
  61  MK940253/SAU/cattle/2017/A/ASIA/Unknown             2.11%    passed     82.66%
  62  MN062587/PAK/cattle/2009/A/ASIA/Iran-05             2.11%    passed     99.46%
  63  MN062586/AFG/cattle/2009/A/ASIA/Iran-05             2.11%    passed     30.89%
  64  LC483874/THA/cow/2007/A/ASIA/Sea-97                 2.11%    passed     75.42%
  65  MN116688/KEN/cow/2016/A/AFRICA/Unknown              2.11%    passed     41.24%
  66  MG923580/DZA/cattle/2017/A/AFRICA/Unknown           2.11%    passed     93.73%
  67  MG923579/DZA/cattle/2017/A/AFRICA/Unknown           2.11%    passed     91.97%
  68  MH053307/ZMB/cattle/1990/A/AFRICA/Unknown           2.11%    passed     98.42%
  69  MH053306/TCD/cattle/1973/A/AFRICA/Unknown           2.11%    passed     57.89%
  70  MH053305/EGY/cattle/1972/A/AFRICA/Unknown           2.11%    passed     83.57%
  71  MG725876/NER/cow/2015/A/AFRICA/Unknown              2.11%    passed     92.48%
  72  MG725875/NER/cow/2015/A/AFRICA/Unknown              2.11%    passed     85.63%
  73  MG725874/NER/cow/2015/A/AFRICA/Unknown              2.11%    passed     67.81%
  74  MG725873/NER/cow/2015/A/AFRICA/Unknown              2.11%    passed     85.63%
  75  MG725872/NER/cow/2013/A/AFRICA/Unknown              2.11%    passed     84.07%
  76  JN099699/IRQ/cattle/2009/A/ASIA/Iran-05             2.11%    passed     96.12%
  77  JN099698/IRQ/cattle/2009/A/ASIA/Iran-05             2.11%    passed     97.70%
  78  JN099697/IRQ/cattle/2009/A/ASIA/Iran-05             2.11%    passed     97.03%
  79  JN099694/IRQ/cattle/2009/A/ASIA/Iran-05             2.11%    passed     93.94%
  80  JN099688/IRQ/cattle/2009/A/ASIA/Iran-05             2.11%    passed     87.80%
  81  KX002205/ARG/cattle/2001/A/EURO-SA/Unknown          2.11%    passed     93.17%
  82  KX002204/ARG/cattle/2001/A/EURO-SA/Unknown          2.11%    passed     93.62%
  83  KX002203/ARG/cattle/2001/A/EURO-SA/Unknown          2.11%    passed     93.17%
  84  KX002202/ARG/cattle/2001/A/EURO-SA/Unknown          2.11%    passed     93.32%
  85  KX002201/ARG/cattle/2001/A/EURO-SA/Unknown          2.11%    passed     93.62%
  86  KX002200/ARG/cattle/2001/A/EURO-SA/Unknown          2.11%    passed     82.98%
  87  KX002199/ARG/cattle/2001/A/EURO-SA/Unknown          2.11%    passed     82.98%
  88  KX002198/ARG/cattle/2001/A/EURO-SA/Unknown          2.11%    passed     90.38%
  89  KX002197/ARG/cattle/2001/A/EURO-SA/Unknown          2.11%    passed     90.38%
  90  KX002196/ARG/cattle/2001/A/EURO-SA/Unknown          2.11%    passed     99.16%
  91  KX002194/ARG/cattle/2000/A/EURO-SA/Unknown          2.11%    passed     93.17%
  92  KX002193/ARG/cattle/2001/A/EURO-SA/Unknown          2.11%    passed     87.65%
  93  KX002192/ARG/cattle/2001/A/EURO-SA/Unknown          2.11%    passed     96.92%
  94  KX002191/ARG/cattle/2001/A/EURO-SA/Unknown          2.11%    passed     94.84%
  95  KX002190/ARG/cattle/2001/A/EURO-SA/Unknown          2.11%    passed     94.84%
  96  KX002189/ARG/cattle/2001/A/EURO-SA/Unknown          2.11%    passed     93.17%
  97  KX002188/ARG/cattle/2001/A/EURO-SA/Unknown          2.11%    passed     90.38%
  98  KX002187/ARG/cattle/2001/A/EURO-SA/Unknown          2.11%    passed     96.94%
  99  KX002186/ARG/cattle/2001/A/EURO-SA/Unknown          2.11%    passed     97.37%
 100  KX002185/ARG/cattle/2001/A/EURO-SA/Unknown          2.11%    passed     86.98%
 101  KX002184/ARG/cattle/2001/A/EURO-SA/Unknown          2.11%    passed     96.94%
 102  KX002183/ARG/cattle/2001/A/EURO-SA/Unknown          2.11%    passed     82.98%
 103  KX002182/ARG/cattle/2001/A/EURO-SA/Unknown          2.11%    passed     91.43%
 104  KX002181/ARG/cattle/2001/A/EURO-SA/Unknown          2.11%    passed     93.62%
 105  KX002180/ARG/cattle/2001/A/EURO-SA/Unknown          2.11%    passed     91.95%
 106  KX002179/ARG/cattle/2001/A/EURO-SA/Unknown          2.11%    passed     91.95%
 107  KX002178/ARG/cattle/2001/A/EURO-SA/Unknown          2.11%    passed     86.98%
 108  KX002177/ARG/cattle/2001/A/EURO-SA/Unknown          2.11%    passed     86.98%
 109  KX002176/ARG/cattle/2001/A/EURO-SA/Unknown          2.11%    passed     90.38%
 110  KT968663/CHN/yak/2013/A/ASIA/Sea-97                 2.11%    passed     89.54%
 111  KU127247/SAU/cattle/2015/A/ASIA/Unknown             2.11%    passed     82.66%
 112  HQ268509/VNM/Unknown/2004/A/ASIA/Sea-97             2.11%    passed     97.64%
 113  HQ832592/IND/cattle/2009/A/ASIA/Unknown             2.11%    passed     99.09%
 114  HQ832591/IND/cattle/2008/A/ASIA/Unknown             2.11%    passed     93.55%
 115  HQ832590/IND/cattle/2007/A/ASIA/Unknown             2.11%    passed     96.08%
 116  HQ832589/IND/cattle/2006/A/ASIA/Unknown             2.11%    passed     99.15%
 117  HQ832588/IND/cattle/2005/A/ASIA/Unknown             2.11%    passed     97.40%
 118  HQ832586/IND/Unknown/2006/A/ASIA/Unknown            2.11%    passed     98.51%
 119  HQ832585/IND/Unknown/2005/A/ASIA/Unknown            2.11%    passed     69.83%
 120  HQ832584/IND/cattle/2005/A/ASIA/Unknown             2.11%    passed     93.48%
 121  HQ832583/IND/Unknown/2005/A/ASIA/Unknown            2.11%    passed     98.20%
 122  HQ832582/IND/buffalo/2004/A/ASIA/Unknown            2.11%    passed     93.85%
 123  HQ832581/IND/cattle/2004/A/ASIA/Unknown             2.11%    passed     99.67%
 124  HQ832580/IND/cattle/2003/A/ASIA/Unknown             2.11%    passed     99.67%
 125  HQ832579/IND/buffalo/2003/A/ASIA/Unknown            2.11%    passed     98.48%
 126  HQ832578/IND/Unknown/2003/A/ASIA/Unknown            2.11%    passed     92.87%
 127  HQ832577/IND/Unknown/1999/A/ASIA/Unknown            2.11%    passed     90.67%
 128  KJ608371/VNM/cattle/2013/A/ASIA/Sea-97              2.11%    passed     90.63%
 129  KP940474/EGY/cattle/2014/A/AFRICA/Unknown           2.11%    passed     68.07%
 130  KM268896/TUR/cattle/2013/A/ASIA/Iran-05             2.11%    passed     90.30%
 131  KJ933864/MYS/Unknown/1997/A/ASIA/Sea-97             2.11%    passed     99.80%
 132  KJ754939/BGD/cattle/2013/A/ASIA/Unknown             2.11%    passed     90.98%
 133  KC588943/KOR/cattle/2010/A/ASIA/Sea-97              2.11%    passed     92.55%
 134  JN006722/PAK/Unknown/2008/A/ASIA/Iran-05            2.11%    passed     93.55%
 135  HQ632773/MYS/cattle/2007/A/ASIA/Sea-97              2.11%    passed     90.84%
 136  GQ406252/VNM/buffalo/2009/A/ASIA/Sea-97             2.11%    passed     95.02%
 137  GQ406251/VNM/pig/2009/A/ASIA/Sea-97                 2.11%    passed     93.26%
 138  GQ406250/VNM/cattle/2009/A/ASIA/Sea-97              2.11%    passed     90.96%
 139  GQ406249/VNM/cattle/2009/A/ASIA/Sea-97              2.11%    passed     95.02%
 140  GQ406248/VNM/cattle/2009/A/ASIA/Sea-97              2.11%    passed     95.02%
 141  GQ406247/VNM/cattle/2009/A/ASIA/Sea-97              2.11%    passed     95.02%
 142  EF494488/PAK/cattle/2006/A/ASIA/Iran-05             2.11%    passed     99.87%
 143  EF494487/PAK/cattle/2006/A/ASIA/Iran-05             2.11%    passed     96.32%
 144  AY593803/BRA/Unknown/1979/A/EURO-SA/Unknown         2.11%    passed     97.92%
 145  AY593802/URY/Unknown/2001/A/EURO-SA/Unknown         2.11%    passed     91.01%
 146  AY593794/COL/Unknown/1985/A/EURO-SA/Unknown         2.11%    passed     94.33%
 147  AY593793/PHL/Unknown/1975/A/EURO-SA/Unknown         2.11%    passed     99.65%
 148  AY593792/ITA/Unknown/1962/A/EURO-SA/Unknown         2.11%    passed     98.16%
 149  AY593791/IRN/Unknown/1998/A/ASIA/Iran-96            2.11%    passed     99.50%
 150  AY593790/ARG/Unknown/2001/A/EURO-SA/Unknown         2.11%    passed     93.62%
 151  AY593789/ARG/Unknown/1961/A/EURO-SA/Unknown         2.11%    passed     91.75%
 152  AY593788/BRA/Unknown/1958/A/EURO-SA/Unknown         2.11%    passed     97.52%
 153  AY593786/ARG/Unknown/2001/A/EURO-SA/Unknown         2.11%    passed     93.17%
 154  AY593785/ARG/Unknown/2001/A/EURO-SA/Unknown         2.11%    passed     93.17%
 155  AY593784/ARG/Unknown/2001/A/EURO-SA/Unknown         2.11%    passed     93.17%
 156  AY593783/ARG/Unknown/2001/A/EURO-SA/Unknown         2.11%    passed     93.17%
 157  AY593782/ARG/Unknown/2000/A/EURO-SA/Unknown         2.11%    passed     97.44%
 158  AY593781/DEU/Unknown/1951/A/EURO-SA/Unknown         2.11%    passed     97.46%
 159  AY593780/FRA/Unknown/1960/A/EURO-SA/Unknown         2.11%    passed     99.15%
 160  AY593779/DEU/Unknown/1972/A/EURO-SA/Unknown         2.11%    passed     93.43%
 161  AY593776/DEU/Unknown/1968/A/EURO-SA/Unknown         2.11%    passed     99.79%
 162  AY593775/VEN/Unknown/1970/A/EURO-SA/Unknown         2.11%    passed     92.05%
 163  AY593774/ESP/Unknown/1969/A/EURO-SA/Unknown         2.11%    passed     91.50%
 164  AY593773/PER/Unknown/1969/A/EURO-SA/Unknown         2.11%    passed     92.05%
 165  AY593772/TUR/Unknown/1972/A/ASIA/A22                2.11%    passed     55.38%
 166  AY593771/COL/Unknown/1967/A/EURO-SA/Unknown         2.11%    passed     99.80%
 167  AY593770/ARG/Unknown/1966/A/EURO-SA/Unknown         2.11%    passed     87.56%
 168  AY593769/ARG/Unknown/1959/A/EURO-SA/Unknown         2.11%    passed     93.71%
 169  AY593768/BRA/Unknown/1955/A/EURO-SA/Unknown         2.11%    passed     99.43%
 170  AY593767/ARG/Unknown/1965/A/EURO-SA/Unknown         2.11%    passed     99.98%
 171  AY593766/KEN/Unknown/1965/A/__/Unknown              2.11%    passed     98.28%
 172  AY593765/TUR/Unknown/1965/A/ASIA/A22                2.11%    passed     51.33%
 173  AY593764/IRQ/Unknown/1970/A/ASIA/A22                2.11%    passed     59.79%
 174  AY593763/IRQ/Unknown/1964/A/ASIA/A22                2.11%    passed     59.79%
 175  AY593762/IRQ/Unknown/1964/A/ASIA/A22                2.11%    passed     59.79%
 176  AY593761/KEN/Unknown/1964/A/AFRICA/Unknown          2.11%    passed     99.34%
 177  AY593760/RUS/Unknown/1964/A/EURO-SA/Unknown         2.11%    passed     94.81%
 178  AY593759/DEU/Unknown/1971/A/EURO-SA/Unknown         2.11%    passed     98.27%
 179  AY593758/VEN/Unknown/1967/A/EURO-SA/Unknown         2.11%    passed     98.89%
 180  AY593757/BRA/Unknown/1967/A/EURO-SA/Unknown         2.11%    passed     98.83%
 181  AY593756/BRA/Unknown/1959/A/EURO-SA/Unknown         2.11%    passed     99.79%
 182  AY593755/THA/Unknown/1960/A/ASIA/Unknown            2.11%    passed     98.63%
 183  AY593754/ESP/Unknown/1959/A/EURO-SA/Unknown         2.11%    passed     99.94%
 184  AY593753/BRA/Unknown/1958/A/EURO-SA/Unknown         2.11%    passed     98.89%
 185  AY593751/NLD/Unknown/1942/A/EURO-SA/Unknown         2.11%    passed     96.71%
 186  FJ623456/KAZ/Unknown/1999/A/ASIA/A22                2.11%    passed     29.99%
 187  EF494486/TUR/cattle/2005/A/ASIA/Iran-05             2.11%    passed     98.16%
 188  MT340198/VNM/cattle/2017/A/ASIA/Sea-97              2.11%    passed     99.36%
 189  MT340197/VNM/cattle/2017/A/ASIA/Sea-97              2.11%    passed     99.91%
****  TOTAL                                               2.11%  0 sequences failed composition chi2 test (p-value<5%; df=3)
NOTE: MZ493233/PAK/cattle/2018/A/ASIA/Iran-05 is identical to MZ493234/PAK/cattle/2018/A/ASIA/Iran-05 but kept for subsequent analysis
NOTE: OQ356347/EGY/cow/2008/A/AFRICA/Unknown is identical to JF749843/EGY/Unknown/2006/A/AFRICA/Unknown but kept for subsequent analysis
NOTE: EF494487/PAK/cattle/2006/A/ASIA/Iran-05 is identical to EF117837/PAK/cattle/2006/A/ASIA/Iran-05 but kept for subsequent analysis
NOTE: AY593758/VEN/Unknown/1967/A/EURO-SA/Unknown is identical to OQ356341/BRA/cow/1970/A/EURO-SA/Unknown but kept for subsequent analysis
NOTE: MT863268/EGY/water-buffalo/2016/A/AFRICA/Unknown is identical to LC771233/IRQ/water-buffalo/2023/A/AFRICA/Unknown but kept for subsequent analysis
NOTE: OM455483/PAK/cattle/2012/A/ASIA/Iran-05 is identical to OM455484/PAK/buffalo/2012/A/ASIA/Iran-05 but kept for subsequent analysis
NOTE: OM455480/PAK/cattle/2008/A/ASIA/Iran-05 is identical to OM455482/PAK/cattle/2009/A/ASIA/Iran-05 but kept for subsequent analysis
NOTE: JN099688/IRQ/cattle/2009/A/ASIA/Iran-05 is identical to MG334583/IRQ/cow/2009/A/ASIA/Iran-05 but kept for subsequent analysis
NOTE: KY322679/THA/cattle/2014/A/ASIA/Sea-97 is identical to LC564914/THA/cow/2014/A/ASIA/Sea-97 but kept for subsequent analysis
NOTE: LC564895/THA/cow/2007/A/ASIA/Sea-97 is identical to LC564896/THA/cow/2007/A/ASIA/Sea-97 but kept for subsequent analysis
NOTE: LC483874/THA/cow/2007/A/ASIA/Sea-97 is identical to LC564894/THA/cow/2007/A/ASIA/Sea-97 but kept for subsequent analysis
NOTE: KU127247/SAU/cattle/2015/A/ASIA/Unknown is identical to MK940253/SAU/cattle/2017/A/ASIA/Unknown but kept for subsequent analysis
NOTE: AY593786/ARG/Unknown/2001/A/EURO-SA/Unknown is identical to KX002205/ARG/cattle/2001/A/EURO-SA/Unknown but kept for subsequent analysis
NOTE: AY593790/ARG/Unknown/2001/A/EURO-SA/Unknown is identical to KX002204/ARG/cattle/2001/A/EURO-SA/Unknown but kept for subsequent analysis
NOTE: AY593785/ARG/Unknown/2001/A/EURO-SA/Unknown is identical to KX002203/ARG/cattle/2001/A/EURO-SA/Unknown but kept for subsequent analysis
NOTE: KX002199/ARG/cattle/2001/A/EURO-SA/Unknown is identical to KX002200/ARG/cattle/2001/A/EURO-SA/Unknown but kept for subsequent analysis
NOTE: KX002197/ARG/cattle/2001/A/EURO-SA/Unknown is identical to KX002198/ARG/cattle/2001/A/EURO-SA/Unknown but kept for subsequent analysis
NOTE: KX002190/ARG/cattle/2001/A/EURO-SA/Unknown is identical to KX002191/ARG/cattle/2001/A/EURO-SA/Unknown but kept for subsequent analysis
NOTE: KX002179/ARG/cattle/2001/A/EURO-SA/Unknown is identical to KX002180/ARG/cattle/2001/A/EURO-SA/Unknown but kept for subsequent analysis
NOTE: KX002177/ARG/cattle/2001/A/EURO-SA/Unknown is identical to KX002178/ARG/cattle/2001/A/EURO-SA/Unknown but kept for subsequent analysis
NOTE: GQ406247/VNM/cattle/2009/A/ASIA/Sea-97 is identical to GQ406248/VNM/cattle/2009/A/ASIA/Sea-97 but kept for subsequent analysis
NOTE: AY593773/PER/Unknown/1969/A/EURO-SA/Unknown is identical to AY593775/VEN/Unknown/1970/A/EURO-SA/Unknown but kept for subsequent analysis
NOTE: AY593763/IRQ/Unknown/1964/A/ASIA/A22 is identical to AY593764/IRQ/Unknown/1970/A/ASIA/A22 but kept for subsequent analysis
Checking for duplicate sequences: done in 0.389081 secs
Identifying sites to remove: done in 0.0053797 secs
NOTE: 6 identical sequences (see below) will be ignored for subsequent analysis
NOTE: AY593753/BRA/Unknown/1958/A/EURO-SA/Unknown (identical to OQ356341/BRA/cow/1970/A/EURO-SA/Unknown) is ignored but added at the end
NOTE: OM455479/PAK/cattle/2012/A/ASIA/Iran-05 (identical to OM455484/PAK/buffalo/2012/A/ASIA/Iran-05) is ignored but added at the end
NOTE: AY593784/ARG/Unknown/2001/A/EURO-SA/Unknown (identical to KX002203/ARG/cattle/2001/A/EURO-SA/Unknown) is ignored but added at the end
NOTE: AY593783/ARG/Unknown/2001/A/EURO-SA/Unknown (identical to KX002203/ARG/cattle/2001/A/EURO-SA/Unknown) is ignored but added at the end
NOTE: KX002176/ARG/cattle/2001/A/EURO-SA/Unknown (identical to KX002198/ARG/cattle/2001/A/EURO-SA/Unknown) is ignored but added at the end
NOTE: AY593762/IRQ/Unknown/1964/A/ASIA/A22 (identical to AY593764/IRQ/Unknown/1970/A/ASIA/A22) is ignored but added at the end
Alignment was printed to alignments_no_probang_etc\recombinant_free_regions\A\A_3295-4131_no_probang.uniqueseq.phy

For your convenience alignment with unique sequences printed to alignments_no_probang_etc\recombinant_free_regions\A\A_3295-4131_no_probang.uniqueseq.phy
Creating fast initial parsimony tree by random order stepwise addition...
0.121 seconds, parsimony score: 2810 (based on 365 sites)
Generating 1000 samples for ultrafast bootstrap (seed: 57834)...

NOTE: 10 MB RAM (0 GB) is required!
Estimate model parameters (epsilon = 0.100)
Thoroughly optimizing +I+G parameters from 10 start values...
Init pinv, alpha: 0.000, 1.000 / Estimate: 0.000, 0.282 / LogL: -13714.879
Init pinv, alpha: 0.064, 1.000 / Estimate: 0.506, 0.765 / LogL: -13599.342
Init pinv, alpha: 0.127, 1.000 / Estimate: 0.505, 0.761 / LogL: -13599.371
Init pinv, alpha: 0.191, 1.000 / Estimate: 0.504, 0.757 / LogL: -13599.376
Init pinv, alpha: 0.255, 1.000 / Estimate: 0.505, 0.762 / LogL: -13599.347
Init pinv, alpha: 0.318, 1.000 / Estimate: 0.505, 0.763 / LogL: -13599.342
Init pinv, alpha: 0.382, 1.000 / Estimate: 0.504, 0.758 / LogL: -13599.378
Init pinv, alpha: 0.446, 1.000 / Estimate: 0.505, 0.764 / LogL: -13599.354
Init pinv, alpha: 0.509, 1.000 / Estimate: 0.509, 0.783 / LogL: -13599.281
Init pinv, alpha: 0.573, 1.000 / Estimate: 0.518, 0.830 / LogL: -13599.322
Optimal pinv,alpha: 0.509, 0.783 / LogL: -13599.281

Parameters optimization took 31.257 sec
Wrote distance file to... 
Computing ML distances based on estimated model parameters...
Calculating distance matrix: done in 0.283354 secs using 104.8% CPU
Computing ML distances took 0.291621 sec (of wall-clock time) 0.296875 sec (of CPU time)
Setting up auxiliary I and S matrices: done in 0.0011023 secs
Constructing RapidNJ tree: done in 0.0059164 secs
Computing RapidNJ tree took 0.034414 sec (of wall-clock time) 0.000000 sec (of CPU time)
Log-likelihood of RapidNJ tree: -13637.159
--------------------------------------------------------------------
|             INITIALIZING CANDIDATE TREE SET                      |
--------------------------------------------------------------------
Generating 98 parsimony trees... 9.062 second
Computing log-likelihood of 98 initial trees ... 5.278 seconds
Current best score: -13552.587

Do NNI search on 20 best initial trees
Optimizing NNI: done in 3.26698 secs using 91.83% CPU
Estimate model parameters (epsilon = 0.100)
BETTER TREE FOUND at iteration 1: -13471.627
Optimizing NNI: done in 3.25667 secs using 95.96% CPU
Optimizing NNI: done in 3.25468 secs using 96.98% CPU
Optimizing NNI: done in 4.30088 secs using 97.36% CPU
Optimizing NNI: done in 4.09386 secs using 98.85% CPU
Estimate model parameters (epsilon = 0.100)
BETTER TREE FOUND at iteration 5: -13463.538
Optimizing NNI: done in 3.34877 secs using 99.38% CPU
Optimizing NNI: done in 3.81397 secs using 99.14% CPU
Optimizing NNI: done in 3.16092 secs using 97.38% CPU
Optimizing NNI: done in 3.83791 secs using 95.67% CPU
Optimizing NNI: done in 2.93 secs using 98.12% CPU
Iteration 10 / LogL: -13476.120 / Time: 0h:1m:23s
Optimizing NNI: done in 4.20394 secs using 97.38% CPU
Optimizing NNI: done in 3.1028 secs using 98.2% CPU
Optimizing NNI: done in 3.60415 secs using 98.41% CPU
Optimizing NNI: done in 3.91179 secs using 98.26% CPU
Optimizing NNI: done in 3.49531 secs using 99.24% CPU
Optimizing NNI: done in 3.36365 secs using 99.87% CPU
Optimizing NNI: done in 3.28842 secs using 98.36% CPU
Optimizing NNI: done in 3.48661 secs using 99.04% CPU
Optimizing NNI: done in 3.93084 secs using 98.58% CPU
Optimizing NNI: done in 4.10717 secs using 96.25% CPU
Iteration 20 / LogL: -13480.321 / Time: 0h:2m:0s
Finish initializing candidate tree set (20)
Current best tree score: -13463.538 / CPU time: 87.893
Number of iterations: 20
--------------------------------------------------------------------
|               OPTIMIZING CANDIDATE TREE SET                      |
--------------------------------------------------------------------
Optimizing NNI: done in 2.03777 secs using 93.55% CPU
Optimizing NNI: done in 2.48156 secs using 91.3% CPU
Optimizing NNI: done in 2.33568 secs using 92.99% CPU
Estimate model parameters (epsilon = 0.100)
BETTER TREE FOUND at iteration 23: -13453.324
Optimizing NNI: done in 2.40715 secs using 92.82% CPU
Optimizing NNI: done in 1.77848 secs using 94.88% CPU
Optimizing NNI: done in 1.79624 secs using 99.17% CPU
Optimizing NNI: done in 2.00913 secs using 97.21% CPU
Optimizing NNI: done in 1.97792 secs using 99.54% CPU
Optimizing NNI: done in 1.95639 secs using 99.03% CPU
Optimizing NNI: done in 1.74637 secs using 99.31% CPU
Iteration 30 / LogL: -13457.400 / Time: 0h:2m:21s (0h:7m:33s left)
Optimizing NNI: done in 2.69593 secs using 99.11% CPU
Estimate model parameters (epsilon = 0.100)
BETTER TREE FOUND at iteration 31: -13450.623
Optimizing NNI: done in 2.19143 secs using 94.12% CPU
Optimizing NNI: done in 2.51638 secs using 91.28% CPU
Estimate model parameters (epsilon = 0.100)
BETTER TREE FOUND at iteration 33: -13449.034
Optimizing NNI: done in 2.07793 secs using 96.25% CPU
Optimizing NNI: done in 1.86344 secs using 94.75% CPU
Optimizing NNI: done in 1.96322 secs using 97.89% CPU
Optimizing NNI: done in 1.77604 secs using 96.77% CPU
Optimizing NNI: done in 2.3924 secs using 98.62% CPU
Optimizing NNI: done in 1.88838 secs using 100.1% CPU
Optimizing NNI: done in 2.12311 secs using 94.94% CPU
Iteration 40 / LogL: -13460.665 / Time: 0h:2m:44s (0h:6m:30s left)
Optimizing NNI: done in 1.70987 secs using 95.04% CPU
Optimizing NNI: done in 2.59521 secs using 91.51% CPU
Optimizing NNI: done in 2.32315 secs using 97.52% CPU
Optimizing NNI: done in 2.34932 secs using 97.1% CPU
Optimizing NNI: done in 2.17753 secs using 99.74% CPU
Estimate model parameters (epsilon = 0.100)
BETTER TREE FOUND at iteration 45: -13448.731
Optimizing NNI: done in 1.96811 secs using 96.86% CPU
Estimate model parameters (epsilon = 0.100)
BETTER TREE FOUND at iteration 46: -13447.832
Optimizing NNI: done in 2.1063 secs using 97.92% CPU
Estimate model parameters (epsilon = 0.100)
BETTER TREE FOUND at iteration 47: -13446.349
Optimizing NNI: done in 1.81789 secs using 98.84% CPU
Estimate model parameters (epsilon = 0.100)
BETTER TREE FOUND at iteration 48: -13443.107
Optimizing NNI: done in 2.15334 secs using 97.96% CPU
Optimizing NNI: done in 1.67024 secs using 100.1% CPU
Iteration 50 / LogL: -13449.612 / Time: 0h:3m:6s (0h:6m:12s left)
Log-likelihood cutoff on original alignment: -13540.034
Optimizing NNI: done in 2.64488 secs using 96.89% CPU
Optimizing NNI: done in 2.69476 secs using 97.99% CPU
Optimizing NNI: done in 1.68908 secs using 97.13% CPU
Optimizing NNI: done in 2.1381 secs using 97.19% CPU
Optimizing NNI: done in 2.2924 secs using 95.42% CPU
Optimizing NNI: done in 2.31361 secs using 97.25% CPU
Optimizing NNI: done in 2.72368 secs using 79.17% CPU
Optimizing NNI: done in 2.16577 secs using 78.64% CPU
Optimizing NNI: done in 2.25263 secs using 95.72% CPU
Optimizing NNI: done in 2.25508 secs using 92.15% CPU
Iteration 60 / LogL: -13447.106 / Time: 0h:3m:32s (0h:5m:16s left)
Optimizing NNI: done in 2.30305 secs using 97.7% CPU
Optimizing NNI: done in 2.54132 secs using 97.76% CPU
Optimizing NNI: done in 2.51767 secs using 93.71% CPU
Estimate model parameters (epsilon = 0.100)
BETTER TREE FOUND at iteration 63: -13442.996
Optimizing NNI: done in 3.02219 secs using 90.99% CPU
Optimizing NNI: done in 2.3591 secs using 97.36% CPU
Optimizing NNI: done in 2.6398 secs using 97.66% CPU
Optimizing NNI: done in 2.55367 secs using 90.56% CPU
Optimizing NNI: done in 2.48023 secs using 95.13% CPU
Optimizing NNI: done in 2.3995 secs using 97.03% CPU
Optimizing NNI: done in 2.22076 secs using 97.8% CPU
Iteration 70 / LogL: -13448.253 / Time: 0h:3m:58s (0h:5m:20s left)
Optimizing NNI: done in 1.66778 secs using 95.56% CPU
Optimizing NNI: done in 1.89378 secs using 98.18% CPU
Optimizing NNI: done in 2.19432 secs using 93.28% CPU
Estimate model parameters (epsilon = 0.100)
BETTER TREE FOUND at iteration 73: -13440.545
Optimizing NNI: done in 2.29255 secs using 97.46% CPU
Optimizing NNI: done in 1.99399 secs using 97.17% CPU
Optimizing NNI: done in 2.54311 secs using 95.23% CPU
Optimizing NNI: done in 2.00305 secs using 99.07% CPU
Optimizing NNI: done in 2.23833 secs using 94.24% CPU
Optimizing NNI: done in 2.36264 secs using 98.54% CPU
Optimizing NNI: done in 2.14297 secs using 88.95% CPU
Iteration 80 / LogL: -13442.444 / Time: 0h:4m:20s (0h:5m:6s left)
Optimizing NNI: done in 2.1163 secs using 96.72% CPU
Optimizing NNI: done in 2.76566 secs using 81.92% CPU
Optimizing NNI: done in 2.19213 secs using 86.96% CPU
Optimizing NNI: done in 2.14764 secs using 94.58% CPU
Optimizing NNI: done in 2.46415 secs using 94.48% CPU
Optimizing NNI: done in 1.97671 secs using 98.81% CPU
Optimizing NNI: done in 1.66491 secs using 97.6% CPU
Optimizing NNI: done in 2.33957 secs using 99.51% CPU
Optimizing NNI: done in 2.12834 secs using 97.64% CPU
Optimizing NNI: done in 2.56736 secs using 97.98% CPU
Iteration 90 / LogL: -13448.741 / Time: 0h:4m:43s (0h:4m:23s left)
Optimizing NNI: done in 2.26112 secs using 98.13% CPU
Optimizing NNI: done in 1.81433 secs using 99.04% CPU
Optimizing NNI: done in 2.37332 secs using 98.1% CPU
Optimizing NNI: done in 1.87025 secs using 99.42% CPU
Optimizing NNI: done in 1.78733 secs using 98.79% CPU
Optimizing NNI: done in 1.59416 secs using 99.97% CPU
Optimizing NNI: done in 1.91519 secs using 98.72% CPU
Optimizing NNI: done in 1.67471 secs using 97.96% CPU
Optimizing NNI: done in 1.92248 secs using 98.34% CPU
Optimizing NNI: done in 2.20012 secs using 98.72% CPU
Iteration 100 / LogL: -13441.763 / Time: 0h:5m:3s (0h:3m:43s left)
Log-likelihood cutoff on original alignment: -13540.034
NOTE: Bootstrap correlation coefficient of split occurrence frequencies: 0.985
NOTE: UFBoot does not converge, continue at least 100 more iterations
Optimizing NNI: done in 2.32398 secs using 98.16% CPU
Optimizing NNI: done in 2.25489 secs using 93.55% CPU
Optimizing NNI: done in 2.21566 secs using 88.86% CPU
Optimizing NNI: done in 2.76057 secs using 94.52% CPU
Optimizing NNI: done in 2.58129 secs using 93.82% CPU
Optimizing NNI: done in 2.53451 secs using 96.17% CPU
Optimizing NNI: done in 2.03181 secs using 96.13% CPU
Optimizing NNI: done in 2.11227 secs using 96.9% CPU
Estimate model parameters (epsilon = 0.100)
BETTER TREE FOUND at iteration 108: -13440.231
Optimizing NNI: done in 2.28417 secs using 99.19% CPU
Optimizing NNI: done in 2.3384 secs using 94.22% CPU
Iteration 110 / LogL: -13442.288 / Time: 0h:5m:29s (0h:4m:56s left)
Optimizing NNI: done in 2.35703 secs using 98.11% CPU
Optimizing NNI: done in 2.56193 secs using 86.6% CPU
Optimizing NNI: done in 3.0696 secs using 68.21% CPU
Optimizing NNI: done in 2.93788 secs using 69.14% CPU
Optimizing NNI: done in 2.83627 secs using 68.31% CPU
Optimizing NNI: done in 2.5046 secs using 81.72% CPU
Optimizing NNI: done in 3.30886 secs using 75.55% CPU
Optimizing NNI: done in 3.13063 secs using 73.37% CPU
Optimizing NNI: done in 2.9355 secs using 90.49% CPU
Optimizing NNI: done in 2.65361 secs using 82.43% CPU
Iteration 120 / LogL: -13455.169 / Time: 0h:6m:0s (0h:4m:25s left)
Optimizing NNI: done in 2.98834 secs using 77.38% CPU
BETTER TREE FOUND at iteration 121: -13440.230
Optimizing NNI: done in 2.32727 secs using 87.28% CPU
Optimizing NNI: done in 2.55557 secs using 83.15% CPU
Optimizing NNI: done in 2.16876 secs using 92.94% CPU
Optimizing NNI: done in 3.17516 secs using 88.09% CPU
Optimizing NNI: done in 2.64882 secs using 89.66% CPU
Optimizing NNI: done in 2.35303 secs using 90.31% CPU
Optimizing NNI: done in 2.50214 secs using 89.3% CPU
Optimizing NNI: done in 3.10931 secs using 78.9% CPU
Optimizing NNI: done in 2.43838 secs using 78.82% CPU
Iteration 130 / LogL: -13479.278 / Time: 0h:6m:28s (0h:4m:33s left)
Optimizing NNI: done in 2.95406 secs using 77.22% CPU
Optimizing NNI: done in 2.80325 secs using 76.92% CPU
Optimizing NNI: done in 2.65665 secs using 85.87% CPU
Optimizing NNI: done in 1.77765 secs using 96.69% CPU
Optimizing NNI: done in 2.00148 secs using 98.36% CPU
Optimizing NNI: done in 2.18307 secs using 98.77% CPU
Optimizing NNI: done in 1.9134 secs using 98.81% CPU
Estimate model parameters (epsilon = 0.100)
BETTER TREE FOUND at iteration 137: -13440.076
Optimizing NNI: done in 2.08874 secs using 98% CPU
Optimizing NNI: done in 1.26649 secs using 98.7% CPU
Optimizing NNI: done in 0.986154 secs using 98.24% CPU
Iteration 140 / LogL: -13452.692 / Time: 0h:6m:50s (0h:4m:46s left)
Optimizing NNI: done in 1.93897 secs using 99.12% CPU
Optimizing NNI: done in 1.96605 secs using 99.34% CPU
Optimizing NNI: done in 2.24478 secs using 99.54% CPU
Optimizing NNI: done in 1.94721 secs using 98.7% CPU
Optimizing NNI: done in 2.33709 secs using 96.94% CPU
Optimizing NNI: done in 1.89952 secs using 99.53% CPU
Optimizing NNI: done in 2.24639 secs using 99.47% CPU
Optimizing NNI: done in 2.37465 secs using 98.04% CPU
Optimizing NNI: done in 1.84701 secs using 93.9% CPU
Optimizing NNI: done in 1.61223 secs using 98.85% CPU
Iteration 150 / LogL: -13449.590 / Time: 0h:7m:11s (0h:4m:11s left)
Log-likelihood cutoff on original alignment: -13540.034
Optimizing NNI: done in 2.73926 secs using 81.57% CPU
Optimizing NNI: done in 2.58104 secs using 92.62% CPU
Optimizing NNI: done in 2.41857 secs using 97.55% CPU
BETTER TREE FOUND at iteration 153: -13440.070
Optimizing NNI: done in 2.26518 secs using 94.5% CPU
Optimizing NNI: done in 1.03445 secs using 95.16% CPU
Optimizing NNI: done in 2.36879 secs using 87.73% CPU
Optimizing NNI: done in 2.61561 secs using 96.18% CPU
Optimizing NNI: done in 2.43407 secs using 94.36% CPU
Optimizing NNI: done in 3.04028 secs using 96.11% CPU
Optimizing NNI: done in 2.17771 secs using 99.01% CPU
Iteration 160 / LogL: -13447.507 / Time: 0h:7m:37s (0h:4m:27s left)
Optimizing NNI: done in 2.87569 secs using 96.72% CPU
Optimizing NNI: done in 2.46249 secs using 93.91% CPU
Optimizing NNI: done in 1.33323 secs using 97.27% CPU
Optimizing NNI: done in 2.37246 secs using 96.16% CPU
Optimizing NNI: done in 2.33528 secs using 95.68% CPU
Optimizing NNI: done in 1.52632 secs using 99.3% CPU
BETTER TREE FOUND at iteration 166: -13440.067
Optimizing NNI: done in 1.80409 secs using 97.87% CPU
Optimizing NNI: done in 1.66839 secs using 98.34% CPU
Optimizing NNI: done in 2.47854 secs using 99.6% CPU
Optimizing NNI: done in 1.89151 secs using 98.3% CPU
Iteration 170 / LogL: -13451.385 / Time: 0h:7m:59s (0h:4m:32s left)
Optimizing NNI: done in 1.95968 secs using 98.07% CPU
Optimizing NNI: done in 2.1866 secs using 97.9% CPU
Optimizing NNI: done in 1.73859 secs using 99.76% CPU
Optimizing NNI: done in 2.10521 secs using 98.71% CPU
Optimizing NNI: done in 2.01903 secs using 99.83% CPU
Optimizing NNI: done in 1.56636 secs using 97.76% CPU
Optimizing NNI: done in 2.27956 secs using 93.91% CPU
Optimizing NNI: done in 2.31056 secs using 99.41% CPU
Optimizing NNI: done in 1.77888 secs using 83.44% CPU
Optimizing NNI: done in 2.29594 secs using 93.92% CPU
Iteration 180 / LogL: -13440.253 / Time: 0h:8m:20s (0h:4m:0s left)
Optimizing NNI: done in 2.18701 secs using 93.59% CPU
Optimizing NNI: done in 3.19259 secs using 87.61% CPU
Optimizing NNI: done in 2.29543 secs using 98.02% CPU
Optimizing NNI: done in 2.45023 secs using 99.48% CPU
Optimizing NNI: done in 2.01849 secs using 99.86% CPU
Optimizing NNI: done in 2.7218 secs using 99.31% CPU
Optimizing NNI: done in 2.42486 secs using 97.3% CPU
Optimizing NNI: done in 2.4776 secs using 93.97% CPU
Optimizing NNI: done in 2.30118 secs using 91.67% CPU
Optimizing NNI: done in 1.50348 secs using 89.38% CPU
Iteration 190 / LogL: -13448.637 / Time: 0h:8m:45s (0h:3m:31s left)
Optimizing NNI: done in 1.45462 secs using 95.6% CPU
Optimizing NNI: done in 3.09381 secs using 98.48% CPU
Optimizing NNI: done in 1.91495 secs using 97.1% CPU
Optimizing NNI: done in 2.31291 secs using 99.31% CPU
Optimizing NNI: done in 1.75532 secs using 98.81% CPU
Optimizing NNI: done in 2.05742 secs using 95.69% CPU
Optimizing NNI: done in 2.38918 secs using 97.44% CPU
Optimizing NNI: done in 2.51581 secs using 98.13% CPU
Optimizing NNI: done in 2.34205 secs using 100.1% CPU
Optimizing NNI: done in 2.06592 secs using 94.54% CPU
Iteration 200 / LogL: -13442.554 / Time: 0h:9m:8s (0h:3m:1s left)
Log-likelihood cutoff on original alignment: -13540.034
NOTE: Bootstrap correlation coefficient of split occurrence frequencies: 0.993
Optimizing NNI: done in 2.02254 secs using 98.11% CPU
Optimizing NNI: done in 1.93003 secs using 98.77% CPU
Optimizing NNI: done in 3.12803 secs using 88.91% CPU
Optimizing NNI: done in 2.12564 secs using 92.62% CPU
Optimizing NNI: done in 2.89623 secs using 80.38% CPU
Optimizing NNI: done in 2.43614 secs using 88.51% CPU
Optimizing NNI: done in 2.09839 secs using 87.12% CPU
Optimizing NNI: done in 2.06719 secs using 95.24% CPU
Optimizing NNI: done in 2.69742 secs using 99.05% CPU
Optimizing NNI: done in 2.30178 secs using 97.07% CPU
Iteration 210 / LogL: -13440.451 / Time: 0h:9m:34s (0h:4m:7s left)
Optimizing NNI: done in 2.45435 secs using 94.86% CPU
Optimizing NNI: done in 1.91362 secs using 93.08% CPU
Optimizing NNI: done in 2.73453 secs using 95.99% CPU
Optimizing NNI: done in 2.37668 secs using 96.64% CPU
Optimizing NNI: done in 3.41873 secs using 90.49% CPU
Optimizing NNI: done in 2.46227 secs using 97.72% CPU
Optimizing NNI: done in 2.4019 secs using 86.52% CPU
Optimizing NNI: done in 3.09382 secs using 75.76% CPU
Optimizing NNI: done in 3.36124 secs using 81.82% CPU
Optimizing NNI: done in 2.14587 secs using 96.84% CPU
Iteration 220 / LogL: -13440.339 / Time: 0h:10m:2s (0h:3m:39s left)
Optimizing NNI: done in 2.28842 secs using 94.91% CPU
Optimizing NNI: done in 1.75776 secs using 95.11% CPU
Optimizing NNI: done in 3.08015 secs using 98.41% CPU
Optimizing NNI: done in 2.11542 secs using 99.71% CPU
Optimizing NNI: done in 2.52318 secs using 97.22% CPU
Optimizing NNI: done in 1.81517 secs using 96.41% CPU
Optimizing NNI: done in 2.19627 secs using 96.76% CPU
Optimizing NNI: done in 2.36124 secs using 97.27% CPU
Optimizing NNI: done in 1.51477 secs using 94.9% CPU
Optimizing NNI: done in 2.09089 secs using 96.4% CPU
Iteration 230 / LogL: -13443.323 / Time: 0h:10m:25s (0h:3m:10s left)
Optimizing NNI: done in 1.96872 secs using 90.48% CPU
Optimizing NNI: done in 2.17522 secs using 91.23% CPU
Optimizing NNI: done in 2.24373 secs using 91.23% CPU
Optimizing NNI: done in 2.26264 secs using 98.06% CPU
Optimizing NNI: done in 1.85206 secs using 97.02% CPU
Optimizing NNI: done in 2.40492 secs using 96.16% CPU
Optimizing NNI: done in 2.47895 secs using 97.7% CPU
Optimizing NNI: done in 1.81361 secs using 96.49% CPU
Optimizing NNI: done in 1.70131 secs using 80.82% CPU
Optimizing NNI: done in 2.4904 secs using 90.97% CPU
Iteration 240 / LogL: -13445.895 / Time: 0h:10m:47s (0h:2m:42s left)
Optimizing NNI: done in 2.34386 secs using 96.66% CPU
Optimizing NNI: done in 1.91876 secs using 98.53% CPU
Optimizing NNI: done in 2.05821 secs using 97.93% CPU
Estimate model parameters (epsilon = 0.100)
BETTER TREE FOUND at iteration 243: -13440.009
Optimizing NNI: done in 2.51314 secs using 98.23% CPU
Optimizing NNI: done in 2.52338 secs using 95.98% CPU
Optimizing NNI: done in 1.44261 secs using 97.48% CPU
Optimizing NNI: done in 1.9987 secs using 97.72% CPU
Optimizing NNI: done in 1.76799 secs using 98.1% CPU
Optimizing NNI: done in 1.52592 secs using 96.25% CPU
Optimizing NNI: done in 1.956 secs using 99.85% CPU
Iteration 250 / LogL: -13444.435 / Time: 0h:11m:8s (0h:4m:9s left)
Log-likelihood cutoff on original alignment: -13508.544
Optimizing NNI: done in 1.75605 secs using 97.88% CPU
Optimizing NNI: done in 1.94016 secs using 97.45% CPU
Optimizing NNI: done in 2.01543 secs using 99.23% CPU
Optimizing NNI: done in 2.22871 secs using 97.45% CPU
Optimizing NNI: done in 2.02079 secs using 98.97% CPU
Optimizing NNI: done in 1.86464 secs using 96.37% CPU
Optimizing NNI: done in 1.97104 secs using 97.51% CPU
Optimizing NNI: done in 1.60808 secs using 98.14% CPU
Optimizing NNI: done in 1.86877 secs using 98.66% CPU
Optimizing NNI: done in 2.55058 secs using 96.18% CPU
Estimate model parameters (epsilon = 0.100)
BETTER TREE FOUND at iteration 260: -13438.097
Iteration 260 / LogL: -13438.097 / Time: 0h:11m:31s (0h:4m:27s left)
Optimizing NNI: done in 1.27086 secs using 97.13% CPU
Optimizing NNI: done in 2.15302 secs using 100.2% CPU
Optimizing NNI: done in 2.07435 secs using 97.92% CPU
Optimizing NNI: done in 2.17183 secs using 97.84% CPU
Optimizing NNI: done in 2.33618 secs using 94.3% CPU
Optimizing NNI: done in 2.17252 secs using 97.81% CPU
Optimizing NNI: done in 1.78803 secs using 93.5% CPU
Optimizing NNI: done in 1.77025 secs using 92.68% CPU
Optimizing NNI: done in 1.80206 secs using 98.84% CPU
Optimizing NNI: done in 1.93097 secs using 98.72% CPU
Iteration 270 / LogL: -13440.192 / Time: 0h:11m:52s (0h:3m:58s left)
Optimizing NNI: done in 2.47419 secs using 95.99% CPU
Optimizing NNI: done in 2.25486 secs using 94.93% CPU
Optimizing NNI: done in 1.71888 secs using 96.36% CPU
Optimizing NNI: done in 2.57198 secs using 86.87% CPU
Optimizing NNI: done in 2.62926 secs using 96.27% CPU
Optimizing NNI: done in 1.73142 secs using 100.2% CPU
Optimizing NNI: done in 1.84023 secs using 98.49% CPU
Optimizing NNI: done in 1.61676 secs using 100.5% CPU
Estimate model parameters (epsilon = 0.100)
BETTER TREE FOUND at iteration 278: -13438.071
Optimizing NNI: done in 2.4338 secs using 95.66% CPU
Optimizing NNI: done in 2.31916 secs using 93.65% CPU
Iteration 280 / LogL: -13440.687 / Time: 0h:12m:15s (0h:4m:18s left)
Optimizing NNI: done in 1.43295 secs using 99.23% CPU
Optimizing NNI: done in 2.05571 secs using 100.3% CPU
Optimizing NNI: done in 2.04019 secs using 98.03% CPU
Optimizing NNI: done in 2.68659 secs using 90.73% CPU
Optimizing NNI: done in 2.27206 secs using 98.34% CPU
Optimizing NNI: done in 1.36577 secs using 94.96% CPU
Optimizing NNI: done in 2.16964 secs using 95.06% CPU
BETTER TREE FOUND at iteration 287: -13438.067
Optimizing NNI: done in 2.65193 secs using 93.09% CPU
Optimizing NNI: done in 2.0641 secs using 96.14% CPU
Optimizing NNI: done in 2.01964 secs using 99.03% CPU
Iteration 290 / LogL: -13481.190 / Time: 0h:12m:37s (0h:4m:14s left)
Optimizing NNI: done in 1.87991 secs using 93.92% CPU
Optimizing NNI: done in 2.44771 secs using 96.39% CPU
Optimizing NNI: done in 2.81264 secs using 93.33% CPU
Optimizing NNI: done in 2.21586 secs using 99.43% CPU
Optimizing NNI: done in 2.33971 secs using 97.5% CPU
Optimizing NNI: done in 2.06264 secs using 92.42% CPU
Optimizing NNI: done in 1.82488 secs using 94.18% CPU
Optimizing NNI: done in 2.33369 secs using 96.41% CPU
Optimizing NNI: done in 2.20948 secs using 98.3% CPU
Optimizing NNI: done in 2.29336 secs using 99.47% CPU
Iteration 300 / LogL: -13440.233 / Time: 0h:13m:1s (0h:3m:47s left)
Log-likelihood cutoff on original alignment: -13508.544
NOTE: Bootstrap correlation coefficient of split occurrence frequencies: 0.992
Optimizing NNI: done in 2.55262 secs using 97.33% CPU
Optimizing NNI: done in 2.05343 secs using 98.92% CPU
Optimizing NNI: done in 1.60358 secs using 100.4% CPU
Optimizing NNI: done in 1.91796 secs using 97.76% CPU
Optimizing NNI: done in 2.29206 secs using 98.85% CPU
Optimizing NNI: done in 1.83288 secs using 98.89% CPU
Optimizing NNI: done in 1.58354 secs using 97.68% CPU
Optimizing NNI: done in 2.00975 secs using 100.3% CPU
Optimizing NNI: done in 1.69247 secs using 98.78% CPU
Optimizing NNI: done in 1.90894 secs using 96.59% CPU
Iteration 310 / LogL: -13438.075 / Time: 0h:13m:23s (0h:3m:54s left)
Optimizing NNI: done in 1.7869 secs using 100.6% CPU
Optimizing NNI: done in 2.26959 secs using 93.63% CPU
Optimizing NNI: done in 2.25414 secs using 98.43% CPU
Optimizing NNI: done in 2.42705 secs using 99.14% CPU
Optimizing NNI: done in 2.04845 secs using 96.87% CPU
Optimizing NNI: done in 1.949 secs using 100.2% CPU
Optimizing NNI: done in 2.0543 secs using 99.64% CPU
Optimizing NNI: done in 2.13082 secs using 96.79% CPU
Optimizing NNI: done in 1.99962 secs using 93.77% CPU
Optimizing NNI: done in 2.15967 secs using 96.95% CPU
Iteration 320 / LogL: -13438.177 / Time: 0h:13m:46s (0h:3m:27s left)
Optimizing NNI: done in 1.98243 secs using 98.52% CPU
Optimizing NNI: done in 2.23526 secs using 97.16% CPU
Optimizing NNI: done in 2.54942 secs using 99.29% CPU
Optimizing NNI: done in 2.07244 secs using 95% CPU
Optimizing NNI: done in 1.98816 secs using 95.09% CPU
Optimizing NNI: done in 2.09904 secs using 95.28% CPU
Optimizing NNI: done in 1.4988 secs using 92.78% CPU
Optimizing NNI: done in 2.05609 secs using 92.71% CPU
Optimizing NNI: done in 2.18214 secs using 97.38% CPU
Optimizing NNI: done in 1.94179 secs using 97.36% CPU
Iteration 330 / LogL: -13456.591 / Time: 0h:14m:8s (0h:3m:0s left)
Optimizing NNI: done in 1.62038 secs using 92.57% CPU
Optimizing NNI: done in 2.42965 secs using 84.25% CPU
Optimizing NNI: done in 2.48685 secs using 79.17% CPU
Optimizing NNI: done in 2.32276 secs using 93.5% CPU
Optimizing NNI: done in 1.91165 secs using 99.72% CPU
Optimizing NNI: done in 1.55965 secs using 95.17% CPU
Optimizing NNI: done in 2.03718 secs using 99.71% CPU
Optimizing NNI: done in 2.15351 secs using 97.95% CPU
Optimizing NNI: done in 1.68398 secs using 98.35% CPU
Optimizing NNI: done in 1.89974 secs using 98.7% CPU
Iteration 340 / LogL: -13439.305 / Time: 0h:14m:29s (0h:2m:33s left)
Optimizing NNI: done in 1.5977 secs using 97.8% CPU
Optimizing NNI: done in 2.24418 secs using 96.08% CPU
Optimizing NNI: done in 1.77447 secs using 98.62% CPU
Optimizing NNI: done in 1.78874 secs using 99.58% CPU
Optimizing NNI: done in 2.01757 secs using 99.13% CPU
Optimizing NNI: done in 1.55169 secs using 95.66% CPU
Optimizing NNI: done in 1.69183 secs using 96.97% CPU
Optimizing NNI: done in 1.71203 secs using 99.48% CPU
Optimizing NNI: done in 1.75551 secs using 97.91% CPU
Optimizing NNI: done in 1.36889 secs using 98.16% CPU
Iteration 350 / LogL: -13440.439 / Time: 0h:14m:48s (0h:2m:7s left)
Log-likelihood cutoff on original alignment: -13508.544
Optimizing NNI: done in 1.71806 secs using 95.49% CPU
Optimizing NNI: done in 1.82625 secs using 96.68% CPU
Optimizing NNI: done in 1.78939 secs using 96.05% CPU
Optimizing NNI: done in 1.93775 secs using 95.96% CPU
Optimizing NNI: done in 2.63473 secs using 97.85% CPU
Optimizing NNI: done in 1.87167 secs using 98.51% CPU
Optimizing NNI: done in 1.91772 secs using 99.4% CPU
Optimizing NNI: done in 2.03288 secs using 93.77% CPU
Optimizing NNI: done in 2.42797 secs using 85.59% CPU
Optimizing NNI: done in 2.17031 secs using 82.07% CPU
Iteration 360 / LogL: -13439.878 / Time: 0h:15m:12s (0h:1m:41s left)
Optimizing NNI: done in 1.62779 secs using 97.91% CPU
Optimizing NNI: done in 1.66648 secs using 89.07% CPU
Optimizing NNI: done in 1.88992 secs using 98.38% CPU
Optimizing NNI: done in 1.74396 secs using 100.3% CPU
Optimizing NNI: done in 1.71457 secs using 97.51% CPU
Optimizing NNI: done in 1.75327 secs using 98.92% CPU
Optimizing NNI: done in 1.89348 secs using 98.2% CPU
Optimizing NNI: done in 1.94507 secs using 100.4% CPU
Optimizing NNI: done in 2.1088 secs using 97.06% CPU
Optimizing NNI: done in 1.82228 secs using 96.03% CPU
Iteration 370 / LogL: -13439.156 / Time: 0h:15m:31s (0h:1m:15s left)
Optimizing NNI: done in 1.46856 secs using 94.69% CPU
Optimizing NNI: done in 2.06327 secs using 96.18% CPU
Optimizing NNI: done in 1.90154 secs using 99.43% CPU
Optimizing NNI: done in 2.40475 secs using 99.41% CPU
Optimizing NNI: done in 2.00539 secs using 96.61% CPU
Optimizing NNI: done in 1.77361 secs using 93.38% CPU
Optimizing NNI: done in 1.91977 secs using 95.23% CPU
Optimizing NNI: done in 1.51605 secs using 98.94% CPU
Optimizing NNI: done in 1.19901 secs using 96.43% CPU
Optimizing NNI: done in 2.27396 secs using 96.2% CPU
Iteration 380 / LogL: -13438.179 / Time: 0h:15m:51s (0h:0m:50s left)
Optimizing NNI: done in 1.7501 secs using 97.32% CPU
Optimizing NNI: done in 1.68109 secs using 99.45% CPU
Optimizing NNI: done in 1.86203 secs using 91.47% CPU
Optimizing NNI: done in 1.59673 secs using 96.88% CPU
Optimizing NNI: done in 1.69492 secs using 99.56% CPU
Optimizing NNI: done in 1.61215 secs using 99.83% CPU
Optimizing NNI: done in 2.48755 secs using 94.22% CPU
Optimizing NNI: done in 1.68663 secs using 99.13% CPU
TREE SEARCH COMPLETED AFTER 388 ITERATIONS / Time: 0h:16m:7s

--------------------------------------------------------------------
|                    FINALIZING TREE SEARCH                        |
--------------------------------------------------------------------
Performs final model parameters optimization
Estimate model parameters (epsilon = 0.010)
1. Initial log-likelihood: -13438.067
Optimal log-likelihood: -13438.065
Rate parameters:  A-C: 0.74700  A-G: 9.99826  A-T: 1.16759  C-G: 0.43269  C-T: 16.46866  G-T: 1.00000
Base frequencies:  A: 0.267  C: 0.289  G: 0.247  T: 0.197
Proportion of invariable sites: 0.510
Gamma shape alpha: 0.789
Parameters optimization took 1 rounds (0.191 sec)
BEST SCORE FOUND : -13438.065
Creating bootstrap support values...
Split supports printed to NEXUS file alignments_no_probang_etc\recombinant_free_regions\A\A_3295-4131_no_probang.splits.nex
Total tree length: 4.750

Total number of iterations: 388
CPU time used for tree search: 881.953 sec (0h:14m:41s)
Wall-clock time used for tree search: 935.077 sec (0h:15m:35s)
Total CPU time used: 913.906 sec (0h:15m:13s)
Total wall-clock time used: 969.373 sec (0h:16m:9s)

Computing bootstrap consensus tree...
Reading input file alignments_no_probang_etc\recombinant_free_regions\A\A_3295-4131_no_probang.splits.nex...
183 taxa and 2094 splits.
Consensus tree written to alignments_no_probang_etc\recombinant_free_regions\A\A_3295-4131_no_probang.contree
Reading input trees file alignments_no_probang_etc\recombinant_free_regions\A\A_3295-4131_no_probang.contree
Log-likelihood of consensus tree: -13442.174

Analysis results written to: 
  IQ-TREE report:                alignments_no_probang_etc\recombinant_free_regions\A\A_3295-4131_no_probang.iqtree
  Maximum-likelihood tree:       alignments_no_probang_etc\recombinant_free_regions\A\A_3295-4131_no_probang.treefile
  Likelihood distances:          alignments_no_probang_etc\recombinant_free_regions\A\A_3295-4131_no_probang.mldist

Ultrafast bootstrap approximation results written to:
  Split support values:          alignments_no_probang_etc\recombinant_free_regions\A\A_3295-4131_no_probang.splits.nex
  Consensus tree:                alignments_no_probang_etc\recombinant_free_regions\A\A_3295-4131_no_probang.contree
  Screen log file:               alignments_no_probang_etc\recombinant_free_regions\A\A_3295-4131_no_probang.log

Date and Time: Thu Jan 15 14:58:17 2026
