IQ-TREE version 3.0.1 for Windows 64-bit built May  5 2025
Developed by Bui Quang Minh, Thomas Wong, Nhan Ly-Trong, Huaiyan Ren
Contributed by Lam-Tung Nguyen, Dominik Schrempf, Chris Bielow,
Olga Chernomor, Michael Woodhams, Diep Thi Hoang, Heiko Schmidt

Host:    DESKTOP-IAVMJI2 (AVX2, FMA3, 7 GB RAM)
Command: bin/iqtree3.exe -s alignments_no_probang_etc\recombinant_free_regions\A\A_4331-6167_no_probang.fasta -bb 1000 -m GTR+F+I+G -pre alignments_no_probang_etc\recombinant_free_regions\A\A_4331-6167_no_probang
Seed:    905019 (Using SPRNG - Scalable Parallel Random Number Generator)
Time:    Thu Jan 15 14:58:17 2026
Kernel:  AVX+FMA - 1 threads (8 CPU cores detected)

HINT: Use -nt option to specify number of threads because your CPU has 8 cores!
HINT: -nt AUTO will automatically determine the best number of threads to use.

Reading alignment file alignments_no_probang_etc\recombinant_free_regions\A\A_4331-6167_no_probang.fasta ... Fasta format detected
Reading fasta file: done in 0.0118046 secs using 132.4% CPU
Alignment most likely contains DNA/RNA sequences
Constructing alignment: done in 0.007172 secs
WARNING: 36 sites contain only gaps or ambiguous characters.
Alignment has 189 sequences with 1879 columns, 903 distinct patterns
774 parsimony-informative, 155 singleton sites, 949 constant sites
WARNING: Some sequence names are changed as follows:
AY593766/KEN/Unknown/1965/A/?'/Unknown -> AY593766/KEN/Unknown/1965/A/__/Unknown

                                                  Gap/Ambiguity  Composition  p-value
Analyzing sequences: done in 0.0027278 secs
   1  MZ493234/PAK/cattle/2018/A/ASIA/Iran-05             2.24%    passed     94.54%
   2  MZ493233/PAK/cattle/2018/A/ASIA/Iran-05             2.24%    passed     94.54%
   3  MZ493232/PAK/cattle/2017/A/ASIA/Iran-05             2.24%    passed     88.24%
   4  ON652967/VNM/cow/2013/A/ASIA/Sea-97                 2.24%    passed     92.60%
   5  JF749848/TUR/Unknown/2003/A/ASIA/Unknown            2.24%    passed     96.27%
   6  JF749843/EGY/Unknown/2006/A/AFRICA/Unknown          2.24%    passed     90.03%
   7  JF749841/TUR/Unknown/2006/A/ASIA/Iran-05            2.24%    passed     99.50%
   8  KC440882/EGY/Unknown/2012/A/ASIA/Iran-05            2.24%    passed     91.11%
   9  KC440881/EGY/Unknown/2011/A/AFRICA/Unknown          2.24%    passed     68.28%
  10  EF117837/PAK/cattle/2006/A/ASIA/Iran-05             2.08%    passed     98.38%
  11  PP273559/IND/elephant/1988/A/ASIA/Unknown           2.24%    passed     99.09%
  12  OQ356347/EGY/cow/2008/A/AFRICA/Unknown              2.24%    passed     90.03%
  13  OQ356341/BRA/cow/1970/A/EURO-SA/Unknown             2.24%    passed     87.41%
  14  OQ256242/ISR/cow/1969/A/EURO-SA/Unknown             2.24%    passed     97.96%
  15  OQ745961/THA/cattle/2016/A/ASIA/Sea-97              2.24%    passed     96.66%
  16  LC771233/IRQ/water-buffalo/2023/A/AFRICA/Unknown    2.24%    passed     89.46%
  17  OM863581/KEN/cattle/2012/A/AFRICA/Unknown           2.24%    passed     90.44%
  18  OM863580/EGY/cattle/2012/A/AFRICA/Unknown           2.24%    passed     53.39%
  19  OM455484/PAK/buffalo/2012/A/ASIA/Iran-05            2.24%    passed     90.40%
  20  OM455483/PAK/cattle/2012/A/ASIA/Iran-05             2.24%    passed     90.40%
  21  OM455482/PAK/cattle/2009/A/ASIA/Iran-05             2.24%    passed     84.30%
  22  OM455481/PAK/buffalo/2012/A/ASIA/Iran-05            2.24%    passed     99.81%
  23  OM455480/PAK/cattle/2008/A/ASIA/Iran-05             2.24%    passed     84.30%
  24  OM455479/PAK/cattle/2012/A/ASIA/Iran-05             2.24%    passed     90.40%
  25  MG334583/IRQ/cow/2009/A/ASIA/Iran-05                2.24%    passed     96.77%
  26  LC564923/THA/cow/2016/A/ASIA/Sea-97                 2.24%    passed     99.41%
  27  LC564922/THA/cow/2016/A/ASIA/Sea-97                 2.24%    passed     92.88%
  28  LC564921/THA/cow/2016/A/ASIA/Sea-97                 2.24%    passed     90.91%
  29  LC564920/THA/cow/2015/A/ASIA/Sea-97                 2.24%    passed     97.55%
  30  LC564919/THA/cow/2015/A/ASIA/Sea-97                 2.24%    passed     95.11%
  31  LC564918/THA/cow/2015/A/ASIA/Sea-97                 2.24%    passed     94.85%
  32  LC564917/THA/cow/2015/A/ASIA/Sea-97                 2.24%    passed     98.46%
  33  LC564916/THA/cow/2014/A/ASIA/Sea-97                 2.24%    passed     92.88%
  34  LC564915/THA/cow/2014/A/ASIA/Sea-97                 2.24%    passed     95.51%
  35  LC564914/THA/cow/2014/A/ASIA/Sea-97                 2.24%    passed     88.57%
  36  LC564912/THA/cow/2013/A/ASIA/Sea-97                 2.24%    passed     94.63%
  37  LC564911/THA/cow/2013/A/ASIA/Sea-97                 2.24%    passed     94.82%
  38  LC564909/THA/cow/2012/A/ASIA/Sea-97                 2.24%    passed     99.94%
  39  LC564907/THA/cow/2011/A/ASIA/Sea-97                 2.24%    passed     99.65%
  40  LC564906/THA/cow/2011/A/ASIA/Sea-97                 2.24%    passed     99.35%
  41  LC564905/THA/cow/2011/A/ASIA/Sea-97                 2.24%    passed     98.37%
  42  LC564904/THA/cow/2010/A/ASIA/Sea-97                 2.24%    passed     99.26%
  43  LC564903/THA/cow/2010/A/ASIA/Sea-97                 2.24%    passed     97.03%
  44  LC564902/THA/cow/2010/A/ASIA/Sea-97                 2.24%    passed     98.08%
  45  LC564901/THA/cow/2009/A/ASIA/Sea-97                 2.24%    passed     92.73%
  46  LC564900/THA/cow/2009/A/ASIA/Sea-97                 2.24%    passed     75.14%
  47  LC564898/THA/cow/2008/A/ASIA/Sea-97                 2.24%    passed     99.06%
  48  LC564896/THA/cow/2007/A/ASIA/Sea-97                 2.24%    passed     95.10%
  49  LC564895/THA/cow/2007/A/ASIA/Sea-97                 2.24%    passed     94.68%
  50  LC564894/THA/cow/2007/A/ASIA/Sea-97                 2.24%    passed     98.36%
  51  MT602079/SDN/cattle/2018/A/AFRICA/Unknown           2.39%    passed     82.05%
  52  MT602078/ETH/cattle/2019/A/AFRICA/Unknown           2.24%    passed     77.87%
  53  MT602077/ETH/cattle/2018/A/AFRICA/Unknown           2.24%    passed     96.99%
  54  MT863268/EGY/water-buffalo/2016/A/AFRICA/Unknown    2.24%    passed     89.46%
  55  KY322680/VNM/cattle/2013/A/ASIA/Sea-97              2.24%    passed     97.22%
  56  KY322679/THA/cattle/2014/A/ASIA/Sea-97              2.24%    passed     88.57%
  57  KY322678/MYS/cattle/2013/A/ASIA/Sea-97              2.24%    passed     96.55%
  58  KY322677/MYS/cattle/2013/A/ASIA/Sea-97              2.24%    passed     95.71%
  59  KY322676/MYS/cattle/2013/A/ASIA/Sea-97              2.24%    passed     99.24%
  60  KY322675/LAO/cattle/2014/A/ASIA/Sea-97              2.24%    passed     95.14%
  61  MK940253/SAU/cattle/2017/A/ASIA/Unknown             2.24%    passed     97.12%
  62  MN062587/PAK/cattle/2009/A/ASIA/Iran-05             2.24%    passed     98.11%
  63  MN062586/AFG/cattle/2009/A/ASIA/Iran-05             2.24%    passed     93.57%
  64  LC483874/THA/cow/2007/A/ASIA/Sea-97                 2.24%    passed     98.36%
  65  MN116688/KEN/cow/2016/A/AFRICA/Unknown              2.24%    passed     99.11%
  66  MG923580/DZA/cattle/2017/A/AFRICA/Unknown           2.39%    passed     73.68%
  67  MG923579/DZA/cattle/2017/A/AFRICA/Unknown           2.39%    passed     75.71%
  68  MH053307/ZMB/cattle/1990/A/AFRICA/Unknown           2.24%    passed     90.54%
  69  MH053306/TCD/cattle/1973/A/AFRICA/Unknown           2.24%    passed     84.97%
  70  MH053305/EGY/cattle/1972/A/AFRICA/Unknown           2.24%    passed     90.43%
  71  MG725876/NER/cow/2015/A/AFRICA/Unknown              2.55%    passed     79.63%
  72  MG725875/NER/cow/2015/A/AFRICA/Unknown              2.55%    passed     79.63%
  73  MG725874/NER/cow/2015/A/AFRICA/Unknown              2.24%    passed     93.29%
  74  MG725873/NER/cow/2015/A/AFRICA/Unknown              2.39%    passed     87.64%
  75  MG725872/NER/cow/2013/A/AFRICA/Unknown              2.24%    passed     74.46%
  76  JN099699/IRQ/cattle/2009/A/ASIA/Iran-05             2.24%    passed     94.32%
  77  JN099698/IRQ/cattle/2009/A/ASIA/Iran-05             2.24%    passed     97.91%
  78  JN099697/IRQ/cattle/2009/A/ASIA/Iran-05             2.24%    passed     98.09%
  79  JN099694/IRQ/cattle/2009/A/ASIA/Iran-05             2.24%    passed     92.82%
  80  JN099688/IRQ/cattle/2009/A/ASIA/Iran-05             2.24%    passed     96.82%
  81  KX002205/ARG/cattle/2001/A/EURO-SA/Unknown          2.24%    passed     99.10%
  82  KX002204/ARG/cattle/2001/A/EURO-SA/Unknown          2.24%    passed     95.67%
  83  KX002203/ARG/cattle/2001/A/EURO-SA/Unknown          2.24%    passed     98.43%
  84  KX002202/ARG/cattle/2001/A/EURO-SA/Unknown          2.24%    passed     98.43%
  85  KX002201/ARG/cattle/2001/A/EURO-SA/Unknown          2.24%    passed     98.43%
  86  KX002200/ARG/cattle/2001/A/EURO-SA/Unknown          2.24%    passed     97.90%
  87  KX002199/ARG/cattle/2001/A/EURO-SA/Unknown          2.24%    passed     97.90%
  88  KX002198/ARG/cattle/2001/A/EURO-SA/Unknown          2.24%    passed     97.22%
  89  KX002197/ARG/cattle/2001/A/EURO-SA/Unknown          2.24%    passed     97.22%
  90  KX002196/ARG/cattle/2001/A/EURO-SA/Unknown          2.24%    passed     98.19%
  91  KX002194/ARG/cattle/2000/A/EURO-SA/Unknown          2.24%    passed     95.78%
  92  KX002193/ARG/cattle/2001/A/EURO-SA/Unknown          2.24%    passed     99.90%
  93  KX002192/ARG/cattle/2001/A/EURO-SA/Unknown          2.24%    passed     99.86%
  94  KX002191/ARG/cattle/2001/A/EURO-SA/Unknown          2.24%    passed     97.99%
  95  KX002190/ARG/cattle/2001/A/EURO-SA/Unknown          2.24%    passed     97.99%
  96  KX002189/ARG/cattle/2001/A/EURO-SA/Unknown          2.24%    passed     99.34%
  97  KX002188/ARG/cattle/2001/A/EURO-SA/Unknown          2.24%    passed     99.00%
  98  KX002187/ARG/cattle/2001/A/EURO-SA/Unknown          2.24%    passed     99.42%
  99  KX002186/ARG/cattle/2001/A/EURO-SA/Unknown          2.24%    passed     99.30%
 100  KX002185/ARG/cattle/2001/A/EURO-SA/Unknown          2.24%    passed     98.73%
 101  KX002184/ARG/cattle/2001/A/EURO-SA/Unknown          2.24%    passed     98.16%
 102  KX002183/ARG/cattle/2001/A/EURO-SA/Unknown          2.24%    passed     98.85%
 103  KX002182/ARG/cattle/2001/A/EURO-SA/Unknown          2.24%    passed     99.72%
 104  KX002181/ARG/cattle/2001/A/EURO-SA/Unknown          2.24%    passed     99.21%
 105  KX002180/ARG/cattle/2001/A/EURO-SA/Unknown          2.24%    passed     98.21%
 106  KX002179/ARG/cattle/2001/A/EURO-SA/Unknown          2.24%    passed     98.21%
 107  KX002178/ARG/cattle/2001/A/EURO-SA/Unknown          2.24%    passed     97.99%
 108  KX002177/ARG/cattle/2001/A/EURO-SA/Unknown          2.24%    passed     97.99%
 109  KX002176/ARG/cattle/2001/A/EURO-SA/Unknown          2.24%    passed     96.97%
 110  KT968663/CHN/yak/2013/A/ASIA/Sea-97                 2.24%    passed     84.99%
 111  KU127247/SAU/cattle/2015/A/ASIA/Unknown             2.24%    passed     97.12%
 112  HQ268509/VNM/Unknown/2004/A/ASIA/Sea-97             2.24%    passed     99.77%
 113  HQ832592/IND/cattle/2009/A/ASIA/Unknown             2.24%    passed     92.41%
 114  HQ832591/IND/cattle/2008/A/ASIA/Unknown             2.24%    passed     98.89%
 115  HQ832590/IND/cattle/2007/A/ASIA/Unknown             2.24%    passed     96.60%
 116  HQ832589/IND/cattle/2006/A/ASIA/Unknown             2.24%    passed     96.71%
 117  HQ832588/IND/cattle/2005/A/ASIA/Unknown             2.24%    passed     77.28%
 118  HQ832586/IND/Unknown/2006/A/ASIA/Unknown            2.24%    passed     96.88%
 119  HQ832585/IND/Unknown/2005/A/ASIA/Unknown            2.24%    passed     98.55%
 120  HQ832584/IND/cattle/2005/A/ASIA/Unknown             2.24%    passed     82.64%
 121  HQ832583/IND/Unknown/2005/A/ASIA/Unknown            2.24%    passed     99.02%
 122  HQ832582/IND/buffalo/2004/A/ASIA/Unknown            2.24%    passed     99.70%
 123  HQ832581/IND/cattle/2004/A/ASIA/Unknown             2.24%    passed     95.04%
 124  HQ832580/IND/cattle/2003/A/ASIA/Unknown             2.24%    passed     99.55%
 125  HQ832579/IND/buffalo/2003/A/ASIA/Unknown            2.24%    passed     99.55%
 126  HQ832578/IND/Unknown/2003/A/ASIA/Unknown            2.24%    passed     95.89%
 127  HQ832577/IND/Unknown/1999/A/ASIA/Unknown            2.24%    passed     98.05%
 128  KJ608371/VNM/cattle/2013/A/ASIA/Sea-97              2.24%    passed     89.39%
 129  KP940474/EGY/cattle/2014/A/AFRICA/Unknown           2.24%    passed     72.05%
 130  KM268896/TUR/cattle/2013/A/ASIA/Iran-05             2.24%    passed     97.31%
 131  KJ933864/MYS/Unknown/1997/A/ASIA/Sea-97             2.24%    passed     99.44%
 132  KJ754939/BGD/cattle/2013/A/ASIA/Unknown             2.24%    passed     58.34%
 133  KC588943/KOR/cattle/2010/A/ASIA/Sea-97              2.24%    passed     50.14%
 134  JN006722/PAK/Unknown/2008/A/ASIA/Iran-05            2.24%    passed     98.76%
 135  HQ632773/MYS/cattle/2007/A/ASIA/Sea-97              2.24%    passed     93.33%
 136  GQ406252/VNM/buffalo/2009/A/ASIA/Sea-97             2.24%    passed     90.62%
 137  GQ406251/VNM/pig/2009/A/ASIA/Sea-97                 2.24%    passed     95.96%
 138  GQ406250/VNM/cattle/2009/A/ASIA/Sea-97              2.24%    passed     87.60%
 139  GQ406249/VNM/cattle/2009/A/ASIA/Sea-97              2.24%    passed     94.05%
 140  GQ406248/VNM/cattle/2009/A/ASIA/Sea-97              2.24%    passed     88.16%
 141  GQ406247/VNM/cattle/2009/A/ASIA/Sea-97              2.24%    passed     95.01%
 142  EF494488/PAK/cattle/2006/A/ASIA/Iran-05             2.24%    passed     98.23%
 143  EF494487/PAK/cattle/2006/A/ASIA/Iran-05             2.24%    passed     98.43%
 144  AY593803/BRA/Unknown/1979/A/EURO-SA/Unknown         2.24%    passed     98.42%
 145  AY593802/URY/Unknown/2001/A/EURO-SA/Unknown         2.24%    passed     98.37%
 146  AY593794/COL/Unknown/1985/A/EURO-SA/Unknown         2.08%    passed     98.84%
 147  AY593793/PHL/Unknown/1975/A/EURO-SA/Unknown         2.24%    passed     87.72%
 148  AY593792/ITA/Unknown/1962/A/EURO-SA/Unknown         2.24%    passed     97.12%
 149  AY593791/IRN/Unknown/1998/A/ASIA/Iran-96            2.24%    passed     99.65%
 150  AY593790/ARG/Unknown/2001/A/EURO-SA/Unknown         2.24%    passed     95.67%
 151  AY593789/ARG/Unknown/1961/A/EURO-SA/Unknown         2.39%    passed     99.53%
 152  AY593788/BRA/Unknown/1958/A/EURO-SA/Unknown         2.24%    passed     87.04%
 153  AY593786/ARG/Unknown/2001/A/EURO-SA/Unknown         2.24%    passed     99.10%
 154  AY593785/ARG/Unknown/2001/A/EURO-SA/Unknown         2.24%    passed     98.43%
 155  AY593784/ARG/Unknown/2001/A/EURO-SA/Unknown         2.24%    passed     98.43%
 156  AY593783/ARG/Unknown/2001/A/EURO-SA/Unknown         2.24%    passed     98.43%
 157  AY593782/ARG/Unknown/2000/A/EURO-SA/Unknown         2.24%    passed     96.81%
 158  AY593781/DEU/Unknown/1951/A/EURO-SA/Unknown         2.24%    passed     94.14%
 159  AY593780/FRA/Unknown/1960/A/EURO-SA/Unknown         2.24%    passed     99.88%
 160  AY593779/DEU/Unknown/1972/A/EURO-SA/Unknown         2.24%    passed     96.20%
 161  AY593776/DEU/Unknown/1968/A/EURO-SA/Unknown         2.24%    passed     99.40%
 162  AY593775/VEN/Unknown/1970/A/EURO-SA/Unknown         2.24%    passed     98.12%
 163  AY593774/ESP/Unknown/1969/A/EURO-SA/Unknown         2.24%    passed     96.88%
 164  AY593773/PER/Unknown/1969/A/EURO-SA/Unknown         2.24%    passed     97.80%
 165  AY593772/TUR/Unknown/1972/A/ASIA/A22                2.24%    passed     75.07%
 166  AY593771/COL/Unknown/1967/A/EURO-SA/Unknown         2.24%    passed     99.42%
 167  AY593770/ARG/Unknown/1966/A/EURO-SA/Unknown         2.24%    passed     92.12%
 168  AY593769/ARG/Unknown/1959/A/EURO-SA/Unknown         2.39%    passed     99.34%
 169  AY593768/BRA/Unknown/1955/A/EURO-SA/Unknown         2.24%    passed     90.28%
 170  AY593767/ARG/Unknown/1965/A/EURO-SA/Unknown         2.24%    passed     97.44%
 171  AY593766/KEN/Unknown/1965/A/__/Unknown              2.24%    passed     79.08%
 172  AY593765/TUR/Unknown/1965/A/ASIA/A22                2.24%    passed     79.27%
 173  AY593764/IRQ/Unknown/1970/A/ASIA/A22                2.24%    passed     73.34%
 174  AY593763/IRQ/Unknown/1964/A/ASIA/A22                2.24%    passed     73.34%
 175  AY593762/IRQ/Unknown/1964/A/ASIA/A22                2.24%    passed     73.34%
 176  AY593761/KEN/Unknown/1964/A/AFRICA/Unknown          2.24%    passed     66.32%
 177  AY593760/RUS/Unknown/1964/A/EURO-SA/Unknown         2.39%    passed     61.24%
 178  AY593759/DEU/Unknown/1971/A/EURO-SA/Unknown         2.24%    passed     91.39%
 179  AY593758/VEN/Unknown/1967/A/EURO-SA/Unknown         2.24%    passed     89.22%
 180  AY593757/BRA/Unknown/1967/A/EURO-SA/Unknown         2.24%    passed     97.41%
 181  AY593756/BRA/Unknown/1959/A/EURO-SA/Unknown         2.24%    passed     98.27%
 182  AY593755/THA/Unknown/1960/A/ASIA/Unknown            2.24%    passed     94.58%
 183  AY593754/ESP/Unknown/1959/A/EURO-SA/Unknown         2.24%    passed     98.54%
 184  AY593753/BRA/Unknown/1958/A/EURO-SA/Unknown         2.24%    passed     87.41%
 185  AY593751/NLD/Unknown/1942/A/EURO-SA/Unknown         2.24%    passed     98.31%
 186  FJ623456/KAZ/Unknown/1999/A/ASIA/A22                2.24%    passed     69.71%
 187  EF494486/TUR/cattle/2005/A/ASIA/Iran-05             2.24%    passed     98.85%
 188  MT340198/VNM/cattle/2017/A/ASIA/Sea-97              2.24%    passed     99.73%
 189  MT340197/VNM/cattle/2017/A/ASIA/Sea-97              2.24%    passed     99.52%
****  TOTAL                                               2.24%  0 sequences failed composition chi2 test (p-value<5%; df=3)
NOTE: MZ493233/PAK/cattle/2018/A/ASIA/Iran-05 is identical to MZ493234/PAK/cattle/2018/A/ASIA/Iran-05 but kept for subsequent analysis
NOTE: OQ356347/EGY/cow/2008/A/AFRICA/Unknown is identical to JF749843/EGY/Unknown/2006/A/AFRICA/Unknown but kept for subsequent analysis
NOTE: AY593753/BRA/Unknown/1958/A/EURO-SA/Unknown is identical to OQ356341/BRA/cow/1970/A/EURO-SA/Unknown but kept for subsequent analysis
NOTE: MT863268/EGY/water-buffalo/2016/A/AFRICA/Unknown is identical to LC771233/IRQ/water-buffalo/2023/A/AFRICA/Unknown but kept for subsequent analysis
NOTE: OM455483/PAK/cattle/2012/A/ASIA/Iran-05 is identical to OM455484/PAK/buffalo/2012/A/ASIA/Iran-05 but kept for subsequent analysis
NOTE: OM455480/PAK/cattle/2008/A/ASIA/Iran-05 is identical to OM455482/PAK/cattle/2009/A/ASIA/Iran-05 but kept for subsequent analysis
NOTE: KY322679/THA/cattle/2014/A/ASIA/Sea-97 is identical to LC564914/THA/cow/2014/A/ASIA/Sea-97 but kept for subsequent analysis
NOTE: LC483874/THA/cow/2007/A/ASIA/Sea-97 is identical to LC564894/THA/cow/2007/A/ASIA/Sea-97 but kept for subsequent analysis
NOTE: KU127247/SAU/cattle/2015/A/ASIA/Unknown is identical to MK940253/SAU/cattle/2017/A/ASIA/Unknown but kept for subsequent analysis
NOTE: MG725875/NER/cow/2015/A/AFRICA/Unknown is identical to MG725876/NER/cow/2015/A/AFRICA/Unknown but kept for subsequent analysis
NOTE: AY593786/ARG/Unknown/2001/A/EURO-SA/Unknown is identical to KX002205/ARG/cattle/2001/A/EURO-SA/Unknown but kept for subsequent analysis
NOTE: AY593790/ARG/Unknown/2001/A/EURO-SA/Unknown is identical to KX002204/ARG/cattle/2001/A/EURO-SA/Unknown but kept for subsequent analysis
NOTE: AY593785/ARG/Unknown/2001/A/EURO-SA/Unknown is identical to KX002203/ARG/cattle/2001/A/EURO-SA/Unknown but kept for subsequent analysis
NOTE: KX002199/ARG/cattle/2001/A/EURO-SA/Unknown is identical to KX002200/ARG/cattle/2001/A/EURO-SA/Unknown but kept for subsequent analysis
NOTE: KX002197/ARG/cattle/2001/A/EURO-SA/Unknown is identical to KX002198/ARG/cattle/2001/A/EURO-SA/Unknown but kept for subsequent analysis
NOTE: KX002190/ARG/cattle/2001/A/EURO-SA/Unknown is identical to KX002191/ARG/cattle/2001/A/EURO-SA/Unknown but kept for subsequent analysis
NOTE: KX002179/ARG/cattle/2001/A/EURO-SA/Unknown is identical to KX002180/ARG/cattle/2001/A/EURO-SA/Unknown but kept for subsequent analysis
NOTE: KX002177/ARG/cattle/2001/A/EURO-SA/Unknown is identical to KX002178/ARG/cattle/2001/A/EURO-SA/Unknown but kept for subsequent analysis
NOTE: AY593763/IRQ/Unknown/1964/A/ASIA/A22 is identical to AY593764/IRQ/Unknown/1970/A/ASIA/A22 but kept for subsequent analysis
Checking for duplicate sequences: done in 0.166566 secs
Identifying sites to remove: done in 0.0110953 secs using 140.8% CPU
NOTE: 4 identical sequences (see below) will be ignored for subsequent analysis
NOTE: OM455479/PAK/cattle/2012/A/ASIA/Iran-05 (identical to OM455484/PAK/buffalo/2012/A/ASIA/Iran-05) is ignored but added at the end
NOTE: AY593784/ARG/Unknown/2001/A/EURO-SA/Unknown (identical to KX002203/ARG/cattle/2001/A/EURO-SA/Unknown) is ignored but added at the end
NOTE: AY593783/ARG/Unknown/2001/A/EURO-SA/Unknown (identical to KX002203/ARG/cattle/2001/A/EURO-SA/Unknown) is ignored but added at the end
NOTE: AY593762/IRQ/Unknown/1964/A/ASIA/A22 (identical to AY593764/IRQ/Unknown/1970/A/ASIA/A22) is ignored but added at the end
Alignment was printed to alignments_no_probang_etc\recombinant_free_regions\A\A_4331-6167_no_probang.uniqueseq.phy

For your convenience alignment with unique sequences printed to alignments_no_probang_etc\recombinant_free_regions\A\A_4331-6167_no_probang.uniqueseq.phy
Creating fast initial parsimony tree by random order stepwise addition...
0.119 seconds, parsimony score: 6584 (based on 929 sites)
Generating 1000 samples for ultrafast bootstrap (seed: 905019)...

NOTE: 25 MB RAM (0 GB) is required!
Estimate model parameters (epsilon = 0.100)
Thoroughly optimizing +I+G parameters from 10 start values...
Init pinv, alpha: 0.000, 1.000 / Estimate: 0.000, 0.313 / LogL: -32880.618
Init pinv, alpha: 0.056, 1.000 / Estimate: 0.414, 0.767 / LogL: -32735.690
Init pinv, alpha: 0.112, 1.000 / Estimate: 0.415, 0.770 / LogL: -32735.674
Init pinv, alpha: 0.169, 1.000 / Estimate: 0.414, 0.768 / LogL: -32735.691
Init pinv, alpha: 0.225, 1.000 / Estimate: 0.414, 0.768 / LogL: -32735.698
Init pinv, alpha: 0.281, 1.000 / Estimate: 0.414, 0.767 / LogL: -32735.729
Init pinv, alpha: 0.337, 1.000 / Estimate: 0.414, 0.766 / LogL: -32735.727
Init pinv, alpha: 0.393, 1.000 / Estimate: 0.414, 0.767 / LogL: -32735.723
Init pinv, alpha: 0.449, 1.000 / Estimate: 0.422, 0.797 / LogL: -32735.715
Init pinv, alpha: 0.506, 1.000 / Estimate: 0.422, 0.795 / LogL: -32735.720
Optimal pinv,alpha: 0.415, 0.770 / LogL: -32735.674

Parameters optimization took 56.312 sec
Wrote distance file to... 
Computing ML distances based on estimated model parameters...
Calculating distance matrix: done in 0.52367 secs using 95.48% CPU
Computing ML distances took 0.536552 sec (of wall-clock time) 0.500000 sec (of CPU time)
Setting up auxiliary I and S matrices: done in 0.0011242 secs
Constructing RapidNJ tree: done in 0.0054381 secs
Computing RapidNJ tree took 0.068269 sec (of wall-clock time) 0.031250 sec (of CPU time)
Log-likelihood of RapidNJ tree: -32743.369
--------------------------------------------------------------------
|             INITIALIZING CANDIDATE TREE SET                      |
--------------------------------------------------------------------
Generating 98 parsimony trees... 10.579 second
Computing log-likelihood of 98 initial trees ... 10.307 seconds
Current best score: -32680.993

Do NNI search on 20 best initial trees
Optimizing NNI: done in 3.45821 secs using 97.14% CPU
Estimate model parameters (epsilon = 0.100)
BETTER TREE FOUND at iteration 1: -32562.555
Optimizing NNI: done in 3.46097 secs using 94.36% CPU
Optimizing NNI: done in 4.59499 secs using 96.57% CPU
Optimizing NNI: done in 2.94097 secs using 97.76% CPU
Optimizing NNI: done in 3.62647 secs using 97.37% CPU
Optimizing NNI: done in 3.41346 secs using 98.87% CPU
Optimizing NNI: done in 3.35467 secs using 99.21% CPU
Optimizing NNI: done in 3.09392 secs using 99.49% CPU
Optimizing NNI: done in 5.11717 secs using 96.49% CPU
Optimizing NNI: done in 4.41601 secs using 96.24% CPU
Iteration 10 / LogL: -32585.700 / Time: 0h:1m:57s
Optimizing NNI: done in 4.16713 secs using 91.86% CPU
Optimizing NNI: done in 4.3504 secs using 93.74% CPU
Optimizing NNI: done in 4.47666 secs using 93.19% CPU
Optimizing NNI: done in 4.51684 secs using 95.82% CPU
Optimizing NNI: done in 4.28041 secs using 97.1% CPU
Optimizing NNI: done in 3.86298 secs using 95.46% CPU
Optimizing NNI: done in 4.3856 secs using 92.99% CPU
Optimizing NNI: done in 3.77767 secs using 99.68% CPU
Optimizing NNI: done in 4.0641 secs using 96.5% CPU
Estimate model parameters (epsilon = 0.100)
BETTER TREE FOUND at iteration 19: -32560.766
Optimizing NNI: done in 4.63425 secs using 98.45% CPU
Iteration 20 / LogL: -32566.712 / Time: 0h:2m:41s
Finish initializing candidate tree set (20)
Current best tree score: -32560.766 / CPU time: 103.108
Number of iterations: 20
--------------------------------------------------------------------
|               OPTIMIZING CANDIDATE TREE SET                      |
--------------------------------------------------------------------
Optimizing NNI: done in 3.43369 secs using 95.56% CPU
Optimizing NNI: done in 3.68453 secs using 94.57% CPU
Estimate model parameters (epsilon = 0.100)
BETTER TREE FOUND at iteration 22: -32554.980
Optimizing NNI: done in 4.0314 secs using 93.02% CPU
Optimizing NNI: done in 2.22154 secs using 92.84% CPU
Optimizing NNI: done in 2.72152 secs using 97.03% CPU
Optimizing NNI: done in 3.71328 secs using 94.26% CPU
Optimizing NNI: done in 2.25865 secs using 96.16% CPU
Optimizing NNI: done in 2.82871 secs using 96.11% CPU
Optimizing NNI: done in 3.82129 secs using 87.5% CPU
Estimate model parameters (epsilon = 0.100)
BETTER TREE FOUND at iteration 29: -32546.151
Optimizing NNI: done in 3.17913 secs using 95.35% CPU
Iteration 30 / LogL: -32553.578 / Time: 0h:3m:14s (0h:11m:4s left)
Optimizing NNI: done in 3.34439 secs using 94.37% CPU
Optimizing NNI: done in 3.29939 secs using 96.14% CPU
Estimate model parameters (epsilon = 0.100)
BETTER TREE FOUND at iteration 32: -32542.460
Optimizing NNI: done in 3.35711 secs using 94.02% CPU
Optimizing NNI: done in 3.47039 secs using 93.2% CPU
Optimizing NNI: done in 3.34052 secs using 88.4% CPU
Optimizing NNI: done in 3.14229 secs using 88.01% CPU
Optimizing NNI: done in 3.02669 secs using 86.73% CPU
Optimizing NNI: done in 2.68063 secs using 96.18% CPU
Optimizing NNI: done in 3.47444 secs using 95.79% CPU
Optimizing NNI: done in 2.84608 secs using 96.62% CPU
Iteration 40 / LogL: -32559.959 / Time: 0h:3m:48s (0h:8m:57s left)
Optimizing NNI: done in 3.30815 secs using 98.71% CPU
Optimizing NNI: done in 4.06214 secs using 92.7% CPU
Optimizing NNI: done in 2.67574 secs using 93.43% CPU
Optimizing NNI: done in 3.53635 secs using 98.09% CPU
Optimizing NNI: done in 3.43527 secs using 97.34% CPU
Optimizing NNI: done in 2.2311 secs using 98.05% CPU
Optimizing NNI: done in 2.78202 secs using 97.73% CPU
Optimizing NNI: done in 2.84976 secs using 98.69% CPU
Optimizing NNI: done in 1.96781 secs using 97.67% CPU
Optimizing NNI: done in 3.61847 secs using 98.02% CPU
Iteration 50 / LogL: -32545.408 / Time: 0h:4m:19s (0h:7m:13s left)
Log-likelihood cutoff on original alignment: -32618.759
Optimizing NNI: done in 3.02911 secs using 99.04% CPU
Optimizing NNI: done in 2.85542 secs using 99.59% CPU
Optimizing NNI: done in 2.25174 secs using 97.15% CPU
Optimizing NNI: done in 3.19888 secs using 97.2% CPU
Optimizing NNI: done in 2.31139 secs using 98.02% CPU
Estimate model parameters (epsilon = 0.100)
BETTER TREE FOUND at iteration 55: -32542.328
Optimizing NNI: done in 3.59189 secs using 99.18% CPU
Optimizing NNI: done in 3.26785 secs using 97.54% CPU
Estimate model parameters (epsilon = 0.100)
BETTER TREE FOUND at iteration 57: -32538.149
Optimizing NNI: done in 2.6945 secs using 94.52% CPU
Optimizing NNI: done in 2.73741 secs using 98.75% CPU
Optimizing NNI: done in 2.79332 secs using 96.77% CPU
Iteration 60 / LogL: -32579.555 / Time: 0h:4m:51s (0h:7m:58s left)
Optimizing NNI: done in 2.33152 secs using 97.84% CPU
Optimizing NNI: done in 3.02668 secs using 96.02% CPU
Optimizing NNI: done in 2.55724 secs using 92.26% CPU
Estimate model parameters (epsilon = 0.100)
BETTER TREE FOUND at iteration 63: -32536.649
Optimizing NNI: done in 3.37475 secs using 96.77% CPU
Optimizing NNI: done in 2.93801 secs using 97.86% CPU
Optimizing NNI: done in 2.79833 secs using 98.83% CPU
Optimizing NNI: done in 2.61522 secs using 97.39% CPU
Optimizing NNI: done in 3.20076 secs using 94.22% CPU
Optimizing NNI: done in 2.72111 secs using 98.19% CPU
Optimizing NNI: done in 2.93652 secs using 97.9% CPU
Iteration 70 / LogL: -32537.978 / Time: 0h:5m:20s (0h:7m:12s left)
Optimizing NNI: done in 2.61616 secs using 99.14% CPU
Estimate model parameters (epsilon = 0.100)
BETTER TREE FOUND at iteration 71: -32536.366
Optimizing NNI: done in 2.5048 secs using 99.18% CPU
Optimizing NNI: done in 3.11806 secs using 98.72% CPU
Optimizing NNI: done in 2.34153 secs using 98.09% CPU
Optimizing NNI: done in 2.64057 secs using 98.23% CPU
Estimate model parameters (epsilon = 0.100)
BETTER TREE FOUND at iteration 75: -32533.719
Optimizing NNI: done in 3.09158 secs using 99.06% CPU
Optimizing NNI: done in 3.64664 secs using 98.55% CPU
Optimizing NNI: done in 2.89004 secs using 96.78% CPU
Optimizing NNI: done in 3.04743 secs using 97.93% CPU
Optimizing NNI: done in 3.08116 secs using 98.89% CPU
Iteration 80 / LogL: -32538.101 / Time: 0h:5m:51s (0h:7m:2s left)
Optimizing NNI: done in 2.77671 secs using 100.2% CPU
Optimizing NNI: done in 3.07336 secs using 97.61% CPU
Optimizing NNI: done in 2.14529 secs using 99.78% CPU
Optimizing NNI: done in 2.6611 secs using 99.23% CPU
Optimizing NNI: done in 2.81209 secs using 100% CPU
Optimizing NNI: done in 3.25906 secs using 99.72% CPU
Optimizing NNI: done in 3.41091 secs using 98.49% CPU
Optimizing NNI: done in 3.67037 secs using 96.21% CPU
Estimate model parameters (epsilon = 0.100)
BETTER TREE FOUND at iteration 88: -32533.024
Optimizing NNI: done in 2.6196 secs using 99.01% CPU
Optimizing NNI: done in 2.88632 secs using 96.36% CPU
Iteration 90 / LogL: -32542.288 / Time: 0h:6m:21s (0h:7m:0s left)
Optimizing NNI: done in 2.97274 secs using 97.76% CPU
Optimizing NNI: done in 3.18162 secs using 97.73% CPU
Optimizing NNI: done in 3.08885 secs using 99.15% CPU
Optimizing NNI: done in 2.64495 secs using 99.84% CPU
Optimizing NNI: done in 3.4178 secs using 95.55% CPU
Optimizing NNI: done in 3.14111 secs using 97.99% CPU
Optimizing NNI: done in 2.52458 secs using 97.79% CPU
Estimate model parameters (epsilon = 0.100)
BETTER TREE FOUND at iteration 97: -32529.332
Optimizing NNI: done in 2.61172 secs using 98.12% CPU
Optimizing NNI: done in 3.3657 secs using 99.81% CPU
Optimizing NNI: done in 3.2157 secs using 99.12% CPU
Iteration 100 / LogL: -32530.031 / Time: 0h:6m:53s (0h:6m:44s left)
Log-likelihood cutoff on original alignment: -32602.923
NOTE: Bootstrap correlation coefficient of split occurrence frequencies: 0.982
NOTE: UFBoot does not converge, continue at least 100 more iterations
Optimizing NNI: done in 2.10429 secs using 98.76% CPU
Optimizing NNI: done in 2.88651 secs using 97.44% CPU
Optimizing NNI: done in 3.50146 secs using 94.16% CPU
Optimizing NNI: done in 3.31014 secs using 93.93% CPU
Optimizing NNI: done in 3.0526 secs using 99.3% CPU
Optimizing NNI: done in 2.90269 secs using 98.51% CPU
Optimizing NNI: done in 3.58478 secs using 95.46% CPU
Optimizing NNI: done in 3.193 secs using 96.89% CPU
Estimate model parameters (epsilon = 0.100)
BETTER TREE FOUND at iteration 108: -32526.118
Optimizing NNI: done in 3.23479 secs using 96.61% CPU
Optimizing NNI: done in 3.13188 secs using 98.28% CPU
Iteration 110 / LogL: -32528.170 / Time: 0h:7m:26s (0h:6m:41s left)
Optimizing NNI: done in 3.39473 secs using 92.98% CPU
Optimizing NNI: done in 3.4327 secs using 96.04% CPU
Optimizing NNI: done in 3.41569 secs using 96.06% CPU
Optimizing NNI: done in 2.68225 secs using 94.37% CPU
Optimizing NNI: done in 3.96401 secs using 97.36% CPU
Optimizing NNI: done in 2.78524 secs using 99.86% CPU
Optimizing NNI: done in 3.18949 secs using 97.98% CPU
Optimizing NNI: done in 2.81269 secs using 90.55% CPU
Optimizing NNI: done in 2.52658 secs using 95.24% CPU
Optimizing NNI: done in 2.64803 secs using 97.95% CPU
Iteration 120 / LogL: -32534.104 / Time: 0h:7m:58s (0h:5m:53s left)
Optimizing NNI: done in 2.35075 secs using 97.04% CPU
Optimizing NNI: done in 2.62128 secs using 97.76% CPU
Optimizing NNI: done in 3.0467 secs using 96.42% CPU
Optimizing NNI: done in 3.76211 secs using 92.62% CPU
Optimizing NNI: done in 3.24574 secs using 93.87% CPU
Optimizing NNI: done in 2.19155 secs using 99.1% CPU
Estimate model parameters (epsilon = 0.100)
BETTER TREE FOUND at iteration 126: -32525.966
Optimizing NNI: done in 3.40698 secs using 99.52% CPU
Estimate model parameters (epsilon = 0.100)
BETTER TREE FOUND at iteration 127: -32525.793
Optimizing NNI: done in 2.96741 secs using 99.52% CPU
Optimizing NNI: done in 3.04995 secs using 95.29% CPU
Optimizing NNI: done in 3.07007 secs using 97.72% CPU
Iteration 130 / LogL: -32526.649 / Time: 0h:8m:29s (0h:6m:23s left)
Optimizing NNI: done in 3.24955 secs using 81.74% CPU
Optimizing NNI: done in 5.63797 secs using 56.54% CPU
Optimizing NNI: done in 4.64337 secs using 68.98% CPU
Optimizing NNI: done in 3.64301 secs using 97.36% CPU
Optimizing NNI: done in 2.95337 secs using 93.11% CPU
Optimizing NNI: done in 2.56694 secs using 96.17% CPU
BETTER TREE FOUND at iteration 136: -32525.788
Optimizing NNI: done in 2.95781 secs using 95.62% CPU
Optimizing NNI: done in 3.15187 secs using 98.65% CPU
Optimizing NNI: done in 2.94653 secs using 97.57% CPU
Optimizing NNI: done in 3.16028 secs using 90.48% CPU
Iteration 140 / LogL: -32534.076 / Time: 0h:9m:5s (0h:6m:16s left)
Optimizing NNI: done in 2.64716 secs using 91.49% CPU
Optimizing NNI: done in 3.05303 secs using 95.19% CPU
Optimizing NNI: done in 2.42703 secs using 95.92% CPU
Optimizing NNI: done in 2.82604 secs using 98.41% CPU
Optimizing NNI: done in 3.66589 secs using 94.2% CPU
Optimizing NNI: done in 3.10459 secs using 92.6% CPU
Optimizing NNI: done in 2.99189 secs using 89.83% CPU
Optimizing NNI: done in 4.4916 secs using 89.75% CPU
Optimizing NNI: done in 3.97944 secs using 91.09% CPU
Optimizing NNI: done in 3.56736 secs using 88.48% CPU
Iteration 150 / LogL: -32525.811 / Time: 0h:9m:39s (0h:5m:34s left)
Log-likelihood cutoff on original alignment: -32602.923
Optimizing NNI: done in 4.0958 secs using 85.07% CPU
Optimizing NNI: done in 4.84635 secs using 80.92% CPU
Optimizing NNI: done in 4.01938 secs using 89.41% CPU
Optimizing NNI: done in 3.74863 secs using 89.2% CPU
Optimizing NNI: done in 4.06401 secs using 86.51% CPU
Optimizing NNI: done in 2.86116 secs using 93.93% CPU
Optimizing NNI: done in 3.089 secs using 98.13% CPU
Optimizing NNI: done in 3.32313 secs using 95.45% CPU
Optimizing NNI: done in 3.94179 secs using 91.57% CPU
Optimizing NNI: done in 2.85436 secs using 92.51% CPU
Iteration 160 / LogL: -32526.623 / Time: 0h:10m:19s (0h:4m:55s left)
Optimizing NNI: done in 2.46298 secs using 98.97% CPU
Optimizing NNI: done in 3.65722 secs using 90.15% CPU
Optimizing NNI: done in 3.76877 secs using 96.19% CPU
Optimizing NNI: done in 3.10324 secs using 94.16% CPU
Optimizing NNI: done in 3.14568 secs using 98.85% CPU
Optimizing NNI: done in 2.30113 secs using 98.46% CPU
Optimizing NNI: done in 2.18321 secs using 95.9% CPU
Optimizing NNI: done in 2.85231 secs using 93.13% CPU
Optimizing NNI: done in 3.04598 secs using 93.87% CPU
Optimizing NNI: done in 3.27599 secs using 98.73% CPU
Iteration 170 / LogL: -32527.078 / Time: 0h:10m:49s (0h:4m:13s left)
Optimizing NNI: done in 2.92758 secs using 96.6% CPU
Optimizing NNI: done in 2.38842 secs using 97.48% CPU
Optimizing NNI: done in 2.81332 secs using 99.42% CPU
Optimizing NNI: done in 2.43329 secs using 99.53% CPU
Optimizing NNI: done in 1.93043 secs using 98.75% CPU
Optimizing NNI: done in 3.27314 secs using 96.91% CPU
Optimizing NNI: done in 3.27311 secs using 95% CPU
Optimizing NNI: done in 3.05224 secs using 95.73% CPU
Optimizing NNI: done in 3.04517 secs using 100.1% CPU
Optimizing NNI: done in 2.3364 secs using 98.98% CPU
Iteration 180 / LogL: -32525.797 / Time: 0h:11m:18s (0h:3m:32s left)
Optimizing NNI: done in 2.98477 secs using 99.46% CPU
Optimizing NNI: done in 2.70134 secs using 100.1% CPU
Optimizing NNI: done in 2.99013 secs using 99.81% CPU
Optimizing NNI: done in 2.35823 secs using 99.39% CPU
Optimizing NNI: done in 2.70728 secs using 98.69% CPU
Optimizing NNI: done in 2.77996 secs using 96.67% CPU
Optimizing NNI: done in 2.89422 secs using 98.8% CPU
Optimizing NNI: done in 2.68974 secs using 98.75% CPU
Optimizing NNI: done in 3.27259 secs using 98.83% CPU
Optimizing NNI: done in 3.28109 secs using 99.53% CPU
Iteration 190 / LogL: -32525.798 / Time: 0h:11m:47s (0h:2m:52s left)
Optimizing NNI: done in 3.13434 secs using 98.7% CPU
Optimizing NNI: done in 3.16563 secs using 99.7% CPU
Optimizing NNI: done in 2.81797 secs using 96.48% CPU
Optimizing NNI: done in 2.70797 secs using 88.28% CPU
Optimizing NNI: done in 3.41682 secs using 89.63% CPU
Optimizing NNI: done in 3.74693 secs using 94.24% CPU
Optimizing NNI: done in 2.93803 secs using 95.73% CPU
Optimizing NNI: done in 2.61972 secs using 94.83% CPU
Optimizing NNI: done in 3.47459 secs using 95.33% CPU
Optimizing NNI: done in 2.72257 secs using 98.14% CPU
Iteration 200 / LogL: -32536.163 / Time: 0h:12m:19s (0h:2m:13s left)
Log-likelihood cutoff on original alignment: -32602.923
NOTE: Bootstrap correlation coefficient of split occurrence frequencies: 0.990
NOTE: UFBoot does not converge, continue at least 100 more iterations
Optimizing NNI: done in 2.94878 secs using 98.03% CPU
Optimizing NNI: done in 2.38873 secs using 98.77% CPU
Optimizing NNI: done in 3.18029 secs using 96.79% CPU
Optimizing NNI: done in 2.5779 secs using 98.8% CPU
Optimizing NNI: done in 2.36604 secs using 99.06% CPU
Optimizing NNI: done in 2.73433 secs using 98.29% CPU
Optimizing NNI: done in 2.4925 secs using 97.17% CPU
Optimizing NNI: done in 3.02425 secs using 97.13% CPU
Optimizing NNI: done in 2.65947 secs using 99.29% CPU
Optimizing NNI: done in 2.69997 secs using 98.96% CPU
Iteration 210 / LogL: -32530.349 / Time: 0h:12m:48s (0h:5m:30s left)
Optimizing NNI: done in 2.47073 secs using 99.29% CPU
Optimizing NNI: done in 2.30644 secs using 99.59% CPU
Optimizing NNI: done in 2.39265 secs using 99.92% CPU
Optimizing NNI: done in 2.51534 secs using 96.91% CPU
Optimizing NNI: done in 2.70168 secs using 96.01% CPU
Optimizing NNI: done in 3.17149 secs using 93.11% CPU
Optimizing NNI: done in 2.59633 secs using 97.49% CPU
Optimizing NNI: done in 2.85436 secs using 94.7% CPU
Optimizing NNI: done in 2.44116 secs using 99.85% CPU
Optimizing NNI: done in 2.35696 secs using 97.45% CPU
Iteration 220 / LogL: -32546.237 / Time: 0h:13m:15s (0h:4m:50s left)
Optimizing NNI: done in 3.33595 secs using 97.42% CPU
Optimizing NNI: done in 3.35464 secs using 96.88% CPU
Optimizing NNI: done in 2.52028 secs using 99.2% CPU
Optimizing NNI: done in 2.68897 secs using 96.46% CPU
Optimizing NNI: done in 2.70173 secs using 100.1% CPU
Optimizing NNI: done in 2.91221 secs using 98.72% CPU
BETTER TREE FOUND at iteration 226: -32525.786
Optimizing NNI: done in 2.31884 secs using 96.36% CPU
Optimizing NNI: done in 3.24781 secs using 96.22% CPU
Optimizing NNI: done in 3.17579 secs using 98.4% CPU
Optimizing NNI: done in 2.51125 secs using 99.55% CPU
Iteration 230 / LogL: -32539.495 / Time: 0h:13m:45s (0h:5m:45s left)
Optimizing NNI: done in 2.70412 secs using 96.5% CPU
Optimizing NNI: done in 2.98588 secs using 98.38% CPU
Optimizing NNI: done in 2.74625 secs using 93.88% CPU
Optimizing NNI: done in 2.70987 secs using 95.71% CPU
Optimizing NNI: done in 2.63833 secs using 88.24% CPU
Optimizing NNI: done in 3.48188 secs using 90.2% CPU
Optimizing NNI: done in 2.87086 secs using 99.6% CPU
Optimizing NNI: done in 2.92204 secs using 98.39% CPU
Optimizing NNI: done in 2.69367 secs using 93.39% CPU
Optimizing NNI: done in 3.64773 secs using 89.52% CPU
Iteration 240 / LogL: -32525.791 / Time: 0h:14m:15s (0h:5m:7s left)
Optimizing NNI: done in 2.90746 secs using 96.2% CPU
Optimizing NNI: done in 4.41109 secs using 83.24% CPU
Optimizing NNI: done in 3.41793 secs using 85.94% CPU
Optimizing NNI: done in 3.74307 secs using 89.75% CPU
Optimizing NNI: done in 3.28222 secs using 82.83% CPU
Optimizing NNI: done in 3.74545 secs using 80.51% CPU
Optimizing NNI: done in 3.3838 secs using 96.05% CPU
Optimizing NNI: done in 4.33261 secs using 82.95% CPU
Optimizing NNI: done in 2.65585 secs using 98.25% CPU
Optimizing NNI: done in 3.10916 secs using 96.99% CPU
Iteration 250 / LogL: -32530.668 / Time: 0h:14m:51s (0h:4m:32s left)
Log-likelihood cutoff on original alignment: -32602.923
Optimizing NNI: done in 2.49814 secs using 96.32% CPU
Optimizing NNI: done in 3.16296 secs using 96.82% CPU
Optimizing NNI: done in 2.61498 secs using 99.79% CPU
Optimizing NNI: done in 2.60015 secs using 95.55% CPU
Optimizing NNI: done in 2.73081 secs using 97.27% CPU
Optimizing NNI: done in 2.55378 secs using 97.89% CPU
Optimizing NNI: done in 2.26303 secs using 98.73% CPU
Optimizing NNI: done in 2.37635 secs using 97.97% CPU
Optimizing NNI: done in 3.18706 secs using 97.56% CPU
Optimizing NNI: done in 2.05561 secs using 96.53% CPU
Iteration 260 / LogL: -32586.324 / Time: 0h:15m:20s (0h:3m:54s left)
Optimizing NNI: done in 2.57899 secs using 97.54% CPU
Optimizing NNI: done in 2.6903 secs using 96.41% CPU
Optimizing NNI: done in 3.03552 secs using 96.77% CPU
Optimizing NNI: done in 2.14017 secs using 97.83% CPU
Optimizing NNI: done in 3.25907 secs using 93.49% CPU
Optimizing NNI: done in 2.58599 secs using 96.07% CPU
Optimizing NNI: done in 2.96967 secs using 94.18% CPU
Optimizing NNI: done in 2.77781 secs using 93.94% CPU
Optimizing NNI: done in 2.55324 secs using 93.63% CPU
Optimizing NNI: done in 2.88827 secs using 96.29% CPU
Iteration 270 / LogL: -32532.600 / Time: 0h:15m:48s (0h:3m:17s left)
Optimizing NNI: done in 2.56354 secs using 99.35% CPU
Optimizing NNI: done in 3.01234 secs using 98.03% CPU
Optimizing NNI: done in 3.02882 secs using 96.98% CPU
Optimizing NNI: done in 2.45901 secs using 98.49% CPU
Optimizing NNI: done in 2.54176 secs using 98.36% CPU
Optimizing NNI: done in 2.61271 secs using 95.69% CPU
Optimizing NNI: done in 2.7924 secs using 96.8% CPU
Optimizing NNI: done in 2.83353 secs using 99.26% CPU
Optimizing NNI: done in 1.99765 secs using 100.1% CPU
Optimizing NNI: done in 2.57634 secs using 98.25% CPU
Iteration 280 / LogL: -32525.787 / Time: 0h:16m:15s (0h:2m:40s left)
Optimizing NNI: done in 2.49248 secs using 99.05% CPU
Optimizing NNI: done in 2.1403 secs using 100% CPU
Optimizing NNI: done in 2.26757 secs using 98.54% CPU
Optimizing NNI: done in 2.29722 secs using 97.26% CPU
Optimizing NNI: done in 2.31097 secs using 100.1% CPU
Optimizing NNI: done in 2.60774 secs using 98.86% CPU
Optimizing NNI: done in 2.62948 secs using 97.45% CPU
Optimizing NNI: done in 2.43652 secs using 94.91% CPU
Optimizing NNI: done in 2.15069 secs using 98.81% CPU
Optimizing NNI: done in 2.71709 secs using 100.1% CPU
Iteration 290 / LogL: -32526.624 / Time: 0h:16m:40s (0h:2m:4s left)
Optimizing NNI: done in 2.69728 secs using 98.48% CPU
Optimizing NNI: done in 3.09803 secs using 97.84% CPU
Optimizing NNI: done in 2.68886 secs using 99.37% CPU
Optimizing NNI: done in 2.88784 secs using 99.01% CPU
Optimizing NNI: done in 2.45156 secs using 98.79% CPU
Optimizing NNI: done in 2.92191 secs using 98.39% CPU
Optimizing NNI: done in 3.35287 secs using 99.26% CPU
Optimizing NNI: done in 2.88425 secs using 95.89% CPU
Optimizing NNI: done in 2.75346 secs using 97.04% CPU
Optimizing NNI: done in 2.65461 secs using 98.88% CPU
Iteration 300 / LogL: -32549.063 / Time: 0h:17m:10s (0h:1m:29s left)
Log-likelihood cutoff on original alignment: -32602.923
NOTE: Bootstrap correlation coefficient of split occurrence frequencies: 0.999
Optimizing NNI: done in 2.33631 secs using 98.31% CPU
Optimizing NNI: done in 2.88391 secs using 99.15% CPU
Optimizing NNI: done in 2.59632 secs using 98.7% CPU
Optimizing NNI: done in 2.47036 secs using 98.67% CPU
Optimizing NNI: done in 2.44081 secs using 97.94% CPU
Optimizing NNI: done in 2.58439 secs using 96.13% CPU
Optimizing NNI: done in 2.84795 secs using 98.76% CPU
Optimizing NNI: done in 2.71172 secs using 99.11% CPU
Optimizing NNI: done in 2.07913 secs using 99.2% CPU
Optimizing NNI: done in 2.96385 secs using 99.11% CPU
Iteration 310 / LogL: -32538.719 / Time: 0h:17m:38s (0h:5m:8s left)
Optimizing NNI: done in 2.59247 secs using 100% CPU
Optimizing NNI: done in 2.5553 secs using 99.06% CPU
BETTER TREE FOUND at iteration 312: -32525.786
Optimizing NNI: done in 3.00018 secs using 98.95% CPU
Optimizing NNI: done in 2.28892 secs using 99.67% CPU
Optimizing NNI: done in 2.14411 secs using 99.11% CPU
Optimizing NNI: done in 2.82635 secs using 95.64% CPU
Optimizing NNI: done in 3.03093 secs using 89.7% CPU
Optimizing NNI: done in 2.90657 secs using 99.45% CPU
Optimizing NNI: done in 3.32427 secs using 91.66% CPU
Optimizing NNI: done in 3.48484 secs using 93.71% CPU
Iteration 320 / LogL: -32538.601 / Time: 0h:18m:7s (0h:5m:13s left)
Optimizing NNI: done in 3.04759 secs using 92.29% CPU
Optimizing NNI: done in 2.67808 secs using 98.6% CPU
Optimizing NNI: done in 2.48481 secs using 98.1% CPU
Optimizing NNI: done in 3.41749 secs using 98.76% CPU
Optimizing NNI: done in 2.64359 secs using 98.71% CPU
Optimizing NNI: done in 3.27549 secs using 98.74% CPU
Optimizing NNI: done in 2.68266 secs using 99.02% CPU
Optimizing NNI: done in 2.59048 secs using 100.1% CPU
Optimizing NNI: done in 2.56755 secs using 99.8% CPU
Optimizing NNI: done in 3.35606 secs using 98.7% CPU
Iteration 330 / LogL: -32527.789 / Time: 0h:18m:37s (0h:4m:38s left)
Optimizing NNI: done in 2.60985 secs using 98.19% CPU
Optimizing NNI: done in 2.83757 secs using 99.12% CPU
Optimizing NNI: done in 2.34401 secs using 98.66% CPU
Optimizing NNI: done in 3.04343 secs using 99.09% CPU
Optimizing NNI: done in 2.62757 secs using 99.9% CPU
Optimizing NNI: done in 3.27008 secs using 94.13% CPU
Optimizing NNI: done in 3.71475 secs using 86.23% CPU
Optimizing NNI: done in 3.51023 secs using 88.14% CPU
Optimizing NNI: done in 2.24974 secs using 94.46% CPU
BETTER TREE FOUND at iteration 339: -32525.786
Optimizing NNI: done in 3.11728 secs using 96.24% CPU
Iteration 340 / LogL: -32527.782 / Time: 0h:19m:8s (0h:5m:35s left)
Optimizing NNI: done in 2.5345 secs using 97.41% CPU
Optimizing NNI: done in 2.89079 secs using 90.81% CPU
Optimizing NNI: done in 2.80911 secs using 94% CPU
Optimizing NNI: done in 3.30044 secs using 95.16% CPU
Optimizing NNI: done in 2.06213 secs using 91.68% CPU
Optimizing NNI: done in 2.60768 secs using 91.68% CPU
Optimizing NNI: done in 2.91627 secs using 94.3% CPU
Optimizing NNI: done in 3.23811 secs using 94.58% CPU
Optimizing NNI: done in 2.86326 secs using 94.95% CPU
Optimizing NNI: done in 2.90915 secs using 92.38% CPU
Iteration 350 / LogL: -32565.480 / Time: 0h:19m:37s (0h:5m:0s left)
Log-likelihood cutoff on original alignment: -32602.923
Optimizing NNI: done in 3.33671 secs using 94.12% CPU
Optimizing NNI: done in 2.9181 secs using 98.52% CPU
Optimizing NNI: done in 2.83588 secs using 96.42% CPU
Optimizing NNI: done in 2.62523 secs using 99.4% CPU
Optimizing NNI: done in 2.53617 secs using 99.19% CPU
Optimizing NNI: done in 2.9888 secs using 93.58% CPU
Optimizing NNI: done in 2.77569 secs using 94.01% CPU
Optimizing NNI: done in 2.6647 secs using 100.3% CPU
Optimizing NNI: done in 2.442 secs using 97.26% CPU
Optimizing NNI: done in 2.67757 secs using 95.12% CPU
Iteration 360 / LogL: -32526.795 / Time: 0h:20m:7s (0h:4m:25s left)
Optimizing NNI: done in 2.81304 secs using 98.87% CPU
Optimizing NNI: done in 2.90773 secs using 96.19% CPU
BETTER TREE FOUND at iteration 362: -32525.784
Optimizing NNI: done in 2.76905 secs using 98.75% CPU
Optimizing NNI: done in 2.30239 secs using 97.72% CPU
Optimizing NNI: done in 2.01008 secs using 99.5% CPU
Optimizing NNI: done in 2.68559 secs using 99.49% CPU
Optimizing NNI: done in 3.2899 secs using 98.79% CPU
Optimizing NNI: done in 2.39252 secs using 99.27% CPU
Optimizing NNI: done in 2.34172 secs using 99.42% CPU
Optimizing NNI: done in 2.62485 secs using 97.62% CPU
Iteration 370 / LogL: -32526.646 / Time: 0h:20m:35s (0h:5m:7s left)
Optimizing NNI: done in 2.10688 secs using 97.89% CPU
Optimizing NNI: done in 2.7902 secs using 100.2% CPU
Optimizing NNI: done in 1.89711 secs using 98.83% CPU
Optimizing NNI: done in 2.85237 secs using 99.7% CPU
Optimizing NNI: done in 2.51391 secs using 98.83% CPU
Optimizing NNI: done in 3.05692 secs using 99.67% CPU
Optimizing NNI: done in 2.9589 secs using 99.8% CPU
Optimizing NNI: done in 2.38185 secs using 100.4% CPU
Optimizing NNI: done in 2.29906 secs using 98.55% CPU
Optimizing NNI: done in 2.56909 secs using 99.74% CPU
Iteration 380 / LogL: -32532.920 / Time: 0h:21m:1s (0h:4m:32s left)
Optimizing NNI: done in 2.47254 secs using 100.5% CPU
Optimizing NNI: done in 2.72174 secs using 99.32% CPU
Optimizing NNI: done in 2.3015 secs using 100.5% CPU
Optimizing NNI: done in 2.98902 secs using 98.8% CPU
Optimizing NNI: done in 2.41188 secs using 99.77% CPU
Optimizing NNI: done in 2.76607 secs using 97.16% CPU
Optimizing NNI: done in 2.68065 secs using 97.92% CPU
Optimizing NNI: done in 2.63562 secs using 99.6% CPU
Optimizing NNI: done in 2.98871 secs using 99.33% CPU
Optimizing NNI: done in 2.51022 secs using 100.2% CPU
Iteration 390 / LogL: -32568.161 / Time: 0h:21m:29s (0h:3m:58s left)
Optimizing NNI: done in 2.2764 secs using 98.15% CPU
Optimizing NNI: done in 2.08658 secs using 98.85% CPU
Optimizing NNI: done in 2.12195 secs using 97.2% CPU
Optimizing NNI: done in 2.76676 secs using 99.39% CPU
Optimizing NNI: done in 2.37616 secs using 98.64% CPU
Optimizing NNI: done in 2.88284 secs using 97.56% CPU
Optimizing NNI: done in 2.84618 secs using 98.27% CPU
Optimizing NNI: done in 3.38504 secs using 91.39% CPU
Optimizing NNI: done in 3.24868 secs using 95.23% CPU
Optimizing NNI: done in 2.47083 secs using 96.75% CPU
Iteration 400 / LogL: -32527.542 / Time: 0h:21m:56s (0h:3m:24s left)
Log-likelihood cutoff on original alignment: -32602.923
NOTE: Bootstrap correlation coefficient of split occurrence frequencies: 0.999
Optimizing NNI: done in 2.30623 secs using 95.53% CPU
Optimizing NNI: done in 2.76856 secs using 93.12% CPU
Optimizing NNI: done in 2.36187 secs using 97.25% CPU
Optimizing NNI: done in 2.69594 secs using 94.47% CPU
Optimizing NNI: done in 3.10382 secs using 96.15% CPU
Optimizing NNI: done in 2.24938 secs using 99.33% CPU
Optimizing NNI: done in 2.42322 secs using 97.37% CPU
Optimizing NNI: done in 2.78938 secs using 96.91% CPU
Optimizing NNI: done in 2.68416 secs using 96.63% CPU
Optimizing NNI: done in 3.24115 secs using 95.93% CPU
Iteration 410 / LogL: -32529.022 / Time: 0h:22m:26s (0h:4m:56s left)
Optimizing NNI: done in 4.21747 secs using 86.69% CPU
Optimizing NNI: done in 2.78211 secs using 97.16% CPU
Optimizing NNI: done in 2.86049 secs using 97.78% CPU
BETTER TREE FOUND at iteration 413: -32525.784
Optimizing NNI: done in 2.4853 secs using 96.82% CPU
Optimizing NNI: done in 1.9355 secs using 97.68% CPU
Optimizing NNI: done in 2.3071 secs using 99.56% CPU
Optimizing NNI: done in 3.03032 secs using 100% CPU
Optimizing NNI: done in 2.80252 secs using 99.24% CPU
Optimizing NNI: done in 1.92165 secs using 98.39% CPU
Optimizing NNI: done in 2.60692 secs using 99.49% CPU
Iteration 420 / LogL: -32532.530 / Time: 0h:22m:54s (0h:5m:5s left)
Optimizing NNI: done in 2.70356 secs using 99.98% CPU
Optimizing NNI: done in 2.5982 secs using 99.83% CPU
Optimizing NNI: done in 2.04819 secs using 99.17% CPU
Optimizing NNI: done in 2.16495 secs using 100.3% CPU
Optimizing NNI: done in 2.89121 secs using 96.2% CPU
Optimizing NNI: done in 2.76044 secs using 98.49% CPU
Optimizing NNI: done in 3.06737 secs using 97.8% CPU
Optimizing NNI: done in 2.47258 secs using 96.69% CPU
Optimizing NNI: done in 3.03512 secs using 91.12% CPU
Optimizing NNI: done in 3.28002 secs using 93.84% CPU
Iteration 430 / LogL: -32545.205 / Time: 0h:23m:22s (0h:4m:31s left)
Optimizing NNI: done in 2.98215 secs using 96.41% CPU
Optimizing NNI: done in 2.68595 secs using 98.89% CPU
Optimizing NNI: done in 3.39108 secs using 97.22% CPU
Optimizing NNI: done in 3.28176 secs using 96.18% CPU
Optimizing NNI: done in 3.55871 secs using 95.28% CPU
Optimizing NNI: done in 2.77325 secs using 98.03% CPU
Optimizing NNI: done in 2.87923 secs using 99.85% CPU
Optimizing NNI: done in 2.97155 secs using 98.85% CPU
Optimizing NNI: done in 2.63617 secs using 96.02% CPU
Optimizing NNI: done in 2.96932 secs using 98.4% CPU
Iteration 440 / LogL: -32525.788 / Time: 0h:23m:54s (0h:3m:58s left)
Optimizing NNI: done in 2.53817 secs using 99.11% CPU
Optimizing NNI: done in 2.65264 secs using 98.37% CPU
Optimizing NNI: done in 2.5429 secs using 99.54% CPU
Optimizing NNI: done in 2.7319 secs using 96.66% CPU
Optimizing NNI: done in 2.38129 secs using 100.4% CPU
Optimizing NNI: done in 2.57953 secs using 99.95% CPU
Optimizing NNI: done in 2.69409 secs using 99.18% CPU
Optimizing NNI: done in 2.5267 secs using 98.32% CPU
Optimizing NNI: done in 2.60721 secs using 98.88% CPU
Optimizing NNI: done in 3.20333 secs using 89.75% CPU
Iteration 450 / LogL: -32546.584 / Time: 0h:24m:21s (0h:3m:25s left)
Log-likelihood cutoff on original alignment: -32602.923
Optimizing NNI: done in 2.81171 secs using 93.36% CPU
Optimizing NNI: done in 2.19676 secs using 93.89% CPU
Optimizing NNI: done in 3.92203 secs using 97.61% CPU
Optimizing NNI: done in 2.97107 secs using 94.66% CPU
Optimizing NNI: done in 2.61643 secs using 94.95% CPU
Optimizing NNI: done in 2.54352 secs using 98.29% CPU
Optimizing NNI: done in 2.94533 secs using 99.2% CPU
Optimizing NNI: done in 2.37761 secs using 99.23% CPU
Optimizing NNI: done in 2.3493 secs using 95.11% CPU
Optimizing NNI: done in 2.33125 secs using 98.53% CPU
Iteration 460 / LogL: -32525.788 / Time: 0h:24m:51s (0h:2m:52s left)
Optimizing NNI: done in 3.1373 secs using 96.62% CPU
Optimizing NNI: done in 2.36256 secs using 98.54% CPU
Optimizing NNI: done in 2.90248 secs using 95.82% CPU
Optimizing NNI: done in 2.07828 secs using 96.99% CPU
Optimizing NNI: done in 3.24832 secs using 95.72% CPU
Optimizing NNI: done in 2.35722 secs using 98.77% CPU
Optimizing NNI: done in 2.57064 secs using 97.25% CPU
Optimizing NNI: done in 2.75126 secs using 98.25% CPU
Optimizing NNI: done in 1.91967 secs using 96.05% CPU
Optimizing NNI: done in 2.18388 secs using 98.73% CPU
Iteration 470 / LogL: -32525.788 / Time: 0h:25m:18s (0h:2m:19s left)
Optimizing NNI: done in 3.06517 secs using 98.38% CPU
Optimizing NNI: done in 2.58513 secs using 94.29% CPU
Optimizing NNI: done in 2.23861 secs using 98.41% CPU
Optimizing NNI: done in 2.46278 secs using 97.7% CPU
Optimizing NNI: done in 2.81835 secs using 97.02% CPU
Optimizing NNI: done in 2.53834 secs using 99.72% CPU
Optimizing NNI: done in 2.09139 secs using 99.37% CPU
Optimizing NNI: done in 3.0648 secs using 97.89% CPU
Optimizing NNI: done in 2.23467 secs using 98.59% CPU
Optimizing NNI: done in 2.78048 secs using 98.9% CPU
Iteration 480 / LogL: -32530.337 / Time: 0h:25m:45s (0h:1m:46s left)
Optimizing NNI: done in 2.93021 secs using 97.58% CPU
Optimizing NNI: done in 2.41031 secs using 97.24% CPU
Optimizing NNI: done in 2.60205 secs using 96.08% CPU
Optimizing NNI: done in 3.17605 secs using 96.42% CPU
Optimizing NNI: done in 2.73549 secs using 95.39% CPU
Optimizing NNI: done in 2.55233 secs using 97.34% CPU
Optimizing NNI: done in 2.88013 secs using 98.19% CPU
Optimizing NNI: done in 2.32772 secs using 95.99% CPU
Optimizing NNI: done in 2.71816 secs using 95.42% CPU
Optimizing NNI: done in 2.59857 secs using 96.21% CPU
Iteration 490 / LogL: -32527.068 / Time: 0h:26m:14s (0h:1m:14s left)
Optimizing NNI: done in 3.08607 secs using 97.72% CPU
Optimizing NNI: done in 3.05541 secs using 94.61% CPU
Optimizing NNI: done in 3.2596 secs using 94.91% CPU
Optimizing NNI: done in 2.59175 secs using 95.25% CPU
Optimizing NNI: done in 3.41296 secs using 94.31% CPU
Optimizing NNI: done in 3.76994 secs using 94.5% CPU
Optimizing NNI: done in 3.74098 secs using 97.32% CPU
Optimizing NNI: done in 2.69279 secs using 94.58% CPU
Optimizing NNI: done in 2.67556 secs using 99.28% CPU
Optimizing NNI: done in 2.72641 secs using 100.3% CPU
Iteration 500 / LogL: -32525.786 / Time: 0h:26m:46s (0h:0m:41s left)
Log-likelihood cutoff on original alignment: -32602.923
NOTE: Bootstrap correlation coefficient of split occurrence frequencies: 0.999
Optimizing NNI: done in 2.1839 secs using 98.02% CPU
Optimizing NNI: done in 2.83571 secs using 96.43% CPU
Optimizing NNI: done in 2.39861 secs using 95.76% CPU
Optimizing NNI: done in 2.49592 secs using 97.03% CPU
Optimizing NNI: done in 2.83508 secs using 97.55% CPU
Optimizing NNI: done in 2.43749 secs using 99.36% CPU
Optimizing NNI: done in 2.51138 secs using 98.92% CPU
Optimizing NNI: done in 2.23245 secs using 97.99% CPU
Optimizing NNI: done in 2.72539 secs using 99.18% CPU
Optimizing NNI: done in 2.61333 secs using 99.25% CPU
Iteration 510 / LogL: -32567.591 / Time: 0h:27m:14s (0h:4m:49s left)
Optimizing NNI: done in 2.59353 secs using 99.41% CPU
Optimizing NNI: done in 3.52931 secs using 97.84% CPU
Optimizing NNI: done in 2.39714 secs using 98.42% CPU
Optimizing NNI: done in 3.23753 secs using 96.52% CPU
TREE SEARCH COMPLETED AFTER 514 ITERATIONS / Time: 0h:27m:27s

--------------------------------------------------------------------
|                    FINALIZING TREE SEARCH                        |
--------------------------------------------------------------------
Performs final model parameters optimization
Estimate model parameters (epsilon = 0.010)
1. Initial log-likelihood: -32525.784
Optimal log-likelihood: -32525.783
Rate parameters:  A-C: 1.11376  A-G: 9.31987  A-T: 1.46537  C-G: 0.48472  C-T: 16.89548  G-T: 1.00000
Base frequencies:  A: 0.263  C: 0.262  G: 0.278  T: 0.197
Proportion of invariable sites: 0.416
Gamma shape alpha: 0.769
Parameters optimization took 1 rounds (0.372 sec)
BEST SCORE FOUND : -32525.783
Creating bootstrap support values...
Split supports printed to NEXUS file alignments_no_probang_etc\recombinant_free_regions\A\A_4331-6167_no_probang.splits.nex
Total tree length: 4.816

Total number of iterations: 514
CPU time used for tree search: 1523.734 sec (0h:25m:23s)
Wall-clock time used for tree search: 1589.057 sec (0h:26m:29s)
Total CPU time used: 1580.359 sec (0h:26m:20s)
Total wall-clock time used: 1649.088 sec (0h:27m:29s)

Computing bootstrap consensus tree...
Reading input file alignments_no_probang_etc\recombinant_free_regions\A\A_4331-6167_no_probang.splits.nex...
185 taxa and 1193 splits.
Consensus tree written to alignments_no_probang_etc\recombinant_free_regions\A\A_4331-6167_no_probang.contree
Reading input trees file alignments_no_probang_etc\recombinant_free_regions\A\A_4331-6167_no_probang.contree
Log-likelihood of consensus tree: -32529.349

Analysis results written to: 
  IQ-TREE report:                alignments_no_probang_etc\recombinant_free_regions\A\A_4331-6167_no_probang.iqtree
  Maximum-likelihood tree:       alignments_no_probang_etc\recombinant_free_regions\A\A_4331-6167_no_probang.treefile
  Likelihood distances:          alignments_no_probang_etc\recombinant_free_regions\A\A_4331-6167_no_probang.mldist

Ultrafast bootstrap approximation results written to:
  Split support values:          alignments_no_probang_etc\recombinant_free_regions\A\A_4331-6167_no_probang.splits.nex
  Consensus tree:                alignments_no_probang_etc\recombinant_free_regions\A\A_4331-6167_no_probang.contree
  Screen log file:               alignments_no_probang_etc\recombinant_free_regions\A\A_4331-6167_no_probang.log

Date and Time: Thu Jan 15 15:25:49 2026
