IQ-TREE version 3.0.1 for Windows 64-bit built May  5 2025
Developed by Bui Quang Minh, Thomas Wong, Nhan Ly-Trong, Huaiyan Ren
Contributed by Lam-Tung Nguyen, Dominik Schrempf, Chris Bielow,
Olga Chernomor, Michael Woodhams, Diep Thi Hoang, Heiko Schmidt

Host:    DESKTOP-IAVMJI2 (AVX2, FMA3, 7 GB RAM)
Command: bin/iqtree3.exe -s alignments_no_probang_etc\recombinant_free_regions\A\A_803-2745_no_probang.fasta -bb 1000 -m GTR+F+I+G -pre alignments_no_probang_etc\recombinant_free_regions\A\A_803-2745_no_probang
Seed:    541612 (Using SPRNG - Scalable Parallel Random Number Generator)
Time:    Thu Jan 15 15:00:07 2026
Kernel:  AVX+FMA - 1 threads (8 CPU cores detected)

HINT: Use -nt option to specify number of threads because your CPU has 8 cores!
HINT: -nt AUTO will automatically determine the best number of threads to use.

Reading alignment file alignments_no_probang_etc\recombinant_free_regions\A\A_803-2745_no_probang.fasta ... Fasta format detected
Reading fasta file: done in 0.0103515 secs
Alignment most likely contains DNA/RNA sequences
Constructing alignment: done in 0.0080401 secs using 194.3% CPU
WARNING: 105 sites contain only gaps or ambiguous characters.
Alignment has 189 sequences with 2057 columns, 1019 distinct patterns
904 parsimony-informative, 116 singleton sites, 1037 constant sites
WARNING: Some sequence names are changed as follows:
AY593766/KEN/Unknown/1965/A/?'/Unknown -> AY593766/KEN/Unknown/1965/A/__/Unknown

                                                  Gap/Ambiguity  Composition  p-value
Analyzing sequences: done in 0.0015311 secs
   1  MZ493234/PAK/cattle/2018/A/ASIA/Iran-05             5.54%    passed     95.88%
   2  MZ493233/PAK/cattle/2018/A/ASIA/Iran-05             5.54%    passed     95.88%
   3  MZ493232/PAK/cattle/2017/A/ASIA/Iran-05             5.54%    passed     97.16%
   4  ON652967/VNM/cow/2013/A/ASIA/Sea-97                 5.69%    passed     97.04%
   5  JF749848/TUR/Unknown/2003/A/ASIA/Unknown            5.54%    passed     99.53%
   6  JF749843/EGY/Unknown/2006/A/AFRICA/Unknown          5.54%    passed     88.11%
   7  JF749841/TUR/Unknown/2006/A/ASIA/Iran-05            5.54%    passed     98.55%
   8  KC440882/EGY/Unknown/2012/A/ASIA/Iran-05            5.54%    passed     98.65%
   9  KC440881/EGY/Unknown/2011/A/AFRICA/Unknown          5.54%    passed     90.26%
  10  EF117837/PAK/cattle/2006/A/ASIA/Iran-05             5.40%    passed     98.24%
  11  PP273559/IND/elephant/1988/A/ASIA/Unknown           5.54%    passed     83.23%
  12  OQ356347/EGY/cow/2008/A/AFRICA/Unknown              5.40%    passed     87.89%
  13  OQ356341/BRA/cow/1970/A/EURO-SA/Unknown             5.54%    passed     97.71%
  14  OQ256242/ISR/cow/1969/A/EURO-SA/Unknown             5.69%    passed     70.79%
  15  OQ745961/THA/cattle/2016/A/ASIA/Sea-97              5.69%    passed     97.95%
  16  LC771233/IRQ/water-buffalo/2023/A/AFRICA/Unknown    5.54%    passed     69.90%
  17  OM863581/KEN/cattle/2012/A/AFRICA/Unknown           5.54%    passed     43.21%
  18  OM863580/EGY/cattle/2012/A/AFRICA/Unknown           5.54%    passed     80.29%
  19  OM455484/PAK/buffalo/2012/A/ASIA/Iran-05            5.54%    passed     99.07%
  20  OM455483/PAK/cattle/2012/A/ASIA/Iran-05             5.54%    passed     99.07%
  21  OM455482/PAK/cattle/2009/A/ASIA/Iran-05             5.54%    passed     88.14%
  22  OM455481/PAK/buffalo/2012/A/ASIA/Iran-05            5.54%    passed     99.80%
  23  OM455480/PAK/cattle/2008/A/ASIA/Iran-05             5.54%    passed     88.14%
  24  OM455479/PAK/cattle/2012/A/ASIA/Iran-05             5.54%    passed     99.07%
  25  MG334583/IRQ/cow/2009/A/ASIA/Iran-05                5.54%    passed     99.59%
  26  LC564923/THA/cow/2016/A/ASIA/Sea-97                 5.69%    passed     78.92%
  27  LC564922/THA/cow/2016/A/ASIA/Sea-97                 5.69%    passed     93.92%
  28  LC564921/THA/cow/2016/A/ASIA/Sea-97                 5.69%    passed     91.53%
  29  LC564920/THA/cow/2015/A/ASIA/Sea-97                 5.69%    passed     87.60%
  30  LC564919/THA/cow/2015/A/ASIA/Sea-97                 5.69%    passed     95.09%
  31  LC564918/THA/cow/2015/A/ASIA/Sea-97                 5.69%    passed     93.01%
  32  LC564917/THA/cow/2015/A/ASIA/Sea-97                 5.69%    passed     93.40%
  33  LC564916/THA/cow/2014/A/ASIA/Sea-97                 5.69%    passed     89.34%
  34  LC564915/THA/cow/2014/A/ASIA/Sea-97                 5.69%    passed     91.95%
  35  LC564914/THA/cow/2014/A/ASIA/Sea-97                 5.69%    passed     93.31%
  36  LC564912/THA/cow/2013/A/ASIA/Sea-97                 5.69%    passed     94.80%
  37  LC564911/THA/cow/2013/A/ASIA/Sea-97                 5.69%    passed     93.49%
  38  LC564909/THA/cow/2012/A/ASIA/Sea-97                 5.69%    passed     87.04%
  39  LC564907/THA/cow/2011/A/ASIA/Sea-97                 5.69%    passed     98.56%
  40  LC564906/THA/cow/2011/A/ASIA/Sea-97                 5.69%    passed     94.46%
  41  LC564905/THA/cow/2011/A/ASIA/Sea-97                 5.69%    passed     95.64%
  42  LC564904/THA/cow/2010/A/ASIA/Sea-97                 5.69%    passed     91.19%
  43  LC564903/THA/cow/2010/A/ASIA/Sea-97                 5.69%    passed     95.50%
  44  LC564902/THA/cow/2010/A/ASIA/Sea-97                 5.69%    passed     97.76%
  45  LC564901/THA/cow/2009/A/ASIA/Sea-97                 5.69%    passed     98.68%
  46  LC564900/THA/cow/2009/A/ASIA/Sea-97                 5.69%    passed     99.81%
  47  LC564898/THA/cow/2008/A/ASIA/Sea-97                 5.69%    passed     96.64%
  48  LC564896/THA/cow/2007/A/ASIA/Sea-97                 5.69%    passed     96.07%
  49  LC564895/THA/cow/2007/A/ASIA/Sea-97                 5.69%    passed     98.10%
  50  LC564894/THA/cow/2007/A/ASIA/Sea-97                 5.69%    passed     95.56%
  51  MT602079/SDN/cattle/2018/A/AFRICA/Unknown           5.54%    passed     79.17%
  52  MT602078/ETH/cattle/2019/A/AFRICA/Unknown           5.54%    passed     95.29%
  53  MT602077/ETH/cattle/2018/A/AFRICA/Unknown           5.54%    passed     46.72%
  54  MT863268/EGY/water-buffalo/2016/A/AFRICA/Unknown    5.54%    passed     75.17%
  55  KY322680/VNM/cattle/2013/A/ASIA/Sea-97              5.69%    passed     95.51%
  56  KY322679/THA/cattle/2014/A/ASIA/Sea-97              5.69%    passed     93.31%
  57  KY322678/MYS/cattle/2013/A/ASIA/Sea-97              5.69%    passed     99.32%
  58  KY322677/MYS/cattle/2013/A/ASIA/Sea-97              5.69%    passed     92.96%
  59  KY322676/MYS/cattle/2013/A/ASIA/Sea-97              5.69%    passed     90.81%
  60  KY322675/LAO/cattle/2014/A/ASIA/Sea-97              5.69%    passed     97.54%
  61  MK940253/SAU/cattle/2017/A/ASIA/Unknown             5.69%    passed     95.22%
  62  MN062587/PAK/cattle/2009/A/ASIA/Iran-05             5.54%    passed     97.93%
  63  MN062586/AFG/cattle/2009/A/ASIA/Iran-05             5.54%    passed     91.06%
  64  LC483874/THA/cow/2007/A/ASIA/Sea-97                 5.69%    passed     95.56%
  65  MN116688/KEN/cow/2016/A/AFRICA/Unknown              5.54%    passed     89.41%
  66  MG923580/DZA/cattle/2017/A/AFRICA/Unknown           5.54%    passed     91.72%
  67  MG923579/DZA/cattle/2017/A/AFRICA/Unknown           5.54%    passed     93.59%
  68  MH053307/ZMB/cattle/1990/A/AFRICA/Unknown           5.54%    passed     84.97%
  69  MH053306/TCD/cattle/1973/A/AFRICA/Unknown           5.54%    passed     87.35%
  70  MH053305/EGY/cattle/1972/A/AFRICA/Unknown           5.54%    passed     80.64%
  71  MG725876/NER/cow/2015/A/AFRICA/Unknown              5.54%    passed     95.54%
  72  MG725875/NER/cow/2015/A/AFRICA/Unknown              5.54%    passed     95.41%
  73  MG725874/NER/cow/2015/A/AFRICA/Unknown              5.54%    passed     78.70%
  74  MG725873/NER/cow/2015/A/AFRICA/Unknown              5.54%    passed     92.94%
  75  MG725872/NER/cow/2013/A/AFRICA/Unknown              5.54%    passed     96.56%
  76  JN099699/IRQ/cattle/2009/A/ASIA/Iran-05             5.54%    passed     99.00%
  77  JN099698/IRQ/cattle/2009/A/ASIA/Iran-05             5.54%    passed     99.59%
  78  JN099697/IRQ/cattle/2009/A/ASIA/Iran-05             5.54%    passed     99.26%
  79  JN099694/IRQ/cattle/2009/A/ASIA/Iran-05             5.54%    passed     99.70%
  80  JN099688/IRQ/cattle/2009/A/ASIA/Iran-05             5.54%    passed     99.59%
  81  KX002205/ARG/cattle/2001/A/EURO-SA/Unknown          5.54%    passed     99.45%
  82  KX002204/ARG/cattle/2001/A/EURO-SA/Unknown          5.54%    passed     99.63%
  83  KX002203/ARG/cattle/2001/A/EURO-SA/Unknown          5.54%    passed     99.97%
  84  KX002202/ARG/cattle/2001/A/EURO-SA/Unknown          5.54%    passed     99.74%
  85  KX002201/ARG/cattle/2001/A/EURO-SA/Unknown          5.54%    passed     99.91%
  86  KX002200/ARG/cattle/2001/A/EURO-SA/Unknown          5.54%    passed    100.00%
  87  KX002199/ARG/cattle/2001/A/EURO-SA/Unknown          5.54%    passed    100.00%
  88  KX002198/ARG/cattle/2001/A/EURO-SA/Unknown          5.54%    passed     99.33%
  89  KX002197/ARG/cattle/2001/A/EURO-SA/Unknown          5.54%    passed     99.33%
  90  KX002196/ARG/cattle/2001/A/EURO-SA/Unknown          5.54%    passed     99.62%
  91  KX002194/ARG/cattle/2000/A/EURO-SA/Unknown          5.54%    passed     99.49%
  92  KX002193/ARG/cattle/2001/A/EURO-SA/Unknown          5.54%    passed     99.77%
  93  KX002192/ARG/cattle/2001/A/EURO-SA/Unknown          5.54%    passed     98.99%
  94  KX002191/ARG/cattle/2001/A/EURO-SA/Unknown          5.54%    passed     99.66%
  95  KX002190/ARG/cattle/2001/A/EURO-SA/Unknown          5.54%    passed     99.66%
  96  KX002189/ARG/cattle/2001/A/EURO-SA/Unknown          5.54%    passed     95.51%
  97  KX002188/ARG/cattle/2001/A/EURO-SA/Unknown          5.54%    passed     98.27%
  98  KX002187/ARG/cattle/2001/A/EURO-SA/Unknown          5.54%    passed     97.67%
  99  KX002186/ARG/cattle/2001/A/EURO-SA/Unknown          5.54%    passed     99.74%
 100  KX002185/ARG/cattle/2001/A/EURO-SA/Unknown          5.54%    passed     99.98%
 101  KX002184/ARG/cattle/2001/A/EURO-SA/Unknown          5.54%    passed     95.77%
 102  KX002183/ARG/cattle/2001/A/EURO-SA/Unknown          5.54%    passed     98.67%
 103  KX002182/ARG/cattle/2001/A/EURO-SA/Unknown          5.54%    passed     99.10%
 104  KX002181/ARG/cattle/2001/A/EURO-SA/Unknown          5.54%    passed     99.92%
 105  KX002180/ARG/cattle/2001/A/EURO-SA/Unknown          5.54%    passed     98.85%
 106  KX002179/ARG/cattle/2001/A/EURO-SA/Unknown          5.54%    passed     98.85%
 107  KX002178/ARG/cattle/2001/A/EURO-SA/Unknown          5.54%    passed     98.64%
 108  KX002177/ARG/cattle/2001/A/EURO-SA/Unknown          5.54%    passed     98.64%
 109  KX002176/ARG/cattle/2001/A/EURO-SA/Unknown          5.54%    passed     98.85%
 110  KT968663/CHN/yak/2013/A/ASIA/Sea-97                 5.69%    passed     93.92%
 111  KU127247/SAU/cattle/2015/A/ASIA/Unknown             5.69%    passed     95.22%
 112  HQ268509/VNM/Unknown/2004/A/ASIA/Sea-97             5.69%    passed     88.41%
 113  HQ832592/IND/cattle/2009/A/ASIA/Unknown             5.69%    passed     48.88%
 114  HQ832591/IND/cattle/2008/A/ASIA/Unknown             5.69%    passed     54.47%
 115  HQ832590/IND/cattle/2007/A/ASIA/Unknown             5.69%    passed     55.06%
 116  HQ832589/IND/cattle/2006/A/ASIA/Unknown             5.54%    passed     99.07%
 117  HQ832588/IND/cattle/2005/A/ASIA/Unknown             5.54%    passed     99.24%
 118  HQ832586/IND/Unknown/2006/A/ASIA/Unknown            5.54%    passed     95.54%
 119  HQ832585/IND/Unknown/2005/A/ASIA/Unknown            5.54%    passed     80.12%
 120  HQ832584/IND/cattle/2005/A/ASIA/Unknown             5.54%    passed     78.81%
 121  HQ832583/IND/Unknown/2005/A/ASIA/Unknown            5.69%    passed     85.94%
 122  HQ832582/IND/buffalo/2004/A/ASIA/Unknown            5.69%    passed     91.69%
 123  HQ832581/IND/cattle/2004/A/ASIA/Unknown             5.69%    passed     78.21%
 124  HQ832580/IND/cattle/2003/A/ASIA/Unknown             5.69%    passed     57.17%
 125  HQ832579/IND/buffalo/2003/A/ASIA/Unknown            5.69%    passed     78.80%
 126  HQ832578/IND/Unknown/2003/A/ASIA/Unknown            5.69%    passed     84.64%
 127  HQ832577/IND/Unknown/1999/A/ASIA/Unknown            5.54%    passed     93.62%
 128  KJ608371/VNM/cattle/2013/A/ASIA/Sea-97              5.69%    passed     93.45%
 129  KP940474/EGY/cattle/2014/A/AFRICA/Unknown           5.54%    passed     90.26%
 130  KM268896/TUR/cattle/2013/A/ASIA/Iran-05             5.54%    passed     89.38%
 131  KJ933864/MYS/Unknown/1997/A/ASIA/Sea-97             5.69%    passed     98.69%
 132  KJ754939/BGD/cattle/2013/A/ASIA/Unknown             5.69%    passed     55.14%
 133  KC588943/KOR/cattle/2010/A/ASIA/Sea-97              5.69%    passed     99.41%
 134  JN006722/PAK/Unknown/2008/A/ASIA/Iran-05            5.54%    passed     96.08%
 135  HQ632773/MYS/cattle/2007/A/ASIA/Sea-97              5.69%    passed     99.41%
 136  GQ406252/VNM/buffalo/2009/A/ASIA/Sea-97             5.69%    passed     99.32%
 137  GQ406251/VNM/pig/2009/A/ASIA/Sea-97                 5.69%    passed     99.27%
 138  GQ406250/VNM/cattle/2009/A/ASIA/Sea-97              5.69%    passed     99.47%
 139  GQ406249/VNM/cattle/2009/A/ASIA/Sea-97              5.69%    passed     99.68%
 140  GQ406248/VNM/cattle/2009/A/ASIA/Sea-97              5.69%    passed     99.63%
 141  GQ406247/VNM/cattle/2009/A/ASIA/Sea-97              5.69%    passed     99.45%
 142  EF494488/PAK/cattle/2006/A/ASIA/Iran-05             5.54%    passed     99.04%
 143  EF494487/PAK/cattle/2006/A/ASIA/Iran-05             5.54%    passed     96.71%
 144  AY593803/BRA/Unknown/1979/A/EURO-SA/Unknown         5.54%    passed     90.38%
 145  AY593802/URY/Unknown/2001/A/EURO-SA/Unknown         5.54%    passed     99.73%
 146  AY593794/COL/Unknown/1985/A/EURO-SA/Unknown         5.54%    passed     91.10%
 147  AY593793/PHL/Unknown/1975/A/EURO-SA/Unknown         5.54%    passed     77.58%
 148  AY593792/ITA/Unknown/1962/A/EURO-SA/Unknown         5.69%    passed     94.75%
 149  AY593791/IRN/Unknown/1998/A/ASIA/Iran-96            5.54%    passed     95.79%
 150  AY593790/ARG/Unknown/2001/A/EURO-SA/Unknown         5.54%    passed     99.63%
 151  AY593789/ARG/Unknown/1961/A/EURO-SA/Unknown         5.54%    passed     83.95%
 152  AY593788/BRA/Unknown/1958/A/EURO-SA/Unknown         5.54%    passed     99.36%
 153  AY593786/ARG/Unknown/2001/A/EURO-SA/Unknown         5.54%    passed     99.45%
 154  AY593785/ARG/Unknown/2001/A/EURO-SA/Unknown         5.54%    passed     99.98%
 155  AY593784/ARG/Unknown/2001/A/EURO-SA/Unknown         5.54%    passed     99.97%
 156  AY593783/ARG/Unknown/2001/A/EURO-SA/Unknown         5.54%    passed     99.97%
 157  AY593782/ARG/Unknown/2000/A/EURO-SA/Unknown         5.54%    passed     98.70%
 158  AY593781/DEU/Unknown/1951/A/EURO-SA/Unknown         5.69%    passed     94.19%
 159  AY593780/FRA/Unknown/1960/A/EURO-SA/Unknown         5.69%    passed     94.97%
 160  AY593779/DEU/Unknown/1972/A/EURO-SA/Unknown         5.69%    passed     97.77%
 161  AY593776/DEU/Unknown/1968/A/EURO-SA/Unknown         5.69%    passed     97.81%
 162  AY593775/VEN/Unknown/1970/A/EURO-SA/Unknown         5.54%    passed     91.00%
 163  AY593774/ESP/Unknown/1969/A/EURO-SA/Unknown         5.69%    passed     96.95%
 164  AY593773/PER/Unknown/1969/A/EURO-SA/Unknown         5.54%    passed     91.00%
 165  AY593772/TUR/Unknown/1972/A/ASIA/A22                5.54%    passed     95.69%
 166  AY593771/COL/Unknown/1967/A/EURO-SA/Unknown         5.69%    passed     85.25%
 167  AY593770/ARG/Unknown/1966/A/EURO-SA/Unknown         5.54%    passed     76.87%
 168  AY593769/ARG/Unknown/1959/A/EURO-SA/Unknown         5.54%    passed     81.57%
 169  AY593768/BRA/Unknown/1955/A/EURO-SA/Unknown         5.54%    passed     95.86%
 170  AY593767/ARG/Unknown/1965/A/EURO-SA/Unknown         5.69%    passed     75.54%
 171  AY593766/KEN/Unknown/1965/A/__/Unknown              5.54%    passed     82.81%
 172  AY593765/TUR/Unknown/1965/A/ASIA/A22                5.54%    passed     89.78%
 173  AY593764/IRQ/Unknown/1970/A/ASIA/A22                5.54%    passed     84.99%
 174  AY593763/IRQ/Unknown/1964/A/ASIA/A22                5.54%    passed     84.99%
 175  AY593762/IRQ/Unknown/1964/A/ASIA/A22                5.54%    passed     84.99%
 176  AY593761/KEN/Unknown/1964/A/AFRICA/Unknown          5.54%    passed     95.90%
 177  AY593760/RUS/Unknown/1964/A/EURO-SA/Unknown         5.69%    passed     91.25%
 178  AY593759/DEU/Unknown/1971/A/EURO-SA/Unknown         5.69%    passed     95.58%
 179  AY593758/VEN/Unknown/1967/A/EURO-SA/Unknown         5.54%    passed     96.93%
 180  AY593757/BRA/Unknown/1967/A/EURO-SA/Unknown         5.54%    passed     97.23%
 181  AY593756/BRA/Unknown/1959/A/EURO-SA/Unknown         5.54%    passed     92.61%
 182  AY593755/THA/Unknown/1960/A/ASIA/Unknown            5.54%    passed     89.88%
 183  AY593754/ESP/Unknown/1959/A/EURO-SA/Unknown         5.69%    passed     89.39%
 184  AY593753/BRA/Unknown/1958/A/EURO-SA/Unknown         5.54%    passed     97.71%
 185  AY593751/NLD/Unknown/1942/A/EURO-SA/Unknown         5.69%    passed     83.97%
 186  FJ623456/KAZ/Unknown/1999/A/ASIA/A22                5.54%    passed     68.33%
 187  EF494486/TUR/cattle/2005/A/ASIA/Iran-05             5.54%    passed     98.99%
 188  MT340198/VNM/cattle/2017/A/ASIA/Sea-97              5.69%    passed     85.99%
 189  MT340197/VNM/cattle/2017/A/ASIA/Sea-97              5.69%    passed     87.58%
****  TOTAL                                               5.60%  0 sequences failed composition chi2 test (p-value<5%; df=3)
NOTE: MZ493233/PAK/cattle/2018/A/ASIA/Iran-05 is identical to MZ493234/PAK/cattle/2018/A/ASIA/Iran-05 but kept for subsequent analysis
NOTE: KP940474/EGY/cattle/2014/A/AFRICA/Unknown is identical to KC440881/EGY/Unknown/2011/A/AFRICA/Unknown but kept for subsequent analysis
NOTE: AY593753/BRA/Unknown/1958/A/EURO-SA/Unknown is identical to OQ356341/BRA/cow/1970/A/EURO-SA/Unknown but kept for subsequent analysis
NOTE: OM455483/PAK/cattle/2012/A/ASIA/Iran-05 is identical to OM455484/PAK/buffalo/2012/A/ASIA/Iran-05 but kept for subsequent analysis
NOTE: OM455480/PAK/cattle/2008/A/ASIA/Iran-05 is identical to OM455482/PAK/cattle/2009/A/ASIA/Iran-05 but kept for subsequent analysis
NOTE: JN099688/IRQ/cattle/2009/A/ASIA/Iran-05 is identical to MG334583/IRQ/cow/2009/A/ASIA/Iran-05 but kept for subsequent analysis
NOTE: KY322679/THA/cattle/2014/A/ASIA/Sea-97 is identical to LC564914/THA/cow/2014/A/ASIA/Sea-97 but kept for subsequent analysis
NOTE: LC483874/THA/cow/2007/A/ASIA/Sea-97 is identical to LC564894/THA/cow/2007/A/ASIA/Sea-97 but kept for subsequent analysis
NOTE: KU127247/SAU/cattle/2015/A/ASIA/Unknown is identical to MK940253/SAU/cattle/2017/A/ASIA/Unknown but kept for subsequent analysis
NOTE: AY593786/ARG/Unknown/2001/A/EURO-SA/Unknown is identical to KX002205/ARG/cattle/2001/A/EURO-SA/Unknown but kept for subsequent analysis
NOTE: AY593790/ARG/Unknown/2001/A/EURO-SA/Unknown is identical to KX002204/ARG/cattle/2001/A/EURO-SA/Unknown but kept for subsequent analysis
NOTE: AY593784/ARG/Unknown/2001/A/EURO-SA/Unknown is identical to KX002203/ARG/cattle/2001/A/EURO-SA/Unknown but kept for subsequent analysis
NOTE: KX002199/ARG/cattle/2001/A/EURO-SA/Unknown is identical to KX002200/ARG/cattle/2001/A/EURO-SA/Unknown but kept for subsequent analysis
NOTE: KX002197/ARG/cattle/2001/A/EURO-SA/Unknown is identical to KX002198/ARG/cattle/2001/A/EURO-SA/Unknown but kept for subsequent analysis
NOTE: KX002190/ARG/cattle/2001/A/EURO-SA/Unknown is identical to KX002191/ARG/cattle/2001/A/EURO-SA/Unknown but kept for subsequent analysis
NOTE: KX002179/ARG/cattle/2001/A/EURO-SA/Unknown is identical to KX002180/ARG/cattle/2001/A/EURO-SA/Unknown but kept for subsequent analysis
NOTE: KX002177/ARG/cattle/2001/A/EURO-SA/Unknown is identical to KX002178/ARG/cattle/2001/A/EURO-SA/Unknown but kept for subsequent analysis
NOTE: AY593773/PER/Unknown/1969/A/EURO-SA/Unknown is identical to AY593775/VEN/Unknown/1970/A/EURO-SA/Unknown but kept for subsequent analysis
NOTE: AY593763/IRQ/Unknown/1964/A/ASIA/A22 is identical to AY593764/IRQ/Unknown/1970/A/ASIA/A22 but kept for subsequent analysis
Checking for duplicate sequences: done in 0.108262 secs using 28.87% CPU
Identifying sites to remove: done in 0.0093573 secs using 167% CPU
NOTE: 4 identical sequences (see below) will be ignored for subsequent analysis
NOTE: OM455479/PAK/cattle/2012/A/ASIA/Iran-05 (identical to OM455484/PAK/buffalo/2012/A/ASIA/Iran-05) is ignored but added at the end
NOTE: AY593783/ARG/Unknown/2001/A/EURO-SA/Unknown (identical to KX002203/ARG/cattle/2001/A/EURO-SA/Unknown) is ignored but added at the end
NOTE: KX002176/ARG/cattle/2001/A/EURO-SA/Unknown (identical to KX002180/ARG/cattle/2001/A/EURO-SA/Unknown) is ignored but added at the end
NOTE: AY593762/IRQ/Unknown/1964/A/ASIA/A22 (identical to AY593764/IRQ/Unknown/1970/A/ASIA/A22) is ignored but added at the end
Alignment was printed to alignments_no_probang_etc\recombinant_free_regions\A\A_803-2745_no_probang.uniqueseq.phy

For your convenience alignment with unique sequences printed to alignments_no_probang_etc\recombinant_free_regions\A\A_803-2745_no_probang.uniqueseq.phy
Creating fast initial parsimony tree by random order stepwise addition...
0.101 seconds, parsimony score: 8811 (based on 1020 sites)
Generating 1000 samples for ultrafast bootstrap (seed: 541612)...

NOTE: 28 MB RAM (0 GB) is required!
Estimate model parameters (epsilon = 0.100)
Thoroughly optimizing +I+G parameters from 10 start values...
Init pinv, alpha: 0.000, 1.000 / Estimate: 0.000, 0.306 / LogL: -41666.806
Init pinv, alpha: 0.056, 1.000 / Estimate: 0.439, 1.082 / LogL: -41522.209
Init pinv, alpha: 0.112, 1.000 / Estimate: 0.439, 1.083 / LogL: -41522.215
Init pinv, alpha: 0.168, 1.000 / Estimate: 0.439, 1.082 / LogL: -41522.221
Init pinv, alpha: 0.224, 1.000 / Estimate: 0.439, 1.083 / LogL: -41522.223
Init pinv, alpha: 0.280, 1.000 / Estimate: 0.439, 1.083 / LogL: -41522.233
Init pinv, alpha: 0.336, 1.000 / Estimate: 0.439, 1.083 / LogL: -41522.245
Init pinv, alpha: 0.392, 1.000 / Estimate: 0.439, 1.082 / LogL: -41522.259
Init pinv, alpha: 0.448, 1.000 / Estimate: 0.439, 1.084 / LogL: -41522.260
Init pinv, alpha: 0.504, 1.000 / Estimate: 0.442, 1.111 / LogL: -41522.242
Optimal pinv,alpha: 0.439, 1.082 / LogL: -41522.209

Parameters optimization took 73.254 sec
Wrote distance file to... 
Computing ML distances based on estimated model parameters...
Calculating distance matrix: done in 0.407542 secs using 99.68% CPU
Computing ML distances took 0.417098 sec (of wall-clock time) 0.406250 sec (of CPU time)
Setting up auxiliary I and S matrices: done in 0.0021822 secs
Constructing RapidNJ tree: done in 0.0029372 secs
Computing RapidNJ tree took 0.013978 sec (of wall-clock time) 0.000000 sec (of CPU time)
Log-likelihood of RapidNJ tree: -41522.947
--------------------------------------------------------------------
|             INITIALIZING CANDIDATE TREE SET                      |
--------------------------------------------------------------------
Generating 98 parsimony trees... 11.530 second
Computing log-likelihood of 98 initial trees ... 14.647 seconds
Current best score: -41431.819

Do NNI search on 20 best initial trees
Optimizing NNI: done in 4.0931 secs using 93.53% CPU
Estimate model parameters (epsilon = 0.100)
BETTER TREE FOUND at iteration 1: -41370.009
Optimizing NNI: done in 4.00655 secs using 88.92% CPU
Estimate model parameters (epsilon = 0.100)
BETTER TREE FOUND at iteration 2: -41357.757
Optimizing NNI: done in 3.74396 secs using 95.57% CPU
Optimizing NNI: done in 3.57298 secs using 94.02% CPU
Optimizing NNI: done in 3.76622 secs using 96.67% CPU
Optimizing NNI: done in 4.02884 secs using 94.63% CPU
Optimizing NNI: done in 3.87618 secs using 92.31% CPU
Optimizing NNI: done in 4.15499 secs using 97.02% CPU
Optimizing NNI: done in 3.37431 secs using 98.63% CPU
Optimizing NNI: done in 3.88401 secs using 98.16% CPU
Estimate model parameters (epsilon = 0.100)
BETTER TREE FOUND at iteration 10: -41353.334
Iteration 10 / LogL: -41353.334 / Time: 0h:2m:22s
Optimizing NNI: done in 3.27861 secs using 98.65% CPU
Optimizing NNI: done in 3.52043 secs using 97.2% CPU
Optimizing NNI: done in 3.44565 secs using 97.04% CPU
Optimizing NNI: done in 3.75267 secs using 97.85% CPU
Optimizing NNI: done in 3.49973 secs using 95.99% CPU
Optimizing NNI: done in 3.79224 secs using 96.41% CPU
Optimizing NNI: done in 3.56123 secs using 100% CPU
Optimizing NNI: done in 3.51261 secs using 97.42% CPU
Optimizing NNI: done in 3.74956 secs using 97.93% CPU
Optimizing NNI: done in 3.34465 secs using 98.1% CPU
Iteration 20 / LogL: -41361.017 / Time: 0h:2m:58s
Finish initializing candidate tree set (20)
Current best tree score: -41353.334 / CPU time: 103.233
Number of iterations: 20
--------------------------------------------------------------------
|               OPTIMIZING CANDIDATE TREE SET                      |
--------------------------------------------------------------------
Optimizing NNI: done in 2.27884 secs using 98.73% CPU
Optimizing NNI: done in 3.1577 secs using 97.97% CPU
Optimizing NNI: done in 3.31541 secs using 96.14% CPU
Optimizing NNI: done in 3.35023 secs using 90.95% CPU
Optimizing NNI: done in 2.95899 secs using 95.05% CPU
Optimizing NNI: done in 3.37401 secs using 95.86% CPU
Optimizing NNI: done in 3.09485 secs using 99.46% CPU
Optimizing NNI: done in 2.6302 secs using 98.61% CPU
Optimizing NNI: done in 2.20029 secs using 93.74% CPU
Estimate model parameters (epsilon = 0.100)
BETTER TREE FOUND at iteration 29: -41352.660
Optimizing NNI: done in 2.88003 secs using 99.83% CPU
Iteration 30 / LogL: -41359.168 / Time: 0h:3m:28s (0h:11m:52s left)
Optimizing NNI: done in 2.89769 secs using 99.76% CPU
Optimizing NNI: done in 2.70341 secs using 97.68% CPU
Optimizing NNI: done in 2.27907 secs using 100.1% CPU
Optimizing NNI: done in 2.71462 secs using 98.43% CPU
Optimizing NNI: done in 2.91173 secs using 98.74% CPU
Estimate model parameters (epsilon = 0.100)
BETTER TREE FOUND at iteration 35: -41351.354
Optimizing NNI: done in 3.16978 secs using 99.57% CPU
Optimizing NNI: done in 2.98155 secs using 98.52% CPU
Optimizing NNI: done in 3.055 secs using 97.69% CPU
Optimizing NNI: done in 3.45451 secs using 96.34% CPU
Optimizing NNI: done in 2.88939 secs using 96.8% CPU
Iteration 40 / LogL: -41355.609 / Time: 0h:3m:59s (0h:9m:41s left)
Optimizing NNI: done in 2.35943 secs using 99.34% CPU
Estimate model parameters (epsilon = 0.100)
BETTER TREE FOUND at iteration 41: -41351.283
Optimizing NNI: done in 2.5705 secs using 98.47% CPU
Optimizing NNI: done in 2.86662 secs using 99.75% CPU
Optimizing NNI: done in 1.90333 secs using 100.2% CPU
Optimizing NNI: done in 2.65532 secs using 99.45% CPU
Optimizing NNI: done in 3.10871 secs using 100% CPU
Optimizing NNI: done in 3.09868 secs using 98.83% CPU
Optimizing NNI: done in 2.3598 secs using 98.66% CPU
Optimizing NNI: done in 2.66314 secs using 98.57% CPU
Optimizing NNI: done in 3.50348 secs using 99.01% CPU
Iteration 50 / LogL: -41352.694 / Time: 0h:4m:27s (0h:8m:15s left)
Log-likelihood cutoff on original alignment: -41400.960
Optimizing NNI: done in 2.63504 secs using 99.62% CPU
Optimizing NNI: done in 2.45982 secs using 97.19% CPU
Optimizing NNI: done in 3.25626 secs using 99.33% CPU
Optimizing NNI: done in 2.71485 secs using 98.99% CPU
Optimizing NNI: done in 3.16756 secs using 99.15% CPU
Optimizing NNI: done in 3.14146 secs using 98.98% CPU
Optimizing NNI: done in 3.46117 secs using 95.7% CPU
Optimizing NNI: done in 2.78261 secs using 98.83% CPU
Optimizing NNI: done in 3.32989 secs using 98.54% CPU
Optimizing NNI: done in 3.15299 secs using 98.62% CPU
Iteration 60 / LogL: -41353.399 / Time: 0h:4m:59s (0h:6m:50s left)
Optimizing NNI: done in 2.34026 secs using 99.48% CPU
Optimizing NNI: done in 2.58509 secs using 99.73% CPU
Optimizing NNI: done in 2.7841 secs using 99.9% CPU
Optimizing NNI: done in 3.41898 secs using 97.34% CPU
Optimizing NNI: done in 2.83152 secs using 91.6% CPU
Optimizing NNI: done in 3.34164 secs using 89.78% CPU
Optimizing NNI: done in 3.32477 secs using 95.87% CPU
Optimizing NNI: done in 2.98623 secs using 97.32% CPU
Optimizing NNI: done in 3.71054 secs using 96.01% CPU
Optimizing NNI: done in 2.85387 secs using 96.36% CPU
Iteration 70 / LogL: -41351.295 / Time: 0h:5m:30s (0h:5m:39s left)
Optimizing NNI: done in 3.19692 secs using 92.86% CPU
Optimizing NNI: done in 3.79922 secs using 98.29% CPU
Optimizing NNI: done in 3.45396 secs using 88.67% CPU
Optimizing NNI: done in 3.40358 secs using 95.49% CPU
Optimizing NNI: done in 3.00116 secs using 93.71% CPU
Optimizing NNI: done in 3.31108 secs using 95.32% CPU
Optimizing NNI: done in 3.33083 secs using 99.45% CPU
Optimizing NNI: done in 2.74342 secs using 99.67% CPU
Optimizing NNI: done in 2.93763 secs using 100% CPU
Optimizing NNI: done in 3.67658 secs using 93.92% CPU
Iteration 80 / LogL: -41353.399 / Time: 0h:6m:4s (0h:4m:41s left)
Optimizing NNI: done in 2.95408 secs using 97.85% CPU
Optimizing NNI: done in 2.9985 secs using 97.44% CPU
Optimizing NNI: done in 3.04017 secs using 99.19% CPU
Optimizing NNI: done in 2.3939 secs using 98.56% CPU
Optimizing NNI: done in 3.42108 secs using 89.52% CPU
Optimizing NNI: done in 3.36778 secs using 87.69% CPU
Optimizing NNI: done in 2.74536 secs using 96.19% CPU
Optimizing NNI: done in 2.93029 secs using 98.11% CPU
Optimizing NNI: done in 3.32262 secs using 98.76% CPU
Optimizing NNI: done in 2.91407 secs using 98.66% CPU
Iteration 90 / LogL: -41352.499 / Time: 0h:6m:34s (0h:3m:46s left)
Optimizing NNI: done in 2.91635 secs using 95.37% CPU
Optimizing NNI: done in 3.17772 secs using 97.85% CPU
Optimizing NNI: done in 5.42151 secs using 70.61% CPU
Optimizing NNI: done in 5.02079 secs using 67.22% CPU
Optimizing NNI: done in 3.72538 secs using 88.08% CPU
Optimizing NNI: done in 3.50957 secs using 94.83% CPU
Optimizing NNI: done in 3.12593 secs using 94.97% CPU
Optimizing NNI: done in 2.60056 secs using 96.73% CPU
Optimizing NNI: done in 3.04207 secs using 97.59% CPU
Optimizing NNI: done in 2.77043 secs using 99.26% CPU
Iteration 100 / LogL: -41354.319 / Time: 0h:7m:11s (0h:2m:58s left)
Log-likelihood cutoff on original alignment: -41400.960
NOTE: Bootstrap correlation coefficient of split occurrence frequencies: 0.997
Optimizing NNI: done in 3.09039 secs using 95.56% CPU
Estimate model parameters (epsilon = 0.100)
BETTER TREE FOUND at iteration 101: -41350.946
Optimizing NNI: done in 3.57742 secs using 93.47% CPU
Optimizing NNI: done in 3.48453 secs using 96.41% CPU
Optimizing NNI: done in 2.73349 secs using 96.03% CPU
Optimizing NNI: done in 3.52384 secs using 94.45% CPU
Estimate model parameters (epsilon = 0.100)
BETTER TREE FOUND at iteration 105: -41350.284
Optimizing NNI: done in 3.17456 secs using 95.98% CPU
Optimizing NNI: done in 3.08111 secs using 86.72% CPU
Optimizing NNI: done in 3.80124 secs using 90.84% CPU
Optimizing NNI: done in 4.12435 secs using 89.41% CPU
Optimizing NNI: done in 3.30411 secs using 91.74% CPU
Iteration 110 / LogL: -41367.034 / Time: 0h:7m:48s (0h:6m:47s left)
Optimizing NNI: done in 3.82927 secs using 77.12% CPU
Optimizing NNI: done in 4.24726 secs using 84.61% CPU
Optimizing NNI: done in 3.33779 secs using 88.01% CPU
Optimizing NNI: done in 3.48942 secs using 90.45% CPU
Optimizing NNI: done in 3.62518 secs using 90.08% CPU
Optimizing NNI: done in 4.25897 secs using 83.28% CPU
Optimizing NNI: done in 4.18198 secs using 89.67% CPU
Optimizing NNI: done in 2.36989 secs using 95.6% CPU
Optimizing NNI: done in 2.62366 secs using 94.69% CPU
Optimizing NNI: done in 3.50328 secs using 83.85% CPU
Iteration 120 / LogL: -41350.494 / Time: 0h:8m:24s (0h:6m:0s left)
Optimizing NNI: done in 3.22497 secs using 92.06% CPU
Optimizing NNI: done in 2.85288 secs using 97.49% CPU
Optimizing NNI: done in 3.51007 secs using 93.48% CPU
Estimate model parameters (epsilon = 0.100)
BETTER TREE FOUND at iteration 123: -41348.406
Optimizing NNI: done in 3.12391 secs using 91.53% CPU
Optimizing NNI: done in 2.69671 secs using 96.76% CPU
Optimizing NNI: done in 3.15923 secs using 93.48% CPU
Optimizing NNI: done in 2.40071 secs using 96.33% CPU
Optimizing NNI: done in 3.02824 secs using 98.04% CPU
Optimizing NNI: done in 3.14964 secs using 94.26% CPU
Optimizing NNI: done in 2.97588 secs using 92.93% CPU
Iteration 130 / LogL: -41373.994 / Time: 0h:8m:55s (0h:6m:26s left)
Optimizing NNI: done in 3.23511 secs using 96.11% CPU
Optimizing NNI: done in 2.75953 secs using 95.69% CPU
Optimizing NNI: done in 2.86578 secs using 97.05% CPU
Optimizing NNI: done in 2.8565 secs using 99.55% CPU
Optimizing NNI: done in 2.60971 secs using 99.39% CPU
Optimizing NNI: done in 2.99977 secs using 99.49% CPU
Estimate model parameters (epsilon = 0.100)
BETTER TREE FOUND at iteration 136: -41348.334
Optimizing NNI: done in 2.74623 secs using 93.88% CPU
Optimizing NNI: done in 3.23415 secs using 96.63% CPU
Optimizing NNI: done in 3.68002 secs using 98.93% CPU
Optimizing NNI: done in 2.72695 secs using 97.41% CPU
Iteration 140 / LogL: -41382.956 / Time: 0h:9m:26s (0h:6m:31s left)
Optimizing NNI: done in 2.55167 secs using 97.98% CPU
Optimizing NNI: done in 2.76625 secs using 98.85% CPU
Optimizing NNI: done in 2.74961 secs using 100% CPU
Optimizing NNI: done in 2.40271 secs using 98.2% CPU
Optimizing NNI: done in 2.15129 secs using 99.5% CPU
Optimizing NNI: done in 2.8734 secs using 100.1% CPU
Optimizing NNI: done in 2.80434 secs using 99.18% CPU
Optimizing NNI: done in 2.82031 secs using 98.62% CPU
Optimizing NNI: done in 3.42882 secs using 96.61% CPU
Optimizing NNI: done in 2.99273 secs using 99.2% CPU
Iteration 150 / LogL: -41349.539 / Time: 0h:9m:54s (0h:5m:43s left)
Log-likelihood cutoff on original alignment: -41400.960
Optimizing NNI: done in 2.49217 secs using 99.06% CPU
Optimizing NNI: done in 2.78199 secs using 98.85% CPU
Optimizing NNI: done in 3.11424 secs using 99.84% CPU
Optimizing NNI: done in 3.08695 secs using 96.68% CPU
Optimizing NNI: done in 3.2366 secs using 92.69% CPU
Optimizing NNI: done in 3.73778 secs using 88.2% CPU
Optimizing NNI: done in 3.02705 secs using 99.11% CPU
Optimizing NNI: done in 3.29336 secs using 96.79% CPU
Optimizing NNI: done in 3.32377 secs using 95.9% CPU
Optimizing NNI: done in 2.90346 secs using 96.33% CPU
Iteration 160 / LogL: -41566.748 / Time: 0h:10m:28s (0h:5m:0s left)
Optimizing NNI: done in 2.42637 secs using 95.95% CPU
Optimizing NNI: done in 3.18578 secs using 93.68% CPU
Optimizing NNI: done in 3.03184 secs using 97.92% CPU
Optimizing NNI: done in 3.16245 secs using 97.33% CPU
Estimate model parameters (epsilon = 0.100)
BETTER TREE FOUND at iteration 164: -41348.210
Optimizing NNI: done in 3.18893 secs using 98% CPU
Optimizing NNI: done in 2.82879 secs using 99.98% CPU
Optimizing NNI: done in 2.87178 secs using 99.02% CPU
Optimizing NNI: done in 2.8953 secs using 93.9% CPU
Optimizing NNI: done in 3.00539 secs using 96.7% CPU
Optimizing NNI: done in 3.49811 secs using 98.27% CPU
Iteration 170 / LogL: -41351.663 / Time: 0h:10m:59s (0h:6m:6s left)
Optimizing NNI: done in 2.66583 secs using 98.47% CPU
Optimizing NNI: done in 2.76711 secs using 99.38% CPU
Optimizing NNI: done in 2.70737 secs using 98.11% CPU
Optimizing NNI: done in 3.21682 secs using 98.12% CPU
Optimizing NNI: done in 3.14873 secs using 93.29% CPU
Optimizing NNI: done in 3.38911 secs using 94.97% CPU
Estimate model parameters (epsilon = 0.100)
BETTER TREE FOUND at iteration 176: -41347.963
Optimizing NNI: done in 3.09318 secs using 94.97% CPU
Optimizing NNI: done in 2.28287 secs using 97.88% CPU
Optimizing NNI: done in 3.05706 secs using 93.02% CPU
Optimizing NNI: done in 2.66081 secs using 98.07% CPU
Iteration 180 / LogL: -41348.226 / Time: 0h:11m:29s (0h:6m:9s left)
Optimizing NNI: done in 2.7425 secs using 99.7% CPU
Optimizing NNI: done in 2.78091 secs using 97.2% CPU
Optimizing NNI: done in 2.44428 secs using 99.08% CPU
Optimizing NNI: done in 3.415 secs using 97.46% CPU
Optimizing NNI: done in 2.87964 secs using 97.13% CPU
Optimizing NNI: done in 1.95272 secs using 100% CPU
Optimizing NNI: done in 2.87589 secs using 96.71% CPU
Optimizing NNI: done in 2.85953 secs using 99.45% CPU
Optimizing NNI: done in 3.70609 secs using 97.39% CPU
Optimizing NNI: done in 3.35149 secs using 94.64% CPU
Iteration 190 / LogL: -41349.407 / Time: 0h:11m:59s (0h:5m:27s left)
Optimizing NNI: done in 2.76122 secs using 96.76% CPU
Optimizing NNI: done in 3.14969 secs using 91.28% CPU
Optimizing NNI: done in 2.52881 secs using 98.86% CPU
Optimizing NNI: done in 3.2627 secs using 91.95% CPU
Optimizing NNI: done in 3.98407 secs using 93.73% CPU
Optimizing NNI: done in 2.31403 secs using 97.91% CPU
Optimizing NNI: done in 2.62346 secs using 94.1% CPU
Optimizing NNI: done in 3.26509 secs using 95.23% CPU
Optimizing NNI: done in 2.91041 secs using 89.66% CPU
Optimizing NNI: done in 3.04873 secs using 96.86% CPU
Iteration 200 / LogL: -41347.977 / Time: 0h:12m:30s (0h:4m:46s left)
Log-likelihood cutoff on original alignment: -41400.960
NOTE: Bootstrap correlation coefficient of split occurrence frequencies: 0.993
Optimizing NNI: done in 3.63863 secs using 86.31% CPU
Optimizing NNI: done in 2.07176 secs using 90.5% CPU
Optimizing NNI: done in 3.74194 secs using 92.28% CPU
Optimizing NNI: done in 3.30194 secs using 88.02% CPU
Optimizing NNI: done in 3.31487 secs using 79.66% CPU
Optimizing NNI: done in 2.72415 secs using 92.92% CPU
Optimizing NNI: done in 4.56247 secs using 80.82% CPU
Optimizing NNI: done in 3.03775 secs using 94.13% CPU
Optimizing NNI: done in 3.07346 secs using 95.58% CPU
Optimizing NNI: done in 2.17008 secs using 98.64% CPU
Iteration 210 / LogL: -41416.587 / Time: 0h:13m:4s (0h:5m:37s left)
Optimizing NNI: done in 2.8875 secs using 97.4% CPU
Optimizing NNI: done in 2.10184 secs using 98.87% CPU
Optimizing NNI: done in 2.92312 secs using 99.42% CPU
Optimizing NNI: done in 2.67952 secs using 96.22% CPU
Optimizing NNI: done in 2.64701 secs using 100.3% CPU
Optimizing NNI: done in 2.68756 secs using 98.25% CPU
Optimizing NNI: done in 2.91117 secs using 99.29% CPU
Optimizing NNI: done in 2.41263 secs using 99.09% CPU
Estimate model parameters (epsilon = 0.100)
BETTER TREE FOUND at iteration 218: -41347.930
Optimizing NNI: done in 3.45578 secs using 97.66% CPU
Optimizing NNI: done in 2.76615 secs using 97.16% CPU
Iteration 220 / LogL: -41349.004 / Time: 0h:13m:33s (0h:6m:3s left)
Optimizing NNI: done in 2.35723 secs using 93.46% CPU
Optimizing NNI: done in 2.99599 secs using 93.88% CPU
Optimizing NNI: done in 2.53811 secs using 97.27% CPU
Optimizing NNI: done in 3.06098 secs using 93.92% CPU
Optimizing NNI: done in 2.84039 secs using 94.07% CPU
Optimizing NNI: done in 3.48778 secs using 97.21% CPU
Optimizing NNI: done in 2.67559 secs using 97.53% CPU
Optimizing NNI: done in 3.04158 secs using 94.01% CPU
Optimizing NNI: done in 2.36663 secs using 99.03% CPU
Optimizing NNI: done in 2.41598 secs using 98.3% CPU
Iteration 230 / LogL: -41349.537 / Time: 0h:14m:2s (0h:5m:23s left)
Optimizing NNI: done in 3.34848 secs using 94.73% CPU
Optimizing NNI: done in 3.01761 secs using 98.38% CPU
Optimizing NNI: done in 2.65309 secs using 96% CPU
Optimizing NNI: done in 2.82691 secs using 99.49% CPU
Optimizing NNI: done in 3.21584 secs using 96.69% CPU
Optimizing NNI: done in 3.30077 secs using 99.88% CPU
Optimizing NNI: done in 2.49756 secs using 100.1% CPU
Estimate model parameters (epsilon = 0.100)
BETTER TREE FOUND at iteration 237: -41347.847
Optimizing NNI: done in 3.04334 secs using 99.6% CPU
Optimizing NNI: done in 2.60331 secs using 96.03% CPU
Optimizing NNI: done in 2.54561 secs using 99.44% CPU
Iteration 240 / LogL: -41348.759 / Time: 0h:14m:32s (0h:5m:53s left)
Optimizing NNI: done in 2.79804 secs using 98.28% CPU
Optimizing NNI: done in 2.79412 secs using 97.86% CPU
Optimizing NNI: done in 2.97668 secs using 98.68% CPU
Optimizing NNI: done in 3.31993 secs using 97.42% CPU
Optimizing NNI: done in 2.57264 secs using 97.78% CPU
Optimizing NNI: done in 2.68884 secs using 99.37% CPU
Optimizing NNI: done in 2.54567 secs using 98.21% CPU
Optimizing NNI: done in 2.65726 secs using 99.96% CPU
Optimizing NNI: done in 2.32511 secs using 97.44% CPU
Optimizing NNI: done in 2.39955 secs using 98.33% CPU
Iteration 250 / LogL: -41349.675 / Time: 0h:15m:0s (0h:5m:14s left)
Log-likelihood cutoff on original alignment: -41400.960
Optimizing NNI: done in 2.48394 secs using 99.39% CPU
Optimizing NNI: done in 2.03002 secs using 97.75% CPU
Optimizing NNI: done in 2.13182 secs using 98.95% CPU
Optimizing NNI: done in 2.92649 secs using 99.31% CPU
Optimizing NNI: done in 1.94867 secs using 96.22% CPU
Optimizing NNI: done in 2.44716 secs using 97.69% CPU
Optimizing NNI: done in 2.44665 secs using 97.07% CPU
Optimizing NNI: done in 3.23084 secs using 97.21% CPU
Optimizing NNI: done in 2.57017 secs using 99.7% CPU
Optimizing NNI: done in 2.84031 secs using 99.57% CPU
Iteration 260 / LogL: -41362.435 / Time: 0h:15m:27s (0h:4m:35s left)
Optimizing NNI: done in 3.10777 secs using 98.54% CPU
Optimizing NNI: done in 2.43363 secs using 98.87% CPU
Optimizing NNI: done in 3.10538 secs using 97.61% CPU
Optimizing NNI: done in 2.67493 secs using 99.89% CPU
Optimizing NNI: done in 2.47553 secs using 98.46% CPU
Optimizing NNI: done in 2.69574 secs using 96.22% CPU
Optimizing NNI: done in 2.50086 secs using 99.34% CPU
Optimizing NNI: done in 2.87199 secs using 99.56% CPU
Optimizing NNI: done in 2.49847 secs using 96.93% CPU
Optimizing NNI: done in 2.65227 secs using 99.56% CPU
Iteration 270 / LogL: -41347.982 / Time: 0h:15m:55s (0h:3m:57s left)
Optimizing NNI: done in 2.51125 secs using 98.93% CPU
Optimizing NNI: done in 2.43426 secs using 100.1% CPU
Optimizing NNI: done in 2.37905 secs using 98.52% CPU
Optimizing NNI: done in 2.87594 secs using 95.62% CPU
Optimizing NNI: done in 3.2159 secs using 96.69% CPU
Optimizing NNI: done in 2.99291 secs using 97.63% CPU
Optimizing NNI: done in 3.63558 secs using 87.68% CPU
Optimizing NNI: done in 3.50865 secs using 86.39% CPU
Optimizing NNI: done in 3.47761 secs using 99.75% CPU
Optimizing NNI: done in 2.96704 secs using 99% CPU
Iteration 280 / LogL: -41347.947 / Time: 0h:16m:26s (0h:3m:21s left)
Optimizing NNI: done in 2.64882 secs using 96.74% CPU
Optimizing NNI: done in 2.84099 secs using 99% CPU
Optimizing NNI: done in 2.5886 secs using 97.78% CPU
Optimizing NNI: done in 2.71387 secs using 99.03% CPU
Optimizing NNI: done in 2.55742 secs using 98.98% CPU
Optimizing NNI: done in 3.43352 secs using 99.21% CPU
Optimizing NNI: done in 3.19524 secs using 99.27% CPU
Optimizing NNI: done in 2.40707 secs using 98.67% CPU
Optimizing NNI: done in 2.72682 secs using 96.27% CPU
Optimizing NNI: done in 1.86316 secs using 100.6% CPU
Iteration 290 / LogL: -41485.306 / Time: 0h:16m:54s (0h:2m:44s left)
Optimizing NNI: done in 2.67981 secs using 99.7% CPU
Optimizing NNI: done in 2.61512 secs using 97.39% CPU
Optimizing NNI: done in 2.73051 secs using 99% CPU
BETTER TREE FOUND at iteration 293: -41347.846
Optimizing NNI: done in 3.09889 secs using 93.28% CPU
Optimizing NNI: done in 4.36278 secs using 87.75% CPU
Optimizing NNI: done in 3.12587 secs using 88.48% CPU
Optimizing NNI: done in 2.44846 secs using 94.45% CPU
Optimizing NNI: done in 2.93911 secs using 97.29% CPU
Optimizing NNI: done in 2.54995 secs using 96.2% CPU
Optimizing NNI: done in 3.57269 secs using 96.65% CPU
Iteration 300 / LogL: -41347.849 / Time: 0h:17m:25s (0h:5m:25s left)
Log-likelihood cutoff on original alignment: -41400.960
NOTE: Bootstrap correlation coefficient of split occurrence frequencies: 0.995
Optimizing NNI: done in 2.46003 secs using 96.54% CPU
Optimizing NNI: done in 2.93095 secs using 95.43% CPU
Optimizing NNI: done in 2.89317 secs using 93.43% CPU
Optimizing NNI: done in 2.70604 secs using 95.27% CPU
Optimizing NNI: done in 3.05483 secs using 92.58% CPU
Optimizing NNI: done in 3.01959 secs using 90.04% CPU
Optimizing NNI: done in 2.97955 secs using 93.87% CPU
Optimizing NNI: done in 2.38865 secs using 92.89% CPU
Optimizing NNI: done in 3.09039 secs using 94.55% CPU
Optimizing NNI: done in 2.79592 secs using 93.89% CPU
Iteration 310 / LogL: -41347.906 / Time: 0h:17m:55s (0h:5m:13s left)
Optimizing NNI: done in 3.4755 secs using 98.01% CPU
Optimizing NNI: done in 2.85332 secs using 95.83% CPU
Optimizing NNI: done in 2.56332 secs using 97.53% CPU
Optimizing NNI: done in 2.98912 secs using 97.23% CPU
Optimizing NNI: done in 2.69987 secs using 98.38% CPU
Optimizing NNI: done in 2.77369 secs using 98.02% CPU
Optimizing NNI: done in 2.86883 secs using 96.95% CPU
Optimizing NNI: done in 3.17265 secs using 93.57% CPU
Optimizing NNI: done in 3.43582 secs using 96.41% CPU
Optimizing NNI: done in 2.7596 secs using 99.65% CPU
Iteration 320 / LogL: -41349.518 / Time: 0h:18m:26s (0h:4m:37s left)
Optimizing NNI: done in 3.21142 secs using 98.77% CPU
Optimizing NNI: done in 3.0679 secs using 100.3% CPU
Optimizing NNI: done in 2.82856 secs using 98.88% CPU
Optimizing NNI: done in 2.52501 secs using 98.39% CPU
Optimizing NNI: done in 2.4369 secs using 100% CPU
Optimizing NNI: done in 2.47027 secs using 99.94% CPU
Optimizing NNI: done in 3.47651 secs using 98.88% CPU
Optimizing NNI: done in 3.19609 secs using 98.75% CPU
Optimizing NNI: done in 2.78637 secs using 98.13% CPU
Optimizing NNI: done in 2.18874 secs using 99.23% CPU
Iteration 330 / LogL: -41417.569 / Time: 0h:18m:55s (0h:4m:1s left)
Optimizing NNI: done in 2.48166 secs using 98.85% CPU
Optimizing NNI: done in 2.6808 secs using 99.08% CPU
Optimizing NNI: done in 2.14212 secs using 98.47% CPU
Optimizing NNI: done in 3.03056 secs using 100% CPU
Optimizing NNI: done in 2.50421 secs using 99.21% CPU
Optimizing NNI: done in 2.41055 secs using 100.5% CPU
Optimizing NNI: done in 2.53305 secs using 99.93% CPU
Optimizing NNI: done in 2.98148 secs using 99.57% CPU
Optimizing NNI: done in 2.86315 secs using 99.87% CPU
Optimizing NNI: done in 2.37811 secs using 97.24% CPU
Iteration 340 / LogL: -41513.417 / Time: 0h:19m:22s (0h:3m:25s left)
Optimizing NNI: done in 2.03706 secs using 98.95% CPU
Optimizing NNI: done in 2.99106 secs using 99.25% CPU
Optimizing NNI: done in 2.73331 secs using 99.47% CPU
Optimizing NNI: done in 2.74146 secs using 99.74% CPU
Optimizing NNI: done in 2.62276 secs using 99.49% CPU
Optimizing NNI: done in 2.23606 secs using 99.23% CPU
Optimizing NNI: done in 2.42506 secs using 99.87% CPU
Optimizing NNI: done in 3.03968 secs using 99.72% CPU
BETTER TREE FOUND at iteration 348: -41347.844
Optimizing NNI: done in 3.25986 secs using 98.74% CPU
Optimizing NNI: done in 2.63702 secs using 97.77% CPU
Iteration 350 / LogL: -41356.001 / Time: 0h:19m:50s (0h:5m:34s left)
Log-likelihood cutoff on original alignment: -41400.960
Optimizing NNI: done in 2.62426 secs using 94.67% CPU
Optimizing NNI: done in 3.0733 secs using 98.12% CPU
Optimizing NNI: done in 3.10686 secs using 94.55% CPU
Optimizing NNI: done in 2.73553 secs using 97.1% CPU
Optimizing NNI: done in 2.85786 secs using 91.85% CPU
Optimizing NNI: done in 2.84074 secs using 95.71% CPU
Optimizing NNI: done in 2.67499 secs using 96.96% CPU
Optimizing NNI: done in 2.70218 secs using 91.94% CPU
Optimizing NNI: done in 2.74228 secs using 98.57% CPU
Optimizing NNI: done in 3.21822 secs using 96.62% CPU
Iteration 360 / LogL: -41347.901 / Time: 0h:20m:20s (0h:4m:59s left)
Optimizing NNI: done in 3.20449 secs using 98.49% CPU
Optimizing NNI: done in 3.23033 secs using 98.67% CPU
UPDATE BEST LOG-LIKELIHOOD: -41347.843
Optimizing NNI: done in 2.38024 secs using 95.84% CPU
Optimizing NNI: done in 2.84037 secs using 96.82% CPU
Optimizing NNI: done in 2.87769 secs using 97.73% CPU
Optimizing NNI: done in 2.62362 secs using 95.88% CPU
Optimizing NNI: done in 3.3399 secs using 87.02% CPU
Optimizing NNI: done in 3.41537 secs using 97.9% CPU
Optimizing NNI: done in 2.91976 secs using 99% CPU
Optimizing NNI: done in 2.66569 secs using 97.3% CPU
Iteration 370 / LogL: -41350.180 / Time: 0h:20m:51s (0h:4m:24s left)
Optimizing NNI: done in 2.83023 secs using 98.82% CPU
Optimizing NNI: done in 2.74904 secs using 98.9% CPU
Optimizing NNI: done in 2.15297 secs using 98.7% CPU
Optimizing NNI: done in 2.53812 secs using 97.88% CPU
Optimizing NNI: done in 2.61404 secs using 99.82% CPU
Optimizing NNI: done in 1.95198 secs using 99.26% CPU
Optimizing NNI: done in 2.22417 secs using 99.76% CPU
Optimizing NNI: done in 2.74225 secs using 99.71% CPU
Optimizing NNI: done in 2.07552 secs using 99.37% CPU
Optimizing NNI: done in 2.5814 secs using 99.87% CPU
Iteration 380 / LogL: -41347.901 / Time: 0h:21m:16s (0h:3m:49s left)
Optimizing NNI: done in 2.90427 secs using 97.92% CPU
Optimizing NNI: done in 3.35937 secs using 98.6% CPU
Optimizing NNI: done in 2.73415 secs using 98.29% CPU
Optimizing NNI: done in 2.94905 secs using 95.37% CPU
Optimizing NNI: done in 2.8474 secs using 88.9% CPU
Optimizing NNI: done in 3.45433 secs using 96.35% CPU
Optimizing NNI: done in 2.25415 secs using 97.74% CPU
Optimizing NNI: done in 2.64392 secs using 98.69% CPU
Optimizing NNI: done in 2.73308 secs using 96.62% CPU
Optimizing NNI: done in 2.82766 secs using 91.18% CPU
Iteration 390 / LogL: -41422.039 / Time: 0h:21m:46s (0h:3m:14s left)
Optimizing NNI: done in 2.59052 secs using 97.71% CPU
Optimizing NNI: done in 2.90847 secs using 96.7% CPU
Optimizing NNI: done in 3.50718 secs using 97.57% CPU
Optimizing NNI: done in 3.09044 secs using 98.59% CPU
Optimizing NNI: done in 2.54098 secs using 96.54% CPU
Optimizing NNI: done in 3.24809 secs using 98.62% CPU
Optimizing NNI: done in 2.85547 secs using 98.5% CPU
Optimizing NNI: done in 2.94585 secs using 100.2% CPU
Optimizing NNI: done in 3.29442 secs using 99.13% CPU
Optimizing NNI: done in 2.64768 secs using 99.73% CPU
Iteration 400 / LogL: -41360.494 / Time: 0h:22m:17s (0h:2m:40s left)
Log-likelihood cutoff on original alignment: -41400.960
NOTE: Bootstrap correlation coefficient of split occurrence frequencies: 0.997
Optimizing NNI: done in 2.35909 secs using 99.35% CPU
Optimizing NNI: done in 2.7149 secs using 100.1% CPU
Optimizing NNI: done in 2.80675 secs using 99.65% CPU
Optimizing NNI: done in 2.63075 secs using 98.59% CPU
Optimizing NNI: done in 3.1225 secs using 91.57% CPU
Optimizing NNI: done in 2.68719 secs using 97.69% CPU
Optimizing NNI: done in 2.83056 secs using 92.19% CPU
Optimizing NNI: done in 2.57437 secs using 97.72% CPU
Optimizing NNI: done in 2.97208 secs using 97.26% CPU
Optimizing NNI: done in 2.70356 secs using 94.2% CPU
Iteration 410 / LogL: -41347.889 / Time: 0h:22m:46s (0h:5m:0s left)
Optimizing NNI: done in 2.63433 secs using 96.09% CPU
Optimizing NNI: done in 2.87391 secs using 97.32% CPU
Optimizing NNI: done in 3.15989 secs using 99.39% CPU
Optimizing NNI: done in 2.50574 secs using 97.28% CPU
Optimizing NNI: done in 2.36169 secs using 97.26% CPU
Optimizing NNI: done in 2.94882 secs using 98.56% CPU
Optimizing NNI: done in 2.34654 secs using 99.22% CPU
Optimizing NNI: done in 2.76118 secs using 98.46% CPU
Optimizing NNI: done in 3.36512 secs using 95.19% CPU
Optimizing NNI: done in 3.27967 secs using 96.71% CPU
Iteration 420 / LogL: -41347.954 / Time: 0h:23m:16s (0h:4m:26s left)
Optimizing NNI: done in 3.18897 secs using 97.01% CPU
Optimizing NNI: done in 2.69653 secs using 97.35% CPU
Optimizing NNI: done in 2.57575 secs using 97.06% CPU
Optimizing NNI: done in 2.93594 secs using 97.39% CPU
Optimizing NNI: done in 2.40929 secs using 97.28% CPU
Optimizing NNI: done in 2.53812 secs using 97.27% CPU
Optimizing NNI: done in 2.89641 secs using 99.8% CPU
Optimizing NNI: done in 2.64436 secs using 96.9% CPU
Optimizing NNI: done in 2.292 secs using 98.85% CPU
Optimizing NNI: done in 2.87428 secs using 100% CPU
Iteration 430 / LogL: -41353.708 / Time: 0h:23m:44s (0h:3m:52s left)
Optimizing NNI: done in 2.53608 secs using 99.81% CPU
Optimizing NNI: done in 2.62599 secs using 98.77% CPU
Optimizing NNI: done in 2.62525 secs using 98.8% CPU
Optimizing NNI: done in 2.83256 secs using 97.64% CPU
Optimizing NNI: done in 3.12984 secs using 97.85% CPU
Optimizing NNI: done in 3.21357 secs using 96.76% CPU
Optimizing NNI: done in 2.39092 secs using 94.76% CPU
Optimizing NNI: done in 3.32596 secs using 92.08% CPU
Optimizing NNI: done in 3.2076 secs using 97.42% CPU
Optimizing NNI: done in 3.21023 secs using 96.37% CPU
Iteration 440 / LogL: -41349.332 / Time: 0h:24m:14s (0h:3m:18s left)
Optimizing NNI: done in 2.38885 secs using 95.5% CPU
Optimizing NNI: done in 3.09263 secs using 97.51% CPU
Optimizing NNI: done in 3.39918 secs using 97.91% CPU
Optimizing NNI: done in 2.61244 secs using 98.69% CPU
Optimizing NNI: done in 3.23798 secs using 97.96% CPU
Optimizing NNI: done in 2.59938 secs using 91.37% CPU
Optimizing NNI: done in 1.97527 secs using 98.09% CPU
Optimizing NNI: done in 3.19975 secs using 93.76% CPU
Optimizing NNI: done in 3.21278 secs using 96.78% CPU
TREE SEARCH COMPLETED AFTER 449 ITERATIONS / Time: 0h:24m:40s

--------------------------------------------------------------------
|                    FINALIZING TREE SEARCH                        |
--------------------------------------------------------------------
Performs final model parameters optimization
Estimate model parameters (epsilon = 0.010)
1. Initial log-likelihood: -41347.843
Optimal log-likelihood: -41347.843
Rate parameters:  A-C: 1.28558  A-G: 9.00622  A-T: 1.34299  C-G: 0.54550  C-T: 11.73250  G-T: 1.00000
Base frequencies:  A: 0.241  C: 0.301  G: 0.255  T: 0.203
Proportion of invariable sites: 0.442
Gamma shape alpha: 1.115
Parameters optimization took 1 rounds (0.466 sec)
BEST SCORE FOUND : -41347.843
Creating bootstrap support values...
Split supports printed to NEXUS file alignments_no_probang_etc\recombinant_free_regions\A\A_803-2745_no_probang.splits.nex
Total tree length: 5.271

Total number of iterations: 449
CPU time used for tree search: 1347.500 sec (0h:22m:27s)
Wall-clock time used for tree search: 1405.607 sec (0h:23m:25s)
Total CPU time used: 1421.297 sec (0h:23m:41s)
Total wall-clock time used: 1483.161 sec (0h:24m:43s)

Computing bootstrap consensus tree...
Reading input file alignments_no_probang_etc\recombinant_free_regions\A\A_803-2745_no_probang.splits.nex...
185 taxa and 875 splits.
Consensus tree written to alignments_no_probang_etc\recombinant_free_regions\A\A_803-2745_no_probang.contree
Reading input trees file alignments_no_probang_etc\recombinant_free_regions\A\A_803-2745_no_probang.contree
Log-likelihood of consensus tree: -41348.119

Analysis results written to: 
  IQ-TREE report:                alignments_no_probang_etc\recombinant_free_regions\A\A_803-2745_no_probang.iqtree
  Maximum-likelihood tree:       alignments_no_probang_etc\recombinant_free_regions\A\A_803-2745_no_probang.treefile
  Likelihood distances:          alignments_no_probang_etc\recombinant_free_regions\A\A_803-2745_no_probang.mldist

Ultrafast bootstrap approximation results written to:
  Split support values:          alignments_no_probang_etc\recombinant_free_regions\A\A_803-2745_no_probang.splits.nex
  Consensus tree:                alignments_no_probang_etc\recombinant_free_regions\A\A_803-2745_no_probang.contree
  Screen log file:               alignments_no_probang_etc\recombinant_free_regions\A\A_803-2745_no_probang.log

Date and Time: Thu Jan 15 15:24:52 2026
