IQ-TREE version 3.0.1 for Windows 64-bit built May  5 2025
Developed by Bui Quang Minh, Thomas Wong, Nhan Ly-Trong, Huaiyan Ren
Contributed by Lam-Tung Nguyen, Dominik Schrempf, Chris Bielow,
Olga Chernomor, Michael Woodhams, Diep Thi Hoang, Heiko Schmidt

Host:    DESKTOP-IAVMJI2 (AVX2, FMA3, 7 GB RAM)
Command: bin/iqtree3.exe -s alignments_no_probang_etc\recombinant_free_regions\Asia1\Asia1_3555-6990_no_probang.fasta -bb 1000 -m GTR+F+I+G -pre alignments_no_probang_etc\recombinant_free_regions\Asia1\Asia1_3555-6990_no_probang
Seed:    278848 (Using SPRNG - Scalable Parallel Random Number Generator)
Time:    Thu Jan 15 14:45:25 2026
Kernel:  AVX+FMA - 1 threads (8 CPU cores detected)

HINT: Use -nt option to specify number of threads because your CPU has 8 cores!
HINT: -nt AUTO will automatically determine the best number of threads to use.

Reading alignment file alignments_no_probang_etc\recombinant_free_regions\Asia1\Asia1_3555-6990_no_probang.fasta ... Fasta format detected
Reading fasta file: done in 0.0074793 secs
Alignment most likely contains DNA/RNA sequences
Constructing alignment: done in 0.008602 secs
WARNING: 87 sites contain only gaps or ambiguous characters.
Alignment has 66 sequences with 3523 columns, 1041 distinct patterns
864 parsimony-informative, 338 singleton sites, 2321 constant sites
                                                  Gap/Ambiguity  Composition  p-value
Analyzing sequences: done in 0.0007535 secs
   1  MN366244/BGD/cattle/2018/Asia1/ASIA/Unknown         2.47%    passed     99.86%
   2  JF749849/PAK/Unknown/2002/Asia1/ASIA/Unknown        2.55%    passed     97.09%
   3  OM471680/PAK/buffalo/2012/Asia1/ASIA/Unknown        2.47%    passed     98.83%
   4  OM471679/PAK/cattle/2012/Asia1/ASIA/Unknown         2.47%    passed     95.08%
   5  OM471678/PAK/cattle/2012/Asia1/ASIA/Unknown         2.47%    passed     94.35%
   6  OM471677/PAK/buffalo/2012/Asia1/ASIA/Unknown        2.47%    passed     94.08%
   7  OM471676/PAK/cattle/2011/Asia1/ASIA/Unknown         2.47%    passed     94.45%
   8  OM471675/PAK/cattle/2011/Asia1/ASIA/Unknown         2.47%    passed     95.69%
   9  OM471674/PAK/cattle/2011/Asia1/ASIA/Unknown         2.47%    passed     95.69%
  10  OM471673/PAK/cattle/2012/Asia1/ASIA/Unknown         2.47%    passed     99.09%
  11  OM471672/PAK/cattle/2012/Asia1/ASIA/Unknown         2.47%    passed     93.48%
  12  OM471671/PAK/cattle/2012/Asia1/ASIA/Unknown         2.47%    passed     93.48%
  13  OM471670/PAK/buffalo/2012/Asia1/ASIA/Unknown        2.47%    passed     97.10%
  14  OM471669/PAK/cattle/2012/Asia1/ASIA/Unknown         2.47%    passed     92.99%
  15  OM471668/PAK/cattle/2012/Asia1/ASIA/Unknown         2.47%    passed     92.99%
  16  OM471667/PAK/buffalo/2011/Asia1/ASIA/Unknown        2.47%    passed     90.99%
  17  OM471666/PAK/buffalo/2011/Asia1/ASIA/Unknown        2.47%    passed     89.98%
  18  OM471665/PAK/buffalo/2011/Asia1/ASIA/Unknown        2.47%    passed     94.45%
  19  OM471664/PAK/buffalo/2011/Asia1/ASIA/Unknown        2.47%    passed     94.99%
  20  OM471663/PAK/cattle/2012/Asia1/ASIA/Unknown         2.47%    passed     96.34%
  21  OM471662/PAK/cattle/2012/Asia1/ASIA/Unknown         2.47%    passed     96.34%
  22  OM471661/PAK/cattle/2012/Asia1/ASIA/Unknown         2.47%    passed     85.44%
  23  OM471660/PAK/buffalo/2012/Asia1/ASIA/Unknown        2.47%    passed     98.16%
  24  OM471659/PAK/cattle/2012/Asia1/ASIA/Unknown         2.47%    passed     92.99%
  25  MF372126/IND/gayal/1994/Asia1/ASIA/Unknown          2.47%    passed     92.13%
  26  MF372125/IND/gayal/2016/Asia1/ASIA/Unknown          2.47%    passed     88.27%
  27  MF782478/BGD/cattle/2013/Asia1/ASIA/Unknown         2.47%    passed     99.25%
  28  KM268898/TUR/cattle/2013/Asia1/ASIA/Unknown         2.47%    passed     98.38%
  29  JN006720/PAK/Unknown/2009/Asia1/ASIA/Unknown        2.47%    passed     95.78%
  30  JN006719/PAK/Unknown/2008/Asia1/ASIA/Unknown        2.47%    passed     98.69%
  31  HQ631363/CHN/pig/2006/Asia1/ASIA/Unknown            2.47%    passed     95.82%
  32  HQ632774/MYS/cattle/1999/Asia1/ASIA/Unknown         2.47%    passed     81.26%
  33  FJ906802/CHN/pig/2006/Asia1/ASIA/Unknown            2.47%    passed     92.55%
  34  HQ113233/AFG/cow/2009/Asia1/ASIA/Unknown            2.47%    passed     85.25%
  35  GQ452295/VNM/cattle/2007/Asia1/ASIA/Unknown         2.47%    passed     93.43%
  36  GU125646/VNM/buffalo/2005/Asia1/ASIA/Unknown        2.47%    passed     92.25%
  37  GU125645/VNM/cattle/2007/Asia1/ASIA/Unknown         2.47%    passed     95.10%
  38  DQ989323/IND/cattle/2002/Asia1/ASIA/Unknown         2.47%    passed     82.45%
  39  DQ989322/IND/cattle/2002/Asia1/ASIA/Unknown         2.47%    passed     62.41%
  40  DQ989321/IND/cattle/2001/Asia1/ASIA/Unknown         2.47%    passed     60.95%
  41  DQ989320/IND/cattle/2002/Asia1/ASIA/Unknown         2.47%    passed     83.28%
  42  DQ989319/IND/cattle/2001/Asia1/ASIA/Unknown         2.47%    passed     99.36%
  43  DQ989318/IND/cattle/2002/Asia1/ASIA/Unknown         2.47%    passed     74.35%
  44  DQ989317/IND/buffalo/2000/Asia1/ASIA/Unknown        2.47%    passed     96.63%
  45  DQ989315/IND/cattle/1993/Asia1/ASIA/Unknown         2.47%    passed     95.71%
  46  DQ989314/IND/cattle/2001/Asia1/ASIA/Unknown         2.47%    passed     82.79%
  47  DQ989313/IND/buffalo/1986/Asia1/ASIA/Unknown        2.55%    passed     87.43%
  48  DQ989312/IND/sheep/1990/Asia1/ASIA/Unknown          2.47%    passed     95.79%
  49  DQ989311/IND/buffalo/2002/Asia1/ASIA/Unknown        2.47%    passed     99.95%
  50  DQ989310/IND/cattle/1999/Asia1/ASIA/Unknown         2.47%    passed     96.37%
  51  DQ989309/IND/cattle/1996/Asia1/ASIA/Unknown         2.47%    passed     92.13%
  52  DQ989308/IND/cattle/1994/Asia1/ASIA/Unknown         2.47%    passed     96.40%
  53  DQ989307/IND/cattle/1992/Asia1/ASIA/Unknown         2.47%    passed     99.54%
  54  DQ989306/IND/cattle/1986/Asia1/ASIA/Unknown         2.47%    passed     98.80%
  55  DQ989305/IND/cattle/1990/Asia1/ASIA/Unknown         2.47%    passed     97.19%
  56  DQ989304/IND/cattle/2000/Asia1/ASIA/Unknown         2.47%    passed     99.43%
  57  DQ989303/IND/cattle/1993/Asia1/ASIA/Unknown         2.47%    passed     99.09%
  58  AY593800/LBN/Unknown/1983/Asia1/ASIA/Unknown        2.47%    passed     99.98%
  59  AY593799/LBN/Unknown/1983/Asia1/ASIA/Unknown        2.47%    passed     99.98%
  60  AY593798/LBN/Unknown/1983/Asia1/ASIA/Unknown        2.47%    passed     99.98%
  61  AY593796/ISR/Unknown/1963/Asia1/ASIA/Unknown        2.47%    passed     97.33%
  62  AY593795/PAK/Unknown/1954/Asia1/ASIA/Unknown        2.47%    passed     96.04%
  63  AY390432/Unknown/Unknown/2005/Asia1/ASIA/Unknown    2.47%    passed     75.49%
  64  EF614458/MNG/cattle/2005/Asia1/ASIA/Unknown         2.47%    passed     98.31%
  65  EF149010/CHN/Unknown/2005/Asia1/ASIA/Unknown        2.47%    passed     96.16%
  66  EF149009/CHN/Unknown/2005/Asia1/ASIA/Unknown        2.47%    passed     91.53%
****  TOTAL                                               2.47%  0 sequences failed composition chi2 test (p-value<5%; df=3)
NOTE: OM471665/PAK/buffalo/2011/Asia1/ASIA/Unknown is identical to OM471676/PAK/cattle/2011/Asia1/ASIA/Unknown but kept for subsequent analysis
NOTE: OM471674/PAK/cattle/2011/Asia1/ASIA/Unknown is identical to OM471675/PAK/cattle/2011/Asia1/ASIA/Unknown but kept for subsequent analysis
NOTE: OM471668/PAK/cattle/2012/Asia1/ASIA/Unknown is identical to OM471669/PAK/cattle/2012/Asia1/ASIA/Unknown but kept for subsequent analysis
NOTE: OM471662/PAK/cattle/2012/Asia1/ASIA/Unknown is identical to OM471663/PAK/cattle/2012/Asia1/ASIA/Unknown but kept for subsequent analysis
NOTE: DQ989309/IND/cattle/1996/Asia1/ASIA/Unknown is identical to MF372126/IND/gayal/1994/Asia1/ASIA/Unknown but kept for subsequent analysis
NOTE: AY593799/LBN/Unknown/1983/Asia1/ASIA/Unknown is identical to AY593800/LBN/Unknown/1983/Asia1/ASIA/Unknown but kept for subsequent analysis
Checking for duplicate sequences: done in 0.0702399 secs
Identifying sites to remove: done in 0.0091114 secs
NOTE: 2 identical sequences (see below) will be ignored for subsequent analysis
NOTE: OM471659/PAK/cattle/2012/Asia1/ASIA/Unknown (identical to OM471669/PAK/cattle/2012/Asia1/ASIA/Unknown) is ignored but added at the end
NOTE: AY593798/LBN/Unknown/1983/Asia1/ASIA/Unknown (identical to AY593800/LBN/Unknown/1983/Asia1/ASIA/Unknown) is ignored but added at the end
Alignment was printed to alignments_no_probang_etc\recombinant_free_regions\Asia1\Asia1_3555-6990_no_probang.uniqueseq.phy

For your convenience alignment with unique sequences printed to alignments_no_probang_etc\recombinant_free_regions\Asia1\Asia1_3555-6990_no_probang.uniqueseq.phy
Creating fast initial parsimony tree by random order stepwise addition...
0.026 seconds, parsimony score: 4186 (based on 1202 sites)
Generating 1000 samples for ultrafast bootstrap (seed: 278848)...

NOTE: 12 MB RAM (0 GB) is required!
Estimate model parameters (epsilon = 0.100)
Thoroughly optimizing +I+G parameters from 10 start values...
Init pinv, alpha: 0.000, 1.000 / Estimate: 0.000, 0.227 / LogL: -24667.785
Init pinv, alpha: 0.073, 1.000 / Estimate: 0.456, 0.549 / LogL: -24555.518
Init pinv, alpha: 0.146, 1.000 / Estimate: 0.456, 0.549 / LogL: -24555.519
Init pinv, alpha: 0.220, 1.000 / Estimate: 0.457, 0.551 / LogL: -24555.488
Init pinv, alpha: 0.293, 1.000 / Estimate: 0.456, 0.550 / LogL: -24555.504
Init pinv, alpha: 0.366, 1.000 / Estimate: 0.456, 0.549 / LogL: -24555.523
Init pinv, alpha: 0.439, 1.000 / Estimate: 0.456, 0.550 / LogL: -24555.517
Init pinv, alpha: 0.512, 1.000 / Estimate: 0.488, 0.622 / LogL: -24555.448
Init pinv, alpha: 0.586, 1.000 / Estimate: 0.488, 0.623 / LogL: -24555.470
Init pinv, alpha: 0.659, 1.000 / Estimate: 0.487, 0.621 / LogL: -24555.459
Optimal pinv,alpha: 0.488, 0.622 / LogL: -24555.448

Parameters optimization took 35.651 sec
Wrote distance file to... 
Computing ML distances based on estimated model parameters...
Calculating distance matrix: done in 0.0576533 secs using 81.3% CPU
Computing ML distances took 0.066774 sec (of wall-clock time) 0.046875 sec (of CPU time)
Setting up auxiliary I and S matrices: done in 0.0002448 secs
Constructing RapidNJ tree: done in 0.0005787 secs
Computing RapidNJ tree took 0.059046 sec (of wall-clock time) 0.046875 sec (of CPU time)
Log-likelihood of RapidNJ tree: -24495.677
--------------------------------------------------------------------
|             INITIALIZING CANDIDATE TREE SET                      |
--------------------------------------------------------------------
Generating 98 parsimony trees... 1.571 second
Computing log-likelihood of 98 initial trees ... 3.605 seconds
Current best score: -24444.214

Do NNI search on 20 best initial trees
Optimizing NNI: done in 0.946654 secs using 97.38% CPU
Estimate model parameters (epsilon = 0.100)
BETTER TREE FOUND at iteration 1: -24398.300
Optimizing NNI: done in 1.09324 secs using 95.76% CPU
Estimate model parameters (epsilon = 0.100)
BETTER TREE FOUND at iteration 2: -24387.610
Optimizing NNI: done in 1.18725 secs using 96.07% CPU
Optimizing NNI: done in 0.862353 secs using 92.41% CPU
Optimizing NNI: done in 0.91871 secs using 98.64% CPU
Optimizing NNI: done in 0.806964 secs using 96.81% CPU
Estimate model parameters (epsilon = 0.100)
BETTER TREE FOUND at iteration 6: -24385.280
Optimizing NNI: done in 0.862689 secs using 97.8% CPU
Optimizing NNI: done in 1.11303 secs using 99.67% CPU
Optimizing NNI: done in 0.947334 secs using 97.31% CPU
Estimate model parameters (epsilon = 0.100)
BETTER TREE FOUND at iteration 9: -24377.624
Optimizing NNI: done in 1.31969 secs using 93.54% CPU
Iteration 10 / LogL: -24397.755 / Time: 0h:0m:53s
Optimizing NNI: done in 0.834759 secs using 97.33% CPU
Optimizing NNI: done in 0.904677 secs using 100.2% CPU
Optimizing NNI: done in 1.17693 secs using 95.59% CPU
Optimizing NNI: done in 1.05195 secs using 92.09% CPU
Optimizing NNI: done in 1.01912 secs using 98.12% CPU
Optimizing NNI: done in 1.11639 secs using 96.57% CPU
Optimizing NNI: done in 1.2159 secs using 88.67% CPU
Optimizing NNI: done in 1.19258 secs using 93.02% CPU
Optimizing NNI: done in 1.28989 secs using 94.48% CPU
Optimizing NNI: done in 1.4259 secs using 85.47% CPU
Iteration 20 / LogL: -24383.918 / Time: 0h:1m:4s
Finish initializing candidate tree set (20)
Current best tree score: -24377.624 / CPU time: 28.475
Number of iterations: 20
--------------------------------------------------------------------
|               OPTIMIZING CANDIDATE TREE SET                      |
--------------------------------------------------------------------
Optimizing NNI: done in 0.91505 secs using 75.13% CPU
Optimizing NNI: done in 0.877324 secs using 81.93% CPU
Optimizing NNI: done in 0.999446 secs using 76.6% CPU
Optimizing NNI: done in 0.725928 secs using 96.86% CPU
Optimizing NNI: done in 0.519833 secs using 99.19% CPU
Optimizing NNI: done in 1.02511 secs using 89.93% CPU
Optimizing NNI: done in 0.855491 secs using 98.63% CPU
Optimizing NNI: done in 0.739892 secs using 97.14% CPU
Optimizing NNI: done in 0.934334 secs using 98.67% CPU
Optimizing NNI: done in 1.04126 secs using 91.54% CPU
Iteration 30 / LogL: -24377.625 / Time: 0h:1m:13s (0h:3m:20s left)
Optimizing NNI: done in 0.870799 secs using 98.69% CPU
Optimizing NNI: done in 0.815284 secs using 99.66% CPU
Optimizing NNI: done in 0.872781 secs using 100.3% CPU
Optimizing NNI: done in 0.898674 secs using 99.1% CPU
Estimate model parameters (epsilon = 0.100)
BETTER TREE FOUND at iteration 34: -24373.676
Optimizing NNI: done in 0.955012 secs using 96.53% CPU
Optimizing NNI: done in 1.05859 secs using 98.89% CPU
Estimate model parameters (epsilon = 0.100)
BETTER TREE FOUND at iteration 36: -24373.614
Optimizing NNI: done in 0.699025 secs using 93.88% CPU
Optimizing NNI: done in 0.894738 secs using 97.79% CPU
Optimizing NNI: done in 1.22469 secs using 98.24% CPU
Optimizing NNI: done in 0.851463 secs using 97.26% CPU
Iteration 40 / LogL: -24380.849 / Time: 0h:1m:23s (0h:3m:25s left)
Optimizing NNI: done in 0.917069 secs using 98.82% CPU
Optimizing NNI: done in 1.09563 secs using 98.4% CPU
Optimizing NNI: done in 0.945289 secs using 100.8% CPU
Optimizing NNI: done in 0.760528 secs using 98.62% CPU
Optimizing NNI: done in 0.712087 secs using 100.9% CPU
Optimizing NNI: done in 0.714049 secs using 94.09% CPU
Optimizing NNI: done in 1.0313 secs using 100% CPU
Optimizing NNI: done in 0.501538 secs using 99.69% CPU
Optimizing NNI: done in 0.897659 secs using 99.22% CPU
Optimizing NNI: done in 0.852919 secs using 95.26% CPU
Iteration 50 / LogL: -24377.715 / Time: 0h:1m:32s (0h:2m:41s left)
Log-likelihood cutoff on original alignment: -24443.705
Optimizing NNI: done in 0.774363 secs using 98.87% CPU
Optimizing NNI: done in 0.815712 secs using 101.5% CPU
Optimizing NNI: done in 0.97906 secs using 95.76% CPU
Optimizing NNI: done in 0.767728 secs using 97.69% CPU
Optimizing NNI: done in 0.529074 secs using 100.4% CPU
Optimizing NNI: done in 0.663706 secs using 101.2% CPU
Optimizing NNI: done in 0.726226 secs using 94.67% CPU
UPDATE BEST LOG-LIKELIHOOD: -24373.613
Optimizing NNI: done in 0.934295 secs using 100.3% CPU
Optimizing NNI: done in 0.993666 secs using 99.06% CPU
Optimizing NNI: done in 0.692021 secs using 99.35% CPU
Estimate model parameters (epsilon = 0.100)
BETTER TREE FOUND at iteration 60: -24373.221
Iteration 60 / LogL: -24373.221 / Time: 0h:1m:41s (0h:2m:51s left)
Optimizing NNI: done in 0.995936 secs using 98.84% CPU
Estimate model parameters (epsilon = 0.100)
BETTER TREE FOUND at iteration 61: -24369.269
Optimizing NNI: done in 1.01242 secs using 98.77% CPU
Optimizing NNI: done in 0.941564 secs using 99.57% CPU
Optimizing NNI: done in 0.695426 secs using 96.61% CPU
Optimizing NNI: done in 1.21439 secs using 97.79% CPU
Optimizing NNI: done in 0.98741 secs using 99.69% CPU
Optimizing NNI: done in 0.705781 secs using 97.41% CPU
Optimizing NNI: done in 1.01989 secs using 96.52% CPU
Optimizing NNI: done in 0.899026 secs using 100.8% CPU
Optimizing NNI: done in 0.947096 secs using 90.74% CPU
Iteration 70 / LogL: -24372.403 / Time: 0h:1m:51s (0h:2m:26s left)
Optimizing NNI: done in 0.88844 secs using 94.97% CPU
Optimizing NNI: done in 1.24872 secs using 82.58% CPU
Optimizing NNI: done in 0.841741 secs using 92.81% CPU
Optimizing NNI: done in 1.10581 secs using 93.26% CPU
Estimate model parameters (epsilon = 0.100)
BETTER TREE FOUND at iteration 74: -24369.215
Optimizing NNI: done in 1.17196 secs using 97.33% CPU
Estimate model parameters (epsilon = 0.100)
BETTER TREE FOUND at iteration 75: -24368.020
Optimizing NNI: done in 1.25444 secs using 95.91% CPU
Optimizing NNI: done in 0.874304 secs using 91.14% CPU
Optimizing NNI: done in 0.94073 secs using 96.33% CPU
Optimizing NNI: done in 0.872477 secs using 93.13% CPU
Estimate model parameters (epsilon = 0.100)
BETTER TREE FOUND at iteration 79: -24367.977
Optimizing NNI: done in 0.830364 secs using 88.44% CPU
Iteration 80 / LogL: -24370.107 / Time: 0h:2m:2s (0h:2m:32s left)
Optimizing NNI: done in 0.918593 secs using 96.96% CPU
Optimizing NNI: done in 0.995459 secs using 100.5% CPU
Optimizing NNI: done in 0.949117 secs using 95.48% CPU
Optimizing NNI: done in 0.875209 secs using 96.41% CPU
Optimizing NNI: done in 0.999275 secs using 93.82% CPU
Optimizing NNI: done in 0.925397 secs using 99.62% CPU
Optimizing NNI: done in 0.753789 secs using 97.42% CPU
Optimizing NNI: done in 1.08409 secs using 89.36% CPU
Optimizing NNI: done in 0.767817 secs using 97.68% CPU
Optimizing NNI: done in 0.887171 secs using 88.06% CPU
Iteration 90 / LogL: -24368.380 / Time: 0h:2m:11s (0h:2m:11s left)
Optimizing NNI: done in 0.726684 secs using 98.91% CPU
Optimizing NNI: done in 0.763495 secs using 98.23% CPU
Optimizing NNI: done in 1.24775 secs using 90.16% CPU
Optimizing NNI: done in 1.26491 secs using 84% CPU
Optimizing NNI: done in 1.05003 secs using 78.87% CPU
Optimizing NNI: done in 1.41647 secs using 71.7% CPU
Optimizing NNI: done in 1.10575 secs using 81.96% CPU
Optimizing NNI: done in 1.05637 secs using 72.48% CPU
Optimizing NNI: done in 1.19408 secs using 78.51% CPU
Optimizing NNI: done in 1.13545 secs using 81.19% CPU
Iteration 100 / LogL: -24368.018 / Time: 0h:2m:24s (0h:1m:55s left)
Log-likelihood cutoff on original alignment: -24443.705
NOTE: Bootstrap correlation coefficient of split occurrence frequencies: 0.992
Optimizing NNI: done in 1.17533 secs using 74.45% CPU
Optimizing NNI: done in 1.27505 secs using 75.98% CPU
Optimizing NNI: done in 1.24536 secs using 92.84% CPU
Optimizing NNI: done in 1.01614 secs using 89.19% CPU
Optimizing NNI: done in 1.40935 secs using 74.28% CPU
Optimizing NNI: done in 1.35786 secs using 73.65% CPU
Optimizing NNI: done in 0.973358 secs using 88.29% CPU
Optimizing NNI: done in 1.2168 secs using 86.03% CPU
Optimizing NNI: done in 1.17367 secs using 97.18% CPU
Optimizing NNI: done in 0.772787 secs using 99.07% CPU
Iteration 110 / LogL: -24386.111 / Time: 0h:2m:39s (0h:2m:11s left)
Optimizing NNI: done in 1.65651 secs using 57.54% CPU
Optimizing NNI: done in 1.1067 secs using 83.3% CPU
Optimizing NNI: done in 1.1452 secs using 68.22% CPU
Optimizing NNI: done in 1.44734 secs using 74.49% CPU
Optimizing NNI: done in 1.01695 secs using 69.14% CPU
Optimizing NNI: done in 0.925645 secs using 84.4% CPU
Optimizing NNI: done in 1.19687 secs using 83.55% CPU
Optimizing NNI: done in 1.10501 secs using 86.25% CPU
Optimizing NNI: done in 1.15659 secs using 87.81% CPU
Optimizing NNI: done in 1.07126 secs using 83.14% CPU
Iteration 120 / LogL: -24370.672 / Time: 0h:2m:51s (0h:1m:55s left)
Optimizing NNI: done in 1.04 secs using 93.15% CPU
Optimizing NNI: done in 1.07821 secs using 85.5% CPU
Optimizing NNI: done in 1.47259 secs using 87.01% CPU
Optimizing NNI: done in 0.844802 secs using 94.33% CPU
Optimizing NNI: done in 1.15859 secs using 80.92% CPU
Optimizing NNI: done in 1.00088 secs using 96.79% CPU
Optimizing NNI: done in 0.840251 secs using 92.98% CPU
Optimizing NNI: done in 0.972885 secs using 88.33% CPU
Optimizing NNI: done in 0.959826 secs using 92.79% CPU
Optimizing NNI: done in 1.00261 secs using 88.83% CPU
Iteration 130 / LogL: -24368.018 / Time: 0h:3m:3s (0h:1m:39s left)
Optimizing NNI: done in 0.882094 secs using 92.11% CPU
Optimizing NNI: done in 1.39128 secs using 92.09% CPU
Optimizing NNI: done in 1.354 secs using 75.01% CPU
Optimizing NNI: done in 0.824703 secs using 89.05% CPU
Optimizing NNI: done in 1.30808 secs using 88.39% CPU
Optimizing NNI: done in 1.37255 secs using 71.72% CPU
Optimizing NNI: done in 1.22882 secs using 80.11% CPU
Optimizing NNI: done in 0.972201 secs using 83.57% CPU
Optimizing NNI: done in 1.12764 secs using 81.75% CPU
Optimizing NNI: done in 1.06807 secs using 71.68% CPU
Iteration 140 / LogL: -24368.011 / Time: 0h:3m:16s (0h:1m:24s left)
Optimizing NNI: done in 1.08713 secs using 73.3% CPU
Optimizing NNI: done in 0.932738 secs using 90.46% CPU
Optimizing NNI: done in 1.24309 secs using 94.27% CPU
Optimizing NNI: done in 0.81409 secs using 90.21% CPU
Optimizing NNI: done in 0.905729 secs using 94.88% CPU
Optimizing NNI: done in 1.00987 secs using 99.02% CPU
Optimizing NNI: done in 0.790422 secs using 100.8% CPU
Optimizing NNI: done in 1.00342 secs using 99.66% CPU
Optimizing NNI: done in 0.575742 secs using 100.4% CPU
Optimizing NNI: done in 0.901986 secs using 100.5% CPU
Iteration 150 / LogL: -24368.018 / Time: 0h:3m:25s (0h:1m:9s left)
Log-likelihood cutoff on original alignment: -24443.705
Optimizing NNI: done in 0.830892 secs using 92.14% CPU
Optimizing NNI: done in 1.03675 secs using 97.96% CPU
Optimizing NNI: done in 0.836602 secs using 97.12% CPU
Optimizing NNI: done in 0.722461 secs using 99.49% CPU
Optimizing NNI: done in 0.818034 secs using 99.32% CPU
Optimizing NNI: done in 1.23017 secs using 97.8% CPU
Optimizing NNI: done in 0.678788 secs using 101.3% CPU
Optimizing NNI: done in 0.898176 secs using 100.9% CPU
Optimizing NNI: done in 0.872402 secs using 94.92% CPU
Optimizing NNI: done in 0.947538 secs using 98.94% CPU
Iteration 160 / LogL: -24369.498 / Time: 0h:3m:35s (0h:0m:54s left)
Optimizing NNI: done in 0.826419 secs using 100.2% CPU
Optimizing NNI: done in 0.776613 secs using 100.6% CPU
Optimizing NNI: done in 0.92466 secs using 101.4% CPU
Optimizing NNI: done in 0.921547 secs using 98.34% CPU
Optimizing NNI: done in 0.990637 secs using 99.37% CPU
Optimizing NNI: done in 0.728607 secs using 100.8% CPU
Optimizing NNI: done in 0.921395 secs using 100.1% CPU
Optimizing NNI: done in 1.00427 secs using 99.57% CPU
Optimizing NNI: done in 0.653528 secs using 98.03% CPU
Optimizing NNI: done in 0.817266 secs using 97.5% CPU
Iteration 170 / LogL: -24371.246 / Time: 0h:3m:44s (0h:0m:39s left)
Optimizing NNI: done in 1.08219 secs using 101.1% CPU
Optimizing NNI: done in 0.844598 secs using 99.9% CPU
Optimizing NNI: done in 0.855588 secs using 96.79% CPU
Optimizing NNI: done in 0.813775 secs using 97.92% CPU
Optimizing NNI: done in 0.974657 secs using 96.19% CPU
Optimizing NNI: done in 1.06442 secs using 99.82% CPU
Optimizing NNI: done in 0.833526 secs using 91.85% CPU
Optimizing NNI: done in 0.765124 secs using 93.94% CPU
Optimizing NNI: done in 0.674122 secs using 95.03% CPU
Optimizing NNI: done in 1.0309 secs using 97% CPU
Iteration 180 / LogL: -24367.992 / Time: 0h:3m:53s (0h:0m:26s left)
TREE SEARCH COMPLETED AFTER 180 ITERATIONS / Time: 0h:3m:53s

--------------------------------------------------------------------
|                    FINALIZING TREE SEARCH                        |
--------------------------------------------------------------------
Performs final model parameters optimization
Estimate model parameters (epsilon = 0.010)
1. Initial log-likelihood: -24367.977
Optimal log-likelihood: -24367.976
Rate parameters:  A-C: 1.08491  A-G: 8.98644  A-T: 1.41926  C-G: 0.79246  C-T: 16.54008  G-T: 1.00000
Base frequencies:  A: 0.260  C: 0.267  G: 0.260  T: 0.214
Proportion of invariable sites: 0.470
Gamma shape alpha: 0.589
Parameters optimization took 1 rounds (0.202 sec)
BEST SCORE FOUND : -24367.976
Creating bootstrap support values...
Split supports printed to NEXUS file alignments_no_probang_etc\recombinant_free_regions\Asia1\Asia1_3555-6990_no_probang.splits.nex
Total tree length: 1.608

Total number of iterations: 180
CPU time used for tree search: 175.344 sec (0h:2m:55s)
Wall-clock time used for tree search: 197.464 sec (0h:3m:17s)
Total CPU time used: 209.641 sec (0h:3m:29s)
Total wall-clock time used: 234.650 sec (0h:3m:54s)

Computing bootstrap consensus tree...
Reading input file alignments_no_probang_etc\recombinant_free_regions\Asia1\Asia1_3555-6990_no_probang.splits.nex...
64 taxa and 387 splits.
Consensus tree written to alignments_no_probang_etc\recombinant_free_regions\Asia1\Asia1_3555-6990_no_probang.contree
Reading input trees file alignments_no_probang_etc\recombinant_free_regions\Asia1\Asia1_3555-6990_no_probang.contree
Log-likelihood of consensus tree: -24368.028

Analysis results written to: 
  IQ-TREE report:                alignments_no_probang_etc\recombinant_free_regions\Asia1\Asia1_3555-6990_no_probang.iqtree
  Maximum-likelihood tree:       alignments_no_probang_etc\recombinant_free_regions\Asia1\Asia1_3555-6990_no_probang.treefile
  Likelihood distances:          alignments_no_probang_etc\recombinant_free_regions\Asia1\Asia1_3555-6990_no_probang.mldist

Ultrafast bootstrap approximation results written to:
  Split support values:          alignments_no_probang_etc\recombinant_free_regions\Asia1\Asia1_3555-6990_no_probang.splits.nex
  Consensus tree:                alignments_no_probang_etc\recombinant_free_regions\Asia1\Asia1_3555-6990_no_probang.contree
  Screen log file:               alignments_no_probang_etc\recombinant_free_regions\Asia1\Asia1_3555-6990_no_probang.log

Date and Time: Thu Jan 15 14:49:21 2026
