IQ-TREE version 3.0.1 for Windows 64-bit built May  5 2025
Developed by Bui Quang Minh, Thomas Wong, Nhan Ly-Trong, Huaiyan Ren
Contributed by Lam-Tung Nguyen, Dominik Schrempf, Chris Bielow,
Olga Chernomor, Michael Woodhams, Diep Thi Hoang, Heiko Schmidt

Host:    DESKTOP-IAVMJI2 (AVX2, FMA3, 7 GB RAM)
Command: bin/iqtree3.exe -s alignments_no_probang_etc\recombinant_free_regions\Asia1\Asia1_2993-3525_no_probang.fasta -bb 1000 -m GTR+F+I+G -pre alignments_no_probang_etc\recombinant_free_regions\Asia1\Asia1_2993-3525_no_probang
Seed:    753972 (Using SPRNG - Scalable Parallel Random Number Generator)
Time:    Thu Jan 15 14:43:24 2026
Kernel:  AVX+FMA - 1 threads (8 CPU cores detected)

HINT: Use -nt option to specify number of threads because your CPU has 8 cores!
HINT: -nt AUTO will automatically determine the best number of threads to use.

Reading alignment file alignments_no_probang_etc\recombinant_free_regions\Asia1\Asia1_2993-3525_no_probang.fasta ... Fasta format detected
Reading fasta file: done in 0.0016812 secs
Alignment most likely contains DNA/RNA sequences
Constructing alignment: done in 0.0018102 secs
Alignment has 66 sequences with 533 columns, 174 distinct patterns
117 parsimony-informative, 63 singleton sites, 353 constant sites
                                                  Gap/Ambiguity  Composition  p-value
Analyzing sequences: done in 0.0001162 secs
   1  MN366244/BGD/cattle/2018/Asia1/ASIA/Unknown         0.00%    passed     99.56%
   2  JF749849/PAK/Unknown/2002/Asia1/ASIA/Unknown        0.00%    passed     97.17%
   3  OM471680/PAK/buffalo/2012/Asia1/ASIA/Unknown        0.00%    passed     99.41%
   4  OM471679/PAK/cattle/2012/Asia1/ASIA/Unknown         0.00%    passed     95.60%
   5  OM471678/PAK/cattle/2012/Asia1/ASIA/Unknown         0.00%    passed     95.60%
   6  OM471677/PAK/buffalo/2012/Asia1/ASIA/Unknown        0.00%    passed     98.51%
   7  OM471676/PAK/cattle/2011/Asia1/ASIA/Unknown         0.00%    passed     99.83%
   8  OM471675/PAK/cattle/2011/Asia1/ASIA/Unknown         0.00%    passed     99.77%
   9  OM471674/PAK/cattle/2011/Asia1/ASIA/Unknown         0.00%    passed     99.77%
  10  OM471673/PAK/cattle/2012/Asia1/ASIA/Unknown         0.00%    passed     99.41%
  11  OM471672/PAK/cattle/2012/Asia1/ASIA/Unknown         0.00%    passed     95.60%
  12  OM471671/PAK/cattle/2012/Asia1/ASIA/Unknown         0.00%    passed     95.60%
  13  OM471670/PAK/buffalo/2012/Asia1/ASIA/Unknown        0.00%    passed     99.41%
  14  OM471669/PAK/cattle/2012/Asia1/ASIA/Unknown         0.00%    passed     97.16%
  15  OM471668/PAK/cattle/2012/Asia1/ASIA/Unknown         0.00%    passed     97.16%
  16  OM471667/PAK/buffalo/2011/Asia1/ASIA/Unknown        0.00%    passed     99.93%
  17  OM471666/PAK/buffalo/2011/Asia1/ASIA/Unknown        0.00%    passed     99.93%
  18  OM471665/PAK/buffalo/2011/Asia1/ASIA/Unknown        0.00%    passed     99.83%
  19  OM471664/PAK/buffalo/2011/Asia1/ASIA/Unknown        0.00%    passed     99.83%
  20  OM471663/PAK/cattle/2012/Asia1/ASIA/Unknown         0.00%    passed     99.41%
  21  OM471662/PAK/cattle/2012/Asia1/ASIA/Unknown         0.00%    passed     99.41%
  22  OM471661/PAK/cattle/2012/Asia1/ASIA/Unknown         0.00%    passed     99.77%
  23  OM471660/PAK/buffalo/2012/Asia1/ASIA/Unknown        0.00%    passed     99.15%
  24  OM471659/PAK/cattle/2012/Asia1/ASIA/Unknown         0.00%    passed     97.16%
  25  MF372126/IND/gayal/1994/Asia1/ASIA/Unknown          0.00%    passed     89.88%
  26  MF372125/IND/gayal/2016/Asia1/ASIA/Unknown          0.00%    passed     96.19%
  27  MF782478/BGD/cattle/2013/Asia1/ASIA/Unknown         0.00%    passed     93.63%
  28  KM268898/TUR/cattle/2013/Asia1/ASIA/Unknown         0.00%    passed     99.41%
  29  JN006720/PAK/Unknown/2009/Asia1/ASIA/Unknown        0.00%    passed     97.29%
  30  JN006719/PAK/Unknown/2008/Asia1/ASIA/Unknown        0.00%    passed     99.15%
  31  HQ631363/CHN/pig/2006/Asia1/ASIA/Unknown            0.00%    passed     99.94%
  32  HQ632774/MYS/cattle/1999/Asia1/ASIA/Unknown         0.00%    passed     93.81%
  33  FJ906802/CHN/pig/2006/Asia1/ASIA/Unknown            0.00%    passed     99.98%
  34  HQ113233/AFG/cow/2009/Asia1/ASIA/Unknown            0.00%    passed     99.90%
  35  GQ452295/VNM/cattle/2007/Asia1/ASIA/Unknown         0.00%    passed     99.83%
  36  GU125646/VNM/buffalo/2005/Asia1/ASIA/Unknown        0.00%    passed     99.56%
  37  GU125645/VNM/cattle/2007/Asia1/ASIA/Unknown         0.00%    passed     99.83%
  38  DQ989323/IND/cattle/2002/Asia1/ASIA/Unknown         0.00%    passed     99.98%
  39  DQ989322/IND/cattle/2002/Asia1/ASIA/Unknown         0.00%    passed     99.56%
  40  DQ989321/IND/cattle/2001/Asia1/ASIA/Unknown         0.00%    passed     99.15%
  41  DQ989320/IND/cattle/2002/Asia1/ASIA/Unknown         0.00%    passed     95.99%
  42  DQ989319/IND/cattle/2001/Asia1/ASIA/Unknown         0.00%    passed     99.24%
  43  DQ989318/IND/cattle/2002/Asia1/ASIA/Unknown         0.00%    passed     99.13%
  44  DQ989317/IND/buffalo/2000/Asia1/ASIA/Unknown        0.00%    passed     99.64%
  45  DQ989315/IND/cattle/1993/Asia1/ASIA/Unknown         0.00%    passed     98.54%
  46  DQ989314/IND/cattle/2001/Asia1/ASIA/Unknown         0.00%    passed     95.34%
  47  DQ989313/IND/buffalo/1986/Asia1/ASIA/Unknown        0.00%    passed     90.66%
  48  DQ989312/IND/sheep/1990/Asia1/ASIA/Unknown          0.00%    passed     98.39%
  49  DQ989311/IND/buffalo/2002/Asia1/ASIA/Unknown        0.00%    passed     95.38%
  50  DQ989310/IND/cattle/1999/Asia1/ASIA/Unknown         0.00%    passed     96.81%
  51  DQ989309/IND/cattle/1996/Asia1/ASIA/Unknown         0.00%    passed     89.88%
  52  DQ989308/IND/cattle/1994/Asia1/ASIA/Unknown         0.00%    passed     99.65%
  53  DQ989307/IND/cattle/1992/Asia1/ASIA/Unknown         0.00%    passed     90.67%
  54  DQ989306/IND/cattle/1986/Asia1/ASIA/Unknown         0.00%    passed     97.10%
  55  DQ989305/IND/cattle/1990/Asia1/ASIA/Unknown         0.00%    passed     84.57%
  56  DQ989304/IND/cattle/2000/Asia1/ASIA/Unknown         0.00%    passed     97.10%
  57  DQ989303/IND/cattle/1993/Asia1/ASIA/Unknown         0.00%    passed     96.62%
  58  AY593800/LBN/Unknown/1983/Asia1/ASIA/Unknown        0.00%    passed     99.73%
  59  AY593799/LBN/Unknown/1983/Asia1/ASIA/Unknown        0.00%    passed     99.73%
  60  AY593798/LBN/Unknown/1983/Asia1/ASIA/Unknown        0.00%    passed     99.73%
  61  AY593796/ISR/Unknown/1963/Asia1/ASIA/Unknown        0.00%    passed     96.81%
  62  AY593795/PAK/Unknown/1954/Asia1/ASIA/Unknown        0.00%    passed     94.94%
  63  AY390432/Unknown/Unknown/2005/Asia1/ASIA/Unknown    0.00%    passed     87.76%
  64  EF614458/MNG/cattle/2005/Asia1/ASIA/Unknown         0.00%    passed     99.92%
  65  EF149010/CHN/Unknown/2005/Asia1/ASIA/Unknown        0.00%    passed     99.15%
  66  EF149009/CHN/Unknown/2005/Asia1/ASIA/Unknown        0.00%    passed     99.41%
****  TOTAL                                               0.00%  0 sequences failed composition chi2 test (p-value<5%; df=3)
NOTE: OM471673/PAK/cattle/2012/Asia1/ASIA/Unknown is identical to OM471680/PAK/buffalo/2012/Asia1/ASIA/Unknown but kept for subsequent analysis
NOTE: OM471678/PAK/cattle/2012/Asia1/ASIA/Unknown is identical to OM471679/PAK/cattle/2012/Asia1/ASIA/Unknown but kept for subsequent analysis
NOTE: OM471665/PAK/buffalo/2011/Asia1/ASIA/Unknown is identical to OM471676/PAK/cattle/2011/Asia1/ASIA/Unknown but kept for subsequent analysis
NOTE: OM471674/PAK/cattle/2011/Asia1/ASIA/Unknown is identical to OM471675/PAK/cattle/2011/Asia1/ASIA/Unknown but kept for subsequent analysis
NOTE: OM471668/PAK/cattle/2012/Asia1/ASIA/Unknown is identical to OM471669/PAK/cattle/2012/Asia1/ASIA/Unknown but kept for subsequent analysis
NOTE: OM471666/PAK/buffalo/2011/Asia1/ASIA/Unknown is identical to OM471667/PAK/buffalo/2011/Asia1/ASIA/Unknown but kept for subsequent analysis
NOTE: DQ989309/IND/cattle/1996/Asia1/ASIA/Unknown is identical to MF372126/IND/gayal/1994/Asia1/ASIA/Unknown but kept for subsequent analysis
NOTE: GU125645/VNM/cattle/2007/Asia1/ASIA/Unknown is identical to GQ452295/VNM/cattle/2007/Asia1/ASIA/Unknown but kept for subsequent analysis
NOTE: DQ989304/IND/cattle/2000/Asia1/ASIA/Unknown is identical to DQ989306/IND/cattle/1986/Asia1/ASIA/Unknown but kept for subsequent analysis
NOTE: AY593799/LBN/Unknown/1983/Asia1/ASIA/Unknown is identical to AY593800/LBN/Unknown/1983/Asia1/ASIA/Unknown but kept for subsequent analysis
Checking for duplicate sequences: done in 0.13291 secs
Identifying sites to remove: done in 0.0013387 secs
NOTE: 8 identical sequences (see below) will be ignored for subsequent analysis
NOTE: OM471670/PAK/buffalo/2012/Asia1/ASIA/Unknown (identical to OM471680/PAK/buffalo/2012/Asia1/ASIA/Unknown) is ignored but added at the end
NOTE: OM471663/PAK/cattle/2012/Asia1/ASIA/Unknown (identical to OM471680/PAK/buffalo/2012/Asia1/ASIA/Unknown) is ignored but added at the end
NOTE: OM471662/PAK/cattle/2012/Asia1/ASIA/Unknown (identical to OM471680/PAK/buffalo/2012/Asia1/ASIA/Unknown) is ignored but added at the end
NOTE: OM471672/PAK/cattle/2012/Asia1/ASIA/Unknown (identical to OM471679/PAK/cattle/2012/Asia1/ASIA/Unknown) is ignored but added at the end
NOTE: OM471671/PAK/cattle/2012/Asia1/ASIA/Unknown (identical to OM471679/PAK/cattle/2012/Asia1/ASIA/Unknown) is ignored but added at the end
NOTE: OM471664/PAK/buffalo/2011/Asia1/ASIA/Unknown (identical to OM471676/PAK/cattle/2011/Asia1/ASIA/Unknown) is ignored but added at the end
NOTE: OM471659/PAK/cattle/2012/Asia1/ASIA/Unknown (identical to OM471669/PAK/cattle/2012/Asia1/ASIA/Unknown) is ignored but added at the end
NOTE: AY593798/LBN/Unknown/1983/Asia1/ASIA/Unknown (identical to AY593800/LBN/Unknown/1983/Asia1/ASIA/Unknown) is ignored but added at the end
Alignment was printed to alignments_no_probang_etc\recombinant_free_regions\Asia1\Asia1_2993-3525_no_probang.uniqueseq.phy

For your convenience alignment with unique sequences printed to alignments_no_probang_etc\recombinant_free_regions\Asia1\Asia1_2993-3525_no_probang.uniqueseq.phy
Creating fast initial parsimony tree by random order stepwise addition...
0.016 seconds, parsimony score: 515 (based on 180 sites)
Generating 1000 samples for ultrafast bootstrap (seed: 753972)...

NOTE: 2 MB RAM (0 GB) is required!
Estimate model parameters (epsilon = 0.100)
Thoroughly optimizing +I+G parameters from 10 start values...
Init pinv, alpha: 0.000, 1.000 / Estimate: 0.000, 0.236 / LogL: -3335.681
Init pinv, alpha: 0.074, 1.000 / Estimate: 0.412, 0.499 / LogL: -3320.348
Init pinv, alpha: 0.147, 1.000 / Estimate: 0.417, 0.507 / LogL: -3320.275
Init pinv, alpha: 0.221, 1.000 / Estimate: 0.417, 0.506 / LogL: -3320.280
Init pinv, alpha: 0.294, 1.000 / Estimate: 0.413, 0.501 / LogL: -3320.332
Init pinv, alpha: 0.368, 1.000 / Estimate: 0.414, 0.502 / LogL: -3320.321
Init pinv, alpha: 0.442, 1.000 / Estimate: 0.450, 0.566 / LogL: -3319.949
Init pinv, alpha: 0.515, 1.000 / Estimate: 0.496, 0.677 / LogL: -3320.014
Init pinv, alpha: 0.589, 1.000 / Estimate: 0.502, 0.695 / LogL: -3320.088
Init pinv, alpha: 0.662, 1.000 / Estimate: 0.506, 0.705 / LogL: -3320.136
Optimal pinv,alpha: 0.450, 0.566 / LogL: -3319.949

Parameters optimization took 4.369 sec
Wrote distance file to... 
Computing ML distances based on estimated model parameters...
Calculating distance matrix: done in 0.040375 secs using 116.1% CPU
Computing ML distances took 0.051717 sec (of wall-clock time) 0.046875 sec (of CPU time)
Setting up auxiliary I and S matrices: done in 0.0001811 secs
Constructing RapidNJ tree: done in 0.0005762 secs
Computing RapidNJ tree took 0.012991 sec (of wall-clock time) 0.000000 sec (of CPU time)
Log-likelihood of RapidNJ tree: -3299.982
--------------------------------------------------------------------
|             INITIALIZING CANDIDATE TREE SET                      |
--------------------------------------------------------------------
Generating 98 parsimony trees... 0.921 second
Computing log-likelihood of 98 initial trees ... 0.728 seconds
Current best score: -3286.854

Do NNI search on 20 best initial trees
Optimizing NNI: done in 0.179518 secs using 95.74% CPU
Estimate model parameters (epsilon = 0.100)
BETTER TREE FOUND at iteration 1: -3281.214
Optimizing NNI: done in 0.319541 secs using 97.8% CPU
Estimate model parameters (epsilon = 0.100)
BETTER TREE FOUND at iteration 2: -3271.941
Optimizing NNI: done in 0.317765 secs using 98.34% CPU
Optimizing NNI: done in 0.290654 secs using 96.76% CPU
Optimizing NNI: done in 0.359956 secs using 91.16% CPU
Optimizing NNI: done in 0.259722 secs using 102.3% CPU
Optimizing NNI: done in 0.254494 secs using 98.23% CPU
Optimizing NNI: done in 0.287941 secs using 97.68% CPU
Optimizing NNI: done in 0.278766 secs using 95.29% CPU
Optimizing NNI: done in 0.418266 secs using 100.9% CPU
Estimate model parameters (epsilon = 0.100)
BETTER TREE FOUND at iteration 10: -3270.057
Iteration 10 / LogL: -3270.057 / Time: 0h:0m:9s
Optimizing NNI: done in 0.286882 secs using 98.04% CPU
Optimizing NNI: done in 0.394796 secs using 98.94% CPU
Optimizing NNI: done in 0.381827 secs using 98.21% CPU
Optimizing NNI: done in 0.38823 secs using 100.6% CPU
Optimizing NNI: done in 0.279483 secs using 100.6% CPU
Optimizing NNI: done in 0.256865 secs using 91.24% CPU
Optimizing NNI: done in 0.282861 secs using 99.43% CPU
Optimizing NNI: done in 0.360636 secs using 99.65% CPU
Optimizing NNI: done in 0.301284 secs using 93.35% CPU
Optimizing NNI: done in 0.525528 secs using 98.12% CPU
Estimate model parameters (epsilon = 0.100)
BETTER TREE FOUND at iteration 20: -3268.986
Iteration 20 / LogL: -3268.986 / Time: 0h:0m:13s
Finish initializing candidate tree set (20)
Current best tree score: -3268.986 / CPU time: 8.622
Number of iterations: 20
--------------------------------------------------------------------
|               OPTIMIZING CANDIDATE TREE SET                      |
--------------------------------------------------------------------
Optimizing NNI: done in 0.334402 secs using 98.12% CPU
Optimizing NNI: done in 0.337626 secs using 101.8% CPU
Estimate model parameters (epsilon = 0.100)
BETTER TREE FOUND at iteration 22: -3265.952
Optimizing NNI: done in 0.271765 secs using 97.74% CPU
Optimizing NNI: done in 0.308867 secs using 101.2% CPU
Optimizing NNI: done in 0.344552 secs using 95.23% CPU
Optimizing NNI: done in 0.245658 secs using 95.41% CPU
Optimizing NNI: done in 0.248229 secs using 100.7% CPU
BETTER TREE FOUND at iteration 27: -3265.952
Optimizing NNI: done in 0.311036 secs using 90.42% CPU
Optimizing NNI: done in 0.226571 secs using 96.55% CPU
Optimizing NNI: done in 0.325159 secs using 100.9% CPU
Iteration 30 / LogL: -3271.168 / Time: 0h:0m:16s (0h:0m:55s left)
Optimizing NNI: done in 0.385037 secs using 97.39% CPU
Optimizing NNI: done in 0.33614 secs using 102.3% CPU
Optimizing NNI: done in 0.286313 secs using 98.23% CPU
Optimizing NNI: done in 0.271059 secs using 98% CPU
Optimizing NNI: done in 0.327239 secs using 95.5% CPU
Optimizing NNI: done in 0.293483 secs using 95.83% CPU
BETTER TREE FOUND at iteration 36: -3265.952
Optimizing NNI: done in 0.200482 secs using 101.3% CPU
Optimizing NNI: done in 0.3029 secs using 92.85% CPU
Optimizing NNI: done in 0.257357 secs using 103.2% CPU
Optimizing NNI: done in 0.369362 secs using 93.07% CPU
Iteration 40 / LogL: -3265.953 / Time: 0h:0m:19s (0h:0m:48s left)
Optimizing NNI: done in 0.374726 secs using 91.73% CPU
Optimizing NNI: done in 0.380588 secs using 94.43% CPU
Optimizing NNI: done in 0.350647 secs using 80.21% CPU
Optimizing NNI: done in 0.319445 secs using 97.83% CPU
Optimizing NNI: done in 0.420112 secs using 100.4% CPU
Optimizing NNI: done in 0.285019 secs using 93.2% CPU
Optimizing NNI: done in 0.280327 secs using 100.3% CPU
Optimizing NNI: done in 0.301213 secs using 98.56% CPU
Optimizing NNI: done in 0.273289 secs using 102.9% CPU
Optimizing NNI: done in 0.213343 secs using 95.21% CPU
Iteration 50 / LogL: -3265.955 / Time: 0h:0m:23s (0h:0m:40s left)
Log-likelihood cutoff on original alignment: -3309.152
Optimizing NNI: done in 0.260047 secs using 96.14% CPU
Optimizing NNI: done in 0.325263 secs using 100.9% CPU
Optimizing NNI: done in 0.38272 secs using 97.98% CPU
Optimizing NNI: done in 0.21537 secs using 101.6% CPU
Optimizing NNI: done in 0.31722 secs using 103.4% CPU
Optimizing NNI: done in 0.291792 secs using 101.7% CPU
Optimizing NNI: done in 0.314619 secs using 94.36% CPU
Optimizing NNI: done in 0.379064 secs using 94.81% CPU
Optimizing NNI: done in 0.19773 secs using 94.83% CPU
Optimizing NNI: done in 0.3883 secs using 96.57% CPU
Iteration 60 / LogL: -3273.363 / Time: 0h:0m:26s (0h:0m:34s left)
Optimizing NNI: done in 0.361895 secs using 99.3% CPU
Optimizing NNI: done in 0.204096 secs using 99.52% CPU
Optimizing NNI: done in 0.222213 secs using 98.44% CPU
Optimizing NNI: done in 0.33546 secs using 102.5% CPU
Optimizing NNI: done in 0.325077 secs using 100.9% CPU
Optimizing NNI: done in 0.312191 secs using 100.1% CPU
Optimizing NNI: done in 0.295376 secs using 105.8% CPU
Optimizing NNI: done in 0.28127 secs using 94.44% CPU
Optimizing NNI: done in 0.304745 secs using 97.42% CPU
Optimizing NNI: done in 0.345247 secs using 99.57% CPU
Iteration 70 / LogL: -3268.534 / Time: 0h:0m:30s (0h:0m:28s left)
Optimizing NNI: done in 0.396206 secs using 98.59% CPU
Optimizing NNI: done in 0.399661 secs using 101.6% CPU
Optimizing NNI: done in 0.268116 secs using 104.9% CPU
Optimizing NNI: done in 0.310001 secs using 100.8% CPU
Optimizing NNI: done in 0.222586 secs using 105.3% CPU
Optimizing NNI: done in 0.192874 secs using 97.21% CPU
Optimizing NNI: done in 0.21519 secs using 101.7% CPU
Optimizing NNI: done in 0.342285 secs using 95.86% CPU
Optimizing NNI: done in 0.328183 secs using 99.98% CPU
Optimizing NNI: done in 0.341258 secs using 100.7% CPU
Iteration 80 / LogL: -3267.407 / Time: 0h:0m:33s (0h:0m:23s left)
Optimizing NNI: done in 0.358698 secs using 100.2% CPU
Optimizing NNI: done in 0.347542 secs using 98.91% CPU
Optimizing NNI: done in 0.301253 secs using 93.36% CPU
Optimizing NNI: done in 0.382115 secs using 98.14% CPU
Optimizing NNI: done in 0.34164 secs using 100.6% CPU
Optimizing NNI: done in 0.231254 secs using 101.3% CPU
Optimizing NNI: done in 0.237123 secs using 98.84% CPU
Optimizing NNI: done in 0.356269 secs using 100.9% CPU
Optimizing NNI: done in 0.316488 secs using 103.7% CPU
Optimizing NNI: done in 0.462626 secs using 101.3% CPU
Iteration 90 / LogL: -3265.953 / Time: 0h:0m:36s (0h:0m:19s left)
Optimizing NNI: done in 0.391606 secs using 99.75% CPU
Optimizing NNI: done in 0.325452 secs using 100.8% CPU
Optimizing NNI: done in 0.383248 secs using 101.9% CPU
Optimizing NNI: done in 0.328632 secs using 99.85% CPU
Optimizing NNI: done in 0.362701 secs using 99.08% CPU
Optimizing NNI: done in 0.240588 secs using 97.42% CPU
Optimizing NNI: done in 0.249691 secs using 93.87% CPU
Optimizing NNI: done in 0.317017 secs using 88.72% CPU
Optimizing NNI: done in 0.368581 secs using 97.5% CPU
Optimizing NNI: done in 0.41441 secs using 86.72% CPU
Iteration 100 / LogL: -3266.551 / Time: 0h:0m:40s (0h:0m:14s left)
Log-likelihood cutoff on original alignment: -3309.152
NOTE: Bootstrap correlation coefficient of split occurrence frequencies: 0.996
Optimizing NNI: done in 0.368935 secs using 101.6% CPU
Optimizing NNI: done in 0.35105 secs using 97.92% CPU
Optimizing NNI: done in 0.339184 secs using 92.13% CPU
Optimizing NNI: done in 0.403114 secs using 77.52% CPU
Optimizing NNI: done in 0.208698 secs using 97.33% CPU
Optimizing NNI: done in 0.295975 secs using 95.02% CPU
Optimizing NNI: done in 0.18118 secs using 94.86% CPU
Optimizing NNI: done in 0.288514 secs using 97.48% CPU
Optimizing NNI: done in 0.280969 secs using 100.1% CPU
Optimizing NNI: done in 0.331723 secs using 98.92% CPU
Iteration 110 / LogL: -3265.952 / Time: 0h:0m:44s (0h:0m:36s left)
Optimizing NNI: done in 0.302915 secs using 98.01% CPU
Optimizing NNI: done in 0.382307 secs using 94% CPU
Optimizing NNI: done in 0.167621 secs using 83.89% CPU
Optimizing NNI: done in 0.344377 secs using 99.82% CPU
Optimizing NNI: done in 0.246646 secs using 101.4% CPU
Optimizing NNI: done in 0.302649 secs using 72.28% CPU
Optimizing NNI: done in 0.237134 secs using 92.25% CPU
Optimizing NNI: done in 0.354752 secs using 96.9% CPU
BETTER TREE FOUND at iteration 118: -3265.952
Optimizing NNI: done in 0.237785 secs using 91.99% CPU
Optimizing NNI: done in 0.258816 secs using 96.59% CPU
Iteration 120 / LogL: -3265.953 / Time: 0h:0m:47s (0h:0m:39s left)
Optimizing NNI: done in 0.34532 secs using 99.55% CPU
Optimizing NNI: done in 0.271365 secs using 86.37% CPU
Optimizing NNI: done in 0.311403 secs using 100.4% CPU
Optimizing NNI: done in 0.247495 secs using 101% CPU
Optimizing NNI: done in 0.310855 secs using 85.45% CPU
Optimizing NNI: done in 0.281335 secs using 94.42% CPU
Optimizing NNI: done in 0.327884 secs using 85.78% CPU
Optimizing NNI: done in 0.261262 secs using 83.73% CPU
Optimizing NNI: done in 0.367177 secs using 97.88% CPU
Optimizing NNI: done in 0.263146 secs using 95% CPU
Iteration 130 / LogL: -3271.492 / Time: 0h:0m:50s (0h:0m:34s left)
Optimizing NNI: done in 0.278248 secs using 95.46% CPU
Optimizing NNI: done in 0.235584 secs using 79.59% CPU
Optimizing NNI: done in 0.381221 secs using 102.5% CPU
Optimizing NNI: done in 0.313944 secs using 79.63% CPU
Optimizing NNI: done in 0.306874 secs using 91.65% CPU
Optimizing NNI: done in 0.2039 secs using 99.62% CPU
Optimizing NNI: done in 0.448218 secs using 101.1% CPU
Optimizing NNI: done in 0.315678 secs using 98.99% CPU
Optimizing NNI: done in 0.310809 secs using 100.5% CPU
Optimizing NNI: done in 0.223726 secs using 97.78% CPU
Iteration 140 / LogL: -3276.575 / Time: 0h:0m:54s (0h:0m:30s left)
Optimizing NNI: done in 0.225336 secs using 97.08% CPU
Optimizing NNI: done in 0.28166 secs using 94.31% CPU
Optimizing NNI: done in 0.157135 secs using 99.44% CPU
Optimizing NNI: done in 0.292754 secs using 96.07% CPU
Optimizing NNI: done in 0.370635 secs using 96.96% CPU
Optimizing NNI: done in 0.305981 secs using 102.1% CPU
Optimizing NNI: done in 0.270185 secs using 98.31% CPU
Optimizing NNI: done in 0.316138 secs using 98.85% CPU
Optimizing NNI: done in 0.453553 secs using 96.46% CPU
Optimizing NNI: done in 0.216087 secs using 94% CPU
Iteration 150 / LogL: -3265.952 / Time: 0h:0m:57s (0h:0m:26s left)
Log-likelihood cutoff on original alignment: -3309.152
Optimizing NNI: done in 0.227101 secs using 103.2% CPU
Optimizing NNI: done in 0.29842 secs using 99.48% CPU
BETTER TREE FOUND at iteration 152: -3265.952
Optimizing NNI: done in 0.245968 secs using 101.6% CPU
Optimizing NNI: done in 0.34412 secs using 95.35% CPU
Optimizing NNI: done in 0.228249 secs using 95.84% CPU
Optimizing NNI: done in 0.25926 secs using 102.5% CPU
Optimizing NNI: done in 0.252675 secs using 92.76% CPU
Optimizing NNI: done in 0.248204 secs using 94.43% CPU
Optimizing NNI: done in 0.266001 secs using 99.86% CPU
Optimizing NNI: done in 0.195436 secs using 95.94% CPU
Iteration 160 / LogL: -3265.955 / Time: 0h:1m:0s (0h:0m:35s left)
Optimizing NNI: done in 0.296537 secs using 100.1% CPU
Optimizing NNI: done in 0.283931 secs using 93.55% CPU
Optimizing NNI: done in 0.281627 secs using 99.87% CPU
Optimizing NNI: done in 0.296848 secs using 100% CPU
Optimizing NNI: done in 0.323846 secs using 101.3% CPU
Optimizing NNI: done in 0.225812 secs using 103.8% CPU
Optimizing NNI: done in 0.198197 secs using 102.5% CPU
Optimizing NNI: done in 0.265026 secs using 100.2% CPU
BETTER TREE FOUND at iteration 168: -3265.952
Optimizing NNI: done in 0.22239 secs using 91.34% CPU
Optimizing NNI: done in 0.238768 secs using 98.16% CPU
Iteration 170 / LogL: -3265.953 / Time: 0h:1m:3s (0h:0m:36s left)
Optimizing NNI: done in 0.291539 secs using 101.8% CPU
Optimizing NNI: done in 0.27749 secs using 90.09% CPU
Optimizing NNI: done in 0.274103 secs using 102.6% CPU
Optimizing NNI: done in 0.286136 secs using 98.29% CPU
Optimizing NNI: done in 0.203852 secs using 91.98% CPU
Optimizing NNI: done in 0.294434 secs using 100.8% CPU
Optimizing NNI: done in 0.252694 secs using 98.93% CPU
Optimizing NNI: done in 0.282165 secs using 99.68% CPU
Optimizing NNI: done in 0.34675 secs using 99.13% CPU
Optimizing NNI: done in 0.0864334 secs using 108.5% CPU
Iteration 180 / LogL: -3340.982 / Time: 0h:1m:6s (0h:0m:32s left)
Optimizing NNI: done in 0.260542 secs using 83.96% CPU
Optimizing NNI: done in 0.156932 secs using 89.61% CPU
Optimizing NNI: done in 0.383901 secs using 85.47% CPU
Optimizing NNI: done in 0.389143 secs using 84.32% CPU
Optimizing NNI: done in 0.37626 secs using 91.36% CPU
Optimizing NNI: done in 0.266566 secs using 99.65% CPU
Optimizing NNI: done in 0.254997 secs using 98.04% CPU
Optimizing NNI: done in 0.294221 secs using 100.9% CPU
Optimizing NNI: done in 0.184406 secs using 101.7% CPU
Optimizing NNI: done in 0.36982 secs using 97.18% CPU
Iteration 190 / LogL: -3265.953 / Time: 0h:1m:9s (0h:0m:28s left)
Optimizing NNI: done in 0.347312 secs using 85.48% CPU
Optimizing NNI: done in 0.33978 secs using 96.57% CPU
Optimizing NNI: done in 0.533096 secs using 79.14% CPU
Optimizing NNI: done in 0.269111 secs using 92.9% CPU
Optimizing NNI: done in 0.334575 secs using 88.73% CPU
Optimizing NNI: done in 0.315895 secs using 98.93% CPU
Optimizing NNI: done in 0.354792 secs using 88.08% CPU
Optimizing NNI: done in 0.277163 secs using 84.56% CPU
Optimizing NNI: done in 0.323188 secs using 91.86% CPU
Optimizing NNI: done in 0.199788 secs using 101.7% CPU
Iteration 200 / LogL: -3270.441 / Time: 0h:1m:13s (0h:0m:25s left)
Log-likelihood cutoff on original alignment: -3309.152
NOTE: Bootstrap correlation coefficient of split occurrence frequencies: 0.997
Optimizing NNI: done in 0.310007 secs using 90.72% CPU
Optimizing NNI: done in 0.273952 secs using 96.96% CPU
Optimizing NNI: done in 0.300872 secs using 93.48% CPU
Optimizing NNI: done in 0.280179 secs using 100.4% CPU
Optimizing NNI: done in 0.210518 secs using 96.49% CPU
Optimizing NNI: done in 0.209679 secs using 96.87% CPU
Optimizing NNI: done in 0.15136 secs using 92.91% CPU
Optimizing NNI: done in 0.276714 secs using 101.6% CPU
Optimizing NNI: done in 0.286783 secs using 98.07% CPU
Optimizing NNI: done in 0.182353 secs using 94.25% CPU
Iteration 210 / LogL: -3267.406 / Time: 0h:1m:17s (0h:0m:33s left)
Optimizing NNI: done in 0.29983 secs using 93.8% CPU
Optimizing NNI: done in 0.323182 secs using 96.69% CPU
Optimizing NNI: done in 0.33258 secs using 93.96% CPU
Optimizing NNI: done in 0.275494 secs using 96.42% CPU
Optimizing NNI: done in 0.292613 secs using 90.78% CPU
Optimizing NNI: done in 0.259566 secs using 102.3% CPU
Optimizing NNI: done in 0.209974 secs using 96.74% CPU
Optimizing NNI: done in 0.257079 secs using 103.3% CPU
Optimizing NNI: done in 0.294252 secs using 90.27% CPU
Optimizing NNI: done in 0.256905 secs using 97.31% CPU
Iteration 220 / LogL: -3267.985 / Time: 0h:1m:20s (0h:0m:29s left)
Optimizing NNI: done in 0.215413 secs using 101.5% CPU
Optimizing NNI: done in 0.235663 secs using 86.19% CPU
Optimizing NNI: done in 0.256492 secs using 97.47% CPU
Optimizing NNI: done in 0.242457 secs using 90.22% CPU
Optimizing NNI: done in 0.316905 secs using 88.75% CPU
Optimizing NNI: done in 0.234506 secs using 99.94% CPU
Optimizing NNI: done in 0.253856 secs using 98.48% CPU
Optimizing NNI: done in 0.255122 secs using 104.1% CPU
Optimizing NNI: done in 0.289039 secs using 97.31% CPU
Optimizing NNI: done in 0.235177 secs using 99.66% CPU
Iteration 230 / LogL: -3265.952 / Time: 0h:1m:23s (0h:0m:25s left)
Optimizing NNI: done in 0.263927 secs using 100.6% CPU
Optimizing NNI: done in 0.229027 secs using 95.51% CPU
Optimizing NNI: done in 0.215628 secs using 101.4% CPU
Optimizing NNI: done in 0.222352 secs using 98.38% CPU
BETTER TREE FOUND at iteration 234: -3265.951
Optimizing NNI: done in 0.253812 secs using 104.7% CPU
Optimizing NNI: done in 0.239668 secs using 97.79% CPU
Optimizing NNI: done in 0.25681 secs using 97.35% CPU
Optimizing NNI: done in 0.305085 secs using 97.31% CPU
Optimizing NNI: done in 0.188771 secs using 99.33% CPU
Optimizing NNI: done in 0.257468 secs using 97.1% CPU
Iteration 240 / LogL: -3265.952 / Time: 0h:1m:26s (0h:0m:33s left)
Optimizing NNI: done in 0.342446 secs using 91.26% CPU
Optimizing NNI: done in 0.452453 secs using 100.1% CPU
Optimizing NNI: done in 0.272688 secs using 103.1% CPU
Optimizing NNI: done in 0.224101 secs using 104.6% CPU
Optimizing NNI: done in 0.281158 secs using 94.48% CPU
Optimizing NNI: done in 0.270922 secs using 98.04% CPU
Optimizing NNI: done in 0.331661 secs using 103.6% CPU
Optimizing NNI: done in 0.218837 secs using 99.96% CPU
Optimizing NNI: done in 0.408033 secs using 88.08% CPU
Optimizing NNI: done in 0.248041 secs using 100.8% CPU
Iteration 250 / LogL: -3278.511 / Time: 0h:1m:29s (0h:0m:30s left)
Log-likelihood cutoff on original alignment: -3309.152
Optimizing NNI: done in 0.343044 secs using 86.54% CPU
Optimizing NNI: done in 0.391701 secs using 83.77% CPU
Optimizing NNI: done in 0.278861 secs using 100.9% CPU
Optimizing NNI: done in 0.336723 secs using 97.45% CPU
Optimizing NNI: done in 0.303737 secs using 92.6% CPU
Optimizing NNI: done in 0.249296 secs using 94.01% CPU
Optimizing NNI: done in 0.27606 secs using 84.9% CPU
Optimizing NNI: done in 0.239497 secs using 97.86% CPU
Optimizing NNI: done in 0.316959 secs using 88.73% CPU
Optimizing NNI: done in 0.244665 secs using 102.2% CPU
Iteration 260 / LogL: -3265.952 / Time: 0h:1m:33s (0h:0m:26s left)
Optimizing NNI: done in 0.369206 secs using 101.6% CPU
Optimizing NNI: done in 0.312975 secs using 99.85% CPU
Optimizing NNI: done in 0.33635 secs using 97.55% CPU
Optimizing NNI: done in 0.267654 secs using 99.24% CPU
Optimizing NNI: done in 0.275218 secs using 96.51% CPU
Optimizing NNI: done in 0.207374 secs using 105.5% CPU
Optimizing NNI: done in 0.183267 secs using 93.78% CPU
Optimizing NNI: done in 0.250088 secs using 99.96% CPU
Optimizing NNI: done in 0.28108 secs using 100.1% CPU
Optimizing NNI: done in 0.234452 secs using 93.3% CPU
Iteration 270 / LogL: -3265.954 / Time: 0h:1m:36s (0h:0m:22s left)
Optimizing NNI: done in 0.251774 secs using 99.3% CPU
Optimizing NNI: done in 0.355416 secs using 87.93% CPU
Optimizing NNI: done in 0.218176 secs using 100.3% CPU
Optimizing NNI: done in 0.326643 secs using 95.67% CPU
Optimizing NNI: done in 0.302924 secs using 98% CPU
Optimizing NNI: done in 0.297406 secs using 94.57% CPU
Optimizing NNI: done in 0.253242 secs using 98.72% CPU
Optimizing NNI: done in 0.259454 secs using 102.4% CPU
Optimizing NNI: done in 0.263906 secs using 94.73% CPU
Optimizing NNI: done in 0.254506 secs using 98.23% CPU
Iteration 280 / LogL: -3273.585 / Time: 0h:1m:39s (0h:0m:19s left)
Optimizing NNI: done in 0.262194 secs using 101.3% CPU
Optimizing NNI: done in 0.173985 secs using 89.81% CPU
Optimizing NNI: done in 0.270276 secs using 98.28% CPU
Optimizing NNI: done in 0.286099 secs using 98.31% CPU
Optimizing NNI: done in 0.306083 secs using 102.1% CPU
Optimizing NNI: done in 0.295146 secs using 100.6% CPU
Optimizing NNI: done in 0.198267 secs using 94.57% CPU
Optimizing NNI: done in 0.290671 secs using 102.1% CPU
Optimizing NNI: done in 0.424489 secs using 95.7% CPU
Optimizing NNI: done in 0.329143 secs using 99.69% CPU
Iteration 290 / LogL: -3271.491 / Time: 0h:1m:43s (0h:0m:15s left)
Optimizing NNI: done in 0.179885 secs using 95.55% CPU
Optimizing NNI: done in 0.317519 secs using 98.42% CPU
UPDATE BEST LOG-LIKELIHOOD: -3265.951
Optimizing NNI: done in 0.300603 secs using 104% CPU
Optimizing NNI: done in 0.209603 secs using 96.91% CPU
Optimizing NNI: done in 0.309546 secs using 101% CPU
Optimizing NNI: done in 0.247118 secs using 101.2% CPU
Optimizing NNI: done in 0.242543 secs using 96.63% CPU
Optimizing NNI: done in 0.333502 secs using 98.39% CPU
Optimizing NNI: done in 0.274982 secs using 102.3% CPU
Optimizing NNI: done in 0.289218 secs using 91.84% CPU
Iteration 300 / LogL: -3265.951 / Time: 0h:1m:46s (0h:0m:12s left)
Log-likelihood cutoff on original alignment: -3309.152
NOTE: Bootstrap correlation coefficient of split occurrence frequencies: 0.997
Optimizing NNI: done in 0.263184 secs using 100.9% CPU
Optimizing NNI: done in 0.240232 secs using 97.56% CPU
Optimizing NNI: done in 0.317987 secs using 98.27% CPU
Optimizing NNI: done in 0.238269 secs using 98.37% CPU
Optimizing NNI: done in 0.159597 secs using 97.9% CPU
Optimizing NNI: done in 0.2346 secs using 93.24% CPU
Optimizing NNI: done in 0.251382 secs using 93.23% CPU
Optimizing NNI: done in 0.318418 secs using 93.23% CPU
Optimizing NNI: done in 0.238272 secs using 98.36% CPU
Optimizing NNI: done in 0.261606 secs using 95.56% CPU
Iteration 310 / LogL: -3265.953 / Time: 0h:1m:49s (0h:0m:31s left)
Optimizing NNI: done in 0.329533 secs using 94.83% CPU
Optimizing NNI: done in 0.309609 secs using 95.89% CPU
Optimizing NNI: done in 0.272906 secs using 103.1% CPU
Optimizing NNI: done in 0.292108 secs using 96.28% CPU
Optimizing NNI: done in 0.277 secs using 101.5% CPU
Optimizing NNI: done in 0.307536 secs using 86.37% CPU
Optimizing NNI: done in 0.428575 secs using 91.15% CPU
Optimizing NNI: done in 0.241756 secs using 103.4% CPU
Optimizing NNI: done in 0.291453 secs using 101.9% CPU
Optimizing NNI: done in 0.296541 secs using 100.1% CPU
Iteration 320 / LogL: -3265.954 / Time: 0h:1m:53s (0h:0m:28s left)
Optimizing NNI: done in 0.25201 secs using 105.4% CPU
Optimizing NNI: done in 0.290722 secs using 102.1% CPU
Optimizing NNI: done in 0.29383 secs using 90.4% CPU
Optimizing NNI: done in 0.351101 secs using 97.91% CPU
Optimizing NNI: done in 0.301911 secs using 103.5% CPU
Optimizing NNI: done in 0.286479 secs using 98.17% CPU
Optimizing NNI: done in 0.330161 secs using 99.38% CPU
Optimizing NNI: done in 0.230373 secs using 101.7% CPU
Optimizing NNI: done in 0.264704 secs using 100.3% CPU
Optimizing NNI: done in 0.300145 secs using 93.7% CPU
Iteration 330 / LogL: -3267.408 / Time: 0h:1m:56s (0h:0m:24s left)
Optimizing NNI: done in 0.276344 secs using 101.8% CPU
Optimizing NNI: done in 0.275892 secs using 101.9% CPU
Optimizing NNI: done in 0.22839 secs using 102.6% CPU
Optimizing NNI: done in 0.360172 secs using 91.1% CPU
Optimizing NNI: done in 0.313104 secs using 99.81% CPU
TREE SEARCH COMPLETED AFTER 335 ITERATIONS / Time: 0h:1m:58s

--------------------------------------------------------------------
|                    FINALIZING TREE SEARCH                        |
--------------------------------------------------------------------
Performs final model parameters optimization
Estimate model parameters (epsilon = 0.010)
1. Initial log-likelihood: -3265.951
Optimal log-likelihood: -3265.949
Rate parameters:  A-C: 1.75045  A-G: 11.50676  A-T: 1.23297  C-G: 0.60118  C-T: 16.87482  G-T: 1.00000
Base frequencies:  A: 0.238  C: 0.288  G: 0.261  T: 0.213
Proportion of invariable sites: 0.464
Gamma shape alpha: 0.646
Parameters optimization took 1 rounds (0.051 sec)
BEST SCORE FOUND : -3265.949
Creating bootstrap support values...
Split supports printed to NEXUS file alignments_no_probang_etc\recombinant_free_regions\Asia1\Asia1_2993-3525_no_probang.splits.nex
Total tree length: 1.242

Total number of iterations: 335
CPU time used for tree search: 108.516 sec (0h:1m:48s)
Wall-clock time used for tree search: 113.876 sec (0h:1m:53s)
Total CPU time used: 113.328 sec (0h:1m:53s)
Total wall-clock time used: 119.133 sec (0h:1m:59s)

Computing bootstrap consensus tree...
Reading input file alignments_no_probang_etc\recombinant_free_regions\Asia1\Asia1_2993-3525_no_probang.splits.nex...
58 taxa and 836 splits.
Consensus tree written to alignments_no_probang_etc\recombinant_free_regions\Asia1\Asia1_2993-3525_no_probang.contree
Reading input trees file alignments_no_probang_etc\recombinant_free_regions\Asia1\Asia1_2993-3525_no_probang.contree
Log-likelihood of consensus tree: -3265.971

Analysis results written to: 
  IQ-TREE report:                alignments_no_probang_etc\recombinant_free_regions\Asia1\Asia1_2993-3525_no_probang.iqtree
  Maximum-likelihood tree:       alignments_no_probang_etc\recombinant_free_regions\Asia1\Asia1_2993-3525_no_probang.treefile
  Likelihood distances:          alignments_no_probang_etc\recombinant_free_regions\Asia1\Asia1_2993-3525_no_probang.mldist

Ultrafast bootstrap approximation results written to:
  Split support values:          alignments_no_probang_etc\recombinant_free_regions\Asia1\Asia1_2993-3525_no_probang.splits.nex
  Consensus tree:                alignments_no_probang_etc\recombinant_free_regions\Asia1\Asia1_2993-3525_no_probang.contree
  Screen log file:               alignments_no_probang_etc\recombinant_free_regions\Asia1\Asia1_2993-3525_no_probang.log

Date and Time: Thu Jan 15 14:45:25 2026
