IQ-TREE version 3.0.1 for Windows 64-bit built May  5 2025
Developed by Bui Quang Minh, Thomas Wong, Nhan Ly-Trong, Huaiyan Ren
Contributed by Lam-Tung Nguyen, Dominik Schrempf, Chris Bielow,
Olga Chernomor, Michael Woodhams, Diep Thi Hoang, Heiko Schmidt

Host:    DESKTOP-IAVMJI2 (AVX2, FMA3, 7 GB RAM)
Command: bin/iqtree3.exe -s alignments_no_probang_etc\recombinant_free_regions\Asia1\Asia1_761-2767_no_probang.fasta -bb 1000 -m GTR+F+I+G -pre alignments_no_probang_etc\recombinant_free_regions\Asia1\Asia1_761-2767_no_probang
Seed:    209013 (Using SPRNG - Scalable Parallel Random Number Generator)
Time:    Thu Jan 15 14:49:22 2026
Kernel:  AVX+FMA - 1 threads (8 CPU cores detected)

HINT: Use -nt option to specify number of threads because your CPU has 8 cores!
HINT: -nt AUTO will automatically determine the best number of threads to use.

Reading alignment file alignments_no_probang_etc\recombinant_free_regions\Asia1\Asia1_761-2767_no_probang.fasta ... Fasta format detected
Reading fasta file: done in 0.0055425 secs
Alignment most likely contains DNA/RNA sequences
Constructing alignment: done in 0.0049903 secs
WARNING: 135 sites contain only gaps or ambiguous characters.
Alignment has 66 sequences with 2142 columns, 804 distinct patterns
697 parsimony-informative, 149 singleton sites, 1296 constant sites
                                                  Gap/Ambiguity  Composition  p-value
Analyzing sequences: done in 0.0005853 secs
   1  MN366244/BGD/cattle/2018/Asia1/ASIA/Unknown         6.30%    passed     91.61%
   2  JF749849/PAK/Unknown/2002/Asia1/ASIA/Unknown        6.30%    passed     98.38%
   3  OM471680/PAK/buffalo/2012/Asia1/ASIA/Unknown        6.30%    passed     95.48%
   4  OM471679/PAK/cattle/2012/Asia1/ASIA/Unknown         6.30%    passed     96.43%
   5  OM471678/PAK/cattle/2012/Asia1/ASIA/Unknown         6.30%    passed     96.45%
   6  OM471677/PAK/buffalo/2012/Asia1/ASIA/Unknown        6.30%    passed     91.32%
   7  OM471676/PAK/cattle/2011/Asia1/ASIA/Unknown         6.30%    passed     96.64%
   8  OM471675/PAK/cattle/2011/Asia1/ASIA/Unknown         6.30%    passed     94.23%
   9  OM471674/PAK/cattle/2011/Asia1/ASIA/Unknown         6.30%    passed     94.23%
  10  OM471673/PAK/cattle/2012/Asia1/ASIA/Unknown         6.30%    passed     95.10%
  11  OM471672/PAK/cattle/2012/Asia1/ASIA/Unknown         6.30%    passed     95.04%
  12  OM471671/PAK/cattle/2012/Asia1/ASIA/Unknown         6.30%    passed     95.04%
  13  OM471670/PAK/buffalo/2012/Asia1/ASIA/Unknown        6.30%    passed     94.78%
  14  OM471669/PAK/cattle/2012/Asia1/ASIA/Unknown         6.30%    passed     99.47%
  15  OM471668/PAK/cattle/2012/Asia1/ASIA/Unknown         6.30%    passed     99.47%
  16  OM471667/PAK/buffalo/2011/Asia1/ASIA/Unknown        6.30%    passed     97.24%
  17  OM471666/PAK/buffalo/2011/Asia1/ASIA/Unknown        6.30%    passed     96.50%
  18  OM471665/PAK/buffalo/2011/Asia1/ASIA/Unknown        6.30%    passed     96.64%
  19  OM471664/PAK/buffalo/2011/Asia1/ASIA/Unknown        6.30%    passed     96.17%
  20  OM471663/PAK/cattle/2012/Asia1/ASIA/Unknown         6.30%    passed     97.49%
  21  OM471662/PAK/cattle/2012/Asia1/ASIA/Unknown         6.30%    passed     97.49%
  22  OM471661/PAK/cattle/2012/Asia1/ASIA/Unknown         6.30%    passed     97.14%
  23  OM471660/PAK/buffalo/2012/Asia1/ASIA/Unknown        6.30%    passed     92.92%
  24  OM471659/PAK/cattle/2012/Asia1/ASIA/Unknown         6.30%    passed     99.47%
  25  MF372126/IND/gayal/1994/Asia1/ASIA/Unknown          6.30%    passed     90.81%
  26  MF372125/IND/gayal/2016/Asia1/ASIA/Unknown          6.30%    passed     62.64%
  27  MF782478/BGD/cattle/2013/Asia1/ASIA/Unknown         6.30%    passed     95.94%
  28  KM268898/TUR/cattle/2013/Asia1/ASIA/Unknown         6.30%    passed     98.25%
  29  JN006720/PAK/Unknown/2009/Asia1/ASIA/Unknown        6.30%    passed     98.90%
  30  JN006719/PAK/Unknown/2008/Asia1/ASIA/Unknown        6.30%    passed     97.82%
  31  HQ631363/CHN/pig/2006/Asia1/ASIA/Unknown            6.30%    passed     79.11%
  32  HQ632774/MYS/cattle/1999/Asia1/ASIA/Unknown         6.30%    passed     95.24%
  33  FJ906802/CHN/pig/2006/Asia1/ASIA/Unknown            6.30%    passed     81.99%
  34  HQ113233/AFG/cow/2009/Asia1/ASIA/Unknown            6.30%    passed     91.48%
  35  GQ452295/VNM/cattle/2007/Asia1/ASIA/Unknown         6.30%    passed     87.15%
  36  GU125646/VNM/buffalo/2005/Asia1/ASIA/Unknown        6.30%    passed     93.78%
  37  GU125645/VNM/cattle/2007/Asia1/ASIA/Unknown         6.30%    passed     85.33%
  38  DQ989323/IND/cattle/2002/Asia1/ASIA/Unknown         6.30%    passed     88.77%
  39  DQ989322/IND/cattle/2002/Asia1/ASIA/Unknown         6.30%    passed     98.13%
  40  DQ989321/IND/cattle/2001/Asia1/ASIA/Unknown         6.30%    passed     97.03%
  41  DQ989320/IND/cattle/2002/Asia1/ASIA/Unknown         6.30%    passed     99.94%
  42  DQ989319/IND/cattle/2001/Asia1/ASIA/Unknown         6.30%    passed     99.47%
  43  DQ989318/IND/cattle/2002/Asia1/ASIA/Unknown         6.30%    passed     99.99%
  44  DQ989317/IND/buffalo/2000/Asia1/ASIA/Unknown        6.30%    passed     94.60%
  45  DQ989315/IND/cattle/1993/Asia1/ASIA/Unknown         6.30%    passed     99.27%
  46  DQ989314/IND/cattle/2001/Asia1/ASIA/Unknown         6.30%    passed     92.89%
  47  DQ989313/IND/buffalo/1986/Asia1/ASIA/Unknown        6.30%    passed     93.50%
  48  DQ989312/IND/sheep/1990/Asia1/ASIA/Unknown          6.30%    passed     59.91%
  49  DQ989311/IND/buffalo/2002/Asia1/ASIA/Unknown        6.30%    passed     95.79%
  50  DQ989310/IND/cattle/1999/Asia1/ASIA/Unknown         6.30%    passed     94.34%
  51  DQ989309/IND/cattle/1996/Asia1/ASIA/Unknown         6.30%    passed     92.17%
  52  DQ989308/IND/cattle/1994/Asia1/ASIA/Unknown         6.30%    passed     87.80%
  53  DQ989307/IND/cattle/1992/Asia1/ASIA/Unknown         6.30%    passed     95.40%
  54  DQ989306/IND/cattle/1986/Asia1/ASIA/Unknown         6.44%    passed     99.46%
  55  DQ989305/IND/cattle/1990/Asia1/ASIA/Unknown         6.30%    passed     96.24%
  56  DQ989304/IND/cattle/2000/Asia1/ASIA/Unknown         6.44%    passed     99.87%
  57  DQ989303/IND/cattle/1993/Asia1/ASIA/Unknown         6.44%    passed     99.57%
  58  AY593800/LBN/Unknown/1983/Asia1/ASIA/Unknown        6.30%    passed     94.06%
  59  AY593799/LBN/Unknown/1983/Asia1/ASIA/Unknown        6.30%    passed     94.06%
  60  AY593798/LBN/Unknown/1983/Asia1/ASIA/Unknown        6.30%    passed     94.06%
  61  AY593796/ISR/Unknown/1963/Asia1/ASIA/Unknown        6.30%    passed     87.15%
  62  AY593795/PAK/Unknown/1954/Asia1/ASIA/Unknown        6.44%    passed     72.68%
  63  AY390432/Unknown/Unknown/2005/Asia1/ASIA/Unknown    6.30%    passed     92.73%
  64  EF614458/MNG/cattle/2005/Asia1/ASIA/Unknown         6.30%    passed     85.59%
  65  EF149010/CHN/Unknown/2005/Asia1/ASIA/Unknown        6.30%    passed     93.95%
  66  EF149009/CHN/Unknown/2005/Asia1/ASIA/Unknown        6.30%    passed     85.49%
****  TOTAL                                               6.31%  0 sequences failed composition chi2 test (p-value<5%; df=3)
NOTE: OM471665/PAK/buffalo/2011/Asia1/ASIA/Unknown is identical to OM471676/PAK/cattle/2011/Asia1/ASIA/Unknown but kept for subsequent analysis
NOTE: OM471674/PAK/cattle/2011/Asia1/ASIA/Unknown is identical to OM471675/PAK/cattle/2011/Asia1/ASIA/Unknown but kept for subsequent analysis
NOTE: OM471671/PAK/cattle/2012/Asia1/ASIA/Unknown is identical to OM471672/PAK/cattle/2012/Asia1/ASIA/Unknown but kept for subsequent analysis
NOTE: OM471668/PAK/cattle/2012/Asia1/ASIA/Unknown is identical to OM471669/PAK/cattle/2012/Asia1/ASIA/Unknown but kept for subsequent analysis
NOTE: OM471662/PAK/cattle/2012/Asia1/ASIA/Unknown is identical to OM471663/PAK/cattle/2012/Asia1/ASIA/Unknown but kept for subsequent analysis
NOTE: AY593799/LBN/Unknown/1983/Asia1/ASIA/Unknown is identical to AY593800/LBN/Unknown/1983/Asia1/ASIA/Unknown but kept for subsequent analysis
Checking for duplicate sequences: done in 0.119073 secs
Identifying sites to remove: done in 0.0053119 secs
NOTE: 2 identical sequences (see below) will be ignored for subsequent analysis
NOTE: OM471659/PAK/cattle/2012/Asia1/ASIA/Unknown (identical to OM471669/PAK/cattle/2012/Asia1/ASIA/Unknown) is ignored but added at the end
NOTE: AY593798/LBN/Unknown/1983/Asia1/ASIA/Unknown (identical to AY593800/LBN/Unknown/1983/Asia1/ASIA/Unknown) is ignored but added at the end
Alignment was printed to alignments_no_probang_etc\recombinant_free_regions\Asia1\Asia1_761-2767_no_probang.uniqueseq.phy

For your convenience alignment with unique sequences printed to alignments_no_probang_etc\recombinant_free_regions\Asia1\Asia1_761-2767_no_probang.uniqueseq.phy
Creating fast initial parsimony tree by random order stepwise addition...
0.018 seconds, parsimony score: 3015 (based on 846 sites)
Generating 1000 samples for ultrafast bootstrap (seed: 209013)...

NOTE: 9 MB RAM (0 GB) is required!
Estimate model parameters (epsilon = 0.100)
Thoroughly optimizing +I+G parameters from 10 start values...
Init pinv, alpha: 0.000, 1.000 / Estimate: 0.000, 0.254 / LogL: -16852.548
Init pinv, alpha: 0.067, 1.000 / Estimate: 0.074, 0.291 / LogL: -16851.173
Init pinv, alpha: 0.134, 1.000 / Estimate: 0.150, 0.342 / LogL: -16849.884
Init pinv, alpha: 0.202, 1.000 / Estimate: 0.226, 0.414 / LogL: -16848.191
Init pinv, alpha: 0.269, 1.000 / Estimate: 0.484, 1.217 / LogL: -16833.250
Init pinv, alpha: 0.336, 1.000 / Estimate: 0.484, 1.217 / LogL: -16833.252
Init pinv, alpha: 0.403, 1.000 / Estimate: 0.484, 1.216 / LogL: -16833.259
Init pinv, alpha: 0.471, 1.000 / Estimate: 0.483, 1.211 / LogL: -16833.286
Init pinv, alpha: 0.538, 1.000 / Estimate: 0.501, 1.376 / LogL: -16833.167
Init pinv, alpha: 0.605, 1.000 / Estimate: 0.502, 1.387 / LogL: -16833.203
Optimal pinv,alpha: 0.501, 1.376 / LogL: -16833.167

Parameters optimization took 18.744 sec
Wrote distance file to... 
Computing ML distances based on estimated model parameters...
Calculating distance matrix: done in 0.0465214 secs using 67.17% CPU
Computing ML distances took 0.056480 sec (of wall-clock time) 0.031250 sec (of CPU time)
Setting up auxiliary I and S matrices: done in 0.0002038 secs
Constructing RapidNJ tree: done in 0.0005654 secs
Computing RapidNJ tree took 0.023517 sec (of wall-clock time) 0.015625 sec (of CPU time)
Log-likelihood of RapidNJ tree: -16931.910
--------------------------------------------------------------------
|             INITIALIZING CANDIDATE TREE SET                      |
--------------------------------------------------------------------
Generating 98 parsimony trees... 1.476 second
Computing log-likelihood of 98 initial trees ... 2.754 seconds
Current best score: -16800.729

Do NNI search on 20 best initial trees
Optimizing NNI: done in 0.631107 secs using 101.5% CPU
Estimate model parameters (epsilon = 0.100)
BETTER TREE FOUND at iteration 1: -16788.884
Optimizing NNI: done in 0.614448 secs using 96.63% CPU
Optimizing NNI: done in 0.699211 secs using 100.6% CPU
Optimizing NNI: done in 0.666539 secs using 98.46% CPU
Optimizing NNI: done in 0.744324 secs using 96.56% CPU
Estimate model parameters (epsilon = 0.100)
BETTER TREE FOUND at iteration 5: -16788.827
Optimizing NNI: done in 0.661998 secs using 96.77% CPU
Optimizing NNI: done in 0.597236 secs using 99.42% CPU
Optimizing NNI: done in 0.708957 secs using 99.18% CPU
Optimizing NNI: done in 0.625579 secs using 97.41% CPU
Optimizing NNI: done in 0.623025 secs using 100.3% CPU
Iteration 10 / LogL: -16788.829 / Time: 0h:0m:30s
Optimizing NNI: done in 0.600694 secs using 93.64% CPU
Optimizing NNI: done in 0.664652 secs using 96.38% CPU
Optimizing NNI: done in 0.61441 secs using 99.18% CPU
Estimate model parameters (epsilon = 0.100)
BETTER TREE FOUND at iteration 13: -16788.308
Optimizing NNI: done in 0.645736 secs using 101.6% CPU
Optimizing NNI: done in 0.58865 secs using 98.21% CPU
Optimizing NNI: done in 0.700385 secs using 98.16% CPU
Optimizing NNI: done in 0.711428 secs using 96.64% CPU
Optimizing NNI: done in 0.729332 secs using 87.84% CPU
UPDATE BEST LOG-LIKELIHOOD: -16788.305
Optimizing NNI: done in 0.690228 secs using 97.34% CPU
Optimizing NNI: done in 0.709273 secs using 99.13% CPU
Iteration 20 / LogL: -16790.870 / Time: 0h:0m:37s
Finish initializing candidate tree set (12)
Current best tree score: -16788.305 / CPU time: 18.444
Number of iterations: 20
--------------------------------------------------------------------
|               OPTIMIZING CANDIDATE TREE SET                      |
--------------------------------------------------------------------
Optimizing NNI: done in 0.704467 secs using 99.81% CPU
Optimizing NNI: done in 0.645841 secs using 96.77% CPU
Optimizing NNI: done in 0.509459 secs using 101.2% CPU
Optimizing NNI: done in 0.558558 secs using 97.91% CPU
Optimizing NNI: done in 0.641 secs using 99.94% CPU
Optimizing NNI: done in 0.512465 secs using 97.57% CPU
Optimizing NNI: done in 0.516677 secs using 99.8% CPU
Optimizing NNI: done in 0.76878 secs using 101.6% CPU
Optimizing NNI: done in 0.52816 secs using 97.63% CPU
Optimizing NNI: done in 0.469787 secs using 93.13% CPU
Iteration 30 / LogL: -16807.262 / Time: 0h:0m:43s (0h:2m:5s left)
Optimizing NNI: done in 0.583304 secs using 99.11% CPU
Optimizing NNI: done in 0.637215 secs using 95.63% CPU
Optimizing NNI: done in 0.580663 secs using 94.18% CPU
Optimizing NNI: done in 0.601272 secs using 96.15% CPU
Optimizing NNI: done in 0.449845 secs using 93.78% CPU
Optimizing NNI: done in 0.685991 secs using 100.2% CPU
Optimizing NNI: done in 0.552642 secs using 101.8% CPU
Optimizing NNI: done in 0.53571 secs using 99.17% CPU
Optimizing NNI: done in 0.773142 secs using 101% CPU
Optimizing NNI: done in 0.730384 secs using 100.5% CPU
Iteration 40 / LogL: -16788.311 / Time: 0h:0m:50s (0h:1m:33s left)
Optimizing NNI: done in 0.583202 secs using 99.13% CPU
Optimizing NNI: done in 0.523831 secs using 98.43% CPU
Optimizing NNI: done in 0.631625 secs using 98.95% CPU
Optimizing NNI: done in 0.646799 secs using 99.05% CPU
Optimizing NNI: done in 0.488418 secs using 99.17% CPU
Optimizing NNI: done in 0.594651 secs using 97.22% CPU
Optimizing NNI: done in 0.548184 secs using 96.91% CPU
Optimizing NNI: done in 0.704287 secs using 99.84% CPU
Optimizing NNI: done in 0.548491 secs using 96.86% CPU
Optimizing NNI: done in 0.560893 secs using 97.5% CPU
Iteration 50 / LogL: -16788.884 / Time: 0h:0m:56s (0h:1m:12s left)
Log-likelihood cutoff on original alignment: -16828.820
Optimizing NNI: done in 0.725298 secs using 86.17% CPU
Optimizing NNI: done in 0.590934 secs using 100.5% CPU
Optimizing NNI: done in 0.571781 secs using 95.64% CPU
Optimizing NNI: done in 0.519432 secs using 99.27% CPU
Optimizing NNI: done in 0.484948 secs using 93.44% CPU
Optimizing NNI: done in 0.62209 secs using 100.5% CPU
Optimizing NNI: done in 0.664108 secs using 96.46% CPU
Optimizing NNI: done in 0.87001 secs using 75.43% CPU
Optimizing NNI: done in 0.600438 secs using 98.89% CPU
Optimizing NNI: done in 0.847802 secs using 92.15% CPU
Iteration 60 / LogL: -16788.318 / Time: 0h:1m:3s (0h:0m:56s left)
Optimizing NNI: done in 0.681061 secs using 96.36% CPU
Optimizing NNI: done in 0.616893 secs using 98.78% CPU
Optimizing NNI: done in 0.565318 secs using 96.74% CPU
Optimizing NNI: done in 0.76377 secs using 75.69% CPU
Optimizing NNI: done in 0.621494 secs using 85.48% CPU
Optimizing NNI: done in 0.469283 secs using 99.89% CPU
Optimizing NNI: done in 0.762169 secs using 98.4% CPU
Optimizing NNI: done in 0.609968 secs using 87.09% CPU
Optimizing NNI: done in 0.958259 secs using 78.27% CPU
Optimizing NNI: done in 0.833708 secs using 97.46% CPU
Iteration 70 / LogL: -16788.843 / Time: 0h:1m:10s (0h:0m:43s left)
Optimizing NNI: done in 0.593094 secs using 97.48% CPU
Optimizing NNI: done in 0.542936 secs using 100.7% CPU
Optimizing NNI: done in 0.682562 secs using 98.43% CPU
Optimizing NNI: done in 0.476432 secs using 98.39% CPU
Optimizing NNI: done in 0.490162 secs using 102% CPU
Optimizing NNI: done in 0.676755 secs using 101.6% CPU
Optimizing NNI: done in 0.752729 secs using 99.64% CPU
Optimizing NNI: done in 0.729152 secs using 96.43% CPU
Optimizing NNI: done in 0.499831 secs using 96.91% CPU
Optimizing NNI: done in 0.528661 secs using 100.5% CPU
Iteration 80 / LogL: -16788.883 / Time: 0h:1m:16s (0h:0m:32s left)
Optimizing NNI: done in 0.497311 secs using 97.4% CPU
Optimizing NNI: done in 0.617167 secs using 101.3% CPU
Optimizing NNI: done in 0.706043 secs using 97.37% CPU
Optimizing NNI: done in 0.603743 secs using 100.9% CPU
Optimizing NNI: done in 0.530773 secs using 97.15% CPU
Optimizing NNI: done in 0.779488 secs using 100.2% CPU
Optimizing NNI: done in 0.572242 secs using 92.84% CPU
Optimizing NNI: done in 0.650623 secs using 98.46% CPU
Optimizing NNI: done in 0.662839 secs using 99.01% CPU
Optimizing NNI: done in 0.580645 secs using 96.87% CPU
Iteration 90 / LogL: -16788.308 / Time: 0h:1m:23s (0h:0m:21s left)
Optimizing NNI: done in 0.601068 secs using 101.4% CPU
Optimizing NNI: done in 0.675607 secs using 92.51% CPU
Optimizing NNI: done in 0.841934 secs using 100.2% CPU
Optimizing NNI: done in 0.72785 secs using 94.46% CPU
Optimizing NNI: done in 0.666282 secs using 93.8% CPU
Optimizing NNI: done in 0.782421 secs using 99.85% CPU
Optimizing NNI: done in 0.881594 secs using 95.71% CPU
Optimizing NNI: done in 0.629452 secs using 96.81% CPU
Optimizing NNI: done in 0.6873 secs using 97.76% CPU
Optimizing NNI: done in 0.558805 secs using 95.07% CPU
Iteration 100 / LogL: -16788.308 / Time: 0h:1m:30s (0h:0m:11s left)
Log-likelihood cutoff on original alignment: -16828.820
NOTE: Bootstrap correlation coefficient of split occurrence frequencies: 1.000
Optimizing NNI: done in 0.766281 secs using 95.84% CPU
Optimizing NNI: done in 0.720412 secs using 99.77% CPU
Optimizing NNI: done in 0.634641 secs using 98.48% CPU
Optimizing NNI: done in 0.59922 secs using 96.48% CPU
Optimizing NNI: done in 0.644857 secs using 99.34% CPU
Optimizing NNI: done in 0.571242 secs using 101.2% CPU
Optimizing NNI: done in 0.672075 secs using 99.97% CPU
Optimizing NNI: done in 0.51015 secs using 94.95% CPU
Optimizing NNI: done in 0.565478 secs using 99.47% CPU
Optimizing NNI: done in 0.757158 secs using 99.05% CPU
Iteration 110 / LogL: -16798.808 / Time: 0h:1m:37s (0h:1m:20s left)
Optimizing NNI: done in 0.648877 secs using 96.32% CPU
Optimizing NNI: done in 0.662173 secs using 99.11% CPU
Optimizing NNI: done in 0.496701 secs using 97.52% CPU
Optimizing NNI: done in 0.557039 secs using 98.18% CPU
TREE SEARCH COMPLETED AFTER 114 ITERATIONS / Time: 0h:1m:40s

--------------------------------------------------------------------
|                    FINALIZING TREE SEARCH                        |
--------------------------------------------------------------------
Performs final model parameters optimization
Estimate model parameters (epsilon = 0.010)
1. Initial log-likelihood: -16788.305
Optimal log-likelihood: -16788.303
Rate parameters:  A-C: 1.07074  A-G: 6.57873  A-T: 0.99229  C-G: 0.49819  C-T: 9.37678  G-T: 1.00000
Base frequencies:  A: 0.232  C: 0.310  G: 0.254  T: 0.204
Proportion of invariable sites: 0.496
Gamma shape alpha: 1.348
Parameters optimization took 1 rounds (0.141 sec)
BEST SCORE FOUND : -16788.303
Creating bootstrap support values...
Split supports printed to NEXUS file alignments_no_probang_etc\recombinant_free_regions\Asia1\Asia1_761-2767_no_probang.splits.nex
Total tree length: 1.862

Total number of iterations: 114
CPU time used for tree search: 78.141 sec (0h:1m:18s)
Wall-clock time used for tree search: 81.147 sec (0h:1m:21s)
Total CPU time used: 97.250 sec (0h:1m:37s)
Total wall-clock time used: 101.150 sec (0h:1m:41s)

Computing bootstrap consensus tree...
Reading input file alignments_no_probang_etc\recombinant_free_regions\Asia1\Asia1_761-2767_no_probang.splits.nex...
64 taxa and 304 splits.
Consensus tree written to alignments_no_probang_etc\recombinant_free_regions\Asia1\Asia1_761-2767_no_probang.contree
Reading input trees file alignments_no_probang_etc\recombinant_free_regions\Asia1\Asia1_761-2767_no_probang.contree
Log-likelihood of consensus tree: -16788.948

Analysis results written to: 
  IQ-TREE report:                alignments_no_probang_etc\recombinant_free_regions\Asia1\Asia1_761-2767_no_probang.iqtree
  Maximum-likelihood tree:       alignments_no_probang_etc\recombinant_free_regions\Asia1\Asia1_761-2767_no_probang.treefile
  Likelihood distances:          alignments_no_probang_etc\recombinant_free_regions\Asia1\Asia1_761-2767_no_probang.mldist

Ultrafast bootstrap approximation results written to:
  Split support values:          alignments_no_probang_etc\recombinant_free_regions\Asia1\Asia1_761-2767_no_probang.splits.nex
  Consensus tree:                alignments_no_probang_etc\recombinant_free_regions\Asia1\Asia1_761-2767_no_probang.contree
  Screen log file:               alignments_no_probang_etc\recombinant_free_regions\Asia1\Asia1_761-2767_no_probang.log

Date and Time: Thu Jan 15 14:51:05 2026
