IQ-TREE version 3.0.1 for Windows 64-bit built May  5 2025
Developed by Bui Quang Minh, Thomas Wong, Nhan Ly-Trong, Huaiyan Ren
Contributed by Lam-Tung Nguyen, Dominik Schrempf, Chris Bielow,
Olga Chernomor, Michael Woodhams, Diep Thi Hoang, Heiko Schmidt

Host:    DESKTOP-IAVMJI2 (AVX2, FMA3, 7 GB RAM)
Command: bin/iqtree3.exe -s alignments_no_probang_etc\recombinant_free_regions\O\O_3109-4869_no_probang.fasta -bb 1000 -m GTR+F+I+G -pre alignments_no_probang_etc\recombinant_free_regions\O\O_3109-4869_no_probang
Seed:    244404 (Using SPRNG - Scalable Parallel Random Number Generator)
Time:    Thu Jan 15 15:49:08 2026
Kernel:  AVX+FMA - 1 threads (8 CPU cores detected)

HINT: Use -nt option to specify number of threads because your CPU has 8 cores!
HINT: -nt AUTO will automatically determine the best number of threads to use.

Reading alignment file alignments_no_probang_etc\recombinant_free_regions\O\O_3109-4869_no_probang.fasta ... Fasta format detected
Reading fasta file: done in 0.0222562 secs
Alignment most likely contains DNA/RNA sequences
Constructing alignment: done in 0.0107798 secs
Alignment has 612 sequences with 1791 columns, 1014 distinct patterns
849 parsimony-informative, 159 singleton sites, 783 constant sites
                                                    Gap/Ambiguity  Composition  p-value
Analyzing sequences: done in 0.0033716 secs
   1  AH012985/KOR/Unknown/2000/O/ME-SA/PanAsia             1.68%    passed     99.69%
   2  AH012984/KOR/Unknown/2000/O/ME-SA/PanAsia             1.68%    passed     99.61%
   3  MH167966/UGA/cow/2015/O/EA-2/Unknown                  1.68%    passed     90.40%
   4  MH167965/UGA/cow/2016/O/EA-2/Unknown                  1.68%    passed     88.99%
   5  MH167964/UGA/cow/2015/O/EA-2/Unknown                  1.68%    passed     95.71%
   6  MH167963/UGA/cow/2015/O/EA-2/Unknown                  1.68%    passed     90.54%
   7  MH167962/UGA/cow/2015/O/EA-2/Unknown                  1.68%    passed     77.98%
   8  MT018551/ISR/cattle/2018/O/ME-SA/PanAsia-2            1.68%    passed     96.75%
   9  MT018550/ISR/cattle/2018/O/ME-SA/PanAsia-2            1.68%    passed     94.77%
  10  MT018549/ISR/cattle/2018/O/ME-SA/PanAsia-2            1.68%    passed     93.53%
  11  MT018548/ISR/pig/2018/O/ME-SA/PanAsia-2               1.68%    passed     92.75%
  12  JF749852/Unknown/Unknown/2004/O/ME-SA/PanAsia-2       1.68%    passed     99.94%
  13  JF749851/IRN/Unknown/2001/O/ME-SA/PanAsia             1.68%    passed     91.52%
  14  GU384683/PAK/buffalo/2008/O/ME-SA/PanAsia-2           1.68%    passed     89.89%
  15  GU384682/PAK/cattle/2008/O/ME-SA/PanAsia-2            1.68%    passed     88.81%
  16  KC440883/EGY/Unknown/2011/O/ME-SA/PanAsia-2           1.68%    passed     86.88%
  17  HM229661/HKG/pig/2010/O/SEA/Unknown                   1.68%    passed     92.02%
  18  JQ900581/CHN/pig/2010/O/SEA/Unknown                   1.68%    passed     89.21%
  19  FJ175666/ISR/cattle/2007/O/ME-SA/PanAsia-2            1.68%    passed     98.88%
  20  FJ175665/ISR/cattle/2007/O/ME-SA/PanAsia-2            1.68%    passed     95.73%
  21  FJ175664/ISR/cattle/2007/O/ME-SA/PanAsia-2            1.68%    passed     98.27%
  22  FJ175663/ISR/cattle/2007/O/ME-SA/PanAsia-2            1.68%    passed     98.27%
  23  FJ175661/ISR/goat/2007/O/ME-SA/PanAsia-2              1.68%    passed     97.14%
  24  FJ461345/UGA/Unknown/2002/O/EA-2/Unknown              1.68%    passed     98.76%
  25  FJ461344/UGA/cow/2002/O/EA-2/Unknown                  1.68%    passed     89.42%
  26  OQ211407/PSE/sheep/2007/O/ME-SA/PanAsia-2             1.68%    passed     91.11%
  27  OQ211406/PSE/sheep/2007/O/ME-SA/PanAsia-2             1.68%    passed     88.94%
  28  OQ211405/ISR/cattle/2007/O/ME-SA/PanAsia-2            1.68%    passed     91.27%
  29  OQ211404/PSE/cattle/2007/O/ME-SA/PanAsia-2            1.68%    passed     94.31%
  30  OQ211403/ISR/cattle/2007/O/ME-SA/PanAsia-2            1.68%    passed     93.26%
  31  OQ211402/ISR/cattle/2007/O/ME-SA/PanAsia-2            1.68%    passed     97.00%
  32  OQ211401/ISR/cattle/2007/O/ME-SA/PanAsia-2            1.68%    passed     97.00%
  33  OQ211400/ISR/cattle/2007/O/ME-SA/PanAsia-2            1.68%    passed     97.00%
  34  OQ211399/ISR/gazelle/2007/O/ME-SA/PanAsia-2           1.68%    passed     98.27%
  35  OQ211398/ISR/gazelle/2007/O/ME-SA/PanAsia-2           1.68%    passed     98.27%
  36  OQ211397/ISR/sheep/2007/O/ME-SA/PanAsia-2             1.68%    passed     90.56%
  37  OQ211396/ISR/cattle/2007/O/ME-SA/PanAsia-2            1.68%    passed     96.75%
  38  OQ211394/ISR/cattle/2007/O/ME-SA/PanAsia-2            1.68%    passed     97.00%
  39  OQ211393/ISR/goat/2007/O/ME-SA/PanAsia-2              1.68%    passed     96.43%
  40  OQ211392/ISR/cattle/2007/O/ME-SA/PanAsia-2            1.68%    passed     98.27%
  41  OQ211391/ISR/cattle/2007/O/ME-SA/PanAsia-2            1.68%    passed     98.60%
  42  OQ211390/ISR/cattle/2007/O/ME-SA/PanAsia-2            1.68%    passed     99.17%
  43  OQ211389/ISR/goat/2006/O/ME-SA/PanAsia-2              1.68%    passed     97.14%
  44  OQ211388/PSE/sheep/2007/O/ME-SA/PanAsia-2             1.68%    passed     96.92%
  45  OQ211387/ISR/cattle/2007/O/ME-SA/PanAsia-2            1.68%    passed     92.02%
  46  OQ211386/ISR/cattle/2007/O/ME-SA/PanAsia-2            1.68%    passed     98.88%
  47  OQ211385/ISR/cattle/2007/O/ME-SA/PanAsia-2            1.68%    passed     96.33%
  48  OQ211384/ISR/cattle/2007/O/ME-SA/PanAsia-2            1.68%    passed     92.58%
  49  OQ211383/ISR/gazelle/2007/O/ME-SA/PanAsia-2           1.68%    passed     97.67%
  50  OQ211382/ISR/gazelle/2007/O/ME-SA/PanAsia-2           1.68%    passed     98.27%
  51  OQ211381/ISR/gazelle/2007/O/ME-SA/PanAsia-2           1.68%    passed     98.27%
  52  OQ211380/ISR/cattle/2007/O/ME-SA/PanAsia-2            1.68%    passed     88.23%
  53  OQ211378/ISR/cattle/2007/O/ME-SA/PanAsia-2            1.68%    passed     94.68%
  54  OQ211377/ISR/cattle/2007/O/ME-SA/PanAsia-2            1.68%    passed     95.30%
  55  OQ211376/ISR/cattle/2007/O/ME-SA/PanAsia-2            1.68%    passed     92.58%
  56  OQ211375/PSE/sheep/2007/O/ME-SA/PanAsia-2             1.68%    passed     92.99%
  57  OQ211374/ISR/cattle/2007/O/ME-SA/PanAsia-2            1.68%    passed     95.73%
  58  OQ211373/ISR/goat/2007/O/ME-SA/PanAsia-2              1.68%    passed     90.56%
  59  OQ211372/ISR/goat/2007/O/ME-SA/PanAsia-2              1.68%    passed     92.58%
  60  OQ211371/PSE/goat/2007/O/ME-SA/PanAsia-2              1.68%    passed     94.31%
  61  OQ211370/ISR/cattle/2007/O/ME-SA/PanAsia-2            1.68%    passed     98.27%
  62  OQ211369/ISR/cattle/2007/O/ME-SA/PanAsia-2            1.68%    passed     97.14%
  63  OQ211367/PSE/sheep/2007/O/ME-SA/PanAsia-2             1.68%    passed     91.11%
  64  OQ211366/PSE/sheep/2007/O/ME-SA/PanAsia-2             1.68%    passed     92.02%
  65  OQ211365/PSE/sheep/2007/O/ME-SA/PanAsia-2             1.68%    passed     94.94%
  66  OQ211364/PSE/sheep/2007/O/ME-SA/PanAsia-2             1.68%    passed     97.43%
  67  OQ211363/ISR/sheep/2007/O/ME-SA/PanAsia-2             1.68%    passed     94.31%
  68  OQ211362/PSE/sheep/2007/O/ME-SA/PanAsia-2             1.68%    passed     94.58%
  69  OQ211361/ISR/sheep/2007/O/ME-SA/PanAsia-2             1.68%    passed     93.76%
  70  OQ211360/ISR/cattle/2007/O/ME-SA/PanAsia-2            1.68%    passed     94.32%
  71  OQ211359/ISR/cattle/2007/O/ME-SA/PanAsia-2            1.68%    passed     93.76%
  72  OQ211358/ISR/cattle/2007/O/ME-SA/PanAsia-2            1.68%    passed     93.76%
  73  OQ211357/ISR/cattle/2007/O/ME-SA/PanAsia-2            1.68%    passed     93.76%
  74  OQ211356/ISR/cattle/2007/O/ME-SA/PanAsia-2            1.68%    passed     93.76%
  75  OQ211355/ISR/cattle/2007/O/ME-SA/PanAsia-2            1.68%    passed     97.78%
  76  OQ211354/PSE/cattle/2007/O/ME-SA/PanAsia-2            1.68%    passed     91.91%
  77  OQ211353/ISR/sheep/2007/O/ME-SA/PanAsia-2             1.68%    passed     92.58%
  78  OQ211352/ISR/cattle/2007/O/ME-SA/PanAsia-2            1.68%    passed     95.91%
  79  OQ211351/ISR/goat/2007/O/ME-SA/PanAsia-2              1.68%    passed     95.91%
  80  OQ211350/ISR/cattle/2007/O/ME-SA/PanAsia-2            1.68%    passed     95.39%
  81  OQ211349/PSE/sheep/2007/O/ME-SA/PanAsia-2             1.73%    passed     89.04%
  82  OQ457195/NER/cattle/2020/O/EA-3/Unknown               1.84%    passed     96.04%
  83  OQ457194/NER/cattle/2020/O/EA-3/Unknown               1.84%    passed     97.01%
  84  OQ457193/NER/cattle/2020/O/EA-3/Unknown               1.84%    passed     96.04%
  85  OQ457192/NER/cattle/2020/O/EA-3/Unknown               1.84%    passed     96.04%
  86  OQ457191/NER/cattle/2020/O/EA-3/Unknown               1.84%    passed     96.04%
  87  OQ457189/NER/cattle/2020/O/EA-3/Unknown               1.84%    passed     96.04%
  88  OQ457188/NER/cattle/2020/O/EA-3/Unknown               1.84%    passed     96.04%
  89  OQ457186/NER/cattle/2020/O/EA-3/Unknown               1.84%    passed     91.36%
  90  OQ457185/NER/cattle/2020/O/EA-3/Unknown               1.84%    passed     91.36%
  91  OQ457184/NER/cattle/2020/O/EA-3/Unknown               1.84%    passed     91.36%
  92  OP957418/BGD/cattle/2021/O/ME-SA/PanAsia-2            1.68%    passed     98.88%
  93  ON868623/VNM/pig/2017/O/CATHAY/Unknown                3.52%    passed     74.03%
  94  ON868622/VNM/pig/2017/O/CATHAY/Unknown                3.35%    passed     83.98%
  95  ON868620/VNM/pig/2019/O/SEA/Unknown                   1.68%    passed     77.72%
  96  ON868619/VNM/pig/2019/O/SEA/Unknown                   1.68%    passed     82.12%
  97  ON868618/VNM/pig/2019/O/SEA/Unknown                   1.68%    passed     88.54%
  98  ON868617/VNM/pig/2019/O/SEA/Unknown                   1.68%    passed     84.31%
  99  ON868616/VNM/pig/2018/O/SEA/Unknown                   1.68%    passed     81.80%
 100  ON868615/VNM/pig/2018/O/SEA/Unknown                   1.68%    passed     90.69%
 101  ON868614/VNM/pig/2019/O/SEA/Unknown                   1.68%    passed     67.57%
 102  ON868613/VNM/pig/2019/O/SEA/Unknown                   1.68%    passed     76.08%
 103  ON868612/VNM/pig/2019/O/SEA/Unknown                   1.68%    passed     87.28%
 104  ON868611/VNM/pig/2018/O/SEA/Unknown                   1.68%    passed     80.60%
 105  ON868610/VNM/pig/2019/O/SEA/Unknown                   1.68%    passed     88.44%
 106  ON868609/VNM/pig/2019/O/SEA/Unknown                   1.68%    passed     85.99%
 107  ON868608/VNM/pig/2019/O/SEA/Unknown                   1.68%    passed     80.15%
 108  ON868607/VNM/pig/2019/O/SEA/Unknown                   1.68%    passed     80.67%
 109  ON868606/VNM/pig/2019/O/SEA/Unknown                   1.68%    passed     84.81%
 110  ON868605/VNM/pig/2019/O/SEA/Unknown                   1.68%    passed     80.67%
 111  ON868604/VNM/pig/2018/O/SEA/Unknown                   1.68%    passed     76.08%
 112  ON868603/VNM/pig/2018/O/SEA/Unknown                   1.68%    passed     84.48%
 113  ON868602/VNM/pig/2019/O/SEA/Unknown                   1.68%    passed     84.44%
 114  ON868601/VNM/pig/2018/O/SEA/Unknown                   1.68%    passed     76.08%
 115  ON868600/VNM/pig/2018/O/SEA/Unknown                   1.68%    passed     76.08%
 116  ON868599/VNM/pig/2019/O/SEA/Unknown                   1.68%    passed     71.11%
 117  ON868598/VNM/pig/2018/O/SEA/Unknown                   1.68%    passed     75.89%
 118  ON868597/VNM/pig/2019/O/SEA/Unknown                   1.68%    passed     79.97%
 119  ON868596/VNM/pig/2018/O/SEA/Unknown                   1.68%    passed     75.39%
 120  ON868595/VNM/pig/2018/O/SEA/Unknown                   1.68%    passed     87.28%
 121  ON868594/VNM/pig/2019/O/SEA/Unknown                   1.68%    passed     88.54%
 122  ON868593/VNM/pig/2018/O/SEA/Unknown                   1.68%    passed     75.89%
 123  ON868592/VNM/pig/2018/O/SEA/Unknown                   1.68%    passed     77.23%
 124  ON868591/VNM/pig/2019/O/SEA/Unknown                   1.68%    passed     77.93%
 125  ON868590/VNM/pig/2019/O/SEA/Unknown                   1.68%    passed     77.69%
 126  ON868589/VNM/pig/2019/O/SEA/Unknown                   1.68%    passed     82.08%
 127  ON868579/VNM/cow/2017/O/ME-SA/Unknown                 1.68%    passed     99.06%
 128  ON868557/VNM/water-buffalo/2018/O/ME-SA/Unknown       1.68%    passed     98.53%
 129  ON868552/VNM/pig/2019/O/ME-SA/Unknown                 1.68%    passed     97.96%
 130  ON868549/VNM/cow/2018/O/ME-SA/Unknown                 1.68%    passed     95.64%
 131  ON868547/VNM/cow/2018/O/ME-SA/Unknown                 1.68%    passed     94.79%
 132  ON868542/VNM/pig/2018/O/ME-SA/Unknown                 1.68%    passed     95.11%
 133  ON868528/VNM/pig/2018/O/ME-SA/Unknown                 1.68%    passed     95.90%
 134  ON868521/VNM/pig/2018/O/ME-SA/Unknown                 1.68%    passed     93.72%
 135  OP751924/IDN/cattle/2022/O/ME-SA/Unknown              1.68%    passed     98.95%
 136  ON784047/UGA/cow/2015/O/EA-2/Unknown                  1.17%    passed     90.29%
 137  ON784046/UGA/cow/2015/O/EA-2/Unknown                  0.50%    passed     73.88%
 138  ON784045/UGA/cow/2015/O/EA-2/Unknown                  1.68%    passed     98.08%
 139  ON736860/UGA/cow/2015/O/EA-2/Unknown                  1.34%    passed     96.09%
 140  LC729872/THA/pig/2016/O/ME-SA/Unknown                 1.68%    passed     98.49%
 141  LC729871/THA/cow/2016/O/ME-SA/Unknown                 1.68%    passed     98.58%
 142  LC729870/THA/cow/2016/O/ME-SA/Unknown                 1.68%    passed     98.90%
 143  OP585403/IDN/cattle/2022/O/ME-SA/Unknown              1.68%    passed     99.53%
 144  OM160625/DZA/sheep/2015/O/ME-SA/Ind-2001d             1.68%    passed     95.94%
 145  OM160624/DZA/cattle/2014/O/ME-SA/Ind-2001d            1.68%    passed     94.65%
 146  OM160623/DZA/cattle/2014/O/ME-SA/Ind-2001d            1.68%    passed     94.67%
 147  OM160622/DZA/cattle/2014/O/ME-SA/Ind-2001d            1.68%    passed     94.67%
 148  OM160621/DZA/cattle/2014/O/ME-SA/Ind-2001d            1.68%    passed     94.65%
 149  OM160620/TUN/cattle/2014/O/ME-SA/Ind-2001d            1.68%    passed     96.94%
 150  OM160619/TUN/cattle/2014/O/ME-SA/Ind-2001d            1.68%    passed     97.84%
 151  OM160618/TUN/cattle/2014/O/ME-SA/Ind-2001d            1.68%    passed     97.67%
 152  OM160617/TUN/cattle/2014/O/ME-SA/Ind-2001d            1.68%    passed     96.15%
 153  OM160616/TUN/cattle/2014/O/ME-SA/Ind-2001d            1.68%    passed     95.69%
 154  OM160615/TUN/cattle/2014/O/ME-SA/Ind-2001d            1.68%    passed     96.16%
 155  OM160614/TUN/cattle/2014/O/ME-SA/Ind-2001d            1.68%    passed     94.67%
 156  OM160613/TUN/cattle/2014/O/ME-SA/Ind-2001d            1.68%    passed     96.16%
 157  OM160612/TUN/cattle/2014/O/ME-SA/Ind-2001d            1.68%    passed     95.69%
 158  OM160611/TUN/cattle/2014/O/ME-SA/Ind-2001d            1.68%    passed     97.11%
 159  OM160610/TUN/cattle/2014/O/ME-SA/Ind-2001d            1.68%    passed     96.50%
 160  OM456150/PAK/buffalo/2010/O/ME-SA/PanAsia-2           1.68%    passed     98.62%
 161  OM456149/PAK/cattle/2012/O/ME-SA/PanAsia-2            1.68%    passed     98.52%
 162  OM456148/PAK/buffalo/2012/O/ME-SA/PanAsia-2           1.68%    passed     97.01%
 163  OM456147/PAK/cattle/2011/O/ME-SA/PanAsia-2            1.68%    passed     96.59%
 164  OM456146/PAK/cattle/2010/O/ME-SA/PanAsia-2            1.68%    passed     99.82%
 165  OM456145/PAK/buffalo/2010/O/ME-SA/PanAsia-2           1.68%    passed     99.82%
 166  OM456144/PAK/cattle/2010/O/ME-SA/PanAsia-2            1.68%    passed     98.65%
 167  OM456143/PAK/buffalo/2012/O/ME-SA/PanAsia-2           1.68%    passed     95.10%
 168  OM456142/PAK/buffalo/2011/O/ME-SA/PanAsia-2           1.68%    passed     99.64%
 169  OM456141/PAK/buffalo/2011/O/ME-SA/PanAsia-2           1.68%    passed     99.67%
 170  OM456140/PAK/buffalo/2011/O/ME-SA/PanAsia-2           1.68%    passed     99.84%
 171  OM456139/PAK/buffalo/2011/O/ME-SA/PanAsia-2           1.68%    passed     99.56%
 172  OM456138/PAK/buffalo/2009/O/ME-SA/PanAsia-2           1.68%    passed     99.08%
 173  OM456137/PAK/cattle/2012/O/ME-SA/PanAsia-2            1.68%    passed     99.75%
 174  OM456136/PAK/buffalo/2012/O/ME-SA/PanAsia-2           1.68%    passed     97.40%
 175  OM456135/PAK/cattle/2012/O/ME-SA/PanAsia-2            1.68%    passed     97.01%
 176  OM456134/PAK/cattle/2012/O/ME-SA/PanAsia-2            1.68%    passed     98.96%
 177  OM456133/PAK/cattle/2012/O/ME-SA/PanAsia-2            1.68%    passed     98.52%
 178  OM022649/NER/cattle/2017/O/EA-3/Unknown               1.84%    passed     79.67%
 179  OM022648/NER/cattle/2017/O/EA-3/Unknown               1.84%    passed     83.49%
 180  OM022646/NER/cattle/2017/O/EA-3/Unknown               1.84%    passed     91.22%
 181  OM022644/NER/cattle/2017/O/EA-3/Unknown               1.84%    passed     91.22%
 182  OM022643/NER/cattle/2017/O/EA-3/Unknown               1.84%    passed     86.24%
 183  OM022642/NER/cattle/2018/O/EA-3/Unknown               1.84%    passed     78.39%
 184  OK019689/IRN/cow/2016/O/ME-SA/PanAsia-2               1.68%    passed     90.78%
 185  KY444649/THA/pig/2016/O/SEA/Unknown                   1.68%    passed     99.99%
 186  KY444648/THA/pig/2016/O/SEA/Unknown                   1.68%    passed    100.00%
 187  KY444647/THA/pig/2016/O/SEA/Unknown                   1.68%    passed     99.99%
 188  KY444646/THA/pig/2016/O/SEA/Unknown                   1.68%    passed     99.99%
 189  KY444645/THA/pig/2016/O/SEA/Unknown                   1.68%    passed     99.99%
 190  KY444644/THA/pig/2013/O/SEA/Mya-98                    1.68%    passed     90.47%
 191  MT944983/IRN/goat/2016/O/ME-SA/PanAsia-2              1.68%    passed     86.35%
 192  MT944982/IRN/goat/2016/O/ME-SA/PanAsia-2              1.68%    passed     86.35%
 193  MT944981/IRN/dog/2016/O/ME-SA/PanAsia-2               1.68%    passed     87.70%
 194  MT602084/KEN/cattle/2018/O/EA-2/Unknown               1.68%    passed     94.66%
 195  MT602081/ETH/cattle/2015/O/EA-3/Unknown               1.68%    passed     97.82%
 196  KY322673/MYS/cattle/2014/O/SEA/Mya-98                 3.85%    passed     30.77%
 197  KY322672/MYS/cattle/2014/O/SEA/Unknown                1.68%    passed     99.54%
 198  KY322671/MYS/cattle/2014/O/SEA/Mya-98                 1.68%    passed     91.31%
 199  KY322670/LAO/cattle/2013/O/SEA/Mya-98                 1.68%    passed     91.14%
 200  MN983158/IND/cattle/2009/O/ME-SA/Unknown              1.68%    passed     87.94%
 201  MN983157/IND/cattle/2009/O/ME-SA/Ind-2001c            1.68%    passed     89.28%
 202  MN983156/IND/cattle/2008/O/ME-SA/Unknown              1.68%    passed     98.90%
 203  MN983155/IND/cattle/2008/O/ME-SA/Ind-2001b            1.68%    passed     97.74%
 204  MN983154/IND/cattle/2005/O/ME-SA/Ind-2001b            1.68%    passed     95.80%
 205  MN983153/IND/cattle/2001/O/ME-SA/Ind-2001b            1.68%    passed     97.87%
 206  MN983152/IND/cattle/1997/O/ME-SA/Ind-2001a            1.68%    passed     92.46%
 207  MN953620/PAK/cattle/2019/O/ME-SA/Unknown              1.68%    passed     86.21%
 208  MN953619/PAK/cattle/2019/O/ME-SA/Unknown              1.68%    passed     83.92%
 209  MN389541/CHN/pig/2010/O/SEA/Unknown                   1.68%    passed     90.89%
 210  MN062585/TUR/cattle/2010/O/ME-SA/PanAsia-2            1.68%    passed     99.44%
 211  MN062583/PAK/cattle/2009/O/ME-SA/PanAsia-2            1.68%    passed     96.17%
 212  MN062582/PAK/buffalo/2009/O/ME-SA/PanAsia-2           1.68%    passed     94.70%
 213  MN062580/IRN/cattle/2010/O/ME-SA/PanAsia-2            1.68%    passed     99.30%
 214  MN062579/IRN/cattle/2010/O/ME-SA/PanAsia-2            1.68%    passed     99.84%
 215  MN250318/VNM/pig/2019/O/CATHAY/Unknown/O              3.35%    passed     68.57%
 216  MN250317/VNM/pig/2018/O/CATHAY/Unknown/O              3.35%    passed     92.32%
 217  MN250316/VNM/pig/2018/O/CATHAY/Unknown/O              3.35%    passed     85.50%
 218  MN250315/VNM/pig/2018/O/CATHAY/Unknown/O              3.35%    passed     87.93%
 219  MN250314/VNM/pig/2017/O/CATHAY/Unknown/O              3.52%    passed     74.03%
 220  MN116694/KEN/cow/2016/O/EA-2/Unknown                  1.68%    passed     86.94%
 221  MN116693/KEN/cow/2014/O/EA-2/Unknown                  1.68%    passed     96.00%
 222  MN095371/IND/cattle/2014/O/ME-SA/Ind-2001d            1.68%    passed     78.54%
 223  MN095370/IND/cattle/2014/O/ME-SA/Ind-2001d            1.68%    passed     78.54%
 224  MN095369/IND/cattle/2014/O/ME-SA/Ind-2001d            1.68%    passed     76.74%
 225  MN095368/IND/cattle/2014/O/ME-SA/Ind-2001d            1.68%    passed     78.54%
 226  MN095367/IND/cattle/2014/O/ME-SA/Ind-2001d            1.68%    passed     81.47%
 227  MN095366/IND/cattle/2014/O/ME-SA/Ind-2001d            1.68%    passed     76.74%
 228  MN095365/IND/cattle/2014/O/ME-SA/Ind-2001d            1.68%    passed     79.99%
 229  MN095364/IND/cattle/2014/O/ME-SA/Ind-2001d            1.68%    passed     75.39%
 230  MN095363/IND/cattle/2013/O/ME-SA/Ind-2001d            1.68%    passed     70.59%
 231  MN095362/IND/cattle/2013/O/ME-SA/Ind-2001d            1.68%    passed     70.59%
 232  MN095361/IND/cattle/2013/O/ME-SA/Ind-2001d            1.68%    passed     70.59%
 233  MN095360/IND/cattle/2013/O/ME-SA/Ind-2001d            1.68%    passed     70.59%
 234  MN095359/IND/cattle/2013/O/ME-SA/Ind-2001d            1.68%    passed     70.59%
 235  MN095358/IND/cattle/2013/O/ME-SA/Ind-2001d            1.68%    passed     70.59%
 236  MN095357/IND/cattle/2013/O/ME-SA/Ind-2001d            1.68%    passed     70.59%
 237  MN095356/IND/cattle/2013/O/ME-SA/Ind-2001d            1.68%    passed     70.59%
 238  MN095355/IND/cattle/2013/O/ME-SA/Ind-2001d            1.68%    passed     89.23%
 239  MN095354/IND/cattle/2013/O/ME-SA/Ind-2001d            1.68%    passed     81.00%
 240  NC_039210/GBR/Unknown/1965/O/EURO-SA/Unknown          1.68%    passed     81.90%
 241  LC456873/GHA/cow/2018/O/EA-3/Unknown                  1.84%    passed     77.05%
 242  LC456871/GHA/cow/2018/O/EA-3/Unknown                  1.84%    passed     77.05%
 243  LC456870/GHA/cow/2018/O/EA-3/Unknown                  1.84%    passed     77.05%
 244  MK071699/BGD/cattle/2013/O/ME-SA/Unknown              1.68%    passed     93.92%
 245  LC438823/MMR/cow/2016/O/ME-SA/Unknown                 1.68%    passed     93.20%
 246  LC438822/MMR/cow/2016/O/ME-SA/Unknown                 1.68%    passed     97.13%
 247  MH845413/VNM/pig/2014/O/SEA/Unknown                   1.68%    passed     96.29%
 248  MF947143/VNM/cattle/2013/O/ME-SA/Unknown              1.68%    passed     99.81%
 249  MF947137/VNM/buffalo/2012/O/ME-SA/Unknown             1.68%    passed     94.92%
 250  MF947132/VNM/buffalo/2015/O/ME-SA/Unknown             1.68%    passed     81.73%
 251  MF947131/VNM/pig/2013/O/ME-SA/Unknown                 1.68%    passed     99.11%
 252  MF947129/VNM/pig/2014/O/ME-SA/Unknown                 1.68%    passed     94.01%
 253  MF947128/VNM/cattle/2010/O/ME-SA/Unknown              1.68%    passed     98.79%
 254  MF947127/VNM/buffalo/2012/O/ME-SA/Unknown             1.68%    passed     94.92%
 255  MF947126/VNM/pig/2011/O/ME-SA/Unknown                 1.68%    passed     98.33%
 256  MF947124/VNM/cattle/2012/O/ME-SA/Unknown              1.68%    passed     95.47%
 257  MF947123/VNM/buffalo/2011/O/ME-SA/Unknown             1.68%    passed     96.06%
 258  MH891503/VNM/cow/2017/O/ME-SA/Unknown                 1.68%    passed     93.14%
 259  MH784405/PAK/cattle/2017/O/ME-SA/PanAsia-2            1.68%    passed     94.64%
 260  MH784404/PAK/water-buffalo/2017/O/ME-SA/PanAsia-2     1.68%    passed     98.40%
 261  MH784403/PAK/cattle/2016/O/ME-SA/PanAsia-2            1.68%    passed     94.45%
 262  MG983741/VNM/cattle/2016/O/ME-SA/Unknown              1.68%    passed     97.56%
 263  MG983740/VNM/cattle/2015/O/ME-SA/Ind-2001d            1.68%    passed     72.36%
 264  MG983739/ARE/cattle/2016/O/ME-SA/Unknown              1.68%    passed     88.81%
 265  MG983738/ARE/cattle/2016/O/ME-SA/Unknown              1.68%    passed     87.00%
 266  MG983737/ARE/gazelle/2014/O/ME-SA/Ind-2001d           1.68%    passed     78.54%
 267  MG983736/ARE/gazelle/2014/O/ME-SA/Ind-2001d           1.68%    passed     78.54%
 268  MG983735/TUN/Unknown/2014/O/ME-SA/Ind-2001d           1.68%    passed     97.38%
 269  MG983734/LKA/water-buffalo/2014/O/ME-SA/Ind-2001d     1.68%    passed     77.27%
 270  MG983733/LKA/cattle/2014/O/ME-SA/Ind-2001d            1.68%    passed     70.87%
 271  MG983732/LKA/cattle/2014/O/ME-SA/Ind-2001d            1.68%    passed     72.88%
 272  MG983731/LKA/cattle/2013/O/ME-SA/Ind-2001d            1.68%    passed     76.42%
 273  MG983730/KOR/cattle/2017/O/ME-SA/Unknown              1.68%    passed     97.32%
 274  MG983729/SAU/cattle/2016/O/ME-SA/Unknown              1.68%    passed     97.13%
 275  MG983728/SAU/cattle/2016/O/ME-SA/Unknown              1.68%    passed     83.66%
 276  MG983727/SAU/cattle/2015/O/ME-SA/Unknown              1.68%    passed     87.68%
 277  MG983726/SAU/cattle/2014/O/ME-SA/Ind-2001d            1.68%    passed     94.41%
 278  MG983725/SAU/cattle/2014/O/ME-SA/Ind-2001d            1.68%    passed     94.92%
 279  MG983724/SAU/cattle/2013/O/ME-SA/Ind-2001d            1.68%    passed     93.71%
 280  MG983723/SAU/cattle/2013/O/ME-SA/Ind-2001d            1.68%    passed     93.71%
 281  MG983722/SAU/cattle/2013/O/ME-SA/Ind-2001d            1.68%    passed     96.49%
 282  MG983721/SAU/cattle/2013/O/ME-SA/Ind-2001d            1.68%    passed     97.47%
 283  MG983720/RUS/cattle/2016/O/ME-SA/Unknown              1.68%    passed     98.85%
 284  MG983719/NPL/cattle/2015/O/ME-SA/Unknown              1.68%    passed     90.54%
 285  MG983718/NPL/cattle/2015/O/ME-SA/Unknown              1.68%    passed     97.56%
 286  MG983717/NPL/cattle/2015/O/ME-SA/Ind-2001d            1.68%    passed     94.65%
 287  MG983716/NPL/cattle/2014/O/ME-SA/Ind-2001d            1.68%    passed     61.86%
 288  MG983715/NPL/cattle/2014/O/ME-SA/Ind-2001d            1.68%    passed     84.25%
 289  MG983714/NPL/pig/2013/O/ME-SA/Ind-2001d               1.68%    passed     73.93%
 290  MG983713/NPL/cattle/2013/O/ME-SA/Ind-2001d            1.68%    passed     88.15%
 291  MG983712/NPL/cattle/2013/O/ME-SA/Ind-2001d            1.68%    passed     89.16%
 292  MG983711/NPL/cattle/2013/O/ME-SA/Ind-2001d            1.68%    passed     73.84%
 293  MG983710/NPL/water-buffalo/2012/O/ME-SA/Unknown       1.68%    passed     98.43%
 294  MG983709/NPL/cattle/2012/O/ME-SA/Ind-2001d            1.68%    passed     90.37%
 295  MG983708/NPL/cattle/2012/O/ME-SA/Ind-2001d            1.68%    passed     90.37%
 296  MG983707/NPL/water-buffalo/2012/O/ME-SA/Unknown       1.68%    passed     93.54%
 297  MG983706/NPL/cattle/2010/O/ME-SA/Ind-2001d            1.68%    passed     87.03%
 298  MG983705/NPL/cattle/2010/O/ME-SA/Ind-2001d            1.68%    passed     89.71%
 299  MG983704/NPL/cattle/2008/O/ME-SA/Unknown              1.68%    passed     99.02%
 300  MG983703/MMR/cattle/2016/O/ME-SA/Unknown              1.68%    passed     87.73%
 301  MG983702/MUS/cattle/2016/O/ME-SA/Unknown              1.68%    passed     90.41%
 302  MG983701/MUS/cattle/2016/O/ME-SA/Unknown              1.68%    passed     90.41%
 303  MG983700/MUS/cattle/2016/O/ME-SA/Unknown              1.68%    passed     90.41%
 304  MG983699/MUS/cattle/2016/O/ME-SA/Unknown              1.68%    passed     90.41%
 305  MG983698/MUS/cattle/2016/O/ME-SA/Unknown              1.68%    passed     90.41%
 306  MG983697/LBY/cattle/2013/O/ME-SA/Ind-2001d            1.68%    passed     76.09%
 307  MG983696/LBY/cattle/2013/O/ME-SA/Ind-2001d            1.68%    passed     86.90%
 308  MG983695/LBY/cattle/2013/O/ME-SA/Ind-2001d            1.68%    passed     78.82%
 309  MG983694/LBY/cattle/2013/O/ME-SA/Ind-2001d            1.68%    passed     83.11%
 310  MG983693/LAO/Unknown/2015/O/ME-SA/Ind-2001d           1.68%    passed     80.58%
 311  MG983692/IRN/cattle/2009/O/ME-SA/Ind-2001d            1.68%    passed     92.67%
 312  MG983691/BTN/cattle/2016/O/ME-SA/Unknown              1.68%    passed     90.12%
 313  MG983690/BTN/cattle/2016/O/ME-SA/Ind-2001d            1.68%    passed     96.28%
 314  MG983689/BTN/cattle/2012/O/ME-SA/Unknown              1.68%    passed     92.33%
 315  MG983688/BTN/cattle/2009/O/ME-SA/Ind-2001d            1.68%    passed     98.38%
 316  MG983687/BTN/cattle/2009/O/ME-SA/Ind-2001d            1.68%    passed     83.87%
 317  MG983686/BHR/cattle/2015/O/ME-SA/Ind-2001d            1.68%    passed     91.94%
 318  MG983685/BHR/cattle/2015/O/ME-SA/Ind-2001d            1.68%    passed     71.45%
 319  MG983684/BGD/cattle/2009/O/ME-SA/Ind-2001d            1.68%    passed     81.47%
 320  MG983683/DZA/Unknown/2014/O/ME-SA/Ind-2001d           1.68%    passed     94.65%
 321  MF461724/CHN/cattle/2017/O/ME-SA/Unknown              1.68%    passed     93.34%
 322  KY234502/CHN/pig/2015/O/ME-SA/Unknown                 1.68%    passed     80.62%
 323  KY234501/CHN/cow/2011/O/ME-SA/Unknown                 1.68%    passed     99.89%
 324  MH053318/UGA/Unknown/2002/O/EA-2/Unknown              1.68%    passed     96.43%
 325  MH053317/UGA/Unknown/1998/O/EA-4/Unknown              1.68%    passed     96.08%
 326  MH053316/UGA/cattle/1996/O/EA-1/Unknown               1.68%    passed     65.13%
 327  MH053315/SDN/Unknown/1976/O/WA/Unknown                1.68%    passed     89.92%
 328  MH053314/ETH/cattle/2007/O/EA-3/Unknown               1.68%    passed     96.64%
 329  MH053313/ETH/cattle/2006/O/EA-3/Unknown               1.68%    passed     99.64%
 330  MH053312/ETH/cattle/2005/O/EA-4/Unknown               1.68%    passed     35.71%
 331  MH053311/ETH/cattle/2004/O/EA-3/Unknown               1.68%    passed     89.89%
 332  LC320038/MNG/cow/2015/O/ME-SA/Unknown                 1.68%    passed     98.49%
 333  KX534089/KOR/pig/2016/O/SEA/Unknown                   1.68%    passed     89.62%
 334  LC149720/JPN/pig/2010/O/SEA/Unknown                   1.68%    passed     99.20%
 335  LC149719/JPN/cow/2010/O/SEA/Unknown                   1.68%    passed     97.67%
 336  LC149718/JPN/cow/2010/O/SEA/Unknown                   1.68%    passed     97.55%
 337  LC149717/JPN/cow/2010/O/SEA/Unknown                   1.68%    passed     97.67%
 338  LC149716/JPN/cow/2010/O/SEA/Unknown                   1.68%    passed     98.56%
 339  LC149713/JPN/cow/2010/O/SEA/Unknown                   1.68%    passed     97.67%
 340  LC149712/JPN/cow/2010/O/SEA/Unknown                   1.68%    passed     97.67%
 341  LC149711/JPN/cow/2010/O/SEA/Unknown                   1.68%    passed     96.49%
 342  LC149710/JPN/cow/2010/O/SEA/Unknown                   1.68%    passed     97.67%
 343  LC149709/JPN/cow/2010/O/SEA/Unknown                   1.68%    passed     96.89%
 344  LC149708/JPN/cow/2010/O/SEA/Unknown                   1.68%    passed     97.67%
 345  LC149707/JPN/cow/2010/O/SEA/Unknown                   1.68%    passed     97.67%
 346  LC149706/JPN/cow/2010/O/SEA/Unknown                   1.68%    passed     97.67%
 347  LC149705/JPN/cow/2010/O/SEA/Unknown                   1.68%    passed     99.18%
 348  LC149704/JPN/cow/2010/O/SEA/Unknown                   1.68%    passed     97.18%
 349  LC149702/JPN/pig/2010/O/SEA/Unknown                   1.68%    passed     96.50%
 350  LC149700/JPN/cow/2010/O/SEA/Unknown                   1.68%    passed     97.67%
 351  LC149699/JPN/cow/2010/O/SEA/Unknown                   1.68%    passed     97.67%
 352  LC149698/JPN/cow/2010/O/SEA/Unknown                   1.68%    passed     96.50%
 353  LC149697/JPN/pig/2010/O/SEA/Unknown                   1.68%    passed     97.67%
 354  LC149696/JPN/cow/2010/O/SEA/Unknown                   1.68%    passed     97.55%
 355  LC149695/JPN/cow/2010/O/SEA/Unknown                   1.68%    passed     98.45%
 356  LC149694/JPN/cow/2010/O/SEA/Unknown                   1.68%    passed     97.66%
 357  LC149693/JPN/cow/2010/O/SEA/Unknown                   1.68%    passed     97.67%
 358  LC149692/JPN/pig/2010/O/SEA/Unknown                   1.68%    passed     97.67%
 359  LC149690/JPN/pig/2010/O/SEA/Unknown                   1.68%    passed     97.67%
 360  LC149689/JPN/cow/2010/O/SEA/Unknown                   1.68%    passed     99.20%
 361  LC149688/JPN/pig/2010/O/SEA/Unknown                   1.68%    passed     98.45%
 362  LC149687/JPN/cow/2010/O/SEA/Unknown                   1.68%    passed     98.56%
 363  LC149686/JPN/cow/2010/O/SEA/Unknown                   1.68%    passed     97.67%
 364  LC149685/JPN/cow/2010/O/SEA/Unknown                   1.68%    passed     97.18%
 365  LC149684/JPN/pig/2010/O/SEA/Unknown                   1.68%    passed     97.67%
 366  LC149683/JPN/cow/2010/O/SEA/Unknown                   1.68%    passed     97.67%
 367  LC149682/JPN/cow/2010/O/SEA/Unknown                   1.68%    passed     98.56%
 368  LC149681/JPN/cow/2010/O/SEA/Unknown                   1.68%    passed     97.66%
 369  LC149680/JPN/cow/2010/O/SEA/Unknown                   1.68%    passed     98.55%
 370  LC149679/JPN/pig/2010/O/SEA/Unknown                   1.68%    passed     97.67%
 371  LC149677/JPN/cow/2010/O/SEA/Unknown                   1.68%    passed     97.67%
 372  LC149676/JPN/pig/2010/O/SEA/Unknown                   1.68%    passed     97.67%
 373  LC149675/JPN/cow/2010/O/SEA/Unknown                   1.73%    passed     98.83%
 374  LC149674/JPN/cow/2010/O/SEA/Unknown                   1.68%    passed     98.56%
 375  LC149673/JPN/cow/2010/O/SEA/Unknown                   1.68%    passed     97.67%
 376  LC149672/JPN/cow/2010/O/SEA/Unknown                   1.68%    passed     97.67%
 377  LC149671/JPN/cow/2010/O/SEA/Unknown                   1.68%    passed     97.66%
 378  LC149670/JPN/cow/2010/O/SEA/Unknown                   1.68%    passed     97.67%
 379  LC149669/JPN/cow/2010/O/SEA/Unknown                   1.68%    passed     98.19%
 380  LC149668/JPN/cow/2010/O/SEA/Unknown                   1.68%    passed     98.19%
 381  LC149667/JPN/cow/2010/O/SEA/Unknown                   1.68%    passed     98.24%
 382  LC149666/JPN/cow/2010/O/SEA/Unknown                   1.68%    passed     97.67%
 383  LC149665/JPN/cow/2010/O/SEA/Unknown                   1.68%    passed     97.66%
 384  LC149664/JPN/cow/2010/O/SEA/Unknown                   1.68%    passed     98.01%
 385  LC149663/JPN/cow/2010/O/SEA/Unknown                   1.68%    passed     97.55%
 386  LC149661/JPN/cow/2010/O/SEA/Unknown                   1.68%    passed     98.93%
 387  LC149660/JPN/cow/2010/O/SEA/Unknown                   1.68%    passed     97.67%
 388  LC149659/JPN/cow/2010/O/SEA/Unknown                   1.68%    passed     97.67%
 389  LC149658/JPN/pig/2010/O/SEA/Unknown                   1.68%    passed     97.67%
 390  LC149657/JPN/pig/2010/O/SEA/Unknown                   1.68%    passed     95.60%
 391  LC149656/JPN/cow/2010/O/SEA/Unknown                   1.68%    passed     97.67%
 392  LC149655/JPN/cow/2010/O/SEA/Unknown                   1.68%    passed     97.67%
 393  LC149654/JPN/cow/2010/O/SEA/Unknown                   1.68%    passed     97.67%
 394  LC149653/JPN/pig/2010/O/SEA/Unknown                   1.68%    passed     97.67%
 395  LC149652/JPN/pig/2010/O/SEA/Unknown                   1.68%    passed     97.67%
 396  LC149651/JPN/cow/2010/O/SEA/Unknown                   1.68%    passed     96.50%
 397  LC149650/JPN/cow/2010/O/SEA/Unknown                   1.68%    passed     97.67%
 398  LC149649/JPN/pig/2010/O/SEA/Unknown                   1.68%    passed     97.67%
 399  LC149648/JPN/cow/2010/O/SEA/Unknown                   1.68%    passed     97.67%
 400  LC149647/JPN/cow/2010/O/SEA/Unknown                   1.68%    passed     97.67%
 401  LC149646/JPN/pig/2010/O/SEA/Unknown                   1.68%    passed     97.67%
 402  LC149645/JPN/cow/2010/O/SEA/Unknown                   1.68%    passed     97.67%
 403  LC149644/JPN/cow/2010/O/SEA/Unknown                   1.68%    passed     96.50%
 404  LC149643/JPN/pig/2010/O/SEA/Unknown                   1.68%    passed     97.67%
 405  LC149642/JPN/cow/2010/O/SEA/Unknown                   1.68%    passed     97.67%
 406  LC149641/JPN/pig/2010/O/SEA/Unknown                   1.68%    passed     97.67%
 407  LC149640/JPN/cow/2010/O/SEA/Unknown                   1.68%    passed     97.67%
 408  LC149639/JPN/pig/2010/O/SEA/Unknown                   1.68%    passed     98.93%
 409  LC149638/JPN/cow/2010/O/SEA/Unknown                   1.68%    passed     97.67%
 410  LC149637/JPN/pig/2010/O/SEA/Unknown                   1.68%    passed     99.18%
 411  LC149636/JPN/cow/2010/O/SEA/Unknown                   1.68%    passed     97.67%
 412  LC149634/JPN/pig/2010/O/SEA/Unknown                   1.68%    passed     97.27%
 413  LC149633/JPN/pig/2010/O/SEA/Unknown                   1.68%    passed     97.67%
 414  LC149632/JPN/pig/2010/O/SEA/Unknown                   1.68%    passed     97.67%
 415  LC149631/JPN/cow/2010/O/SEA/Unknown                   1.68%    passed     97.67%
 416  LC149629/JPN/cow/2010/O/SEA/Unknown                   1.68%    passed     97.67%
 417  LC149628/JPN/pig/2010/O/SEA/Unknown                   1.68%    passed     99.18%
 418  LC149627/JPN/pig/2010/O/SEA/Unknown                   1.68%    passed     97.67%
 419  LC149626/JPN/cow/2010/O/SEA/Unknown                   1.68%    passed     97.67%
 420  LC149625/JPN/cow/2010/O/SEA/Unknown                   1.68%    passed     97.67%
 421  LC149624/JPN/pig/2010/O/SEA/Unknown                   1.68%    passed     98.41%
 422  LC149623/JPN/cow/2010/O/SEA/Unknown                   1.68%    passed     98.56%
 423  LC149622/JPN/cow/2010/O/SEA/Unknown                   1.68%    passed     97.67%
 424  LC149621/JPN/wild-water-buffalo/2010/O/SEA/Unknown    1.68%    passed     97.66%
 425  LC149620/JPN/cow/2010/O/SEA/Unknown                   1.68%    passed     97.67%
 426  LC149619/JPN/cow/2010/O/SEA/Unknown                   1.68%    passed     96.50%
 427  LC149618/JPN/cow/2010/O/SEA/Unknown                   1.68%    passed     98.41%
 428  LC149617/JPN/cow/2010/O/SEA/Unknown                   1.68%    passed     97.66%
 429  KY446903/PAK/water-buffalo/2005/O/ME-SA/Unknown       1.68%    passed     94.92%
 430  KY657269/VNM/pig/2015/O/ME-SA/Ind-2001d               1.68%    passed     70.37%
 431  KY086466/KOR/pig/2016/O/SEA/Unknown                   1.68%    passed     98.47%
 432  KY086465/KOR/pig/2016/O/SEA/Unknown                   1.68%    passed     89.62%
 433  KX712091/BGD/pig/2015/O/ME-SA/Unknown                 1.68%    passed     96.18%
 434  KX162590/KOR/pig/2014/O/SEA/Unknown                   1.68%    passed     96.65%
 435  KU726614/GRC/sheep/1994/O/ME-SA/Unknown               1.68%    passed     94.94%
 436  KU821591/ZMB/cow/2010/O/EA-2/Unknown                  1.68%    passed     94.44%
 437  KU291242/MAR/cow/2015/O/ME-SA/Ind-2001d               1.68%    passed     95.51%
 438  KP940473/EGY/cattle/2014/O/ME-SA/Unknown              1.68%    passed     98.63%
 439  KJ825809/IND/buffalo/2013/O/ME-SA/Ind-2001d           1.68%    passed     81.47%
 440  KJ825808/IND/cattle/2013/O/ME-SA/Ind-2001d            1.68%    passed     89.97%
 441  KJ825807/IND/cattle/2014/O/ME-SA/Ind-2001d            1.68%    passed     78.34%
 442  KJ825806/IND/cattle/2013/O/ME-SA/Ind-2001d            1.68%    passed     81.00%
 443  KJ825805/IND/cattle/2013/O/ME-SA/Ind-2001d            1.68%    passed     83.87%
 444  KJ825804/IND/cattle/2013/O/ME-SA/Ind-2001d            1.68%    passed     82.89%
 445  KJ825803/IND/cattle/2013/O/ME-SA/Ind-2001d            1.68%    passed     91.78%
 446  KJ825802/IND/cattle/2013/O/ME-SA/Ind-2001d            1.68%    passed     96.61%
 447  KJ825801/IND/cattle/2013/O/ME-SA/Ind-2001d            1.68%    passed     96.61%
 448  KJ206910/SAU/cattle/2013/O/ME-SA/Ind-2001d            1.68%    passed     97.47%
 449  KJ206909/LBY/cattle/2013/O/ME-SA/Ind-2001d            1.68%    passed     77.14%
 450  KJ206908/BTN/cattle/2013/O/ME-SA/Ind-2001d            1.68%    passed     91.78%
 451  HQ268524/BTN/Unknown/2004/O/ME-SA/PanAsia-2           1.68%    passed     99.01%
 452  KM268895/TUR/cattle/2013/O/ME-SA/PanAsia-2            1.68%    passed     84.79%
 453  KM257065/GBR/cattle/2001/O/ME-SA/PanAsia              1.68%    passed     96.64%
 454  KM257064/GBR/cattle/2001/O/ME-SA/PanAsia              1.68%    passed     97.87%
 455  KM257063/GBR/cattle/2001/O/ME-SA/PanAsia              1.68%    passed     98.22%
 456  KM257062/GBR/cattle/2001/O/ME-SA/PanAsia              1.68%    passed     98.25%
 457  KM257061/GBR/cattle/2001/O/ME-SA/PanAsia              1.68%    passed     99.24%
 458  JX869188/GBR/sheep/1968/O/EURO-SA/Unknown             1.68%    passed     96.54%
 459  JX869187/GBR/cattle/1968/O/EURO-SA/Unknown            1.68%    passed     95.90%
 460  JX869186/GBR/cattle/1968/O/EURO-SA/Unknown            1.68%    passed     96.22%
 461  JX869185/GBR/cattle/1968/O/EURO-SA/Unknown            1.68%    passed     85.72%
 462  JX869184/GBR/cattle/1968/O/EURO-SA/Unknown            1.68%    passed     96.54%
 463  JX869183/GBR/cattle/1968/O/EURO-SA/Unknown            1.68%    passed     95.22%
 464  JX869182/GBR/cattle/1968/O/EURO-SA/Unknown            1.68%    passed     96.99%
 465  JX869181/GBR/cattle/1967/O/EURO-SA/Unknown            1.68%    passed     95.22%
 466  JX869180/GBR/cattle/1967/O/EURO-SA/Unknown            1.68%    passed     95.90%
 467  JX869179/GBR/cattle/1967/O/EURO-SA/Unknown            1.68%    passed     96.99%
 468  JX869178/GBR/cattle/1967/O/EURO-SA/Unknown            1.68%    passed     85.47%
 469  JX869177/GBR/cattle/1967/O/EURO-SA/Unknown            1.68%    passed     99.59%
 470  KF985189/BGD/cattle/2013/O/ME-SA/Unknown              1.68%    passed     94.99%
 471  KF694746/KOR/pig/2002/O/ME-SA/PanAsia                 1.68%    passed     98.28%
 472  KF694745/KOR/pig/2002/O/ME-SA/PanAsia                 1.68%    passed     98.28%
 473  KF694744/KOR/cow/2002/O/ME-SA/PanAsia                 1.68%    passed     99.34%
 474  KF694743/KOR/pig/2002/O/ME-SA/PanAsia                 1.68%    passed     99.31%
 475  KF694742/KOR/pig/2002/O/ME-SA/PanAsia                 1.68%    passed     99.31%
 476  KF694741/KOR/pig/2002/O/ME-SA/PanAsia                 1.68%    passed     99.31%
 477  KF694740/KOR/pig/2002/O/ME-SA/PanAsia                 1.68%    passed     98.37%
 478  KF694739/KOR/pig/2002/O/ME-SA/PanAsia                 1.68%    passed     99.31%
 479  KF694738/KOR/pig/2002/O/ME-SA/PanAsia                 1.68%    passed     98.33%
 480  KF694737/KOR/pig/2002/O/ME-SA/PanAsia                 1.68%    passed     99.61%
 481  KF694736/KOR/pig/2002/O/ME-SA/PanAsia                 1.68%    passed     99.31%
 482  KF694735/KOR/pig/2002/O/ME-SA/PanAsia                 1.68%    passed     99.07%
 483  KF694734/KOR/pig/2002/O/ME-SA/PanAsia                 1.68%    passed     99.31%
 484  KF694733/KOR/pig/2002/O/ME-SA/PanAsia                 1.68%    passed     99.31%
 485  KF694732/KOR/pig/2002/O/ME-SA/PanAsia                 1.68%    passed     98.33%
 486  KF694731/KOR/pig/2002/O/ME-SA/PanAsia                 1.68%    passed     99.31%
 487  KF112889/HKG/pig/2010/O/SEA/Unknown                   1.68%    passed     96.68%
 488  KF112888/KOR/cattle/2011/O/SEA/Unknown                1.68%    passed     94.77%
 489  KF112887/KOR/pig/2010/O/SEA/Unknown                   1.68%    passed     99.34%
 490  KF112886/KOR/cattle/2010/O/SEA/Unknown                1.68%    passed     90.96%
 491  KF112885/JPN/cattle/2010/O/SEA/Unknown                1.68%    passed     97.66%
 492  KF112884/RUS/cattle/2010/O/SEA/Mya-98                 1.68%    passed     93.99%
 493  KF112883/RUS/pig/2010/O/SEA/Unknown                   1.68%    passed     96.22%
 494  KF112882/MNG/cattle/2010/O/SEA/Mya-98                 1.68%    passed     93.49%
 495  KF112881/MNG/cattle/2010/O/SEA/Mya-98                 1.68%    passed     97.67%
 496  KF112880/MMR/cattle/2009/O/SEA/Unknown                1.68%    passed     95.75%
 497  KF112879/THA/pig/2009/O/SEA/Unknown                   1.68%    passed     98.19%
 498  JX040501/ISR/cattle/2011/O/ME-SA/PanAsia-2            1.68%    passed     99.85%
 499  JX040500/TUR/cattle/2011/O/ME-SA/PanAsia-2            1.68%    passed     99.78%
 500  JX040499/TUR/cattle/2011/O/ME-SA/PanAsia-2            1.68%    passed     99.44%
 501  JX040498/TUR/cattle/2010/O/ME-SA/PanAsia-2            1.68%    passed     99.47%
 502  JX040497/TUR/cattle/2010/O/ME-SA/PanAsia-2            1.68%    passed     99.78%
 503  JX040496/TUR/cattle/2010/O/ME-SA/PanAsia-2            1.68%    passed     99.94%
 504  JX040495/TUR/cattle/2010/O/ME-SA/PanAsia-2            1.68%    passed     99.20%
 505  JX040494/TUR/cattle/2010/O/ME-SA/PanAsia-2            1.68%    passed     99.78%
 506  JX040493/TUR/cattle/2010/O/ME-SA/PanAsia-2            1.68%    passed     99.47%
 507  JX040492/TUR/cattle/2010/O/ME-SA/PanAsia-2            1.68%    passed     98.16%
 508  JX040491/TUR/cattle/2010/O/ME-SA/PanAsia-2            1.68%    passed     99.30%
 509  JX040490/BGR/cattle/2011/O/ME-SA/PanAsia-2            1.68%    passed     99.34%
 510  JX040489/BGR/cattle/2011/O/ME-SA/PanAsia-2            1.68%    passed     99.23%
 511  JX040488/BGR/cattle/2011/O/ME-SA/PanAsia-2            1.68%    passed     99.23%
 512  JX040487/BGR/cattle/2011/O/ME-SA/PanAsia-2            1.68%    passed     98.51%
 513  JX040486/BGR/cattle/2011/O/ME-SA/PanAsia-2            1.68%    passed     99.53%
 514  JX040485/BGR/pig/2010/O/ME-SA/PanAsia-2               1.68%    passed     98.83%
 515  JX066665/BGR/cattle/2011/O/ME-SA/PanAsia-2            1.68%    passed     98.53%
 516  JX066664/BGR/cattle/2011/O/ME-SA/PanAsia-2            1.68%    passed     98.98%
 517  JN998086/CHN/cattle/2010/O/SEA/Unknown                1.68%    passed     91.84%
 518  JN998085/CHN/pig/2010/O/SEA/Unknown                   1.68%    passed     93.28%
 519  HQ632772/MYS/cattle/2007/O/SEA/Mya-98                 1.68%    passed     95.70%
 520  HQ632771/MYS/pig/2005/O/CATHAY/Unknown                3.35%    passed     68.66%
 521  HQ632770/MYS/cattle/2004/O/ME-SA/PanAsia-2            1.68%    passed     99.96%
 522  HQ632769/MYS/cattle/2001/O/SEA/Cam-94                 3.52%    passed     93.77%
 523  HQ632768/MYS/pig/2000/O/ME-SA/PanAsia                 1.68%    passed    100.00%
 524  GU582116/VNM/Unknown/2009/O/SEA/Mya-98                1.68%    passed     92.30%
 525  GU582115/VNM/Unknown/2009/O/SEA/Mya-98                1.68%    passed     90.76%
 526  HQ113232/PAK/cow/2009/O/ME-SA/PanAsia-2               1.68%    passed     96.82%
 527  HM191257/UGA/cow/2006/O/EA-2/Unknown                  1.68%    passed     85.91%
 528  GU125650/VNM/cattle/2006/O/SEA/Mya-98                 1.68%    passed     93.46%
 529  GU125649/VNM/cattle/2006/O/SEA/Mya-98                 1.68%    passed     99.23%
 530  GU125648/VNM/buffalo/2006/O/SEA/Mya-98                1.68%    passed     99.15%
 531  GU125647/VNM/cattle/2006/O/SEA/Mya-98                 1.68%    passed     99.36%
 532  HM055510/VNM/Unknown/2009/O/SEA/Unknown               1.68%    passed     98.80%
 533  FJ542372/GBR/cattle/2001/O/ME-SA/PanAsia              1.68%    passed     99.24%
 534  FJ542371/GBR/cattle/2001/O/ME-SA/PanAsia              1.68%    passed     99.24%
 535  FJ542370/GBR/cattle/2001/O/ME-SA/PanAsia              1.68%    passed     98.88%
 536  FJ542369/GBR/sheep/2001/O/ME-SA/PanAsia               1.68%    passed     99.24%
 537  FJ542368/GBR/cattle/2001/O/ME-SA/PanAsia              1.68%    passed     98.66%
 538  FJ542367/GBR/cattle/2001/O/ME-SA/PanAsia              1.68%    passed     98.25%
 539  FJ542366/GBR/sheep/2001/O/ME-SA/PanAsia               1.68%    passed     99.24%
 540  FJ542365/GBR/cattle/2001/O/ME-SA/PanAsia              1.68%    passed     99.24%
 541  EU214601/GBR/sheep/2001/O/ME-SA/PanAsia               1.68%    passed     98.53%
 542  EF614457/KOR/cattle/2002/O/ME-SA/PanAsia              1.68%    passed     99.62%
 543  AY593837/URY/Unknown/1963/O/EURO-SA/Unknown           1.68%    passed     98.88%
 544  AY593836/GBR/Unknown/2001/O/ME-SA/PanAsia             1.68%    passed     98.88%
 545  AY593835/TWN/Unknown/1997/O/CATHAY/Unknown            3.35%    passed     44.31%
 546  AY593834/IRN/Unknown/1966/O/SEA/Unknown               1.68%    passed     98.84%
 547  AY593833/TWN/Unknown/1999/O/CATHAY/Unknown            3.35%    passed     39.66%
 548  AY593832/GBR/Unknown/2002/O/ME-SA/PanAsia             1.68%    passed     98.88%
 549  AY593831/GBR/Unknown/2002/O/ME-SA/PanAsia             1.68%    passed     98.88%
 550  AY593830/POL/Unknown/1959/O/EURO-SA/Unknown           1.68%    passed     99.37%
 551  AY593829/GBR/Unknown/1965/O/EURO-SA/Unknown           1.68%    passed     81.90%
 552  AY593828/IND/Unknown/1962/O/SEA/Unknown               1.68%    passed     98.41%
 553  AY593827/VEN/Unknown/1971/O/EURO-SA/Unknown           1.68%    passed     99.31%
 554  AY593826/ITA/Unknown/1947/O/EURO-SA/Unknown           1.68%    passed     97.88%
 555  AY593825/ARG/Unknown/1939/O/EURO-SA/Unknown           1.68%    passed     98.25%
 556  AY593824/KOR/Unknown/2000/O/ME-SA/PanAsia             1.68%    passed     99.59%
 557  AY593823/TUR/Unknown/1969/O/ME-SA/Unknown             1.68%    passed     96.72%
 558  AY593821/ARG/Unknown/1967/O/EURO-SA/Unknown           1.68%    passed     90.00%
 559  AY593820/ARG/Unknown/1964/O/EURO-SA/Unknown           1.68%    passed     99.30%
 560  AY593818/ARG/Unknown/1958/O/EURO-SA/Unknown           1.68%    passed     99.30%
 561  AY593817/BEL/Unknown/1973/O/EURO-SA/Unknown           1.68%    passed     98.58%
 562  AY593814/ARG/Unknown/1965/O/EURO-SA/Unknown           1.68%    passed     99.85%
 563  AY593813/IDN/Unknown/1962/O/ISA-1/Unknown             1.68%    passed     98.65%
 564  AY593812/PHL/Unknown/1958/O/SEA/Unknown               1.68%    passed     86.15%
 565  AY593811/PHL/Unknown/1958/O/SEA/Unknown               1.68%    passed     86.15%
 566  AF511039/CHN/Unknown/1958/O/CATHAY/Unknown            1.68%    passed     97.13%
 567  EF175732/CHN/Unknown/1999/O/CATHAY/Unknown            3.35%    passed     33.10%
 568  DQ404180/GBR/pig/2001/O/ME-SA/PanAsia                 1.68%    passed     98.64%
 569  DQ404179/GBR/pig/2001/O/ME-SA/PanAsia                 1.68%    passed     99.13%
 570  DQ404178/GBR/pig/2001/O/ME-SA/PanAsia                 1.68%    passed     99.13%
 571  DQ404177/GBR/pig/2001/O/ME-SA/PanAsia                 1.68%    passed     99.13%
 572  DQ404176/GBR/cow/2001/O/ME-SA/PanAsia                 1.68%    passed     99.13%
 573  DQ404175/GBR/cow/2001/O/ME-SA/PanAsia                 1.68%    passed     98.67%
 574  DQ404174/IRL/sheep/2001/O/ME-SA/PanAsia               1.68%    passed     98.67%
 575  DQ404173/GBR/cow/2001/O/ME-SA/PanAsia                 1.68%    passed     98.53%
 576  DQ404172/GBR/cow/2001/O/ME-SA/PanAsia                 1.68%    passed     99.13%
 577  DQ404171/GBR/sheep/2001/O/ME-SA/PanAsia               1.68%    passed     98.67%
 578  DQ404169/GBR/sheep/2001/O/ME-SA/PanAsia               1.68%    passed     99.13%
 579  DQ404170/GBR/sheep/2001/O/ME-SA/PanAsia               1.68%    passed     99.24%
 580  DQ404168/GBR/cow/2001/O/ME-SA/PanAsia                 1.68%    passed     97.80%
 581  DQ404167/GBR/sheep/2001/O/ME-SA/PanAsia               1.68%    passed     99.24%
 582  DQ404166/GBR/cow/2001/O/ME-SA/PanAsia                 1.68%    passed     99.24%
 583  DQ404165/GBR/cow/2001/O/ME-SA/PanAsia                 1.68%    passed     99.24%
 584  DQ404164/GBR/cow/2001/O/ME-SA/PanAsia                 1.68%    passed     99.24%
 585  DQ404163/GBR/cow/2001/O/ME-SA/PanAsia                 1.68%    passed     98.67%
 586  DQ404162/GBR/sheep/2001/O/ME-SA/PanAsia               1.68%    passed     97.30%
 587  DQ404161/GBR/cow/2001/O/ME-SA/PanAsia                 1.68%    passed     98.52%
 588  DQ404160/GBR/cow/2001/O/ME-SA/PanAsia                 1.68%    passed     95.30%
 589  DQ404159/GBR/cow/2001/O/ME-SA/PanAsia                 1.68%    passed     96.64%
 590  DQ404158/GBR/sheep/2001/O/ME-SA/PanAsia               1.68%    passed     96.28%
 591  AF026168/TWN/Unknown/1997/O/CATHAY/Unknown            3.52%    passed     50.19%
 592  AB079061/JPN/Unknown/2000/O/ME-SA/PanAsia             1.68%    passed     97.05%
 593  EU448370/GBR/cow/1967/O/EURO-SA/Unknown               1.68%    passed     96.56%
 594  EU448369/GBR/cow/1967/O/EURO-SA/Unknown               1.68%    passed     96.56%
 595  EU448368/GBR/cow/1967/O/EURO-SA/Unknown               1.68%    passed     96.99%
 596  AJ539137/TWN/Unknown/1999/O/ME-SA/PanAsia             1.68%    passed     99.41%
 597  AJ539136/TWN/Unknown/1999/O/ME-SA/PanAsia             1.68%    passed     97.87%
 598  AJ633821/FRA/Unknown/2001/O/ME-SA/PanAsia             1.68%    passed     98.88%
 599  AY317098/HKG/Unknown/2002/O/CATHAY/Unknown            3.35%    passed     25.62%
 600  EU400597/CHN/Unknown/2001/O/CATHAY/Unknown            3.35%    passed     28.54%
 601  AY686687/Unknown/Unknown/2001/O/CATHAY/Unknown        3.35%    passed     14.01%
 602  AF377945/Unknown/Unknown/2000/O/ME-SA/PanAsia         1.68%    passed     95.88%
 603  EF552697/GBR/sheep/2001/O/ME-SA/PanAsia               1.68%    passed     99.13%
 604  EF552696/GBR/cattle/2001/O/ME-SA/PanAsia              1.68%    passed     99.44%
 605  EF552695/GBR/sheep/2001/O/ME-SA/PanAsia               1.68%    passed     98.67%
 606  EF552694/GBR/cattle/2001/O/ME-SA/PanAsia              1.68%    passed     97.87%
 607  EF552693/GBR/cattle/2001/O/ME-SA/PanAsia              1.68%    passed     98.67%
 608  EF552692/GBR/sheep/2001/O/ME-SA/PanAsia               1.68%    passed     98.53%
 609  EF552691/GBR/cattle/2001/O/ME-SA/PanAsia              1.68%    passed     98.67%
 610  EF552690/GBR/cattle/2001/O/ME-SA/PanAsia              1.68%    passed     99.13%
 611  EF552689/GBR/sheep/2001/O/ME-SA/PanAsia               1.68%    passed     98.67%
 612  EF552688/GBR/sheep/2001/O/ME-SA/PanAsia               1.68%    passed     99.29%
****  TOTAL                                                 1.73%  0 sequences failed composition chi2 test (p-value<5%; df=3)
NOTE: OQ211386/ISR/cattle/2007/O/ME-SA/PanAsia-2 is identical to FJ175666/ISR/cattle/2007/O/ME-SA/PanAsia-2 but kept for subsequent analysis
NOTE: OQ211374/ISR/cattle/2007/O/ME-SA/PanAsia-2 is identical to FJ175665/ISR/cattle/2007/O/ME-SA/PanAsia-2 but kept for subsequent analysis
NOTE: FJ175663/ISR/cattle/2007/O/ME-SA/PanAsia-2 is identical to FJ175664/ISR/cattle/2007/O/ME-SA/PanAsia-2 but kept for subsequent analysis
NOTE: OQ211389/ISR/goat/2006/O/ME-SA/PanAsia-2 is identical to FJ175661/ISR/goat/2007/O/ME-SA/PanAsia-2 but kept for subsequent analysis
NOTE: OQ211401/ISR/cattle/2007/O/ME-SA/PanAsia-2 is identical to OQ211402/ISR/cattle/2007/O/ME-SA/PanAsia-2 but kept for subsequent analysis
NOTE: OQ211381/ISR/gazelle/2007/O/ME-SA/PanAsia-2 is identical to OQ211382/ISR/gazelle/2007/O/ME-SA/PanAsia-2 but kept for subsequent analysis
NOTE: OQ211358/ISR/cattle/2007/O/ME-SA/PanAsia-2 is identical to OQ211359/ISR/cattle/2007/O/ME-SA/PanAsia-2 but kept for subsequent analysis
NOTE: OQ211351/ISR/goat/2007/O/ME-SA/PanAsia-2 is identical to OQ211352/ISR/cattle/2007/O/ME-SA/PanAsia-2 but kept for subsequent analysis
NOTE: OQ457192/NER/cattle/2020/O/EA-3/Unknown is identical to OQ457193/NER/cattle/2020/O/EA-3/Unknown but kept for subsequent analysis
NOTE: OQ457185/NER/cattle/2020/O/EA-3/Unknown is identical to OQ457186/NER/cattle/2020/O/EA-3/Unknown but kept for subsequent analysis
NOTE: MN250314/VNM/pig/2017/O/CATHAY/Unknown/O is identical to ON868623/VNM/pig/2017/O/CATHAY/Unknown but kept for subsequent analysis
NOTE: ON868601/VNM/pig/2018/O/SEA/Unknown is identical to ON868604/VNM/pig/2018/O/SEA/Unknown but kept for subsequent analysis
NOTE: ON868593/VNM/pig/2018/O/SEA/Unknown is identical to ON868598/VNM/pig/2018/O/SEA/Unknown but kept for subsequent analysis
NOTE: OM160622/DZA/cattle/2014/O/ME-SA/Ind-2001d is identical to OM160623/DZA/cattle/2014/O/ME-SA/Ind-2001d but kept for subsequent analysis
NOTE: MG983683/DZA/Unknown/2014/O/ME-SA/Ind-2001d is identical to OM160621/DZA/cattle/2014/O/ME-SA/Ind-2001d but kept for subsequent analysis
NOTE: OM456133/PAK/cattle/2012/O/ME-SA/PanAsia-2 is identical to OM456149/PAK/cattle/2012/O/ME-SA/PanAsia-2 but kept for subsequent analysis
NOTE: OM456145/PAK/buffalo/2010/O/ME-SA/PanAsia-2 is identical to OM456146/PAK/cattle/2010/O/ME-SA/PanAsia-2 but kept for subsequent analysis
NOTE: OM022644/NER/cattle/2017/O/EA-3/Unknown is identical to OM022646/NER/cattle/2017/O/EA-3/Unknown but kept for subsequent analysis
NOTE: KY444645/THA/pig/2016/O/SEA/Unknown is identical to KY444647/THA/pig/2016/O/SEA/Unknown but kept for subsequent analysis
NOTE: MT944982/IRN/goat/2016/O/ME-SA/PanAsia-2 is identical to MT944983/IRN/goat/2016/O/ME-SA/PanAsia-2 but kept for subsequent analysis
NOTE: MN095370/IND/cattle/2014/O/ME-SA/Ind-2001d is identical to MN095371/IND/cattle/2014/O/ME-SA/Ind-2001d but kept for subsequent analysis
NOTE: MN095366/IND/cattle/2014/O/ME-SA/Ind-2001d is identical to MN095369/IND/cattle/2014/O/ME-SA/Ind-2001d but kept for subsequent analysis
NOTE: MN095362/IND/cattle/2013/O/ME-SA/Ind-2001d is identical to MN095363/IND/cattle/2013/O/ME-SA/Ind-2001d but kept for subsequent analysis
NOTE: AY593829/GBR/Unknown/1965/O/EURO-SA/Unknown is identical to NC_039210/GBR/Unknown/1965/O/EURO-SA/Unknown but kept for subsequent analysis
NOTE: LC456871/GHA/cow/2018/O/EA-3/Unknown is identical to LC456873/GHA/cow/2018/O/EA-3/Unknown but kept for subsequent analysis
NOTE: MF947127/VNM/buffalo/2012/O/ME-SA/Unknown is identical to MF947137/VNM/buffalo/2012/O/ME-SA/Unknown but kept for subsequent analysis
NOTE: MG983736/ARE/gazelle/2014/O/ME-SA/Ind-2001d is identical to MG983737/ARE/gazelle/2014/O/ME-SA/Ind-2001d but kept for subsequent analysis
NOTE: KJ206910/SAU/cattle/2013/O/ME-SA/Ind-2001d is identical to MG983721/SAU/cattle/2013/O/ME-SA/Ind-2001d but kept for subsequent analysis
NOTE: MG983708/NPL/cattle/2012/O/ME-SA/Ind-2001d is identical to MG983709/NPL/cattle/2012/O/ME-SA/Ind-2001d but kept for subsequent analysis
NOTE: MG983701/MUS/cattle/2016/O/ME-SA/Unknown is identical to MG983702/MUS/cattle/2016/O/ME-SA/Unknown but kept for subsequent analysis
NOTE: MG983698/MUS/cattle/2016/O/ME-SA/Unknown is identical to MG983699/MUS/cattle/2016/O/ME-SA/Unknown but kept for subsequent analysis
NOTE: KY086465/KOR/pig/2016/O/SEA/Unknown is identical to KX534089/KOR/pig/2016/O/SEA/Unknown but kept for subsequent analysis
NOTE: LC149713/JPN/cow/2010/O/SEA/Unknown is identical to LC149719/JPN/cow/2010/O/SEA/Unknown but kept for subsequent analysis
NOTE: LC149637/JPN/pig/2010/O/SEA/Unknown is identical to LC149705/JPN/cow/2010/O/SEA/Unknown but kept for subsequent analysis
NOTE: LC149688/JPN/pig/2010/O/SEA/Unknown is identical to LC149695/JPN/cow/2010/O/SEA/Unknown but kept for subsequent analysis
NOTE: LC149639/JPN/pig/2010/O/SEA/Unknown is identical to LC149661/JPN/cow/2010/O/SEA/Unknown but kept for subsequent analysis
NOTE: LC149618/JPN/cow/2010/O/SEA/Unknown is identical to LC149624/JPN/pig/2010/O/SEA/Unknown but kept for subsequent analysis
NOTE: LC149617/JPN/cow/2010/O/SEA/Unknown is identical to LC149621/JPN/wild-water-buffalo/2010/O/SEA/Unknown but kept for subsequent analysis
NOTE: KJ825801/IND/cattle/2013/O/ME-SA/Ind-2001d is identical to KJ825802/IND/cattle/2013/O/ME-SA/Ind-2001d but kept for subsequent analysis
NOTE: DQ404159/GBR/cow/2001/O/ME-SA/PanAsia is identical to KM257065/GBR/cattle/2001/O/ME-SA/PanAsia but kept for subsequent analysis
NOTE: EF552694/GBR/cattle/2001/O/ME-SA/PanAsia is identical to KM257064/GBR/cattle/2001/O/ME-SA/PanAsia but kept for subsequent analysis
NOTE: FJ542367/GBR/cattle/2001/O/ME-SA/PanAsia is identical to KM257062/GBR/cattle/2001/O/ME-SA/PanAsia but kept for subsequent analysis
NOTE: FJ542372/GBR/cattle/2001/O/ME-SA/PanAsia is identical to KM257061/GBR/cattle/2001/O/ME-SA/PanAsia but kept for subsequent analysis
NOTE: JX869180/GBR/cattle/1967/O/EURO-SA/Unknown is identical to JX869187/GBR/cattle/1968/O/EURO-SA/Unknown but kept for subsequent analysis
NOTE: KF694745/KOR/pig/2002/O/ME-SA/PanAsia is identical to KF694746/KOR/pig/2002/O/ME-SA/PanAsia but kept for subsequent analysis
NOTE: KF694739/KOR/pig/2002/O/ME-SA/PanAsia is identical to KF694743/KOR/pig/2002/O/ME-SA/PanAsia but kept for subsequent analysis
NOTE: KF694741/KOR/pig/2002/O/ME-SA/PanAsia is identical to KF694742/KOR/pig/2002/O/ME-SA/PanAsia but kept for subsequent analysis
NOTE: KF694732/KOR/pig/2002/O/ME-SA/PanAsia is identical to KF694738/KOR/pig/2002/O/ME-SA/PanAsia but kept for subsequent analysis
NOTE: JX040488/BGR/cattle/2011/O/ME-SA/PanAsia-2 is identical to JX040489/BGR/cattle/2011/O/ME-SA/PanAsia-2 but kept for subsequent analysis
NOTE: AY593836/GBR/Unknown/2001/O/ME-SA/PanAsia is identical to FJ542370/GBR/cattle/2001/O/ME-SA/PanAsia but kept for subsequent analysis
NOTE: AY593811/PHL/Unknown/1958/O/SEA/Unknown is identical to AY593812/PHL/Unknown/1958/O/SEA/Unknown but kept for subsequent analysis
NOTE: DQ404178/GBR/pig/2001/O/ME-SA/PanAsia is identical to DQ404179/GBR/pig/2001/O/ME-SA/PanAsia but kept for subsequent analysis
NOTE: DQ404174/IRL/sheep/2001/O/ME-SA/PanAsia is identical to DQ404175/GBR/cow/2001/O/ME-SA/PanAsia but kept for subsequent analysis
NOTE: EF552690/GBR/cattle/2001/O/ME-SA/PanAsia is identical to DQ404169/GBR/sheep/2001/O/ME-SA/PanAsia but kept for subsequent analysis
NOTE: DQ404166/GBR/cow/2001/O/ME-SA/PanAsia is identical to DQ404167/GBR/sheep/2001/O/ME-SA/PanAsia but kept for subsequent analysis
NOTE: EU448369/GBR/cow/1967/O/EURO-SA/Unknown is identical to EU448370/GBR/cow/1967/O/EURO-SA/Unknown but kept for subsequent analysis
NOTE: EF552691/GBR/cattle/2001/O/ME-SA/PanAsia is identical to EF552695/GBR/sheep/2001/O/ME-SA/PanAsia but kept for subsequent analysis
Checking for duplicate sequences: done in 0.275812 secs using 5.665% CPU
Identifying sites to remove: done in 0.0103133 secs
NOTE: 85 identical sequences (see below) will be ignored for subsequent analysis
NOTE: OQ211392/ISR/cattle/2007/O/ME-SA/PanAsia-2 (identical to FJ175664/ISR/cattle/2007/O/ME-SA/PanAsia-2) is ignored but added at the end
NOTE: OQ211370/ISR/cattle/2007/O/ME-SA/PanAsia-2 (identical to FJ175664/ISR/cattle/2007/O/ME-SA/PanAsia-2) is ignored but added at the end
NOTE: OQ211369/ISR/cattle/2007/O/ME-SA/PanAsia-2 (identical to FJ175661/ISR/goat/2007/O/ME-SA/PanAsia-2) is ignored but added at the end
NOTE: OQ211400/ISR/cattle/2007/O/ME-SA/PanAsia-2 (identical to OQ211402/ISR/cattle/2007/O/ME-SA/PanAsia-2) is ignored but added at the end
NOTE: OQ211357/ISR/cattle/2007/O/ME-SA/PanAsia-2 (identical to OQ211359/ISR/cattle/2007/O/ME-SA/PanAsia-2) is ignored but added at the end
NOTE: OQ211356/ISR/cattle/2007/O/ME-SA/PanAsia-2 (identical to OQ211359/ISR/cattle/2007/O/ME-SA/PanAsia-2) is ignored but added at the end
NOTE: OQ457191/NER/cattle/2020/O/EA-3/Unknown (identical to OQ457193/NER/cattle/2020/O/EA-3/Unknown) is ignored but added at the end
NOTE: OQ457189/NER/cattle/2020/O/EA-3/Unknown (identical to OQ457193/NER/cattle/2020/O/EA-3/Unknown) is ignored but added at the end
NOTE: OQ457188/NER/cattle/2020/O/EA-3/Unknown (identical to OQ457193/NER/cattle/2020/O/EA-3/Unknown) is ignored but added at the end
NOTE: OQ457184/NER/cattle/2020/O/EA-3/Unknown (identical to OQ457186/NER/cattle/2020/O/EA-3/Unknown) is ignored but added at the end
NOTE: MN095368/IND/cattle/2014/O/ME-SA/Ind-2001d (identical to MN095371/IND/cattle/2014/O/ME-SA/Ind-2001d) is ignored but added at the end
NOTE: MN095361/IND/cattle/2013/O/ME-SA/Ind-2001d (identical to MN095363/IND/cattle/2013/O/ME-SA/Ind-2001d) is ignored but added at the end
NOTE: MN095360/IND/cattle/2013/O/ME-SA/Ind-2001d (identical to MN095363/IND/cattle/2013/O/ME-SA/Ind-2001d) is ignored but added at the end
NOTE: MN095359/IND/cattle/2013/O/ME-SA/Ind-2001d (identical to MN095363/IND/cattle/2013/O/ME-SA/Ind-2001d) is ignored but added at the end
NOTE: MN095358/IND/cattle/2013/O/ME-SA/Ind-2001d (identical to MN095363/IND/cattle/2013/O/ME-SA/Ind-2001d) is ignored but added at the end
NOTE: MN095357/IND/cattle/2013/O/ME-SA/Ind-2001d (identical to MN095363/IND/cattle/2013/O/ME-SA/Ind-2001d) is ignored but added at the end
NOTE: MN095356/IND/cattle/2013/O/ME-SA/Ind-2001d (identical to MN095363/IND/cattle/2013/O/ME-SA/Ind-2001d) is ignored but added at the end
NOTE: LC456870/GHA/cow/2018/O/EA-3/Unknown (identical to LC456873/GHA/cow/2018/O/EA-3/Unknown) is ignored but added at the end
NOTE: MG983700/MUS/cattle/2016/O/ME-SA/Unknown (identical to MG983702/MUS/cattle/2016/O/ME-SA/Unknown) is ignored but added at the end
NOTE: LC149712/JPN/cow/2010/O/SEA/Unknown (identical to LC149719/JPN/cow/2010/O/SEA/Unknown) is ignored but added at the end
NOTE: LC149710/JPN/cow/2010/O/SEA/Unknown (identical to LC149719/JPN/cow/2010/O/SEA/Unknown) is ignored but added at the end
NOTE: LC149708/JPN/cow/2010/O/SEA/Unknown (identical to LC149719/JPN/cow/2010/O/SEA/Unknown) is ignored but added at the end
NOTE: LC149707/JPN/cow/2010/O/SEA/Unknown (identical to LC149719/JPN/cow/2010/O/SEA/Unknown) is ignored but added at the end
NOTE: LC149706/JPN/cow/2010/O/SEA/Unknown (identical to LC149719/JPN/cow/2010/O/SEA/Unknown) is ignored but added at the end
NOTE: LC149700/JPN/cow/2010/O/SEA/Unknown (identical to LC149719/JPN/cow/2010/O/SEA/Unknown) is ignored but added at the end
NOTE: LC149699/JPN/cow/2010/O/SEA/Unknown (identical to LC149719/JPN/cow/2010/O/SEA/Unknown) is ignored but added at the end
NOTE: LC149697/JPN/pig/2010/O/SEA/Unknown (identical to LC149719/JPN/cow/2010/O/SEA/Unknown) is ignored but added at the end
NOTE: LC149693/JPN/cow/2010/O/SEA/Unknown (identical to LC149719/JPN/cow/2010/O/SEA/Unknown) is ignored but added at the end
NOTE: LC149692/JPN/pig/2010/O/SEA/Unknown (identical to LC149719/JPN/cow/2010/O/SEA/Unknown) is ignored but added at the end
NOTE: LC149690/JPN/pig/2010/O/SEA/Unknown (identical to LC149719/JPN/cow/2010/O/SEA/Unknown) is ignored but added at the end
NOTE: LC149686/JPN/cow/2010/O/SEA/Unknown (identical to LC149719/JPN/cow/2010/O/SEA/Unknown) is ignored but added at the end
NOTE: LC149684/JPN/pig/2010/O/SEA/Unknown (identical to LC149719/JPN/cow/2010/O/SEA/Unknown) is ignored but added at the end
NOTE: LC149683/JPN/cow/2010/O/SEA/Unknown (identical to LC149719/JPN/cow/2010/O/SEA/Unknown) is ignored but added at the end
NOTE: LC149679/JPN/pig/2010/O/SEA/Unknown (identical to LC149719/JPN/cow/2010/O/SEA/Unknown) is ignored but added at the end
NOTE: LC149677/JPN/cow/2010/O/SEA/Unknown (identical to LC149719/JPN/cow/2010/O/SEA/Unknown) is ignored but added at the end
NOTE: LC149673/JPN/cow/2010/O/SEA/Unknown (identical to LC149719/JPN/cow/2010/O/SEA/Unknown) is ignored but added at the end
NOTE: LC149672/JPN/cow/2010/O/SEA/Unknown (identical to LC149719/JPN/cow/2010/O/SEA/Unknown) is ignored but added at the end
NOTE: LC149670/JPN/cow/2010/O/SEA/Unknown (identical to LC149719/JPN/cow/2010/O/SEA/Unknown) is ignored but added at the end
NOTE: LC149666/JPN/cow/2010/O/SEA/Unknown (identical to LC149719/JPN/cow/2010/O/SEA/Unknown) is ignored but added at the end
NOTE: LC149660/JPN/cow/2010/O/SEA/Unknown (identical to LC149719/JPN/cow/2010/O/SEA/Unknown) is ignored but added at the end
NOTE: LC149659/JPN/cow/2010/O/SEA/Unknown (identical to LC149719/JPN/cow/2010/O/SEA/Unknown) is ignored but added at the end
NOTE: LC149658/JPN/pig/2010/O/SEA/Unknown (identical to LC149719/JPN/cow/2010/O/SEA/Unknown) is ignored but added at the end
NOTE: LC149656/JPN/cow/2010/O/SEA/Unknown (identical to LC149719/JPN/cow/2010/O/SEA/Unknown) is ignored but added at the end
NOTE: LC149655/JPN/cow/2010/O/SEA/Unknown (identical to LC149719/JPN/cow/2010/O/SEA/Unknown) is ignored but added at the end
NOTE: LC149654/JPN/cow/2010/O/SEA/Unknown (identical to LC149719/JPN/cow/2010/O/SEA/Unknown) is ignored but added at the end
NOTE: LC149653/JPN/pig/2010/O/SEA/Unknown (identical to LC149719/JPN/cow/2010/O/SEA/Unknown) is ignored but added at the end
NOTE: LC149652/JPN/pig/2010/O/SEA/Unknown (identical to LC149719/JPN/cow/2010/O/SEA/Unknown) is ignored but added at the end
NOTE: LC149650/JPN/cow/2010/O/SEA/Unknown (identical to LC149719/JPN/cow/2010/O/SEA/Unknown) is ignored but added at the end
NOTE: LC149649/JPN/pig/2010/O/SEA/Unknown (identical to LC149719/JPN/cow/2010/O/SEA/Unknown) is ignored but added at the end
NOTE: LC149648/JPN/cow/2010/O/SEA/Unknown (identical to LC149719/JPN/cow/2010/O/SEA/Unknown) is ignored but added at the end
NOTE: LC149647/JPN/cow/2010/O/SEA/Unknown (identical to LC149719/JPN/cow/2010/O/SEA/Unknown) is ignored but added at the end
NOTE: LC149646/JPN/pig/2010/O/SEA/Unknown (identical to LC149719/JPN/cow/2010/O/SEA/Unknown) is ignored but added at the end
NOTE: LC149643/JPN/pig/2010/O/SEA/Unknown (identical to LC149719/JPN/cow/2010/O/SEA/Unknown) is ignored but added at the end
NOTE: LC149642/JPN/cow/2010/O/SEA/Unknown (identical to LC149719/JPN/cow/2010/O/SEA/Unknown) is ignored but added at the end
NOTE: LC149641/JPN/pig/2010/O/SEA/Unknown (identical to LC149719/JPN/cow/2010/O/SEA/Unknown) is ignored but added at the end
NOTE: LC149640/JPN/cow/2010/O/SEA/Unknown (identical to LC149719/JPN/cow/2010/O/SEA/Unknown) is ignored but added at the end
NOTE: LC149638/JPN/cow/2010/O/SEA/Unknown (identical to LC149719/JPN/cow/2010/O/SEA/Unknown) is ignored but added at the end
NOTE: LC149636/JPN/cow/2010/O/SEA/Unknown (identical to LC149719/JPN/cow/2010/O/SEA/Unknown) is ignored but added at the end
NOTE: LC149633/JPN/pig/2010/O/SEA/Unknown (identical to LC149719/JPN/cow/2010/O/SEA/Unknown) is ignored but added at the end
NOTE: LC149632/JPN/pig/2010/O/SEA/Unknown (identical to LC149719/JPN/cow/2010/O/SEA/Unknown) is ignored but added at the end
NOTE: LC149631/JPN/cow/2010/O/SEA/Unknown (identical to LC149719/JPN/cow/2010/O/SEA/Unknown) is ignored but added at the end
NOTE: LC149629/JPN/cow/2010/O/SEA/Unknown (identical to LC149719/JPN/cow/2010/O/SEA/Unknown) is ignored but added at the end
NOTE: LC149627/JPN/pig/2010/O/SEA/Unknown (identical to LC149719/JPN/cow/2010/O/SEA/Unknown) is ignored but added at the end
NOTE: LC149626/JPN/cow/2010/O/SEA/Unknown (identical to LC149719/JPN/cow/2010/O/SEA/Unknown) is ignored but added at the end
NOTE: LC149625/JPN/cow/2010/O/SEA/Unknown (identical to LC149719/JPN/cow/2010/O/SEA/Unknown) is ignored but added at the end
NOTE: LC149622/JPN/cow/2010/O/SEA/Unknown (identical to LC149719/JPN/cow/2010/O/SEA/Unknown) is ignored but added at the end
NOTE: LC149620/JPN/cow/2010/O/SEA/Unknown (identical to LC149719/JPN/cow/2010/O/SEA/Unknown) is ignored but added at the end
NOTE: LC149628/JPN/pig/2010/O/SEA/Unknown (identical to LC149705/JPN/cow/2010/O/SEA/Unknown) is ignored but added at the end
NOTE: KF112885/JPN/cattle/2010/O/SEA/Unknown (identical to LC149621/JPN/wild-water-buffalo/2010/O/SEA/Unknown) is ignored but added at the end
NOTE: FJ542369/GBR/sheep/2001/O/ME-SA/PanAsia (identical to KM257061/GBR/cattle/2001/O/ME-SA/PanAsia) is ignored but added at the end
NOTE: FJ542366/GBR/sheep/2001/O/ME-SA/PanAsia (identical to KM257061/GBR/cattle/2001/O/ME-SA/PanAsia) is ignored but added at the end
NOTE: FJ542365/GBR/cattle/2001/O/ME-SA/PanAsia (identical to KM257061/GBR/cattle/2001/O/ME-SA/PanAsia) is ignored but added at the end
NOTE: KF694734/KOR/pig/2002/O/ME-SA/PanAsia (identical to KF694743/KOR/pig/2002/O/ME-SA/PanAsia) is ignored but added at the end
NOTE: KF694733/KOR/pig/2002/O/ME-SA/PanAsia (identical to KF694743/KOR/pig/2002/O/ME-SA/PanAsia) is ignored but added at the end
NOTE: KF694736/KOR/pig/2002/O/ME-SA/PanAsia (identical to KF694742/KOR/pig/2002/O/ME-SA/PanAsia) is ignored but added at the end
NOTE: KF694731/KOR/pig/2002/O/ME-SA/PanAsia (identical to KF694742/KOR/pig/2002/O/ME-SA/PanAsia) is ignored but added at the end
NOTE: AY593832/GBR/Unknown/2002/O/ME-SA/PanAsia (identical to FJ542370/GBR/cattle/2001/O/ME-SA/PanAsia) is ignored but added at the end
NOTE: AY593831/GBR/Unknown/2002/O/ME-SA/PanAsia (identical to FJ542370/GBR/cattle/2001/O/ME-SA/PanAsia) is ignored but added at the end
NOTE: AJ633821/FRA/Unknown/2001/O/ME-SA/PanAsia (identical to FJ542370/GBR/cattle/2001/O/ME-SA/PanAsia) is ignored but added at the end
NOTE: DQ404177/GBR/pig/2001/O/ME-SA/PanAsia (identical to DQ404179/GBR/pig/2001/O/ME-SA/PanAsia) is ignored but added at the end
NOTE: DQ404176/GBR/cow/2001/O/ME-SA/PanAsia (identical to DQ404179/GBR/pig/2001/O/ME-SA/PanAsia) is ignored but added at the end
NOTE: DQ404171/GBR/sheep/2001/O/ME-SA/PanAsia (identical to DQ404175/GBR/cow/2001/O/ME-SA/PanAsia) is ignored but added at the end
NOTE: EF552693/GBR/cattle/2001/O/ME-SA/PanAsia (identical to DQ404175/GBR/cow/2001/O/ME-SA/PanAsia) is ignored but added at the end
NOTE: EF552689/GBR/sheep/2001/O/ME-SA/PanAsia (identical to DQ404175/GBR/cow/2001/O/ME-SA/PanAsia) is ignored but added at the end
NOTE: DQ404165/GBR/cow/2001/O/ME-SA/PanAsia (identical to DQ404167/GBR/sheep/2001/O/ME-SA/PanAsia) is ignored but added at the end
Alignment was printed to alignments_no_probang_etc\recombinant_free_regions\O\O_3109-4869_no_probang.uniqueseq.phy

For your convenience alignment with unique sequences printed to alignments_no_probang_etc\recombinant_free_regions\O\O_3109-4869_no_probang.uniqueseq.phy
Creating fast initial parsimony tree by random order stepwise addition...
0.422 seconds, parsimony score: 8316 (based on 1008 sites)
Generating 1000 samples for ultrafast bootstrap (seed: 244404)...

NOTE: 73 MB RAM (0 GB) is required!
Estimate model parameters (epsilon = 0.100)
Thoroughly optimizing +I+G parameters from 10 start values...
Init pinv, alpha: 0.000, 1.000 / Estimate: 0.000, 0.382 / LogL: -44186.580
Init pinv, alpha: 0.049, 1.000 / Estimate: 0.365, 0.811 / LogL: -44003.732
Init pinv, alpha: 0.097, 1.000 / Estimate: 0.365, 0.813 / LogL: -44003.711
Init pinv, alpha: 0.146, 1.000 / Estimate: 0.365, 0.814 / LogL: -44003.712
Init pinv, alpha: 0.194, 1.000 / Estimate: 0.365, 0.814 / LogL: -44003.743
Init pinv, alpha: 0.243, 1.000 / Estimate: 0.365, 0.812 / LogL: -44003.791
Init pinv, alpha: 0.291, 1.000 / Estimate: 0.365, 0.812 / LogL: -44003.804
Init pinv, alpha: 0.340, 1.000 / Estimate: 0.365, 0.812 / LogL: -44003.837
Init pinv, alpha: 0.389, 1.000 / Estimate: 0.368, 0.825 / LogL: -44003.806
Init pinv, alpha: 0.437, 1.000 / Estimate: 0.371, 0.834 / LogL: -44003.895
Optimal pinv,alpha: 0.365, 0.813 / LogL: -44003.711

Parameters optimization took 70.859 sec
Wrote distance file to... 
Computing ML distances based on estimated model parameters...
Calculating distance matrix: done in 2.21471 secs using 100.2% CPU
Computing ML distances took 2.227546 sec (of wall-clock time) 2.218750 sec (of CPU time)
Setting up auxiliary I and S matrices: done in 0.0078128 secs
Constructing RapidNJ tree: done in 0.0253176 secs using 185.1% CPU
Computing RapidNJ tree took 0.038802 sec (of wall-clock time) 0.046875 sec (of CPU time)
Log-likelihood of RapidNJ tree: -44012.844
--------------------------------------------------------------------
|             INITIALIZING CANDIDATE TREE SET                      |
--------------------------------------------------------------------
Generating 98 parsimony trees... 38.201 second
Computing log-likelihood of 98 initial trees ... 16.266 seconds
Current best score: -43905.519

Do NNI search on 20 best initial trees
Optimizing NNI: done in 11.6753 secs using 99.84% CPU
Estimate model parameters (epsilon = 0.100)
BETTER TREE FOUND at iteration 1: -43726.853
Optimizing NNI: done in 12.971 secs using 99.86% CPU
Estimate model parameters (epsilon = 0.100)
BETTER TREE FOUND at iteration 2: -43723.742
Optimizing NNI: done in 12.1012 secs using 99.94% CPU
Estimate model parameters (epsilon = 0.100)
BETTER TREE FOUND at iteration 3: -43694.334
Optimizing NNI: done in 11.9408 secs using 99.97% CPU
Optimizing NNI: done in 12.1561 secs using 100% CPU
Optimizing NNI: done in 12.0587 secs using 100% CPU
Optimizing NNI: done in 11.7113 secs using 100.1% CPU
Optimizing NNI: done in 12.4141 secs using 99.94% CPU
Optimizing NNI: done in 12.9314 secs using 99.93% CPU
Estimate model parameters (epsilon = 0.100)
BETTER TREE FOUND at iteration 9: -43677.848
Optimizing NNI: done in 12.1268 secs using 99.86% CPU
Iteration 10 / LogL: -43679.429 / Time: 0h:4m:18s
Optimizing NNI: done in 12.6994 secs using 100% CPU
Optimizing NNI: done in 11.1573 secs using 99.99% CPU
Optimizing NNI: done in 12.1389 secs using 100% CPU
Optimizing NNI: done in 12.9965 secs using 99.79% CPU
Optimizing NNI: done in 11.6745 secs using 99.84% CPU
Optimizing NNI: done in 11.6866 secs using 100% CPU
Optimizing NNI: done in 12.8738 secs using 100% CPU
Optimizing NNI: done in 11.5927 secs using 100% CPU
Optimizing NNI: done in 12.1911 secs using 99.97% CPU
Optimizing NNI: done in 14.1278 secs using 99.98% CPU
Iteration 20 / LogL: -43753.017 / Time: 0h:6m:21s
Finish initializing candidate tree set (20)
Current best tree score: -43677.848 / CPU time: 306.064
Number of iterations: 20
--------------------------------------------------------------------
|               OPTIMIZING CANDIDATE TREE SET                      |
--------------------------------------------------------------------
Optimizing NNI: done in 9.55287 secs using 99.77% CPU
Estimate model parameters (epsilon = 0.100)
BETTER TREE FOUND at iteration 21: -43672.283
Optimizing NNI: done in 10.3589 secs using 100% CPU
Optimizing NNI: done in 9.93423 secs using 99.88% CPU
Optimizing NNI: done in 4.32817 secs using 100% CPU
Optimizing NNI: done in 9.45602 secs using 99.97% CPU
Optimizing NNI: done in 9.81196 secs using 99.85% CPU
Optimizing NNI: done in 10.5978 secs using 99.96% CPU
Optimizing NNI: done in 7.94251 secs using 99.94% CPU
Optimizing NNI: done in 7.49288 secs using 99.68% CPU
Optimizing NNI: done in 8.16682 secs using 99.87% CPU
Iteration 30 / LogL: -43694.912 / Time: 0h:7m:51s (0h:24m:37s left)
Optimizing NNI: done in 10.8105 secs using 100% CPU
Optimizing NNI: done in 6.75327 secs using 99.95% CPU
Estimate model parameters (epsilon = 0.100)
BETTER TREE FOUND at iteration 32: -43665.798
Optimizing NNI: done in 4.48313 secs using 100% CPU
Optimizing NNI: done in 9.75445 secs using 99.95% CPU
Optimizing NNI: done in 9.89162 secs using 99.99% CPU
Optimizing NNI: done in 7.84652 secs using 99.96% CPU
Optimizing NNI: done in 9.27639 secs using 100.1% CPU
Optimizing NNI: done in 8.91566 secs using 99.89% CPU
Optimizing NNI: done in 9.0968 secs using 99.79% CPU
Optimizing NNI: done in 8.93474 secs using 100% CPU
Iteration 40 / LogL: -43669.115 / Time: 0h:9m:19s (0h:21m:57s left)
Optimizing NNI: done in 7.27514 secs using 99.87% CPU
Estimate model parameters (epsilon = 0.100)
BETTER TREE FOUND at iteration 41: -43664.462
Optimizing NNI: done in 8.65495 secs using 92.97% CPU
Optimizing NNI: done in 5.12438 secs using 99.71% CPU
Optimizing NNI: done in 7.84033 secs using 99.84% CPU
Optimizing NNI: done in 9.33382 secs using 99.44% CPU
Optimizing NNI: done in 7.55948 secs using 100% CPU
Optimizing NNI: done in 8.19901 secs using 100.1% CPU
Optimizing NNI: done in 4.39689 secs using 100.2% CPU
Optimizing NNI: done in 11.4206 secs using 100% CPU
Optimizing NNI: done in 8.44595 secs using 99.9% CPU
Iteration 50 / LogL: -43677.473 / Time: 0h:10m:39s (0h:19m:46s left)
Log-likelihood cutoff on original alignment: -43766.015
Optimizing NNI: done in 9.12028 secs using 99.37% CPU
Optimizing NNI: done in 5.6616 secs using 99.91% CPU
Optimizing NNI: done in 7.99146 secs using 100.1% CPU
Optimizing NNI: done in 8.47204 secs using 100.1% CPU
Optimizing NNI: done in 6.10127 secs using 100.1% CPU
Optimizing NNI: done in 6.30454 secs using 100.1% CPU
Estimate model parameters (epsilon = 0.100)
BETTER TREE FOUND at iteration 56: -43650.346
Optimizing NNI: done in 8.63498 secs using 99.88% CPU
Optimizing NNI: done in 8.00141 secs using 99.98% CPU
Optimizing NNI: done in 9.27993 secs using 99.85% CPU
Optimizing NNI: done in 5.48579 secs using 99.97% CPU
Iteration 60 / LogL: -43655.338 / Time: 0h:12m:0s (0h:19m:30s left)
Optimizing NNI: done in 7.5239 secs using 98.64% CPU
Optimizing NNI: done in 5.08944 secs using 99.78% CPU
Optimizing NNI: done in 8.95056 secs using 99.33% CPU
Optimizing NNI: done in 6.10781 secs using 100% CPU
Optimizing NNI: done in 5.78422 secs using 99.95% CPU
Optimizing NNI: done in 6.5163 secs using 99.99% CPU
Optimizing NNI: done in 7.9556 secs using 99.97% CPU
Optimizing NNI: done in 9.71554 secs using 99.87% CPU
Optimizing NNI: done in 9.51508 secs using 100% CPU
Optimizing NNI: done in 7.35472 secs using 100.1% CPU
Iteration 70 / LogL: -43668.399 / Time: 0h:13m:15s (0h:16m:31s left)
Optimizing NNI: done in 9.31558 secs using 99.97% CPU
Optimizing NNI: done in 7.21712 secs using 100% CPU
Optimizing NNI: done in 10.7245 secs using 100.1% CPU
Optimizing NNI: done in 7.03202 secs using 98.21% CPU
Optimizing NNI: done in 4.7498 secs using 99.68% CPU
Optimizing NNI: done in 11.0695 secs using 99.23% CPU
Optimizing NNI: done in 7.21467 secs using 100.1% CPU
Optimizing NNI: done in 5.7485 secs using 99.75% CPU
Optimizing NNI: done in 7.40237 secs using 99.21% CPU
Optimizing NNI: done in 8.43943 secs using 99.79% CPU
Iteration 80 / LogL: -43670.435 / Time: 0h:14m:36s (0h:14m:2s left)
Optimizing NNI: done in 5.67044 secs using 99.75% CPU
Optimizing NNI: done in 4.71585 secs using 99.4% CPU
Optimizing NNI: done in 7.03437 secs using 99.96% CPU
Optimizing NNI: done in 10.3546 secs using 99.74% CPU
Optimizing NNI: done in 6.77141 secs using 99.91% CPU
Optimizing NNI: done in 7.53326 secs using 99.56% CPU
Optimizing NNI: done in 7.89777 secs using 99.91% CPU
Optimizing NNI: done in 8.60732 secs using 100% CPU
Optimizing NNI: done in 7.7012 secs using 100% CPU
Optimizing NNI: done in 8.60944 secs using 100% CPU
Iteration 90 / LogL: -43664.066 / Time: 0h:15m:52s (0h:11m:45s left)
Optimizing NNI: done in 6.293 secs using 99.81% CPU
Optimizing NNI: done in 9.04393 secs using 99.86% CPU
Optimizing NNI: done in 8.74346 secs using 99.9% CPU
Optimizing NNI: done in 5.94591 secs using 99.33% CPU
Optimizing NNI: done in 10.8465 secs using 99.11% CPU
Optimizing NNI: done in 10.8485 secs using 99.52% CPU
Optimizing NNI: done in 8.79171 secs using 99.88% CPU
Optimizing NNI: done in 9.49277 secs using 99.75% CPU
Optimizing NNI: done in 5.31737 secs using 99.91% CPU
Optimizing NNI: done in 10.8721 secs using 99.88% CPU
Iteration 100 / LogL: -43664.777 / Time: 0h:17m:20s (0h:9m:48s left)
Log-likelihood cutoff on original alignment: -43760.918
NOTE: Bootstrap correlation coefficient of split occurrence frequencies: 0.984
NOTE: UFBoot does not converge, continue at least 100 more iterations
Optimizing NNI: done in 8.8268 secs using 99.48% CPU
Optimizing NNI: done in 9.15502 secs using 99.84% CPU
Optimizing NNI: done in 5.06177 secs using 100% CPU
Optimizing NNI: done in 8.09606 secs using 99.97% CPU
Optimizing NNI: done in 6.73295 secs using 100% CPU
Optimizing NNI: done in 9.80732 secs using 99.89% CPU
Optimizing NNI: done in 5.83373 secs using 99.9% CPU
Optimizing NNI: done in 4.35789 secs using 100% CPU
Optimizing NNI: done in 12.4991 secs using 99.13% CPU
Optimizing NNI: done in 5.8893 secs using 100% CPU
Iteration 110 / LogL: -43792.126 / Time: 0h:18m:41s (0h:15m:25s left)
Optimizing NNI: done in 8.00512 secs using 99.74% CPU
Optimizing NNI: done in 8.93898 secs using 99.81% CPU
Optimizing NNI: done in 12.8836 secs using 99.45% CPU
Optimizing NNI: done in 9.32121 secs using 99.74% CPU
Optimizing NNI: done in 10.2009 secs using 98.8% CPU
Optimizing NNI: done in 5.08632 secs using 99.84% CPU
Optimizing NNI: done in 8.23471 secs using 100% CPU
Optimizing NNI: done in 8.82556 secs using 99.67% CPU
Optimizing NNI: done in 10.6336 secs using 99.92% CPU
Optimizing NNI: done in 6.95148 secs using 100% CPU
Iteration 120 / LogL: -43652.839 / Time: 0h:20m:11s (0h:13m:34s left)
Optimizing NNI: done in 6.81043 secs using 100% CPU
Optimizing NNI: done in 8.84989 secs using 99.75% CPU
Optimizing NNI: done in 8.70184 secs using 99.84% CPU
Optimizing NNI: done in 7.62284 secs using 99.62% CPU
Optimizing NNI: done in 10.3877 secs using 100% CPU
Optimizing NNI: done in 6.84212 secs using 100% CPU
Optimizing NNI: done in 6.31214 secs using 99.76% CPU
Optimizing NNI: done in 8.29092 secs using 99.88% CPU
Optimizing NNI: done in 8.108 secs using 100% CPU
Optimizing NNI: done in 7.81227 secs using 99.8% CPU
Iteration 130 / LogL: -43684.611 / Time: 0h:21m:33s (0h:11m:41s left)
Optimizing NNI: done in 7.19714 secs using 99.87% CPU
Optimizing NNI: done in 5.3351 secs using 99.87% CPU
Optimizing NNI: done in 7.51912 secs using 100.2% CPU
Optimizing NNI: done in 7.16328 secs using 99.9% CPU
Optimizing NNI: done in 6.44354 secs using 99.66% CPU
Optimizing NNI: done in 4.34753 secs using 99.91% CPU
Optimizing NNI: done in 7.34635 secs using 99.96% CPU
Optimizing NNI: done in 7.43385 secs using 100% CPU
Optimizing NNI: done in 9.22429 secs using 100.1% CPU
Optimizing NNI: done in 7.61157 secs using 99.77% CPU
Iteration 140 / LogL: -43658.725 / Time: 0h:22m:44s (0h:9m:48s left)
Optimizing NNI: done in 5.71472 secs using 99.8% CPU
Optimizing NNI: done in 7.53397 secs using 99.96% CPU
Optimizing NNI: done in 8.46511 secs using 100% CPU
Optimizing NNI: done in 5.87342 secs using 100% CPU
Estimate model parameters (epsilon = 0.100)
BETTER TREE FOUND at iteration 144: -43649.116
Optimizing NNI: done in 6.73471 secs using 99.99% CPU
Optimizing NNI: done in 8.68125 secs using 100.1% CPU
Optimizing NNI: done in 9.2197 secs using 99.99% CPU
Optimizing NNI: done in 8.3121 secs using 100% CPU
Optimizing NNI: done in 8.88422 secs using 99.9% CPU
Optimizing NNI: done in 4.6283 secs using 99.59% CPU
Iteration 150 / LogL: -43743.425 / Time: 0h:24m:0s (0h:15m:8s left)
Log-likelihood cutoff on original alignment: -43760.918
Optimizing NNI: done in 3.50975 secs using 99.72% CPU
Optimizing NNI: done in 6.88601 secs using 99.84% CPU
Optimizing NNI: done in 7.26774 secs using 99.97% CPU
Optimizing NNI: done in 6.92644 secs using 99.93% CPU
Optimizing NNI: done in 5.60767 secs using 100% CPU
Optimizing NNI: done in 6.58825 secs using 99.61% CPU
Optimizing NNI: done in 3.73915 secs using 99.87% CPU
Optimizing NNI: done in 10.1266 secs using 99.68% CPU
Optimizing NNI: done in 8.3104 secs using 99.09% CPU
Optimizing NNI: done in 9.72484 secs using 99.46% CPU
Iteration 160 / LogL: -43664.311 / Time: 0h:25m:13s (0h:13m:19s left)
Optimizing NNI: done in 9.77868 secs using 99.23% CPU
Optimizing NNI: done in 7.16539 secs using 99.44% CPU
Optimizing NNI: done in 6.41691 secs using 100.1% CPU
Optimizing NNI: done in 7.41543 secs using 99.88% CPU
Optimizing NNI: done in 7.0574 secs using 99.85% CPU
Optimizing NNI: done in 10.3265 secs using 98.35% CPU
Optimizing NNI: done in 10.105 secs using 99.27% CPU
Optimizing NNI: done in 7.5015 secs using 99.98% CPU
Optimizing NNI: done in 7.6033 secs using 100.1% CPU
Optimizing NNI: done in 5.78647 secs using 99.37% CPU
Iteration 170 / LogL: -43677.361 / Time: 0h:26m:34s (0h:11m:38s left)
Optimizing NNI: done in 6.67608 secs using 99.94% CPU
Optimizing NNI: done in 6.05495 secs using 99.87% CPU
Optimizing NNI: done in 6.66174 secs using 99.92% CPU
Optimizing NNI: done in 8.0571 secs using 100.1% CPU
Optimizing NNI: done in 7.94563 secs using 99.9% CPU
Optimizing NNI: done in 7.63221 secs using 99.91% CPU
Optimizing NNI: done in 6.33205 secs using 100.2% CPU
Optimizing NNI: done in 7.54209 secs using 100.1% CPU
Optimizing NNI: done in 7.1636 secs using 99.9% CPU
Optimizing NNI: done in 9.27596 secs using 99.89% CPU
Iteration 180 / LogL: -43666.205 / Time: 0h:27m:50s (0h:9m:56s left)
Optimizing NNI: done in 7.32627 secs using 99.81% CPU
Optimizing NNI: done in 3.81633 secs using 100.3% CPU
Optimizing NNI: done in 4.21968 secs using 99.98% CPU
Optimizing NNI: done in 8.59038 secs using 100% CPU
Optimizing NNI: done in 4.35677 secs using 100.1% CPU
Optimizing NNI: done in 8.64766 secs using 99.92% CPU
Optimizing NNI: done in 4.10316 secs using 99.39% CPU
Optimizing NNI: done in 6.70485 secs using 99.74% CPU
Optimizing NNI: done in 5.1711 secs using 100% CPU
Optimizing NNI: done in 7.53581 secs using 99.73% CPU
Iteration 190 / LogL: -43677.401 / Time: 0h:28m:52s (0h:8m:14s left)
Optimizing NNI: done in 7.54047 secs using 99.88% CPU
Optimizing NNI: done in 8.68612 secs using 100% CPU
Optimizing NNI: done in 8.67728 secs using 100.1% CPU
Optimizing NNI: done in 7.14148 secs using 99.77% CPU
Optimizing NNI: done in 5.00602 secs using 100.2% CPU
Optimizing NNI: done in 3.88007 secs using 99.87% CPU
Optimizing NNI: done in 7.18785 secs using 100% CPU
Optimizing NNI: done in 6.94637 secs using 99.87% CPU
Optimizing NNI: done in 5.94661 secs using 100.1% CPU
Optimizing NNI: done in 7.69487 secs using 99.9% CPU
Iteration 200 / LogL: -43651.020 / Time: 0h:30m:2s (0h:6m:38s left)
Log-likelihood cutoff on original alignment: -43744.397
NOTE: Bootstrap correlation coefficient of split occurrence frequencies: 0.994
Optimizing NNI: done in 6.77072 secs using 100.2% CPU
Optimizing NNI: done in 7.21156 secs using 99.88% CPU
Optimizing NNI: done in 10.4457 secs using 100.1% CPU
Optimizing NNI: done in 6.65859 secs using 99.73% CPU
Optimizing NNI: done in 8.51829 secs using 99.97% CPU
Optimizing NNI: done in 6.50858 secs using 99.87% CPU
Optimizing NNI: done in 8.09443 secs using 99.99% CPU
Optimizing NNI: done in 6.00966 secs using 100.1% CPU
Optimizing NNI: done in 6.11908 secs using 99.84% CPU
Optimizing NNI: done in 4.74331 secs using 100.1% CPU
Iteration 210 / LogL: -43991.349 / Time: 0h:31m:18s (0h:13m:28s left)
Optimizing NNI: done in 9.54451 secs using 100% CPU
Optimizing NNI: done in 7.71776 secs using 100% CPU
Optimizing NNI: done in 8.1416 secs using 99.41% CPU
Optimizing NNI: done in 7.17471 secs using 99.74% CPU
Optimizing NNI: done in 5.62868 secs using 99.93% CPU
Optimizing NNI: done in 7.3875 secs using 100% CPU
Optimizing NNI: done in 6.79289 secs using 99.83% CPU
Optimizing NNI: done in 5.47555 secs using 100.2% CPU
Optimizing NNI: done in 4.35549 secs using 99.73% CPU
Optimizing NNI: done in 9.9084 secs using 99.98% CPU
Iteration 220 / LogL: -43669.023 / Time: 0h:32m:33s (0h:11m:53s left)
Optimizing NNI: done in 7.69933 secs using 99.85% CPU
Optimizing NNI: done in 5.70933 secs using 100.2% CPU
Optimizing NNI: done in 3.87338 secs using 100% CPU
Optimizing NNI: done in 7.65458 secs using 100% CPU
Optimizing NNI: done in 6.86277 secs using 99.72% CPU
Optimizing NNI: done in 6.75224 secs using 99.74% CPU
Optimizing NNI: done in 7.81548 secs using 99.96% CPU
Optimizing NNI: done in 7.62398 secs using 100% CPU
Optimizing NNI: done in 6.58237 secs using 99.94% CPU
Optimizing NNI: done in 3.77555 secs using 99.74% CPU
Iteration 230 / LogL: -43820.372 / Time: 0h:33m:39s (0h:10m:17s left)
Optimizing NNI: done in 8.35114 secs using 99.72% CPU
Optimizing NNI: done in 7.78269 secs using 99.98% CPU
Optimizing NNI: done in 7.47849 secs using 99.87% CPU
Optimizing NNI: done in 9.91759 secs using 99.89% CPU
Optimizing NNI: done in 8.45566 secs using 99.97% CPU
Optimizing NNI: done in 8.54348 secs using 99.86% CPU
Optimizing NNI: done in 8.03743 secs using 99.92% CPU
Optimizing NNI: done in 4.79243 secs using 99.77% CPU
Optimizing NNI: done in 8.59246 secs using 100% CPU
Optimizing NNI: done in 5.6527 secs using 100.1% CPU
Iteration 240 / LogL: -43651.339 / Time: 0h:34m:59s (0h:8m:46s left)
Optimizing NNI: done in 6.11486 secs using 100.2% CPU
Optimizing NNI: done in 8.47394 secs using 99.39% CPU
Optimizing NNI: done in 5.02998 secs using 100% CPU
Optimizing NNI: done in 6.62151 secs using 99.82% CPU
Optimizing NNI: done in 8.24202 secs using 100.1% CPU
TREE SEARCH COMPLETED AFTER 245 ITERATIONS / Time: 0h:35m:35s

--------------------------------------------------------------------
|                    FINALIZING TREE SEARCH                        |
--------------------------------------------------------------------
Performs final model parameters optimization
Estimate model parameters (epsilon = 0.010)
1. Initial log-likelihood: -43649.116
Optimal log-likelihood: -43649.115
Rate parameters:  A-C: 1.10467  A-G: 11.54480  A-T: 1.25234  C-G: 0.63056  C-T: 18.68965  G-T: 1.00000
Base frequencies:  A: 0.267  C: 0.277  G: 0.253  T: 0.203
Proportion of invariable sites: 0.366
Gamma shape alpha: 0.819
Parameters optimization took 1 rounds (0.595 sec)
BEST SCORE FOUND : -43649.115
Creating bootstrap support values...
Split supports printed to NEXUS file alignments_no_probang_etc\recombinant_free_regions\O\O_3109-4869_no_probang.splits.nex
Total tree length: 6.294

Total number of iterations: 245
CPU time used for tree search: 2054.281 sec (0h:34m:14s)
Wall-clock time used for tree search: 2059.401 sec (0h:34m:19s)
Total CPU time used: 2133.344 sec (0h:35m:33s)
Total wall-clock time used: 2138.709 sec (0h:35m:38s)

Computing bootstrap consensus tree...
Reading input file alignments_no_probang_etc\recombinant_free_regions\O\O_3109-4869_no_probang.splits.nex...
527 taxa and 6275 splits.
Consensus tree written to alignments_no_probang_etc\recombinant_free_regions\O\O_3109-4869_no_probang.contree
Reading input trees file alignments_no_probang_etc\recombinant_free_regions\O\O_3109-4869_no_probang.contree
Log-likelihood of consensus tree: -43649.355

Analysis results written to: 
  IQ-TREE report:                alignments_no_probang_etc\recombinant_free_regions\O\O_3109-4869_no_probang.iqtree
  Maximum-likelihood tree:       alignments_no_probang_etc\recombinant_free_regions\O\O_3109-4869_no_probang.treefile
  Likelihood distances:          alignments_no_probang_etc\recombinant_free_regions\O\O_3109-4869_no_probang.mldist

Ultrafast bootstrap approximation results written to:
  Split support values:          alignments_no_probang_etc\recombinant_free_regions\O\O_3109-4869_no_probang.splits.nex
  Consensus tree:                alignments_no_probang_etc\recombinant_free_regions\O\O_3109-4869_no_probang.contree
  Screen log file:               alignments_no_probang_etc\recombinant_free_regions\O\O_3109-4869_no_probang.log

Date and Time: Thu Jan 15 16:24:53 2026
