IQ-TREE version 3.0.1 for Windows 64-bit built May  5 2025
Developed by Bui Quang Minh, Thomas Wong, Nhan Ly-Trong, Huaiyan Ren
Contributed by Lam-Tung Nguyen, Dominik Schrempf, Chris Bielow,
Olga Chernomor, Michael Woodhams, Diep Thi Hoang, Heiko Schmidt

Host:    DESKTOP-IAVMJI2 (AVX2, FMA3, 7 GB RAM)
Command: bin/iqtree3.exe -s alignments_no_probang_etc\recombinant_free_regions\O\O_637-2783_no_probang.fasta -bb 1000 -m GTR+F+I+G -pre alignments_no_probang_etc\recombinant_free_regions\O\O_637-2783_no_probang
Seed:    653117 (Using SPRNG - Scalable Parallel Random Number Generator)
Time:    Thu Jan 15 16:28:09 2026
Kernel:  AVX+FMA - 1 threads (8 CPU cores detected)

HINT: Use -nt option to specify number of threads because your CPU has 8 cores!
HINT: -nt AUTO will automatically determine the best number of threads to use.

Reading alignment file alignments_no_probang_etc\recombinant_free_regions\O\O_637-2783_no_probang.fasta ... Fasta format detected
Reading fasta file: done in 0.0249228 secs using 62.69% CPU
Alignment most likely contains DNA/RNA sequences
Constructing alignment: done in 0.0144662 secs using 108% CPU
WARNING: 57 sites contain only gaps or ambiguous characters.
Alignment has 612 sequences with 2282 columns, 1156 distinct patterns
973 parsimony-informative, 170 singleton sites, 1139 constant sites
                                                    Gap/Ambiguity  Composition  p-value
Analyzing sequences: done in 0.0032892 secs
   1  AH012985/KOR/Unknown/2000/O/ME-SA/PanAsia             5.92%    passed     96.78%
   2  AH012984/KOR/Unknown/2000/O/ME-SA/PanAsia             5.92%    passed     96.70%
   3  MH167966/UGA/cow/2015/O/EA-2/Unknown                  5.92%    passed     87.14%
   4  MH167965/UGA/cow/2016/O/EA-2/Unknown                  5.92%    passed     99.30%
   5  MH167964/UGA/cow/2015/O/EA-2/Unknown                  5.92%    passed     82.27%
   6  MH167963/UGA/cow/2015/O/EA-2/Unknown                  5.92%    passed     83.19%
   7  MH167962/UGA/cow/2015/O/EA-2/Unknown                  5.92%    passed     99.01%
   8  MT018551/ISR/cattle/2018/O/ME-SA/PanAsia-2            5.92%    passed     97.13%
   9  MT018550/ISR/cattle/2018/O/ME-SA/PanAsia-2            5.92%    passed     86.63%
  10  MT018549/ISR/cattle/2018/O/ME-SA/PanAsia-2            5.92%    passed     80.57%
  11  MT018548/ISR/pig/2018/O/ME-SA/PanAsia-2               5.92%    passed     78.21%
  12  JF749852/Unknown/Unknown/2004/O/ME-SA/PanAsia-2       5.92%    passed     99.54%
  13  JF749851/IRN/Unknown/2001/O/ME-SA/PanAsia             5.92%    passed     80.46%
  14  GU384683/PAK/buffalo/2008/O/ME-SA/PanAsia-2           5.92%    passed     98.40%
  15  GU384682/PAK/cattle/2008/O/ME-SA/PanAsia-2            5.92%    passed     98.40%
  16  KC440883/EGY/Unknown/2011/O/ME-SA/PanAsia-2           5.92%    passed     88.73%
  17  HM229661/HKG/pig/2010/O/SEA/Unknown                   5.92%    passed     91.46%
  18  JQ900581/CHN/pig/2010/O/SEA/Unknown                   5.92%    passed     96.00%
  19  FJ175666/ISR/cattle/2007/O/ME-SA/PanAsia-2            5.92%    passed     84.34%
  20  FJ175665/ISR/cattle/2007/O/ME-SA/PanAsia-2            5.92%    passed     82.87%
  21  FJ175664/ISR/cattle/2007/O/ME-SA/PanAsia-2            5.92%    passed     84.34%
  22  FJ175663/ISR/cattle/2007/O/ME-SA/PanAsia-2            5.92%    passed     80.57%
  23  FJ175661/ISR/goat/2007/O/ME-SA/PanAsia-2              5.92%    passed     90.54%
  24  FJ461345/UGA/Unknown/2002/O/EA-2/Unknown              5.92%    passed     98.51%
  25  FJ461344/UGA/cow/2002/O/EA-2/Unknown                  5.92%    passed     95.69%
  26  OQ211407/PSE/sheep/2007/O/ME-SA/PanAsia-2             5.92%    passed     80.57%
  27  OQ211406/PSE/sheep/2007/O/ME-SA/PanAsia-2             5.92%    passed     78.70%
  28  OQ211405/ISR/cattle/2007/O/ME-SA/PanAsia-2            5.92%    passed     84.67%
  29  OQ211404/PSE/cattle/2007/O/ME-SA/PanAsia-2            5.92%    passed     86.39%
  30  OQ211403/ISR/cattle/2007/O/ME-SA/PanAsia-2            5.92%    passed     70.77%
  31  OQ211402/ISR/cattle/2007/O/ME-SA/PanAsia-2            5.92%    passed     93.43%
  32  OQ211401/ISR/cattle/2007/O/ME-SA/PanAsia-2            5.92%    passed     94.23%
  33  OQ211400/ISR/cattle/2007/O/ME-SA/PanAsia-2            5.92%    passed     93.21%
  34  OQ211399/ISR/gazelle/2007/O/ME-SA/PanAsia-2           5.92%    passed     92.19%
  35  OQ211398/ISR/gazelle/2007/O/ME-SA/PanAsia-2           5.92%    passed     82.68%
  36  OQ211397/ISR/sheep/2007/O/ME-SA/PanAsia-2             5.92%    passed     76.52%
  37  OQ211396/ISR/cattle/2007/O/ME-SA/PanAsia-2            5.92%    passed     88.34%
  38  OQ211394/ISR/cattle/2007/O/ME-SA/PanAsia-2            5.92%    passed     88.75%
  39  OQ211393/ISR/goat/2007/O/ME-SA/PanAsia-2              5.92%    passed     87.14%
  40  OQ211392/ISR/cattle/2007/O/ME-SA/PanAsia-2            5.92%    passed     84.34%
  41  OQ211391/ISR/cattle/2007/O/ME-SA/PanAsia-2            5.92%    passed     82.09%
  42  OQ211390/ISR/cattle/2007/O/ME-SA/PanAsia-2            5.92%    passed     82.46%
  43  OQ211389/ISR/goat/2006/O/ME-SA/PanAsia-2              5.92%    passed     90.54%
  44  OQ211388/PSE/sheep/2007/O/ME-SA/PanAsia-2             5.92%    passed     76.29%
  45  OQ211387/ISR/cattle/2007/O/ME-SA/PanAsia-2            5.92%    passed     78.21%
  46  OQ211386/ISR/cattle/2007/O/ME-SA/PanAsia-2            5.92%    passed     84.34%
  47  OQ211385/ISR/cattle/2007/O/ME-SA/PanAsia-2            5.92%    passed     86.65%
  48  OQ211384/ISR/cattle/2007/O/ME-SA/PanAsia-2            5.92%    passed     76.52%
  49  OQ211383/ISR/gazelle/2007/O/ME-SA/PanAsia-2           5.92%    passed     82.68%
  50  OQ211382/ISR/gazelle/2007/O/ME-SA/PanAsia-2           5.92%    passed     82.68%
  51  OQ211381/ISR/gazelle/2007/O/ME-SA/PanAsia-2           5.92%    passed     80.83%
  52  OQ211380/ISR/cattle/2007/O/ME-SA/PanAsia-2            5.92%    passed     89.69%
  53  OQ211378/ISR/cattle/2007/O/ME-SA/PanAsia-2            5.92%    passed     87.75%
  54  OQ211377/ISR/cattle/2007/O/ME-SA/PanAsia-2            5.92%    passed     79.29%
  55  OQ211376/ISR/cattle/2007/O/ME-SA/PanAsia-2            5.92%    passed     84.83%
  56  OQ211375/PSE/sheep/2007/O/ME-SA/PanAsia-2             5.92%    passed     82.31%
  57  OQ211374/ISR/cattle/2007/O/ME-SA/PanAsia-2            5.92%    passed     82.87%
  58  OQ211373/ISR/goat/2007/O/ME-SA/PanAsia-2              5.92%    passed     76.29%
  59  OQ211372/ISR/goat/2007/O/ME-SA/PanAsia-2              5.92%    passed     74.12%
  60  OQ211371/PSE/goat/2007/O/ME-SA/PanAsia-2              5.92%    passed     77.97%
  61  OQ211370/ISR/cattle/2007/O/ME-SA/PanAsia-2            5.92%    passed     81.51%
  62  OQ211369/ISR/cattle/2007/O/ME-SA/PanAsia-2            5.92%    passed     89.75%
  63  OQ211367/PSE/sheep/2007/O/ME-SA/PanAsia-2             5.92%    passed     73.77%
  64  OQ211366/PSE/sheep/2007/O/ME-SA/PanAsia-2             5.92%    passed     75.85%
  65  OQ211365/PSE/sheep/2007/O/ME-SA/PanAsia-2             5.92%    passed     82.87%
  66  OQ211364/PSE/sheep/2007/O/ME-SA/PanAsia-2             5.92%    passed     80.71%
  67  OQ211363/ISR/sheep/2007/O/ME-SA/PanAsia-2             5.92%    passed     84.05%
  68  OQ211362/PSE/sheep/2007/O/ME-SA/PanAsia-2             5.92%    passed     83.87%
  69  OQ211361/ISR/sheep/2007/O/ME-SA/PanAsia-2             5.92%    passed     85.81%
  70  OQ211360/ISR/cattle/2007/O/ME-SA/PanAsia-2            5.92%    passed     78.21%
  71  OQ211359/ISR/cattle/2007/O/ME-SA/PanAsia-2            5.92%    passed     80.11%
  72  OQ211358/ISR/cattle/2007/O/ME-SA/PanAsia-2            5.92%    passed     74.31%
  73  OQ211357/ISR/cattle/2007/O/ME-SA/PanAsia-2            5.92%    passed     71.92%
  74  OQ211356/ISR/cattle/2007/O/ME-SA/PanAsia-2            5.92%    passed     76.52%
  75  OQ211355/ISR/cattle/2007/O/ME-SA/PanAsia-2            5.92%    passed     82.91%
  76  OQ211354/PSE/cattle/2007/O/ME-SA/PanAsia-2            5.92%    passed     84.83%
  77  OQ211353/ISR/sheep/2007/O/ME-SA/PanAsia-2             5.92%    passed     88.34%
  78  OQ211352/ISR/cattle/2007/O/ME-SA/PanAsia-2            5.92%    passed     92.95%
  79  OQ211351/ISR/goat/2007/O/ME-SA/PanAsia-2              5.92%    passed     92.36%
  80  OQ211350/ISR/cattle/2007/O/ME-SA/PanAsia-2            5.92%    passed     92.36%
  81  OQ211349/PSE/sheep/2007/O/ME-SA/PanAsia-2             5.92%    passed     82.31%
  82  OQ457195/NER/cattle/2020/O/EA-3/Unknown               5.92%    passed     89.46%
  83  OQ457194/NER/cattle/2020/O/EA-3/Unknown               5.92%    passed     89.46%
  84  OQ457193/NER/cattle/2020/O/EA-3/Unknown               5.92%    passed     92.06%
  85  OQ457192/NER/cattle/2020/O/EA-3/Unknown               5.92%    passed     90.22%
  86  OQ457191/NER/cattle/2020/O/EA-3/Unknown               5.92%    passed     92.06%
  87  OQ457189/NER/cattle/2020/O/EA-3/Unknown               5.92%    passed     92.06%
  88  OQ457188/NER/cattle/2020/O/EA-3/Unknown               5.92%    passed     92.06%
  89  OQ457186/NER/cattle/2020/O/EA-3/Unknown               5.92%    passed     95.35%
  90  OQ457185/NER/cattle/2020/O/EA-3/Unknown               5.92%    passed     95.35%
  91  OQ457184/NER/cattle/2020/O/EA-3/Unknown               5.92%    passed     95.35%
  92  OP957418/BGD/cattle/2021/O/ME-SA/PanAsia-2            5.92%    passed     97.69%
  93  ON868623/VNM/pig/2017/O/CATHAY/Unknown                5.92%    passed     83.83%
  94  ON868622/VNM/pig/2017/O/CATHAY/Unknown                5.92%    passed     62.92%
  95  ON868620/VNM/pig/2019/O/SEA/Unknown                   5.92%    passed     78.51%
  96  ON868619/VNM/pig/2019/O/SEA/Unknown                   5.92%    passed     69.53%
  97  ON868618/VNM/pig/2019/O/SEA/Unknown                   5.92%    passed     79.66%
  98  ON868617/VNM/pig/2019/O/SEA/Unknown                   5.92%    passed     75.47%
  99  ON868616/VNM/pig/2018/O/SEA/Unknown                   5.92%    passed     78.51%
 100  ON868615/VNM/pig/2018/O/SEA/Unknown                   5.92%    passed     80.35%
 101  ON868614/VNM/pig/2019/O/SEA/Unknown                   5.92%    passed     85.72%
 102  ON868613/VNM/pig/2019/O/SEA/Unknown                   5.92%    passed     89.28%
 103  ON868612/VNM/pig/2019/O/SEA/Unknown                   5.92%    passed     78.51%
 104  ON868611/VNM/pig/2018/O/SEA/Unknown                   5.92%    passed     76.17%
 105  ON868610/VNM/pig/2019/O/SEA/Unknown                   5.92%    passed     78.59%
 106  ON868609/VNM/pig/2019/O/SEA/Unknown                   5.92%    passed     78.59%
 107  ON868608/VNM/pig/2019/O/SEA/Unknown                   5.92%    passed     90.50%
 108  ON868607/VNM/pig/2019/O/SEA/Unknown                   5.92%    passed     82.01%
 109  ON868606/VNM/pig/2019/O/SEA/Unknown                   5.92%    passed     75.98%
 110  ON868605/VNM/pig/2019/O/SEA/Unknown                   5.92%    passed     80.36%
 111  ON868604/VNM/pig/2018/O/SEA/Unknown                   5.92%    passed     72.91%
 112  ON868603/VNM/pig/2018/O/SEA/Unknown                   5.92%    passed     82.01%
 113  ON868602/VNM/pig/2019/O/SEA/Unknown                   5.92%    passed     78.51%
 114  ON868601/VNM/pig/2018/O/SEA/Unknown                   5.92%    passed     72.91%
 115  ON868600/VNM/pig/2018/O/SEA/Unknown                   5.92%    passed     77.12%
 116  ON868599/VNM/pig/2019/O/SEA/Unknown                   5.92%    passed     80.68%
 117  ON868598/VNM/pig/2018/O/SEA/Unknown                   5.92%    passed     80.89%
 118  ON868597/VNM/pig/2019/O/SEA/Unknown                   5.92%    passed     70.99%
 119  ON868596/VNM/pig/2018/O/SEA/Unknown                   5.92%    passed     78.00%
 120  ON868595/VNM/pig/2018/O/SEA/Unknown                   5.92%    passed     88.81%
 121  ON868594/VNM/pig/2019/O/SEA/Unknown                   5.92%    passed     81.89%
 122  ON868593/VNM/pig/2018/O/SEA/Unknown                   5.92%    passed     78.51%
 123  ON868592/VNM/pig/2018/O/SEA/Unknown                   5.92%    passed     81.13%
 124  ON868591/VNM/pig/2019/O/SEA/Unknown                   5.92%    passed     72.78%
 125  ON868590/VNM/pig/2019/O/SEA/Unknown                   5.92%    passed     72.78%
 126  ON868589/VNM/pig/2019/O/SEA/Unknown                   5.92%    passed     76.49%
 127  ON868579/VNM/cow/2017/O/ME-SA/Unknown                 5.92%    passed     83.61%
 128  ON868557/VNM/water-buffalo/2018/O/ME-SA/Unknown       5.92%    passed     95.18%
 129  ON868552/VNM/pig/2019/O/ME-SA/Unknown                 5.92%    passed     99.54%
 130  ON868549/VNM/cow/2018/O/ME-SA/Unknown                 5.92%    passed     99.26%
 131  ON868547/VNM/cow/2018/O/ME-SA/Unknown                 5.92%    passed     97.70%
 132  ON868542/VNM/pig/2018/O/ME-SA/Unknown                 5.92%    passed     98.51%
 133  ON868528/VNM/pig/2018/O/ME-SA/Unknown                 5.92%    passed     99.67%
 134  ON868521/VNM/pig/2018/O/ME-SA/Unknown                 5.92%    passed     98.81%
 135  OP751924/IDN/cattle/2022/O/ME-SA/Unknown              5.92%    passed     93.14%
 136  ON784047/UGA/cow/2015/O/EA-2/Unknown                  4.34%    passed     77.60%
 137  ON784046/UGA/cow/2015/O/EA-2/Unknown                  4.73%    passed     86.07%
 138  ON784045/UGA/cow/2015/O/EA-2/Unknown                  5.00%    passed     83.62%
 139  ON736860/UGA/cow/2015/O/EA-2/Unknown                  5.13%    passed     78.69%
 140  LC729872/THA/pig/2016/O/ME-SA/Unknown                 5.92%    passed     99.95%
 141  LC729871/THA/cow/2016/O/ME-SA/Unknown                 5.92%    passed     99.92%
 142  LC729870/THA/cow/2016/O/ME-SA/Unknown                 5.92%    passed     99.94%
 143  OP585403/IDN/cattle/2022/O/ME-SA/Unknown              5.92%    passed     93.86%
 144  OM160625/DZA/sheep/2015/O/ME-SA/Ind-2001d             5.92%    passed     89.58%
 145  OM160624/DZA/cattle/2014/O/ME-SA/Ind-2001d            5.96%    passed     97.82%
 146  OM160623/DZA/cattle/2014/O/ME-SA/Ind-2001d            5.92%    passed     97.90%
 147  OM160622/DZA/cattle/2014/O/ME-SA/Ind-2001d            5.92%    passed     98.55%
 148  OM160621/DZA/cattle/2014/O/ME-SA/Ind-2001d            5.92%    passed     96.51%
 149  OM160620/TUN/cattle/2014/O/ME-SA/Ind-2001d            5.92%    passed     94.21%
 150  OM160619/TUN/cattle/2014/O/ME-SA/Ind-2001d            5.92%    passed     97.35%
 151  OM160618/TUN/cattle/2014/O/ME-SA/Ind-2001d            5.92%    passed     97.35%
 152  OM160617/TUN/cattle/2014/O/ME-SA/Ind-2001d            5.92%    passed     98.29%
 153  OM160616/TUN/cattle/2014/O/ME-SA/Ind-2001d            5.92%    passed     98.67%
 154  OM160615/TUN/cattle/2014/O/ME-SA/Ind-2001d            5.92%    passed     93.96%
 155  OM160614/TUN/cattle/2014/O/ME-SA/Ind-2001d            5.92%    passed     92.69%
 156  OM160613/TUN/cattle/2014/O/ME-SA/Ind-2001d            5.92%    passed     95.46%
 157  OM160612/TUN/cattle/2014/O/ME-SA/Ind-2001d            5.92%    passed     96.51%
 158  OM160611/TUN/cattle/2014/O/ME-SA/Ind-2001d            5.92%    passed     96.51%
 159  OM160610/TUN/cattle/2014/O/ME-SA/Ind-2001d            5.92%    passed     97.35%
 160  OM456150/PAK/buffalo/2010/O/ME-SA/PanAsia-2           5.92%    passed     98.47%
 161  OM456149/PAK/cattle/2012/O/ME-SA/PanAsia-2            5.92%    passed     99.05%
 162  OM456148/PAK/buffalo/2012/O/ME-SA/PanAsia-2           5.92%    passed     97.52%
 163  OM456147/PAK/cattle/2011/O/ME-SA/PanAsia-2            5.92%    passed     94.65%
 164  OM456146/PAK/cattle/2010/O/ME-SA/PanAsia-2            5.92%    passed     94.81%
 165  OM456145/PAK/buffalo/2010/O/ME-SA/PanAsia-2           5.92%    passed     94.81%
 166  OM456144/PAK/cattle/2010/O/ME-SA/PanAsia-2            5.92%    passed     98.00%
 167  OM456143/PAK/buffalo/2012/O/ME-SA/PanAsia-2           5.92%    passed     99.29%
 168  OM456142/PAK/buffalo/2011/O/ME-SA/PanAsia-2           5.92%    passed     98.27%
 169  OM456141/PAK/buffalo/2011/O/ME-SA/PanAsia-2           5.92%    passed     97.44%
 170  OM456140/PAK/buffalo/2011/O/ME-SA/PanAsia-2           5.92%    passed     98.65%
 171  OM456139/PAK/buffalo/2011/O/ME-SA/PanAsia-2           5.92%    passed     95.88%
 172  OM456138/PAK/buffalo/2009/O/ME-SA/PanAsia-2           5.92%    passed     99.03%
 173  OM456137/PAK/cattle/2012/O/ME-SA/PanAsia-2            5.92%    passed     98.18%
 174  OM456136/PAK/buffalo/2012/O/ME-SA/PanAsia-2           5.92%    passed     95.35%
 175  OM456135/PAK/cattle/2012/O/ME-SA/PanAsia-2            5.92%    passed     93.92%
 176  OM456134/PAK/cattle/2012/O/ME-SA/PanAsia-2            5.92%    passed     95.59%
 177  OM456133/PAK/cattle/2012/O/ME-SA/PanAsia-2            5.92%    passed     99.05%
 178  OM022649/NER/cattle/2017/O/EA-3/Unknown               5.92%    passed     85.29%
 179  OM022648/NER/cattle/2017/O/EA-3/Unknown               5.92%    passed     85.29%
 180  OM022646/NER/cattle/2017/O/EA-3/Unknown               5.92%    passed     75.78%
 181  OM022644/NER/cattle/2017/O/EA-3/Unknown               5.92%    passed     73.77%
 182  OM022643/NER/cattle/2017/O/EA-3/Unknown               5.92%    passed     69.99%
 183  OM022642/NER/cattle/2018/O/EA-3/Unknown               5.92%    passed     88.66%
 184  OK019689/IRN/cow/2016/O/ME-SA/PanAsia-2               5.92%    passed     91.88%
 185  KY444649/THA/pig/2016/O/SEA/Unknown                   5.92%    passed     89.09%
 186  KY444648/THA/pig/2016/O/SEA/Unknown                   5.92%    passed     85.94%
 187  KY444647/THA/pig/2016/O/SEA/Unknown                   5.92%    passed     87.13%
 188  KY444646/THA/pig/2016/O/SEA/Unknown                   5.92%    passed     90.44%
 189  KY444645/THA/pig/2016/O/SEA/Unknown                   5.92%    passed     87.13%
 190  KY444644/THA/pig/2013/O/SEA/Mya-98                    5.92%    passed     95.67%
 191  MT944983/IRN/goat/2016/O/ME-SA/PanAsia-2              5.92%    passed     87.10%
 192  MT944982/IRN/goat/2016/O/ME-SA/PanAsia-2              5.92%    passed     87.10%
 193  MT944981/IRN/dog/2016/O/ME-SA/PanAsia-2               5.92%    passed     82.92%
 194  MT602084/KEN/cattle/2018/O/EA-2/Unknown               5.92%    passed     97.39%
 195  MT602081/ETH/cattle/2015/O/EA-3/Unknown               5.92%    passed     89.97%
 196  KY322673/MYS/cattle/2014/O/SEA/Mya-98                 5.92%    passed     76.69%
 197  KY322672/MYS/cattle/2014/O/SEA/Unknown                5.92%    passed     85.56%
 198  KY322671/MYS/cattle/2014/O/SEA/Mya-98                 5.92%    passed     95.82%
 199  KY322670/LAO/cattle/2013/O/SEA/Mya-98                 5.92%    passed     88.70%
 200  MN983158/IND/cattle/2009/O/ME-SA/Unknown              5.92%    passed     99.53%
 201  MN983157/IND/cattle/2009/O/ME-SA/Ind-2001c            6.05%    passed     90.23%
 202  MN983156/IND/cattle/2008/O/ME-SA/Unknown              5.92%    passed     97.00%
 203  MN983155/IND/cattle/2008/O/ME-SA/Ind-2001b            5.92%    passed     94.46%
 204  MN983154/IND/cattle/2005/O/ME-SA/Ind-2001b            5.92%    passed     98.54%
 205  MN983153/IND/cattle/2001/O/ME-SA/Ind-2001b            5.92%    passed     98.15%
 206  MN983152/IND/cattle/1997/O/ME-SA/Ind-2001a            5.92%    passed     98.90%
 207  MN953620/PAK/cattle/2019/O/ME-SA/Unknown              5.92%    passed     99.97%
 208  MN953619/PAK/cattle/2019/O/ME-SA/Unknown              5.92%    passed     99.87%
 209  MN389541/CHN/pig/2010/O/SEA/Unknown                   5.92%    passed     94.15%
 210  MN062585/TUR/cattle/2010/O/ME-SA/PanAsia-2            5.92%    passed     99.00%
 211  MN062583/PAK/cattle/2009/O/ME-SA/PanAsia-2            5.92%    passed     84.86%
 212  MN062582/PAK/buffalo/2009/O/ME-SA/PanAsia-2           5.92%    passed     89.81%
 213  MN062580/IRN/cattle/2010/O/ME-SA/PanAsia-2            5.92%    passed     98.66%
 214  MN062579/IRN/cattle/2010/O/ME-SA/PanAsia-2            5.92%    passed     99.36%
 215  MN250318/VNM/pig/2019/O/CATHAY/Unknown/O              5.92%    passed     57.79%
 216  MN250317/VNM/pig/2018/O/CATHAY/Unknown/O              5.92%    passed     80.19%
 217  MN250316/VNM/pig/2018/O/CATHAY/Unknown/O              5.92%    passed     62.04%
 218  MN250315/VNM/pig/2018/O/CATHAY/Unknown/O              5.92%    passed     88.06%
 219  MN250314/VNM/pig/2017/O/CATHAY/Unknown/O              5.92%    passed     83.83%
 220  MN116694/KEN/cow/2016/O/EA-2/Unknown                  5.92%    passed     65.00%
 221  MN116693/KEN/cow/2014/O/EA-2/Unknown                  5.92%    passed     87.15%
 222  MN095371/IND/cattle/2014/O/ME-SA/Ind-2001d            5.92%    passed     99.74%
 223  MN095370/IND/cattle/2014/O/ME-SA/Ind-2001d            5.92%    passed     99.74%
 224  MN095369/IND/cattle/2014/O/ME-SA/Ind-2001d            5.92%    passed     99.74%
 225  MN095368/IND/cattle/2014/O/ME-SA/Ind-2001d            5.92%    passed     99.74%
 226  MN095367/IND/cattle/2014/O/ME-SA/Ind-2001d            5.92%    passed     99.74%
 227  MN095366/IND/cattle/2014/O/ME-SA/Ind-2001d            5.92%    passed     99.74%
 228  MN095365/IND/cattle/2014/O/ME-SA/Ind-2001d            5.92%    passed     99.64%
 229  MN095364/IND/cattle/2014/O/ME-SA/Ind-2001d            5.92%    passed     99.76%
 230  MN095363/IND/cattle/2013/O/ME-SA/Ind-2001d            5.92%    passed     97.58%
 231  MN095362/IND/cattle/2013/O/ME-SA/Ind-2001d            5.92%    passed     97.12%
 232  MN095361/IND/cattle/2013/O/ME-SA/Ind-2001d            5.92%    passed     97.58%
 233  MN095360/IND/cattle/2013/O/ME-SA/Ind-2001d            5.92%    passed     97.40%
 234  MN095359/IND/cattle/2013/O/ME-SA/Ind-2001d            5.92%    passed     97.58%
 235  MN095358/IND/cattle/2013/O/ME-SA/Ind-2001d            5.92%    passed     97.58%
 236  MN095357/IND/cattle/2013/O/ME-SA/Ind-2001d            5.92%    passed     97.09%
 237  MN095356/IND/cattle/2013/O/ME-SA/Ind-2001d            5.92%    passed     97.96%
 238  MN095355/IND/cattle/2013/O/ME-SA/Ind-2001d            5.92%    passed     84.60%
 239  MN095354/IND/cattle/2013/O/ME-SA/Ind-2001d            5.92%    passed     96.07%
 240  NC_039210/GBR/Unknown/1965/O/EURO-SA/Unknown          5.92%    passed     98.13%
 241  LC456873/GHA/cow/2018/O/EA-3/Unknown                  5.92%    passed     91.03%
 242  LC456871/GHA/cow/2018/O/EA-3/Unknown                  5.92%    passed     91.03%
 243  LC456870/GHA/cow/2018/O/EA-3/Unknown                  5.92%    passed     91.03%
 244  MK071699/BGD/cattle/2013/O/ME-SA/Unknown              5.92%    passed     99.80%
 245  LC438823/MMR/cow/2016/O/ME-SA/Unknown                 5.92%    passed     99.85%
 246  LC438822/MMR/cow/2016/O/ME-SA/Unknown                 5.92%    passed     99.99%
 247  MH845413/VNM/pig/2014/O/SEA/Unknown                   5.92%    passed     81.89%
 248  MF947143/VNM/cattle/2013/O/ME-SA/Unknown              5.92%    passed     99.48%
 249  MF947137/VNM/buffalo/2012/O/ME-SA/Unknown             5.92%    passed     98.20%
 250  MF947132/VNM/buffalo/2015/O/ME-SA/Unknown             5.92%    passed     95.08%
 251  MF947131/VNM/pig/2013/O/ME-SA/Unknown                 5.92%    passed     98.10%
 252  MF947129/VNM/pig/2014/O/ME-SA/Unknown                 5.92%    passed     98.15%
 253  MF947128/VNM/cattle/2010/O/ME-SA/Unknown              5.92%    passed     97.84%
 254  MF947127/VNM/buffalo/2012/O/ME-SA/Unknown             5.92%    passed     96.80%
 255  MF947126/VNM/pig/2011/O/ME-SA/Unknown                 5.92%    passed     99.95%
 256  MF947124/VNM/cattle/2012/O/ME-SA/Unknown              5.92%    passed     99.86%
 257  MF947123/VNM/buffalo/2011/O/ME-SA/Unknown             5.92%    passed     99.54%
 258  MH891503/VNM/cow/2017/O/ME-SA/Unknown                 5.92%    passed     99.00%
 259  MH784405/PAK/cattle/2017/O/ME-SA/PanAsia-2            5.92%    passed     94.90%
 260  MH784404/PAK/water-buffalo/2017/O/ME-SA/PanAsia-2     5.92%    passed     94.91%
 261  MH784403/PAK/cattle/2016/O/ME-SA/PanAsia-2            5.92%    passed     98.61%
 262  MG983741/VNM/cattle/2016/O/ME-SA/Unknown              5.92%    passed     99.99%
 263  MG983740/VNM/cattle/2015/O/ME-SA/Ind-2001d            5.92%    passed     97.48%
 264  MG983739/ARE/cattle/2016/O/ME-SA/Unknown              5.92%    passed     99.88%
 265  MG983738/ARE/cattle/2016/O/ME-SA/Unknown              5.92%    passed     99.92%
 266  MG983737/ARE/gazelle/2014/O/ME-SA/Ind-2001d           5.92%    passed     92.78%
 267  MG983736/ARE/gazelle/2014/O/ME-SA/Ind-2001d           5.92%    passed     92.78%
 268  MG983735/TUN/Unknown/2014/O/ME-SA/Ind-2001d           5.92%    passed     96.51%
 269  MG983734/LKA/water-buffalo/2014/O/ME-SA/Ind-2001d     5.92%    passed     95.31%
 270  MG983733/LKA/cattle/2014/O/ME-SA/Ind-2001d            5.92%    passed     96.53%
 271  MG983732/LKA/cattle/2014/O/ME-SA/Ind-2001d            5.92%    passed     95.24%
 272  MG983731/LKA/cattle/2013/O/ME-SA/Ind-2001d            5.92%    passed     90.67%
 273  MG983730/KOR/cattle/2017/O/ME-SA/Unknown              5.92%    passed     99.84%
 274  MG983729/SAU/cattle/2016/O/ME-SA/Unknown              5.92%    passed     99.56%
 275  MG983728/SAU/cattle/2016/O/ME-SA/Unknown              5.92%    passed     99.94%
 276  MG983727/SAU/cattle/2015/O/ME-SA/Unknown              5.92%    passed     99.98%
 277  MG983726/SAU/cattle/2014/O/ME-SA/Ind-2001d            5.92%    passed     99.77%
 278  MG983725/SAU/cattle/2014/O/ME-SA/Ind-2001d            5.92%    passed     98.63%
 279  MG983724/SAU/cattle/2013/O/ME-SA/Ind-2001d            5.92%    passed     97.52%
 280  MG983723/SAU/cattle/2013/O/ME-SA/Ind-2001d            5.92%    passed     96.53%
 281  MG983722/SAU/cattle/2013/O/ME-SA/Ind-2001d            5.92%    passed     95.52%
 282  MG983721/SAU/cattle/2013/O/ME-SA/Ind-2001d            5.92%    passed     94.84%
 283  MG983720/RUS/cattle/2016/O/ME-SA/Unknown              5.92%    passed    100.00%
 284  MG983719/NPL/cattle/2015/O/ME-SA/Unknown              5.92%    passed     99.70%
 285  MG983718/NPL/cattle/2015/O/ME-SA/Unknown              5.92%    passed     99.97%
 286  MG983717/NPL/cattle/2015/O/ME-SA/Ind-2001d            5.92%    passed     99.95%
 287  MG983716/NPL/cattle/2014/O/ME-SA/Ind-2001d            5.92%    passed     99.95%
 288  MG983715/NPL/cattle/2014/O/ME-SA/Ind-2001d            5.92%    passed     98.21%
 289  MG983714/NPL/pig/2013/O/ME-SA/Ind-2001d               5.92%    passed     98.74%
 290  MG983713/NPL/cattle/2013/O/ME-SA/Ind-2001d            5.92%    passed     87.71%
 291  MG983712/NPL/cattle/2013/O/ME-SA/Ind-2001d            5.92%    passed     90.61%
 292  MG983711/NPL/cattle/2013/O/ME-SA/Ind-2001d            5.92%    passed     97.09%
 293  MG983710/NPL/water-buffalo/2012/O/ME-SA/Unknown       5.92%    passed     96.76%
 294  MG983709/NPL/cattle/2012/O/ME-SA/Ind-2001d            5.92%    passed     88.87%
 295  MG983708/NPL/cattle/2012/O/ME-SA/Ind-2001d            5.92%    passed     88.87%
 296  MG983707/NPL/water-buffalo/2012/O/ME-SA/Unknown       5.92%    passed     99.12%
 297  MG983706/NPL/cattle/2010/O/ME-SA/Ind-2001d            5.92%    passed     98.69%
 298  MG983705/NPL/cattle/2010/O/ME-SA/Ind-2001d            5.92%    passed     96.62%
 299  MG983704/NPL/cattle/2008/O/ME-SA/Unknown              5.92%    passed     92.63%
 300  MG983703/MMR/cattle/2016/O/ME-SA/Unknown              5.92%    passed     98.37%
 301  MG983702/MUS/cattle/2016/O/ME-SA/Unknown              5.92%    passed     98.13%
 302  MG983701/MUS/cattle/2016/O/ME-SA/Unknown              5.92%    passed     97.28%
 303  MG983700/MUS/cattle/2016/O/ME-SA/Unknown              5.92%    passed     95.78%
 304  MG983699/MUS/cattle/2016/O/ME-SA/Unknown              5.92%    passed     97.72%
 305  MG983698/MUS/cattle/2016/O/ME-SA/Unknown              5.92%    passed     97.54%
 306  MG983697/LBY/cattle/2013/O/ME-SA/Ind-2001d            5.92%    passed     96.38%
 307  MG983696/LBY/cattle/2013/O/ME-SA/Ind-2001d            5.92%    passed     98.07%
 308  MG983695/LBY/cattle/2013/O/ME-SA/Ind-2001d            5.92%    passed     97.24%
 309  MG983694/LBY/cattle/2013/O/ME-SA/Ind-2001d            5.92%    passed     97.30%
 310  MG983693/LAO/Unknown/2015/O/ME-SA/Ind-2001d           5.92%    passed     96.98%
 311  MG983692/IRN/cattle/2009/O/ME-SA/Ind-2001d            5.92%    passed     97.49%
 312  MG983691/BTN/cattle/2016/O/ME-SA/Unknown              5.92%    passed     99.77%
 313  MG983690/BTN/cattle/2016/O/ME-SA/Ind-2001d            5.92%    passed     92.16%
 314  MG983689/BTN/cattle/2012/O/ME-SA/Unknown              5.92%    passed     95.21%
 315  MG983688/BTN/cattle/2009/O/ME-SA/Ind-2001d            5.92%    passed     97.49%
 316  MG983687/BTN/cattle/2009/O/ME-SA/Ind-2001d            5.92%    passed     97.53%
 317  MG983686/BHR/cattle/2015/O/ME-SA/Ind-2001d            5.92%    passed     97.17%
 318  MG983685/BHR/cattle/2015/O/ME-SA/Ind-2001d            5.92%    passed     99.93%
 319  MG983684/BGD/cattle/2009/O/ME-SA/Ind-2001d            5.92%    passed     94.95%
 320  MG983683/DZA/Unknown/2014/O/ME-SA/Ind-2001d           5.92%    passed     95.88%
 321  MF461724/CHN/cattle/2017/O/ME-SA/Unknown              5.92%    passed     99.99%
 322  KY234502/CHN/pig/2015/O/ME-SA/Unknown                 5.92%    passed     96.38%
 323  KY234501/CHN/cow/2011/O/ME-SA/Unknown                 5.92%    passed     99.94%
 324  MH053318/UGA/Unknown/2002/O/EA-2/Unknown              5.92%    passed     91.77%
 325  MH053317/UGA/Unknown/1998/O/EA-4/Unknown              5.78%    passed     99.66%
 326  MH053316/UGA/cattle/1996/O/EA-1/Unknown               5.92%    passed     83.05%
 327  MH053315/SDN/Unknown/1976/O/WA/Unknown                5.92%    passed     71.04%
 328  MH053314/ETH/cattle/2007/O/EA-3/Unknown               5.92%    passed     94.38%
 329  MH053313/ETH/cattle/2006/O/EA-3/Unknown               5.92%    passed     63.30%
 330  MH053312/ETH/cattle/2005/O/EA-4/Unknown               5.78%    passed     92.29%
 331  MH053311/ETH/cattle/2004/O/EA-3/Unknown               5.92%    passed     95.52%
 332  LC320038/MNG/cow/2015/O/ME-SA/Unknown                 5.92%    passed     99.72%
 333  KX534089/KOR/pig/2016/O/SEA/Unknown                   5.92%    passed     91.63%
 334  LC149720/JPN/pig/2010/O/SEA/Unknown                   5.92%    passed     91.80%
 335  LC149719/JPN/cow/2010/O/SEA/Unknown                   5.92%    passed     93.14%
 336  LC149718/JPN/cow/2010/O/SEA/Unknown                   5.92%    passed     96.09%
 337  LC149717/JPN/cow/2010/O/SEA/Unknown                   5.92%    passed     96.00%
 338  LC149716/JPN/cow/2010/O/SEA/Unknown                   5.92%    passed     94.81%
 339  LC149713/JPN/cow/2010/O/SEA/Unknown                   5.92%    passed     96.03%
 340  LC149712/JPN/cow/2010/O/SEA/Unknown                   5.92%    passed     93.40%
 341  LC149711/JPN/cow/2010/O/SEA/Unknown                   5.92%    passed     94.15%
 342  LC149710/JPN/cow/2010/O/SEA/Unknown                   5.92%    passed     93.57%
 343  LC149709/JPN/cow/2010/O/SEA/Unknown                   5.92%    passed     95.37%
 344  LC149708/JPN/cow/2010/O/SEA/Unknown                   5.92%    passed     94.56%
 345  LC149707/JPN/cow/2010/O/SEA/Unknown                   5.92%    passed     94.15%
 346  LC149706/JPN/cow/2010/O/SEA/Unknown                   5.92%    passed     93.40%
 347  LC149705/JPN/cow/2010/O/SEA/Unknown                   5.92%    passed     94.56%
 348  LC149704/JPN/cow/2010/O/SEA/Unknown                   5.92%    passed     93.40%
 349  LC149702/JPN/pig/2010/O/SEA/Unknown                   5.92%    passed     94.81%
 350  LC149700/JPN/cow/2010/O/SEA/Unknown                   5.92%    passed     94.56%
 351  LC149699/JPN/cow/2010/O/SEA/Unknown                   5.92%    passed     91.48%
 352  LC149698/JPN/cow/2010/O/SEA/Unknown                   5.92%    passed     94.15%
 353  LC149697/JPN/pig/2010/O/SEA/Unknown                   5.92%    passed     95.37%
 354  LC149696/JPN/cow/2010/O/SEA/Unknown                   5.92%    passed     93.14%
 355  LC149695/JPN/cow/2010/O/SEA/Unknown                   5.92%    passed     94.56%
 356  LC149694/JPN/cow/2010/O/SEA/Unknown                   5.92%    passed     94.56%
 357  LC149693/JPN/cow/2010/O/SEA/Unknown                   5.92%    passed     94.56%
 358  LC149692/JPN/pig/2010/O/SEA/Unknown                   5.92%    passed     94.92%
 359  LC149690/JPN/pig/2010/O/SEA/Unknown                   5.92%    passed     93.14%
 360  LC149689/JPN/cow/2010/O/SEA/Unknown                   5.92%    passed     97.36%
 361  LC149688/JPN/pig/2010/O/SEA/Unknown                   5.92%    passed     93.14%
 362  LC149687/JPN/cow/2010/O/SEA/Unknown                   5.92%    passed     94.15%
 363  LC149686/JPN/cow/2010/O/SEA/Unknown                   5.92%    passed     96.00%
 364  LC149685/JPN/cow/2010/O/SEA/Unknown                   5.92%    passed     93.57%
 365  LC149684/JPN/pig/2010/O/SEA/Unknown                   5.92%    passed     94.56%
 366  LC149683/JPN/cow/2010/O/SEA/Unknown                   5.92%    passed     93.17%
 367  LC149682/JPN/cow/2010/O/SEA/Unknown                   5.92%    passed     92.71%
 368  LC149681/JPN/cow/2010/O/SEA/Unknown                   5.92%    passed     94.15%
 369  LC149680/JPN/cow/2010/O/SEA/Unknown                   5.92%    passed     94.56%
 370  LC149679/JPN/pig/2010/O/SEA/Unknown                   5.92%    passed     94.15%
 371  LC149677/JPN/cow/2010/O/SEA/Unknown                   5.92%    passed     94.15%
 372  LC149676/JPN/pig/2010/O/SEA/Unknown                   5.96%    passed     95.65%
 373  LC149675/JPN/cow/2010/O/SEA/Unknown                   5.92%    passed     94.56%
 374  LC149674/JPN/cow/2010/O/SEA/Unknown                   5.92%    passed     94.15%
 375  LC149673/JPN/cow/2010/O/SEA/Unknown                   5.92%    passed     94.56%
 376  LC149672/JPN/cow/2010/O/SEA/Unknown                   5.92%    passed     93.14%
 377  LC149671/JPN/cow/2010/O/SEA/Unknown                   5.92%    passed     94.56%
 378  LC149670/JPN/cow/2010/O/SEA/Unknown                   5.92%    passed     94.15%
 379  LC149669/JPN/cow/2010/O/SEA/Unknown                   5.92%    passed     94.15%
 380  LC149668/JPN/cow/2010/O/SEA/Unknown                   5.92%    passed     93.14%
 381  LC149667/JPN/cow/2010/O/SEA/Unknown                   5.92%    passed     94.15%
 382  LC149666/JPN/cow/2010/O/SEA/Unknown                   5.92%    passed     94.15%
 383  LC149665/JPN/cow/2010/O/SEA/Unknown                   5.92%    passed     94.15%
 384  LC149664/JPN/cow/2010/O/SEA/Unknown                   5.92%    passed     94.56%
 385  LC149663/JPN/cow/2010/O/SEA/Unknown                   5.92%    passed     95.41%
 386  LC149661/JPN/cow/2010/O/SEA/Unknown                   5.92%    passed     94.81%
 387  LC149660/JPN/cow/2010/O/SEA/Unknown                   5.92%    passed     94.15%
 388  LC149659/JPN/cow/2010/O/SEA/Unknown                   5.92%    passed     94.56%
 389  LC149658/JPN/pig/2010/O/SEA/Unknown                   5.92%    passed     93.14%
 390  LC149657/JPN/pig/2010/O/SEA/Unknown                   5.92%    passed     95.37%
 391  LC149656/JPN/cow/2010/O/SEA/Unknown                   5.92%    passed     94.56%
 392  LC149655/JPN/cow/2010/O/SEA/Unknown                   5.92%    passed     94.81%
 393  LC149654/JPN/cow/2010/O/SEA/Unknown                   5.92%    passed     93.14%
 394  LC149653/JPN/pig/2010/O/SEA/Unknown                   5.92%    passed     94.81%
 395  LC149652/JPN/pig/2010/O/SEA/Unknown                   5.92%    passed     94.56%
 396  LC149651/JPN/cow/2010/O/SEA/Unknown                   5.92%    passed     92.71%
 397  LC149650/JPN/cow/2010/O/SEA/Unknown                   5.92%    passed     94.56%
 398  LC149649/JPN/pig/2010/O/SEA/Unknown                   5.92%    passed     95.74%
 399  LC149648/JPN/cow/2010/O/SEA/Unknown                   5.92%    passed     94.81%
 400  LC149647/JPN/cow/2010/O/SEA/Unknown                   5.92%    passed     94.15%
 401  LC149646/JPN/pig/2010/O/SEA/Unknown                   5.92%    passed     94.15%
 402  LC149645/JPN/cow/2010/O/SEA/Unknown                   5.92%    passed     94.56%
 403  LC149644/JPN/cow/2010/O/SEA/Unknown                   5.92%    passed     94.15%
 404  LC149643/JPN/pig/2010/O/SEA/Unknown                   5.92%    passed     95.76%
 405  LC149642/JPN/cow/2010/O/SEA/Unknown                   5.92%    passed     94.52%
 406  LC149641/JPN/pig/2010/O/SEA/Unknown                   5.92%    passed     94.15%
 407  LC149640/JPN/cow/2010/O/SEA/Unknown                   5.92%    passed     94.81%
 408  LC149639/JPN/pig/2010/O/SEA/Unknown                   5.92%    passed     94.15%
 409  LC149638/JPN/cow/2010/O/SEA/Unknown                   5.92%    passed     93.40%
 410  LC149637/JPN/pig/2010/O/SEA/Unknown                   5.92%    passed     93.14%
 411  LC149636/JPN/cow/2010/O/SEA/Unknown                   5.92%    passed     93.14%
 412  LC149634/JPN/pig/2010/O/SEA/Unknown                   5.92%    passed     96.09%
 413  LC149633/JPN/pig/2010/O/SEA/Unknown                   5.92%    passed     94.56%
 414  LC149632/JPN/pig/2010/O/SEA/Unknown                   5.92%    passed     93.14%
 415  LC149631/JPN/cow/2010/O/SEA/Unknown                   5.92%    passed     95.74%
 416  LC149629/JPN/cow/2010/O/SEA/Unknown                   5.92%    passed     97.54%
 417  LC149628/JPN/pig/2010/O/SEA/Unknown                   5.92%    passed     94.56%
 418  LC149627/JPN/pig/2010/O/SEA/Unknown                   5.92%    passed     94.56%
 419  LC149626/JPN/cow/2010/O/SEA/Unknown                   5.92%    passed     94.56%
 420  LC149625/JPN/cow/2010/O/SEA/Unknown                   5.92%    passed     94.56%
 421  LC149624/JPN/pig/2010/O/SEA/Unknown                   5.92%    passed     94.11%
 422  LC149623/JPN/cow/2010/O/SEA/Unknown                   5.92%    passed     95.76%
 423  LC149622/JPN/cow/2010/O/SEA/Unknown                   5.92%    passed     93.50%
 424  LC149621/JPN/wild-water-buffalo/2010/O/SEA/Unknown    5.92%    passed     95.76%
 425  LC149620/JPN/cow/2010/O/SEA/Unknown                   5.92%    passed     95.74%
 426  LC149619/JPN/cow/2010/O/SEA/Unknown                   5.92%    passed     94.15%
 427  LC149618/JPN/cow/2010/O/SEA/Unknown                   5.92%    passed     94.11%
 428  LC149617/JPN/cow/2010/O/SEA/Unknown                   5.92%    passed     96.49%
 429  KY446903/PAK/water-buffalo/2005/O/ME-SA/Unknown       5.92%    passed     93.55%
 430  KY657269/VNM/pig/2015/O/ME-SA/Ind-2001d               5.92%    passed     93.37%
 431  KY086466/KOR/pig/2016/O/SEA/Unknown                   5.92%    passed     89.24%
 432  KY086465/KOR/pig/2016/O/SEA/Unknown                   5.92%    passed     90.25%
 433  KX712091/BGD/pig/2015/O/ME-SA/Unknown                 5.92%    passed     99.76%
 434  KX162590/KOR/pig/2014/O/SEA/Unknown                   5.92%    passed     83.80%
 435  KU726614/GRC/sheep/1994/O/ME-SA/Unknown               5.92%    passed     89.68%
 436  KU821591/ZMB/cow/2010/O/EA-2/Unknown                  5.92%    passed     96.70%
 437  KU291242/MAR/cow/2015/O/ME-SA/Ind-2001d               5.92%    passed     90.89%
 438  KP940473/EGY/cattle/2014/O/ME-SA/Unknown              5.92%    passed     94.58%
 439  KJ825809/IND/buffalo/2013/O/ME-SA/Ind-2001d           5.92%    passed     98.25%
 440  KJ825808/IND/cattle/2013/O/ME-SA/Ind-2001d            5.92%    passed     97.58%
 441  KJ825807/IND/cattle/2014/O/ME-SA/Ind-2001d            5.92%    passed     97.54%
 442  KJ825806/IND/cattle/2013/O/ME-SA/Ind-2001d            5.92%    passed     98.04%
 443  KJ825805/IND/cattle/2013/O/ME-SA/Ind-2001d            5.92%    passed     97.04%
 444  KJ825804/IND/cattle/2013/O/ME-SA/Ind-2001d            5.92%    passed     98.25%
 445  KJ825803/IND/cattle/2013/O/ME-SA/Ind-2001d            5.92%    passed     97.40%
 446  KJ825802/IND/cattle/2013/O/ME-SA/Ind-2001d            5.92%    passed     99.73%
 447  KJ825801/IND/cattle/2013/O/ME-SA/Ind-2001d            5.92%    passed     97.63%
 448  KJ206910/SAU/cattle/2013/O/ME-SA/Ind-2001d            5.92%    passed     94.22%
 449  KJ206909/LBY/cattle/2013/O/ME-SA/Ind-2001d            5.92%    passed     96.38%
 450  KJ206908/BTN/cattle/2013/O/ME-SA/Ind-2001d            5.92%    passed     81.22%
 451  HQ268524/BTN/Unknown/2004/O/ME-SA/PanAsia-2           5.92%    passed     95.50%
 452  KM268895/TUR/cattle/2013/O/ME-SA/PanAsia-2            5.92%    passed     87.72%
 453  KM257065/GBR/cattle/2001/O/ME-SA/PanAsia              5.92%    passed     95.89%
 454  KM257064/GBR/cattle/2001/O/ME-SA/PanAsia              5.92%    passed     94.23%
 455  KM257063/GBR/cattle/2001/O/ME-SA/PanAsia              5.92%    passed     87.93%
 456  KM257062/GBR/cattle/2001/O/ME-SA/PanAsia              5.92%    passed     88.84%
 457  KM257061/GBR/cattle/2001/O/ME-SA/PanAsia              5.92%    passed     89.99%
 458  JX869188/GBR/sheep/1968/O/EURO-SA/Unknown             5.92%    passed     93.92%
 459  JX869187/GBR/cattle/1968/O/EURO-SA/Unknown            5.92%    passed     93.92%
 460  JX869186/GBR/cattle/1968/O/EURO-SA/Unknown            5.92%    passed     96.24%
 461  JX869185/GBR/cattle/1968/O/EURO-SA/Unknown            5.92%    passed     92.63%
 462  JX869184/GBR/cattle/1968/O/EURO-SA/Unknown            5.92%    passed     94.51%
 463  JX869183/GBR/cattle/1968/O/EURO-SA/Unknown            5.92%    passed     92.96%
 464  JX869182/GBR/cattle/1968/O/EURO-SA/Unknown            5.92%    passed     95.27%
 465  JX869181/GBR/cattle/1967/O/EURO-SA/Unknown            5.92%    passed     96.24%
 466  JX869180/GBR/cattle/1967/O/EURO-SA/Unknown            5.92%    passed     95.83%
 467  JX869179/GBR/cattle/1967/O/EURO-SA/Unknown            5.92%    passed     93.92%
 468  JX869178/GBR/cattle/1967/O/EURO-SA/Unknown            5.92%    passed     88.79%
 469  JX869177/GBR/cattle/1967/O/EURO-SA/Unknown            5.92%    passed     97.05%
 470  KF985189/BGD/cattle/2013/O/ME-SA/Unknown              5.92%    passed     90.08%
 471  KF694746/KOR/pig/2002/O/ME-SA/PanAsia                 5.92%    passed     99.37%
 472  KF694745/KOR/pig/2002/O/ME-SA/PanAsia                 5.92%    passed     99.37%
 473  KF694744/KOR/cow/2002/O/ME-SA/PanAsia                 5.92%    passed     99.42%
 474  KF694743/KOR/pig/2002/O/ME-SA/PanAsia                 5.92%    passed     99.37%
 475  KF694742/KOR/pig/2002/O/ME-SA/PanAsia                 5.92%    passed     99.37%
 476  KF694741/KOR/pig/2002/O/ME-SA/PanAsia                 5.92%    passed     99.01%
 477  KF694740/KOR/pig/2002/O/ME-SA/PanAsia                 5.92%    passed     99.37%
 478  KF694739/KOR/pig/2002/O/ME-SA/PanAsia                 5.92%    passed     99.48%
 479  KF694738/KOR/pig/2002/O/ME-SA/PanAsia                 5.92%    passed     99.13%
 480  KF694737/KOR/pig/2002/O/ME-SA/PanAsia                 5.92%    passed     99.37%
 481  KF694736/KOR/pig/2002/O/ME-SA/PanAsia                 5.92%    passed     99.37%
 482  KF694735/KOR/pig/2002/O/ME-SA/PanAsia                 5.92%    passed     99.37%
 483  KF694734/KOR/pig/2002/O/ME-SA/PanAsia                 5.92%    passed     99.37%
 484  KF694733/KOR/pig/2002/O/ME-SA/PanAsia                 5.92%    passed     99.37%
 485  KF694732/KOR/pig/2002/O/ME-SA/PanAsia                 5.92%    passed     99.13%
 486  KF694731/KOR/pig/2002/O/ME-SA/PanAsia                 5.92%    passed     99.37%
 487  KF112889/HKG/pig/2010/O/SEA/Unknown                   5.92%    passed     94.83%
 488  KF112888/KOR/cattle/2011/O/SEA/Unknown                5.92%    passed     96.03%
 489  KF112887/KOR/pig/2010/O/SEA/Unknown                   5.92%    passed     93.67%
 490  KF112886/KOR/cattle/2010/O/SEA/Unknown                5.92%    passed     90.23%
 491  KF112885/JPN/cattle/2010/O/SEA/Unknown                5.92%    passed     94.15%
 492  KF112884/RUS/cattle/2010/O/SEA/Mya-98                 5.92%    passed     93.09%
 493  KF112883/RUS/pig/2010/O/SEA/Unknown                   5.92%    passed     90.41%
 494  KF112882/MNG/cattle/2010/O/SEA/Mya-98                 5.92%    passed     95.57%
 495  KF112881/MNG/cattle/2010/O/SEA/Mya-98                 5.92%    passed     89.71%
 496  KF112880/MMR/cattle/2009/O/SEA/Unknown                5.92%    passed     96.03%
 497  KF112879/THA/pig/2009/O/SEA/Unknown                   5.92%    passed     88.69%
 498  JX040501/ISR/cattle/2011/O/ME-SA/PanAsia-2            5.92%    passed     95.86%
 499  JX040500/TUR/cattle/2011/O/ME-SA/PanAsia-2            5.92%    passed     99.71%
 500  JX040499/TUR/cattle/2011/O/ME-SA/PanAsia-2            5.92%    passed     98.83%
 501  JX040498/TUR/cattle/2010/O/ME-SA/PanAsia-2            5.92%    passed     99.75%
 502  JX040497/TUR/cattle/2010/O/ME-SA/PanAsia-2            5.92%    passed     99.98%
 503  JX040496/TUR/cattle/2010/O/ME-SA/PanAsia-2            5.92%    passed     99.95%
 504  JX040495/TUR/cattle/2010/O/ME-SA/PanAsia-2            5.92%    passed     99.98%
 505  JX040494/TUR/cattle/2010/O/ME-SA/PanAsia-2            5.92%    passed     99.88%
 506  JX040493/TUR/cattle/2010/O/ME-SA/PanAsia-2            5.92%    passed     99.92%
 507  JX040492/TUR/cattle/2010/O/ME-SA/PanAsia-2            5.92%    passed     98.97%
 508  JX040491/TUR/cattle/2010/O/ME-SA/PanAsia-2            5.92%    passed     99.95%
 509  JX040490/BGR/cattle/2011/O/ME-SA/PanAsia-2            5.92%    passed     97.05%
 510  JX040489/BGR/cattle/2011/O/ME-SA/PanAsia-2            5.92%    passed     98.26%
 511  JX040488/BGR/cattle/2011/O/ME-SA/PanAsia-2            5.92%    passed     98.26%
 512  JX040487/BGR/cattle/2011/O/ME-SA/PanAsia-2            5.92%    passed     97.50%
 513  JX040486/BGR/cattle/2011/O/ME-SA/PanAsia-2            5.92%    passed     99.46%
 514  JX040485/BGR/pig/2010/O/ME-SA/PanAsia-2               5.92%    passed     99.46%
 515  JX066665/BGR/cattle/2011/O/ME-SA/PanAsia-2            5.92%    passed     99.71%
 516  JX066664/BGR/cattle/2011/O/ME-SA/PanAsia-2            5.92%    passed     99.46%
 517  JN998086/CHN/cattle/2010/O/SEA/Unknown                5.92%    passed     90.34%
 518  JN998085/CHN/pig/2010/O/SEA/Unknown                   5.92%    passed     90.34%
 519  HQ632772/MYS/cattle/2007/O/SEA/Mya-98                 5.92%    passed     91.76%
 520  HQ632771/MYS/pig/2005/O/CATHAY/Unknown                5.92%    passed     18.05%
 521  HQ632770/MYS/cattle/2004/O/ME-SA/PanAsia-2            5.92%    passed     99.51%
 522  HQ632769/MYS/cattle/2001/O/SEA/Cam-94                 5.92%    passed     73.15%
 523  HQ632768/MYS/pig/2000/O/ME-SA/PanAsia                 5.92%    passed     91.27%
 524  GU582116/VNM/Unknown/2009/O/SEA/Mya-98                5.92%    passed     91.56%
 525  GU582115/VNM/Unknown/2009/O/SEA/Mya-98                5.92%    passed     94.89%
 526  HQ113232/PAK/cow/2009/O/ME-SA/PanAsia-2               5.92%    passed     91.13%
 527  HM191257/UGA/cow/2006/O/EA-2/Unknown                  5.92%    passed     91.51%
 528  GU125650/VNM/cattle/2006/O/SEA/Mya-98                 5.92%    passed     95.55%
 529  GU125649/VNM/cattle/2006/O/SEA/Mya-98                 5.92%    passed     76.27%
 530  GU125648/VNM/buffalo/2006/O/SEA/Mya-98                5.92%    passed     75.97%
 531  GU125647/VNM/cattle/2006/O/SEA/Mya-98                 5.92%    passed     73.91%
 532  HM055510/VNM/Unknown/2009/O/SEA/Unknown               5.92%    passed     94.82%
 533  FJ542372/GBR/cattle/2001/O/ME-SA/PanAsia              5.92%    passed     89.99%
 534  FJ542371/GBR/cattle/2001/O/ME-SA/PanAsia              5.92%    passed     87.31%
 535  FJ542370/GBR/cattle/2001/O/ME-SA/PanAsia              5.92%    passed     89.99%
 536  FJ542369/GBR/sheep/2001/O/ME-SA/PanAsia               5.92%    passed     89.99%
 537  FJ542368/GBR/cattle/2001/O/ME-SA/PanAsia              5.92%    passed     87.93%
 538  FJ542367/GBR/cattle/2001/O/ME-SA/PanAsia              5.92%    passed     88.84%
 539  FJ542366/GBR/sheep/2001/O/ME-SA/PanAsia               5.92%    passed     89.99%
 540  FJ542365/GBR/cattle/2001/O/ME-SA/PanAsia              5.92%    passed     89.99%
 541  EU214601/GBR/sheep/2001/O/ME-SA/PanAsia               5.92%    passed     94.76%
 542  EF614457/KOR/cattle/2002/O/ME-SA/PanAsia              5.92%    passed     99.42%
 543  AY593837/URY/Unknown/1963/O/EURO-SA/Unknown           5.92%    passed     96.25%
 544  AY593836/GBR/Unknown/2001/O/ME-SA/PanAsia             5.92%    passed     91.22%
 545  AY593835/TWN/Unknown/1997/O/CATHAY/Unknown            5.92%    passed     88.10%
 546  AY593834/IRN/Unknown/1966/O/SEA/Unknown               5.92%    passed     98.47%
 547  AY593833/TWN/Unknown/1999/O/CATHAY/Unknown            5.92%    passed     81.43%
 548  AY593832/GBR/Unknown/2002/O/ME-SA/PanAsia             5.92%    passed     91.22%
 549  AY593831/GBR/Unknown/2002/O/ME-SA/PanAsia             5.92%    passed     91.22%
 550  AY593830/POL/Unknown/1959/O/EURO-SA/Unknown           5.92%    passed     93.32%
 551  AY593829/GBR/Unknown/1965/O/EURO-SA/Unknown           5.92%    passed     98.13%
 552  AY593828/IND/Unknown/1962/O/SEA/Unknown               5.92%    passed     85.04%
 553  AY593827/VEN/Unknown/1971/O/EURO-SA/Unknown           5.92%    passed     58.43%
 554  AY593826/ITA/Unknown/1947/O/EURO-SA/Unknown           5.92%    passed     55.12%
 555  AY593825/ARG/Unknown/1939/O/EURO-SA/Unknown           5.92%    passed     98.89%
 556  AY593824/KOR/Unknown/2000/O/ME-SA/PanAsia             5.92%    passed     98.76%
 557  AY593823/TUR/Unknown/1969/O/ME-SA/Unknown             5.92%    passed     87.25%
 558  AY593821/ARG/Unknown/1967/O/EURO-SA/Unknown           5.92%    passed     91.16%
 559  AY593820/ARG/Unknown/1964/O/EURO-SA/Unknown           5.92%    passed     95.27%
 560  AY593818/ARG/Unknown/1958/O/EURO-SA/Unknown           5.92%    passed     98.02%
 561  AY593817/BEL/Unknown/1973/O/EURO-SA/Unknown           5.92%    passed     96.85%
 562  AY593814/ARG/Unknown/1965/O/EURO-SA/Unknown           5.92%    passed     98.00%
 563  AY593813/IDN/Unknown/1962/O/ISA-1/Unknown             5.78%    passed     38.48%
 564  AY593812/PHL/Unknown/1958/O/SEA/Unknown               5.92%    passed     78.56%
 565  AY593811/PHL/Unknown/1958/O/SEA/Unknown               5.92%    passed     78.56%
 566  AF511039/CHN/Unknown/1958/O/CATHAY/Unknown            5.92%    passed     89.91%
 567  EF175732/CHN/Unknown/1999/O/CATHAY/Unknown            5.92%    passed     15.50%
 568  DQ404180/GBR/pig/2001/O/ME-SA/PanAsia                 5.92%    passed     89.99%
 569  DQ404179/GBR/pig/2001/O/ME-SA/PanAsia                 5.92%    passed     89.99%
 570  DQ404178/GBR/pig/2001/O/ME-SA/PanAsia                 5.92%    passed     89.99%
 571  DQ404177/GBR/pig/2001/O/ME-SA/PanAsia                 5.92%    passed     89.99%
 572  DQ404176/GBR/cow/2001/O/ME-SA/PanAsia                 5.92%    passed     89.99%
 573  DQ404175/GBR/cow/2001/O/ME-SA/PanAsia                 5.92%    passed     87.93%
 574  DQ404174/IRL/sheep/2001/O/ME-SA/PanAsia               5.92%    passed     87.93%
 575  DQ404173/GBR/cow/2001/O/ME-SA/PanAsia                 5.92%    passed     89.38%
 576  DQ404172/GBR/cow/2001/O/ME-SA/PanAsia                 5.92%    passed     89.38%
 577  DQ404171/GBR/sheep/2001/O/ME-SA/PanAsia               5.92%    passed     87.93%
 578  DQ404169/GBR/sheep/2001/O/ME-SA/PanAsia               5.92%    passed     94.76%
 579  DQ404170/GBR/sheep/2001/O/ME-SA/PanAsia               5.92%    passed     95.16%
 580  DQ404168/GBR/cow/2001/O/ME-SA/PanAsia                 5.92%    passed     95.89%
 581  DQ404167/GBR/sheep/2001/O/ME-SA/PanAsia               5.92%    passed     92.83%
 582  DQ404166/GBR/cow/2001/O/ME-SA/PanAsia                 5.92%    passed     92.83%
 583  DQ404165/GBR/cow/2001/O/ME-SA/PanAsia                 5.92%    passed     92.83%
 584  DQ404164/GBR/cow/2001/O/ME-SA/PanAsia                 5.92%    passed     91.22%
 585  DQ404163/GBR/cow/2001/O/ME-SA/PanAsia                 5.92%    passed     96.47%
 586  DQ404162/GBR/sheep/2001/O/ME-SA/PanAsia               5.92%    passed     95.97%
 587  DQ404161/GBR/cow/2001/O/ME-SA/PanAsia                 5.92%    passed     96.82%
 588  DQ404160/GBR/cow/2001/O/ME-SA/PanAsia                 5.92%    passed     97.86%
 589  DQ404159/GBR/cow/2001/O/ME-SA/PanAsia                 5.92%    passed     94.76%
 590  DQ404158/GBR/sheep/2001/O/ME-SA/PanAsia               5.92%    passed     97.86%
 591  AF026168/TWN/Unknown/1997/O/CATHAY/Unknown            5.92%    passed     86.81%
 592  AB079061/JPN/Unknown/2000/O/ME-SA/PanAsia             5.92%    passed     98.48%
 593  EU448370/GBR/cow/1967/O/EURO-SA/Unknown               5.92%    passed     96.93%
 594  EU448369/GBR/cow/1967/O/EURO-SA/Unknown               5.92%    passed     96.93%
 595  EU448368/GBR/cow/1967/O/EURO-SA/Unknown               5.92%    passed     92.96%
 596  AJ539137/TWN/Unknown/1999/O/ME-SA/PanAsia             5.92%    passed     96.16%
 597  AJ539136/TWN/Unknown/1999/O/ME-SA/PanAsia             5.92%    passed     96.30%
 598  AJ633821/FRA/Unknown/2001/O/ME-SA/PanAsia             5.92%    passed     89.99%
 599  AY317098/HKG/Unknown/2002/O/CATHAY/Unknown            5.92%    passed     50.99%
 600  EU400597/CHN/Unknown/2001/O/CATHAY/Unknown            5.92%    passed     45.16%
 601  AY686687/Unknown/Unknown/2001/O/CATHAY/Unknown        5.92%    passed     70.37%
 602  AF377945/Unknown/Unknown/2000/O/ME-SA/PanAsia         5.92%    passed     86.15%
 603  EF552697/GBR/sheep/2001/O/ME-SA/PanAsia               5.92%    passed     92.83%
 604  EF552696/GBR/cattle/2001/O/ME-SA/PanAsia              5.92%    passed     89.88%
 605  EF552695/GBR/sheep/2001/O/ME-SA/PanAsia               5.92%    passed     95.36%
 606  EF552694/GBR/cattle/2001/O/ME-SA/PanAsia              5.92%    passed     94.23%
 607  EF552693/GBR/cattle/2001/O/ME-SA/PanAsia              5.92%    passed     96.19%
 608  EF552692/GBR/sheep/2001/O/ME-SA/PanAsia               5.92%    passed     93.92%
 609  EF552691/GBR/cattle/2001/O/ME-SA/PanAsia              5.92%    passed     96.46%
 610  EF552690/GBR/cattle/2001/O/ME-SA/PanAsia              5.92%    passed     94.76%
 611  EF552689/GBR/sheep/2001/O/ME-SA/PanAsia               5.92%    passed     96.82%
 612  EF552688/GBR/sheep/2001/O/ME-SA/PanAsia               5.92%    passed     89.53%
****  TOTAL                                                 5.91%  0 sequences failed composition chi2 test (p-value<5%; df=3)
NOTE: GU384682/PAK/cattle/2008/O/ME-SA/PanAsia-2 is identical to GU384683/PAK/buffalo/2008/O/ME-SA/PanAsia-2 but kept for subsequent analysis
NOTE: FJ175664/ISR/cattle/2007/O/ME-SA/PanAsia-2 is identical to FJ175666/ISR/cattle/2007/O/ME-SA/PanAsia-2 but kept for subsequent analysis
NOTE: OQ211374/ISR/cattle/2007/O/ME-SA/PanAsia-2 is identical to FJ175665/ISR/cattle/2007/O/ME-SA/PanAsia-2 but kept for subsequent analysis
NOTE: OQ211389/ISR/goat/2006/O/ME-SA/PanAsia-2 is identical to FJ175661/ISR/goat/2007/O/ME-SA/PanAsia-2 but kept for subsequent analysis
NOTE: OQ211383/ISR/gazelle/2007/O/ME-SA/PanAsia-2 is identical to OQ211398/ISR/gazelle/2007/O/ME-SA/PanAsia-2 but kept for subsequent analysis
NOTE: OQ211384/ISR/cattle/2007/O/ME-SA/PanAsia-2 is identical to OQ211397/ISR/sheep/2007/O/ME-SA/PanAsia-2 but kept for subsequent analysis
NOTE: OQ211350/ISR/cattle/2007/O/ME-SA/PanAsia-2 is identical to OQ211351/ISR/goat/2007/O/ME-SA/PanAsia-2 but kept for subsequent analysis
NOTE: OQ457194/NER/cattle/2020/O/EA-3/Unknown is identical to OQ457195/NER/cattle/2020/O/EA-3/Unknown but kept for subsequent analysis
NOTE: OQ457191/NER/cattle/2020/O/EA-3/Unknown is identical to OQ457193/NER/cattle/2020/O/EA-3/Unknown but kept for subsequent analysis
NOTE: OQ457185/NER/cattle/2020/O/EA-3/Unknown is identical to OQ457186/NER/cattle/2020/O/EA-3/Unknown but kept for subsequent analysis
NOTE: MN250314/VNM/pig/2017/O/CATHAY/Unknown/O is identical to ON868623/VNM/pig/2017/O/CATHAY/Unknown but kept for subsequent analysis
NOTE: ON868609/VNM/pig/2019/O/SEA/Unknown is identical to ON868610/VNM/pig/2019/O/SEA/Unknown but kept for subsequent analysis
NOTE: ON868601/VNM/pig/2018/O/SEA/Unknown is identical to ON868604/VNM/pig/2018/O/SEA/Unknown but kept for subsequent analysis
NOTE: OM160618/TUN/cattle/2014/O/ME-SA/Ind-2001d is identical to OM160619/TUN/cattle/2014/O/ME-SA/Ind-2001d but kept for subsequent analysis
NOTE: MG983735/TUN/Unknown/2014/O/ME-SA/Ind-2001d is identical to OM160611/TUN/cattle/2014/O/ME-SA/Ind-2001d but kept for subsequent analysis
NOTE: OM456133/PAK/cattle/2012/O/ME-SA/PanAsia-2 is identical to OM456149/PAK/cattle/2012/O/ME-SA/PanAsia-2 but kept for subsequent analysis
NOTE: OM456145/PAK/buffalo/2010/O/ME-SA/PanAsia-2 is identical to OM456146/PAK/cattle/2010/O/ME-SA/PanAsia-2 but kept for subsequent analysis
NOTE: OM022648/NER/cattle/2017/O/EA-3/Unknown is identical to OM022649/NER/cattle/2017/O/EA-3/Unknown but kept for subsequent analysis
NOTE: KY444645/THA/pig/2016/O/SEA/Unknown is identical to KY444647/THA/pig/2016/O/SEA/Unknown but kept for subsequent analysis
NOTE: MT944982/IRN/goat/2016/O/ME-SA/PanAsia-2 is identical to MT944983/IRN/goat/2016/O/ME-SA/PanAsia-2 but kept for subsequent analysis
NOTE: MN095370/IND/cattle/2014/O/ME-SA/Ind-2001d is identical to MN095371/IND/cattle/2014/O/ME-SA/Ind-2001d but kept for subsequent analysis
NOTE: MN095361/IND/cattle/2013/O/ME-SA/Ind-2001d is identical to MN095363/IND/cattle/2013/O/ME-SA/Ind-2001d but kept for subsequent analysis
NOTE: AY593829/GBR/Unknown/1965/O/EURO-SA/Unknown is identical to NC_039210/GBR/Unknown/1965/O/EURO-SA/Unknown but kept for subsequent analysis
NOTE: LC456870/GHA/cow/2018/O/EA-3/Unknown is identical to LC456873/GHA/cow/2018/O/EA-3/Unknown but kept for subsequent analysis
NOTE: MG983736/ARE/gazelle/2014/O/ME-SA/Ind-2001d is identical to MG983737/ARE/gazelle/2014/O/ME-SA/Ind-2001d but kept for subsequent analysis
NOTE: LC149634/JPN/pig/2010/O/SEA/Unknown is identical to LC149718/JPN/cow/2010/O/SEA/Unknown but kept for subsequent analysis
NOTE: LC149698/JPN/cow/2010/O/SEA/Unknown is identical to LC149711/JPN/cow/2010/O/SEA/Unknown but kept for subsequent analysis
NOTE: LC149700/JPN/cow/2010/O/SEA/Unknown is identical to LC149705/JPN/cow/2010/O/SEA/Unknown but kept for subsequent analysis
NOTE: LC149690/JPN/pig/2010/O/SEA/Unknown is identical to LC149696/JPN/cow/2010/O/SEA/Unknown but kept for subsequent analysis
NOTE: LC149667/JPN/cow/2010/O/SEA/Unknown is identical to LC149677/JPN/cow/2010/O/SEA/Unknown but kept for subsequent analysis
NOTE: LC149637/JPN/pig/2010/O/SEA/Unknown is identical to LC149672/JPN/cow/2010/O/SEA/Unknown but kept for subsequent analysis
NOTE: LC149644/JPN/cow/2010/O/SEA/Unknown is identical to LC149669/JPN/cow/2010/O/SEA/Unknown but kept for subsequent analysis
NOTE: LC149618/JPN/cow/2010/O/SEA/Unknown is identical to LC149624/JPN/pig/2010/O/SEA/Unknown but kept for subsequent analysis
NOTE: EF552694/GBR/cattle/2001/O/ME-SA/PanAsia is identical to KM257064/GBR/cattle/2001/O/ME-SA/PanAsia but kept for subsequent analysis
NOTE: FJ542368/GBR/cattle/2001/O/ME-SA/PanAsia is identical to KM257063/GBR/cattle/2001/O/ME-SA/PanAsia but kept for subsequent analysis
NOTE: FJ542367/GBR/cattle/2001/O/ME-SA/PanAsia is identical to KM257062/GBR/cattle/2001/O/ME-SA/PanAsia but kept for subsequent analysis
NOTE: FJ542372/GBR/cattle/2001/O/ME-SA/PanAsia is identical to KM257061/GBR/cattle/2001/O/ME-SA/PanAsia but kept for subsequent analysis
NOTE: JX869187/GBR/cattle/1968/O/EURO-SA/Unknown is identical to JX869188/GBR/sheep/1968/O/EURO-SA/Unknown but kept for subsequent analysis
NOTE: KF694745/KOR/pig/2002/O/ME-SA/PanAsia is identical to KF694746/KOR/pig/2002/O/ME-SA/PanAsia but kept for subsequent analysis
NOTE: JX040488/BGR/cattle/2011/O/ME-SA/PanAsia-2 is identical to JX040489/BGR/cattle/2011/O/ME-SA/PanAsia-2 but kept for subsequent analysis
NOTE: DQ404169/GBR/sheep/2001/O/ME-SA/PanAsia is identical to EU214601/GBR/sheep/2001/O/ME-SA/PanAsia but kept for subsequent analysis
NOTE: AY593832/GBR/Unknown/2002/O/ME-SA/PanAsia is identical to AY593836/GBR/Unknown/2001/O/ME-SA/PanAsia but kept for subsequent analysis
NOTE: AY593811/PHL/Unknown/1958/O/SEA/Unknown is identical to AY593812/PHL/Unknown/1958/O/SEA/Unknown but kept for subsequent analysis
NOTE: DQ404172/GBR/cow/2001/O/ME-SA/PanAsia is identical to DQ404173/GBR/cow/2001/O/ME-SA/PanAsia but kept for subsequent analysis
NOTE: DQ404166/GBR/cow/2001/O/ME-SA/PanAsia is identical to DQ404167/GBR/sheep/2001/O/ME-SA/PanAsia but kept for subsequent analysis
NOTE: EU448369/GBR/cow/1967/O/EURO-SA/Unknown is identical to EU448370/GBR/cow/1967/O/EURO-SA/Unknown but kept for subsequent analysis
Checking for duplicate sequences: done in 0.18592 secs using 16.81% CPU
Identifying sites to remove: done in 0.0114843 secs using 136.1% CPU
NOTE: 58 identical sequences (see below) will be ignored for subsequent analysis
NOTE: OQ211392/ISR/cattle/2007/O/ME-SA/PanAsia-2 (identical to FJ175666/ISR/cattle/2007/O/ME-SA/PanAsia-2) is ignored but added at the end
NOTE: OQ211386/ISR/cattle/2007/O/ME-SA/PanAsia-2 (identical to FJ175666/ISR/cattle/2007/O/ME-SA/PanAsia-2) is ignored but added at the end
NOTE: OQ211365/PSE/sheep/2007/O/ME-SA/PanAsia-2 (identical to FJ175665/ISR/cattle/2007/O/ME-SA/PanAsia-2) is ignored but added at the end
NOTE: OQ211382/ISR/gazelle/2007/O/ME-SA/PanAsia-2 (identical to OQ211398/ISR/gazelle/2007/O/ME-SA/PanAsia-2) is ignored but added at the end
NOTE: OQ457189/NER/cattle/2020/O/EA-3/Unknown (identical to OQ457193/NER/cattle/2020/O/EA-3/Unknown) is ignored but added at the end
NOTE: OQ457188/NER/cattle/2020/O/EA-3/Unknown (identical to OQ457193/NER/cattle/2020/O/EA-3/Unknown) is ignored but added at the end
NOTE: OQ457184/NER/cattle/2020/O/EA-3/Unknown (identical to OQ457186/NER/cattle/2020/O/EA-3/Unknown) is ignored but added at the end
NOTE: MN095369/IND/cattle/2014/O/ME-SA/Ind-2001d (identical to MN095371/IND/cattle/2014/O/ME-SA/Ind-2001d) is ignored but added at the end
NOTE: MN095368/IND/cattle/2014/O/ME-SA/Ind-2001d (identical to MN095371/IND/cattle/2014/O/ME-SA/Ind-2001d) is ignored but added at the end
NOTE: MN095367/IND/cattle/2014/O/ME-SA/Ind-2001d (identical to MN095371/IND/cattle/2014/O/ME-SA/Ind-2001d) is ignored but added at the end
NOTE: MN095366/IND/cattle/2014/O/ME-SA/Ind-2001d (identical to MN095371/IND/cattle/2014/O/ME-SA/Ind-2001d) is ignored but added at the end
NOTE: MN095359/IND/cattle/2013/O/ME-SA/Ind-2001d (identical to MN095363/IND/cattle/2013/O/ME-SA/Ind-2001d) is ignored but added at the end
NOTE: MN095358/IND/cattle/2013/O/ME-SA/Ind-2001d (identical to MN095363/IND/cattle/2013/O/ME-SA/Ind-2001d) is ignored but added at the end
NOTE: LC149687/JPN/cow/2010/O/SEA/Unknown (identical to LC149711/JPN/cow/2010/O/SEA/Unknown) is ignored but added at the end
NOTE: LC149679/JPN/pig/2010/O/SEA/Unknown (identical to LC149711/JPN/cow/2010/O/SEA/Unknown) is ignored but added at the end
NOTE: LC149674/JPN/cow/2010/O/SEA/Unknown (identical to LC149711/JPN/cow/2010/O/SEA/Unknown) is ignored but added at the end
NOTE: LC149641/JPN/pig/2010/O/SEA/Unknown (identical to LC149711/JPN/cow/2010/O/SEA/Unknown) is ignored but added at the end
NOTE: LC149695/JPN/cow/2010/O/SEA/Unknown (identical to LC149705/JPN/cow/2010/O/SEA/Unknown) is ignored but added at the end
NOTE: LC149694/JPN/cow/2010/O/SEA/Unknown (identical to LC149705/JPN/cow/2010/O/SEA/Unknown) is ignored but added at the end
NOTE: LC149693/JPN/cow/2010/O/SEA/Unknown (identical to LC149705/JPN/cow/2010/O/SEA/Unknown) is ignored but added at the end
NOTE: LC149680/JPN/cow/2010/O/SEA/Unknown (identical to LC149705/JPN/cow/2010/O/SEA/Unknown) is ignored but added at the end
NOTE: LC149675/JPN/cow/2010/O/SEA/Unknown (identical to LC149705/JPN/cow/2010/O/SEA/Unknown) is ignored but added at the end
NOTE: LC149671/JPN/cow/2010/O/SEA/Unknown (identical to LC149705/JPN/cow/2010/O/SEA/Unknown) is ignored but added at the end
NOTE: LC149664/JPN/cow/2010/O/SEA/Unknown (identical to LC149705/JPN/cow/2010/O/SEA/Unknown) is ignored but added at the end
NOTE: LC149659/JPN/cow/2010/O/SEA/Unknown (identical to LC149705/JPN/cow/2010/O/SEA/Unknown) is ignored but added at the end
NOTE: LC149656/JPN/cow/2010/O/SEA/Unknown (identical to LC149705/JPN/cow/2010/O/SEA/Unknown) is ignored but added at the end
NOTE: LC149652/JPN/pig/2010/O/SEA/Unknown (identical to LC149705/JPN/cow/2010/O/SEA/Unknown) is ignored but added at the end
NOTE: LC149650/JPN/cow/2010/O/SEA/Unknown (identical to LC149705/JPN/cow/2010/O/SEA/Unknown) is ignored but added at the end
NOTE: LC149645/JPN/cow/2010/O/SEA/Unknown (identical to LC149705/JPN/cow/2010/O/SEA/Unknown) is ignored but added at the end
NOTE: LC149633/JPN/pig/2010/O/SEA/Unknown (identical to LC149705/JPN/cow/2010/O/SEA/Unknown) is ignored but added at the end
NOTE: LC149628/JPN/pig/2010/O/SEA/Unknown (identical to LC149705/JPN/cow/2010/O/SEA/Unknown) is ignored but added at the end
NOTE: LC149627/JPN/pig/2010/O/SEA/Unknown (identical to LC149705/JPN/cow/2010/O/SEA/Unknown) is ignored but added at the end
NOTE: LC149626/JPN/cow/2010/O/SEA/Unknown (identical to LC149705/JPN/cow/2010/O/SEA/Unknown) is ignored but added at the end
NOTE: LC149625/JPN/cow/2010/O/SEA/Unknown (identical to LC149705/JPN/cow/2010/O/SEA/Unknown) is ignored but added at the end
NOTE: LC149665/JPN/cow/2010/O/SEA/Unknown (identical to LC149677/JPN/cow/2010/O/SEA/Unknown) is ignored but added at the end
NOTE: LC149619/JPN/cow/2010/O/SEA/Unknown (identical to LC149677/JPN/cow/2010/O/SEA/Unknown) is ignored but added at the end
NOTE: LC149636/JPN/cow/2010/O/SEA/Unknown (identical to LC149672/JPN/cow/2010/O/SEA/Unknown) is ignored but added at the end
NOTE: FJ542370/GBR/cattle/2001/O/ME-SA/PanAsia (identical to KM257061/GBR/cattle/2001/O/ME-SA/PanAsia) is ignored but added at the end
NOTE: FJ542369/GBR/sheep/2001/O/ME-SA/PanAsia (identical to KM257061/GBR/cattle/2001/O/ME-SA/PanAsia) is ignored but added at the end
NOTE: FJ542366/GBR/sheep/2001/O/ME-SA/PanAsia (identical to KM257061/GBR/cattle/2001/O/ME-SA/PanAsia) is ignored but added at the end
NOTE: FJ542365/GBR/cattle/2001/O/ME-SA/PanAsia (identical to KM257061/GBR/cattle/2001/O/ME-SA/PanAsia) is ignored but added at the end
NOTE: DQ404180/GBR/pig/2001/O/ME-SA/PanAsia (identical to KM257061/GBR/cattle/2001/O/ME-SA/PanAsia) is ignored but added at the end
NOTE: DQ404179/GBR/pig/2001/O/ME-SA/PanAsia (identical to KM257061/GBR/cattle/2001/O/ME-SA/PanAsia) is ignored but added at the end
NOTE: DQ404178/GBR/pig/2001/O/ME-SA/PanAsia (identical to KM257061/GBR/cattle/2001/O/ME-SA/PanAsia) is ignored but added at the end
NOTE: DQ404177/GBR/pig/2001/O/ME-SA/PanAsia (identical to KM257061/GBR/cattle/2001/O/ME-SA/PanAsia) is ignored but added at the end
NOTE: DQ404176/GBR/cow/2001/O/ME-SA/PanAsia (identical to KM257061/GBR/cattle/2001/O/ME-SA/PanAsia) is ignored but added at the end
NOTE: AJ633821/FRA/Unknown/2001/O/ME-SA/PanAsia (identical to KM257061/GBR/cattle/2001/O/ME-SA/PanAsia) is ignored but added at the end
NOTE: KF694743/KOR/pig/2002/O/ME-SA/PanAsia (identical to KF694746/KOR/pig/2002/O/ME-SA/PanAsia) is ignored but added at the end
NOTE: KF694742/KOR/pig/2002/O/ME-SA/PanAsia (identical to KF694746/KOR/pig/2002/O/ME-SA/PanAsia) is ignored but added at the end
NOTE: KF694740/KOR/pig/2002/O/ME-SA/PanAsia (identical to KF694746/KOR/pig/2002/O/ME-SA/PanAsia) is ignored but added at the end
NOTE: KF694736/KOR/pig/2002/O/ME-SA/PanAsia (identical to KF694746/KOR/pig/2002/O/ME-SA/PanAsia) is ignored but added at the end
NOTE: KF694735/KOR/pig/2002/O/ME-SA/PanAsia (identical to KF694746/KOR/pig/2002/O/ME-SA/PanAsia) is ignored but added at the end
NOTE: KF694734/KOR/pig/2002/O/ME-SA/PanAsia (identical to KF694746/KOR/pig/2002/O/ME-SA/PanAsia) is ignored but added at the end
NOTE: KF694733/KOR/pig/2002/O/ME-SA/PanAsia (identical to KF694746/KOR/pig/2002/O/ME-SA/PanAsia) is ignored but added at the end
NOTE: KF694731/KOR/pig/2002/O/ME-SA/PanAsia (identical to KF694746/KOR/pig/2002/O/ME-SA/PanAsia) is ignored but added at the end
NOTE: EF552690/GBR/cattle/2001/O/ME-SA/PanAsia (identical to EU214601/GBR/sheep/2001/O/ME-SA/PanAsia) is ignored but added at the end
NOTE: AY593831/GBR/Unknown/2002/O/ME-SA/PanAsia (identical to AY593836/GBR/Unknown/2001/O/ME-SA/PanAsia) is ignored but added at the end
NOTE: DQ404165/GBR/cow/2001/O/ME-SA/PanAsia (identical to DQ404167/GBR/sheep/2001/O/ME-SA/PanAsia) is ignored but added at the end
Alignment was printed to alignments_no_probang_etc\recombinant_free_regions\O\O_637-2783_no_probang.uniqueseq.phy

For your convenience alignment with unique sequences printed to alignments_no_probang_etc\recombinant_free_regions\O\O_637-2783_no_probang.uniqueseq.phy
Creating fast initial parsimony tree by random order stepwise addition...
0.380 seconds, parsimony score: 11821 (based on 1143 sites)
Generating 1000 samples for ultrafast bootstrap (seed: 653117)...

NOTE: 87 MB RAM (0 GB) is required!
Estimate model parameters (epsilon = 0.100)
Thoroughly optimizing +I+G parameters from 10 start values...
Init pinv, alpha: 0.000, 1.000 / Estimate: 0.000, 0.305 / LogL: -59420.094
Init pinv, alpha: 0.055, 1.000 / Estimate: 0.439, 1.038 / LogL: -59175.218
Init pinv, alpha: 0.111, 1.000 / Estimate: 0.439, 1.038 / LogL: -59175.262
Init pinv, alpha: 0.166, 1.000 / Estimate: 0.439, 1.036 / LogL: -59175.305
Init pinv, alpha: 0.222, 1.000 / Estimate: 0.439, 1.035 / LogL: -59175.349
Init pinv, alpha: 0.277, 1.000 / Estimate: 0.439, 1.037 / LogL: -59175.373
Init pinv, alpha: 0.333, 1.000 / Estimate: 0.439, 1.037 / LogL: -59175.417
Init pinv, alpha: 0.388, 1.000 / Estimate: 0.439, 1.038 / LogL: -59175.466
Init pinv, alpha: 0.444, 1.000 / Estimate: 0.439, 1.039 / LogL: -59175.523
Init pinv, alpha: 0.499, 1.000 / Estimate: 0.441, 1.056 / LogL: -59175.593
Optimal pinv,alpha: 0.439, 1.038 / LogL: -59175.218

Parameters optimization took 85.300 sec
Wrote distance file to... 
Computing ML distances based on estimated model parameters...
Calculating distance matrix: done in 2.14761 secs using 100.4% CPU
Computing ML distances took 2.157628 sec (of wall-clock time) 2.156250 sec (of CPU time)
Setting up auxiliary I and S matrices: done in 0.006179 secs
Constructing RapidNJ tree: done in 0.0165914 secs using 188.4% CPU
Computing RapidNJ tree took 0.026883 sec (of wall-clock time) 0.031250 sec (of CPU time)
Log-likelihood of RapidNJ tree: -59482.067
--------------------------------------------------------------------
|             INITIALIZING CANDIDATE TREE SET                      |
--------------------------------------------------------------------
Generating 98 parsimony trees... 35.288 second
Computing log-likelihood of 98 initial trees ... 16.529 seconds
Current best score: -59130.348

Do NNI search on 20 best initial trees
Optimizing NNI: done in 9.44404 secs using 100.1% CPU
Estimate model parameters (epsilon = 0.100)
BETTER TREE FOUND at iteration 1: -58933.087
Optimizing NNI: done in 9.38243 secs using 100.1% CPU
Estimate model parameters (epsilon = 0.100)
BETTER TREE FOUND at iteration 2: -58932.962
Optimizing NNI: done in 9.47622 secs using 99.92% CPU
Estimate model parameters (epsilon = 0.100)
BETTER TREE FOUND at iteration 3: -58926.308
Optimizing NNI: done in 9.38924 secs using 100% CPU
Optimizing NNI: done in 9.16147 secs using 99.09% CPU
Optimizing NNI: done in 9.24188 secs using 100.1% CPU
Optimizing NNI: done in 9.20095 secs using 99.85% CPU
Optimizing NNI: done in 9.48358 secs using 100% CPU
Optimizing NNI: done in 8.85815 secs using 100% CPU
Estimate model parameters (epsilon = 0.100)
BETTER TREE FOUND at iteration 9: -58924.745
Optimizing NNI: done in 9.72767 secs using 100.1% CPU
Estimate model parameters (epsilon = 0.100)
BETTER TREE FOUND at iteration 10: -58907.770
Iteration 10 / LogL: -58907.770 / Time: 0h:3m:59s
Optimizing NNI: done in 9.7885 secs using 100.1% CPU
Optimizing NNI: done in 9.72643 secs using 100.1% CPU
Optimizing NNI: done in 3.34017 secs using 99.64% CPU
Optimizing NNI: done in 10.1406 secs using 100% CPU
Optimizing NNI: done in 9.71235 secs using 100.1% CPU
Optimizing NNI: done in 8.9613 secs using 99.91% CPU
Optimizing NNI: done in 10.7149 secs using 100% CPU
Optimizing NNI: done in 9.94317 secs using 98.84% CPU
Optimizing NNI: done in 10.8501 secs using 99.37% CPU
Optimizing NNI: done in 11.4856 secs using 99.04% CPU
Iteration 20 / LogL: -58938.628 / Time: 0h:5m:34s
Finish initializing candidate tree set (20)
Current best tree score: -58907.770 / CPU time: 244.957
Number of iterations: 20
--------------------------------------------------------------------
|               OPTIMIZING CANDIDATE TREE SET                      |
--------------------------------------------------------------------
Optimizing NNI: done in 8.45839 secs using 96.06% CPU
Optimizing NNI: done in 11.503 secs using 97.67% CPU
Optimizing NNI: done in 8.52558 secs using 100.1% CPU
Optimizing NNI: done in 5.32099 secs using 99.25% CPU
Optimizing NNI: done in 16.416 secs using 81.67% CPU
Optimizing NNI: done in 9.7147 secs using 99.08% CPU
Optimizing NNI: done in 8.36963 secs using 99.69% CPU
Optimizing NNI: done in 8.8241 secs using 99.69% CPU
Optimizing NNI: done in 7.53185 secs using 99.58% CPU
Optimizing NNI: done in 7.31647 secs using 100.2% CPU
Estimate model parameters (epsilon = 0.100)
BETTER TREE FOUND at iteration 30: -58904.075
Iteration 30 / LogL: -58904.075 / Time: 0h:7m:8s (0h:24m:37s left)
Optimizing NNI: done in 6.99084 secs using 99.46% CPU
Optimizing NNI: done in 7.2424 secs using 99.89% CPU
Optimizing NNI: done in 7.01089 secs using 99.84% CPU
Optimizing NNI: done in 6.63729 secs using 99.81% CPU
Optimizing NNI: done in 6.88775 secs using 100% CPU
Optimizing NNI: done in 6.74233 secs using 99.65% CPU
Optimizing NNI: done in 8.91882 secs using 99.68% CPU
Optimizing NNI: done in 9.59265 secs using 98.38% CPU
Optimizing NNI: done in 7.94329 secs using 99.93% CPU
Optimizing NNI: done in 5.54581 secs using 100.3% CPU
Iteration 40 / LogL: -58909.912 / Time: 0h:8m:23s (0h:19m:20s left)
Optimizing NNI: done in 7.55607 secs using 99.88% CPU
Optimizing NNI: done in 6.73733 secs using 99.96% CPU
Optimizing NNI: done in 6.96104 secs using 100.1% CPU
Optimizing NNI: done in 7.89072 secs using 100.2% CPU
Optimizing NNI: done in 6.11324 secs using 99.68% CPU
Optimizing NNI: done in 7.40082 secs using 100.1% CPU
Estimate model parameters (epsilon = 0.100)
BETTER TREE FOUND at iteration 46: -58903.736
Optimizing NNI: done in 7.22182 secs using 99.96% CPU
Optimizing NNI: done in 6.90742 secs using 99.98% CPU
Optimizing NNI: done in 8.48147 secs using 100% CPU
Optimizing NNI: done in 8.13599 secs using 99.67% CPU
Estimate model parameters (epsilon = 0.100)
BETTER TREE FOUND at iteration 50: -58902.228
Iteration 50 / LogL: -58902.228 / Time: 0h:9m:39s (0h:19m:40s left)
Log-likelihood cutoff on original alignment: -59006.580
Optimizing NNI: done in 8.07536 secs using 100% CPU
Estimate model parameters (epsilon = 0.100)
BETTER TREE FOUND at iteration 51: -58902.195
Optimizing NNI: done in 4.42537 secs using 99.92% CPU
Estimate model parameters (epsilon = 0.100)
BETTER TREE FOUND at iteration 52: -58901.122
Optimizing NNI: done in 7.33997 secs using 99.84% CPU
Optimizing NNI: done in 7.03353 secs using 99.97% CPU
Optimizing NNI: done in 6.602 secs using 99.88% CPU
Estimate model parameters (epsilon = 0.100)
BETTER TREE FOUND at iteration 55: -58900.055
Optimizing NNI: done in 7.32019 secs using 99.68% CPU
Optimizing NNI: done in 7.80755 secs using 100.1% CPU
Estimate model parameters (epsilon = 0.100)
BETTER TREE FOUND at iteration 57: -58899.306
Optimizing NNI: done in 6.64246 secs using 99.5% CPU
Optimizing NNI: done in 5.92706 secs using 99.65% CPU
Optimizing NNI: done in 4.03988 secs using 100.6% CPU
Iteration 60 / LogL: -59067.993 / Time: 0h:10m:50s (0h:17m:48s left)
Optimizing NNI: done in 6.77997 secs using 100% CPU
Optimizing NNI: done in 6.4824 secs using 100% CPU
Optimizing NNI: done in 7.36048 secs using 99.98% CPU
Optimizing NNI: done in 10.0351 secs using 96.54% CPU
Optimizing NNI: done in 8.94956 secs using 98.99% CPU
Optimizing NNI: done in 9.94951 secs using 99.57% CPU
Estimate model parameters (epsilon = 0.100)
BETTER TREE FOUND at iteration 66: -58897.659
Optimizing NNI: done in 5.20465 secs using 99.07% CPU
Optimizing NNI: done in 6.87684 secs using 99.52% CPU
Optimizing NNI: done in 7.24816 secs using 100% CPU
Optimizing NNI: done in 7.4768 secs using 100.1% CPU
Iteration 70 / LogL: -58910.291 / Time: 0h:12m:8s (0h:16m:52s left)
Optimizing NNI: done in 6.79139 secs using 98.93% CPU
Optimizing NNI: done in 6.29563 secs using 99.03% CPU
Optimizing NNI: done in 4.49412 secs using 99.44% CPU
Optimizing NNI: done in 3.79946 secs using 99.93% CPU
Optimizing NNI: done in 6.86995 secs using 99.85% CPU
Optimizing NNI: done in 6.11097 secs using 99.97% CPU
Optimizing NNI: done in 6.09105 secs using 100% CPU
Estimate model parameters (epsilon = 0.100)
BETTER TREE FOUND at iteration 77: -58897.639
Optimizing NNI: done in 5.33952 secs using 100.1% CPU
Optimizing NNI: done in 7.74488 secs using 99.86% CPU
Optimizing NNI: done in 6.10944 secs using 100% CPU
Iteration 80 / LogL: -58903.385 / Time: 0h:13m:9s (0h:16m:9s left)
Optimizing NNI: done in 6.5126 secs using 100% CPU
Optimizing NNI: done in 5.58865 secs using 99.81% CPU
Optimizing NNI: done in 6.3793 secs using 99.93% CPU
Optimizing NNI: done in 6.53027 secs using 100% CPU
Optimizing NNI: done in 6.28534 secs using 99.94% CPU
Optimizing NNI: done in 7.32761 secs using 100.2% CPU
Optimizing NNI: done in 5.99075 secs using 99.89% CPU
Optimizing NNI: done in 5.00927 secs using 100.1% CPU
Optimizing NNI: done in 6.25847 secs using 99.61% CPU
Optimizing NNI: done in 4.93155 secs using 100.1% CPU
Estimate model parameters (epsilon = 0.100)
BETTER TREE FOUND at iteration 90: -58896.188
Iteration 90 / LogL: -58896.188 / Time: 0h:14m:12s (0h:15m:57s left)
Optimizing NNI: done in 8.61261 secs using 99.78% CPU
Optimizing NNI: done in 6.60699 secs using 97.2% CPU
Optimizing NNI: done in 5.91371 secs using 98.02% CPU
Optimizing NNI: done in 7.20501 secs using 99.76% CPU
Optimizing NNI: done in 6.83215 secs using 99.03% CPU
Optimizing NNI: done in 8.18002 secs using 99.71% CPU
Optimizing NNI: done in 6.865 secs using 99.92% CPU
Optimizing NNI: done in 6.48595 secs using 99.98% CPU
Optimizing NNI: done in 7.9554 secs using 99.77% CPU
Optimizing NNI: done in 6.74112 secs using 98.51% CPU
Iteration 100 / LogL: -58933.779 / Time: 0h:15m:25s (0h:14m:0s left)
Log-likelihood cutoff on original alignment: -58979.137
NOTE: Bootstrap correlation coefficient of split occurrence frequencies: 0.987
NOTE: UFBoot does not converge, continue at least 100 more iterations
Optimizing NNI: done in 4.29195 secs using 98.29% CPU
Optimizing NNI: done in 11.5934 secs using 89.49% CPU
Estimate model parameters (epsilon = 0.100)
BETTER TREE FOUND at iteration 102: -58895.306
Optimizing NNI: done in 8.32904 secs using 95.86% CPU
Optimizing NNI: done in 9.2942 secs using 96.67% CPU
Optimizing NNI: done in 6.5869 secs using 100.1% CPU
Optimizing NNI: done in 3.95048 secs using 99.67% CPU
Optimizing NNI: done in 7.38817 secs using 99.82% CPU
Optimizing NNI: done in 8.13455 secs using 99.88% CPU
Optimizing NNI: done in 6.82338 secs using 100.1% CPU
Optimizing NNI: done in 6.63402 secs using 100.3% CPU
Iteration 110 / LogL: -58929.064 / Time: 0h:16m:43s (0h:14m:6s left)
Optimizing NNI: done in 6.22275 secs using 100.2% CPU
Optimizing NNI: done in 6.66001 secs using 99.94% CPU
Optimizing NNI: done in 3.58089 secs using 100.4% CPU
Optimizing NNI: done in 5.82612 secs using 100% CPU
Optimizing NNI: done in 5.36747 secs using 99.85% CPU
Optimizing NNI: done in 6.43526 secs using 99.79% CPU
Optimizing NNI: done in 6.66249 secs using 99.91% CPU
Optimizing NNI: done in 4.63869 secs using 99.7% CPU
Optimizing NNI: done in 6.41546 secs using 100.1% CPU
Optimizing NNI: done in 6.29246 secs using 100.1% CPU
Iteration 120 / LogL: -58902.446 / Time: 0h:17m:42s (0h:12m:12s left)
Optimizing NNI: done in 8.24901 secs using 100% CPU
Optimizing NNI: done in 6.51974 secs using 99.94% CPU
Optimizing NNI: done in 6.89255 secs using 99.97% CPU
Optimizing NNI: done in 2.79248 secs using 100.7% CPU
Optimizing NNI: done in 6.55799 secs using 100.1% CPU
Optimizing NNI: done in 6.84196 secs using 100% CPU
Optimizing NNI: done in 8.55043 secs using 99.96% CPU
Optimizing NNI: done in 6.08645 secs using 99.86% CPU
Optimizing NNI: done in 6.65543 secs using 100% CPU
Optimizing NNI: done in 7.40094 secs using 100.1% CPU
Iteration 130 / LogL: -58908.958 / Time: 0h:18m:50s (0h:10m:30s left)
Optimizing NNI: done in 3.31821 secs using 100.3% CPU
Optimizing NNI: done in 7.2905 secs using 100.1% CPU
Optimizing NNI: done in 7.21149 secs using 99.67% CPU
Optimizing NNI: done in 7.5526 secs using 100.1% CPU
Optimizing NNI: done in 4.11811 secs using 100.2% CPU
Optimizing NNI: done in 6.91032 secs using 100.2% CPU
Optimizing NNI: done in 6.4299 secs using 99.15% CPU
Optimizing NNI: done in 7.54329 secs using 99.84% CPU
Optimizing NNI: done in 7.95425 secs using 99.79% CPU
Optimizing NNI: done in 5.37156 secs using 100.4% CPU
Iteration 140 / LogL: -58967.128 / Time: 0h:19m:56s (0h:8m:53s left)
Optimizing NNI: done in 10.3588 secs using 99.1% CPU
Optimizing NNI: done in 4.33129 secs using 99.93% CPU
Optimizing NNI: done in 4.6088 secs using 99% CPU
Optimizing NNI: done in 6.86608 secs using 100.1% CPU
Optimizing NNI: done in 7.47524 secs using 99.91% CPU
Optimizing NNI: done in 6.95607 secs using 99.96% CPU
Optimizing NNI: done in 7.28133 secs using 99.78% CPU
Optimizing NNI: done in 5.59174 secs using 100% CPU
Optimizing NNI: done in 7.29897 secs using 99.97% CPU
Optimizing NNI: done in 8.15737 secs using 98.65% CPU
Iteration 150 / LogL: -58972.059 / Time: 0h:21m:6s (0h:7m:21s left)
Log-likelihood cutoff on original alignment: -58979.137
Optimizing NNI: done in 3.64523 secs using 99.87% CPU
Optimizing NNI: done in 7.38661 secs using 99.63% CPU
Optimizing NNI: done in 6.53825 secs using 100.1% CPU
Optimizing NNI: done in 7.40615 secs using 99.79% CPU
Optimizing NNI: done in 8.57548 secs using 99.12% CPU
Optimizing NNI: done in 8.71126 secs using 96.86% CPU
Optimizing NNI: done in 11.7106 secs using 95.27% CPU
Optimizing NNI: done in 6.82939 secs using 99.75% CPU
Optimizing NNI: done in 8.75638 secs using 100.1% CPU
Optimizing NNI: done in 6.20591 secs using 99.7% CPU
Iteration 160 / LogL: -58939.459 / Time: 0h:22m:26s (0h:5m:55s left)
Optimizing NNI: done in 3.88421 secs using 99.76% CPU
Optimizing NNI: done in 6.99611 secs using 97.82% CPU
Optimizing NNI: done in 7.69423 secs using 98.49% CPU
Optimizing NNI: done in 9.78626 secs using 99.47% CPU
Optimizing NNI: done in 8.07564 secs using 99.06% CPU
Optimizing NNI: done in 6.47155 secs using 99.72% CPU
Optimizing NNI: done in 4.34839 secs using 99.89% CPU
Optimizing NNI: done in 8.02337 secs using 99.51% CPU
Optimizing NNI: done in 4.5156 secs using 99.65% CPU
Optimizing NNI: done in 7.09455 secs using 100.2% CPU
Iteration 170 / LogL: -58915.310 / Time: 0h:23m:35s (0h:4m:27s left)
Optimizing NNI: done in 4.83475 secs using 99.86% CPU
Optimizing NNI: done in 7.64032 secs using 99.8% CPU
Optimizing NNI: done in 5.56754 secs using 100.2% CPU
Optimizing NNI: done in 6.67167 secs using 100% CPU
Optimizing NNI: done in 6.16252 secs using 99.9% CPU
Optimizing NNI: done in 7.88105 secs using 99.92% CPU
Optimizing NNI: done in 7.86685 secs using 98.32% CPU
Optimizing NNI: done in 5.80498 secs using 98.78% CPU
Optimizing NNI: done in 7.54193 secs using 98.41% CPU
Optimizing NNI: done in 6.204 secs using 99.99% CPU
Iteration 180 / LogL: -58901.187 / Time: 0h:24m:43s (0h:3m:2s left)
Optimizing NNI: done in 7.70951 secs using 99.71% CPU
Optimizing NNI: done in 7.88577 secs using 99.67% CPU
Optimizing NNI: done in 7.51891 secs using 99.75% CPU
Optimizing NNI: done in 9.02795 secs using 99.52% CPU
Optimizing NNI: done in 7.70509 secs using 99.57% CPU
Optimizing NNI: done in 5.48293 secs using 99.74% CPU
Optimizing NNI: done in 3.43302 secs using 100.1% CPU
Optimizing NNI: done in 7.15474 secs using 100.2% CPU
Optimizing NNI: done in 6.49902 secs using 100% CPU
Optimizing NNI: done in 6.76928 secs using 100.2% CPU
Iteration 190 / LogL: -58925.291 / Time: 0h:25m:54s (0h:1m:38s left)
Optimizing NNI: done in 4.04976 secs using 99.93% CPU
Optimizing NNI: done in 5.16921 secs using 100.1% CPU
Optimizing NNI: done in 8.0399 secs using 100.1% CPU
Optimizing NNI: done in 7.10519 secs using 99.84% CPU
Optimizing NNI: done in 7.51797 secs using 99.55% CPU
Optimizing NNI: done in 6.1203 secs using 100.1% CPU
Optimizing NNI: done in 8.82775 secs using 100% CPU
Optimizing NNI: done in 6.35227 secs using 99.87% CPU
Optimizing NNI: done in 6.43162 secs using 100.1% CPU
Optimizing NNI: done in 5.66524 secs using 100.1% CPU
Iteration 200 / LogL: -58898.739 / Time: 0h:27m:1s (0h:0m:16s left)
Log-likelihood cutoff on original alignment: -58979.137
NOTE: Bootstrap correlation coefficient of split occurrence frequencies: 0.997
Optimizing NNI: done in 7.11031 secs using 99.99% CPU
Optimizing NNI: done in 7.35701 secs using 100% CPU
Optimizing NNI: done in 4.21398 secs using 100.1% CPU
TREE SEARCH COMPLETED AFTER 203 ITERATIONS / Time: 0h:27m:23s

--------------------------------------------------------------------
|                    FINALIZING TREE SEARCH                        |
--------------------------------------------------------------------
Performs final model parameters optimization
Estimate model parameters (epsilon = 0.010)
1. Initial log-likelihood: -58895.306
Optimal log-likelihood: -58895.306
Rate parameters:  A-C: 0.76782  A-G: 8.15357  A-T: 0.92596  C-G: 0.32853  C-T: 11.99380  G-T: 1.00000
Base frequencies:  A: 0.245  C: 0.304  G: 0.251  T: 0.200
Proportion of invariable sites: 0.441
Gamma shape alpha: 1.053
Parameters optimization took 1 rounds (0.538 sec)
BEST SCORE FOUND : -58895.306
Creating bootstrap support values...
Split supports printed to NEXUS file alignments_no_probang_etc\recombinant_free_regions\O\O_637-2783_no_probang.splits.nex
Total tree length: 6.183

Total number of iterations: 203
CPU time used for tree search: 1541.109 sec (0h:25m:41s)
Wall-clock time used for tree search: 1553.096 sec (0h:25m:53s)
Total CPU time used: 1634.453 sec (0h:27m:14s)
Total wall-clock time used: 1646.490 sec (0h:27m:26s)

Computing bootstrap consensus tree...
Reading input file alignments_no_probang_etc\recombinant_free_regions\O\O_637-2783_no_probang.splits.nex...
554 taxa and 7468 splits.
Consensus tree written to alignments_no_probang_etc\recombinant_free_regions\O\O_637-2783_no_probang.contree
Reading input trees file alignments_no_probang_etc\recombinant_free_regions\O\O_637-2783_no_probang.contree
Log-likelihood of consensus tree: -58898.362

Analysis results written to: 
  IQ-TREE report:                alignments_no_probang_etc\recombinant_free_regions\O\O_637-2783_no_probang.iqtree
  Maximum-likelihood tree:       alignments_no_probang_etc\recombinant_free_regions\O\O_637-2783_no_probang.treefile
  Likelihood distances:          alignments_no_probang_etc\recombinant_free_regions\O\O_637-2783_no_probang.mldist

Ultrafast bootstrap approximation results written to:
  Split support values:          alignments_no_probang_etc\recombinant_free_regions\O\O_637-2783_no_probang.splits.nex
  Consensus tree:                alignments_no_probang_etc\recombinant_free_regions\O\O_637-2783_no_probang.contree
  Screen log file:               alignments_no_probang_etc\recombinant_free_regions\O\O_637-2783_no_probang.log

Date and Time: Thu Jan 15 16:55:41 2026
