IQ-TREE version 3.0.1 for Windows 64-bit built May  5 2025
Developed by Bui Quang Minh, Thomas Wong, Nhan Ly-Trong, Huaiyan Ren
Contributed by Lam-Tung Nguyen, Dominik Schrempf, Chris Bielow,
Olga Chernomor, Michael Woodhams, Diep Thi Hoang, Heiko Schmidt

Host:    DESKTOP-IAVMJI2 (AVX2, FMA3, 7 GB RAM)
Command: bin/iqtree3.exe -s alignments_no_probang_etc\recombinant_free_regions\SAT3\SAT3_1-574_no_probang.fasta -bb 1000 -m GTR+F+I+G -pre alignments_no_probang_etc\recombinant_free_regions\SAT3\SAT3_1-574_no_probang
Seed:    284199 (Using SPRNG - Scalable Parallel Random Number Generator)
Time:    Thu Jan 15 15:40:25 2026
Kernel:  AVX+FMA - 1 threads (8 CPU cores detected)

HINT: Use -nt option to specify number of threads because your CPU has 8 cores!
HINT: -nt AUTO will automatically determine the best number of threads to use.

Reading alignment file alignments_no_probang_etc\recombinant_free_regions\SAT3\SAT3_1-574_no_probang.fasta ... Fasta format detected
Reading fasta file: done in 0.0004462 secs
Alignment most likely contains DNA/RNA sequences
Constructing alignment: done in 0.0004994 secs
WARNING: 63 sites contain only gaps or ambiguous characters.
Alignment has 18 sequences with 637 columns, 184 distinct patterns
140 parsimony-informative, 125 singleton sites, 372 constant sites
                                                        Gap/Ambiguity  Composition  p-value
Analyzing sequences: done in 2.91001e-05 secs
   1  ON557390/ZMB/cow/2015/SAT3/I-SEZ/Unknown                  9.89%    passed     89.93%
   2  MW355677/ZAF/cattle/1979/SAT3/I-SEZ/Unknown               9.89%    passed     99.52%
   3  MW355676/ZWE/cattle/1976/SAT3/I-SEZ/Unknown               9.89%    passed     82.66%
   4  MH053352/ZWE/african-buffalo/1990/SAT3/III-NWZ/Unknown    9.89%    passed     99.14%
   5  MH053351/ZWE/cattle/1984/SAT3/II-WZ/Unknown               9.89%    passed     99.56%
   6  MH053350/ZWE/african-buffalo/1983/SAT3/I-SEZ/Unknown      9.89%    passed     95.71%
   7  MH053348/ZWE/cattle/1977/SAT3/I-SEZ/Unknown               9.89%    passed     87.40%
   8  MH053347/ZWE/cattle/1976/SAT3/I-SEZ/Unknown               9.89%    passed     86.36%
   9  MH053346/ZWE/cattle/1976/SAT3/I-SEZ/Unknown               9.89%    passed     82.66%
  10  MH053344/ZWE/cattle/1974/SAT3/I-SEZ/Unknown               9.89%    passed     99.83%
  11  MH053343/ZWE/cattle/1934/SAT3/III-NWZ/Unknown             9.89%    passed     95.71%
  12  MH053338/BWA/cattle/1966/SAT3/II-WZ/Unknown               9.89%    passed     98.40%
  13  KJ820999/UGA/cattle/2013/SAT3/V-EA/Unknown                9.89%    passed     73.82%
  14  KM268901/ZWE/cattle/1991/SAT3/I-SEZ/Unknown               9.89%    passed     96.70%
  15  AY593853/BWA/Unknown/1965/SAT3/II-WZ/Unknown              9.89%    passed     99.59%
  16  AY593852/KEN/Unknown/1960/SAT3/II-WZ/Unknown              9.89%    passed     96.63%
  17  AY593851/BWA/Unknown/1961/SAT3/II-WZ/Unknown              9.89%    passed     96.63%
  18  AY593850/ZAF/Unknown/1959/SAT3/I-SEZ/Unknown              9.89%    passed     89.07%
****  TOTAL                                                     9.89%  0 sequences failed composition chi2 test (p-value<5%; df=3)
NOTE: MH053346/ZWE/cattle/1976/SAT3/I-SEZ/Unknown is identical to MW355676/ZWE/cattle/1976/SAT3/I-SEZ/Unknown but kept for subsequent analysis
NOTE: AY593851/BWA/Unknown/1961/SAT3/II-WZ/Unknown is identical to AY593852/KEN/Unknown/1960/SAT3/II-WZ/Unknown but kept for subsequent analysis
Checking for duplicate sequences: done in 0.027203 secs
Creating fast initial parsimony tree by random order stepwise addition...
0.003 seconds, parsimony score: 600 (based on 265 sites)
Generating 1000 samples for ultrafast bootstrap (seed: 284199)...

NOTE: 1 MB RAM (0 GB) is required!
Estimate model parameters (epsilon = 0.100)
Thoroughly optimizing +I+G parameters from 10 start values...
Init pinv, alpha: 0.000, 1.000 / Estimate: 0.000, 0.194 / LogL: -3216.629
Init pinv, alpha: 0.065, 1.000 / Estimate: 0.078, 0.217 / LogL: -3214.634
Init pinv, alpha: 0.130, 1.000 / Estimate: 0.144, 0.247 / LogL: -3213.425
Init pinv, alpha: 0.195, 1.000 / Estimate: 0.211, 0.286 / LogL: -3212.445
Init pinv, alpha: 0.260, 1.000 / Estimate: 0.283, 0.338 / LogL: -3211.224
Init pinv, alpha: 0.324, 1.000 / Estimate: 0.329, 0.377 / LogL: -3210.538
Init pinv, alpha: 0.389, 1.000 / Estimate: 0.374, 0.431 / LogL: -3210.314
Init pinv, alpha: 0.454, 1.000 / Estimate: 0.435, 0.553 / LogL: -3210.593
Init pinv, alpha: 0.519, 1.000 / Estimate: 0.457, 0.628 / LogL: -3210.593
Init pinv, alpha: 0.584, 1.000 / Estimate: 0.465, 0.646 / LogL: -3210.402
Optimal pinv,alpha: 0.374, 0.431 / LogL: -3210.314

Parameters optimization took 0.883 sec
Wrote distance file to... 
Computing ML distances based on estimated model parameters...
Calculating distance matrix: done in 0.003912 secs
Computing ML distances took 0.011879 sec (of wall-clock time) 0.000000 sec (of CPU time)
Setting up auxiliary I and S matrices: done in 6.36e-05 secs
Constructing RapidNJ tree: done in 0.0001477 secs
Computing RapidNJ tree took 0.024940 sec (of wall-clock time) 0.000000 sec (of CPU time)
Log-likelihood of RapidNJ tree: -3240.152
--------------------------------------------------------------------
|             INITIALIZING CANDIDATE TREE SET                      |
--------------------------------------------------------------------
Generating 98 parsimony trees... 0.182 second
Computing log-likelihood of 98 initial trees ... 0.257 seconds
Current best score: -3210.314

Do NNI search on 20 best initial trees
Optimizing NNI: done in 0.0739638 secs using 105.6% CPU
Estimate model parameters (epsilon = 0.100)
BETTER TREE FOUND at iteration 1: -3207.518
Optimizing NNI: done in 0.0600678 secs using 104% CPU
Estimate model parameters (epsilon = 0.100)
BETTER TREE FOUND at iteration 2: -3206.513
Optimizing NNI: done in 0.0932796 secs using 100.5% CPU
Optimizing NNI: done in 0.108307 secs using 43.28% CPU
Optimizing NNI: done in 0.066356 secs using 94.19% CPU
Optimizing NNI: done in 0.0866636 secs using 72.12% CPU
Optimizing NNI: done in 0.0860722 secs using 108.9% CPU
Optimizing NNI: done in 0.053786 secs using 87.15% CPU
Optimizing NNI: done in 0.0582639 secs using 80.45% CPU
Optimizing NNI: done in 0.0715551 secs using 87.35% CPU
Iteration 10 / LogL: -3206.577 / Time: 0h:0m:2s
Optimizing NNI: done in 0.0590407 secs using 105.9% CPU
Optimizing NNI: done in 0.0559299 secs using 111.7% CPU
Optimizing NNI: done in 0.0713844 secs using 109.4% CPU
Optimizing NNI: done in 0.0510612 secs using 91.8% CPU
Optimizing NNI: done in 0.0446731 secs using 104.9% CPU
Optimizing NNI: done in 0.0416628 secs using 112.5% CPU
Optimizing NNI: done in 0.0475286 secs using 98.62% CPU
Optimizing NNI: done in 0.0540211 secs using 86.77% CPU
Optimizing NNI: done in 0.0535756 secs using 87.49% CPU
Optimizing NNI: done in 0.0611074 secs using 102.3% CPU
Iteration 20 / LogL: -3207.449 / Time: 0h:0m:3s
Finish initializing candidate tree set (13)
Current best tree score: -3206.513 / CPU time: 2.205
Number of iterations: 20
--------------------------------------------------------------------
|               OPTIMIZING CANDIDATE TREE SET                      |
--------------------------------------------------------------------
Optimizing NNI: done in 0.0500409 secs using 93.67% CPU
Optimizing NNI: done in 0.0458005 secs using 102.3% CPU
Optimizing NNI: done in 0.0596462 secs using 78.59% CPU
Optimizing NNI: done in 0.0339154 secs using 92.14% CPU
Optimizing NNI: done in 0.0337776 secs using 92.52% CPU
Optimizing NNI: done in 0.0330575 secs using 94.53% CPU
Optimizing NNI: done in 0.0494728 secs using 94.75% CPU
Optimizing NNI: done in 0.0477309 secs using 98.21% CPU
Optimizing NNI: done in 0.0370085 secs using 84.44% CPU
Optimizing NNI: done in 0.0480614 secs using 97.53% CPU
Iteration 30 / LogL: -3206.578 / Time: 0h:0m:3s (0h:0m:9s left)
Optimizing NNI: done in 0.0445479 secs using 105.2% CPU
Optimizing NNI: done in 0.0326108 secs using 95.83% CPU
Optimizing NNI: done in 0.0513687 secs using 91.25% CPU
Optimizing NNI: done in 0.0104983 secs
Optimizing NNI: done in 0.0363383 secs using 86% CPU
Estimate model parameters (epsilon = 0.100)
UPDATE BEST LOG-LIKELIHOOD: -3206.430
Optimizing NNI: done in 0.0318372 secs using 98.16% CPU
Optimizing NNI: done in 0.035039 secs using 133.8% CPU
Optimizing NNI: done in 0.0459887 secs using 67.95% CPU
Optimizing NNI: done in 0.0494642 secs using 94.77% CPU
Optimizing NNI: done in 0.0644313 secs using 72.75% CPU
Iteration 40 / LogL: -3206.576 / Time: 0h:0m:4s (0h:0m:7s left)
Optimizing NNI: done in 0.0203588 secs using 76.75% CPU
Optimizing NNI: done in 0.0473866 secs using 98.92% CPU
Optimizing NNI: done in 0.0383988 secs using 81.38% CPU
Optimizing NNI: done in 0.0338676 secs using 92.27% CPU
Optimizing NNI: done in 0.0398873 secs using 78.35% CPU
Optimizing NNI: done in 0.05381 secs using 87.11% CPU
Optimizing NNI: done in 0.0383563 secs using 122.2% CPU
Optimizing NNI: done in 0.0369259 secs using 126.9% CPU
Optimizing NNI: done in 0.0532732 secs using 87.99% CPU
Optimizing NNI: done in 0.0309681 secs using 100.9% CPU
Iteration 50 / LogL: -3206.576 / Time: 0h:0m:4s (0h:0m:5s left)
Log-likelihood cutoff on original alignment: -3232.918
Optimizing NNI: done in 0.0350441 secs using 133.8% CPU
Optimizing NNI: done in 0.0383589 secs using 122.2% CPU
Estimate model parameters (epsilon = 0.100)
UPDATE BEST LOG-LIKELIHOOD: -3206.388
Optimizing NNI: done in 0.0386213 secs using 121.4% CPU
Estimate model parameters (epsilon = 0.100)
UPDATE BEST LOG-LIKELIHOOD: -3206.255
Optimizing NNI: done in 0.0426909 secs using 109.8% CPU
Optimizing NNI: done in 0.0217801 secs using 71.74% CPU
Optimizing NNI: done in 0.0440565 secs using 106.4% CPU
Optimizing NNI: done in 0.028938 secs using 53.99% CPU
Optimizing NNI: done in 0.034153 secs using 91.5% CPU
Optimizing NNI: done in 0.0177405 secs using 88.08% CPU
Estimate model parameters (epsilon = 0.100)
UPDATE BEST LOG-LIKELIHOOD: -3206.205
Optimizing NNI: done in 0.0497482 secs using 94.22% CPU
Iteration 60 / LogL: -3206.575 / Time: 0h:0m:5s (0h:0m:3s left)
Optimizing NNI: done in 0.0481859 secs using 97.28% CPU
Optimizing NNI: done in 0.038225 secs using 81.75% CPU
Optimizing NNI: done in 0.0527739 secs using 88.82% CPU
Optimizing NNI: done in 0.0448777 secs using 104.5% CPU
Optimizing NNI: done in 0.0317385 secs using 98.46% CPU
Optimizing NNI: done in 0.0494057 secs using 63.25% CPU
Optimizing NNI: done in 0.0269218 secs using 116.1% CPU
Optimizing NNI: done in 0.0348061 secs using 134.7% CPU
Optimizing NNI: done in 0.0588469 secs using 79.66% CPU
Optimizing NNI: done in 0.0184688 secs
Estimate model parameters (epsilon = 0.100)
UPDATE BEST LOG-LIKELIHOOD: -3206.177
Iteration 70 / LogL: -3206.177 / Time: 0h:0m:6s (0h:0m:2s left)
Optimizing NNI: done in 0.0496631 secs using 94.39% CPU
Optimizing NNI: done in 0.0329608 secs using 94.81% CPU
Optimizing NNI: done in 0.0314248 secs using 99.44% CPU
Optimizing NNI: done in 0.0323861 secs using 96.49% CPU
Optimizing NNI: done in 0.0234468 secs using 133.3% CPU
Optimizing NNI: done in 0.0321829 secs using 97.1% CPU
Optimizing NNI: done in 0.0521936 secs using 89.81% CPU
Optimizing NNI: done in 0.0391941 secs using 79.73% CPU
Optimizing NNI: done in 0.0530216 secs using 88.41% CPU
Optimizing NNI: done in 0.0501735 secs using 93.43% CPU
Iteration 80 / LogL: -3206.527 / Time: 0h:0m:6s (0h:0m:1s left)
Optimizing NNI: done in 0.0485076 secs using 96.63% CPU
Optimizing NNI: done in 0.0405277 secs using 115.7% CPU
Optimizing NNI: done in 0.0504504 secs using 123.9% CPU
Optimizing NNI: done in 0.0710948 secs using 109.9% CPU
Optimizing NNI: done in 0.0338047 secs using 92.44% CPU
Optimizing NNI: done in 0.0371978 secs using 84.01% CPU
Optimizing NNI: done in 0.0578609 secs using 108% CPU
Optimizing NNI: done in 0.0100106 secs using 156.1% CPU
Optimizing NNI: done in 0.0511395 secs using 122.2% CPU
Optimizing NNI: done in 0.0364675 secs using 128.5% CPU
Iteration 90 / LogL: -3206.507 / Time: 0h:0m:7s (0h:0m:0s left)
Optimizing NNI: done in 0.0468342 secs using 100.1% CPU
Optimizing NNI: done in 0.0352156 secs using 133.1% CPU
Optimizing NNI: done in 0.0263182 secs using 118.7% CPU
Optimizing NNI: done in 0.0434691 secs using 107.8% CPU
Optimizing NNI: done in 0.0441699 secs using 106.1% CPU
Optimizing NNI: done in 0.0268043 secs using 58.29% CPU
Optimizing NNI: done in 0.12426 secs using 50.3% CPU
Optimizing NNI: done in 0.0830765 secs using 75.23% CPU
Optimizing NNI: done in 0.0402976 secs using 77.55% CPU
Optimizing NNI: done in 0.0621055 secs using 100.6% CPU
Iteration 100 / LogL: -3206.576 / Time: 0h:0m:7s (0h:0m:0s left)
Log-likelihood cutoff on original alignment: -3232.918
NOTE: Bootstrap correlation coefficient of split occurrence frequencies: 0.984
NOTE: UFBoot does not converge, continue at least 100 more iterations
Optimizing NNI: done in 0.0468755 secs using 66.67% CPU
Optimizing NNI: done in 0.0590666 secs using 105.8% CPU
Optimizing NNI: done in 0.0368255 secs using 84.86% CPU
Optimizing NNI: done in 0.0480797 secs using 97.49% CPU
Optimizing NNI: done in 0.0498077 secs using 94.11% CPU
Optimizing NNI: done in 0.0597083 secs using 104.7% CPU
Optimizing NNI: done in 0.0990122 secs using 78.9% CPU
Optimizing NNI: done in 0.0679039 secs using 92.04% CPU
Optimizing NNI: done in 0.0433752 secs using 108.1% CPU
Optimizing NNI: done in 0.0588886 secs using 106.1% CPU
Iteration 110 / LogL: -3206.558 / Time: 0h:0m:8s (0h:0m:7s left)
Optimizing NNI: done in 0.0375268 secs using 83.27% CPU
Optimizing NNI: done in 0.0646504 secs using 96.67% CPU
Optimizing NNI: done in 0.0630334 secs using 99.15% CPU
Optimizing NNI: done in 0.0710053 secs using 88.02% CPU
Optimizing NNI: done in 0.0439304 secs using 35.57% CPU
Optimizing NNI: done in 0.0099336 secs using 157.3% CPU
Optimizing NNI: done in 0.0564425 secs using 83.05% CPU
Optimizing NNI: done in 0.0452864 secs using 103.5% CPU
Optimizing NNI: done in 0.0494484 secs using 94.8% CPU
Optimizing NNI: done in 0.0757487 secs using 103.1% CPU
Iteration 120 / LogL: -3208.403 / Time: 0h:0m:9s (0h:0m:6s left)
Optimizing NNI: done in 0.0412313 secs using 75.79% CPU
Optimizing NNI: done in 0.0679699 secs using 91.95% CPU
Optimizing NNI: done in 0.0535396 secs using 116.7% CPU
Optimizing NNI: done in 0.0358356 secs using 87.2% CPU
Optimizing NNI: done in 0.0488475 secs using 95.96% CPU
Optimizing NNI: done in 0.0460394 secs using 101.8% CPU
Optimizing NNI: done in 0.0328355 secs using 95.17% CPU
Optimizing NNI: done in 0.0372465 secs using 125.9% CPU
Optimizing NNI: done in 0.0655677 secs using 95.32% CPU
Optimizing NNI: done in 0.13001 secs using 72.11% CPU
Iteration 130 / LogL: -3206.575 / Time: 0h:0m:10s (0h:0m:5s left)
Optimizing NNI: done in 0.0720524 secs using 108.4% CPU
Optimizing NNI: done in 0.0480687 secs using 97.52% CPU
Optimizing NNI: done in 0.0416518 secs using 112.5% CPU
Optimizing NNI: done in 0.010547 secs using 148.1% CPU
Optimizing NNI: done in 0.0329191 secs using 142.4% CPU
Optimizing NNI: done in 0.0471278 secs using 99.46% CPU
Optimizing NNI: done in 0.039115 secs using 119.8% CPU
Optimizing NNI: done in 0.0457936 secs using 68.24% CPU
Optimizing NNI: done in 0.0477126 secs using 98.24% CPU
Optimizing NNI: done in 0.0358929 secs using 130.6% CPU
Iteration 140 / LogL: -3206.476 / Time: 0h:0m:10s (0h:0m:4s left)
Optimizing NNI: done in 0.0387217 secs using 80.7% CPU
Optimizing NNI: done in 0.0382791 secs using 81.64% CPU
Optimizing NNI: done in 0.056056 secs using 111.5% CPU
Optimizing NNI: done in 0.0255287 secs using 61.21% CPU
Optimizing NNI: done in 0.0234498 secs using 133.3% CPU
Optimizing NNI: done in 0.0582515 secs using 80.47% CPU
Optimizing NNI: done in 0.0435595 secs using 107.6% CPU
Optimizing NNI: done in 0.0327786 secs using 95.34% CPU
Optimizing NNI: done in 0.0481854 secs using 97.28% CPU
Optimizing NNI: done in 0.0639415 secs using 97.75% CPU
Iteration 150 / LogL: -3206.576 / Time: 0h:0m:11s (0h:0m:3s left)
Log-likelihood cutoff on original alignment: -3232.057
Optimizing NNI: done in 0.0366938 secs using 85.16% CPU
Optimizing NNI: done in 0.0164397 secs
Optimizing NNI: done in 0.0438363 secs using 106.9% CPU
Optimizing NNI: done in 0.0302601 secs using 103.3% CPU
Optimizing NNI: done in 0.0541576 secs using 86.55% CPU
Optimizing NNI: done in 0.0326927 secs using 95.59% CPU
Optimizing NNI: done in 0.0369258 secs using 84.63% CPU
Optimizing NNI: done in 0.0391925 secs using 79.73% CPU
Optimizing NNI: done in 0.042916 secs using 109.2% CPU
Optimizing NNI: done in 0.0331005 secs using 94.41% CPU
Iteration 160 / LogL: -3206.575 / Time: 0h:0m:11s (0h:0m:2s left)
Optimizing NNI: done in 0.0546965 secs using 114.3% CPU
Optimizing NNI: done in 0.0389613 secs using 80.21% CPU
Optimizing NNI: done in 0.0261199 secs using 119.6% CPU
Optimizing NNI: done in 0.0747289 secs using 62.73% CPU
Optimizing NNI: done in 0.0438788 secs using 106.8% CPU
Optimizing NNI: done in 0.0595863 secs using 104.9% CPU
Optimizing NNI: done in 0.0073359 secs
Optimizing NNI: done in 0.0350408 secs using 133.8% CPU
Optimizing NNI: done in 0.0527751 secs using 88.82% CPU
Optimizing NNI: done in 0.0304111 secs using 102.8% CPU
Iteration 170 / LogL: -3206.576 / Time: 0h:0m:12s (0h:0m:2s left)
Optimizing NNI: done in 0.0394887 secs using 79.14% CPU
Optimizing NNI: done in 0.0748286 secs using 104.4% CPU
Optimizing NNI: done in 0.0425599 secs using 110.1% CPU
Optimizing NNI: done in 0.0415296 secs using 112.9% CPU
Optimizing NNI: done in 0.0210039 secs using 148.8% CPU
Optimizing NNI: done in 0.0536293 secs using 87.41% CPU
Optimizing NNI: done in 0.0431782 secs using 108.6% CPU
Optimizing NNI: done in 0.0329228 secs using 94.92% CPU
Optimizing NNI: done in 0.0484122 secs using 129.1% CPU
Optimizing NNI: done in 0.0508585 secs using 122.9% CPU
Iteration 180 / LogL: -3206.576 / Time: 0h:0m:12s (0h:0m:1s left)
Optimizing NNI: done in 0.116714 secs using 66.94% CPU
Optimizing NNI: done in 0.039153 secs using 79.82% CPU
Optimizing NNI: done in 0.0457914 secs using 102.4% CPU
Optimizing NNI: done in 0.0498303 secs using 94.07% CPU
Optimizing NNI: done in 0.0430406 secs using 108.9% CPU
Optimizing NNI: done in 0.0397097 secs using 118% CPU
Optimizing NNI: done in 0.0561649 secs using 111.3% CPU
Optimizing NNI: done in 0.048185 secs using 97.28% CPU
Optimizing NNI: done in 0.0357229 secs using 131.2% CPU
Optimizing NNI: done in 0.0258346 secs using 121% CPU
Iteration 190 / LogL: -3211.863 / Time: 0h:0m:13s (0h:0m:0s left)
Optimizing NNI: done in 0.0458487 secs using 102.2% CPU
Optimizing NNI: done in 0.0293414 secs using 106.5% CPU
Optimizing NNI: done in 0.0460834 secs using 101.7% CPU
Optimizing NNI: done in 0.03703 secs using 84.39% CPU
Optimizing NNI: done in 0.0278078 secs using 112.4% CPU
Optimizing NNI: done in 0.0513018 secs using 91.37% CPU
Optimizing NNI: done in 0.0751152 secs using 104% CPU
Optimizing NNI: done in 0.0608344 secs using 77.05% CPU
Optimizing NNI: done in 0.0690564 secs using 113.1% CPU
Optimizing NNI: done in 0.0361726 secs using 129.6% CPU
Iteration 200 / LogL: -3206.576 / Time: 0h:0m:14s (0h:0m:0s left)
Log-likelihood cutoff on original alignment: -3232.057
NOTE: Bootstrap correlation coefficient of split occurrence frequencies: 0.989
NOTE: UFBoot does not converge, continue at least 100 more iterations
Optimizing NNI: done in 0.0136126 secs
Optimizing NNI: done in 0.0582713 secs using 107.3% CPU
Optimizing NNI: done in 0.0533984 secs using 87.78% CPU
Optimizing NNI: done in 0.0439306 secs using 106.7% CPU
Optimizing NNI: done in 0.0436184 secs using 107.5% CPU
Optimizing NNI: done in 0.0647882 secs using 96.47% CPU
Optimizing NNI: done in 0.0518523 secs using 120.5% CPU
Optimizing NNI: done in 0.0325637 secs using 95.97% CPU
Optimizing NNI: done in 0.0647753 secs using 96.49% CPU
Optimizing NNI: done in 0.100129 secs using 62.42% CPU
Iteration 210 / LogL: -3206.404 / Time: 0h:0m:15s (0h:0m:6s left)
Optimizing NNI: done in 0.0498227 secs using 94.08% CPU
Optimizing NNI: done in 0.0880386 secs using 106.5% CPU
Optimizing NNI: done in 0.0306382 secs using 102% CPU
Optimizing NNI: done in 0.0490701 secs using 95.53% CPU
Optimizing NNI: done in 0.0378522 secs using 82.56% CPU
Optimizing NNI: done in 0.0508927 secs using 122.8% CPU
Optimizing NNI: done in 0.0416508 secs using 75.03% CPU
Optimizing NNI: done in 0.0565098 secs using 110.6% CPU
Optimizing NNI: done in 0.0380389 secs using 82.15% CPU
Optimizing NNI: done in 0.0217476 secs using 143.7% CPU
Iteration 220 / LogL: -3206.576 / Time: 0h:0m:15s (0h:0m:5s left)
Optimizing NNI: done in 0.0446065 secs using 105.1% CPU
Optimizing NNI: done in 0.0637596 secs using 98.02% CPU
Optimizing NNI: done in 0.0403043 secs using 77.54% CPU
Optimizing NNI: done in 0.0375778 secs using 124.7% CPU
Optimizing NNI: done in 0.0684463 secs using 91.31% CPU
Optimizing NNI: done in 0.04212 secs using 111.3% CPU
Optimizing NNI: done in 0.0594188 secs using 105.2% CPU
Optimizing NNI: done in 0.0349986 secs using 89.29% CPU
Optimizing NNI: done in 0.0455668 secs using 102.9% CPU
Optimizing NNI: done in 0.0689738 secs using 113.3% CPU
Iteration 230 / LogL: -3206.543 / Time: 0h:0m:16s (0h:0m:4s left)
Optimizing NNI: done in 0.0291612 secs using 107.2% CPU
Optimizing NNI: done in 0.066014 secs using 94.68% CPU
Optimizing NNI: done in 0.0681157 secs using 114.7% CPU
Optimizing NNI: done in 0.0559391 secs using 111.7% CPU
Optimizing NNI: done in 0.0416016 secs using 75.12% CPU
Optimizing NNI: done in 0.039873 secs using 117.6% CPU
Optimizing NNI: done in 0.0501783 secs using 93.42% CPU
Optimizing NNI: done in 0.0450231 secs using 104.1% CPU
Optimizing NNI: done in 0.0420595 secs using 111.4% CPU
Optimizing NNI: done in 0.0351869 secs using 88.81% CPU
Iteration 240 / LogL: -3206.491 / Time: 0h:0m:17s (0h:0m:4s left)
Optimizing NNI: done in 0.0731575 secs using 106.8% CPU
Optimizing NNI: done in 0.0505992 secs using 92.64% CPU
Optimizing NNI: done in 0.0798957 secs using 78.23% CPU
Optimizing NNI: done in 0.0693311 secs using 67.61% CPU
Optimizing NNI: done in 0.0539736 secs using 115.8% CPU
Optimizing NNI: done in 0.0520712 secs using 90.02% CPU
Optimizing NNI: done in 0.026721 secs using 116.9% CPU
Optimizing NNI: done in 0.0603969 secs using 103.5% CPU
Optimizing NNI: done in 0.0473537 secs using 98.99% CPU
Optimizing NNI: done in 0.0478606 secs using 97.94% CPU
Iteration 250 / LogL: -3206.575 / Time: 0h:0m:17s (0h:0m:3s left)
Log-likelihood cutoff on original alignment: -3232.057
Optimizing NNI: done in 0.0683932 secs using 91.38% CPU
Optimizing NNI: done in 0.0593593 secs using 105.3% CPU
Optimizing NNI: done in 0.0528941 secs using 88.62% CPU
Optimizing NNI: done in 0.0584325 secs using 80.22% CPU
Optimizing NNI: done in 0.0357112 secs using 87.51% CPU
Optimizing NNI: done in 0.0408689 secs using 114.7% CPU
Optimizing NNI: done in 0.0425107 secs using 110.3% CPU
Optimizing NNI: done in 0.0294925 secs using 106% CPU
Optimizing NNI: done in 0.037823 secs using 123.9% CPU
Optimizing NNI: done in 0.0673237 secs using 92.84% CPU
Iteration 260 / LogL: -3206.430 / Time: 0h:0m:18s (0h:0m:2s left)
Optimizing NNI: done in 0.0422144 secs using 111% CPU
Optimizing NNI: done in 0.0419431 secs using 74.51% CPU
Optimizing NNI: done in 0.0773649 secs using 101% CPU
Optimizing NNI: done in 0.0492625 secs using 95.15% CPU
Optimizing NNI: done in 0.0730118 secs using 85.6% CPU
Optimizing NNI: done in 0.0575802 secs using 81.41% CPU
Optimizing NNI: done in 0.0509021 secs using 92.09% CPU
Optimizing NNI: done in 0.0383916 secs using 40.7% CPU
Optimizing NNI: done in 0.0451669 secs using 103.8% CPU
Optimizing NNI: done in 0.0441244 secs using 106.2% CPU
Iteration 270 / LogL: -3206.575 / Time: 0h:0m:19s (0h:0m:2s left)
Optimizing NNI: done in 0.105235 secs using 74.24% CPU
Optimizing NNI: done in 0.0723772 secs using 107.9% CPU
Optimizing NNI: done in 0.0513745 secs using 91.24% CPU
Optimizing NNI: done in 0.0529817 secs using 88.47% CPU
Optimizing NNI: done in 0.0518837 secs using 90.35% CPU
Optimizing NNI: done in 0.0838037 secs using 111.9% CPU
Optimizing NNI: done in 0.0607572 secs using 102.9% CPU
Optimizing NNI: done in 0.0891732 secs using 105.1% CPU
Optimizing NNI: done in 0.0716026 secs using 109.1% CPU
Optimizing NNI: done in 0.0615749 secs using 76.13% CPU
Iteration 280 / LogL: -3206.508 / Time: 0h:0m:20s (0h:0m:1s left)
Optimizing NNI: done in 0.0475868 secs using 98.5% CPU
Optimizing NNI: done in 0.0459542 secs using 102% CPU
Optimizing NNI: done in 0.0536288 secs using 87.41% CPU
Optimizing NNI: done in 0.0679877 secs using 91.93% CPU
Optimizing NNI: done in 0.0472687 secs using 99.17% CPU
Optimizing NNI: done in 0.0589358 secs using 106% CPU
Optimizing NNI: done in 0.0490257 secs using 95.61% CPU
Optimizing NNI: done in 0.0499405 secs using 93.86% CPU
Optimizing NNI: done in 0.0307739 secs using 101.5% CPU
Optimizing NNI: done in 0.0550492 secs using 113.5% CPU
Iteration 290 / LogL: -3206.575 / Time: 0h:0m:20s (0h:0m:0s left)
Optimizing NNI: done in 0.0354779 secs using 88.08% CPU
Optimizing NNI: done in 0.051866 secs using 90.38% CPU
Optimizing NNI: done in 0.0470166 secs using 99.7% CPU
Optimizing NNI: done in 0.0588187 secs using 106.3% CPU
Optimizing NNI: done in 0.0608769 secs using 77% CPU
Optimizing NNI: done in 0.0114989 secs
Optimizing NNI: done in 0.0738871 secs using 105.7% CPU
Optimizing NNI: done in 0.0518946 secs using 90.33% CPU
Optimizing NNI: done in 0.0394169 secs using 118.9% CPU
Optimizing NNI: done in 0.025153 secs using 62.12% CPU
Iteration 300 / LogL: -3206.182 / Time: 0h:0m:21s (0h:0m:0s left)
Log-likelihood cutoff on original alignment: -3232.057
NOTE: Bootstrap correlation coefficient of split occurrence frequencies: 0.996
TREE SEARCH COMPLETED AFTER 300 ITERATIONS / Time: 0h:0m:21s

--------------------------------------------------------------------
|                    FINALIZING TREE SEARCH                        |
--------------------------------------------------------------------
Performs final model parameters optimization
Estimate model parameters (epsilon = 0.010)
1. Initial log-likelihood: -3206.177
Optimal log-likelihood: -3206.176
Rate parameters:  A-C: 0.92503  A-G: 6.19686  A-T: 1.01002  C-G: 0.91136  C-T: 10.51982  G-T: 1.00000
Base frequencies:  A: 0.254  C: 0.276  G: 0.238  T: 0.233
Proportion of invariable sites: 0.367
Gamma shape alpha: 0.426
Parameters optimization took 1 rounds (0.022 sec)
BEST SCORE FOUND : -3206.176
Creating bootstrap support values...
Split supports printed to NEXUS file alignments_no_probang_etc\recombinant_free_regions\SAT3\SAT3_1-574_no_probang.splits.nex
Total tree length: 9.364

Total number of iterations: 300
CPU time used for tree search: 18.406 sec (0h:0m:18s)
Wall-clock time used for tree search: 20.452 sec (0h:0m:20s)
Total CPU time used: 19.344 sec (0h:0m:19s)
Total wall-clock time used: 21.787 sec (0h:0m:21s)

Computing bootstrap consensus tree...
Reading input file alignments_no_probang_etc\recombinant_free_regions\SAT3\SAT3_1-574_no_probang.splits.nex...
18 taxa and 180 splits.
Consensus tree written to alignments_no_probang_etc\recombinant_free_regions\SAT3\SAT3_1-574_no_probang.contree
Reading input trees file alignments_no_probang_etc\recombinant_free_regions\SAT3\SAT3_1-574_no_probang.contree
Log-likelihood of consensus tree: -3206.598

Analysis results written to: 
  IQ-TREE report:                alignments_no_probang_etc\recombinant_free_regions\SAT3\SAT3_1-574_no_probang.iqtree
  Maximum-likelihood tree:       alignments_no_probang_etc\recombinant_free_regions\SAT3\SAT3_1-574_no_probang.treefile
  Likelihood distances:          alignments_no_probang_etc\recombinant_free_regions\SAT3\SAT3_1-574_no_probang.mldist

Ultrafast bootstrap approximation results written to:
  Split support values:          alignments_no_probang_etc\recombinant_free_regions\SAT3\SAT3_1-574_no_probang.splits.nex
  Consensus tree:                alignments_no_probang_etc\recombinant_free_regions\SAT3\SAT3_1-574_no_probang.contree
  Screen log file:               alignments_no_probang_etc\recombinant_free_regions\SAT3\SAT3_1-574_no_probang.log

Date and Time: Thu Jan 15 15:40:47 2026
