IQ-TREE version 3.0.1 for Windows 64-bit built May  5 2025
Developed by Bui Quang Minh, Thomas Wong, Nhan Ly-Trong, Huaiyan Ren
Contributed by Lam-Tung Nguyen, Dominik Schrempf, Chris Bielow,
Olga Chernomor, Michael Woodhams, Diep Thi Hoang, Heiko Schmidt

Host:    DESKTOP-IAVMJI2 (AVX2, FMA3, 7 GB RAM)
Command: bin/iqtree3.exe -s alignments_no_probang_etc\recombinant_free_regions\SAT3\SAT3_4276-7008_no_probang.fasta -bb 1000 -m GTR+F+I+G -pre alignments_no_probang_etc\recombinant_free_regions\SAT3\SAT3_4276-7008_no_probang
Seed:    996119 (Using SPRNG - Scalable Parallel Random Number Generator)
Time:    Thu Jan 15 15:34:49 2026
Kernel:  AVX+FMA - 1 threads (8 CPU cores detected)

HINT: Use -nt option to specify number of threads because your CPU has 8 cores!
HINT: -nt AUTO will automatically determine the best number of threads to use.

Reading alignment file alignments_no_probang_etc\recombinant_free_regions\SAT3\SAT3_4276-7008_no_probang.fasta ... Fasta format detected
Reading fasta file: done in 0.0025301 secs
Alignment most likely contains DNA/RNA sequences
Constructing alignment: done in 0.0039213 secs using 398.5% CPU
WARNING: 72 sites contain only gaps or ambiguous characters.
Alignment has 18 sequences with 2805 columns, 423 distinct patterns
358 parsimony-informative, 304 singleton sites, 2143 constant sites
                                                        Gap/Ambiguity  Composition  p-value
Analyzing sequences: done in 6.44e-05 secs
   1  ON557390/ZMB/cow/2015/SAT3/I-SEZ/Unknown                  2.57%    passed     98.70%
   2  MW355677/ZAF/cattle/1979/SAT3/I-SEZ/Unknown               2.57%    passed     83.56%
   3  MW355676/ZWE/cattle/1976/SAT3/I-SEZ/Unknown               2.57%    passed     99.47%
   4  MH053352/ZWE/african-buffalo/1990/SAT3/III-NWZ/Unknown    2.57%    passed     97.19%
   5  MH053351/ZWE/cattle/1984/SAT3/II-WZ/Unknown               2.57%    passed     99.20%
   6  MH053350/ZWE/african-buffalo/1983/SAT3/I-SEZ/Unknown      2.57%    passed     99.67%
   7  MH053348/ZWE/cattle/1977/SAT3/I-SEZ/Unknown               2.57%    passed     99.69%
   8  MH053347/ZWE/cattle/1976/SAT3/I-SEZ/Unknown               2.57%    passed     97.72%
   9  MH053346/ZWE/cattle/1976/SAT3/I-SEZ/Unknown               2.57%    passed     99.20%
  10  MH053344/ZWE/cattle/1974/SAT3/I-SEZ/Unknown               2.57%    passed     98.74%
  11  MH053343/ZWE/cattle/1934/SAT3/III-NWZ/Unknown             2.57%    passed     99.36%
  12  MH053338/BWA/cattle/1966/SAT3/II-WZ/Unknown               2.57%    passed     98.80%
  13  KJ820999/UGA/cattle/2013/SAT3/V-EA/Unknown                2.57%    passed     56.45%
  14  KM268901/ZWE/cattle/1991/SAT3/I-SEZ/Unknown               2.57%    passed     75.23%
  15  AY593853/BWA/Unknown/1965/SAT3/II-WZ/Unknown              2.57%    passed     99.27%
  16  AY593852/KEN/Unknown/1960/SAT3/II-WZ/Unknown              2.57%    passed     97.26%
  17  AY593851/BWA/Unknown/1961/SAT3/II-WZ/Unknown              2.57%    passed     98.38%
  18  AY593850/ZAF/Unknown/1959/SAT3/I-SEZ/Unknown              2.57%    passed     93.74%
****  TOTAL                                                     2.57%  0 sequences failed composition chi2 test (p-value<5%; df=3)
Checking for duplicate sequences: done in 0.0001436 secs
Creating fast initial parsimony tree by random order stepwise addition...
0.007 seconds, parsimony score: 1325 (based on 662 sites)
Generating 1000 samples for ultrafast bootstrap (seed: 996119)...

NOTE: 2 MB RAM (0 GB) is required!
Estimate model parameters (epsilon = 0.100)
Thoroughly optimizing +I+G parameters from 10 start values...
Init pinv, alpha: 0.000, 1.000 / Estimate: 0.000, 0.152 / LogL: -10047.214
Init pinv, alpha: 0.085, 1.000 / Estimate: 0.459, 0.375 / LogL: -10006.308
Init pinv, alpha: 0.170, 1.000 / Estimate: 0.458, 0.374 / LogL: -10006.354
Init pinv, alpha: 0.255, 1.000 / Estimate: 0.457, 0.372 / LogL: -10006.391
Init pinv, alpha: 0.340, 1.000 / Estimate: 0.458, 0.374 / LogL: -10006.340
Init pinv, alpha: 0.424, 1.000 / Estimate: 0.459, 0.375 / LogL: -10006.320
Init pinv, alpha: 0.509, 1.000 / Estimate: 0.513, 0.456 / LogL: -10005.071
Init pinv, alpha: 0.594, 1.000 / Estimate: 0.582, 0.624 / LogL: -10005.555
Init pinv, alpha: 0.679, 1.000 / Estimate: 0.586, 0.637 / LogL: -10005.686
Init pinv, alpha: 0.764, 1.000 / Estimate: 0.585, 0.636 / LogL: -10005.677
Optimal pinv,alpha: 0.513, 0.456 / LogL: -10005.071

Parameters optimization took 5.226 sec
Wrote distance file to... 
Computing ML distances based on estimated model parameters...
Calculating distance matrix: done in 0.0042237 secs using 369.9% CPU
Computing ML distances took 0.031734 sec (of wall-clock time) 0.015625 sec (of CPU time)
Setting up auxiliary I and S matrices: done in 8.57003e-05 secs
Constructing RapidNJ tree: done in 0.0001587 secs
Computing RapidNJ tree took 0.008416 sec (of wall-clock time) 0.000000 sec (of CPU time)
Log-likelihood of RapidNJ tree: -9990.998
--------------------------------------------------------------------
|             INITIALIZING CANDIDATE TREE SET                      |
--------------------------------------------------------------------
Generating 98 parsimony trees... 0.207 second
Computing log-likelihood of 98 initial trees ... 0.419 seconds
Current best score: -9976.600

Do NNI search on 20 best initial trees
Optimizing NNI: done in 0.0740157 secs using 84.44% CPU
Estimate model parameters (epsilon = 0.100)
BETTER TREE FOUND at iteration 1: -9970.812
Optimizing NNI: done in 0.0707733 secs using 110.4% CPU
Optimizing NNI: done in 0.101576 secs using 107.7% CPU
Optimizing NNI: done in 0.0711504 secs using 109.8% CPU
Optimizing NNI: done in 0.0651759 secs using 95.89% CPU
Optimizing NNI: done in 0.0734826 secs using 85.05% CPU
Optimizing NNI: done in 0.0763573 secs using 102.3% CPU
Optimizing NNI: done in 0.0680857 secs using 68.85% CPU
Optimizing NNI: done in 0.068109 secs using 68.82% CPU
Optimizing NNI: done in 0.0756518 secs using 103.3% CPU
Iteration 10 / LogL: -9971.504 / Time: 0h:0m:7s
Optimizing NNI: done in 0.0644718 secs using 96.94% CPU
Optimizing NNI: done in 0.121234 secs using 90.22% CPU
Optimizing NNI: done in 0.0614744 secs using 101.7% CPU
Optimizing NNI: done in 0.11255 secs using 111.1% CPU
Estimate model parameters (epsilon = 0.100)
BETTER TREE FOUND at iteration 14: -9970.427
Optimizing NNI: done in 0.117893 secs using 92.77% CPU
Optimizing NNI: done in 0.0958187 secs using 81.53% CPU
Optimizing NNI: done in 0.0848447 secs using 110.5% CPU
Optimizing NNI: done in 0.0949491 secs using 98.74% CPU
Optimizing NNI: done in 0.132335 secs using 70.84% CPU
Optimizing NNI: done in 0.0861589 secs using 90.68% CPU
Iteration 20 / LogL: -9971.502 / Time: 0h:0m:8s
Finish initializing candidate tree set (8)
Current best tree score: -9970.427 / CPU time: 2.597
Number of iterations: 20
--------------------------------------------------------------------
|               OPTIMIZING CANDIDATE TREE SET                      |
--------------------------------------------------------------------
Optimizing NNI: done in 0.0833624 secs using 74.97% CPU
Optimizing NNI: done in 0.0897928 secs using 104.4% CPU
Optimizing NNI: done in 0.0540757 secs using 86.68% CPU
Optimizing NNI: done in 0.115776 secs using 108% CPU
Optimizing NNI: done in 0.148343 secs using 94.8% CPU
Optimizing NNI: done in 0.0863446 secs using 108.6% CPU
Optimizing NNI: done in 0.0794202 secs using 98.37% CPU
Optimizing NNI: done in 0.0435133 secs using 107.7% CPU
Optimizing NNI: done in 0.116707 secs using 93.72% CPU
Optimizing NNI: done in 0.0406801 secs using 115.2% CPU
Iteration 30 / LogL: -9983.336 / Time: 0h:0m:9s (0h:0m:26s left)
Optimizing NNI: done in 0.0922577 secs using 84.68% CPU
UPDATE BEST LOG-LIKELIHOOD: -9970.426
Optimizing NNI: done in 0.0828952 secs using 113.1% CPU
Optimizing NNI: done in 0.101658 secs using 92.22% CPU
Optimizing NNI: done in 0.0936399 secs using 100.1% CPU
Optimizing NNI: done in 0.0958609 secs using 97.8% CPU
Optimizing NNI: done in 0.0366573 secs using 127.9% CPU
Optimizing NNI: done in 0.103737 secs using 90.37% CPU
Optimizing NNI: done in 0.093174 secs using 100.6% CPU
Optimizing NNI: done in 0.0839689 secs using 111.6% CPU
Optimizing NNI: done in 0.0794334 secs using 98.35% CPU
Iteration 40 / LogL: -9970.436 / Time: 0h:0m:10s (0h:0m:19s left)
Optimizing NNI: done in 0.107316 secs using 101.9% CPU
Optimizing NNI: done in 0.0781309 secs using 99.99% CPU
Optimizing NNI: done in 0.0535325 secs using 87.56% CPU
Optimizing NNI: done in 0.0635298 secs using 98.38% CPU
Optimizing NNI: done in 0.108053 secs using 101.2% CPU
Optimizing NNI: done in 0.0693988 secs using 112.6% CPU
Optimizing NNI: done in 0.0592205 secs using 105.5% CPU
Optimizing NNI: done in 0.0438177 secs using 71.32% CPU
Optimizing NNI: done in 0.057553 secs using 108.6% CPU
Optimizing NNI: done in 0.0671911 secs using 93.02% CPU
Iteration 50 / LogL: -9970.915 / Time: 0h:0m:11s (0h:0m:14s left)
Log-likelihood cutoff on original alignment: -9999.008
Optimizing NNI: done in 0.0478025 secs using 65.37% CPU
Optimizing NNI: done in 0.0792297 secs using 98.61% CPU
Optimizing NNI: done in 0.104425 secs using 104.7% CPU
Optimizing NNI: done in 0.0715707 secs using 87.33% CPU
Optimizing NNI: done in 0.0881 secs using 106.4% CPU
Optimizing NNI: done in 0.0516679 secs using 90.72% CPU
Optimizing NNI: done in 0.0409299 secs using 76.35% CPU
Optimizing NNI: done in 0.0707099 secs using 88.39% CPU
Optimizing NNI: done in 0.0535309 secs using 116.8% CPU
Optimizing NNI: done in 0.0668253 secs using 93.53% CPU
Iteration 60 / LogL: -9970.846 / Time: 0h:0m:12s (0h:0m:11s left)
Optimizing NNI: done in 0.0664161 secs using 94.1% CPU
Optimizing NNI: done in 0.0580149 secs using 107.7% CPU
Optimizing NNI: done in 0.0686586 secs using 91.03% CPU
Optimizing NNI: done in 0.0424538 secs using 110.4% CPU
Optimizing NNI: done in 0.0639149 secs using 97.79% CPU
Optimizing NNI: done in 0.0646919 secs using 120.8% CPU
Optimizing NNI: done in 0.0768668 secs using 101.6% CPU
Optimizing NNI: done in 0.0456556 secs using 102.7% CPU
Optimizing NNI: done in 0.0931419 secs using 100.7% CPU
Optimizing NNI: done in 0.0721386 secs using 86.64% CPU
Iteration 70 / LogL: -9970.449 / Time: 0h:0m:12s (0h:0m:8s left)
Optimizing NNI: done in 0.0316951 secs using 98.6% CPU
Optimizing NNI: done in 0.103414 secs using 105.8% CPU
Optimizing NNI: done in 0.0759037 secs using 102.9% CPU
Optimizing NNI: done in 0.0760711 secs using 102.7% CPU
Optimizing NNI: done in 0.0468422 secs using 100.1% CPU
Optimizing NNI: done in 0.0804183 secs using 97.15% CPU
Optimizing NNI: done in 0.0681069 secs using 114.7% CPU
Optimizing NNI: done in 0.0477239 secs using 98.22% CPU
Optimizing NNI: done in 0.0674482 secs using 92.66% CPU
Optimizing NNI: done in 0.0803728 secs using 77.76% CPU
Iteration 80 / LogL: -9971.532 / Time: 0h:0m:13s (0h:0m:5s left)
Optimizing NNI: done in 0.0923123 secs using 101.6% CPU
Optimizing NNI: done in 0.0827319 secs using 94.43% CPU
Optimizing NNI: done in 0.0286802 secs using 109% CPU
Optimizing NNI: done in 0.0456517 secs using 102.7% CPU
Optimizing NNI: done in 0.063523 secs using 98.39% CPU
Optimizing NNI: done in 0.0567983 secs using 110% CPU
Optimizing NNI: done in 0.0573464 secs using 81.74% CPU
Optimizing NNI: done in 0.0496303 secs using 94.45% CPU
Optimizing NNI: done in 0.0595176 secs using 78.76% CPU
Optimizing NNI: done in 0.0522579 secs using 119.6% CPU
Iteration 90 / LogL: -9970.819 / Time: 0h:0m:14s (0h:0m:3s left)
Optimizing NNI: done in 0.122723 secs using 101.9% CPU
Optimizing NNI: done in 0.0564293 secs using 110.8% CPU
Optimizing NNI: done in 0.041305 secs using 113.5% CPU
Optimizing NNI: done in 0.0517648 secs using 90.55% CPU
UPDATE BEST LOG-LIKELIHOOD: -9970.426
Optimizing NNI: done in 0.0594367 secs using 105.2% CPU
Optimizing NNI: done in 0.0729613 secs using 107.1% CPU
Optimizing NNI: done in 0.0625055 secs using 99.99% CPU
UPDATE BEST LOG-LIKELIHOOD: -9970.422
Optimizing NNI: done in 0.0998834 secs using 93.86% CPU
Optimizing NNI: done in 0.0606927 secs using 103% CPU
Optimizing NNI: done in 0.0719892 secs using 65.11% CPU
Iteration 100 / LogL: -9970.663 / Time: 0h:0m:15s (0h:0m:2s left)
Log-likelihood cutoff on original alignment: -9999.008
NOTE: Bootstrap correlation coefficient of split occurrence frequencies: 0.996
Optimizing NNI: done in 0.0659584 secs using 94.76% CPU
Optimizing NNI: done in 0.0351022 secs using 89.03% CPU
Optimizing NNI: done in 0.0560725 secs using 111.5% CPU
Optimizing NNI: done in 0.0647025 secs using 96.6% CPU
Optimizing NNI: done in 0.0918862 secs using 85.02% CPU
Optimizing NNI: done in 0.0198962 secs using 157.1% CPU
Optimizing NNI: done in 0.0567696 secs using 82.57% CPU
Optimizing NNI: done in 0.0597457 secs using 104.6% CPU
Optimizing NNI: done in 0.0782791 secs using 99.8% CPU
Optimizing NNI: done in 0.0895684 secs using 104.7% CPU
Iteration 110 / LogL: -9971.503 / Time: 0h:0m:16s (0h:0m:13s left)
Optimizing NNI: done in 0.0669565 secs using 93.34% CPU
Optimizing NNI: done in 0.035106 secs using 89.02% CPU
Optimizing NNI: done in 0.0542905 secs using 115.1% CPU
Optimizing NNI: done in 0.061827 secs using 101.1% CPU
Optimizing NNI: done in 0.0747734 secs using 104.5% CPU
TREE SEARCH COMPLETED AFTER 115 ITERATIONS / Time: 0h:0m:16s

--------------------------------------------------------------------
|                    FINALIZING TREE SEARCH                        |
--------------------------------------------------------------------
Performs final model parameters optimization
Estimate model parameters (epsilon = 0.010)
1. Initial log-likelihood: -9970.422
2. Current log-likelihood: -9970.411
Optimal log-likelihood: -9970.406
Rate parameters:  A-C: 0.74602  A-G: 5.33176  A-T: 0.91736  C-G: 0.43508  C-T: 9.42983  G-T: 1.00000
Base frequencies:  A: 0.256  C: 0.269  G: 0.259  T: 0.216
Proportion of invariable sites: 0.516
Gamma shape alpha: 0.465
Parameters optimization took 2 rounds (0.044 sec)
BEST SCORE FOUND : -9970.406
Creating bootstrap support values...
Split supports printed to NEXUS file alignments_no_probang_etc\recombinant_free_regions\SAT3\SAT3_4276-7008_no_probang.splits.nex
Total tree length: 0.818

Total number of iterations: 115
CPU time used for tree search: 10.328 sec (0h:0m:10s)
Wall-clock time used for tree search: 11.012 sec (0h:0m:11s)
Total CPU time used: 15.062 sec (0h:0m:15s)
Total wall-clock time used: 16.875 sec (0h:0m:16s)

Computing bootstrap consensus tree...
Reading input file alignments_no_probang_etc\recombinant_free_regions\SAT3\SAT3_4276-7008_no_probang.splits.nex...
18 taxa and 146 splits.
Consensus tree written to alignments_no_probang_etc\recombinant_free_regions\SAT3\SAT3_4276-7008_no_probang.contree
Reading input trees file alignments_no_probang_etc\recombinant_free_regions\SAT3\SAT3_4276-7008_no_probang.contree
Log-likelihood of consensus tree: -9973.358

Analysis results written to: 
  IQ-TREE report:                alignments_no_probang_etc\recombinant_free_regions\SAT3\SAT3_4276-7008_no_probang.iqtree
  Maximum-likelihood tree:       alignments_no_probang_etc\recombinant_free_regions\SAT3\SAT3_4276-7008_no_probang.treefile
  Likelihood distances:          alignments_no_probang_etc\recombinant_free_regions\SAT3\SAT3_4276-7008_no_probang.mldist

Ultrafast bootstrap approximation results written to:
  Split support values:          alignments_no_probang_etc\recombinant_free_regions\SAT3\SAT3_4276-7008_no_probang.splits.nex
  Consensus tree:                alignments_no_probang_etc\recombinant_free_regions\SAT3\SAT3_4276-7008_no_probang.contree
  Screen log file:               alignments_no_probang_etc\recombinant_free_regions\SAT3\SAT3_4276-7008_no_probang.log

Date and Time: Thu Jan 15 15:35:06 2026
