IQ-TREE version 3.0.1 for Windows 64-bit built May  5 2025
Developed by Bui Quang Minh, Thomas Wong, Nhan Ly-Trong, Huaiyan Ren
Contributed by Lam-Tung Nguyen, Dominik Schrempf, Chris Bielow,
Olga Chernomor, Michael Woodhams, Diep Thi Hoang, Heiko Schmidt

Host:    DESKTOP-IAVMJI2 (AVX2, FMA3, 7 GB RAM)
Command: bin/iqtree3.exe -s alignments_no_probang_etc\recombinant_free_regions\SAT3\SAT3_976-2742_no_probang.fasta -bb 1000 -m GTR+F+I+G -pre alignments_no_probang_etc\recombinant_free_regions\SAT3\SAT3_976-2742_no_probang
Seed:    603470 (Using SPRNG - Scalable Parallel Random Number Generator)
Time:    Thu Jan 15 15:34:37 2026
Kernel:  AVX+FMA - 1 threads (8 CPU cores detected)

HINT: Use -nt option to specify number of threads because your CPU has 8 cores!
HINT: -nt AUTO will automatically determine the best number of threads to use.

Reading alignment file alignments_no_probang_etc\recombinant_free_regions\SAT3\SAT3_976-2742_no_probang.fasta ... Fasta format detected
Reading fasta file: done in 0.0015374 secs
Alignment most likely contains DNA/RNA sequences
Constructing alignment: done in 0.0023969 secs
WARNING: 78 sites contain only gaps or ambiguous characters.
Alignment has 18 sequences with 1860 columns, 673 distinct patterns
604 parsimony-informative, 197 singleton sites, 1059 constant sites
                                                        Gap/Ambiguity  Composition  p-value
Analyzing sequences: done in 6.45998e-05 secs
   1  ON557390/ZMB/cow/2015/SAT3/I-SEZ/Unknown                  5.00%    passed     70.94%
   2  MW355677/ZAF/cattle/1979/SAT3/I-SEZ/Unknown               5.00%    passed     99.85%
   3  MW355676/ZWE/cattle/1976/SAT3/I-SEZ/Unknown               5.00%    passed     97.58%
   4  MH053352/ZWE/african-buffalo/1990/SAT3/III-NWZ/Unknown    5.00%    passed     76.19%
   5  MH053351/ZWE/cattle/1984/SAT3/II-WZ/Unknown               5.00%    passed     96.74%
   6  MH053350/ZWE/african-buffalo/1983/SAT3/I-SEZ/Unknown      5.00%    passed     96.79%
   7  MH053348/ZWE/cattle/1977/SAT3/I-SEZ/Unknown               5.00%    passed     96.65%
   8  MH053347/ZWE/cattle/1976/SAT3/I-SEZ/Unknown               5.00%    passed     77.55%
   9  MH053346/ZWE/cattle/1976/SAT3/I-SEZ/Unknown               5.00%    passed     98.33%
  10  MH053344/ZWE/cattle/1974/SAT3/I-SEZ/Unknown               5.00%    passed     62.75%
  11  MH053343/ZWE/cattle/1934/SAT3/III-NWZ/Unknown             5.00%    passed     92.56%
  12  MH053338/BWA/cattle/1966/SAT3/II-WZ/Unknown               5.00%    passed     99.84%
  13  KJ820999/UGA/cattle/2013/SAT3/V-EA/Unknown                5.00%    passed     88.04%
  14  KM268901/ZWE/cattle/1991/SAT3/I-SEZ/Unknown               5.00%    passed     94.48%
  15  AY593853/BWA/Unknown/1965/SAT3/II-WZ/Unknown              5.00%    passed     98.23%
  16  AY593852/KEN/Unknown/1960/SAT3/II-WZ/Unknown              5.00%    passed     83.68%
  17  AY593851/BWA/Unknown/1961/SAT3/II-WZ/Unknown              5.00%    passed     76.77%
  18  AY593850/ZAF/Unknown/1959/SAT3/I-SEZ/Unknown              5.00%    passed     90.12%
****  TOTAL                                                     5.00%  0 sequences failed composition chi2 test (p-value<5%; df=3)
Checking for duplicate sequences: done in 0.0001001 secs
Creating fast initial parsimony tree by random order stepwise addition...
0.004 seconds, parsimony score: 2345 (based on 801 sites)
Generating 1000 samples for ultrafast bootstrap (seed: 603470)...

NOTE: 4 MB RAM (0 GB) is required!
Estimate model parameters (epsilon = 0.100)
Thoroughly optimizing +I+G parameters from 10 start values...
Init pinv, alpha: 0.000, 1.000 / Estimate: 0.000, 0.248 / LogL: -11896.037
Init pinv, alpha: 0.063, 1.000 / Estimate: 0.069, 0.282 / LogL: -11894.062
Init pinv, alpha: 0.127, 1.000 / Estimate: 0.463, 1.043 / LogL: -11871.209
Init pinv, alpha: 0.190, 1.000 / Estimate: 0.462, 1.034 / LogL: -11871.257
Init pinv, alpha: 0.253, 1.000 / Estimate: 0.462, 1.037 / LogL: -11871.251
Init pinv, alpha: 0.316, 1.000 / Estimate: 0.463, 1.045 / LogL: -11871.231
Init pinv, alpha: 0.380, 1.000 / Estimate: 0.463, 1.045 / LogL: -11871.216
Init pinv, alpha: 0.443, 1.000 / Estimate: 0.462, 1.041 / LogL: -11871.220
Init pinv, alpha: 0.506, 1.000 / Estimate: 0.477, 1.155 / LogL: -11871.111
Init pinv, alpha: 0.569, 1.000 / Estimate: 0.480, 1.181 / LogL: -11871.158
Optimal pinv,alpha: 0.477, 1.155 / LogL: -11871.111

Parameters optimization took 5.990 sec
Wrote distance file to... 
Computing ML distances based on estimated model parameters...
Calculating distance matrix: done in 0.0041937 secs
Computing ML distances took 0.011907 sec (of wall-clock time) 0.000000 sec (of CPU time)
Setting up auxiliary I and S matrices: done in 6.66999e-05 secs
Constructing RapidNJ tree: done in 0.0001508 secs
Computing RapidNJ tree took 0.014832 sec (of wall-clock time) 0.000000 sec (of CPU time)
Log-likelihood of RapidNJ tree: -11892.048
--------------------------------------------------------------------
|             INITIALIZING CANDIDATE TREE SET                      |
--------------------------------------------------------------------
Generating 98 parsimony trees... 0.239 second
Computing log-likelihood of 98 initial trees ... 0.769 seconds
Current best score: -11871.111

Do NNI search on 20 best initial trees
Optimizing NNI: done in 0.0775019 secs using 100.8% CPU
Estimate model parameters (epsilon = 0.100)
BETTER TREE FOUND at iteration 1: -11867.969
Optimizing NNI: done in 0.127799 secs using 97.81% CPU
UPDATE BEST LOG-LIKELIHOOD: -11867.967
Optimizing NNI: done in 0.137777 secs using 79.39% CPU
Optimizing NNI: done in 0.149609 secs using 83.55% CPU
Optimizing NNI: done in 0.225284 secs using 76.29% CPU
UPDATE BEST LOG-LIKELIHOOD: -11867.966
Optimizing NNI: done in 0.173338 secs using 90.14% CPU
Optimizing NNI: done in 0.136646 secs using 102.9% CPU
Optimizing NNI: done in 0.153793 secs using 101.6% CPU
Optimizing NNI: done in 0.112424 secs using 97.29% CPU
Optimizing NNI: done in 0.132974 secs using 105.8% CPU
Iteration 10 / LogL: -11867.970 / Time: 0h:0m:9s
Optimizing NNI: done in 0.160792 secs using 97.18% CPU
Estimate model parameters (epsilon = 0.100)
BETTER TREE FOUND at iteration 11: -11867.241
Optimizing NNI: done in 0.133612 secs using 81.86% CPU
Optimizing NNI: done in 0.139226 secs using 89.78% CPU
Optimizing NNI: done in 0.146203 secs using 96.18% CPU
Optimizing NNI: done in 0.127674 secs using 97.91% CPU
Optimizing NNI: done in 0.155969 secs using 90.16% CPU
UPDATE BEST LOG-LIKELIHOOD: -11867.240
Optimizing NNI: done in 0.150375 secs using 103.9% CPU
Optimizing NNI: done in 0.158448 secs using 88.75% CPU
Optimizing NNI: done in 0.131701 secs using 106.8% CPU
Optimizing NNI: done in 0.149995 secs using 104.2% CPU
Iteration 20 / LogL: -11867.241 / Time: 0h:0m:10s
Finish initializing candidate tree set (2)
Current best tree score: -11867.240 / CPU time: 4.327
Number of iterations: 20
--------------------------------------------------------------------
|               OPTIMIZING CANDIDATE TREE SET                      |
--------------------------------------------------------------------
Optimizing NNI: done in 0.0822141 secs using 95.03% CPU
Optimizing NNI: done in 0.203213 secs using 84.58% CPU
Optimizing NNI: done in 0.182423 secs using 94.22% CPU
Optimizing NNI: done in 0.110214 secs using 85.06% CPU
Optimizing NNI: done in 0.0494208 secs using 63.23% CPU
Optimizing NNI: done in 0.102312 secs using 106.9% CPU
Optimizing NNI: done in 0.183198 secs using 102.3% CPU
Optimizing NNI: done in 0.225567 secs using 90.05% CPU
Optimizing NNI: done in 0.217054 secs using 71.99% CPU
Optimizing NNI: done in 0.174417 secs using 62.71% CPU
Iteration 30 / LogL: -11867.241 / Time: 0h:0m:12s (0h:0m:35s left)
Optimizing NNI: done in 0.275525 secs using 79.39% CPU
Optimizing NNI: done in 0.242661 secs using 70.83% CPU
Optimizing NNI: done in 0.165286 secs using 75.63% CPU
Optimizing NNI: done in 0.15164 secs using 103% CPU
Optimizing NNI: done in 0.113301 secs using 110.3% CPU
Optimizing NNI: done in 0.130399 secs using 95.86% CPU
Optimizing NNI: done in 0.0847984 secs using 92.13% CPU
UPDATE BEST LOG-LIKELIHOOD: -11867.240
Optimizing NNI: done in 0.145193 secs using 86.09% CPU
Optimizing NNI: done in 0.131415 secs using 95.12% CPU
Optimizing NNI: done in 0.214281 secs using 87.5% CPU
Iteration 40 / LogL: -11867.253 / Time: 0h:0m:14s (0h:0m:26s left)
Optimizing NNI: done in 0.108699 secs using 100.6% CPU
Optimizing NNI: done in 0.0914092 secs using 85.47% CPU
Optimizing NNI: done in 0.157058 secs using 99.49% CPU
Optimizing NNI: done in 0.13891 secs using 78.74% CPU
Optimizing NNI: done in 0.115407 secs using 67.7% CPU
Optimizing NNI: done in 0.174685 secs using 89.45% CPU
Optimizing NNI: done in 0.175388 secs using 106.9% CPU
Optimizing NNI: done in 0.187108 secs using 83.51% CPU
Optimizing NNI: done in 0.0858453 secs using 91.01% CPU
Optimizing NNI: done in 0.0524261 secs using 59.61% CPU
Iteration 50 / LogL: -11893.912 / Time: 0h:0m:16s (0h:0m:19s left)
Log-likelihood cutoff on original alignment: -11894.471
Optimizing NNI: done in 0.165671 secs using 103.7% CPU
Optimizing NNI: done in 0.156868 secs using 89.65% CPU
Optimizing NNI: done in 0.221227 secs using 84.75% CPU
Optimizing NNI: done in 0.134774 secs using 92.75% CPU
Optimizing NNI: done in 0.116911 secs using 93.55% CPU
Optimizing NNI: done in 0.156196 secs using 80.03% CPU
Optimizing NNI: done in 0.141223 secs using 99.58% CPU
Optimizing NNI: done in 0.169244 secs using 92.32% CPU
Optimizing NNI: done in 0.136017 secs using 103.4% CPU
Optimizing NNI: done in 0.187711 secs using 108.2% CPU
Iteration 60 / LogL: -11868.071 / Time: 0h:0m:18s (0h:0m:15s left)
Optimizing NNI: done in 0.114557 secs using 95.48% CPU
Optimizing NNI: done in 0.0766513 secs using 81.54% CPU
Optimizing NNI: done in 0.082624 secs using 113.5% CPU
Optimizing NNI: done in 0.184985 secs using 92.91% CPU
Optimizing NNI: done in 0.163918 secs using 76.26% CPU
Optimizing NNI: done in 0.124177 secs using 100.7% CPU
Optimizing NNI: done in 0.126347 secs using 86.57% CPU
Optimizing NNI: done in 0.142596 secs using 87.66% CPU
Optimizing NNI: done in 0.117893 secs using 106% CPU
Optimizing NNI: done in 0.111742 secs using 97.88% CPU
Iteration 70 / LogL: -11867.394 / Time: 0h:0m:19s (0h:0m:11s left)
Optimizing NNI: done in 0.0671707 secs using 116.3% CPU
Optimizing NNI: done in 0.0984453 secs using 95.23% CPU
Optimizing NNI: done in 0.127131 secs using 110.6% CPU
Optimizing NNI: done in 0.109694 secs using 99.71% CPU
Optimizing NNI: done in 0.111858 secs using 97.78% CPU
Optimizing NNI: done in 0.194835 secs using 104.3% CPU
Optimizing NNI: done in 0.0910724 secs using 102.9% CPU
Optimizing NNI: done in 0.0941579 secs using 66.38% CPU
Optimizing NNI: done in 0.221792 secs using 70.45% CPU
Optimizing NNI: done in 0.190861 secs using 98.24% CPU
Iteration 80 / LogL: -11868.069 / Time: 0h:0m:21s (0h:0m:8s left)
Optimizing NNI: done in 0.0399413 secs
Optimizing NNI: done in 0.142702 secs using 98.54% CPU
Optimizing NNI: done in 0.12718 secs using 86% CPU
Optimizing NNI: done in 0.119048 secs using 105% CPU
Optimizing NNI: done in 0.150394 secs using 83.12% CPU
Optimizing NNI: done in 0.105662 secs using 88.73% CPU
Optimizing NNI: done in 0.135347 secs using 103.9% CPU
Optimizing NNI: done in 0.149689 secs using 93.95% CPU
Optimizing NNI: done in 0.105532 secs using 103.6% CPU
Optimizing NNI: done in 0.154432 secs using 91.06% CPU
Iteration 90 / LogL: -11867.268 / Time: 0h:0m:22s (0h:0m:5s left)
Optimizing NNI: done in 0.158791 secs using 88.56% CPU
Optimizing NNI: done in 0.137269 secs using 102.4% CPU
Optimizing NNI: done in 0.0347483 secs using 89.93% CPU
Optimizing NNI: done in 0.11798 secs using 79.46% CPU
Optimizing NNI: done in 0.157297 secs using 99.33% CPU
Optimizing NNI: done in 0.112462 secs using 97.25% CPU
Optimizing NNI: done in 0.164536 secs using 94.96% CPU
Optimizing NNI: done in 0.114209 secs using 109.4% CPU
Optimizing NNI: done in 0.123378 secs using 101.3% CPU
Optimizing NNI: done in 0.047301 secs using 99.1% CPU
Iteration 100 / LogL: -11885.427 / Time: 0h:0m:23s (0h:0m:2s left)
Log-likelihood cutoff on original alignment: -11894.147
NOTE: Bootstrap correlation coefficient of split occurrence frequencies: 1.000
Optimizing NNI: done in 0.126896 secs using 98.51% CPU
Optimizing NNI: done in 0.150117 secs using 104.1% CPU
Optimizing NNI: done in 0.0772249 secs using 101.2% CPU
Optimizing NNI: done in 0.120067 secs using 104.1% CPU
Optimizing NNI: done in 0.134096 secs using 93.22% CPU
Optimizing NNI: done in 0.161668 secs using 96.65% CPU
Optimizing NNI: done in 0.12498 secs using 100% CPU
Optimizing NNI: done in 0.150064 secs using 93.71% CPU
Optimizing NNI: done in 0.126614 secs using 98.73% CPU
Optimizing NNI: done in 0.109056 secs using 100.3% CPU
Iteration 110 / LogL: -11868.179 / Time: 0h:0m:25s (0h:0m:20s left)
Optimizing NNI: done in 0.0901029 secs using 104% CPU
Optimizing NNI: done in 0.0967397 secs using 96.91% CPU
TREE SEARCH COMPLETED AFTER 112 ITERATIONS / Time: 0h:0m:25s

--------------------------------------------------------------------
|                    FINALIZING TREE SEARCH                        |
--------------------------------------------------------------------
Performs final model parameters optimization
Estimate model parameters (epsilon = 0.010)
1. Initial log-likelihood: -11867.240
Optimal log-likelihood: -11867.230
Rate parameters:  A-C: 0.96404  A-G: 4.07848  A-T: 1.11113  C-G: 0.41049  C-T: 6.14121  G-T: 1.00000
Base frequencies:  A: 0.248  C: 0.298  G: 0.253  T: 0.201
Proportion of invariable sites: 0.468
Gamma shape alpha: 1.080
Parameters optimization took 1 rounds (0.044 sec)
BEST SCORE FOUND : -11867.230
Creating bootstrap support values...
Split supports printed to NEXUS file alignments_no_probang_etc\recombinant_free_regions\SAT3\SAT3_976-2742_no_probang.splits.nex
Total tree length: 2.808

Total number of iterations: 112
CPU time used for tree search: 16.422 sec (0h:0m:16s)
Wall-clock time used for tree search: 19.239 sec (0h:0m:19s)
Total CPU time used: 22.547 sec (0h:0m:22s)
Total wall-clock time used: 25.837 sec (0h:0m:25s)

Computing bootstrap consensus tree...
Reading input file alignments_no_probang_etc\recombinant_free_regions\SAT3\SAT3_976-2742_no_probang.splits.nex...
18 taxa and 80 splits.
Consensus tree written to alignments_no_probang_etc\recombinant_free_regions\SAT3\SAT3_976-2742_no_probang.contree
Reading input trees file alignments_no_probang_etc\recombinant_free_regions\SAT3\SAT3_976-2742_no_probang.contree
Log-likelihood of consensus tree: -11868.357

Analysis results written to: 
  IQ-TREE report:                alignments_no_probang_etc\recombinant_free_regions\SAT3\SAT3_976-2742_no_probang.iqtree
  Maximum-likelihood tree:       alignments_no_probang_etc\recombinant_free_regions\SAT3\SAT3_976-2742_no_probang.treefile
  Likelihood distances:          alignments_no_probang_etc\recombinant_free_regions\SAT3\SAT3_976-2742_no_probang.mldist

Ultrafast bootstrap approximation results written to:
  Split support values:          alignments_no_probang_etc\recombinant_free_regions\SAT3\SAT3_976-2742_no_probang.splits.nex
  Consensus tree:                alignments_no_probang_etc\recombinant_free_regions\SAT3\SAT3_976-2742_no_probang.contree
  Screen log file:               alignments_no_probang_etc\recombinant_free_regions\SAT3\SAT3_976-2742_no_probang.log

Date and Time: Thu Jan 15 15:35:03 2026
