IQ-TREE version 3.0.1 for Windows 64-bit built May  5 2025
Developed by Bui Quang Minh, Thomas Wong, Nhan Ly-Trong, Huaiyan Ren
Contributed by Lam-Tung Nguyen, Dominik Schrempf, Chris Bielow,
Olga Chernomor, Michael Woodhams, Diep Thi Hoang, Heiko Schmidt

Host:    DESKTOP-IAVMJI2 (AVX2, FMA3, 7 GB RAM)
Command: bin/iqtree3.exe -s alignments_no_probang_etc\recombinant_free_regions\C\C_1-574_no_probang.fasta -bb 1000 -m GTR+F+I+G -pre alignments_no_probang_etc\recombinant_free_regions\C\C_1-574_no_probang
Seed:    486563 (Using SPRNG - Scalable Parallel Random Number Generator)
Time:    Thu Jan 15 14:51:05 2026
Kernel:  AVX+FMA - 1 threads (8 CPU cores detected)

HINT: Use -nt option to specify number of threads because your CPU has 8 cores!
HINT: -nt AUTO will automatically determine the best number of threads to use.

Reading alignment file alignments_no_probang_etc\recombinant_free_regions\C\C_1-574_no_probang.fasta ... Fasta format detected
Reading fasta file: done in 0.0005225 secs
Alignment most likely contains DNA/RNA sequences
Constructing alignment: done in 0.0007189 secs
WARNING: 54 sites contain only gaps or ambiguous characters.
Alignment has 16 sequences with 631 columns, 161 distinct patterns
162 parsimony-informative, 32 singleton sites, 437 constant sites
                                             Gap/Ambiguity  Composition  p-value
Analyzing sequences: done in 6.26999e-05 secs
   1  MH053310/UGA/cattle/1970/C/AFRICA/Unknown      9.03%    passed     96.88%
   2  MH053309/KEN/cattle/1967/C/AFRICA/Unknown      9.03%    passed     89.75%
   3  MH053308/ETH/Unknown/1971/C/AFRICA/Unknown     9.03%    passed     90.66%
   4  KM268897/KEN/cattle/2004/C/AFRICA/Unknown      9.03%    passed     89.75%
   5  AY593810/GBR/Unknown/1970/C/V-EA/Unknown       9.03%    passed     87.31%
   6  X74812/AZE/Unknown/1965/C/EURO-SA/Unknown      9.03%    passed     98.68%
   7  OQ383267/BRA/cow/1963/C/EURO-SA/Unknown        9.03%    passed     95.78%
   8  OQ383266/GBR/Unknown/2002/C/V-EA/Unknown       8.56%    passed     92.64%
   9  OQ383265/NLD/cow/2000/C/EURO-SA/Unknown        9.03%    passed     98.66%
  10  OQ356339/GBR/cow/1987/C/V-EA/Unknown           9.03%    passed     87.31%
  11  AY593809/ARG/Unknown/1969/C/EURO-SA/Unknown    9.03%    passed     94.01%
  12  AY593808/ARG/Unknown/1966/C/EURO-SA/Unknown    9.03%    passed     38.82%
  13  AY593807/BRA/Unknown/1955/C/EURO-SA/Unknown    9.03%    passed     97.77%
  14  AY593806/BRA/Unknown/1971/C/EURO-SA/Unknown    9.03%    passed     94.57%
  15  AY593805/DEU/Unknown/1960/C/EURO-SA/Unknown    9.03%    passed     99.11%
  16  AY593804/CHE/Unknown/1965/C/EURO-SA/Unknown    9.03%    passed     98.79%
****  TOTAL                                          9.00%  0 sequences failed composition chi2 test (p-value<5%; df=3)
NOTE: KM268897/KEN/cattle/2004/C/AFRICA/Unknown is identical to MH053309/KEN/cattle/1967/C/AFRICA/Unknown but kept for subsequent analysis
NOTE: OQ356339/GBR/cow/1987/C/V-EA/Unknown is identical to AY593810/GBR/Unknown/1970/C/V-EA/Unknown but kept for subsequent analysis
Checking for duplicate sequences: done in 0.0199923 secs
Creating fast initial parsimony tree by random order stepwise addition...
0.004 seconds, parsimony score: 341 (based on 194 sites)
Generating 1000 samples for ultrafast bootstrap (seed: 486563)...

NOTE: 0 MB RAM (0 GB) is required!
Estimate model parameters (epsilon = 0.100)
Thoroughly optimizing +I+G parameters from 10 start values...
Init pinv, alpha: 0.000, 1.000 / Estimate: 0.000, 0.282 / LogL: -2306.397
Init pinv, alpha: 0.077, 1.000 / Estimate: 0.075, 0.333 / LogL: -2306.582
Init pinv, alpha: 0.154, 1.000 / Estimate: 0.152, 0.401 / LogL: -2306.687
Init pinv, alpha: 0.231, 1.000 / Estimate: 0.231, 0.496 / LogL: -2306.666
Init pinv, alpha: 0.308, 1.000 / Estimate: 0.311, 0.641 / LogL: -2306.486
Init pinv, alpha: 0.385, 1.000 / Estimate: 0.391, 0.890 / LogL: -2306.109
Init pinv, alpha: 0.462, 1.000 / Estimate: 0.470, 1.432 / LogL: -2305.514
Init pinv, alpha: 0.539, 1.000 / Estimate: 0.539, 2.999 / LogL: -2304.977
Init pinv, alpha: 0.616, 1.000 / Estimate: 0.572, 6.073 / LogL: -2305.062
Init pinv, alpha: 0.693, 1.000 / Estimate: 0.572, 6.276 / LogL: -2305.069
Optimal pinv,alpha: 0.539, 2.999 / LogL: -2304.977

Parameters optimization took 0.507 sec
Wrote distance file to... 
Computing ML distances based on estimated model parameters...
Calculating distance matrix: done in 0.0030339 secs
Computing ML distances took 0.020626 sec (of wall-clock time) 0.000000 sec (of CPU time)
Setting up auxiliary I and S matrices: done in 7.95e-05 secs
Constructing RapidNJ tree: done in 0.0001758 secs
Computing RapidNJ tree took 0.012079 sec (of wall-clock time) 0.000000 sec (of CPU time)
Log-likelihood of RapidNJ tree: -2306.387
--------------------------------------------------------------------
|             INITIALIZING CANDIDATE TREE SET                      |
--------------------------------------------------------------------
Generating 98 parsimony trees... 0.214 second
Computing log-likelihood of 98 initial trees ... 0.177 seconds
Current best score: -2304.977

Do NNI search on 20 best initial trees
Optimizing NNI: done in 0.0224224 secs
Estimate model parameters (epsilon = 0.100)
BETTER TREE FOUND at iteration 1: -2304.816
Optimizing NNI: done in 0.0440546 secs using 106.4% CPU
Optimizing NNI: done in 0.0371494 secs using 84.12% CPU
Optimizing NNI: done in 0.0364346 secs using 85.77% CPU
Optimizing NNI: done in 0.0398415 secs using 117.7% CPU
Optimizing NNI: done in 0.0335423 secs using 93.17% CPU
Optimizing NNI: done in 0.0315406 secs using 99.08% CPU
Optimizing NNI: done in 0.0336942 secs using 92.75% CPU
Optimizing NNI: done in 0.0422786 secs using 110.9% CPU
Optimizing NNI: done in 0.039881 secs using 78.36% CPU
Iteration 10 / LogL: -2304.816 / Time: 0h:0m:1s
Optimizing NNI: done in 0.0261266 secs using 119.6% CPU
Optimizing NNI: done in 0.0338427 secs using 138.5% CPU
Optimizing NNI: done in 0.0316695 secs using 98.68% CPU
Optimizing NNI: done in 0.0173341 secs
Optimizing NNI: done in 0.0423424 secs using 73.8% CPU
Optimizing NNI: done in 0.0388978 secs using 80.34% CPU
Optimizing NNI: done in 0.0499958 secs using 93.76% CPU
Optimizing NNI: done in 0.0457772 secs using 102.4% CPU
Optimizing NNI: done in 0.051895 secs using 90.33% CPU
Optimizing NNI: done in 0.0438918 secs using 106.8% CPU
Iteration 20 / LogL: -2304.816 / Time: 0h:0m:2s
Finish initializing candidate tree set (4)
Current best tree score: -2304.816 / CPU time: 1.295
Number of iterations: 20
--------------------------------------------------------------------
|               OPTIMIZING CANDIDATE TREE SET                      |
--------------------------------------------------------------------
Optimizing NNI: done in 0.0425314 secs using 110.2% CPU
Optimizing NNI: done in 0.0331677 secs using 94.22% CPU
Optimizing NNI: done in 0.042121 secs using 111.3% CPU
Optimizing NNI: done in 0.0359739 secs using 130.3% CPU
Optimizing NNI: done in 0.0307959 secs using 101.5% CPU
Optimizing NNI: done in 0.0502133 secs using 93.35% CPU
Optimizing NNI: done in 0.0424987 secs using 110.3% CPU
Optimizing NNI: done in 0.0518193 secs using 90.46% CPU
Optimizing NNI: done in 0.0446592 secs using 105% CPU
UPDATE BEST LOG-LIKELIHOOD: -2304.816
Optimizing NNI: done in 0.044896 secs using 104.4% CPU
Iteration 30 / LogL: -2304.819 / Time: 0h:0m:2s (0h:0m:6s left)
Optimizing NNI: done in 0.0221285 secs using 70.61% CPU
Optimizing NNI: done in 0.0433433 secs using 108.1% CPU
Optimizing NNI: done in 0.0259352 secs using 120.5% CPU
Optimizing NNI: done in 0.0279097 secs using 112% CPU
Optimizing NNI: done in 0.0305915 secs using 102.2% CPU
Optimizing NNI: done in 0.0457709 secs using 102.4% CPU
Optimizing NNI: done in 0.0410591 secs using 114.2% CPU
Optimizing NNI: done in 0.0473821 secs using 131.9% CPU
Optimizing NNI: done in 0.0381953 secs using 81.82% CPU
Optimizing NNI: done in 0.0270705 secs using 115.4% CPU
Iteration 40 / LogL: -2306.199 / Time: 0h:0m:3s (0h:0m:4s left)
Optimizing NNI: done in 0.0079157 secs
Optimizing NNI: done in 0.0514176 secs using 91.17% CPU
Optimizing NNI: done in 0.0450316 secs using 104.1% CPU
Optimizing NNI: done in 0.0491204 secs using 95.43% CPU
Optimizing NNI: done in 0.0431657 secs using 108.6% CPU
Optimizing NNI: done in 0.0426797 secs using 73.22% CPU
Optimizing NNI: done in 0.0438625 secs using 106.9% CPU
Optimizing NNI: done in 0.0361429 secs using 86.46% CPU
Optimizing NNI: done in 0.0390861 secs using 119.9% CPU
Optimizing NNI: done in 0.0406081 secs using 76.96% CPU
Iteration 50 / LogL: -2304.816 / Time: 0h:0m:3s (0h:0m:3s left)
Log-likelihood cutoff on original alignment: -2325.486
Optimizing NNI: done in 0.0186482 secs
Optimizing NNI: done in 0.0650334 secs using 120.1% CPU
Optimizing NNI: done in 0.0549972 secs using 113.6% CPU
Optimizing NNI: done in 0.0559624 secs using 83.76% CPU
Optimizing NNI: done in 0.039217 secs using 119.5% CPU
Optimizing NNI: done in 0.0528881 secs using 88.63% CPU
Optimizing NNI: done in 0.0477679 secs using 98.13% CPU
Optimizing NNI: done in 0.0144756 secs
Optimizing NNI: done in 0.043838 secs using 106.9% CPU
Optimizing NNI: done in 0.0516461 secs using 90.76% CPU
Iteration 60 / LogL: -2304.816 / Time: 0h:0m:4s (0h:0m:3s left)
Optimizing NNI: done in 0.0452272 secs using 103.6% CPU
Optimizing NNI: done in 0.0240749 secs using 129.8% CPU
Optimizing NNI: done in 0.0437164 secs using 71.48% CPU
Optimizing NNI: done in 0.0432978 secs using 108.3% CPU
Optimizing NNI: done in 0.0380308 secs using 82.17% CPU
Optimizing NNI: done in 0.0390702 secs using 120% CPU
Optimizing NNI: done in 0.0241685 secs using 64.65% CPU
Optimizing NNI: done in 0.0248747 secs using 62.81% CPU
Optimizing NNI: done in 0.0387866 secs using 120.9% CPU
Optimizing NNI: done in 0.0392531 secs using 79.61% CPU
Iteration 70 / LogL: -2304.816 / Time: 0h:0m:4s (0h:0m:2s left)
Optimizing NNI: done in 0.0347836 secs using 89.84% CPU
Optimizing NNI: done in 0.046506 secs using 100.8% CPU
Optimizing NNI: done in 0.045029 secs using 69.4% CPU
Optimizing NNI: done in 0.0400418 secs using 117.1% CPU
Optimizing NNI: done in 0.0505879 secs using 92.66% CPU
Optimizing NNI: done in 0.0447483 secs using 104.8% CPU
Optimizing NNI: done in 0.0471736 secs using 99.37% CPU
Optimizing NNI: done in 0.0454789 secs using 103.1% CPU
Optimizing NNI: done in 0.0432523 secs using 108.4% CPU
Optimizing NNI: done in 0.0474752 secs using 98.74% CPU
Iteration 80 / LogL: -2304.816 / Time: 0h:0m:5s (0h:0m:1s left)
Optimizing NNI: done in 0.0390235 secs using 80.08% CPU
Optimizing NNI: done in 0.0133692 secs using 116.9% CPU
Optimizing NNI: done in 0.0398203 secs using 78.48% CPU
Optimizing NNI: done in 0.0378389 secs using 123.9% CPU
Optimizing NNI: done in 0.0324914 secs using 96.18% CPU
Optimizing NNI: done in 0.0377962 secs using 124% CPU
Optimizing NNI: done in 0.0064695 secs
Optimizing NNI: done in 0.0386067 secs using 80.94% CPU
Optimizing NNI: done in 0.0311245 secs using 100.4% CPU
Optimizing NNI: done in 0.031818 secs using 98.21% CPU
Iteration 90 / LogL: -2304.816 / Time: 0h:0m:5s (0h:0m:0s left)
Optimizing NNI: done in 0.0449238 secs using 104.3% CPU
Optimizing NNI: done in 0.0445706 secs using 105.2% CPU
Optimizing NNI: done in 0.031126 secs
Optimizing NNI: done in 0.0478582 secs using 97.95% CPU
Optimizing NNI: done in 0.0371842 secs using 126.1% CPU
Optimizing NNI: done in 0.035376 secs using 132.5% CPU
Optimizing NNI: done in 0.0535985 secs using 87.46% CPU
Optimizing NNI: done in 0.0172523 secs using 90.57% CPU
Optimizing NNI: done in 0.0314236 secs using 99.45% CPU
Optimizing NNI: done in 0.0472404 secs using 99.23% CPU
Iteration 100 / LogL: -2304.816 / Time: 0h:0m:6s (0h:0m:0s left)
Log-likelihood cutoff on original alignment: -2324.566
NOTE: Bootstrap correlation coefficient of split occurrence frequencies: 0.999
Optimizing NNI: done in 0.0461324 secs using 101.6% CPU
Optimizing NNI: done in 0.0279277 secs using 111.9% CPU
TREE SEARCH COMPLETED AFTER 102 ITERATIONS / Time: 0h:0m:6s

--------------------------------------------------------------------
|                    FINALIZING TREE SEARCH                        |
--------------------------------------------------------------------
Performs final model parameters optimization
Estimate model parameters (epsilon = 0.010)
1. Initial log-likelihood: -2304.816
Optimal log-likelihood: -2304.815
Rate parameters:  A-C: 1.46012  A-G: 6.70817  A-T: 0.90097  C-G: 0.21545  C-T: 12.15179  G-T: 1.00000
Base frequencies:  A: 0.248  C: 0.265  G: 0.250  T: 0.236
Proportion of invariable sites: 0.540
Gamma shape alpha: 2.921
Parameters optimization took 1 rounds (0.030 sec)
BEST SCORE FOUND : -2304.815
Creating bootstrap support values...
Split supports printed to NEXUS file alignments_no_probang_etc\recombinant_free_regions\C\C_1-574_no_probang.splits.nex
Total tree length: 0.840

Total number of iterations: 102
CPU time used for tree search: 5.656 sec (0h:0m:5s)
Wall-clock time used for tree search: 6.016 sec (0h:0m:6s)
Total CPU time used: 6.297 sec (0h:0m:6s)
Total wall-clock time used: 6.996 sec (0h:0m:6s)

Computing bootstrap consensus tree...
Reading input file alignments_no_probang_etc\recombinant_free_regions\C\C_1-574_no_probang.splits.nex...
16 taxa and 61 splits.
Consensus tree written to alignments_no_probang_etc\recombinant_free_regions\C\C_1-574_no_probang.contree
Reading input trees file alignments_no_probang_etc\recombinant_free_regions\C\C_1-574_no_probang.contree
Log-likelihood of consensus tree: -2304.823

Analysis results written to: 
  IQ-TREE report:                alignments_no_probang_etc\recombinant_free_regions\C\C_1-574_no_probang.iqtree
  Maximum-likelihood tree:       alignments_no_probang_etc\recombinant_free_regions\C\C_1-574_no_probang.treefile
  Likelihood distances:          alignments_no_probang_etc\recombinant_free_regions\C\C_1-574_no_probang.mldist

Ultrafast bootstrap approximation results written to:
  Split support values:          alignments_no_probang_etc\recombinant_free_regions\C\C_1-574_no_probang.splits.nex
  Consensus tree:                alignments_no_probang_etc\recombinant_free_regions\C\C_1-574_no_probang.contree
  Screen log file:               alignments_no_probang_etc\recombinant_free_regions\C\C_1-574_no_probang.log

Date and Time: Thu Jan 15 14:51:12 2026
