IQ-TREE version 3.0.1 for Windows 64-bit built May  5 2025
Developed by Bui Quang Minh, Thomas Wong, Nhan Ly-Trong, Huaiyan Ren
Contributed by Lam-Tung Nguyen, Dominik Schrempf, Chris Bielow,
Olga Chernomor, Michael Woodhams, Diep Thi Hoang, Heiko Schmidt

Host:    DESKTOP-IAVMJI2 (AVX2, FMA3, 7 GB RAM)
Command: bin/iqtree3.exe -s alignments_no_probang_etc\recombinant_free_regions\C\C_2948-4275_no_probang.fasta -bb 1000 -m GTR+F+I+G -pre alignments_no_probang_etc\recombinant_free_regions\C\C_2948-4275_no_probang
Seed:    67023 (Using SPRNG - Scalable Parallel Random Number Generator)
Time:    Thu Jan 15 14:51:13 2026
Kernel:  AVX+FMA - 1 threads (8 CPU cores detected)

HINT: Use -nt option to specify number of threads because your CPU has 8 cores!
HINT: -nt AUTO will automatically determine the best number of threads to use.

Reading alignment file alignments_no_probang_etc\recombinant_free_regions\C\C_2948-4275_no_probang.fasta ... Fasta format detected
Reading fasta file: done in 0.0008159 secs
Alignment most likely contains DNA/RNA sequences
Constructing alignment: done in 0.0015696 secs
WARNING: 18 sites contain only gaps or ambiguous characters.
Alignment has 16 sequences with 1346 columns, 177 distinct patterns
187 parsimony-informative, 97 singleton sites, 1062 constant sites
                                             Gap/Ambiguity  Composition  p-value
Analyzing sequences: done in 8.69003e-05 secs
   1  MH053310/UGA/cattle/1970/C/AFRICA/Unknown      1.34%    passed     70.40%
   2  MH053309/KEN/cattle/1967/C/AFRICA/Unknown      1.34%    passed     97.11%
   3  MH053308/ETH/Unknown/1971/C/AFRICA/Unknown     1.34%    passed     85.82%
   4  KM268897/KEN/cattle/2004/C/AFRICA/Unknown      1.34%    passed     97.57%
   5  AY593810/GBR/Unknown/1970/C/V-EA/Unknown       1.34%    passed    100.00%
   6  X74812/AZE/Unknown/1965/C/EURO-SA/Unknown      1.34%    passed     99.66%
   7  OQ383267/BRA/cow/1963/C/EURO-SA/Unknown        1.34%    passed     97.04%
   8  OQ383266/GBR/Unknown/2002/C/V-EA/Unknown       1.34%    passed    100.00%
   9  OQ383265/NLD/cow/2000/C/EURO-SA/Unknown        1.34%    passed     97.34%
  10  OQ356339/GBR/cow/1987/C/V-EA/Unknown           1.34%    passed    100.00%
  11  AY593809/ARG/Unknown/1969/C/EURO-SA/Unknown    1.34%    passed     89.10%
  12  AY593808/ARG/Unknown/1966/C/EURO-SA/Unknown    1.34%    passed     99.35%
  13  AY593807/BRA/Unknown/1955/C/EURO-SA/Unknown    1.34%    passed     97.04%
  14  AY593806/BRA/Unknown/1971/C/EURO-SA/Unknown    1.34%    passed     94.65%
  15  AY593805/DEU/Unknown/1960/C/EURO-SA/Unknown    1.34%    passed     97.95%
  16  AY593804/CHE/Unknown/1965/C/EURO-SA/Unknown    1.34%    passed     96.70%
****  TOTAL                                          1.34%  0 sequences failed composition chi2 test (p-value<5%; df=3)
NOTE: OQ383266/GBR/Unknown/2002/C/V-EA/Unknown is identical to AY593810/GBR/Unknown/1970/C/V-EA/Unknown but kept for subsequent analysis
NOTE: AY593807/BRA/Unknown/1955/C/EURO-SA/Unknown is identical to OQ383267/BRA/cow/1963/C/EURO-SA/Unknown but kept for subsequent analysis
Checking for duplicate sequences: done in 0.017089 secs using 91.43% CPU
Identifying sites to remove: done in 0.0020105 secs
NOTE: 1 identical sequences (see below) will be ignored for subsequent analysis
NOTE: OQ356339/GBR/cow/1987/C/V-EA/Unknown (identical to AY593810/GBR/Unknown/1970/C/V-EA/Unknown) is ignored but added at the end
Alignment was printed to alignments_no_probang_etc\recombinant_free_regions\C\C_2948-4275_no_probang.uniqueseq.phy

For your convenience alignment with unique sequences printed to alignments_no_probang_etc\recombinant_free_regions\C\C_2948-4275_no_probang.uniqueseq.phy
Creating fast initial parsimony tree by random order stepwise addition...
0.004 seconds, parsimony score: 439 (based on 284 sites)
Generating 1000 samples for ultrafast bootstrap (seed: 67023)...

NOTE: 1 MB RAM (0 GB) is required!
Estimate model parameters (epsilon = 0.100)
Thoroughly optimizing +I+G parameters from 10 start values...
Init pinv, alpha: 0.000, 1.000 / Estimate: 0.000, 0.176 / LogL: -3974.368
Init pinv, alpha: 0.088, 1.000 / Estimate: 0.088, 0.214 / LogL: -3973.721
Init pinv, alpha: 0.175, 1.000 / Estimate: 0.175, 0.263 / LogL: -3973.215
Init pinv, alpha: 0.263, 1.000 / Estimate: 0.263, 0.327 / LogL: -3972.852
Init pinv, alpha: 0.351, 1.000 / Estimate: 0.350, 0.421 / LogL: -3972.631
Init pinv, alpha: 0.438, 1.000 / Estimate: 0.437, 0.570 / LogL: -3972.553
Init pinv, alpha: 0.526, 1.000 / Estimate: 0.524, 0.852 / LogL: -3972.656
Init pinv, alpha: 0.614, 1.000 / Estimate: 0.606, 1.507 / LogL: -3973.128
Init pinv, alpha: 0.701, 1.000 / Estimate: 0.644, 2.295 / LogL: -3973.726
Init pinv, alpha: 0.789, 1.000 / Estimate: 0.646, 2.357 / LogL: -3973.795
Optimal pinv,alpha: 0.437, 0.570 / LogL: -3972.553

Parameters optimization took 0.456 sec
Wrote distance file to... 
Computing ML distances based on estimated model parameters...
Calculating distance matrix: done in 0.002413 secs using 647.5% CPU
Computing ML distances took 0.020048 sec (of wall-clock time) 0.015625 sec (of CPU time)
Setting up auxiliary I and S matrices: done in 7.27004e-05 secs
Constructing RapidNJ tree: done in 0.0001315 secs
Computing RapidNJ tree took 0.011935 sec (of wall-clock time) 0.000000 sec (of CPU time)
Log-likelihood of RapidNJ tree: -3973.689
--------------------------------------------------------------------
|             INITIALIZING CANDIDATE TREE SET                      |
--------------------------------------------------------------------
Generating 98 parsimony trees... 0.159 second
Computing log-likelihood of 98 initial trees ... 0.178 seconds
Current best score: -3971.524

Do NNI search on 20 best initial trees
Optimizing NNI: done in 0.0286663 secs using 109% CPU
Estimate model parameters (epsilon = 0.100)
BETTER TREE FOUND at iteration 1: -3970.848
Optimizing NNI: done in 0.0173225 secs using 90.2% CPU
UPDATE BEST LOG-LIKELIHOOD: -3970.847
Optimizing NNI: done in 0.0292951 secs using 106.7% CPU
BETTER TREE FOUND at iteration 3: -3970.847
Optimizing NNI: done in 0.0372655 secs using 41.93% CPU
UPDATE BEST LOG-LIKELIHOOD: -3970.847
Optimizing NNI: done in 0.0247533 secs using 126.2% CPU
Optimizing NNI: done in 0.0281694 secs using 110.9% CPU
Optimizing NNI: done in 0.0267746 secs using 116.7% CPU
Optimizing NNI: done in 0.0299186 secs using 104.5% CPU
Optimizing NNI: done in 0.036415 secs using 85.82% CPU
Optimizing NNI: done in 0.0268986 secs using 116.2% CPU
Iteration 10 / LogL: -3970.848 / Time: 0h:0m:1s
Optimizing NNI: done in 0.0364675 secs using 85.69% CPU
Optimizing NNI: done in 0.030109 secs using 103.8% CPU
Optimizing NNI: done in 0.0370423 secs using 126.5% CPU
Optimizing NNI: done in 0.036874 secs using 84.75% CPU
Optimizing NNI: done in 0.0354198 secs using 132.3% CPU
Optimizing NNI: done in 0.0390868 secs using 119.9% CPU
Optimizing NNI: done in 0.0378469 secs using 82.57% CPU
Optimizing NNI: done in 0.0428339 secs using 36.48% CPU
Optimizing NNI: done in 0.0385091 secs using 81.15% CPU
Optimizing NNI: done in 0.0446372 secs using 35% CPU
Iteration 20 / LogL: -3970.848 / Time: 0h:0m:1s
Finish initializing candidate tree set (3)
Current best tree score: -3970.847 / CPU time: 1.189
Number of iterations: 20
--------------------------------------------------------------------
|               OPTIMIZING CANDIDATE TREE SET                      |
--------------------------------------------------------------------
Optimizing NNI: done in 0.0387061 secs using 80.74% CPU
Optimizing NNI: done in 0.0319233 secs using 97.89% CPU
Optimizing NNI: done in 0.0432431 secs using 108.4% CPU
Optimizing NNI: done in 0.0395362 secs using 79.04% CPU
Optimizing NNI: done in 0.0327243 secs using 95.49% CPU
Optimizing NNI: done in 0.0450462 secs using 104.1% CPU
Optimizing NNI: done in 0.0106587 secs
Optimizing NNI: done in 0.0275927 secs using 56.63% CPU
Optimizing NNI: done in 0.0345133 secs using 135.8% CPU
Optimizing NNI: done in 0.0326266 secs using 95.78% CPU
Iteration 30 / LogL: -3970.848 / Time: 0h:0m:2s (0h:0m:6s left)
Optimizing NNI: done in 0.0372297 secs using 83.94% CPU
Optimizing NNI: done in 0.0376193 secs using 83.07% CPU
Optimizing NNI: done in 0.0283044 secs using 110.4% CPU
Optimizing NNI: done in 0.0301098 secs using 103.8% CPU
Optimizing NNI: done in 0.0312281 secs using 100.1% CPU
Optimizing NNI: done in 0.0340545 secs using 137.6% CPU
Optimizing NNI: done in 0.0442889 secs using 105.8% CPU
Optimizing NNI: done in 0.0399803 secs using 117.2% CPU
Optimizing NNI: done in 0.0406368 secs using 76.9% CPU
Optimizing NNI: done in 0.0370366 secs using 84.38% CPU
Iteration 40 / LogL: -3970.849 / Time: 0h:0m:2s (0h:0m:4s left)
Optimizing NNI: done in 0.0423397 secs using 110.7% CPU
Optimizing NNI: done in 0.0331194 secs using 94.36% CPU
Optimizing NNI: done in 0.0435779 secs using 107.6% CPU
Optimizing NNI: done in 0.0446799 secs using 104.9% CPU
Optimizing NNI: done in 0.0150781 secs
Optimizing NNI: done in 0.0329114 secs using 94.95% CPU
Optimizing NNI: done in 0.0432408 secs using 108.4% CPU
Optimizing NNI: done in 0.0368594 secs using 84.78% CPU
Optimizing NNI: done in 0.0434527 secs using 107.9% CPU
Optimizing NNI: done in 0.0329751 secs using 94.77% CPU
Iteration 50 / LogL: -3970.847 / Time: 0h:0m:3s (0h:0m:3s left)
Log-likelihood cutoff on original alignment: -4001.140
Optimizing NNI: done in 0.0337904 secs using 92.48% CPU
Optimizing NNI: done in 0.0333188 secs using 46.9% CPU
Optimizing NNI: done in 0.0413527 secs using 113.4% CPU
Optimizing NNI: done in 0.0448845 secs using 104.4% CPU
Optimizing NNI: done in 0.0350115 secs using 89.26% CPU
Optimizing NNI: done in 0.0377763 secs using 82.72% CPU
Optimizing NNI: done in 0.036758 secs using 85.02% CPU
Optimizing NNI: done in 0.0311282 secs using 100.4% CPU
Optimizing NNI: done in 0.0410334 secs using 114.2% CPU
Optimizing NNI: done in 0.04359 secs using 107.5% CPU
Iteration 60 / LogL: -3970.848 / Time: 0h:0m:4s (0h:0m:2s left)
Optimizing NNI: done in 0.0297294 secs using 105.1% CPU
Optimizing NNI: done in 0.0457761 secs using 102.4% CPU
Optimizing NNI: done in 0.0273762 secs using 114.2% CPU
Optimizing NNI: done in 0.017135 secs using 182.4% CPU
Optimizing NNI: done in 0.043282 secs using 108.3% CPU
Optimizing NNI: done in 0.0427625 secs using 109.6% CPU
Optimizing NNI: done in 0.0264176 secs using 118.3% CPU
Optimizing NNI: done in 0.0315929 secs using 98.91% CPU
Optimizing NNI: done in 0.0428018 secs using 109.5% CPU
Optimizing NNI: done in 0.0378916 secs using 82.47% CPU
Iteration 70 / LogL: -3970.847 / Time: 0h:0m:4s (0h:0m:2s left)
Optimizing NNI: done in 0.0367414 secs using 127.6% CPU
Optimizing NNI: done in 0.042839 secs using 109.4% CPU
Optimizing NNI: done in 0.0375811 secs using 124.7% CPU
Optimizing NNI: done in 0.0354203 secs using 44.11% CPU
Optimizing NNI: done in 0.0498342 secs using 94.06% CPU
Optimizing NNI: done in 0.0393456 secs using 79.42% CPU
Optimizing NNI: done in 0.0343478 secs using 90.98% CPU
Optimizing NNI: done in 0.029253 secs using 106.8% CPU
Optimizing NNI: done in 0.0456968 secs using 34.19% CPU
Optimizing NNI: done in 0.0435557 secs using 35.87% CPU
Iteration 80 / LogL: -3971.253 / Time: 0h:0m:5s (0h:0m:1s left)
Optimizing NNI: done in 0.0434705 secs using 107.8% CPU
Optimizing NNI: done in 0.0445105 secs using 105.3% CPU
Optimizing NNI: done in 0.0257254 secs using 60.74% CPU
Optimizing NNI: done in 0.0140673 secs
Optimizing NNI: done in 0.0383102 secs using 81.57% CPU
Optimizing NNI: done in 0.050909 secs using 92.08% CPU
Optimizing NNI: done in 0.0118903 secs
Optimizing NNI: done in 0.0284513 secs using 109.8% CPU
Optimizing NNI: done in 0.0288273 secs using 108.4% CPU
Optimizing NNI: done in 0.046158 secs using 101.6% CPU
Iteration 90 / LogL: -3970.849 / Time: 0h:0m:5s (0h:0m:0s left)
Optimizing NNI: done in 0.0483739 secs using 96.9% CPU
Optimizing NNI: done in 0.0391251 secs using 79.87% CPU
Optimizing NNI: done in 0.0369028 secs using 127% CPU
Optimizing NNI: done in 0.0368336 secs using 84.84% CPU
Optimizing NNI: done in 0.0211505 secs using 73.88% CPU
Optimizing NNI: done in 0.0551231 secs using 113.4% CPU
Optimizing NNI: done in 0.0362105 secs using 86.3% CPU
Optimizing NNI: done in 0.0392548 secs using 79.61% CPU
Optimizing NNI: done in 0.0269238 secs using 116.1% CPU
Optimizing NNI: done in 0.0431284 secs using 108.7% CPU
Iteration 100 / LogL: -3970.848 / Time: 0h:0m:6s (0h:0m:0s left)
Log-likelihood cutoff on original alignment: -4001.140
NOTE: Bootstrap correlation coefficient of split occurrence frequencies: 0.999
Optimizing NNI: done in 0.0245106 secs using 127.5% CPU
Optimizing NNI: done in 0.0424935 secs using 36.77% CPU
Optimizing NNI: done in 0.0270947 secs using 115.3% CPU
Optimizing NNI: done in 0.0321093 secs using 97.32% CPU
TREE SEARCH COMPLETED AFTER 104 ITERATIONS / Time: 0h:0m:6s

--------------------------------------------------------------------
|                    FINALIZING TREE SEARCH                        |
--------------------------------------------------------------------
Performs final model parameters optimization
Estimate model parameters (epsilon = 0.010)
1. Initial log-likelihood: -3970.847
Optimal log-likelihood: -3970.847
Rate parameters:  A-C: 1.01969  A-G: 18.70832  A-T: 2.55277  C-G: 1.11399  C-T: 30.84012  G-T: 1.00000
Base frequencies:  A: 0.249  C: 0.286  G: 0.252  T: 0.213
Proportion of invariable sites: 0.437
Gamma shape alpha: 0.570
Parameters optimization took 1 rounds (0.027 sec)
BEST SCORE FOUND : -3970.847
Creating bootstrap support values...
Split supports printed to NEXUS file alignments_no_probang_etc\recombinant_free_regions\C\C_2948-4275_no_probang.splits.nex
Total tree length: 0.414

Total number of iterations: 104
CPU time used for tree search: 5.172 sec (0h:0m:5s)
Wall-clock time used for tree search: 5.731 sec (0h:0m:5s)
Total CPU time used: 5.844 sec (0h:0m:5s)
Total wall-clock time used: 6.666 sec (0h:0m:6s)

Computing bootstrap consensus tree...
Reading input file alignments_no_probang_etc\recombinant_free_regions\C\C_2948-4275_no_probang.splits.nex...
15 taxa and 53 splits.
Consensus tree written to alignments_no_probang_etc\recombinant_free_regions\C\C_2948-4275_no_probang.contree
Reading input trees file alignments_no_probang_etc\recombinant_free_regions\C\C_2948-4275_no_probang.contree
Log-likelihood of consensus tree: -3970.860

Analysis results written to: 
  IQ-TREE report:                alignments_no_probang_etc\recombinant_free_regions\C\C_2948-4275_no_probang.iqtree
  Maximum-likelihood tree:       alignments_no_probang_etc\recombinant_free_regions\C\C_2948-4275_no_probang.treefile
  Likelihood distances:          alignments_no_probang_etc\recombinant_free_regions\C\C_2948-4275_no_probang.mldist

Ultrafast bootstrap approximation results written to:
  Split support values:          alignments_no_probang_etc\recombinant_free_regions\C\C_2948-4275_no_probang.splits.nex
  Consensus tree:                alignments_no_probang_etc\recombinant_free_regions\C\C_2948-4275_no_probang.contree
  Screen log file:               alignments_no_probang_etc\recombinant_free_regions\C\C_2948-4275_no_probang.log

Date and Time: Thu Jan 15 14:51:20 2026
