IQ-TREE version 3.0.1 for Windows 64-bit built May  5 2025
Developed by Bui Quang Minh, Thomas Wong, Nhan Ly-Trong, Huaiyan Ren
Contributed by Lam-Tung Nguyen, Dominik Schrempf, Chris Bielow,
Olga Chernomor, Michael Woodhams, Diep Thi Hoang, Heiko Schmidt

Host:    DESKTOP-IAVMJI2 (AVX2, FMA3, 7 GB RAM)
Command: bin/iqtree3.exe -s alignments_no_probang_etc\recombinant_free_regions\C\C_4276-6990_no_probang.fasta -bb 1000 -m GTR+F+I+G -pre alignments_no_probang_etc\recombinant_free_regions\C\C_4276-6990_no_probang
Seed:    334537 (Using SPRNG - Scalable Parallel Random Number Generator)
Time:    Thu Jan 15 14:51:20 2026
Kernel:  AVX+FMA - 1 threads (8 CPU cores detected)

HINT: Use -nt option to specify number of threads because your CPU has 8 cores!
HINT: -nt AUTO will automatically determine the best number of threads to use.

Reading alignment file alignments_no_probang_etc\recombinant_free_regions\C\C_4276-6990_no_probang.fasta ... Fasta format detected
Reading fasta file: done in 0.0017557 secs
Alignment most likely contains DNA/RNA sequences
Constructing alignment: done in 0.0023256 secs
WARNING: 69 sites contain only gaps or ambiguous characters.
Alignment has 16 sequences with 2784 columns, 306 distinct patterns
407 parsimony-informative, 143 singleton sites, 2234 constant sites
                                             Gap/Ambiguity  Composition  p-value
Analyzing sequences: done in 9.02e-05 secs
   1  MH053310/UGA/cattle/1970/C/AFRICA/Unknown      2.48%    passed     92.48%
   2  MH053309/KEN/cattle/1967/C/AFRICA/Unknown      2.48%    passed     98.05%
   3  MH053308/ETH/Unknown/1971/C/AFRICA/Unknown     2.48%    passed     68.58%
   4  KM268897/KEN/cattle/2004/C/AFRICA/Unknown      2.48%    passed     98.65%
   5  AY593810/GBR/Unknown/1970/C/V-EA/Unknown       2.48%    passed     97.67%
   6  X74812/AZE/Unknown/1965/C/EURO-SA/Unknown      2.48%    passed     95.44%
   7  OQ383267/BRA/cow/1963/C/EURO-SA/Unknown        2.48%    passed     95.28%
   8  OQ383266/GBR/Unknown/2002/C/V-EA/Unknown       2.48%    passed     96.38%
   9  OQ383265/NLD/cow/2000/C/EURO-SA/Unknown        2.48%    passed     99.59%
  10  OQ356339/GBR/cow/1987/C/V-EA/Unknown           2.48%    passed     97.67%
  11  AY593809/ARG/Unknown/1969/C/EURO-SA/Unknown    2.48%    passed     93.55%
  12  AY593808/ARG/Unknown/1966/C/EURO-SA/Unknown    2.48%    passed     98.54%
  13  AY593807/BRA/Unknown/1955/C/EURO-SA/Unknown    2.48%    passed     96.04%
  14  AY593806/BRA/Unknown/1971/C/EURO-SA/Unknown    2.48%    passed     98.65%
  15  AY593805/DEU/Unknown/1960/C/EURO-SA/Unknown    2.48%    passed     99.39%
  16  AY593804/CHE/Unknown/1965/C/EURO-SA/Unknown    2.48%    passed     99.39%
****  TOTAL                                          2.48%  0 sequences failed composition chi2 test (p-value<5%; df=3)
NOTE: OQ356339/GBR/cow/1987/C/V-EA/Unknown is identical to AY593810/GBR/Unknown/1970/C/V-EA/Unknown but kept for subsequent analysis
NOTE: AY593804/CHE/Unknown/1965/C/EURO-SA/Unknown is identical to AY593805/DEU/Unknown/1960/C/EURO-SA/Unknown but kept for subsequent analysis
Checking for duplicate sequences: done in 0.0160755 secs
Creating fast initial parsimony tree by random order stepwise addition...
0.004 seconds, parsimony score: 900 (based on 550 sites)
Generating 1000 samples for ultrafast bootstrap (seed: 334537)...

NOTE: 1 MB RAM (0 GB) is required!
Estimate model parameters (epsilon = 0.100)
Thoroughly optimizing +I+G parameters from 10 start values...
Init pinv, alpha: 0.000, 1.000 / Estimate: 0.000, 0.143 / LogL: -8089.623
Init pinv, alpha: 0.089, 1.000 / Estimate: 0.090, 0.178 / LogL: -8087.541
Init pinv, alpha: 0.178, 1.000 / Estimate: 0.179, 0.219 / LogL: -8085.875
Init pinv, alpha: 0.267, 1.000 / Estimate: 0.268, 0.273 / LogL: -8084.614
Init pinv, alpha: 0.357, 1.000 / Estimate: 0.357, 0.350 / LogL: -8083.728
Init pinv, alpha: 0.446, 1.000 / Estimate: 0.446, 0.471 / LogL: -8083.184
Init pinv, alpha: 0.535, 1.000 / Estimate: 0.534, 0.689 / LogL: -8083.017
Init pinv, alpha: 0.624, 1.000 / Estimate: 0.620, 1.200 / LogL: -8083.614
Init pinv, alpha: 0.713, 1.000 / Estimate: 0.650, 1.582 / LogL: -8084.334
Init pinv, alpha: 0.802, 1.000 / Estimate: 0.650, 1.588 / LogL: -8084.347
Optimal pinv,alpha: 0.534, 0.689 / LogL: -8083.017

Parameters optimization took 0.925 sec
Wrote distance file to... 
Computing ML distances based on estimated model parameters...
Calculating distance matrix: done in 0.0029236 secs
Computing ML distances took 0.022904 sec (of wall-clock time) 0.000000 sec (of CPU time)
Setting up auxiliary I and S matrices: done in 9.54e-05 secs
Constructing RapidNJ tree: done in 0.0001446 secs
Computing RapidNJ tree took 0.013558 sec (of wall-clock time) 0.015625 sec (of CPU time)
Log-likelihood of RapidNJ tree: -8082.191
--------------------------------------------------------------------
|             INITIALIZING CANDIDATE TREE SET                      |
--------------------------------------------------------------------
Generating 98 parsimony trees... 0.234 second
Computing log-likelihood of 98 initial trees ... 0.268 seconds
Current best score: -8082.191

Do NNI search on 20 best initial trees
Optimizing NNI: done in 0.0363268 secs using 129% CPU
Estimate model parameters (epsilon = 0.100)
BETTER TREE FOUND at iteration 1: -8080.941
Optimizing NNI: done in 0.0474729 secs using 98.74% CPU
Optimizing NNI: done in 0.0390498 secs using 120% CPU
UPDATE BEST LOG-LIKELIHOOD: -8080.938
Optimizing NNI: done in 0.0470651 secs using 99.6% CPU
Optimizing NNI: done in 0.0494366 secs using 94.82% CPU
Optimizing NNI: done in 0.0608168 secs using 102.8% CPU
Optimizing NNI: done in 0.0596107 secs using 104.8% CPU
UPDATE BEST LOG-LIKELIHOOD: -8080.934
Optimizing NNI: done in 0.0633329 secs using 98.68% CPU
Optimizing NNI: done in 0.0556212 secs using 112.4% CPU
Optimizing NNI: done in 0.0645086 secs using 96.89% CPU
Iteration 10 / LogL: -8080.944 / Time: 0h:0m:2s
Optimizing NNI: done in 0.0669965 secs using 93.29% CPU
Optimizing NNI: done in 0.0707253 secs using 88.37% CPU
Optimizing NNI: done in 0.0741605 secs using 84.28% CPU
Optimizing NNI: done in 0.059128 secs using 79.28% CPU
Optimizing NNI: done in 0.0717849 secs using 87.07% CPU
Optimizing NNI: done in 0.0740431 secs using 105.5% CPU
Optimizing NNI: done in 0.0485893 secs using 128.6% CPU
Optimizing NNI: done in 0.0753838 secs using 103.6% CPU
Optimizing NNI: done in 0.0814254 secs using 95.95% CPU
Optimizing NNI: done in 0.0576469 secs using 108.4% CPU
Iteration 20 / LogL: -8080.937 / Time: 0h:0m:3s
Finish initializing candidate tree set (1)
Current best tree score: -8080.934 / CPU time: 1.882
Number of iterations: 20
--------------------------------------------------------------------
|               OPTIMIZING CANDIDATE TREE SET                      |
--------------------------------------------------------------------
Optimizing NNI: done in 0.0407091 secs using 76.76% CPU
Optimizing NNI: done in 0.0457229 secs using 102.5% CPU
Optimizing NNI: done in 0.045448 secs using 103.1% CPU
Optimizing NNI: done in 0.0392231 secs using 119.5% CPU
Optimizing NNI: done in 0.0619144 secs using 100.9% CPU
Optimizing NNI: done in 0.0748143 secs using 104.4% CPU
Optimizing NNI: done in 0.0587926 secs using 106.3% CPU
UPDATE BEST LOG-LIKELIHOOD: -8080.934
Optimizing NNI: done in 0.0727675 secs using 64.42% CPU
Optimizing NNI: done in 0.0812383 secs using 76.93% CPU
Optimizing NNI: done in 0.0705159 secs using 44.32% CPU
UPDATE BEST LOG-LIKELIHOOD: -8080.933
Iteration 30 / LogL: -8080.933 / Time: 0h:0m:4s (0h:0m:10s left)
Optimizing NNI: done in 0.0636558 secs using 49.09% CPU
Optimizing NNI: done in 0.0808839 secs using 96.59% CPU
Optimizing NNI: done in 0.0555414 secs using 56.26% CPU
Optimizing NNI: done in 0.0951895 secs using 32.83% CPU
Optimizing NNI: done in 0.0726503 secs using 86.03% CPU
Optimizing NNI: done in 0.0510479 secs using 91.83% CPU
Optimizing NNI: done in 0.0722717 secs using 86.48% CPU
Optimizing NNI: done in 0.0497975 secs using 125.5% CPU
Optimizing NNI: done in 0.0555403 secs using 84.4% CPU
Optimizing NNI: done in 0.0539271 secs using 86.92% CPU
Iteration 40 / LogL: -8080.933 / Time: 0h:0m:5s (0h:0m:8s left)
Optimizing NNI: done in 0.0608498 secs using 102.7% CPU
Optimizing NNI: done in 0.0641319 secs using 97.46% CPU
Optimizing NNI: done in 0.0526414 secs using 89.05% CPU
Optimizing NNI: done in 0.0574646 secs using 81.57% CPU
Optimizing NNI: done in 0.0423148 secs using 73.85% CPU
Optimizing NNI: done in 0.043654 secs using 71.59% CPU
Optimizing NNI: done in 0.0551134 secs using 85.05% CPU
Optimizing NNI: done in 0.0781048 secs using 80.02% CPU
Optimizing NNI: done in 0.0580772 secs using 53.81% CPU
Optimizing NNI: done in 0.0548194 secs using 85.51% CPU
Iteration 50 / LogL: -8080.936 / Time: 0h:0m:6s (0h:0m:6s left)
Log-likelihood cutoff on original alignment: -8101.204
Optimizing NNI: done in 0.0531833 secs using 117.5% CPU
Optimizing NNI: done in 0.0652403 secs using 95.8% CPU
Optimizing NNI: done in 0.0491289 secs using 95.41% CPU
Optimizing NNI: done in 0.0585731 secs using 106.7% CPU
Optimizing NNI: done in 0.0848446 secs using 92.08% CPU
Optimizing NNI: done in 0.0671052 secs using 93.14% CPU
Optimizing NNI: done in 0.0606216 secs using 103.1% CPU
Optimizing NNI: done in 0.0805459 secs using 96.99% CPU
Optimizing NNI: done in 0.0418654 secs using 112% CPU
Optimizing NNI: done in 0.0669201 secs using 93.39% CPU
Iteration 60 / LogL: -8080.933 / Time: 0h:0m:7s (0h:0m:5s left)
Optimizing NNI: done in 0.063214 secs using 74.15% CPU
Optimizing NNI: done in 0.0218323 secs using 143.1% CPU
Optimizing NNI: done in 0.0436324 secs using 71.62% CPU
Optimizing NNI: done in 0.0635463 secs using 98.35% CPU
Optimizing NNI: done in 0.0491214 secs using 95.43% CPU
Optimizing NNI: done in 0.040547 secs using 77.07% CPU
Optimizing NNI: done in 0.0380734 secs using 123.1% CPU
Optimizing NNI: done in 0.0561419 secs using 55.66% CPU
Optimizing NNI: done in 0.0352407 secs using 88.68% CPU
Optimizing NNI: done in 0.118537 secs using 65.91% CPU
Iteration 70 / LogL: -8080.933 / Time: 0h:0m:8s (0h:0m:3s left)
Optimizing NNI: done in 0.047084 secs using 99.56% CPU
UPDATE BEST LOG-LIKELIHOOD: -8080.933
Optimizing NNI: done in 0.0753629 secs using 103.7% CPU
Optimizing NNI: done in 0.082368 secs using 56.91% CPU
Optimizing NNI: done in 0.0544002 secs using 86.17% CPU
Optimizing NNI: done in 0.0433408 secs using 108.2% CPU
Optimizing NNI: done in 0.0515558 secs using 121.2% CPU
Optimizing NNI: done in 0.0850582 secs using 73.48% CPU
Optimizing NNI: done in 0.0566103 secs using 82.8% CPU
Optimizing NNI: done in 0.0486989 secs using 128.3% CPU
Optimizing NNI: done in 0.0795912 secs using 58.89% CPU
Iteration 80 / LogL: -8080.954 / Time: 0h:0m:9s (0h:0m:2s left)
Optimizing NNI: done in 0.0499677 secs using 62.54% CPU
Optimizing NNI: done in 0.0484761 secs using 96.7% CPU
Optimizing NNI: done in 0.0862553 secs using 72.46% CPU
Optimizing NNI: done in 0.050819 secs using 92.24% CPU
Optimizing NNI: done in 0.0476293 secs using 98.42% CPU
Optimizing NNI: done in 0.056988 secs using 109.7% CPU
Optimizing NNI: done in 0.06726 secs using 92.92% CPU
Optimizing NNI: done in 0.0520332 secs using 120.1% CPU
Optimizing NNI: done in 0.0479918 secs using 97.67% CPU
Optimizing NNI: done in 0.0602927 secs using 77.75% CPU
Iteration 90 / LogL: -8080.939 / Time: 0h:0m:10s (0h:0m:1s left)
Optimizing NNI: done in 0.0543913 secs using 114.9% CPU
Optimizing NNI: done in 0.0521863 secs using 89.82% CPU
Optimizing NNI: done in 0.0780274 secs using 80.1% CPU
Optimizing NNI: done in 0.0429299 secs using 109.2% CPU
Optimizing NNI: done in 0.06479 secs using 96.47% CPU
Optimizing NNI: done in 0.0519325 secs using 120.3% CPU
Optimizing NNI: done in 0.0581393 secs using 80.63% CPU
Optimizing NNI: done in 0.0378161 secs using 124% CPU
Optimizing NNI: done in 0.0432872 secs using 108.3% CPU
Optimizing NNI: done in 0.0563285 secs using 83.22% CPU
Iteration 100 / LogL: -8080.944 / Time: 0h:0m:11s (0h:0m:0s left)
Log-likelihood cutoff on original alignment: -8101.204
NOTE: Bootstrap correlation coefficient of split occurrence frequencies: 0.998
Optimizing NNI: done in 0.0406736 secs using 76.83% CPU
Optimizing NNI: done in 0.0598116 secs using 104.5% CPU
TREE SEARCH COMPLETED AFTER 102 ITERATIONS / Time: 0h:0m:11s

--------------------------------------------------------------------
|                    FINALIZING TREE SEARCH                        |
--------------------------------------------------------------------
Performs final model parameters optimization
Estimate model parameters (epsilon = 0.010)
1. Initial log-likelihood: -8080.933
Optimal log-likelihood: -8080.930
Rate parameters:  A-C: 1.65363  A-G: 14.31987  A-T: 1.98393  C-G: 0.94335  C-T: 32.21177  G-T: 1.00000
Base frequencies:  A: 0.256  C: 0.261  G: 0.267  T: 0.215
Proportion of invariable sites: 0.534
Gamma shape alpha: 0.696
Parameters optimization took 1 rounds (0.028 sec)
BEST SCORE FOUND : -8080.930
Creating bootstrap support values...
Split supports printed to NEXUS file alignments_no_probang_etc\recombinant_free_regions\C\C_4276-6990_no_probang.splits.nex
Total tree length: 0.426

Total number of iterations: 102
CPU time used for tree search: 7.438 sec (0h:0m:7s)
Wall-clock time used for tree search: 10.399 sec (0h:0m:10s)
Total CPU time used: 8.578 sec (0h:0m:8s)
Total wall-clock time used: 11.810 sec (0h:0m:11s)

Computing bootstrap consensus tree...
Reading input file alignments_no_probang_etc\recombinant_free_regions\C\C_4276-6990_no_probang.splits.nex...
16 taxa and 50 splits.
Consensus tree written to alignments_no_probang_etc\recombinant_free_regions\C\C_4276-6990_no_probang.contree
Reading input trees file alignments_no_probang_etc\recombinant_free_regions\C\C_4276-6990_no_probang.contree
Log-likelihood of consensus tree: -8080.955

Analysis results written to: 
  IQ-TREE report:                alignments_no_probang_etc\recombinant_free_regions\C\C_4276-6990_no_probang.iqtree
  Maximum-likelihood tree:       alignments_no_probang_etc\recombinant_free_regions\C\C_4276-6990_no_probang.treefile
  Likelihood distances:          alignments_no_probang_etc\recombinant_free_regions\C\C_4276-6990_no_probang.mldist

Ultrafast bootstrap approximation results written to:
  Split support values:          alignments_no_probang_etc\recombinant_free_regions\C\C_4276-6990_no_probang.splits.nex
  Consensus tree:                alignments_no_probang_etc\recombinant_free_regions\C\C_4276-6990_no_probang.contree
  Screen log file:               alignments_no_probang_etc\recombinant_free_regions\C\C_4276-6990_no_probang.log

Date and Time: Thu Jan 15 14:51:32 2026
