#
#model:
#
#<?xml version="1.0" encoding="UTF-8" standalone="no"?><input id="posterior" spec="beast.base.inference.CompoundDistribution">
#    <distribution id="prior" spec="beast.base.inference.CompoundDistribution">
#        <distribution id="CoalescentConstant.t:C" spec="beast.base.evolution.tree.coalescent.Coalescent">
#            <populationModel id="ConstantPopulation.t:C" spec="beast.base.evolution.tree.coalescent.ConstantPopulation">
#                <parameter id="popSize.t:C" lower="0.0" name="popSize" spec="beast.base.inference.parameter.RealParameter" upper="100.0">0.3</parameter>
#            </populationModel>
#            <treeIntervals id="TreeIntervals.t:C" spec="beast.base.evolution.tree.TreeIntervals">
#                <tree id="Tree.t:C" spec="beast.base.evolution.tree.Tree">
#                    <trait id="dateTrait.t:C" spec="beast.base.evolution.tree.TraitSet" traitname="date" value="MH053310/UGA/cattle/1970/C=1970,MH053309/KEN/cattle/1967/C=1967,MH053308/ETH/unknown/1971/C=1971,KM268897/KEN/cattle/2004/C=2004,AY593810/GBR/Unknown/1970/C=1970,X74812/Unknown/Unknown/1965/C=1965,OQ427393/Unknown/cow/2009/C=2009,OQ383267/BRA/cow/1963/C=1963,OQ383266/GBR/Unknown/2002/C=2002,OQ383265/NLD/cow/2000/C=2000,OQ356339/GBR/cow/1987/C=1987,AY593809/ARG/Unknown/1969/C=1969,AY593808/ARG/Unknown/1966/C=1966,AY593807/BRA/Unknown/1955/C=1955,AY593806/BRA/Unknown/1971/C=1971,AY593805/DEU/Unknown/1960/C=1960,AY593804/CHE/Unknown/1965/C=1965">
#                        <taxa id="TaxonSet.C" spec="beast.base.evolution.alignment.TaxonSet">
#                        </taxa>
#                    </trait>
#                    <taxonset idref="TaxonSet.C"/>
#                </tree>
#            </treeIntervals>
#        </distribution>
#        <prior id="ClockPrior.c:C" name="distribution">
#            <parameter id="clockRate.c:C" lower="1.0E-4" name="x" spec="beast.base.inference.parameter.RealParameter" upper="0.01">0.001</parameter>
#            <Uniform id="Uniform.0" name="distr" upper="Infinity"/>
#        </prior>
#        <prior id="FrequenciesPrior.s:C" name="distribution">
#            <parameter dimension="4" id="freqParameter.s:C" lower="0.0" name="x" spec="beast.base.inference.parameter.RealParameter" upper="1.0">0.25</parameter>
#            <distr id="Dirichlet.0" spec="beast.base.inference.distribution.Dirichlet">
#                <parameter dimension="4" estimate="false" id="RealParameter.17" name="alpha" spec="beast.base.inference.parameter.RealParameter">4.0 4.0 4.0 4.0</parameter>
#            </distr>
#        </prior>
#        <prior id="PopSizePrior.t:C" name="distribution" x="@popSize.t:C">
#            <OneOnX id="OneOnX.1" name="distr"/>
#        </prior>
#        <prior id="RateACPrior.s:C" name="distribution">
#            <parameter id="rateAC.s:C" lower="0.0" name="x" spec="beast.base.inference.parameter.RealParameter" upper="100.0">1.0</parameter>
#            <Gamma id="Gamma.2" name="distr">
#                <parameter estimate="false" id="RealParameter.5" name="alpha" spec="beast.base.inference.parameter.RealParameter">0.05</parameter>
#                <parameter estimate="false" id="RealParameter.6" name="beta" spec="beast.base.inference.parameter.RealParameter">10.0</parameter>
#            </Gamma>
#        </prior>
#        <prior id="RateAGPrior.s:C" name="distribution">
#            <parameter id="rateAG.s:C" lower="0.0" name="x" spec="beast.base.inference.parameter.RealParameter" upper="100.0">1.0</parameter>
#            <Gamma id="Gamma.3" name="distr">
#                <parameter estimate="false" id="RealParameter.7" name="alpha" spec="beast.base.inference.parameter.RealParameter">0.05</parameter>
#                <parameter estimate="false" id="RealParameter.8" name="beta" spec="beast.base.inference.parameter.RealParameter">20.0</parameter>
#            </Gamma>
#        </prior>
#        <prior id="RateATPrior.s:C" name="distribution">
#            <parameter id="rateAT.s:C" lower="0.0" name="x" spec="beast.base.inference.parameter.RealParameter" upper="100.0">1.0</parameter>
#            <Gamma id="Gamma.4" name="distr">
#                <parameter estimate="false" id="RealParameter.9" name="alpha" spec="beast.base.inference.parameter.RealParameter">0.05</parameter>
#                <parameter estimate="false" id="RealParameter.10" name="beta" spec="beast.base.inference.parameter.RealParameter">10.0</parameter>
#            </Gamma>
#        </prior>
#        <prior id="RateCGPrior.s:C" name="distribution">
#            <parameter id="rateCG.s:C" lower="0.0" name="x" spec="beast.base.inference.parameter.RealParameter" upper="100.0">1.0</parameter>
#            <Gamma id="Gamma.5" name="distr">
#                <parameter estimate="false" id="RealParameter.11" name="alpha" spec="beast.base.inference.parameter.RealParameter">0.05</parameter>
#                <parameter estimate="false" id="RealParameter.12" name="beta" spec="beast.base.inference.parameter.RealParameter">10.0</parameter>
#            </Gamma>
#        </prior>
#        <prior id="RateGTPrior.s:C" name="distribution">
#            <parameter id="rateGT.s:C" lower="0.0" name="x" spec="beast.base.inference.parameter.RealParameter" upper="100.0">1.0</parameter>
#            <Gamma id="Gamma.7" name="distr">
#                <parameter estimate="false" id="RealParameter.15" name="alpha" spec="beast.base.inference.parameter.RealParameter">0.05</parameter>
#                <parameter estimate="false" id="RealParameter.16" name="beta" spec="beast.base.inference.parameter.RealParameter">10.0</parameter>
#            </Gamma>
#        </prior>
#    </distribution>
#    <distribution id="likelihood" spec="beast.base.inference.CompoundDistribution" useThreads="true">
#        <distribution data="@C" id="treeLikelihood.C" spec="beast.base.evolution.likelihood.ThreadedTreeLikelihood" tree="@Tree.t:C">
#            <siteModel id="SiteModel.s:C" spec="beast.base.evolution.sitemodel.SiteModel">
#                <parameter id="mutationRate.s:C" lower="0.0" name="mutationRate" spec="beast.base.inference.parameter.RealParameter">1.0</parameter>
#                <parameter estimate="false" id="gammaShape.s:C" lower="0.1" name="shape" spec="beast.base.inference.parameter.RealParameter">1.0</parameter>
#                <parameter estimate="false" id="proportionInvariant.s:C" lower="0.0" name="proportionInvariant" spec="beast.base.inference.parameter.RealParameter" upper="1.0">0.0</parameter>
#                <substModel id="gtr.s:C" rateAC="@rateAC.s:C" rateAG="@rateAG.s:C" rateAT="@rateAT.s:C" rateCG="@rateCG.s:C" rateGT="@rateGT.s:C" spec="beast.base.evolution.substitutionmodel.GTR">
#                    <parameter estimate="false" id="rateCT.s:C" lower="0.0" name="rateCT" spec="beast.base.inference.parameter.RealParameter">1.0</parameter>
#                    <frequencies frequencies="@freqParameter.s:C" id="estimatedFreqs.s:C" spec="beast.base.evolution.substitutionmodel.Frequencies"/>
#                </substModel>
#            </siteModel>
#            <branchRateModel clock.rate="@clockRate.c:C" id="StrictClock.c:C" spec="beast.base.evolution.branchratemodel.StrictClockModel"/>
#        </distribution>
#    </distribution>
#</input>
#
Sample	NSlikelihood	posterior	likelihood	prior	treeLikelihood	Tree.height	Tree.treeLength	clockRate	mutationRate	rateAC	rateAG	rateAT	rateCG	rateGT	freqParameter.1	freqParameter.2	freqParameter.3	freqParameter.4	popSize	CoalescentConstant
0	-13012.444948300368	-13070.52689024632	-13012.444948300368	-58.081941945950824	-13012.444948300368	64.15604128460379	120.29459386855916	0.0035508665330944507	2.746946980285181	3.746962470228653	1.785848691735416	14.197834545648059	0.1466140877288045	0.45425609332264477	0.3384166048377411	0.19559544458936237	0.2830391355376188	0.1829488150352777	4.233031322534276	-41.19234920741215
1	-12337.549308883616	-12385.889088003021	-12337.549308883616	-48.339779119405534	-12337.549308883616	60.06526153289725	126.45500166942901	0.01	1.1385823275017253	1.2627445576374938	0.26765164509654	0.5663537599626399	0.02534606698997429	0.004321077034511402	0.2588227414684628	0.26985106284661603	0.13172880484270608	0.33959739084221496	4.4102273766666045	-44.86268841922301
2	-11510.848981953959	-11556.444072613072	-11510.848981953959	-45.59509065911397	-11510.848981953959	60.3671654110176	117.09415942572255	0.005033362731983855	3.19090725050787	0.1262437776275682	1.1501681076444226	0.09652895133124793	0.011897852004535237	0.03363698096456037	0.48321460320247805	0.18079763915199143	0.1661548403940922	0.16983291725143826	4.620394850965424	-42.72798306578869
3	-11222.606781522325	-11291.657487038534	-11222.606781522325	-69.05070551620936	-11222.606781522325	76.42371271021061	260.26298297983584	0.008348713638872275	0.517620298187957	0.04553801343448893	0.14229737324468444	0.12887934358263056	6.841532969039408E-4	0.014150642020323867	0.6016803481124059	0.10912141806873098	0.14938470689286756	0.1398135269259956	30.893340080683775	-68.7972455331256
4	-11121.182032153025	-11185.475499647282	-11121.182032153025	-64.29346749425696	-11121.182032153025	95.61592153448059	277.5818210059543	0.005596938061344446	0.589842142725402	0.0474871258850744	0.13872676600312422	0.02035176178327242	6.030370798095276E-4	0.014150642020323867	0.6016803481124059	0.1032055187681375	0.14669777186053312	0.14841636125892355	25.55138697760538	-66.05581253860267
5	-10834.485294270538	-10876.83448303051	-10834.485294270538	-42.349188759972336	-10834.485294270538	60.51802657802047	119.83147869247924	0.007098023454576417	0.9668705582041428	0.04144103324074439	0.10484317199658891	0.00929414788287827	7.915516150831061E-4	0.09025397740719639	0.6016803481124059	0.1032055187681375	0.1595605409377686	0.13555359218168805	6.898243180329885	-44.51828718288524
6	-10744.830064778986	-10797.279889942174	-10744.830064778986	-52.44982516318874	-10744.830064778986	59.50792422395236	146.83194020345147	0.0032473917166755545	1.4931624074443723	0.024777212831622288	0.1837714000308389	0.0627666081980598	5.121582801660777E-4	0.1014799723690369	0.6016803481124059	0.11488763391613283	0.14787842578977328	0.13555359218168805	10.62403116083012	-52.71509679147325
7	-10625.786137926747	-10668.420299152382	-10625.786137926747	-42.63416122563497	-10625.786137926747	56.611957404629464	115.30600035065957	0.004698681863889518	1.4931624074443723	0.01874537827807306	0.1649225481692872	0.017581179759685334	8.35191076911437E-4	0.061092931170465936	0.596997413797009	0.1074755913255475	0.15529046838035862	0.1402365264970849	6.629031479161339	-45.00057619900791
8	-10466.610920580491	-10514.797808574971	-10466.610920580491	-48.1868879944802	-10466.610920580491	61.08655511114344	140.19419055929743	0.0068399283056988554	1.2663537038486672	0.03271240283533499	0.7217367773439524	0.015056574003596236	9.952487973233435E-5	0.023796195915560907	0.596997413797009	0.09837886792847668	0.18635142083523465	0.11827229743927964	7.462723604495831	-51.31287298748409
9	-10247.697227256067	-10310.037843115259	-10247.697227256067	-62.340615859191935	-10247.697227256067	86.18354978146232	227.64043181569528	0.0014288635056553692	1.862226050505329	0.04116822151498655	0.7217367773439524	0.017943125279002905	1.8235504097533793E-4	0.026721487791617312	0.596997413797009	0.11418142351751547	0.17335276800107746	0.11546839468439807	16.734973286575382	-63.74512316776155
10	-10030.368504480006	-10077.61272893576	-10030.368504480006	-47.24422445575394	-10030.368504480006	61.138222614328434	133.35097881404474	0.003479841941969579	1.862226050505329	0.028187411441355784	0.7217367773439524	0.02896072886805847	2.7335683787400514E-4	0.01610230874942183	0.596997413797009	0.1277376255804673	0.1646476527973746	0.11061730782514909	9.881957449810297	-49.231670077504766
11	-9964.988639614417	-10013.280562962082	-9964.988639614417	-48.29192334766395	-9964.988639614417	57.493727107150335	132.17273618037814	0.001697641492588216	2.4757714727069695	0.034408736292110775	1.1135850337684126	0.05897930809064704	5.716201269044942E-4	0.020658972429151674	0.5846826777810337	0.14905478491116816	0.15564522948264903	0.11061730782514909	4.833955458494577	-48.98782146500099
12	-9964.661928034815	-10032.220062863342	-9964.661928034815	-67.55813482852629	-9964.661928034815	74.88390133963608	244.00258115076076	8.787269584226982E-4	4.792209828811959	0.062424327177901584	0.824990126299775	0.08597975237944144	4.120218280596399E-4	0.016605358448525717	0.5981400443602253	0.13559741833197653	0.14137397724466041	0.1248885600631377	28.18881166971639	-66.23960287808906
13	-9935.672723113456	-10012.081898198658	-9935.672723113456	-76.40917508520218	-9935.672723113456	115.76204406623695	392.5499195885066	2.3628204604643973E-4	5.340123038935562	0.03845856290668079	0.5218780513075835	0.07494862310369715	2.838950145702577E-4	0.0163568175264601	0.5872707577473019	0.1257735459310544	0.15896647965208272	0.12798921666956095	48.00551754584903	-76.11554711203037
14	-9814.194514287365	-9887.10373618905	-9814.194514287365	-72.9092219016853	-9814.194514287365	119.06719178929885	369.55860797198056	3.1692365306490596E-4	8.024901425396918	0.0034426741842977803	0.19159455449938084	0.04887897161651557	0.0010303144701075974	0.02724221530558129	0.5835927838645559	0.1257735459310544	0.1501382523284829	0.14049541787590666	55.44507279415816	-74.52392306332383
15	-9813.254841272561	-9873.611156631465	-9813.254841272561	-60.35631535890307	-9813.254841272561	79.97874138190733	243.29263603376938	1.7595676757367257E-4	12.431915660854001	0.0018527107026774848	0.11475806618978474	0.08363053840934127	0.0019162097282262175	0.025805272703345972	0.5756262070818757	0.1257735459310544	0.15810482911116305	0.14049541787590666	16.608164803897548	-63.31832272076629
16	-9770.817562521564	-9827.765671848656	-9770.817562521564	-56.94810932709121	-9770.817562521564	58.25629534819245	180.14975250616928	2.702394338018116E-4	12.431915660854001	0.0055152712525220774	0.18006259944795774	0.03689253762376376	0.0021458937870716664	0.025805272703345972	0.5647036783946766	0.1257735459310544	0.15810482911116305	0.15141794656310575	13.75366832312757	-59.472510594192215
17	-9354.516433512796	-9425.192195874219	-9354.516433512796	-70.67576236142297	-9354.516433512796	94.48399519493283	319.50976917078515	2.5395966355446246E-4	8.830658064652201	0.0034229963387551504	0.14648477568566212	0.057198295476528424	0.003130003693681167	0.02420623793690312	0.5538999211056277	0.11659290629991521	0.1672854687423022	0.16222170385215465	38.54572666880738	-72.19509354029829
18	-9287.529384923908	-9367.462686902365	-9287.529384923908	-79.93330197845648	-9287.529384923908	104.43370716176429	429.683315614686	1.387723690592379E-4	8.830658064652201	0.0020679062812934672	0.2327662305145061	0.018253654146852174	0.003326745362562986	0.017495981063119503	0.5576994113925939	0.11659290629991521	0.1672854687423022	0.15842221356518837	53.00946447596452	-82.45815179041382
19	-9245.649654660683	-9331.832388635898	-9245.649654660683	-86.18273397521511	-9245.649654660683	114.11061738590591	533.2015432081134	1.377748623701535E-4	8.830658064652201	0.0022673799251656315	0.6826650962434915	0.01430062358117295	0.0060138795186585785	0.00794663933706209	0.5662035477192802	0.10808876997322903	0.1672854687423022	0.15842221356518837	75.88911257192056	-87.45503444214637
20	-9087.409513121864	-9168.37896399845	-9087.409513121864	-80.96945087658662	-9087.409513121864	127.49443854694137	493.8303139324541	1.8233483279101842E-4	8.830658064652201	0.015432682092815639	0.38294283961327646	0.01430062358117295	0.0029638760751893958	0.00439086157706739	0.5588189359061049	0.10808876997322903	0.17682301278689783	0.15626928133376805	61.69842080012376	-82.5120049615457
21	-8818.103744413687	-8907.188183945851	-8818.103744413687	-89.08443953216336	-8818.103744413687	111.76991974830254	546.7436932613147	2.0386678926172984E-4	8.830658064652201	0.008737985414256392	0.21796592250226535	0.046511919096575274	0.006845089862759627	0.005292810976059547	0.5504168544228439	0.09996602016469497	0.17682301278689783	0.172794112625563	89.1343333347491	-89.26870728006116
22	-8569.118901783786	-8648.15863409872	-8569.118901783786	-79.0397323149335	-8569.118901783786	130.35852343862697	486.74631234865535	1.1048003732723607E-4	8.830658064652201	0.006971161177545473	0.1495352835436688	0.02321491445861829	0.004928702758678954	0.0017961116813317794	0.5414680245972835	0.09996602016469497	0.18577184261245827	0.172794112625563	81.41084968408063	-81.99149856358555
23	-8329.47621287483	-8414.708505609144	-8329.47621287483	-85.23229273431402	-8329.47621287483	115.25053703739157	569.0133290786479	1.356880487835358E-4	8.830658064652201	0.007131813408653629	0.22440868563168276	0.0037912490221648797	0.0190371992204258	7.567307170182311E-4	0.547732710125445	0.09996602016469497	0.19804228475676036	0.1542589849530994	93.86114858990798	-88.77622761879087
24	-7916.769936888146	-7997.025094600001	-7916.769936888146	-80.25515771185505	-7916.769936888146	118.62859097371981	493.234197710982	1.3754647022350236E-4	8.830658064652201	0.011549080155602584	0.19128850281123957	0.0037912490221648797	0.026656285386964202	7.120744811778306E-4	0.5247576595311532	0.12212559904748399	0.19885775646826326	0.1542589849530994	82.23818238342228	-83.84792910751241
25	-7740.946460015456	-7817.533171702858	-7740.946460015456	-76.58671168740236	-7740.946460015456	76.87113099398576	341.7872722605691	3.582074011758817E-4	5.394004145605209	0.006339028828362555	0.3413966604477746	0.002915249849675689	0.01602542053689548	0.001517217697122971	0.5247576595311532	0.12212559904748399	0.21160546050223367	0.14151128091912898	74.01887937485444	-80.24047707073308
26	-7699.346505639372	-7781.689112152788	-7699.346505639372	-82.34260651341657	-7699.346505639372	151.85857223727515	564.7878507685176	1.461409761877616E-4	5.394004145605209	0.004695174690736524	0.22989572443793013	0.012841790509416418	0.0601769236413723	0.0025137889400051504	0.5116875359551797	0.10876700885306965	0.2246755840782072	0.15486987111354333	74.70436899080686	-83.53020464875027
27	-7653.533846874713	-7740.425446586581	-7653.533846874713	-86.89159971186712	-7653.533846874713	194.95866876823442	701.0206853138699	2.356836797555246E-4	3.5952912817552627	0.0031386972938699793	0.335221682134948	0.028736174245371927	0.04055734709876059	0.004654595310861387	0.5198402086020121	0.10876700885306965	0.21652291143137478	0.15486987111354333	81.13755357132933	-86.97686337513598
28	-7450.503512994527	-7535.157615745314	-7450.503512994527	-84.65410275078649	-7450.503512994527	134.13018686924798	540.5001252724167	7.011308233586806E-4	1.1229669457540488	0.0193740302862538	0.18154608046986428	0.05306245769598809	0.02351656046285982	7.102117535421439E-4	0.5205987078570466	0.0957411927388126	0.2259169566116066	0.15774314279253399	91.57207169930109	-85.00302769756338
29	-7435.378757901655	-7523.247486306085	-7435.378757901655	-87.8687284044299	-7435.378757901655	167.0286313705374	681.6857374575584	0.001464142630304709	0.6787046184660347	0.014355332582010378	0.37392998732404487	0.03580314384317903	0.031007841043954966	9.156385722312875E-4	0.5000422558011534	0.09936040774522177	0.21909329131433847	0.1815040451392863	69.37198007995411	-88.27459875520034
30	-7343.759851205136	-7440.380925467091	-7343.759851205136	-96.62107426195513	-7343.759851205136	143.93390702948653	699.0439685715339	3.5112480643301983E-4	0.9171941992003063	0.015731744698823748	0.37392998732404487	0.05316411677941735	0.02431402684169876	0.003442156516864621	0.4941916876553081	0.09936040774522177	0.2383963140837044	0.16805159051576568	81.75133045651376	-95.35871639033996
31	-7308.665572139693	-7391.682907689525	-7308.665572139693	-83.01733554983198	-7308.665572139693	103.64649550824306	462.04979177646237	0.0014422205099396267	0.3629486038384113	0.008039806454306877	0.14336609787018506	0.07321098877509855	0.07330083171401842	4.978749520240232E-4	0.4941916876553081	0.09162665876648517	0.23634232868187646	0.17783932489633023	72.48994222436318	-83.81464333536421
32	-7303.791585351897	-7394.332410801565	-7303.791585351897	-90.54082544966785	-7303.791585351897	124.61527399970221	617.7435179206426	0.002986523516859073	0.3629486038384113	0.009307086490506706	0.253752838782066	0.04998483151079579	0.04837552142893032	3.1909941750728557E-4	0.4768322517791743	0.09162665876648517	0.26814003624860894	0.16340105320573142	88.37068489624136	-91.655101123073
33	-7192.797091068327	-7285.084209028937	-7192.797091068327	-92.2871179606104	-7192.797091068327	138.32934314456088	688.1242053083004	0.0020382770235154203	0.3629486038384113	0.016482958352772147	0.4456875822872419	0.03973233282640183	0.13061803698137184	2.5393982697627203E-4	0.4768322517791743	0.10049744909249983	0.26814003624860894	0.15453026287971677	91.32663168119247	-91.87413637347098
34	-7056.372335241313	-7150.5974495751925	-7056.372335241313	-94.22511433388009	-7056.372335241313	133.5101116880285	648.8722705041932	0.0034555561472904297	0.3629486038384113	0.04174770968177785	0.575203501909473	0.11202168650780722	0.09370643601725445	4.1179928558239E-4	0.4768322517791743	0.10692963513786816	0.2617078502032406	0.15453026287971677	81.66545412188937	-91.77099777868442
35	-6939.72066919385	-7035.392051424473	-6939.72066919385	-95.67138223062253	-6939.72066919385	166.39783083821192	752.4793846805724	0.002080826917595812	0.22997138162398292	0.04174770968177785	0.7097149566384685	0.08942505010575759	0.10016929321617757	4.1179928558239E-4	0.49012878235907825	0.1312161396825443	0.22412481507866056	0.15453026287971677	91.04897731182837	-93.28587923022036
36	-6872.354296816324	-6968.5428208352305	-6872.354296816324	-96.18852401890683	-6872.354296816324	157.24281646058202	739.1646499711608	0.003733651210436759	0.22997138162398292	0.05348447539648378	0.4594301965153182	0.21867445031979688	0.179849322111715	9.213171493267761E-5	0.49012878235907825	0.1400228834509279	0.2265429998101283	0.14330533437986542	96.54365560465266	-93.93049577531914
37	-6865.17897971701	-6964.947531675052	-6865.17897971701	-99.76855195804175	-6865.17897971701	173.2804954818764	823.8218560079031	0.0026558863960014865	0.22997138162398292	0.15349281664581244	0.2513054816315042	0.3350827777373305	0.2805195822132605	1.1022806042115822E-4	0.49012878235907825	0.1730576948392736	0.21827819012315053	0.11853533267849747	99.9907726079463	-95.98228691180033
38	-6857.295316817332	-6950.824590578197	-6857.295316817332	-93.52927376086474	-6857.295316817332	144.18035017781747	656.555329994854	0.002084755048253531	0.4047683795218802	0.08112376641460003	0.4593087512547612	0.3350827777373305	0.10581016524551376	8.243527497350322E-5	0.4821225230565127	0.18820362658450282	0.1957865257359424	0.13388732462304195	75.25636237951832	-91.51806295290709
39	-6769.153361466518	-6872.247605263083	-6769.153361466518	-103.09424379656498	-6769.153361466518	254.90749891282346	1096.4821287350421	0.001657444523259061	0.4047683795218802	0.05057415768702268	0.7352252776665338	0.3350827777373305	0.10581016524551376	8.243527497350322E-5	0.4821225230565127	0.18220137464740568	0.19960860274389544	0.13606749955218606	96.3376054757291	-100.83653295923024
40	-6622.870903305382	-6721.565669700915	-6622.870903305382	-98.6947663955334	-6622.870903305382	129.50378675868757	749.888879655065	0.0013115017085998323	0.4047683795218802	0.02853809205318255	0.7352252776665338	0.2564605872481357	0.16089566448723952	7.587060821975366E-5	0.47319049742291697	0.20400032198762041	0.21270752077773997	0.11010165981172257	95.92648783438943	-96.76255871874733
41	-6616.383892694202	-6710.558207776964	-6616.383892694202	-94.1743150827622	-6616.383892694202	207.41990876397415	817.2203709042554	0.0010188851605620489	0.4047683795218802	0.07235521810991137	0.32862292959936606	0.05838415210514824	0.10866230170756279	9.053584473362455E-5	0.48123341449279594	0.20400032198762041	0.19136447897738545	0.12340178454219813	89.42827250324528	-93.92081465628077
42	-6591.797492899586	-6686.611467941175	-6591.797492899586	-94.81397504158821	-6591.797492899586	164.18666632621932	744.0980930985372	0.001811744653134127	0.4047683795218802	0.20648854161878877	0.22810634238156552	0.08001075808530664	0.09375904413377141	4.9725741025724055E-5	0.48123341449279594	0.20400032198762041	0.1781849084268564	0.1365813550927272	79.37815016561191	-94.52164479452952
43	-6540.346834923308	-6646.345715687802	-6540.346834923308	-105.99888076449362	-6540.346834923308	234.51124994145016	1135.1572573772492	0.0014906212922527488	0.2705982584454853	0.20648854161878877	0.18070424520221404	0.0876718699810787	0.10361495157695133	1.0488262072138987E-4	0.46582169534726325	0.2059685074101386	0.18513474422832946	0.14307505301426865	94.60968893412853	-105.0473920108095
44	-6460.780582698144	-6556.962641311396	-6460.780582698144	-96.182058613252	-6460.780582698144	147.37326035529378	701.6223872300096	0.0027053454293288178	0.2705982584454853	0.20648854161878877	0.7238494676179906	0.07786022326527425	0.06880356300011982	3.777487466639025E-4	0.4685928740772042	0.1930062319297046	0.19532584097882255	0.14307505301426865	94.42704907983561	-93.15938003385968
45	-6447.158728245778	-6544.083141844045	-6447.158728245778	-96.92441359826721	-6447.158728245778	138.60921338693583	720.3227637434031	0.004377899381269128	0.165259088718017	0.022771843177315166	0.4783207081365347	0.35029719979548796	0.05156048148602228	9.378400706485813E-4	0.45882253547084406	0.1930062319297046	0.2034767072022132	0.14469452539723815	94.42704907983561	-94.4695988207327
46	-6429.701850509033	-6524.263733709745	-6429.701850509033	-94.56188320071185	-6429.701850509033	168.6745957347382	727.0195254949583	0.003528743130375551	0.165259088718017	0.06401085818862359	0.455145468707821	0.07024806206547331	0.06605844611618017	0.001191295003879155	0.45882253547084406	0.19048823208747315	0.1993998219412671	0.1512894105004157	99.60122709870015	-92.23997100373649
47	-6423.47792339881	-6514.54989795203	-6423.47792339881	-91.07197455321955	-6423.47792339881	103.12778953020761	562.600476273454	0.005136950655254245	0.156953410994476	0.027623211561036087	0.2806226389387414	0.16454339575810076	0.06605844611618017	9.597380838335539E-4	0.449839383324122	0.1994713842341952	0.1964478145617789	0.1542414178799039	90.98428467309651	-89.59020561621357
48	-6388.7516334898355	-6489.3628903340295	-6388.7516334898355	-100.61125684419447	-6388.7516334898355	172.7897697678955	856.9581906334848	0.003181030677261179	0.156953410994476	0.040639917995059116	0.2806226389387414	0.13334116022168865	0.2316142139160166	0.0011375021426742334	0.4558966557465456	0.1994713842341952	0.1964478145617789	0.1481841454574803	90.98428467309651	-97.51439076028443
49	-6384.3592607444625	-6492.803076613588	-6384.3592607444625	-108.44381586912569	-6384.3592607444625	322.2330055537376	1364.0729316471547	0.0043519515696067695	0.10101981177973539	0.02316859090560847	0.3468161946994497	0.05043144902454626	0.14070729735043158	3.383992024546696E-4	0.4558966557465456	0.1979576349746567	0.2061987465145195	0.13994696276427818	93.8881254334175	-108.16389202792968
50	-6341.751133548134	-6436.098379324652	-6341.751133548134	-94.34724577651849	-6341.751133548134	153.35671954544432	742.2197319828463	0.007729650063406651	0.08722849577325137	0.011661474348745666	0.3468161946994497	0.08000305634470016	0.21703715637367646	3.383992024546696E-4	0.4558966557465456	0.1979576349746567	0.19837408325151548	0.1477716260272822	85.27062012055164	-94.0033989323723
51	-6314.878369240144	-6419.85108598304	-6314.878369240144	-104.97271674289624	-6314.878369240144	201.07371500406651	1031.6724422618406	0.006334313086152039	0.06093205322879532	0.08853357358528878	0.19672444428904526	0.15998254549004262	0.03952021256072636	3.689690075034318E-4	0.44637407710186033	0.2189323279190953	0.19175374753033528	0.14293984744870902	87.69606883682673	-104.1381195313614
52	-6296.399871530514	-6397.538520193579	-6296.399871530514	-101.13864866306461	-6296.399871530514	160.87390283432586	807.4864870645023	0.006070614829240514	0.0958064952024145	0.04138732369834586	0.4364525234397613	0.15998254549004262	0.03594417194417311	0.001644581078706356	0.44435320530983646	0.2289551100357275	0.19175374753033528	0.13493793712410068	87.69606883682673	-98.88051610086792
53	-6264.748496994423	-6366.623068235388	-6264.748496994423	-101.87457124096554	-6264.748496994423	167.62349038570025	875.3664276825087	0.004805121965984027	0.0958064952024145	0.05599242339494614	0.2780968341413947	0.15998254549004262	0.10521497056147691	0.00396687132792102	0.4589343064242255	0.21899959337069413	0.19386284857857275	0.12820325162650756	99.51083992728125	-97.61630454092516
54	-6257.942720199427	-6360.5692883582105	-6257.942720199427	-102.62656815878387	-6257.942720199427	208.08776996954143	993.0288937811094	0.00502423311656433	0.0958064952024145	0.013364353432377	0.2780968341413947	0.05450350995639452	0.05916513016162187	0.006351444611957134	0.45170417732261986	0.20615366099973095	0.18404394896697798	0.15809821271067115	99.51083992728125	-101.11503929597335
55	-6250.5192431298265	-6352.786073222781	-6250.5192431298265	-102.26683009295432	-6250.5192431298265	153.79293482150516	823.8663413740071	0.004236726870082677	0.0958064952024145	0.0375857229125262	0.2780968341413947	0.03506671806976828	0.06674258554691667	0.009756011555370302	0.44904858881891163	0.19259690282657765	0.19112092520404594	0.1672335831504647	85.32607000430211	-99.88187904747925
56	-6210.327658502594	-6319.098394538347	-6210.327658502594	-108.77073603575275	-6210.327658502594	218.15448589279302	1051.9759878041118	0.004213379076443817	0.0958064952024145	0.03050020607798321	0.37231674729848546	0.052120722139918065	0.07998079028387528	0.0130863131354208	0.4328097768276479	0.19259690282657765	0.19112092520404594	0.18347239514172847	85.34874836238778	-105.63954394705716
57	-6200.405870820784	-6299.203403473198	-6200.405870820784	-98.79753265241362	-6200.405870820784	153.7629064541215	791.0037582473964	0.005296105760392778	0.0958064952024145	0.044578643066868	0.24944584097560424	0.027247043694731785	0.05157250917852278	0.009356542191240233	0.4364497826505284	0.18139526768882402	0.2124165914132294	0.1697383582474181	85.02509470780775	-96.98114362130633
58	-6181.272043527142	-6281.065716494824	-6181.272043527142	-99.79367296768247	-6181.272043527142	171.93906032167274	869.3563681176381	0.005296105760392778	0.0958064952024145	0.06592029677258204	0.2577471903432974	0.0247674916050553	0.04625735046638167	0.008932247696177188	0.4277837431907179	0.19597856848776934	0.20304982771993157	0.17318786060158112	87.7251309143741	-97.87649807051015
59	-6173.353217919547	-6273.316743225745	-6173.353217919547	-99.96352530619792	-6173.353217919547	182.39698778549516	864.0633104145708	0.005324443329306921	0.0958064952024145	0.055316289992186116	0.2577471903432974	0.022859729352987277	0.03192241690976118	0.026285172065840273	0.42042092641537204	0.20334138526311518	0.20304982771993157	0.17318786060158112	89.35086849172833	-97.65724959828607
60	-6166.433348106576	-6266.198959105128	-6166.433348106576	-99.76561099855218	-6166.433348106576	167.2594852438094	817.6354372427644	0.0065050250087376645	0.0958064952024145	0.055316289992186116	0.33466246866052485	0.05380648724045089	0.010342289017841583	0.06635742767038012	0.400215510632296	0.21347902671013702	0.22230664132172268	0.16399882133584426	93.314525927605	-96.64326723365733
61	-6159.398098932248	-6259.745749620495	-6159.398098932248	-100.34765068824663	-6159.398098932248	195.37845398048074	928.0418189569283	0.005278216681423999	0.0958064952024145	0.03176109487614321	0.275468037214356	0.10507563356245159	0.014533241066763564	0.04019157489310165	0.40635758663889043	0.23760941113077114	0.2054937279346118	0.15053927429572658	88.2448687731171	-97.38700188262409
62	-6145.70055033026	-6251.6429091493865	-6145.70055033026	-105.9423588191266	-6145.70055033026	215.47407484907268	1056.6014874821497	0.005019222334233354	0.0958064952024145	0.019217121073322962	0.3661411449469688	0.09169561569554789	0.014533241066763564	0.03604874518508736	0.40635758663889043	0.23760941113077114	0.2054937279346118	0.15053927429572658	94.1505977128648	-103.35514315764571
63	-6139.615556943615	-6241.447593164427	-6139.615556943615	-101.83203622081245	-6139.615556943615	182.22911599677053	914.6897165255656	0.0051580375854629774	0.0958064952024145	0.049045479806229815	0.42721805282170616	0.05488588078895324	0.01737738376800711	0.08669888426986408	0.37699045843733386	0.2600242080146121	0.21694939463592064	0.14603593891213326	94.1505977128648	-97.80155766205924
64	-6129.65172097019	-6245.528850504118	-6129.65172097019	-115.87712953392851	-6129.65172097019	260.6317236085669	1397.5560021479187	0.003782465346339006	0.0958064952024145	0.10646303651385024	0.42721805282170616	0.030049830887342917	0.01737738376800711	0.03210615552853342	0.383587556084472	0.2600242080146121	0.21694939463592064	0.13943884126499512	92.06967207695418	-112.56427160295576
65	-6120.385780619101	-6230.185205513517	-6120.385780619101	-109.79942489441574	-6120.385780619101	178.360265709748	980.3376767276577	0.00476231946676082	0.0958064952024145	0.06708014938061667	0.42721805282170616	0.026218304110757963	0.03433612350660835	0.049810462523900055	0.383587556084472	0.2600242080146121	0.21694939463592064	0.13943884126499512	94.14864385713133	-105.96929093818095
66	-6111.805917954942	-6212.205565151071	-6111.805917954942	-100.39964719612867	-6111.805917954942	153.47604579837216	785.499008687511	0.005936195243417013	0.0958064952024145	0.11340685701135773	0.42721805282170616	0.021662949035045734	0.03433612350660835	0.08367154763873076	0.3736492391956921	0.2723571064796054	0.2046164961709273	0.149377158153775	94.14864385713133	-95.84291420651365
67	-6096.136368142315	-6203.566897730599	-6096.136368142315	-107.43052958828301	-6096.136368142315	201.37535445341265	1011.0741007152234	0.005156713584171964	0.0958064952024145	0.11340685701135773	0.42721805282170616	0.021662949035045734	0.03433612350660835	0.043622260895100906	0.3677140937531406	0.2529027261254119	0.23000602196767223	0.149377158153775	93.28933576735608	-103.58627662433238
68	-6081.6258012709495	-6184.173093459153	-6081.6258012709495	-102.54729218820361	-6081.6258012709495	180.2019755443484	896.7535771414844	0.00475739362773622	0.0958064952024145	0.11340685701135773	0.3992867755248827	0.021662949035045734	0.02611992744688272	0.08461462131159926	0.3677140937531406	0.26878058332836546	0.21412816476471871	0.149377158153775	93.28933576735608	-98.3638830913586
69	-6072.888821507583	-6183.618301771949	-6072.888821507583	-110.72948026436552	-6072.888821507583	219.2863280188688	1076.011198270786	0.0061556681590224606	0.0748500902424664	0.05870719390786682	0.5240662795594583	0.04244084702077344	0.07983027564230966	0.07878812787661695	0.3677140937531406	0.27811006734125304	0.20479868075183116	0.149377158153775	93.28933576735608	-105.24186708565182
70	-6066.973152752739	-6175.194452923425	-6066.973152752739	-108.22130017068616	-6066.973152752739	251.5136483140438	1123.6918538733967	0.00576364534466656	0.0748500902424664	0.05870719390786682	0.36164275713914146	0.054844502712915154	0.057550620067150046	0.05060681717903797	0.3573050121479557	0.27022845901480946	0.22071900816346535	0.15174752067376934	89.85887914491637	-103.72276429976178
71	-6048.898090672143	-6162.83638043755	-6048.898090672143	-113.9382897654074	-6048.898090672143	246.42709310497423	1242.5340709520347	0.00576364534466656	0.0748500902424664	0.05011567826500415	0.556877514346887	0.026607545386325867	0.06402075475368749	0.05060681717903797	0.3573050121479557	0.27022845901480946	0.22903729677800688	0.1434292320592278	89.85887914491637	-109.70102165550715
72	-6039.735493142197	-6144.4129154562	-6039.735493142197	-104.67742231400264	-6039.735493142197	217.5402935614672	1019.1284498855819	0.00576364534466656	0.07471099122561922	0.08836406942342058	0.3502135404396085	0.04153956114226169	0.054104172320579236	0.06945421609880956	0.3573050121479557	0.25183987598113483	0.24742587981168152	0.1434292320592278	95.48019301506203	-99.74164080469805
73	-6037.026926823391	-6146.284140943387	-6037.026926823391	-109.2572141199964	-6037.026926823391	238.47746176834062	1158.1791046185958	0.005620427483097536	0.07471099122561922	0.040390729882724775	0.3629741160357395	0.0327445619055124	0.054104172320579236	0.0630877883566513	0.36278654658174697	0.24025578830296937	0.24742587981168152	0.149531785303602	98.06298113426047	-105.35689541302243
74	-6036.715859830614	-6145.44047103974	-6036.715859830614	-108.724611209126	-6036.715859830614	236.54310225884092	1169.935493033094	0.005535551098604838	0.07471099122561922	0.046361992976900884	0.3629741160357395	0.051182888363747084	0.03568726605472221	0.07150226673969828	0.36278654658174697	0.20915425553981462	0.271139137416998	0.15692006046144025	98.91870277585167	-104.53856183645073
75	-6026.165093426078	-6139.457567459801	-6026.165093426078	-113.29247403372334	-6026.165093426078	241.07318778876842	1244.5707117686375	0.0047383612813649	0.07471099122561922	0.0834626073908194	0.3629741160357395	0.051182888363747084	0.039690164726698514	0.09778470222835135	0.36278654658174697	0.2165689018321653	0.271139137416998	0.14950541416908958	98.91870277585167	-108.10208065611681
76	-6024.421979271119	-6138.854398470439	-6024.421979271119	-114.43241919932034	-6024.421979271119	245.4316629036643	1339.3610484236028	0.0047383612813649	0.07471099122561922	0.07476121466396285	0.3629741160357395	0.06187432137844516	0.026850715024767068	0.0647699017593429	0.36278654658174697	0.2165689018321653	0.271139137416998	0.14950541416908958	99.54166264197319	-109.92711500806695
77	-6023.104542820969	-6137.265032267507	-6023.104542820969	-114.1604894465377	-6023.104542820969	222.06922336822885	1225.7730872398888	0.005570530707644524	0.07471099122561922	0.07476121466396285	0.3629741160357395	0.053677618395452	0.037804154843615226	0.0647699017593429	0.3700892149176721	0.2165689018321653	0.271139137416998	0.14220274583316445	99.54166264197319	-109.37444506567238
78	-6022.803828498461	-6133.99086786909	-6022.803828498461	-111.18703937062891	-6022.803828498461	203.28591199031862	1097.285113594848	0.005483491445350118	0.07471099122561922	0.04295967888480954	0.3629741160357395	0.06814393626355364	0.053984309956561685	0.11060856617703231	0.359238414152268	0.2165689018321653	0.271139137416998	0.15305354659856857	99.54166264197319	-105.9806364249563
79	-6018.868319496395	-6126.777778114156	-6018.868319496395	-107.90945861776099	-6018.868319496395	194.24125602730464	1054.579444156405	0.006254817509861563	0.06840345218038729	0.07313740864599892	0.3203833797794346	0.06814393626355364	0.023719747118822493	0.05035053331487587	0.359238414152268	0.2165689018321653	0.271139137416998	0.15305354659856857	99.54166264197319	-103.85322328408826
80	-6007.92108559823	-6124.11547975079	-6007.92108559823	-116.19439415256004	-6007.92108559823	247.077050195391	1293.609712491221	0.0059308099608459735	0.06840345218038729	0.07313740864599892	0.45892282537979284	0.049472656003439926	0.03172982409152427	0.07801846500772668	0.35138234619136566	0.22061876174602518	0.2670892775031381	0.1609096145594709	95.90330133034082	-111.53138796877747
81	-6006.28666784214	-6126.165759570274	-6006.28666784214	-119.87909172813374	-6006.28666784214	253.21834826555917	1369.968410656812	0.004443399123725915	0.06840345218038729	0.04945412314690373	0.2807326026603161	0.049472656003439926	0.03172982409152427	0.07801846500772668	0.35138234619136566	0.23271603972521093	0.2670892775031381	0.14881233658028514	95.90330133034082	-115.99167685877643
82	-6005.897025492206	-6121.274168013655	-6005.897025492206	-115.37714252144885	-6005.897025492206	255.83803029559033	1323.338542770645	0.005308068314336473	0.08368496216306051	0.05915705799201259	0.2807326026603161	0.07061580303926562	0.0638222287683066	0.04737421870873993	0.35289909357905247	0.23271603972521093	0.25842066583909834	0.15596420085663812	95.90330133034082	-110.84304526601679
83	-6003.570864496995	-6113.941358149465	-6003.570864496995	-110.37049365247002	-6003.570864496995	210.95080755689756	1108.4281848944458	0.005531683622040945	0.08368496216306051	0.048381131463185414	0.48751576407938724	0.032204400948517335	0.07479083995193223	0.06336923730454332	0.35289909357905247	0.2216204407020853	0.25842066583909834	0.16705979987976374	94.15666861538524	-105.89185900684436
84	-6000.8592946237795	-6110.36720452463	-6000.8592946237795	-109.50790990085109	-6000.8592946237795	186.046362981889	1009.6723915527116	0.005531683622040945	0.08368496216306051	0.08831722793293646	0.48751576407938724	0.07631528304501425	0.08137975141578997	0.05153093774236673	0.3310563162649633	0.23998156331018103	0.2237808621112605	0.20518125831359504	91.06819170658405	-104.01159637563802
85	-5998.615134734456	-6108.9170456638985	-5998.615134734456	-110.30191092944254	-5998.615134734456	190.0235961481588	1029.937141586965	0.005531683622040945	0.08368496216306051	0.08831722793293646	0.48751576407938724	0.07631528304501425	0.05234112559019413	0.046396592236960084	0.3310563162649633	0.23130277716957853	0.232459648251863	0.20518125831359504	91.06819170658405	-105.33164466314626
86	-5996.909447714325	-6109.599316647293	-5996.909447714325	-112.68986893296702	-5996.909447714325	262.65820481758476	1225.3081197765523	0.004201799353001717	0.08368496216306051	0.04536442936720907	0.48751576407938724	0.07631528304501425	0.053342570136511586	0.0823034595390959	0.32417684208608916	0.23130277716957853	0.2393391224307371	0.20518125831359504	91.06819170658405	-107.81506767394782
87	-5994.395948064442	-6103.1416564471	-5994.395948064442	-108.74570838265848	-5994.395948064442	213.3890074757261	1043.2925335461355	0.005476922194078363	0.08368496216306051	0.06896323769229659	0.5009901280572846	0.07340651620045158	0.04286839646170104	0.08039661132908088	0.32417684208608916	0.23130277716957853	0.2393391224307371	0.20518125831359504	87.633399219651	-103.75090168492447
88	-5988.574792710961	-6099.10535839664	-5988.574792710961	-110.53056568567916	-5988.574792710961	223.72050068265827	1138.681872406159	0.005476922194078363	0.08368496216306051	0.1150895403788547	0.5009901280572846	0.1204565567937793	0.008163815397178763	0.08039661132908088	0.32417684208608916	0.23130277716957853	0.24547005258815568	0.19905032815617646	98.57453629258373	-106.0155926858253
89	-5987.4178761818575	-6095.038708007526	-5987.4178761818575	-107.62083182566823	-5987.4178761818575	207.67921539717614	1102.841023805388	0.006187550644315911	0.08368496216306051	0.03576477074559673	0.4547659666129206	0.1204565567937793	0.008163815397178763	0.11049180529462328	0.31170875580058893	0.2474974397080935	0.2579381388736559	0.1828556656176615	99.91077651923462	-103.97924164793942
90	-5979.542815094335	-6084.76514155485	-5979.542815094335	-105.22232646051498	-5979.542815094335	229.15333313157322	1085.2920413057846	0.006063630610147502	0.08368496216306051	0.05840841488583013	0.4547659666129206	0.04267870506261406	0.013771908678246302	0.10720985925495843	0.31170875580058893	0.2464819059356338	0.25895367264611563	0.1828556656176615	99.91077651923462	-101.63708031600808
91	-5979.504237915551	-6086.629489961821	-5979.504237915551	-107.12525204626937	-5979.504237915551	223.44957395047598	1084.0136016416016	0.005403113005947262	0.08368496216306051	0.10080894784832838	0.5972801733608373	0.09700622259481846	0.02674934752918331	0.05800533195997189	0.31170875580058893	0.2464819059356338	0.24495721316151836	0.19685212510225877	99.91077651923462	-101.97678239958671
92	-5968.306917967913	-6081.680038928492	-5968.306917967913	-113.37312096057875	-5968.306917967913	236.6033596729201	1209.5048109571203	0.004894640844089718	0.08368496216306051	0.06914423794623421	0.3783020509764757	0.09700622259481846	0.07655719425552687	0.047477974717929465	0.30182324435178676	0.2524342002077505	0.24495721316151836	0.20078534227894423	99.91077651923462	-108.2524357427727
93	-5959.298941405061	-6063.97919787907	-5959.298941405061	-104.68025647400944	-5959.298941405061	206.78962326071778	1010.4244886279656	0.006592009455987297	0.08368496216306051	0.08448743504935449	0.49599374302896215	0.06255806309500755	0.026967223685444772	0.04030876674695699	0.2938919520804339	0.2524342002077505	0.24155484978114714	0.21211899793066832	99.91077651923462	-100.71994578262495
94	-5957.530990710771	-6063.661659578992	-5957.530990710771	-106.13066886822071	-5957.530990710771	202.2863392583401	997.7352973083699	0.006592009455987297	0.08368496216306051	0.08448743504935449	0.49599374302896215	0.11405623937265126	0.062408351082958946	0.04030876674695699	0.2938919520804339	0.2524342002077505	0.24155484978114714	0.21211899793066832	99.91077651923462	-100.79397449134339
95	-5957.334403047769	-6062.260649431061	-5957.334403047769	-104.92624638329178	-5957.334403047769	166.44266997516002	888.8427372602291	0.006712358647752508	0.08368496216306051	0.08448743504935449	0.49599374302896215	0.12599598985894192	0.0447455087100619	0.10724551155285407	0.2814459930749339	0.2524342002077505	0.2540008087866471	0.21211899793066832	96.79423402383829	-98.92789655011518
96	-5945.784087361557	-6062.489933973506	-5945.784087361557	-116.70584661194886	-5945.784087361557	225.91551120180938	1227.1242911535903	0.005352995272949997	0.08368496216306051	0.07886996110656558	0.5754192979330902	0.07960794873186187	0.0447455087100619	0.06974090800600302	0.29242867631016833	0.25375031389905384	0.25917386489960437	0.19464714489117327	96.79423402383829	-111.41477524839559
97	-5936.873264127221	-6047.905971525338	-5936.873264127221	-111.03270739811722	-5936.873264127221	228.05497780307348	1155.911293632765	0.005352995272949997	0.08368496216306051	0.07886996110656558	0.409275456496651	0.07960794873186187	0.0697704305338858	0.03716208670959702	0.29242867631016833	0.25375031389905384	0.25917386489960437	0.19464714489117327	96.79423402383829	-106.25038850159292
98	-5936.78099049303	-6050.577491796637	-5936.78099049303	-113.7965013036069	-5936.78099049303	221.59103332427964	1151.6469128147505	0.005352995272949997	0.08368496216306051	0.07886996110656558	0.409275456496651	0.07960794873186187	0.09312479346902652	0.06000426012936071	0.29242867631016833	0.25375031389905384	0.25917386489960437	0.19464714489117327	86.24901961282497	-108.39544765930978
99	-5932.266234435146	-6045.772090725773	-5932.266234435146	-113.50585629062682	-5932.266234435146	231.54764372633326	1158.870336176623	0.005230517413557957	0.08368496216306051	0.07886996110656558	0.5646158810338561	0.09615369394980826	0.04271116176776232	0.08308404053723052	0.26050240971582533	0.2797305283916043	0.25447922540805445	0.20528783648451576	86.24901961282497	-108.09482987047532
100	-5927.3332818477875	-6038.336836824297	-5927.3332818477875	-111.0035549765096	-5927.3332818477875	205.87633371544342	1113.7116097473488	0.005236548528863572	0.08368496216306051	0.07464556752624091	0.5646158810338561	0.040531484391278016	0.04271116176776232	0.10557636038954493	0.2482893298602461	0.2797305283916043	0.2632331258464268	0.2087470159017227	92.57192099258216	-106.17842659549189
101	-5925.462537893752	-6039.334623313239	-5925.462537893752	-113.8720854194875	-5925.462537893752	245.7212977004873	1232.8201461529977	0.005114144788664659	0.08368496216306051	0.1114013911355823	0.5646158810338561	0.040531484391278016	0.06021738518712087	0.10557636038954493	0.2482893298602461	0.2797305283916043	0.2549193186470407	0.2170608231011088	92.57192099258216	-108.35572057659824
102	-5925.067117284469	-6040.779953028961	-5925.067117284469	-115.7128357444927	-5925.067117284469	264.4192539217416	1295.769934048424	0.005227873276359447	0.08368496216306051	0.15082554295173412	0.5646158810338561	0.08227998619967944	0.05330544881791362	0.10557636038954493	0.2418002491500019	0.27091264122070413	0.27239395538773165	0.21489315424156222	92.57192099258216	-109.33764769631098
103	-5905.597694256989	-6022.959019614069	-5905.597694256989	-117.36132535708047	-5905.597694256989	252.5021851973262	1326.8181336370665	0.004553286289236258	0.08368496216306051	0.14726986314042229	0.5646158810338561	0.08227998619967944	0.05330544881791362	0.0660096906708183	0.2418002491500019	0.27091264122070413	0.27239395538773165	0.21489315424156222	97.03219982720884	-111.41220807136996
104	-5903.667692927322	-6022.539835537798	-5903.667692927322	-118.87214261047681	-5903.667692927322	290.2197030505075	1435.6574651421822	0.004014292216673072	0.08368496216306051	0.12193216066510243	0.5646158810338561	0.0701696374910615	0.02430931283656055	0.09562396901922954	0.2336345501192203	0.2917855342408423	0.27239395538773165	0.20218596025220562	94.51643671744249	-113.61416727429099
105	-5900.909247929401	-6025.841532907933	-5900.909247929401	-124.93228497853109	-5900.909247929401	309.4012226023598	1557.5041521474866	0.004014292216673072	0.08368496216306051	0.15779704256974775	0.5646158810338561	0.15581899094116292	0.03983107463387797	0.09562396901922954	0.21951532297794257	0.3063538799738895	0.2613903698413415	0.21274042720682626	94.51643671744249	-118.17677328544458
106	-5895.725555761763	-6018.587962810247	-5895.725555761763	-122.86240704848404	-5895.725555761763	277.5309627600075	1465.340061190708	0.004014292216673072	0.08368496216306051	0.15779704256974775	0.5646158810338561	0.1646010291805841	0.03983107463387797	0.11795238863444836	0.23200179760326708	0.29258226188327924	0.27553105253015353	0.19988488798330004	94.51643671744249	-115.8513784559189
107	-5892.771297831009	-6013.784425608954	-5892.771297831009	-121.0131277779445	-5892.771297831009	254.53636886237814	1394.5971184816212	0.004031171395379589	0.08368496216306051	0.1044975312288568	0.5646158810338561	0.11577998028652833	0.053619788965055606	0.05646732006201213	0.23200179760326708	0.29258226188327924	0.266250993706458	0.20916494680699557	95.12284495123242	-115.18720826860526
108	-5889.951940999422	-6013.134252657763	-5889.951940999422	-123.18231165834123	-5889.951940999422	284.6591122791479	1509.1446438100352	0.004031171395379589	0.08368496216306051	0.1044975312288568	0.5107647689599598	0.1780377582671398	0.038242045171888346	0.10064833796687589	0.24601436770896049	0.3004200633326381	0.2527897948577663	0.20077577410063502	98.0792090859088	-116.75461492465479
109	-5887.244270631678	-6009.789710707245	-5887.244270631678	-122.54544007556743	-5887.244270631678	293.2385868156714	1518.7269256099448	0.004031171395379589	0.08368496216306051	0.1044975312288568	0.5107647689599598	0.1780377582671398	0.038242045171888346	0.10064833796687589	0.24601436770896049	0.3004200633326381	0.2527897948577663	0.20077577410063502	98.0792090859088	-116.11774334188098
110	-5886.569021073896	-6007.761723382298	-5886.569021073896	-121.19270230840263	-5886.569021073896	287.34616756645016	1469.76459572053	0.003992918428503993	0.08368496216306051	0.1044975312288568	0.5107647689599598	0.1066568261464336	0.060658279793303294	0.10064833796687589	0.24172311003527958	0.28838137032762357	0.26820653162427616	0.2016889880128206	98.0792090859088	-114.83413435391613
111	-5886.44667200716	-6008.909163381819	-5886.44667200716	-122.46249137465884	-5886.44667200716	288.229964696207	1498.43617447542	0.003992918428503993	0.08368496216306051	0.1044975312288568	0.5107647689599598	0.1066568261464336	0.060658279793303294	0.0679381932205636	0.24172311003527958	0.28838137032762357	0.26820653162427616	0.2016889880128206	96.79186546332188	-116.49378944336016
112	-5886.137733791067	-6009.482779747136	-5886.137733791067	-123.34504595606883	-5886.137733791067	275.2054468722831	1509.8362456731184	0.003992918428503993	0.08368496216306051	0.12033014559299808	0.5107647689599598	0.09368586424586953	0.032128826710832496	0.0679381932205636	0.23105811688729214	0.28838137032762357	0.26820653162427616	0.21235398116080803	99.007756229613	-117.96837904177225
113	-5886.042388800886	-6010.824140722994	-5886.042388800886	-124.78175192210765	-5886.042388800886	299.4110451559781	1563.2074139162855	0.003992918428503993	0.08368496216306051	0.12033014559299808	0.5107647689599598	0.09368586424586953	0.032128826710832496	0.09510190111883994	0.22927873964448542	0.2977361054660936	0.26820653162427616	0.20477862326514473	99.007756229613	-119.04643909428998
114	-5885.157219746829	-6007.162069812886	-5885.157219746829	-122.00485006605784	-5885.157219746829	268.9376925173274	1453.4635699862094	0.003992918428503993	0.08368496216306051	0.12033014559299808	0.8014600095533823	0.11683184934755698	0.03566582104532124	0.09510190111883994	0.22927873964448542	0.2977361054660936	0.26820653162427616	0.20477862326514473	99.007756229613	-115.51536834591109
115	-5885.038686091273	-6017.726991327222	-5885.038686091273	-132.68830523594923	-5885.038686091273	372.140868540844	1844.1173799616506	0.0031767762181658813	0.08368496216306051	0.0754251460275795	0.5822467314791673	0.11683184934755698	0.03813423045417087	0.07151483410465236	0.22927873964448542	0.2977361054660936	0.2803438860705193	0.19264126881890156	91.59450659302168	-127.19821885836544
116	-5884.006514887969	-6018.139282861768	-5884.006514887969	-134.13276797379888	-5884.006514887969	341.7528836125901	1792.1917430843098	0.0031767762181658813	0.08368496216306051	0.09811262199103467	0.5822467314791673	0.08793933752232412	0.06803151601711672	0.09547637230645188	0.22417092563306598	0.30284391947751305	0.2803438860705193	0.19264126881890156	91.59450659302168	-127.81697381865638
117	-5883.999002577691	-6020.606908682894	-5883.999002577691	-136.6079061052029	-5883.999002577691	332.851148491725	1805.375596281171	0.0031767762181658813	0.08368496216306051	0.10138875348293983	0.5822467314791673	0.13948102497571563	0.045503762473327776	0.09547637230645188	0.22417092563306598	0.3114709202563831	0.2656248019505931	0.19873335215995766	91.59450659302168	-130.21740040925738
118	-5876.714624056058	-6009.874037349411	-5876.714624056058	-133.15941329335334	-5876.714624056058	345.697803079191	1796.6760039884432	0.0031767762181658813	0.08368496216306051	0.10138875348293983	0.5822467314791673	0.14538994488696197	0.06432981210412843	0.09547637230645188	0.24776317492288633	0.2921563923284646	0.25380483031610684	0.20627560243254206	91.59450659302168	-126.48143432294754
119	-5876.148636846927	-6011.0569180881985	-5876.148636846927	-134.90828124127188	-5876.148636846927	323.9374211322573	1783.809066569802	0.0031767762181658813	0.08368496216306051	0.10138875348293983	0.5822467314791673	0.09507319843277501	0.06432981210412843	0.09547637230645188	0.2357160021931568	0.3042035650581941	0.25380483031610684	0.20627560243254206	91.59450659302168	-128.61055423321747
120	-5875.609520802228	-6008.016867719289	-5875.609520802228	-132.4073469170608	-5875.609520802228	317.643721331188	1716.5609187102518	0.0034011805352058525	0.08368496216306051	0.10138875348293983	0.5822467314791673	0.14589994535522427	0.04012593499936093	0.09547637230645188	0.2357160021931568	0.3042035650581941	0.25380483031610684	0.20627560243254206	93.55081533334757	-126.12736414179906
121	-5875.159374139443	-6006.057177121801	-5875.159374139443	-130.8978029823584	-5875.159374139443	327.6547449503584	1726.5740040103879	0.0034011805352058525	0.08368496216306051	0.10138875348293983	0.5822467314791673	0.10221284280944974	0.025269391207018023	0.07966676206260952	0.24262104253356048	0.2988901476052118	0.2603282406833264	0.19816056917790112	93.55081533334757	-125.56409149256157
122	-5874.407606414674	-6012.181345521176	-5874.407606414674	-137.7737391065021	-5874.407606414674	334.7865063044957	1889.4607793990199	0.0034011805352058525	0.08368496216306051	0.10138875348293983	0.5822467314791673	0.1389747370788264	0.048932723532906834	0.05620408786598476	0.23346055557613216	0.30805063456264015	0.2603282406833264	0.19816056917790112	93.55081533334757	-131.8231695780687
123	-5874.042492667212	-6004.851063269831	-5874.042492667212	-130.8085706026185	-5874.042492667212	309.8220298781266	1675.2910825787103	0.0034246186929170995	0.08368496216306051	0.10138875348293983	0.5822467314791673	0.08964383766395147	0.048932723532906834	0.10098804661913172	0.2361983437040347	0.31770669716843986	0.2479343899496241	0.19816056917790112	93.55081533334757	-124.6995012524233
124	-5873.5970898109235	-6006.145576981314	-5873.5970898109235	-132.54848717039062	-5873.5970898109235	313.55184198215403	1744.570157749019	0.0034246186929170995	0.08368496216306051	0.10138875348293983	0.5822467314791673	0.08964383766395147	0.048932723532906834	0.11661759738393163	0.2361983437040347	0.30890760176622173	0.25580994093369	0.19908411359605332	93.55081533334757	-126.32465357100537
125	-5873.486328758017	-6010.450089050568	-5873.486328758017	-136.9637602925502	-5873.486328758017	341.4685089984959	1861.3028260987783	0.0034246186929170995	0.08368496216306051	0.10138875348293983	0.5822467314791673	0.08964383766395147	0.061296993685170435	0.090402521744087	0.2361983437040347	0.30890760176622173	0.2539281789426923	0.20096587558705106	93.55081533334757	-130.77526144215608
126	-5871.948966953336	-6003.774839874598	-5871.948966953336	-131.8258729212623	-5871.948966953336	341.4098524370272	1771.128857741234	0.0034246186929170995	0.08368496216306051	0.10138875348293983	0.5822467314791673	0.09269061253893618	0.046959969895422726	0.090402521744087	0.2390169094564899	0.2973162651473708	0.26270094980908804	0.20096587558705106	93.55081533334757	-125.88260944395674
127	-5871.350918755983	-6002.636883954476	-5871.350918755983	-131.28596519849282	-5871.350918755983	325.7014715309319	1719.2270401740861	0.0035528646257262666	0.08368496216306051	0.10138875348293983	0.5822467314791673	0.09269061253893618	0.046959969895422726	0.090402521744087	0.24363940746308785	0.3048830038656777	0.25513421109078116	0.19634337758045312	93.55081533334757	-125.31807174990244
128	-5871.220130707549	-6007.249764441216	-5871.220130707549	-136.0296337336668	-5871.220130707549	339.63789295138633	1819.1847731385828	0.0035528646257262666	0.08368496216306051	0.10138875348293983	0.5822467314791673	0.11302590762583908	0.046959969895422726	0.0662299848672753	0.23113823362231406	0.3048830038656777	0.25513421109078116	0.2088445514212269	88.25899056933129	-130.25465815869123
129	-5870.998122705125	-6001.134576491115	-5870.998122705125	-130.1364537859903	-5870.998122705125	320.0243586790345	1728.16697599621	0.0035528646257262666	0.08368496216306051	0.10138875348293983	0.5822467314791673	0.11302590762583908	0.046959969895422726	0.0662299848672753	0.23113823362231406	0.3171918292494338	0.2571003220415907	0.19456961508666124	97.813241734744	-124.18805904948684
130	-5870.492042157868	-5999.876738930273	-5870.492042157868	-129.38469677240474	-5870.492042157868	331.13097754688613	1723.5141912429767	0.0035528646257262666	0.08368496216306051	0.10138875348293983	0.5822467314791673	0.11302590762583908	0.04970368207688686	0.0662299848672753	0.23113823362231406	0.2976066675545763	0.26650731341263817	0.20474778541047123	97.38968749763248	-123.45599354826584
131	-5870.3578510917305	-6001.096546873368	-5870.3578510917305	-130.73869578163757	-5870.3578510917305	334.23995112144524	1753.8075747553366	0.0035528646257262666	0.08368496216306051	0.10138875348293983	0.6791029552979546	0.12081247183506504	0.04970368207688686	0.1003379059413199	0.23218367316227487	0.2976066675545763	0.2654618738726774	0.20474778541047123	97.38968749763248	-124.19859175438302
132	-5869.971549008997	-6001.630912085216	-5869.971549008997	-131.65936307621942	-5869.971549008997	329.6373307559569	1764.8504177905086	0.0035528646257262666	0.08368496216306051	0.10138875348293983	0.6791029552979546	0.12081247183506504	0.04970368207688686	0.1003379059413199	0.24046639853786494	0.2976066675545763	0.2571791484970873	0.20474778541047123	97.38968749763248	-125.12931895027425
133	-5869.091073660068	-6001.672680816672	-5869.091073660068	-132.5816071566043	-5869.091073660068	335.8334445272858	1780.6935241077497	0.0034164202359120398	0.08368496216306051	0.10138875348293983	0.6791029552979546	0.12081247183506504	0.05925784752408613	0.1003379059413199	0.24429557571035007	0.2976066675545763	0.25334997132460213	0.20474778541047123	97.38968749763248	-125.88597158400759
134	-5868.910099772983	-6008.350140044578	-5868.910099772983	-139.44004027159585	-5868.910099772983	345.0081704883364	1899.900461557343	0.003378269792248489	0.08368496216306051	0.10138875348293983	0.6791029552979546	0.12081247183506504	0.05925784752408613	0.1003379059413199	0.23615780975382913	0.2976066675545763	0.26148773728112307	0.20474778541047123	88.06861630585564	-132.83821969128147
135	-5867.9519283618965	-6001.371043272215	-5867.9519283618965	-133.41911491031848	-5867.9519283618965	323.4450843081955	1797.2630238723273	0.003378269792248489	0.08368496216306051	0.10138875348293983	0.6181804827557522	0.12081247183506504	0.05925784752408613	0.08022414900039565	0.24086134967994455	0.31118955451601593	0.24790485031968348	0.20004424548435581	98.49768333183181	-126.97556469506942
136	-5867.6666265183385	-6000.492842182752	-5867.6666265183385	-132.82621566441293	-5867.6666265183385	326.51930000120416	1791.5232081205509	0.003378269792248489	0.08368496216306051	0.10138875348293983	0.6181804827557522	0.12081247183506504	0.03810821040319243	0.08022414900039565	0.24086134967994455	0.31118955451601593	0.24790485031968348	0.20004424548435581	98.49768333183181	-126.80417545352891
137	-5867.564117307844	-6001.832273501219	-5867.564117307844	-134.26815619337538	-5867.564117307844	340.1619594844224	1836.3478696873583	0.003378269792248489	0.08368496216306051	0.09406238098495036	0.6840989429005443	0.12081247183506504	0.05810672814189742	0.08022414900039565	0.24086134967994455	0.31118955451601593	0.24790485031968348	0.20004424548435581	98.49768333183181	-127.81579151183442
138	-5867.487026921862	-6000.482999831002	-5867.487026921862	-132.99597290914033	-5867.487026921862	333.7936163479839	1819.303800981295	0.003378269792248489	0.08368496216306051	0.09406238098495036	0.6840989429005443	0.12081247183506504	0.05810672814189742	0.08022414900039565	0.2341870601637274	0.31118955451601593	0.25457913983590064	0.20004424548435581	98.49768333183181	-126.53900469223109
139	-5867.402803858008	-5999.627587346136	-5867.402803858008	-132.224783488128	-5867.402803858008	333.7342094834088	1802.3022741439768	0.003378269792248489	0.08368496216306051	0.09406238098495036	0.6840989429005443	0.10513755074298295	0.04202181488942336	0.08022414900039565	0.2341870601637274	0.302849449192412	0.26291924515950454	0.20004424548435581	98.49768333183181	-126.22610703554528
140	-5867.3881662363465	-6000.505980389694	-5867.3881662363465	-133.11781415334755	-5867.3881662363465	343.5396481140719	1849.877574917228	0.003378269792248489	0.08368496216306051	0.09406238098495036	0.6840989429005443	0.10513755074298295	0.052983018748341076	0.08022414900039565	0.22641652728265396	0.302849449192412	0.2520637541553536	0.2186702693695802	98.49768333183181	-126.93720113695454
141	-5867.367196363265	-6000.638969535051	-5867.367196363265	-133.27177317178607	-5867.367196363265	337.80881449815956	1814.9620803789528	0.003378269792248489	0.08368496216306051	0.09406238098495036	0.6840989429005443	0.10513755074298295	0.052983018748341076	0.06775822515501581	0.22641652728265396	0.302849449192412	0.2520637541553536	0.2186702693695802	98.49768333183181	-127.252841534044
142	-5866.90522522266	-5999.672818369123	-5866.90522522266	-132.76759314646273	-5866.90522522266	341.9607398472724	1822.461084428309	0.003378269792248489	0.08368496216306051	0.1231913092106778	0.6840989429005443	0.10513755074298295	0.052983018748341076	0.07339792363930027	0.22641652728265396	0.302849449192412	0.2520637541553536	0.2186702693695802	98.49768333183181	-126.41294104453415
143	-5866.620574362165	-5998.780123754356	-5866.620574362165	-132.15954939219137	-5866.620574362165	344.1808467445432	1831.519156809422	0.0032050903182587807	0.08368496216306051	0.1231913092106778	0.6840989429005443	0.10513755074298295	0.052983018748341076	0.07339792363930027	0.2362468217391325	0.302849449192412	0.2520637541553536	0.20883997491310166	98.49768333183181	-125.79440953566038
144	-5866.6112422819615	-6004.340535419881	-5866.6112422819615	-137.72929313791954	-5866.6112422819615	375.7521488448415	1991.0467551711456	0.0032050903182587807	0.08368496216306051	0.1231913092106778	0.6840989429005443	0.08226027350200381	0.052983018748341076	0.0847169264151603	0.23163715620329917	0.2918294035735755	0.26769346531002347	0.20883997491310166	98.49768333183181	-131.47233985349914
145	-5865.687552687162	-6000.809416050294	-5865.687552687162	-135.12186336313258	-5865.687552687162	352.8334405358754	1897.0625959885476	0.0032050903182587807	0.08368496216306051	0.08544077042295736	0.601282426667354	0.10203595437047505	0.052983018748341076	0.0847169264151603	0.24607094247493647	0.2831974984883814	0.26189158412358027	0.20883997491310166	98.49768333183181	-129.16192132278937
146	-5865.352976295334	-6000.989493484067	-5865.352976295334	-135.63651718873274	-5865.352976295334	369.45549269753843	1951.745610058345	0.0032050903182587807	0.08368496216306051	0.11276269084030768	0.601282426667354	0.10203595437047505	0.041006979910573484	0.0847169264151603	0.2380032743613283	0.29117895012320244	0.26197780060236736	0.20883997491310166	98.49768333183181	-129.63923085050698
147	-5865.262838859735	-6003.987401067996	-5865.262838859735	-138.72456220826118	-5865.262838859735	359.07264359314314	1971.0603951698492	0.0030276826563741034	0.08368496216306051	0.11276269084030768	0.601282426667354	0.15311290243410164	0.05527889977361258	0.0847169264151603	0.2380032743613283	0.29117895012320244	0.26197780060236736	0.20883997491310166	97.31588031546382	-132.06353748033854
148	-5865.005623066254	-6008.852846414611	-5865.005623066254	-143.8472233483571	-5865.005623066254	375.5959013017213	2097.649900922124	0.002875189907262418	0.08368496216306051	0.11276269084030768	0.601282426667354	0.11896154296902886	0.05527889977361258	0.06915023484169823	0.22834575195458762	0.3008364725299431	0.26197780060236736	0.20883997491310166	97.31588031546382	-137.5974251731669
149	-5864.66510529335	-6005.637278441823	-5864.66510529335	-140.97217314847276	-5864.66510529335	372.52295937802756	2049.8800281708714	0.002875189907262418	0.08368496216306051	0.11276269084030768	0.601282426667354	0.09672595555423806	0.05527889977361258	0.06915023484169823	0.23688098322350087	0.3008364725299431	0.2534425693334541	0.20883997491310166	97.52177123985165	-134.92978076327228
150	-5864.267758690416	-6003.897008540511	-5864.267758690416	-139.6292498500953	-5864.267758690416	386.7739990603667	2071.4094477961703	0.002875189907262418	0.08368496216306051	0.11276269084030768	0.601282426667354	0.07947668922878506	0.04183456584433683	0.06915023484169823	0.23688098322350087	0.29413316079796775	0.2678538163490882	0.20113203962944287	97.52177123985165	-134.0267484624883
151	-5863.989565036595	-6004.7224618555465	-5863.989565036595	-140.73289681895125	-5863.989565036595	380.90981121225394	2054.974018422403	0.002875189907262418	0.08368496216306051	0.11276269084030768	0.601282426667354	0.07947668922878506	0.06292795096914947	0.06915023484169823	0.23688098322350087	0.29413316079796775	0.26037033084425887	0.20861552513427223	97.52177123985165	-134.7650168311068
152	-5862.7392621318195	-6005.025964955296	-5862.7392621318195	-142.28670282347667	-5862.7392621318195	378.3513829865837	2085.861749448708	0.002875189907262418	0.08368496216306051	0.11276269084030768	0.601282426667354	0.07947668922878506	0.06292795096914947	0.09166291814098798	0.24485076163060543	0.29413316079796775	0.26037033084425887	0.20064574672716767	97.52177123985165	-136.03124389364143
153	-5862.349864339674	-6005.83470989139	-5862.349864339674	-143.4848455517161	-5862.349864339674	396.5215937015354	2139.072596680473	0.002875189907262418	0.08368496216306051	0.11276269084030768	0.601282426667354	0.0812151771139958	0.04057043154558965	0.07188170600797412	0.23179249592076775	0.29413316079796775	0.2705848038623521	0.2034895394189121	95.35992923415496	-137.87647594205433
154	-5862.011796181511	-6000.210447514406	-5862.011796181511	-138.19865133289457	-5862.011796181511	394.5229408233644	2068.7395842712767	0.002875189907262418	0.08368496216306051	0.11276269084030768	0.601282426667354	0.0812151771139958	0.05454554135576812	0.07188170600797412	0.23179249592076775	0.29296241126193345	0.2628467058699248	0.2123983869473737	99.74996525858904	-132.29221808369905
155	-5861.875736977412	-6003.717949300311	-5861.875736977412	-141.84221232289897	-5861.875736977412	378.6920855199012	2104.911256560843	0.002875189907262418	0.08368496216306051	0.11276269084030768	0.601282426667354	0.11026111410896537	0.05454554135576812	0.07188170600797412	0.23179249592076775	0.29296241126193345	0.2628467058699248	0.2123983869473737	99.74996525858904	-135.64241276136207
156	-5861.159341823396	-6002.436605981259	-5861.159341823396	-141.27726415786313	-5861.159341823396	399.23522463022823	2124.6432141634664	0.002875189907262418	0.08368496216306051	0.11276269084030768	0.601282426667354	0.11026111410896537	0.05454554135576812	0.07188170600797412	0.24721243822042768	0.29296241126193345	0.25552837376670334	0.20429677675093524	99.74996525858904	-135.06929851755297
157	-5860.8914365757555	-6001.625747469451	-5860.8914365757555	-140.73431089369546	-5860.8914365757555	391.59219835937813	2114.761023723208	0.002875189907262418	0.08368496216306051	0.11276269084030768	0.601282426667354	0.11026111410896537	0.05454554135576812	0.09931473231146327	0.23966552796771526	0.29296241126193345	0.26307528401941577	0.20429677675093524	99.74996525858904	-134.21080262297977
158	-5860.717747122419	-6006.174997219621	-5860.717747122419	-145.457250097203	-5860.717747122419	434.6806383379519	2284.9853617177014	0.0026776694432926887	0.08368496216306051	0.11276269084030768	0.601282426667354	0.11026111410896537	0.05454554135576812	0.10146360499141877	0.23966552796771526	0.29296241126193345	0.26307528401941577	0.20429677675093524	99.74996525858904	-138.91319101029418
159	-5860.642403791177	-6005.233676142901	-5860.642403791177	-144.59127235172434	-5860.642403791177	420.9339890927124	2262.6092308538905	0.0026776694432926887	0.08368496216306051	0.10134370012159878	0.601282426667354	0.11026111410896537	0.05454554135576812	0.10146360499141877	0.24921024222679777	0.29296241126193345	0.2540646399736307	0.20376270653763778	99.2974033468292	-138.15908219142787
160	-5860.226078143547	-6004.429515046461	-5860.226078143547	-144.203436902914	-5860.226078143547	417.17312592735874	2233.1143729950086	0.0026776694432926887	0.08368496216306051	0.10134370012159878	0.601282426667354	0.11026111410896537	0.05454554135576812	0.06388722024475645	0.2396031827026747	0.29296241126193345	0.26367169949775376	0.20376270653763778	98.24799032299934	-138.2184907042957
161	-5858.9215774747545	-6003.757591520305	-5858.9215774747545	-144.83601404555077	-5858.9215774747545	412.3959463561515	2208.411622839586	0.0027806551552774965	0.08368496216306051	0.10134370012159878	0.601282426667354	0.11026111410896537	0.05454554135576812	0.08095102531459687	0.2396031827026747	0.29296241126193345	0.26367169949775376	0.20376270653763778	97.5448298535794	-138.63165544572445
162	-5858.889013116372	-6002.993608697164	-5858.889013116372	-144.10459558079185	-5858.889013116372	392.5995998231277	2151.8205772592796	0.0027806551552774965	0.08368496216306051	0.10134370012159878	0.601282426667354	0.11026111410896537	0.05454554135576812	0.08095102531459687	0.2396031827026747	0.29296241126193345	0.26367169949775376	0.20376270653763778	97.5448298535794	-137.90023698096553
163	-5858.59301505867	-6004.8331062248335	-5858.59301505867	-146.24009116616378	-5858.59301505867	409.81654818861455	2245.9439028509955	0.0027806551552774965	0.08368496216306051	0.10134370012159878	0.601282426667354	0.11026111410896537	0.04178769901371545	0.08095102531459687	0.2396031827026747	0.29296241126193345	0.26367169949775376	0.20376270653763778	97.5448298535794	-140.2901206122735
164	-5858.564300225684	-6002.721191557615	-5858.564300225684	-144.15689133193155	-5858.564300225684	397.7368227709701	2173.9319456269222	0.0027806551552774965	0.08368496216306051	0.10134370012159878	0.601282426667354	0.11026111410896537	0.04178769901371545	0.06589302629111532	0.2396031827026747	0.29296241126193345	0.26367169949775376	0.20376270653763778	97.5448298535794	-138.40394772405716
165	-5858.553834727562	-6001.5257831200515	-5858.553834727562	-142.97194839248937	-5858.553834727562	393.6815073914702	2167.1368371797835	0.0027806551552774965	0.08368496216306051	0.10134370012159878	0.601282426667354	0.11026111410896537	0.04178769901371545	0.06525908217017928	0.2396031827026747	0.29296241126193345	0.26367169949775376	0.20376270653763778	99.27789228397388	-137.2106413512026
166	-5858.074169217665	-6004.087085249672	-5858.074169217665	-146.0129160320062	-5858.074169217665	425.5664367848452	2292.0650883860453	0.0027806551552774965	0.08368496216306051	0.10134370012159878	0.601282426667354	0.11026111410896537	0.04178769901371545	0.06525908217017928	0.2396031827026747	0.30272908636104595	0.25390502439864127	0.20376270653763778	99.27789228397388	-140.2367574912959
167	-5857.965793404113	-6001.71656928157	-5857.965793404113	-143.7507758774566	-5857.965793404113	417.17629033657767	2228.7728435733175	0.0027806551552774965	0.08368496216306051	0.10134370012159878	0.601282426667354	0.11026111410896537	0.04178769901371545	0.07311384990970694	0.2396031827026747	0.2949121016028792	0.26172200915680804	0.20376270653763778	99.27789228397388	-137.8783469404663
168	-5857.800652916454	-6003.614506932128	-5857.800652916454	-145.8138540156742	-5857.800652916454	415.80760535827335	2254.1071105452374	0.0027806551552774965	0.08368496216306051	0.10134370012159878	0.601282426667354	0.11026111410896537	0.058002822654989815	0.07311384990970694	0.2396031827026747	0.2949121016028792	0.26172200915680804	0.20376270653763778	99.27789228397388	-139.62830838782367
169	-5857.661489227054	-6001.545104400225	-5857.661489227054	-143.8836151731713	-5857.661489227054	407.5123720998405	2206.5119051135757	0.0027273093007236177	0.08368496216306051	0.10134370012159878	0.601282426667354	0.11026111410896537	0.04819545456068308	0.07311384990970694	0.2396031827026747	0.2949121016028792	0.26172200915680804	0.20376270653763778	99.27789228397388	-137.8750158969215
170	-5857.246771726403	-6002.262615539219	-5857.246771726403	-145.01584381281685	-5857.246771726403	415.8785525442528	2236.458719592449	0.0027273093007236177	0.08368496216306051	0.10134370012159878	0.601282426667354	0.11026111410896537	0.04819545456068308	0.07311384990970694	0.2396031827026747	0.2949121016028792	0.26172200915680804	0.20376270653763778	99.27789228397388	-139.00724453656704
171	-5857.126206799482	-6002.507211555501	-5857.126206799482	-145.3810047560192	-5857.126206799482	405.99252681141945	2234.3198433030307	0.0027273093007236177	0.08368496216306051	0.10134370012159878	0.601282426667354	0.11026111410896537	0.04819545456068308	0.07311384990970694	0.2396031827026747	0.2949121016028792	0.26172200915680804	0.20376270653763778	99.27789228397388	-139.37240547976938
172	-5857.023243134266	-6003.128929225102	-5857.023243134266	-146.10568609083685	-5857.023243134266	417.2483888227861	2278.34472776744	0.0027273093007236177	0.08368496216306051	0.10134370012159878	0.601282426667354	0.11026111410896537	0.04819545456068308	0.07311384990970694	0.2396031827026747	0.29920861846243274	0.26172200915680804	0.19946618967808422	99.27789228397388	-140.0765438122449
173	-5856.283042602599	-6008.074981673328	-5856.283042602599	-151.7919390707284	-5856.283042602599	434.9660593195003	2397.393915643512	0.002494067306584314	0.08368496216306051	0.10134370012159878	0.601282426667354	0.11026111410896537	0.04819545456068308	0.07311384990970694	0.2396031827026747	0.29920861846243274	0.26172200915680804	0.19946618967808422	98.18891836558485	-145.77382634139937
174	-5856.064558387334	-6010.008770659096	-5856.064558387334	-153.94421227176215	-5856.064558387334	425.45127763509197	2368.216735193013	0.002494067306584314	0.08368496216306051	0.10134370012159878	0.601282426667354	0.11026111410896537	0.04819545456068308	0.07311384990970694	0.2396031827026747	0.29920861846243274	0.26172200915680804	0.19946618967808422	93.70613935960145	-147.97282919527967
175	-5855.931925735156	-6008.355001068861	-5855.931925735156	-152.4230753337055	-5855.931925735156	438.7779462611765	2379.8509339892817	0.002494067306584314	0.08368496216306051	0.10134370012159878	0.601282426667354	0.11026111410896537	0.04819545456068308	0.09382314819160543	0.2396031827026747	0.29920861846243274	0.26172200915680804	0.19946618967808422	93.70613935960145	-146.2126972231572
176	-5855.929762262108	-6009.916373525153	-5855.929762262108	-153.986611263045	-5855.929762262108	446.88101798594244	2432.112977142105	0.002494067306584314	0.08368496216306051	0.10134370012159878	0.601282426667354	0.11026111410896537	0.04819545456068308	0.06892159051830372	0.2396031827026747	0.29920861846243274	0.26172200915680804	0.19946618967808422	93.70613935960145	-148.07174332117413
177	-5855.8080171159	-6009.843947715128	-5855.8080171159	-154.0359305992281	-5855.8080171159	447.4750589455619	2424.5517023225966	0.002494067306584314	0.08368496216306051	0.10134370012159878	0.601282426667354	0.11026111410896537	0.04819545456068308	0.10375916606561333	0.2396031827026747	0.29920861846243274	0.26172200915680804	0.19946618967808422	93.70613935960145	-147.72893103679831
178	-5855.663825855363	-6009.4009817980905	-5855.663825855363	-153.73715594272767	-5855.663825855363	452.1729903905407	2470.672705038557	0.002494067306584314	0.08368496216306051	0.10134370012159878	0.601282426667354	0.11026111410896537	0.04819545456068308	0.10375916606561333	0.2396031827026747	0.2911088384187203	0.26172200915680804	0.20756596972179664	98.2681699074119	-147.4197018114467
179	-5855.503293774483	-6010.118081868287	-5855.503293774483	-154.61478809380426	-5855.503293774483	443.0537868909234	2475.5036503283527	0.002494067306584314	0.08368496216306051	0.10134370012159878	0.601282426667354	0.11026111410896537	0.04819545456068308	0.07824893600218126	0.2396031827026747	0.2911088384187203	0.26172200915680804	0.20756596972179664	98.2681699074119	-148.56795339290096
180	-5855.490912392597	-6009.183757110892	-5855.490912392597	-153.69284471829414	-5855.490912392597	442.49724530843633	2461.568214121783	0.002494067306584314	0.08368496216306051	0.10134370012159878	0.601282426667354	0.11026111410896537	0.04819545456068308	0.07824893600218126	0.2396031827026747	0.2911088384187203	0.26172200915680804	0.20756596972179664	98.2681699074119	-147.64601001739084
181	-5855.2738801182395	-6007.025338223983	-5855.2738801182395	-151.75145810574352	-5855.2738801182395	443.6960173055829	2431.464247426618	0.002494067306584314	0.08368496216306051	0.10134370012159878	0.601282426667354	0.11026111410896537	0.04819545456068308	0.07824893600218126	0.2396031827026747	0.2911088384187203	0.26172200915680804	0.20756596972179664	98.2681699074119	-145.70462340484022
182	-5855.135471132211	-6007.728491570181	-5855.135471132211	-152.59302043797015	-5855.135471132211	457.4474877866942	2461.0010841586604	0.002494067306584314	0.08368496216306051	0.10134370012159878	0.601282426667354	0.11026111410896537	0.05193329052220355	0.07824893600218126	0.2396031827026747	0.2911088384187203	0.26172200915680804	0.20756596972179664	98.2681699074119	-146.47485141131622
183	-5855.021984034989	-6005.605699583749	-5855.021984034989	-150.5837155487601	-5855.021984034989	437.9095034305535	2394.213142222125	0.002494067306584314	0.08368496216306051	0.10134370012159878	0.601282426667354	0.11026111410896537	0.05193329052220355	0.07824893600218126	0.2396031827026747	0.2911088384187203	0.26172200915680804	0.20756596972179664	98.2681699074119	-144.46554652210617
184	-5854.833845005514	-6006.93713109633	-5854.833845005514	-152.10328609081571	-5854.833845005514	447.8821363163273	2451.798380187192	0.002494067306584314	0.08368496216306051	0.10134370012159878	0.601282426667354	0.11026111410896537	0.05193329052220355	0.07824893600218126	0.2442667267154432	0.2911088384187203	0.25705846514403957	0.20756596972179664	98.2681699074119	-145.98900885650298
185	-5854.750946485246	-6006.925521784352	-5854.750946485246	-152.17457529910686	-5854.750946485246	456.689888486482	2473.77361145104	0.002494067306584314	0.08368496216306051	0.10134370012159878	0.601282426667354	0.11026111410896537	0.05193329052220355	0.07824893600218126	0.24558738496164192	0.2966763585535378	0.25705846514403957	0.20067779134078043	98.2681699074119	-146.03206227122118
186	-5854.463556562443	-6010.4469764720225	-5854.463556562443	-155.9834199095792	-5854.463556562443	483.2866328136541	2596.911116001352	0.0023456804427766475	0.08368496216306051	0.10134370012159878	0.601282426667354	0.08830659202564393	0.05193329052220355	0.07824893600218126	0.24558738496164192	0.2966763585535378	0.25705846514403957	0.20067779134078043	98.2681699074119	-150.05403706380264
187	-5854.415463975558	-6010.957251984566	-5854.415463975558	-156.54178800900794	-5854.415463975558	480.80422800881	2608.9328924250494	0.0023456804427766475	0.08368496216306051	0.10134370012159878	0.601282426667354	0.08830659202564393	0.05193329052220355	0.07824893600218126	0.24558738496164192	0.2966763585535378	0.25705846514403957	0.20067779134078043	98.2681699074119	-150.6124051632314
188	-5854.249805912784	-6011.878794311181	-5854.249805912784	-157.6289883983973	-5854.249805912784	483.5783807697466	2647.8905656267675	0.0023456804427766475	0.08368496216306051	0.10134370012159878	0.601282426667354	0.12572284791431415	0.05193329052220355	0.07824893600218126	0.23618353668926104	0.3060802068259187	0.25705846514403957	0.20067779134078043	98.2681699074119	-151.33674720275806
189	-5854.101318889516	-6010.832392324796	-5854.101318889516	-156.7310734352807	-5854.101318889516	482.1012418790387	2629.2543063879057	0.0023456804427766475	0.08368496216306051	0.10134370012159878	0.601282426667354	0.09565343139555403	0.05193329052220355	0.07824893600218126	0.23618353668926104	0.3060802068259187	0.25705846514403957	0.20067779134078043	98.2681699074119	-150.701520061323
190	-5854.076362283069	-6010.3249334874	-5854.076362283069	-156.2485712043311	-5854.076362283069	482.77081507762193	2602.7480332740765	0.0023456804427766475	0.08368496216306051	0.10134370012159878	0.601282426667354	0.09565343139555403	0.05193329052220355	0.07824893600218126	0.23618353668926104	0.2993194001587189	0.26417420642890777	0.20032285672311206	98.2681699074119	-150.2286148700208
191	-5853.995751168241	-6007.550499503641	-5853.995751168241	-153.554748335399	-5853.995751168241	457.1630849817989	2505.655118497145	0.0023456804427766475	0.08368496216306051	0.10134370012159878	0.601282426667354	0.09565343139555403	0.05193329052220355	0.07824893600218126	0.2428003246943788	0.2993194001587189	0.25755741842379004	0.20032285672311206	98.2681699074119	-147.5415843518445
192	-5853.960415050855	-6011.096258579203	-5853.960415050855	-157.135843528348	-5853.960415050855	482.06866194189473	2620.6158838120127	0.0023456804427766475	0.08368496216306051	0.10134370012159878	0.601282426667354	0.09565343139555403	0.05193329052220355	0.07824893600218126	0.2428003246943788	0.2993194001587189	0.25755741842379004	0.20032285672311206	98.2681699074119	-151.1226795447935
193	-5853.838663761578	-6010.393235828824	-5853.838663761578	-156.5545720672466	-5853.838663761578	467.50098114629475	2570.54968856101	0.0023456804427766475	0.08368496216306051	0.10134370012159878	0.601282426667354	0.09565343139555403	0.05193329052220355	0.08013508621323535	0.2428003246943788	0.2993194001587189	0.25755741842379004	0.20032285672311206	98.2681699074119	-150.51859184010684
194	-5853.691006866396	-6010.435121165709	-5853.691006866396	-156.7441142993132	-5853.691006866396	479.4675210126174	2613.0070007553513	0.0023456804427766475	0.08368496216306051	0.10134370012159878	0.601282426667354	0.09565343139555403	0.05193329052220355	0.08013508621323535	0.2428003246943788	0.2993194001587189	0.25755741842379004	0.20032285672311206	98.2681699074119	-150.70813407217344
195	-5853.680580070001	-6010.781869198794	-5853.680580070001	-157.1012891287927	-5853.680580070001	481.1827010087528	2616.9702635800463	0.0023456804427766475	0.08368496216306051	0.10134370012159878	0.601282426667354	0.09565343139555403	0.05193329052220355	0.08013508621323535	0.2428003246943788	0.2993194001587189	0.25755741842379004	0.20032285672311206	98.2681699074119	-151.06530890165294
196	-5853.628087877242	-6010.779581385757	-5853.628087877242	-157.15149350851536	-5853.628087877242	476.41739971861847	2606.2508649190186	0.0023456804427766475	0.08368496216306051	0.10134370012159878	0.601282426667354	0.09565343139555403	0.05193329052220355	0.08013508621323535	0.2428003246943788	0.2993194001587189	0.25755741842379004	0.20032285672311206	98.2681699074119	-151.1155132813756
197	-5853.618790721437	-6012.766843461847	-5853.618790721437	-159.1480527404105	-5853.618790721437	481.63566054952275	2591.8440022750083	0.0023456804427766475	0.08368496216306051	0.10134370012159878	0.601282426667354	0.09565343139555403	0.05193329052220355	0.08013508621323535	0.2428003246943788	0.2993194001587189	0.25755741842379004	0.20032285672311206	93.6524631157338	-153.1601819525326
198	-5853.3708268071305	-6009.71903838992	-5853.3708268071305	-156.34821158278956	-5853.3708268071305	471.347503773964	2594.3014706524373	0.0023456804427766475	0.08368496216306051	0.10134370012159878	0.601282426667354	0.09565343139555403	0.05193329052220355	0.08013508621323535	0.2428003246943788	0.2993194001587189	0.25755741842379004	0.20032285672311206	98.25318337128208	-150.3123838737951
199	-5853.3650396014555	-6012.681152093386	-5853.3650396014555	-159.31611249193048	-5853.3650396014555	495.5623646738177	2691.4984693221813	0.0023456804427766475	0.08368496216306051	0.10134370012159878	0.6476218966563212	0.09565343139555403	0.05193329052220355	0.08013508621323535	0.2428003246943788	0.2993194001587189	0.25755741842379004	0.20032285672311206	98.25318337128208	-153.20743764230892
200	-5853.134394698756	-6011.481649816169	-5853.134394698756	-158.3472551174124	-5853.134394698756	475.9959466788057	2614.4431165971073	0.0023456804427766475	0.08368496216306051	0.10134370012159878	0.6476218966563212	0.09565343139555403	0.05193329052220355	0.08013508621323535	0.2428003246943788	0.2993194001587189	0.25755741842379004	0.20032285672311206	95.73224413260594	-152.26457274774452
201	-5853.0412879477035	-6011.24068623652	-5853.0412879477035	-158.19939828881647	-5853.0412879477035	479.5488560438006	2592.7545676104023	0.0023456804427766475	0.08368496216306051	0.10508202735277454	0.6476218966563212	0.12280485246042908	0.05193329052220355	0.08013508621323535	0.2355036531475269	0.2993194001587189	0.25755741842379004	0.20761952826996397	95.73224413260594	-151.85763454531528
202	-5852.831606212009	-6010.162675080635	-5852.831606212009	-157.33106886862615	-5852.831606212009	481.41188391631266	2586.0245206565996	0.0023456804427766475	0.08368496216306051	0.10508202735277454	0.6476218966563212	0.12280485246042908	0.05193329052220355	0.08013508621323535	0.2355036531475269	0.2993194001587189	0.25755741842379004	0.20761952826996397	95.73224413260594	-150.98930512512496
203	-5852.825664090441	-6011.014446013963	-5852.825664090441	-158.1887819235218	-5852.825664090441	471.40486031184605	2595.1901456606975	0.0023456804427766475	0.08368496216306051	0.10508202735277454	0.6476218966563212	0.12280485246042908	0.05193329052220355	0.08013508621323535	0.2355036531475269	0.2993194001587189	0.25755741842379004	0.20761952826996397	97.22626609214998	-151.83153244876985
204	-5852.736409671529	-6009.942611020654	-5852.736409671529	-157.20620134912497	-5852.736409671529	462.65039586145747	2561.4254835059737	0.0023456804427766475	0.08368496216306051	0.10508202735277454	0.6476218966563212	0.10085340782112939	0.0500854438022527	0.08013508621323535	0.2355036531475269	0.2993194001587189	0.2548263750421753	0.21035057165157872	97.22626609214998	-151.0800561694263
205	-5852.7115726493375	-6009.918313384633	-5852.7115726493375	-157.2067407352954	-5852.7115726493375	482.5963770800788	2604.302282816736	0.0023456804427766475	0.08368496216306051	0.10508202735277454	0.6476218966563212	0.10085340782112939	0.0500854438022527	0.08013508621323535	0.2355036531475269	0.2993194001587189	0.2548263750421753	0.21035057165157872	97.22626609214998	-151.08059555559674
206	-5852.670862654982	-6010.299632801974	-5852.670862654982	-157.62877014699265	-5852.670862654982	472.72199279567263	2580.0641896814964	0.0023456804427766475	0.08368496216306051	0.10508202735277454	0.6476218966563212	0.11877697359402438	0.0500854438022527	0.08013508621323535	0.2355036531475269	0.2993194001587189	0.2629163442740979	0.20226060241965615	97.22626609214998	-151.3215368292651
207	-5852.663034043192	-6011.8647447553385	-5852.663034043192	-159.2017107121461	-5852.663034043192	492.274685345841	2657.51556584252	0.0022683502353309805	0.08368496216306051	0.10508202735277454	0.6476218966563212	0.11877697359402438	0.04548057849484878	0.08013508621323535	0.2355036531475269	0.2993194001587189	0.2629163442740979	0.20226060241965615	97.22626609214998	-152.9865606636681
208	-5852.6059079787465	-6011.868870871544	-5852.6059079787465	-159.2629628927969	-5852.6059079787465	484.6763172714192	2658.3349727775512	0.0022683502353309805	0.08368496216306051	0.10508202735277454	0.6476218966563212	0.11877697359402438	0.04548057849484878	0.08013508621323535	0.23418409910318388	0.2993194001587189	0.2629163442740979	0.20358015646399916	97.22626609214998	-153.05046474943774
209	-5852.588161169637	-6013.125622014289	-5852.588161169637	-160.53746084465212	-5852.588161169637	482.8546928734503	2670.52541746612	0.0022683502353309805	0.08368496216306051	0.10508202735277454	0.6476218966563212	0.11877697359402438	0.04548057849484878	0.07363347543016711	0.23418409910318388	0.2993194001587189	0.2629163442740979	0.20358015646399916	97.22626609214998	-154.4059961972831
210	-5852.530573061304	-6013.404501716865	-5852.530573061304	-160.87392865556083	-5852.530573061304	489.92692118297947	2695.861553135678	0.0022683502353309805	0.08368496216306051	0.10508202735277454	0.6476218966563212	0.11877697359402438	0.05552124349682858	0.0902999621948252	0.24255689156098967	0.2993194001587189	0.2545435518162921	0.20358015646399916	97.22626609214998	-154.36474590565945
211	-5852.520371450667	-6015.272376555137	-5852.520371450667	-162.75200510447013	-5852.520371450667	504.7081821006574	2750.46037995239	0.0022582779542930616	0.08368496216306051	0.10508202735277454	0.6476218966563212	0.11877697359402438	0.05552124349682858	0.0902999621948252	0.24255689156098967	0.29270901010825734	0.26115394186675367	0.20358015646399916	97.22626609214998	-156.2527398909784
212	-5852.506798269006	-6012.031458056238	-5852.506798269006	-159.52465978723237	-5852.506798269006	488.30813192146724	2665.2109429009647	0.0022582779542930616	0.08368496216306051	0.10508202735277454	0.6476218966563212	0.11877697359402438	0.05552124349682858	0.0902999621948252	0.24255689156098967	0.30161849651786155	0.25224445545714946	0.20358015646399916	97.22626609214998	-153.01121242137452
213	-5852.113852295355	-6014.568866336124	-5852.113852295355	-162.45501404076924	-5852.113852295355	504.01375286419795	2754.398639726499	0.0022582779542930616	0.08368496216306051	0.10508202735277454	0.6476218966563212	0.11877697359402438	0.05552124349682858	0.0902999621948252	0.24255689156098967	0.30161849651786155	0.25224445545714946	0.20358015646399916	97.22626609214998	-155.9415666749114
214	-5852.080060966249	-6013.290770393576	-5852.080060966249	-161.21070942732732	-5852.080060966249	492.8793159793304	2708.8197256260146	0.0022582779542930616	0.08368496216306051	0.10508202735277454	0.6476218966563212	0.11877697359402438	0.05552124349682858	0.0902999621948252	0.24255689156098967	0.30161849651786155	0.25224445545714946	0.20358015646399916	97.84541108751672	-154.6909141683935
215	-5851.805783982113	-6013.660396773514	-5851.805783982113	-161.85461279140054	-5851.805783982113	498.5135304677588	2731.831589909919	0.0022582779542930616	0.08368496216306051	0.10508202735277454	0.6476218966563212	0.11877697359402438	0.05552124349682858	0.0902999621948252	0.2370245884571097	0.30071884349439754	0.254898636892794	0.2073579311556986	97.84541108751672	-155.34320041170707
216	-5851.68758211306	-6011.173364475713	-5851.68758211306	-159.48578236265368	-5851.68758211306	486.3363062231914	2688.6733938873385	0.0022582779542930616	0.08368496216306051	0.10508202735277454	0.6476218966563212	0.11877697359402438	0.05552124349682858	0.0902999621948252	0.2370245884571097	0.30071884349439754	0.254898636892794	0.2073579311556986	99.56853245348816	-152.956912602834
217	-5851.671061054124	-6011.984807069871	-5851.671061054124	-160.3137460157464	-5851.671061054124	496.6899713969838	2711.7957036469516	0.0022582779542930616	0.08368496216306051	0.10508202735277454	0.6476218966563212	0.11877697359402438	0.0585023800377918	0.0902999621948252	0.2370245884571097	0.30071884349439754	0.254898636892794	0.2073579311556986	99.56853245348816	-153.7348915039102
218	-5851.613188412527	-6011.555447922253	-5851.613188412527	-159.9422595097258	-5851.613188412527	491.23916573114116	2695.051417641603	0.0022582779542930616	0.08368496216306051	0.10508202735277454	0.6476218966563212	0.11877697359402438	0.051281947654102544	0.0902999621948252	0.2370245884571097	0.30071884349439754	0.254898636892794	0.2073579311556986	99.56853245348816	-153.4892692540219
219	-5851.596266919053	-6012.06131389898	-5851.596266919053	-160.46504697992722	-5851.596266919053	494.0494755326829	2709.9720180663103	0.0022582779542930616	0.08368496216306051	0.10508202735277454	0.6476218966563212	0.11877697359402438	0.051281947654102544	0.0902999621948252	0.2370245884571097	0.30071884349439754	0.254898636892794	0.2073579311556986	99.56853245348816	-154.01205672422333
220	-5851.575135723706	-6011.7991854285465	-5851.575135723706	-160.22404970484047	-5851.575135723706	497.0842940860063	2730.1441517265534	0.0022582779542930616	0.08368496216306051	0.10508202735277454	0.6476218966563212	0.11877697359402438	0.051281947654102544	0.0902999621948252	0.2370245884571097	0.30071884349439754	0.254898636892794	0.2073579311556986	99.56853245348816	-153.77105944913657
221	-5851.463176288836	-6010.879877993089	-5851.463176288836	-159.4167017042535	-5851.463176288836	489.5839940804801	2684.4894425629823	0.0022582779542930616	0.08368496216306051	0.10508202735277454	0.6476218966563212	0.11877697359402438	0.051281947654102544	0.0902999621948252	0.2370245884571097	0.30071884349439754	0.254898636892794	0.2073579311556986	99.56853245348816	-152.96371144854962
222	-5851.462918979807	-6012.240352093229	-5851.462918979807	-160.7774331134227	-5851.462918979807	491.7514064190577	2721.7666363528233	0.0022582779542930616	0.08368496216306051	0.10508202735277454	0.6476218966563212	0.12042476842296468	0.051281947654102544	0.0902999621948252	0.2370245884571097	0.30071884349439754	0.254898636892794	0.2073579311556986	99.56853245348816	-154.31118929521244
223	-5851.444887777455	-6012.734840977546	-5851.444887777455	-161.2899532000909	-5851.444887777455	513.3141377838128	2785.146683769015	0.0022126652366466926	0.08368496216306051	0.10508202735277454	0.6476218966563212	0.10049608244087241	0.051281947654102544	0.0902999621948252	0.2370245884571097	0.30071884349439754	0.254898636892794	0.2073579311556986	99.56853245348816	-154.99756340977052
224	-5851.391978133127	-6013.418572626753	-5851.391978133127	-162.0265944936267	-5851.391978133127	505.2256076264066	2770.062113350516	0.0022126652366466926	0.08368496216306051	0.10508202735277454	0.6476218966563212	0.10049608244087241	0.051281947654102544	0.0902999621948252	0.2370245884571097	0.3033293249339059	0.25228815545328565	0.2073579311556986	99.56853245348816	-155.72925256521782
225	-5851.363093628689	-6014.317414808681	-5851.363093628689	-162.95432117999187	-5851.363093628689	496.9571393900904	2750.640845874904	0.0022126652366466926	0.08368496216306051	0.10508202735277454	0.6476218966563212	0.10049608244087241	0.051281947654102544	0.0902999621948252	0.2370245884571097	0.3033293249339059	0.25228815545328565	0.2073579311556986	98.06350730069516	-156.6722101245643
226	-5851.362566083634	-6015.143040452754	-5851.362566083634	-163.7804743691198	-5851.362566083634	505.87362871050055	2805.334821921866	0.0022126652366466926	0.08368496216306051	0.10508202735277454	0.6476218966563212	0.10049608244087241	0.051281947654102544	0.0902999621948252	0.2370245884571097	0.3033293249339059	0.25228815545328565	0.2073579311556986	98.06350730069516	-157.4983633136922
227	-5851.287585682054	-6014.951019463464	-5851.287585682054	-163.66343378141045	-5851.287585682054	499.17836028932845	2750.511972104576	0.0022126652366466926	0.08368496216306051	0.10508202735277454	0.6476218966563212	0.10049608244087241	0.051281947654102544	0.0902999621948252	0.2370245884571097	0.3033293249339059	0.25228815545328565	0.2073579311556986	96.37120288197656	-157.3987305967523
228	-5851.252984540384	-6013.441821632124	-5851.252984540384	-162.1888370917399	-5851.252984540384	514.74805986573	2802.2634984146825	0.002203204950766491	0.08368496216306051	0.10508202735277454	0.6476218966563212	0.10049608244087241	0.051281947654102544	0.0902999621948252	0.2370245884571097	0.3033293249339059	0.25228815545328565	0.2073579311556986	99.54329104629124	-155.89174870334577
229	-5851.226885516923	-6013.502934862856	-5851.226885516923	-162.2760493459329	-5851.226885516923	500.02810439712914	2767.1223858890057	0.002203204950766491	0.08368496216306051	0.10508202735277454	0.6476218966563212	0.10049608244087241	0.051281947654102544	0.0902999621948252	0.2370245884571097	0.3033293249339059	0.25228815545328565	0.2073579311556986	99.54329104629124	-155.97896095753876
230	-5851.124673943086	-6013.630385590428	-5851.124673943086	-162.50571164734208	-5851.124673943086	506.2732868142464	2782.926239339777	0.002203204950766491	0.08368496216306051	0.10508202735277454	0.6476218966563212	0.10049608244087241	0.051281947654102544	0.0902999621948252	0.2370245884571097	0.3033293249339059	0.25228815545328565	0.2073579311556986	99.54329104629124	-156.20862325894794
231	-5851.101922523877	-6013.8309898256	-5851.101922523877	-162.72906730172286	-5851.101922523877	508.3832793787931	2797.816826164433	0.002203204950766491	0.08368496216306051	0.10508202735277454	0.6476218966563212	0.10049608244087241	0.051281947654102544	0.0902999621948252	0.2370245884571097	0.3033293249339059	0.25228815545328565	0.2073579311556986	99.54329104629124	-156.43197891332875
232	-5851.089397990905	-6013.074372487887	-5851.089397990905	-161.98497449698164	-5851.089397990905	505.4259404784728	2773.229304367095	0.002203204950766491	0.08368496216306051	0.10508202735277454	0.6476218966563212	0.10049608244087241	0.051281947654102544	0.0902999621948252	0.2370245884571097	0.3033293249339059	0.25228815545328565	0.2073579311556986	99.54329104629124	-155.6878861085875
233	-5851.050304194861	-6013.411234847746	-5851.050304194861	-162.36093065288384	-5851.050304194861	508.47016036563036	2787.5281672123438	0.002203204950766491	0.08368496216306051	0.10508202735277454	0.6476218966563212	0.10049608244087241	0.051281947654102544	0.0902999621948252	0.2370245884571097	0.3033293249339059	0.25228815545328565	0.2073579311556986	99.54329104629124	-156.06384226448972
