IQ-TREE version 3.0.1 for Windows 64-bit built May  5 2025
Developed by Bui Quang Minh, Thomas Wong, Nhan Ly-Trong, Huaiyan Ren
Contributed by Lam-Tung Nguyen, Dominik Schrempf, Chris Bielow,
Olga Chernomor, Michael Woodhams, Diep Thi Hoang, Heiko Schmidt

Host:    DESKTOP-IAVMJI2 (AVX2, FMA3, 7 GB RAM)
Command: bin/iqtree3.exe -s alignments_no_probang_etc\recombinant_free_regions\SAT1\SAT1_901-2727_no_probang.fasta -bb 1000 -m GTR+F+I+G -pre alignments_no_probang_etc\recombinant_free_regions\SAT1\SAT1_901-2727_no_probang
Seed:    562398 (Using SPRNG - Scalable Parallel Random Number Generator)
Time:    Thu Jan 15 15:29:06 2026
Kernel:  AVX+FMA - 1 threads (8 CPU cores detected)

HINT: Use -nt option to specify number of threads because your CPU has 8 cores!
HINT: -nt AUTO will automatically determine the best number of threads to use.

Reading alignment file alignments_no_probang_etc\recombinant_free_regions\SAT1\SAT1_901-2727_no_probang.fasta ... Fasta format detected
Reading fasta file: done in 0.0050247 secs
Alignment most likely contains DNA/RNA sequences
Constructing alignment: done in 0.0048555 secs
WARNING: 78 sites contain only gaps or ambiguous characters.
Alignment has 85 sequences with 1911 columns, 919 distinct patterns
877 parsimony-informative, 88 singleton sites, 946 constant sites
                                                        Gap/Ambiguity  Composition  p-value
Analyzing sequences: done in 0.0007524 secs
   1  JF749860/KEN/Unknown/2002/SAT1/I-NWZ/Unknown              4.40%    passed     98.35%
   2  OM863583/KEN/cattle/2013/SAT1/I-NWZ/Unknown               4.40%    passed     96.80%
   3  OM863582/KEN/cattle/2010/SAT1/I-NWZ/Unknown               4.40%    passed     99.12%
   4  MW355669/ZMB/cattle/1988/SAT1/I-NWZ/Unknown               4.40%    passed     37.89%
   5  MW355668/TZA/cattle/1980/SAT1/I-NWZ/Unknown               4.40%    passed     89.63%
   6  MT602088/TZA/cattle/2014/SAT1/I-NWZ/Unknown               4.40%    passed     97.61%
   7  MT602087/TZA/cattle/2013/SAT1/I-NWZ/Unknown               4.40%    passed     88.35%
   8  MT602086/TZA/cattle/2012/SAT1/I-NWZ/Unknown               4.40%    passed     95.29%
   9  MT602085/KEN/cattle/2013/SAT1/I-NWZ/Unknown               4.40%    passed     96.80%
  10  MN275121/CMR/cow/2016/SAT1/X/Unknown                      4.40%    passed     94.06%
  11  MN275120/CMR/cow/2016/SAT1/X/Unknown                      4.40%    passed     94.06%
  12  MN275119/CMR/cow/2016/SAT1/X/Unknown                      4.40%    passed     92.78%
  13  MN275118/CMR/cow/2016/SAT1/X/Unknown                      4.40%    passed     94.06%
  14  MN116691/KEN/cow/2016/SAT1/I-NWZ/Unknown                  4.40%    passed     85.91%
  15  MN116690/KEN/cow/2014/SAT1/I-NWZ/Unknown                  4.40%    passed     76.93%
  16  MN116689/KEN/cow/2014/SAT1/I-NWZ/Unknown                  4.40%    passed     90.83%
  17  MH053326/UGA/african-buffalo/1970/SAT1/IV-EA-1/Unknown    4.40%    passed     92.59%
  18  MH053325/UGA/cattle/1978/SAT1/VII-EA-2/Unknown            4.40%    passed     39.01%
  19  MH053324/UGA/cattle/1971/SAT1/VII-EA-2/Unknown            4.40%    passed     77.27%
  20  MH053323/TCD/cattle/1972/SAT1/VI/Unknown                  4.55%    passed     79.88%
  21  MH053322/NAM/african-buffalo/1989/SAT1/III-WZ/Unknown     4.40%    passed     76.94%
  22  MH053321/MOZ/cattle/1981/SAT1/ASIA/Unknown                4.40%    passed     69.14%
  23  MH053320/KEN/cattle/1983/SAT1/I-NWZ/Unknown               4.40%    passed     96.48%
  24  MF678826/NER/cow/2015/SAT1/X/Unknown                      4.40%    passed     98.63%
  25  MF678825/NER/cow/2015/SAT1/X/Unknown                      4.40%    passed     97.89%
  26  MF678824/NER/cow/2015/SAT1/X/Unknown                      4.40%    passed     99.28%
  27  MF678823/NER/cow/2015/SAT1/X/Unknown                      4.40%    passed     99.28%
  28  KU821590/NAM/cow/2010/SAT1/III-WZ/Unknown                 4.40%    passed     70.44%
  29  KM268899/TZA/cattle/2012/SAT1/I-NWZ/Unknown               4.40%    passed     94.33%
  30  HM067706/UGA/african-buffalo/2007/SAT1/IV-EA-1/Unknown    4.40%    passed     12.18%
  31  AY593846/ZWE/Unknown/1966/SAT1/ASIA/Unknown               4.40%    passed     99.55%
  32  AY593845/BWA/Unknown/1968/SAT1/III-WZ/Unknown             4.40%    passed     59.91%
  33  AY593844/ISR/Unknown/1962/SAT1/VI/Unknown                 4.40%    passed     47.01%
  34  AY593843/NAM/Unknown/1940/SAT1/III-WZ/Unknown             4.40%    passed     89.48%
  35  AY593842/ZAF/Unknown/1961/SAT1/III-WZ/Unknown             4.40%    passed     87.43%
  36  AY593841/ZWE/Unknown/1958/SAT1/III-WZ/Unknown             4.40%    passed     75.61%
  37  AY593840/NAM/Unknown/1949/SAT1/III-WZ/Unknown             4.40%    passed     91.56%
  38  AY593838/BWA/Unknown/1970/SAT1/III-WZ/Unknown             4.40%    passed     33.99%
  39  OM562602/KEN/cow/2014/SAT1/I-NWZ/Unknown                  4.40%    passed     76.93%
  40  OM562601/KEN/cow/2014/SAT1/I-NWZ/Unknown                  4.40%    passed     90.83%
  41  OM562591/KEN/cow/2016/SAT1/I-NWZ/Unknown                  4.40%    passed     94.45%
  42  OM562590/KEN/cow/2016/SAT1/I-NWZ/Unknown                  4.40%    passed     95.00%
  43  OM562576/KEN/cow/2016/SAT1/I-NWZ/Unknown                  4.40%    passed     97.54%
  44  OM562571/KEN/cow/2016/SAT1/I-NWZ/Unknown                  4.40%    passed     94.23%
  45  OM562566/KEN/cow/2016/SAT1/I-NWZ/Unknown                  4.40%    passed     86.79%
  46  OM562565/KEN/cow/2016/SAT1/I-NWZ/Unknown                  4.40%    passed     94.43%
  47  OM562563/KEN/cow/2016/SAT1/I-NWZ/Unknown                  4.08%    passed     67.90%
  48  OM562560/KEN/cow/2016/SAT1/I-NWZ/Unknown                  4.40%    passed     98.64%
  49  OM562559/KEN/cow/2016/SAT1/I-NWZ/Unknown                  4.40%    passed     94.53%
  50  OM562558/KEN/cow/2016/SAT1/I-NWZ/Unknown                  4.40%    passed     91.06%
  51  OM562557/KEN/cow/2016/SAT1/I-NWZ/Unknown                  4.40%    passed     78.49%
  52  OM562556/KEN/cow/2016/SAT1/I-NWZ/Unknown                  4.40%    passed     92.47%
  53  OM562555/KEN/cow/2016/SAT1/I-NWZ/Unknown                  4.40%    passed     84.66%
  54  OM562547/KEN/cow/2016/SAT1/I-NWZ/Unknown                  4.40%    passed     88.53%
  55  OM562546/KEN/cow/2016/SAT1/I-NWZ/Unknown                  4.40%    passed     99.40%
  56  OM562545/KEN/cow/2016/SAT1/I-NWZ/Unknown                  4.40%    passed     88.53%
  57  OM562542/KEN/cow/2016/SAT1/I-NWZ/Unknown                  4.40%    passed     89.63%
  58  OM562541/KEN/cow/2016/SAT1/I-NWZ/Unknown                  4.40%    passed     78.17%
  59  OM562540/KEN/cow/2016/SAT1/I-NWZ/Unknown                  4.40%    passed     78.17%
  60  OM562539/KEN/cow/2016/SAT1/I-NWZ/Unknown                  4.40%    passed     78.17%
  61  OM562538/KEN/cow/2016/SAT1/I-NWZ/Unknown                  4.40%    passed     78.17%
  62  OM562537/KEN/cow/2016/SAT1/I-NWZ/Unknown                  4.40%    passed     78.17%
  63  OM562536/KEN/cow/2016/SAT1/I-NWZ/Unknown                  4.40%    passed     78.17%
  64  OM562535/KEN/cow/2016/SAT1/I-NWZ/Unknown                  4.40%    passed     78.17%
  65  OM562534/KEN/cow/2016/SAT1/I-NWZ/Unknown                  4.40%    passed     96.03%
  66  OM562533/KEN/cow/2016/SAT1/I-NWZ/Unknown                  4.40%    passed     96.03%
  67  OM562532/KEN/cow/2016/SAT1/I-NWZ/Unknown                  4.40%    passed     96.03%
  68  OM562531/KEN/cow/2016/SAT1/I-NWZ/Unknown                  4.40%    passed     96.03%
  69  OM562530/KEN/cow/2016/SAT1/I-NWZ/Unknown                  4.40%    passed     96.28%
  70  OM562529/KEN/cow/2016/SAT1/I-NWZ/Unknown                  4.40%    passed     96.28%
  71  OM562528/KEN/cow/2016/SAT1/I-NWZ/Unknown                  4.40%    passed     96.03%
  72  OM562527/KEN/cow/2016/SAT1/I-NWZ/Unknown                  4.40%    passed     96.03%
  73  OM562526/KEN/cow/2016/SAT1/I-NWZ/Unknown                  4.40%    passed     96.03%
  74  OM562525/KEN/cow/2016/SAT1/I-NWZ/Unknown                  4.40%    passed     84.07%
  75  OM562524/KEN/cow/2016/SAT1/I-NWZ/Unknown                  4.40%    passed     84.07%
  76  OM562523/KEN/cow/2016/SAT1/I-NWZ/Unknown                  4.40%    passed     84.07%
  77  OM562522/KEN/cow/2016/SAT1/I-NWZ/Unknown                  4.40%    passed     84.07%
  78  OM562521/KEN/cow/2016/SAT1/I-NWZ/Unknown                  4.40%    passed     84.07%
  79  OM562520/KEN/cow/2016/SAT1/I-NWZ/Unknown                  4.40%    passed     84.07%
  80  OM562519/KEN/cow/2016/SAT1/I-NWZ/Unknown                  4.40%    passed     84.07%
  81  OM562518/KEN/cow/2016/SAT1/I-NWZ/Unknown                  4.40%    passed     84.07%
  82  OM562517/KEN/cow/2016/SAT1/I-NWZ/Unknown                  4.40%    passed     84.07%
  83  OM562516/KEN/cow/2016/SAT1/I-NWZ/Unknown                  4.40%    passed     84.07%
  84  OM562515/KEN/cow/2016/SAT1/I-NWZ/Unknown                  4.40%    passed     84.07%
  85  OM562514/KEN/cow/2016/SAT1/I-NWZ/Unknown                  4.40%    passed     84.07%
****  TOTAL                                                     4.39%  0 sequences failed composition chi2 test (p-value<5%; df=3)
NOTE: MN275120/CMR/cow/2016/SAT1/X/Unknown is identical to MN275121/CMR/cow/2016/SAT1/X/Unknown but kept for subsequent analysis
NOTE: OM562602/KEN/cow/2014/SAT1/I-NWZ/Unknown is identical to MN116690/KEN/cow/2014/SAT1/I-NWZ/Unknown but kept for subsequent analysis
NOTE: OM562601/KEN/cow/2014/SAT1/I-NWZ/Unknown is identical to MN116689/KEN/cow/2014/SAT1/I-NWZ/Unknown but kept for subsequent analysis
NOTE: OM562540/KEN/cow/2016/SAT1/I-NWZ/Unknown is identical to OM562541/KEN/cow/2016/SAT1/I-NWZ/Unknown but kept for subsequent analysis
NOTE: OM562533/KEN/cow/2016/SAT1/I-NWZ/Unknown is identical to OM562534/KEN/cow/2016/SAT1/I-NWZ/Unknown but kept for subsequent analysis
NOTE: OM562529/KEN/cow/2016/SAT1/I-NWZ/Unknown is identical to OM562530/KEN/cow/2016/SAT1/I-NWZ/Unknown but kept for subsequent analysis
NOTE: OM562524/KEN/cow/2016/SAT1/I-NWZ/Unknown is identical to OM562525/KEN/cow/2016/SAT1/I-NWZ/Unknown but kept for subsequent analysis
Checking for duplicate sequences: done in 0.0479315 secs
Identifying sites to remove: done in 0.0042187 secs using 370.4% CPU
NOTE: 21 identical sequences (see below) will be ignored for subsequent analysis
NOTE: MN275118/CMR/cow/2016/SAT1/X/Unknown (identical to MN275121/CMR/cow/2016/SAT1/X/Unknown) is ignored but added at the end
NOTE: OM562539/KEN/cow/2016/SAT1/I-NWZ/Unknown (identical to OM562541/KEN/cow/2016/SAT1/I-NWZ/Unknown) is ignored but added at the end
NOTE: OM562538/KEN/cow/2016/SAT1/I-NWZ/Unknown (identical to OM562541/KEN/cow/2016/SAT1/I-NWZ/Unknown) is ignored but added at the end
NOTE: OM562537/KEN/cow/2016/SAT1/I-NWZ/Unknown (identical to OM562541/KEN/cow/2016/SAT1/I-NWZ/Unknown) is ignored but added at the end
NOTE: OM562536/KEN/cow/2016/SAT1/I-NWZ/Unknown (identical to OM562541/KEN/cow/2016/SAT1/I-NWZ/Unknown) is ignored but added at the end
NOTE: OM562535/KEN/cow/2016/SAT1/I-NWZ/Unknown (identical to OM562541/KEN/cow/2016/SAT1/I-NWZ/Unknown) is ignored but added at the end
NOTE: OM562532/KEN/cow/2016/SAT1/I-NWZ/Unknown (identical to OM562534/KEN/cow/2016/SAT1/I-NWZ/Unknown) is ignored but added at the end
NOTE: OM562531/KEN/cow/2016/SAT1/I-NWZ/Unknown (identical to OM562534/KEN/cow/2016/SAT1/I-NWZ/Unknown) is ignored but added at the end
NOTE: OM562528/KEN/cow/2016/SAT1/I-NWZ/Unknown (identical to OM562534/KEN/cow/2016/SAT1/I-NWZ/Unknown) is ignored but added at the end
NOTE: OM562527/KEN/cow/2016/SAT1/I-NWZ/Unknown (identical to OM562534/KEN/cow/2016/SAT1/I-NWZ/Unknown) is ignored but added at the end
NOTE: OM562526/KEN/cow/2016/SAT1/I-NWZ/Unknown (identical to OM562534/KEN/cow/2016/SAT1/I-NWZ/Unknown) is ignored but added at the end
NOTE: OM562523/KEN/cow/2016/SAT1/I-NWZ/Unknown (identical to OM562525/KEN/cow/2016/SAT1/I-NWZ/Unknown) is ignored but added at the end
NOTE: OM562522/KEN/cow/2016/SAT1/I-NWZ/Unknown (identical to OM562525/KEN/cow/2016/SAT1/I-NWZ/Unknown) is ignored but added at the end
NOTE: OM562521/KEN/cow/2016/SAT1/I-NWZ/Unknown (identical to OM562525/KEN/cow/2016/SAT1/I-NWZ/Unknown) is ignored but added at the end
NOTE: OM562520/KEN/cow/2016/SAT1/I-NWZ/Unknown (identical to OM562525/KEN/cow/2016/SAT1/I-NWZ/Unknown) is ignored but added at the end
NOTE: OM562519/KEN/cow/2016/SAT1/I-NWZ/Unknown (identical to OM562525/KEN/cow/2016/SAT1/I-NWZ/Unknown) is ignored but added at the end
NOTE: OM562518/KEN/cow/2016/SAT1/I-NWZ/Unknown (identical to OM562525/KEN/cow/2016/SAT1/I-NWZ/Unknown) is ignored but added at the end
NOTE: OM562517/KEN/cow/2016/SAT1/I-NWZ/Unknown (identical to OM562525/KEN/cow/2016/SAT1/I-NWZ/Unknown) is ignored but added at the end
NOTE: OM562516/KEN/cow/2016/SAT1/I-NWZ/Unknown (identical to OM562525/KEN/cow/2016/SAT1/I-NWZ/Unknown) is ignored but added at the end
NOTE: OM562515/KEN/cow/2016/SAT1/I-NWZ/Unknown (identical to OM562525/KEN/cow/2016/SAT1/I-NWZ/Unknown) is ignored but added at the end
NOTE: OM562514/KEN/cow/2016/SAT1/I-NWZ/Unknown (identical to OM562525/KEN/cow/2016/SAT1/I-NWZ/Unknown) is ignored but added at the end
Alignment was printed to alignments_no_probang_etc\recombinant_free_regions\SAT1\SAT1_901-2727_no_probang.uniqueseq.phy

For your convenience alignment with unique sequences printed to alignments_no_probang_etc\recombinant_free_regions\SAT1\SAT1_901-2727_no_probang.uniqueseq.phy
Creating fast initial parsimony tree by random order stepwise addition...
0.027 seconds, parsimony score: 5382 (based on 965 sites)
Generating 1000 samples for ultrafast bootstrap (seed: 562398)...

NOTE: 11 MB RAM (0 GB) is required!
Estimate model parameters (epsilon = 0.100)
Thoroughly optimizing +I+G parameters from 10 start values...
Init pinv, alpha: 0.000, 1.000 / Estimate: 0.000, 0.281 / LogL: -24944.170
Init pinv, alpha: 0.055, 1.000 / Estimate: 0.411, 0.920 / LogL: -24877.091
Init pinv, alpha: 0.110, 1.000 / Estimate: 0.411, 0.917 / LogL: -24877.085
Init pinv, alpha: 0.165, 1.000 / Estimate: 0.411, 0.918 / LogL: -24877.079
Init pinv, alpha: 0.220, 1.000 / Estimate: 0.411, 0.919 / LogL: -24877.074
Init pinv, alpha: 0.275, 1.000 / Estimate: 0.411, 0.920 / LogL: -24877.073
Init pinv, alpha: 0.330, 1.000 / Estimate: 0.411, 0.918 / LogL: -24877.083
Init pinv, alpha: 0.385, 1.000 / Estimate: 0.411, 0.921 / LogL: -24877.069
Init pinv, alpha: 0.440, 1.000 / Estimate: 0.415, 0.942 / LogL: -24877.016
Init pinv, alpha: 0.495, 1.000 / Estimate: 0.420, 0.966 / LogL: -24877.065
Optimal pinv,alpha: 0.415, 0.942 / LogL: -24877.016

Parameters optimization took 33.206 sec
Wrote distance file to... 
Computing ML distances based on estimated model parameters...
Calculating distance matrix: done in 0.0521915 secs using 119.8% CPU
Computing ML distances took 0.065654 sec (of wall-clock time) 0.062500 sec (of CPU time)
Setting up auxiliary I and S matrices: done in 0.0002002 secs
Constructing RapidNJ tree: done in 0.0005844 secs
Computing RapidNJ tree took 0.431409 sec (of wall-clock time) 0.000000 sec (of CPU time)
Log-likelihood of RapidNJ tree: -24859.112
--------------------------------------------------------------------
|             INITIALIZING CANDIDATE TREE SET                      |
--------------------------------------------------------------------
Generating 98 parsimony trees... 1.605 second
Computing log-likelihood of 98 initial trees ... 3.796 seconds
Current best score: -24841.555

Do NNI search on 20 best initial trees
Optimizing NNI: done in 0.781899 secs using 89.93% CPU
Estimate model parameters (epsilon = 0.100)
BETTER TREE FOUND at iteration 1: -24810.462
Optimizing NNI: done in 0.896934 secs using 94.07% CPU
Optimizing NNI: done in 0.70649 secs using 90.68% CPU
Optimizing NNI: done in 0.965249 secs using 80.94% CPU
Optimizing NNI: done in 0.65634 secs using 90.46% CPU
Estimate model parameters (epsilon = 0.100)
BETTER TREE FOUND at iteration 5: -24807.784
Optimizing NNI: done in 0.640594 secs using 97.57% CPU
Optimizing NNI: done in 0.739065 secs using 95.14% CPU
Optimizing NNI: done in 0.615035 secs using 101.6% CPU
Optimizing NNI: done in 0.940582 secs using 91.37% CPU
Optimizing NNI: done in 1.06091 secs using 78.06% CPU
Iteration 10 / LogL: -24812.543 / Time: 0h:0m:48s
Optimizing NNI: done in 0.612645 secs using 86.71% CPU
Optimizing NNI: done in 0.801551 secs using 91.62% CPU
Optimizing NNI: done in 1.20439 secs using 48% CPU
Optimizing NNI: done in 1.03191 secs using 74.2% CPU
Optimizing NNI: done in 1.09636 secs using 89.79% CPU
Optimizing NNI: done in 1.224 secs using 68.93% CPU
Optimizing NNI: done in 1.15256 secs using 86.76% CPU
Optimizing NNI: done in 0.732153 secs using 83.23% CPU
Optimizing NNI: done in 0.919597 secs using 79.86% CPU
Optimizing NNI: done in 0.941456 secs using 86.3% CPU
Iteration 20 / LogL: -24811.394 / Time: 0h:0m:59s
Finish initializing candidate tree set (16)
Current best tree score: -24807.784 / CPU time: 25.050
Number of iterations: 20
--------------------------------------------------------------------
|               OPTIMIZING CANDIDATE TREE SET                      |
--------------------------------------------------------------------
Optimizing NNI: done in 0.83677 secs using 87.76% CPU
Optimizing NNI: done in 1.08369 secs using 77.86% CPU
Optimizing NNI: done in 0.933811 secs using 81.99% CPU
Optimizing NNI: done in 0.832395 secs using 86.35% CPU
Optimizing NNI: done in 0.875811 secs using 92.77% CPU
Optimizing NNI: done in 0.690652 secs using 90.49% CPU
Optimizing NNI: done in 0.85915 secs using 87.3% CPU
Optimizing NNI: done in 1.18116 secs using 83.34% CPU
Optimizing NNI: done in 0.771116 secs using 93.21% CPU
Optimizing NNI: done in 0.805614 secs using 89.22% CPU
Iteration 30 / LogL: -24810.451 / Time: 0h:1m:8s (0h:2m:57s left)
Optimizing NNI: done in 0.792069 secs using 88.77% CPU
Optimizing NNI: done in 1.0108 secs using 92.75% CPU
Optimizing NNI: done in 0.804615 secs using 93.21% CPU
Optimizing NNI: done in 0.761713 secs using 94.36% CPU
Optimizing NNI: done in 0.865513 secs using 95.68% CPU
Optimizing NNI: done in 0.58266 secs using 91.18% CPU
Optimizing NNI: done in 0.812096 secs using 98.13% CPU
Optimizing NNI: done in 0.738767 secs using 95.18% CPU
Optimizing NNI: done in 0.752176 secs using 91.4% CPU
Optimizing NNI: done in 0.71505 secs using 93.96% CPU
Iteration 40 / LogL: -24809.162 / Time: 0h:1m:17s (0h:2m:8s left)
Optimizing NNI: done in 0.716131 secs using 89.46% CPU
Optimizing NNI: done in 0.661963 secs using 96.78% CPU
Optimizing NNI: done in 0.758263 secs using 92.73% CPU
Optimizing NNI: done in 0.771298 secs using 95.21% CPU
Optimizing NNI: done in 0.808917 secs using 83.06% CPU
Optimizing NNI: done in 0.607718 secs using 97.7% CPU
Optimizing NNI: done in 0.677229 secs using 99.21% CPU
Optimizing NNI: done in 0.728681 secs using 98.64% CPU
Optimizing NNI: done in 0.909666 secs using 96.19% CPU
Optimizing NNI: done in 0.754087 secs using 95.31% CPU
Iteration 50 / LogL: -24811.862 / Time: 0h:1m:24s (0h:1m:35s left)
Log-likelihood cutoff on original alignment: -24866.136
Optimizing NNI: done in 0.766397 secs using 85.63% CPU
Optimizing NNI: done in 0.916475 secs using 81.84% CPU
Optimizing NNI: done in 1.17334 secs using 73.24% CPU
Optimizing NNI: done in 1.09521 secs using 78.47% CPU
Optimizing NNI: done in 1.00373 secs using 80.95% CPU
Optimizing NNI: done in 1.01551 secs using 61.55% CPU
Optimizing NNI: done in 1.10322 secs using 82.15% CPU
Optimizing NNI: done in 1.30418 secs using 74.28% CPU
Optimizing NNI: done in 1.10974 secs using 67.58% CPU
Optimizing NNI: done in 0.762604 secs using 69.66% CPU
Iteration 60 / LogL: -24808.996 / Time: 0h:1m:38s (0h:1m:15s left)
Optimizing NNI: done in 0.819809 secs using 85.77% CPU
Optimizing NNI: done in 1.02558 secs using 71.61% CPU
Optimizing NNI: done in 0.853737 secs using 73.21% CPU
Optimizing NNI: done in 0.645172 secs using 92.03% CPU
Optimizing NNI: done in 1.59791 secs using 73.34% CPU
UPDATE BEST LOG-LIKELIHOOD: -24807.778
Optimizing NNI: done in 1.10621 secs using 88.99% CPU
Optimizing NNI: done in 0.789615 secs using 89.05% CPU
Optimizing NNI: done in 1.21023 secs
Optimizing NNI: done in 0.788396 secs using 97.11% CPU
Optimizing NNI: done in 0.814671 secs using 99.73% CPU
Iteration 70 / LogL: -24807.786 / Time: 0h:1m:48s (0h:0m:55s left)
Optimizing NNI: done in 0.849913 secs using 95.6% CPU
Optimizing NNI: done in 1.10678 secs using 96% CPU
Optimizing NNI: done in 0.702538 secs using 97.86% CPU
Optimizing NNI: done in 0.883349 secs using 99.05% CPU
Optimizing NNI: done in 0.750584 secs using 97.84% CPU
Optimizing NNI: done in 0.672125 secs using 88.34% CPU
Optimizing NNI: done in 0.653215 secs using 98.07% CPU
Optimizing NNI: done in 0.474124 secs using 98.87% CPU
Optimizing NNI: done in 0.89262 secs using 89.27% CPU
Optimizing NNI: done in 0.841574 secs using 98.4% CPU
Iteration 80 / LogL: -24810.926 / Time: 0h:1m:56s (0h:0m:36s left)
Optimizing NNI: done in 0.89692 secs using 97.56% CPU
Optimizing NNI: done in 0.865125 secs using 99.34% CPU
Optimizing NNI: done in 0.685593 secs using 100.3% CPU
Optimizing NNI: done in 0.671744 secs using 100% CPU
Optimizing NNI: done in 0.548528 secs using 99.7% CPU
Optimizing NNI: done in 0.874642 secs using 89.32% CPU
Optimizing NNI: done in 0.875074 secs using 99.99% CPU
Optimizing NNI: done in 0.738682 secs using 97.3% CPU
Optimizing NNI: done in 0.683774 secs using 95.97% CPU
Optimizing NNI: done in 0.807995 secs using 98.62% CPU
Iteration 90 / LogL: -24807.807 / Time: 0h:2m:4s (0h:0m:21s left)
Optimizing NNI: done in 0.732234 secs using 96.02% CPU
Optimizing NNI: done in 0.719002 secs using 91.27% CPU
Optimizing NNI: done in 0.624075 secs using 100.1% CPU
Optimizing NNI: done in 0.96169 secs using 90.99% CPU
Optimizing NNI: done in 0.562394 secs using 97.24% CPU
Optimizing NNI: done in 0.801188 secs using 97.51% CPU
Optimizing NNI: done in 0.773057 secs using 92.98% CPU
Optimizing NNI: done in 0.801745 secs using 97.44% CPU
Optimizing NNI: done in 0.584102 secs using 96.3% CPU
Optimizing NNI: done in 0.497474 secs using 91.09% CPU
Iteration 100 / LogL: -24808.932 / Time: 0h:2m:12s (0h:0m:6s left)
Log-likelihood cutoff on original alignment: -24866.136
NOTE: Bootstrap correlation coefficient of split occurrence frequencies: 1.000
Optimizing NNI: done in 0.754207 secs using 76.65% CPU
Optimizing NNI: done in 1.13844 secs using 87.84% CPU
Optimizing NNI: done in 0.98689 secs using 80.75% CPU
Optimizing NNI: done in 0.76082 secs using 88.31% CPU
Optimizing NNI: done in 0.710362 secs using 101.2% CPU
Optimizing NNI: done in 0.618358 secs using 98.55% CPU
TREE SEARCH COMPLETED AFTER 106 ITERATIONS / Time: 0h:2m:17s

--------------------------------------------------------------------
|                    FINALIZING TREE SEARCH                        |
--------------------------------------------------------------------
Performs final model parameters optimization
Estimate model parameters (epsilon = 0.010)
1. Initial log-likelihood: -24807.778
Optimal log-likelihood: -24807.772
Rate parameters:  A-C: 0.94871  A-G: 4.27775  A-T: 1.11189  C-G: 0.45466  C-T: 6.56645  G-T: 1.00000
Base frequencies:  A: 0.250  C: 0.303  G: 0.253  T: 0.193
Proportion of invariable sites: 0.416
Gamma shape alpha: 0.955
Parameters optimization took 1 rounds (0.220 sec)
BEST SCORE FOUND : -24807.772
Creating bootstrap support values...
Split supports printed to NEXUS file alignments_no_probang_etc\recombinant_free_regions\SAT1\SAT1_901-2727_no_probang.splits.nex
Total tree length: 4.758

Total number of iterations: 106
CPU time used for tree search: 87.281 sec (0h:1m:27s)
Wall-clock time used for tree search: 103.450 sec (0h:1m:43s)
Total CPU time used: 115.672 sec (0h:1m:55s)
Total wall-clock time used: 138.488 sec (0h:2m:18s)

Computing bootstrap consensus tree...
Reading input file alignments_no_probang_etc\recombinant_free_regions\SAT1\SAT1_901-2727_no_probang.splits.nex...
64 taxa and 275 splits.
Consensus tree written to alignments_no_probang_etc\recombinant_free_regions\SAT1\SAT1_901-2727_no_probang.contree
Reading input trees file alignments_no_probang_etc\recombinant_free_regions\SAT1\SAT1_901-2727_no_probang.contree
Log-likelihood of consensus tree: -24809.105

Analysis results written to: 
  IQ-TREE report:                alignments_no_probang_etc\recombinant_free_regions\SAT1\SAT1_901-2727_no_probang.iqtree
  Maximum-likelihood tree:       alignments_no_probang_etc\recombinant_free_regions\SAT1\SAT1_901-2727_no_probang.treefile
  Likelihood distances:          alignments_no_probang_etc\recombinant_free_regions\SAT1\SAT1_901-2727_no_probang.mldist

Ultrafast bootstrap approximation results written to:
  Split support values:          alignments_no_probang_etc\recombinant_free_regions\SAT1\SAT1_901-2727_no_probang.splits.nex
  Consensus tree:                alignments_no_probang_etc\recombinant_free_regions\SAT1\SAT1_901-2727_no_probang.contree
  Screen log file:               alignments_no_probang_etc\recombinant_free_regions\SAT1\SAT1_901-2727_no_probang.log

Date and Time: Thu Jan 15 15:31:26 2026
