IQ-TREE version 3.0.1 for Windows 64-bit built May  5 2025
Developed by Bui Quang Minh, Thomas Wong, Nhan Ly-Trong, Huaiyan Ren
Contributed by Lam-Tung Nguyen, Dominik Schrempf, Chris Bielow,
Olga Chernomor, Michael Woodhams, Diep Thi Hoang, Heiko Schmidt

Host:    DESKTOP-IAVMJI2 (AVX2, FMA3, 7 GB RAM)
Command: bin/iqtree3.exe -s alignments_no_probang_etc\recombinant_free_regions\SAT1\SAT1_2881-7020_no_probang.fasta -bb 1000 -m GTR+F+I+G -pre alignments_no_probang_etc\recombinant_free_regions\SAT1\SAT1_2881-7020_no_probang
Seed:    350038 (Using SPRNG - Scalable Parallel Random Number Generator)
Time:    Thu Jan 15 15:30:22 2026
Kernel:  AVX+FMA - 1 threads (8 CPU cores detected)

HINT: Use -nt option to specify number of threads because your CPU has 8 cores!
HINT: -nt AUTO will automatically determine the best number of threads to use.

Reading alignment file alignments_no_probang_etc\recombinant_free_regions\SAT1\SAT1_2881-7020_no_probang.fasta ... Fasta format detected
Reading fasta file: done in 0.0137733 secs using 113.4% CPU
Alignment most likely contains DNA/RNA sequences
Constructing alignment: done in 0.0099433 secs
WARNING: 93 sites contain only gaps or ambiguous characters.
Alignment has 85 sequences with 4236 columns, 1311 distinct patterns
1334 parsimony-informative, 268 singleton sites, 2634 constant sites
                                                        Gap/Ambiguity  Composition  p-value
Analyzing sequences: done in 0.0012472 secs
   1  JF749860/KEN/Unknown/2002/SAT1/I-NWZ/Unknown              2.27%    passed     99.38%
   2  OM863583/KEN/cattle/2013/SAT1/I-NWZ/Unknown               2.27%    passed     97.44%
   3  OM863582/KEN/cattle/2010/SAT1/I-NWZ/Unknown               2.27%    passed     87.73%
   4  MW355669/ZMB/cattle/1988/SAT1/I-NWZ/Unknown               2.27%    passed     94.00%
   5  MW355668/TZA/cattle/1980/SAT1/I-NWZ/Unknown               2.27%    passed     96.34%
   6  MT602088/TZA/cattle/2014/SAT1/I-NWZ/Unknown               2.27%    passed     93.86%
   7  MT602087/TZA/cattle/2013/SAT1/I-NWZ/Unknown               2.27%    passed     99.92%
   8  MT602086/TZA/cattle/2012/SAT1/I-NWZ/Unknown               2.27%    passed     94.21%
   9  MT602085/KEN/cattle/2013/SAT1/I-NWZ/Unknown               2.27%    passed     96.58%
  10  MN275121/CMR/cow/2016/SAT1/X/Unknown                      2.27%    passed     82.66%
  11  MN275120/CMR/cow/2016/SAT1/X/Unknown                      2.27%    passed     82.66%
  12  MN275119/CMR/cow/2016/SAT1/X/Unknown                      2.27%    passed     81.49%
  13  MN275118/CMR/cow/2016/SAT1/X/Unknown                      2.27%    passed     82.66%
  14  MN116691/KEN/cow/2016/SAT1/I-NWZ/Unknown                  2.27%    passed     91.13%
  15  MN116690/KEN/cow/2014/SAT1/I-NWZ/Unknown                  2.27%    passed     97.90%
  16  MN116689/KEN/cow/2014/SAT1/I-NWZ/Unknown                  2.27%    passed     97.77%
  17  MH053326/UGA/african-buffalo/1970/SAT1/IV-EA-1/Unknown    2.27%    passed     87.46%
  18  MH053325/UGA/cattle/1978/SAT1/VII-EA-2/Unknown            2.20%    passed     33.48%
  19  MH053324/UGA/cattle/1971/SAT1/VII-EA-2/Unknown            2.20%    passed     99.93%
  20  MH053323/TCD/cattle/1972/SAT1/VI/Unknown                  2.20%    passed     97.36%
  21  MH053322/NAM/african-buffalo/1989/SAT1/III-WZ/Unknown     2.27%    passed     95.22%
  22  MH053321/MOZ/cattle/1981/SAT1/ASIA/Unknown                2.27%    passed     99.32%
  23  MH053320/KEN/cattle/1983/SAT1/I-NWZ/Unknown               2.27%    passed     83.02%
  24  MF678826/NER/cow/2015/SAT1/X/Unknown                      2.27%    passed     92.42%
  25  MF678825/NER/cow/2015/SAT1/X/Unknown                      2.27%    passed     92.42%
  26  MF678824/NER/cow/2015/SAT1/X/Unknown                      2.27%    passed     87.45%
  27  MF678823/NER/cow/2015/SAT1/X/Unknown                      2.27%    passed     88.69%
  28  KU821590/NAM/cow/2010/SAT1/III-WZ/Unknown                 2.27%    passed     85.58%
  29  KM268899/TZA/cattle/2012/SAT1/I-NWZ/Unknown               2.27%    passed     93.47%
  30  HM067706/UGA/african-buffalo/2007/SAT1/IV-EA-1/Unknown    2.27%    passed     86.19%
  31  AY593846/ZWE/Unknown/1966/SAT1/ASIA/Unknown               2.27%    passed     98.18%
  32  AY593845/BWA/Unknown/1968/SAT1/III-WZ/Unknown             2.27%    passed     95.53%
  33  AY593844/ISR/Unknown/1962/SAT1/VI/Unknown                 2.20%    passed     72.61%
  34  AY593843/NAM/Unknown/1940/SAT1/III-WZ/Unknown             2.27%    passed     95.88%
  35  AY593842/ZAF/Unknown/1961/SAT1/III-WZ/Unknown             2.27%    passed     87.86%
  36  AY593841/ZWE/Unknown/1958/SAT1/III-WZ/Unknown             2.27%    passed     97.48%
  37  AY593840/NAM/Unknown/1949/SAT1/III-WZ/Unknown             2.27%    passed     70.11%
  38  AY593838/BWA/Unknown/1970/SAT1/III-WZ/Unknown             2.27%    passed     84.52%
  39  OM562602/KEN/cow/2014/SAT1/I-NWZ/Unknown                  2.27%    passed     97.90%
  40  OM562601/KEN/cow/2014/SAT1/I-NWZ/Unknown                  2.27%    passed     97.77%
  41  OM562591/KEN/cow/2016/SAT1/I-NWZ/Unknown                  2.27%    passed     96.56%
  42  OM562590/KEN/cow/2016/SAT1/I-NWZ/Unknown                  2.27%    passed     99.98%
  43  OM562576/KEN/cow/2016/SAT1/I-NWZ/Unknown                  2.27%    passed     94.02%
  44  OM562571/KEN/cow/2016/SAT1/I-NWZ/Unknown                  2.27%    passed     99.40%
  45  OM562566/KEN/cow/2016/SAT1/I-NWZ/Unknown                  2.27%    passed     99.25%
  46  OM562565/KEN/cow/2016/SAT1/I-NWZ/Unknown                  2.27%    passed     96.30%
  47  OM562563/KEN/cow/2016/SAT1/I-NWZ/Unknown                  2.27%    passed     96.77%
  48  OM562560/KEN/cow/2016/SAT1/I-NWZ/Unknown                  2.27%    passed     99.56%
  49  OM562559/KEN/cow/2016/SAT1/I-NWZ/Unknown                  2.27%    passed     98.43%
  50  OM562558/KEN/cow/2016/SAT1/I-NWZ/Unknown                  2.27%    passed     99.95%
  51  OM562557/KEN/cow/2016/SAT1/I-NWZ/Unknown                  2.27%    passed     98.00%
  52  OM562556/KEN/cow/2016/SAT1/I-NWZ/Unknown                  2.27%    passed     92.94%
  53  OM562555/KEN/cow/2016/SAT1/I-NWZ/Unknown                  2.27%    passed     97.63%
  54  OM562547/KEN/cow/2016/SAT1/I-NWZ/Unknown                  2.27%    passed     90.37%
  55  OM562546/KEN/cow/2016/SAT1/I-NWZ/Unknown                  2.27%    passed     99.43%
  56  OM562545/KEN/cow/2016/SAT1/I-NWZ/Unknown                  2.27%    passed     99.28%
  57  OM562542/KEN/cow/2016/SAT1/I-NWZ/Unknown                  2.27%    passed     94.93%
  58  OM562541/KEN/cow/2016/SAT1/I-NWZ/Unknown                  2.27%    passed     93.82%
  59  OM562540/KEN/cow/2016/SAT1/I-NWZ/Unknown                  2.27%    passed     93.82%
  60  OM562539/KEN/cow/2016/SAT1/I-NWZ/Unknown                  2.27%    passed     93.82%
  61  OM562538/KEN/cow/2016/SAT1/I-NWZ/Unknown                  2.27%    passed     94.74%
  62  OM562537/KEN/cow/2016/SAT1/I-NWZ/Unknown                  2.27%    passed     93.82%
  63  OM562536/KEN/cow/2016/SAT1/I-NWZ/Unknown                  2.27%    passed     93.82%
  64  OM562535/KEN/cow/2016/SAT1/I-NWZ/Unknown                  2.27%    passed     94.74%
  65  OM562534/KEN/cow/2016/SAT1/I-NWZ/Unknown                  2.27%    passed     99.12%
  66  OM562533/KEN/cow/2016/SAT1/I-NWZ/Unknown                  2.27%    passed     99.54%
  67  OM562532/KEN/cow/2016/SAT1/I-NWZ/Unknown                  2.27%    passed     99.54%
  68  OM562531/KEN/cow/2016/SAT1/I-NWZ/Unknown                  2.27%    passed     99.12%
  69  OM562530/KEN/cow/2016/SAT1/I-NWZ/Unknown                  2.27%    passed     99.58%
  70  OM562529/KEN/cow/2016/SAT1/I-NWZ/Unknown                  2.27%    passed     99.58%
  71  OM562528/KEN/cow/2016/SAT1/I-NWZ/Unknown                  2.27%    passed     99.12%
  72  OM562527/KEN/cow/2016/SAT1/I-NWZ/Unknown                  2.27%    passed     99.12%
  73  OM562526/KEN/cow/2016/SAT1/I-NWZ/Unknown                  2.27%    passed     99.54%
  74  OM562525/KEN/cow/2016/SAT1/I-NWZ/Unknown                  2.27%    passed     99.70%
  75  OM562524/KEN/cow/2016/SAT1/I-NWZ/Unknown                  2.27%    passed     99.82%
  76  OM562523/KEN/cow/2016/SAT1/I-NWZ/Unknown                  2.27%    passed     99.82%
  77  OM562522/KEN/cow/2016/SAT1/I-NWZ/Unknown                  2.27%    passed     99.82%
  78  OM562521/KEN/cow/2016/SAT1/I-NWZ/Unknown                  2.27%    passed     99.70%
  79  OM562520/KEN/cow/2016/SAT1/I-NWZ/Unknown                  2.27%    passed     99.82%
  80  OM562519/KEN/cow/2016/SAT1/I-NWZ/Unknown                  2.27%    passed     99.73%
  81  OM562518/KEN/cow/2016/SAT1/I-NWZ/Unknown                  2.27%    passed     99.82%
  82  OM562517/KEN/cow/2016/SAT1/I-NWZ/Unknown                  2.27%    passed     99.82%
  83  OM562516/KEN/cow/2016/SAT1/I-NWZ/Unknown                  2.27%    passed     99.82%
  84  OM562515/KEN/cow/2016/SAT1/I-NWZ/Unknown                  2.27%    passed     99.82%
  85  OM562514/KEN/cow/2016/SAT1/I-NWZ/Unknown                  2.27%    passed     99.82%
****  TOTAL                                                     2.26%  0 sequences failed composition chi2 test (p-value<5%; df=3)
NOTE: MN275120/CMR/cow/2016/SAT1/X/Unknown is identical to MN275121/CMR/cow/2016/SAT1/X/Unknown but kept for subsequent analysis
NOTE: OM562602/KEN/cow/2014/SAT1/I-NWZ/Unknown is identical to MN116690/KEN/cow/2014/SAT1/I-NWZ/Unknown but kept for subsequent analysis
NOTE: OM562601/KEN/cow/2014/SAT1/I-NWZ/Unknown is identical to MN116689/KEN/cow/2014/SAT1/I-NWZ/Unknown but kept for subsequent analysis
NOTE: MF678825/NER/cow/2015/SAT1/X/Unknown is identical to MF678826/NER/cow/2015/SAT1/X/Unknown but kept for subsequent analysis
NOTE: OM562540/KEN/cow/2016/SAT1/I-NWZ/Unknown is identical to OM562541/KEN/cow/2016/SAT1/I-NWZ/Unknown but kept for subsequent analysis
NOTE: OM562531/KEN/cow/2016/SAT1/I-NWZ/Unknown is identical to OM562534/KEN/cow/2016/SAT1/I-NWZ/Unknown but kept for subsequent analysis
NOTE: OM562532/KEN/cow/2016/SAT1/I-NWZ/Unknown is identical to OM562533/KEN/cow/2016/SAT1/I-NWZ/Unknown but kept for subsequent analysis
NOTE: OM562529/KEN/cow/2016/SAT1/I-NWZ/Unknown is identical to OM562530/KEN/cow/2016/SAT1/I-NWZ/Unknown but kept for subsequent analysis
NOTE: OM562523/KEN/cow/2016/SAT1/I-NWZ/Unknown is identical to OM562524/KEN/cow/2016/SAT1/I-NWZ/Unknown but kept for subsequent analysis
Checking for duplicate sequences: done in 0.148876 secs
Identifying sites to remove: done in 0.0148362 secs using 105.3% CPU
NOTE: 14 identical sequences (see below) will be ignored for subsequent analysis
NOTE: MN275118/CMR/cow/2016/SAT1/X/Unknown (identical to MN275121/CMR/cow/2016/SAT1/X/Unknown) is ignored but added at the end
NOTE: OM562539/KEN/cow/2016/SAT1/I-NWZ/Unknown (identical to OM562541/KEN/cow/2016/SAT1/I-NWZ/Unknown) is ignored but added at the end
NOTE: OM562537/KEN/cow/2016/SAT1/I-NWZ/Unknown (identical to OM562541/KEN/cow/2016/SAT1/I-NWZ/Unknown) is ignored but added at the end
NOTE: OM562536/KEN/cow/2016/SAT1/I-NWZ/Unknown (identical to OM562541/KEN/cow/2016/SAT1/I-NWZ/Unknown) is ignored but added at the end
NOTE: OM562528/KEN/cow/2016/SAT1/I-NWZ/Unknown (identical to OM562534/KEN/cow/2016/SAT1/I-NWZ/Unknown) is ignored but added at the end
NOTE: OM562527/KEN/cow/2016/SAT1/I-NWZ/Unknown (identical to OM562534/KEN/cow/2016/SAT1/I-NWZ/Unknown) is ignored but added at the end
NOTE: OM562526/KEN/cow/2016/SAT1/I-NWZ/Unknown (identical to OM562533/KEN/cow/2016/SAT1/I-NWZ/Unknown) is ignored but added at the end
NOTE: OM562522/KEN/cow/2016/SAT1/I-NWZ/Unknown (identical to OM562524/KEN/cow/2016/SAT1/I-NWZ/Unknown) is ignored but added at the end
NOTE: OM562520/KEN/cow/2016/SAT1/I-NWZ/Unknown (identical to OM562524/KEN/cow/2016/SAT1/I-NWZ/Unknown) is ignored but added at the end
NOTE: OM562518/KEN/cow/2016/SAT1/I-NWZ/Unknown (identical to OM562524/KEN/cow/2016/SAT1/I-NWZ/Unknown) is ignored but added at the end
NOTE: OM562517/KEN/cow/2016/SAT1/I-NWZ/Unknown (identical to OM562524/KEN/cow/2016/SAT1/I-NWZ/Unknown) is ignored but added at the end
NOTE: OM562516/KEN/cow/2016/SAT1/I-NWZ/Unknown (identical to OM562524/KEN/cow/2016/SAT1/I-NWZ/Unknown) is ignored but added at the end
NOTE: OM562515/KEN/cow/2016/SAT1/I-NWZ/Unknown (identical to OM562524/KEN/cow/2016/SAT1/I-NWZ/Unknown) is ignored but added at the end
NOTE: OM562514/KEN/cow/2016/SAT1/I-NWZ/Unknown (identical to OM562524/KEN/cow/2016/SAT1/I-NWZ/Unknown) is ignored but added at the end
Alignment was printed to alignments_no_probang_etc\recombinant_free_regions\SAT1\SAT1_2881-7020_no_probang.uniqueseq.phy

For your convenience alignment with unique sequences printed to alignments_no_probang_etc\recombinant_free_regions\SAT1\SAT1_2881-7020_no_probang.uniqueseq.phy
Creating fast initial parsimony tree by random order stepwise addition...
0.023 seconds, parsimony score: 6236 (based on 1602 sites)
Generating 1000 samples for ultrafast bootstrap (seed: 350038)...

NOTE: 17 MB RAM (0 GB) is required!
Estimate model parameters (epsilon = 0.100)
Thoroughly optimizing +I+G parameters from 10 start values...
Init pinv, alpha: 0.000, 1.000 / Estimate: 0.000, 0.221 / LogL: -34838.688
Init pinv, alpha: 0.069, 1.000 / Estimate: 0.470, 0.559 / LogL: -34655.542
Init pinv, alpha: 0.138, 1.000 / Estimate: 0.469, 0.558 / LogL: -34655.566
Init pinv, alpha: 0.207, 1.000 / Estimate: 0.469, 0.558 / LogL: -34655.570
Init pinv, alpha: 0.276, 1.000 / Estimate: 0.469, 0.558 / LogL: -34655.567
Init pinv, alpha: 0.345, 1.000 / Estimate: 0.468, 0.557 / LogL: -34655.595
Init pinv, alpha: 0.415, 1.000 / Estimate: 0.469, 0.558 / LogL: -34655.580
Init pinv, alpha: 0.484, 1.000 / Estimate: 0.477, 0.576 / LogL: -34655.466
Init pinv, alpha: 0.553, 1.000 / Estimate: 0.484, 0.591 / LogL: -34655.606
Init pinv, alpha: 0.622, 1.000 / Estimate: 0.483, 0.589 / LogL: -34655.622
Optimal pinv,alpha: 0.477, 0.576 / LogL: -34655.466

Parameters optimization took 51.394 sec
Wrote distance file to... 
Computing ML distances based on estimated model parameters...
Calculating distance matrix: done in 0.0685451 secs using 114% CPU
Computing ML distances took 0.076923 sec (of wall-clock time) 0.078125 sec (of CPU time)
Setting up auxiliary I and S matrices: done in 0.0002487 secs
Constructing RapidNJ tree: done in 0.0006703 secs
Computing RapidNJ tree took 0.008343 sec (of wall-clock time) 0.000000 sec (of CPU time)
Log-likelihood of RapidNJ tree: -34697.868
--------------------------------------------------------------------
|             INITIALIZING CANDIDATE TREE SET                      |
--------------------------------------------------------------------
Generating 98 parsimony trees... 2.331 second
Computing log-likelihood of 98 initial trees ... 6.140 seconds
Current best score: -34649.113

Do NNI search on 20 best initial trees
Optimizing NNI: done in 1.29785 secs using 97.52% CPU
Estimate model parameters (epsilon = 0.100)
BETTER TREE FOUND at iteration 1: -34560.565
Optimizing NNI: done in 1.64405 secs using 98.84% CPU
Estimate model parameters (epsilon = 0.100)
BETTER TREE FOUND at iteration 2: -34559.694
Optimizing NNI: done in 1.61828 secs using 94.62% CPU
Optimizing NNI: done in 1.65649 secs using 97.16% CPU
Optimizing NNI: done in 1.55831 secs using 98.26% CPU
Optimizing NNI: done in 2.26379 secs using 78.68% CPU
Estimate model parameters (epsilon = 0.100)
BETTER TREE FOUND at iteration 6: -34557.664
Optimizing NNI: done in 1.88998 secs using 90.11% CPU
Optimizing NNI: done in 1.54263 secs using 93.19% CPU
Optimizing NNI: done in 1.47508 secs using 98.51% CPU
Optimizing NNI: done in 1.61095 secs using 98.93% CPU
Iteration 10 / LogL: -34560.991 / Time: 0h:1m:18s
Optimizing NNI: done in 1.45115 secs using 99.06% CPU
Optimizing NNI: done in 1.08805 secs using 100.5% CPU
Optimizing NNI: done in 1.37378 secs using 97.81% CPU
Optimizing NNI: done in 1.47721 secs using 97.31% CPU
Optimizing NNI: done in 2.30731 secs using 90.07% CPU
Estimate model parameters (epsilon = 0.100)
BETTER TREE FOUND at iteration 15: -34553.167
Optimizing NNI: done in 2.19127 secs using 71.31% CPU
Optimizing NNI: done in 1.97681 secs using 84.57% CPU
Optimizing NNI: done in 1.80274 secs using 97.94% CPU
Optimizing NNI: done in 2.00217 secs using 89.75% CPU
Optimizing NNI: done in 1.69997 secs using 92.83% CPU
Iteration 20 / LogL: -34602.493 / Time: 0h:1m:36s
Finish initializing candidate tree set (20)
Current best tree score: -34553.167 / CPU time: 44.260
Number of iterations: 20
--------------------------------------------------------------------
|               OPTIMIZING CANDIDATE TREE SET                      |
--------------------------------------------------------------------
Optimizing NNI: done in 1.85526 secs using 81.69% CPU
Optimizing NNI: done in 1.26735 secs using 83.84% CPU
Optimizing NNI: done in 1.248 secs using 81.38% CPU
UPDATE BEST LOG-LIKELIHOOD: -34553.166
Optimizing NNI: done in 1.40978 secs using 90.88% CPU
Optimizing NNI: done in 1.42039 secs using 82.5% CPU
Optimizing NNI: done in 0.906018 secs using 89.68% CPU
Optimizing NNI: done in 1.20855 secs using 80.16% CPU
Optimizing NNI: done in 1.8948 secs using 62.67% CPU
Optimizing NNI: done in 1.79361 secs using 72.31% CPU
Optimizing NNI: done in 1.41908 secs using 96.89% CPU
Iteration 30 / LogL: -34557.744 / Time: 0h:1m:53s (0h:5m:31s left)
Optimizing NNI: done in 1.1862 secs using 96.16% CPU
Optimizing NNI: done in 1.25368 secs using 97.21% CPU
Optimizing NNI: done in 1.1703 secs using 98.8% CPU
Optimizing NNI: done in 1.28739 secs using 94.67% CPU
Optimizing NNI: done in 1.42676 secs using 99.66% CPU
Optimizing NNI: done in 1.21865 secs using 98.73% CPU
Estimate model parameters (epsilon = 0.100)
BETTER TREE FOUND at iteration 36: -34551.028
Optimizing NNI: done in 1.08847 secs using 96.18% CPU
BETTER TREE FOUND at iteration 37: -34551.027
Optimizing NNI: done in 1.33496 secs using 100.7% CPU
Optimizing NNI: done in 0.905002 secs using 98.41% CPU
Optimizing NNI: done in 1.11351 secs using 99.63% CPU
Iteration 40 / LogL: -34551.685 / Time: 0h:2m:5s (0h:5m:12s left)
Optimizing NNI: done in 1.02705 secs using 98.89% CPU
Optimizing NNI: done in 1.09752 secs using 98.23% CPU
Optimizing NNI: done in 1.17431 secs using 97.13% CPU
Optimizing NNI: done in 1.28767 secs using 98.29% CPU
Optimizing NNI: done in 0.992816 secs using 100.7% CPU
Optimizing NNI: done in 1.03729 secs using 99.42% CPU
Optimizing NNI: done in 0.952707 secs using 98.4% CPU
Optimizing NNI: done in 1.12332 secs using 100.1% CPU
Optimizing NNI: done in 0.784789 secs using 95.57% CPU
Optimizing NNI: done in 1.28633 secs using 97.18% CPU
Iteration 50 / LogL: -34552.319 / Time: 0h:2m:16s (0h:4m:2s left)
Log-likelihood cutoff on original alignment: -34623.506
Optimizing NNI: done in 1.02438 secs using 100.7% CPU
Optimizing NNI: done in 1.30146 secs using 97.25% CPU
Optimizing NNI: done in 1.07638 secs using 98.71% CPU
Optimizing NNI: done in 1.12596 secs using 99.91% CPU
Optimizing NNI: done in 0.898827 secs using 100.8% CPU
Optimizing NNI: done in 1.17208 secs using 99.98% CPU
Optimizing NNI: done in 1.07705 secs using 95.75% CPU
Optimizing NNI: done in 1.24025 secs using 100.8% CPU
Optimizing NNI: done in 1.40088 secs using 98.15% CPU
Optimizing NNI: done in 1.18908 secs using 98.55% CPU
Iteration 60 / LogL: -34551.033 / Time: 0h:2m:29s (0h:3m:14s left)
Optimizing NNI: done in 1.67633 secs using 97.87% CPU
Optimizing NNI: done in 1.09877 secs using 99.54% CPU
Optimizing NNI: done in 1.02695 secs using 98.9% CPU
Optimizing NNI: done in 1.36538 secs using 99.56% CPU
Optimizing NNI: done in 1.24274 secs using 99.33% CPU
Optimizing NNI: done in 1.35503 secs using 98.01% CPU
Optimizing NNI: done in 1.06351 secs using 98.44% CPU
Optimizing NNI: done in 1.39369 secs using 97.54% CPU
Optimizing NNI: done in 1.27186 secs using 98.28% CPU
Optimizing NNI: done in 1.32442 secs using 99.1% CPU
Iteration 70 / LogL: -34552.703 / Time: 0h:2m:42s (0h:2m:37s left)
Optimizing NNI: done in 1.20627 secs using 98.44% CPU
Optimizing NNI: done in 1.11593 secs using 98.01% CPU
Optimizing NNI: done in 1.22687 secs using 99.34% CPU
Optimizing NNI: done in 0.93386 secs using 97.04% CPU
Optimizing NNI: done in 1.68535 secs using 100.1% CPU
Optimizing NNI: done in 1.22429 secs using 99.55% CPU
Optimizing NNI: done in 1.33205 secs using 97.36% CPU
Optimizing NNI: done in 1.39798 secs using 99.47% CPU
Optimizing NNI: done in 1.20759 secs using 98.34% CPU
Optimizing NNI: done in 0.977146 secs using 97.54% CPU
Iteration 80 / LogL: -34780.703 / Time: 0h:2m:54s (0h:2m:6s left)
Optimizing NNI: done in 1.53541 secs using 93.62% CPU
Optimizing NNI: done in 1.41934 secs using 91.37% CPU
Optimizing NNI: done in 1.30755 secs using 96.79% CPU
Optimizing NNI: done in 1.36598 secs using 96.08% CPU
Optimizing NNI: done in 1.64771 secs using 89.14% CPU
Optimizing NNI: done in 1.3216 secs using 96.95% CPU
Optimizing NNI: done in 1.3027 secs using 97.15% CPU
Optimizing NNI: done in 1.27371 secs using 98.14% CPU
Optimizing NNI: done in 0.947752 secs using 100.6% CPU
Optimizing NNI: done in 1.27709 secs using 100.3% CPU
Iteration 90 / LogL: -34552.582 / Time: 0h:3m:8s (0h:1m:39s left)
Optimizing NNI: done in 1.16757 secs using 99.03% CPU
Optimizing NNI: done in 1.18827 secs using 99.94% CPU
Optimizing NNI: done in 1.26618 secs using 99.96% CPU
Optimizing NNI: done in 1.13621 secs using 99.01% CPU
Optimizing NNI: done in 1.77489 secs using 95.08% CPU
Optimizing NNI: done in 1.21204 secs using 97.97% CPU
Optimizing NNI: done in 0.867859 secs using 99.02% CPU
Optimizing NNI: done in 1.20925 secs using 98.2% CPU
Optimizing NNI: done in 1.01976 secs using 99.59% CPU
Optimizing NNI: done in 1.04126 secs using 100.5% CPU
Iteration 100 / LogL: -34778.511 / Time: 0h:3m:20s (0h:1m:15s left)
Log-likelihood cutoff on original alignment: -34623.506
NOTE: Bootstrap correlation coefficient of split occurrence frequencies: 0.996
Optimizing NNI: done in 1.37457 secs using 96.62% CPU
Optimizing NNI: done in 0.774083 secs using 98.91% CPU
Optimizing NNI: done in 1.27892 secs using 98.96% CPU
Optimizing NNI: done in 1.37909 secs using 99.7% CPU
Optimizing NNI: done in 1.47267 secs using 99.73% CPU
Optimizing NNI: done in 1.31353 secs using 95.16% CPU
Optimizing NNI: done in 1.33404 secs using 98.39% CPU
Optimizing NNI: done in 1.55457 secs using 98.5% CPU
Optimizing NNI: done in 1.41373 secs using 99.47% CPU
Optimizing NNI: done in 1.0246 secs using 96.07% CPU
Iteration 110 / LogL: -34778.466 / Time: 0h:3m:34s (0h:2m:57s left)
Optimizing NNI: done in 1.31346 secs using 91.6% CPU
Optimizing NNI: done in 1.79301 secs using 97.6% CPU
Optimizing NNI: done in 1.51989 secs using 97.66% CPU
Optimizing NNI: done in 1.42519 secs using 95.38% CPU
Optimizing NNI: done in 0.869504 secs using 97.04% CPU
Optimizing NNI: done in 0.908419 secs using 99.76% CPU
Optimizing NNI: done in 1.22011 secs using 98.61% CPU
Optimizing NNI: done in 1.10133 secs using 100.7% CPU
Optimizing NNI: done in 1.2784 secs using 100.2% CPU
Optimizing NNI: done in 1.05932 secs using 98.82% CPU
Iteration 120 / LogL: -34552.459 / Time: 0h:3m:47s (0h:2m:32s left)
Optimizing NNI: done in 1.44542 secs using 97.29% CPU
Optimizing NNI: done in 0.863307 secs using 97.73% CPU
Optimizing NNI: done in 1.07794 secs using 100% CPU
Optimizing NNI: done in 1.27273 secs using 99.44% CPU
Optimizing NNI: done in 1.28245 secs using 99.91% CPU
Optimizing NNI: done in 1.24716 secs using 100.2% CPU
Optimizing NNI: done in 1.43491 secs using 100.2% CPU
Optimizing NNI: done in 1.07673 secs using 97.23% CPU
Optimizing NNI: done in 1.24378 secs using 100.5% CPU
Optimizing NNI: done in 0.845638 secs using 99.78% CPU
Iteration 130 / LogL: -34551.027 / Time: 0h:3m:59s (0h:2m:9s left)
Optimizing NNI: done in 1.13965 secs using 100.1% CPU
UPDATE BEST LOG-LIKELIHOOD: -34551.027
Optimizing NNI: done in 0.964349 secs using 98.84% CPU
Optimizing NNI: done in 1.3612 secs using 97.57% CPU
Optimizing NNI: done in 1.10194 secs using 100.7% CPU
Optimizing NNI: done in 1.40313 secs using 95.77% CPU
Optimizing NNI: done in 0.731597 secs using 98.24% CPU
Optimizing NNI: done in 1.34885 secs using 97.31% CPU
Optimizing NNI: done in 0.95345 secs using 99.97% CPU
TREE SEARCH COMPLETED AFTER 138 ITERATIONS / Time: 0h:4m:8s

--------------------------------------------------------------------
|                    FINALIZING TREE SEARCH                        |
--------------------------------------------------------------------
Performs final model parameters optimization
Estimate model parameters (epsilon = 0.010)
1. Initial log-likelihood: -34551.027
2. Current log-likelihood: -34551.005
Optimal log-likelihood: -34551.001
Rate parameters:  A-C: 1.42788  A-G: 8.06466  A-T: 1.58391  C-G: 0.74231  C-T: 13.69198  G-T: 1.00000
Base frequencies:  A: 0.256  C: 0.276  G: 0.257  T: 0.212
Proportion of invariable sites: 0.471
Gamma shape alpha: 0.568
Parameters optimization took 2 rounds (0.342 sec)
BEST SCORE FOUND : -34551.001
Creating bootstrap support values...
Split supports printed to NEXUS file alignments_no_probang_etc\recombinant_free_regions\SAT1\SAT1_2881-7020_no_probang.splits.nex
Total tree length: 2.585

Total number of iterations: 138
CPU time used for tree search: 184.938 sec (0h:3m:4s)
Wall-clock time used for tree search: 196.420 sec (0h:3m:16s)
Total CPU time used: 231.953 sec (0h:3m:51s)
Total wall-clock time used: 249.733 sec (0h:4m:9s)

Computing bootstrap consensus tree...
Reading input file alignments_no_probang_etc\recombinant_free_regions\SAT1\SAT1_2881-7020_no_probang.splits.nex...
71 taxa and 391 splits.
Consensus tree written to alignments_no_probang_etc\recombinant_free_regions\SAT1\SAT1_2881-7020_no_probang.contree
Reading input trees file alignments_no_probang_etc\recombinant_free_regions\SAT1\SAT1_2881-7020_no_probang.contree
Log-likelihood of consensus tree: -34553.048

Analysis results written to: 
  IQ-TREE report:                alignments_no_probang_etc\recombinant_free_regions\SAT1\SAT1_2881-7020_no_probang.iqtree
  Maximum-likelihood tree:       alignments_no_probang_etc\recombinant_free_regions\SAT1\SAT1_2881-7020_no_probang.treefile
  Likelihood distances:          alignments_no_probang_etc\recombinant_free_regions\SAT1\SAT1_2881-7020_no_probang.mldist

Ultrafast bootstrap approximation results written to:
  Split support values:          alignments_no_probang_etc\recombinant_free_regions\SAT1\SAT1_2881-7020_no_probang.splits.nex
  Consensus tree:                alignments_no_probang_etc\recombinant_free_regions\SAT1\SAT1_2881-7020_no_probang.contree
  Screen log file:               alignments_no_probang_etc\recombinant_free_regions\SAT1\SAT1_2881-7020_no_probang.log

Date and Time: Thu Jan 15 15:34:35 2026
