IQ-TREE version 3.0.1 for Windows 64-bit built May  5 2025
Developed by Bui Quang Minh, Thomas Wong, Nhan Ly-Trong, Huaiyan Ren
Contributed by Lam-Tung Nguyen, Dominik Schrempf, Chris Bielow,
Olga Chernomor, Michael Woodhams, Diep Thi Hoang, Heiko Schmidt

Host:    DESKTOP-IAVMJI2 (AVX2, FMA3, 7 GB RAM)
Command: bin/iqtree3.exe -s alignments_no_probang_etc\recombinant_free_regions\SAT2\SAT2_4283-7008_no_probang.fasta -bb 1000 -m GTR+F+I+G -pre alignments_no_probang_etc\recombinant_free_regions\SAT2\SAT2_4283-7008_no_probang
Seed:    930266 (Using SPRNG - Scalable Parallel Random Number Generator)
Time:    Thu Jan 15 15:36:56 2026
Kernel:  AVX+FMA - 1 threads (8 CPU cores detected)

HINT: Use -nt option to specify number of threads because your CPU has 8 cores!
HINT: -nt AUTO will automatically determine the best number of threads to use.

Reading alignment file alignments_no_probang_etc\recombinant_free_regions\SAT2\SAT2_4283-7008_no_probang.fasta ... Fasta format detected
Reading fasta file: done in 0.0132061 secs using 118.3% CPU
Alignment most likely contains DNA/RNA sequences
Constructing alignment: done in 0.0071939 secs using 217.2% CPU
WARNING: 69 sites contain only gaps or ambiguous characters.
Alignment has 142 sequences with 2798 columns, 1026 distinct patterns
965 parsimony-informative, 165 singleton sites, 1668 constant sites
                                                    Gap/Ambiguity  Composition  p-value
Analyzing sequences: done in 0.0005906 secs
   1  JF749864/ZWE/Unknown/2003/SAT2/I/Unknown              2.57%    passed     81.94%
   2  JF749862/UGA/Unknown/2002/SAT2/X/Unknown              2.57%    passed     93.97%
   3  JF749861/KEN/Unknown/2002/SAT2/IV/Unknown             2.57%    passed     93.27%
   4  KC440884/EGY/Unknown/2012/SAT2/VII/Unknown            2.57%    passed     94.90%
   5  OQ557397/ETH/cow/2022/SAT2/XIV/Unknown                2.47%    passed     93.02%
   6  OQ557396/ETH/cattle/1991/SAT2/XIV/Unknown             2.57%    passed     98.30%
   7  OQ401874/NER/cattle/2020/SAT2/VII/Unknown             2.57%    passed     90.28%
   8  OQ401873/NER/cattle/2020/SAT2/VII/Unknown             2.57%    passed     93.43%
   9  OQ401872/NER/cattle/2020/SAT2/VII/Unknown             2.47%    passed     95.68%
  10  OQ401871/NER/cattle/2020/SAT2/VII/Unknown             2.57%    passed     91.95%
  11  OQ401869/NER/cattle/2020/SAT2/VII/Unknown             2.57%    passed     96.24%
  12  OQ401868/NER/cattle/2020/SAT2/VII/Unknown             2.57%    passed     94.24%
  13  OQ401867/NER/cattle/2020/SAT2/VII/Unknown             2.57%    passed     95.16%
  14  OQ401866/NER/cattle/2020/SAT2/VII/Unknown             2.47%    passed     93.48%
  15  OQ401865/NER/cattle/2020/SAT2/VII/Unknown             2.47%    passed     94.52%
  16  MW355673/ZWE/cattle/1989/SAT2/II/Unknown              2.57%    passed     88.84%
  17  MW355671/MOZ/Unknown/1970/SAT2/I/Unknown              2.57%    passed     94.59%
  18  MW715629/NER/cow/2017/SAT2/VII/Unknown                2.57%    passed     94.04%
  19  MW715628/NER/cow/2017/SAT2/VII/Unknown                2.57%    passed     94.30%
  20  MW715627/NER/cow/2017/SAT2/VII/Unknown                2.57%    passed     94.92%
  21  MW715626/NER/cow/2017/SAT2/VII/Unknown                2.57%    passed     96.36%
  22  MW715624/NER/cow/2017/SAT2/VII/Unknown                2.57%    passed     95.81%
  23  MW715623/NER/cow/2017/SAT2/VII/Unknown                2.57%    passed     92.16%
  24  MW715622/NER/cow/2018/SAT2/VII/Unknown                2.57%    passed     94.44%
  25  MT602092/KEN/cattle/2017/SAT2/IV/Unknown              2.57%    passed     99.49%
  26  MT602090/ETH/cattle/2015/SAT2/VII/Unknown             2.47%    passed     79.98%
  27  MT602089/EGY/cattle/2018/SAT2/VII/Unknown             2.57%    passed     89.36%
  28  MN103523/NER/cow/2014/SAT2/VII/Unknown                2.57%    passed     81.69%
  29  MN116692/KEN/cow/2014/SAT2/IV/Unknown                 2.57%    passed     97.85%
  30  MH053335/ZWE/cattle/1965/SAT2/I/Unknown               2.57%    passed     47.78%
  31  MH053334/ZMB/cattle/1964/SAT2/III/Unknown             2.57%    passed     95.90%
  32  MH053333/ETH/cattle/1989/SAT2/IV/Unknown              2.57%    passed     90.67%
  33  MH053332/BWA/african-buffalo/1974/SAT2/II/Unknown     2.57%    passed     90.50%
  34  MH053331/BWA/african-buffalo/1972/SAT2/II/Unknown     2.57%    passed     94.06%
  35  MH053328/BWA/african-buffalo/1968/SAT2/III/Unknown    2.57%    passed     92.76%
  36  KU821592/ZMB/cow/2009/SAT2/III/Unknown                2.57%    passed     95.26%
  37  KM268900/TZA/cattle/2012/SAT2/IV/Unknown              2.57%    passed     99.61%
  38  JX014256/PSE/cattle/2012/SAT2/VII/Unknown             2.57%    passed     94.69%
  39  JX014255/EGY/Unknown/2012/SAT2/VII/Unknown            2.57%    passed     94.87%
  40  HM067705/UGA/african-buffalo/2007/SAT2/X/Unknown      2.57%    passed     68.60%
  41  HM067704/UGA/african-buffalo/2007/SAT2/X/Unknown      2.57%    passed     60.98%
  42  AY593849/KEN/Unknown/1960/SAT2/IX/Unknown             2.57%    passed     97.77%
  43  AY593848/Unknown/Unknown/1967/SAT2/I/Unknown          2.57%    passed     97.88%
  44  AY593847/ZWE/Unknown/1948/SAT2/III/Unknown            2.57%    passed     87.03%
  45  AJ251473/KEN/Unknown/1957/SAT2/IX/Unknown             2.57%    passed     98.26%
  46  OM562600/KEN/cow/2016/SAT2/IV/Unknown                 2.57%    passed     85.19%
  47  OM562599/KEN/cow/2016/SAT2/IV/Unknown                 2.57%    passed     85.46%
  48  OM562598/KEN/cow/2016/SAT2/IV/Unknown                 2.57%    passed     95.15%
  49  OM562597/KEN/cow/2016/SAT2/IV/Unknown                 2.57%    passed     91.16%
  50  OM562596/KEN/cow/2016/SAT2/IV/Unknown                 2.57%    passed     90.91%
  51  OM562595/KEN/cow/2016/SAT2/IV/Unknown                 2.57%    passed     91.38%
  52  OM562593/KEN/cow/2016/SAT2/IV/Unknown                 2.57%    passed     99.19%
  53  OM562592/KEN/cow/2016/SAT2/IV/Unknown                 2.57%    passed     97.78%
  54  OM562589/KEN/cow/2016/SAT2/IV/Unknown                 2.57%    passed     98.85%
  55  OM562588/KEN/cow/2016/SAT2/IV/Unknown                 2.57%    passed     99.41%
  56  OM562587/KEN/cow/2016/SAT2/IV/Unknown                 2.57%    passed     99.67%
  57  OM562586/KEN/cow/2016/SAT2/IV/Unknown                 2.57%    passed     95.37%
  58  OM562585/KEN/cow/2016/SAT2/IV/Unknown                 2.57%    passed     98.71%
  59  OM562584/KEN/cow/2016/SAT2/IV/Unknown                 2.57%    passed     98.65%
  60  OM562583/KEN/cow/2016/SAT2/IV/Unknown                 2.57%    passed     99.89%
  61  OM562581/KEN/cow/2016/SAT2/IV/Unknown                 2.57%    passed     98.37%
  62  OM562580/KEN/cow/2016/SAT2/IV/Unknown                 2.57%    passed     99.35%
  63  OM562578/KEN/cow/2016/SAT2/IV/Unknown                 2.57%    passed     99.94%
  64  OM562577/KEN/cow/2016/SAT2/IV/Unknown                 2.57%    passed     99.86%
  65  OM562575/KEN/cow/2016/SAT2/IV/Unknown                 2.57%    passed     99.71%
  66  OM562572/KEN/cow/2016/SAT2/IV/Unknown                 2.57%    passed     98.46%
  67  OM562570/KEN/cow/2016/SAT2/IV/Unknown                 2.57%    passed     98.85%
  68  OM562569/KEN/cow/2016/SAT2/IV/Unknown                 2.57%    passed     99.62%
  69  OM562568/KEN/cow/2016/SAT2/IV/Unknown                 2.57%    passed     98.85%
  70  OM562567/KEN/cow/2016/SAT2/IV/Unknown                 2.57%    passed     96.90%
  71  OM562564/KEN/cow/2016/SAT2/IV/Unknown                 2.57%    passed     98.16%
  72  OM562562/KEN/cow/2016/SAT2/IV/Unknown                 2.57%    passed     98.25%
  73  OM562561/KEN/cow/2016/SAT2/IV/Unknown                 2.57%    passed     94.93%
  74  OM562554/KEN/cow/2016/SAT2/IV/Unknown                 2.57%    passed     94.55%
  75  OM562553/KEN/cow/2016/SAT2/IV/Unknown                 2.57%    passed     99.62%
  76  OM562552/KEN/cow/2016/SAT2/IV/Unknown                 2.57%    passed     93.72%
  77  OM562551/KEN/cow/2016/SAT2/IV/Unknown                 2.57%    passed     98.85%
  78  OM562550/KEN/cow/2016/SAT2/IV/Unknown                 2.57%    passed     99.56%
  79  OM562549/KEN/cow/2016/SAT2/IV/Unknown                 2.57%    passed     99.66%
  80  OM562548/KEN/cow/2016/SAT2/IV/Unknown                 2.57%    passed     96.65%
  81  OM562544/KEN/cow/2016/SAT2/IV/Unknown                 2.57%    passed     99.10%
  82  OM562513/KEN/cow/2016/SAT2/IV/Unknown                 2.68%    passed     94.80%
  83  OM562512/KEN/cow/2016/SAT2/IV/Unknown                 2.57%    passed     95.96%
  84  OM562511/KEN/cow/2016/SAT2/IV/Unknown                 2.57%    passed     94.90%
  85  OM562510/KEN/cow/2016/SAT2/IV/Unknown                 2.68%    passed     95.93%
  86  OM562509/KEN/cow/2016/SAT2/IV/Unknown                 2.57%    passed     94.90%
  87  OM562508/KEN/cow/2016/SAT2/IV/Unknown                 2.57%    passed     94.90%
  88  OM562507/KEN/cow/2016/SAT2/IV/Unknown                 2.57%    passed     98.86%
  89  OM562506/KEN/cow/2016/SAT2/IV/Unknown                 2.57%    passed     98.86%
  90  OM562505/KEN/cow/2016/SAT2/IV/Unknown                 2.57%    passed     98.86%
  91  OM562504/KEN/cow/2016/SAT2/IV/Unknown                 2.57%    passed     98.86%
  92  OM562503/KEN/cow/2016/SAT2/IV/Unknown                 2.57%    passed     98.86%
  93  OM562502/KEN/cow/2016/SAT2/IV/Unknown                 2.57%    passed     98.86%
  94  OM562501/KEN/cow/2016/SAT2/IV/Unknown                 2.57%    passed     97.34%
  95  OM562500/KEN/cow/2016/SAT2/IV/Unknown                 2.57%    passed     97.34%
  96  OM562499/KEN/cow/2016/SAT2/IV/Unknown                 2.57%    passed     97.34%
  97  OM562498/KEN/cow/2016/SAT2/IV/Unknown                 2.57%    passed     97.34%
  98  OM562497/KEN/cow/2016/SAT2/IV/Unknown                 2.57%    passed     97.34%
  99  OM562496/KEN/cow/2016/SAT2/IV/Unknown                 2.57%    passed     97.34%
 100  OM562495/KEN/cow/2016/SAT2/IV/Unknown                 2.57%    passed     97.34%
 101  OM562494/KEN/cow/2016/SAT2/IV/Unknown                 2.57%    passed     97.34%
 102  OM562493/KEN/cow/2016/SAT2/IV/Unknown                 2.57%    passed     97.34%
 103  OM562492/KEN/cow/2016/SAT2/IV/Unknown                 2.57%    passed     98.26%
 104  OM562491/KEN/cow/2016/SAT2/IV/Unknown                 2.57%    passed     98.26%
 105  OM562490/KEN/cow/2016/SAT2/IV/Unknown                 2.57%    passed     98.26%
 106  OM562489/KEN/cow/2016/SAT2/IV/Unknown                 2.57%    passed     98.26%
 107  OM562488/KEN/cow/2016/SAT2/IV/Unknown                 2.57%    passed     98.26%
 108  OM562487/KEN/cow/2016/SAT2/IV/Unknown                 2.57%    passed     98.26%
 109  OM562486/KEN/cow/2016/SAT2/IV/Unknown                 2.57%    passed     98.26%
 110  OM562485/KEN/cow/2016/SAT2/IV/Unknown                 2.57%    passed     98.84%
 111  OM562484/KEN/cow/2016/SAT2/IV/Unknown                 2.57%    passed     98.26%
 112  OM562483/KEN/cow/2016/SAT2/IV/Unknown                 2.57%    passed     98.26%
 113  OM562482/KEN/cow/2016/SAT2/IV/Unknown                 2.57%    passed     98.26%
 114  OM562481/KEN/cow/2016/SAT2/IV/Unknown                 2.57%    passed     98.26%
 115  OM562480/KEN/cow/2016/SAT2/IV/Unknown                 2.57%    passed     98.26%
 116  OM562479/KEN/cow/2016/SAT2/IV/Unknown                 2.57%    passed     98.26%
 117  OM562478/KEN/cow/2016/SAT2/IV/Unknown                 2.57%    passed     98.26%
 118  OM562477/KEN/cow/2016/SAT2/IV/Unknown                 2.57%    passed     98.26%
 119  OM562476/KEN/cow/2016/SAT2/IV/Unknown                 2.57%    passed     98.37%
 120  OM562475/KEN/cow/2016/SAT2/IV/Unknown                 2.57%    passed     98.37%
 121  OM562474/KEN/cow/2016/SAT2/IV/Unknown                 2.57%    passed     98.13%
 122  OM562473/KEN/cow/2016/SAT2/IV/Unknown                 2.57%    passed     99.14%
 123  OM562472/KEN/cow/2016/SAT2/IV/Unknown                 2.57%    passed     96.95%
 124  OM562471/KEN/cow/2016/SAT2/IV/Unknown                 2.57%    passed     96.95%
 125  OM562470/KEN/cow/2016/SAT2/IV/Unknown                 2.57%    passed     96.95%
 126  OM562469/KEN/cow/2016/SAT2/IV/Unknown                 2.57%    passed     96.95%
 127  OM562468/KEN/cow/2016/SAT2/IV/Unknown                 2.57%    passed     96.95%
 128  OM562467/KEN/cow/2016/SAT2/IV/Unknown                 2.57%    passed     96.95%
 129  OM562466/KEN/cow/2016/SAT2/IV/Unknown                 2.57%    passed     96.95%
 130  OM562465/KEN/cow/2016/SAT2/IV/Unknown                 2.57%    passed     96.95%
 131  OM562464/KEN/cow/2016/SAT2/IV/Unknown                 2.57%    passed     96.95%
 132  OM562463/KEN/cow/2016/SAT2/IV/Unknown                 2.57%    passed     96.95%
 133  OM562462/KEN/cow/2016/SAT2/IV/Unknown                 2.57%    passed     96.95%
 134  OM562461/KEN/cow/2016/SAT2/IV/Unknown                 2.57%    passed     97.52%
 135  OM562460/KEN/cow/2016/SAT2/IV/Unknown                 2.57%    passed     96.95%
 136  OM562459/KEN/cow/2016/SAT2/IV/Unknown                 2.57%    passed     96.95%
 137  OM562458/KEN/cow/2016/SAT2/IV/Unknown                 2.57%    passed     96.95%
 138  OM562457/KEN/cow/2016/SAT2/IV/Unknown                 2.57%    passed     96.95%
 139  OM562456/KEN/cow/2016/SAT2/IV/Unknown                 2.57%    passed     99.99%
 140  OM562455/KEN/cow/2016/SAT2/IV/Unknown                 2.57%    passed     99.99%
 141  OM562454/KEN/cow/2016/SAT2/IV/Unknown                 2.57%    passed     99.99%
 142  OM562453/KEN/cow/2016/SAT2/IV/Unknown                 2.57%    passed     99.99%
****  TOTAL                                                 2.57%  0 sequences failed composition chi2 test (p-value<5%; df=3)
NOTE: OM562509/KEN/cow/2016/SAT2/IV/Unknown is identical to OM562511/KEN/cow/2016/SAT2/IV/Unknown but kept for subsequent analysis
NOTE: OM562506/KEN/cow/2016/SAT2/IV/Unknown is identical to OM562507/KEN/cow/2016/SAT2/IV/Unknown but kept for subsequent analysis
NOTE: OM562500/KEN/cow/2016/SAT2/IV/Unknown is identical to OM562501/KEN/cow/2016/SAT2/IV/Unknown but kept for subsequent analysis
NOTE: OM562491/KEN/cow/2016/SAT2/IV/Unknown is identical to OM562492/KEN/cow/2016/SAT2/IV/Unknown but kept for subsequent analysis
NOTE: OM562475/KEN/cow/2016/SAT2/IV/Unknown is identical to OM562476/KEN/cow/2016/SAT2/IV/Unknown but kept for subsequent analysis
NOTE: OM562471/KEN/cow/2016/SAT2/IV/Unknown is identical to OM562472/KEN/cow/2016/SAT2/IV/Unknown but kept for subsequent analysis
NOTE: OM562455/KEN/cow/2016/SAT2/IV/Unknown is identical to OM562456/KEN/cow/2016/SAT2/IV/Unknown but kept for subsequent analysis
Checking for duplicate sequences: done in 0.0336628 secs
Identifying sites to remove: done in 0.0092557 secs using 168.8% CPU
NOTE: 40 identical sequences (see below) will be ignored for subsequent analysis
NOTE: OM562508/KEN/cow/2016/SAT2/IV/Unknown (identical to OM562511/KEN/cow/2016/SAT2/IV/Unknown) is ignored but added at the end
NOTE: OM562505/KEN/cow/2016/SAT2/IV/Unknown (identical to OM562507/KEN/cow/2016/SAT2/IV/Unknown) is ignored but added at the end
NOTE: OM562504/KEN/cow/2016/SAT2/IV/Unknown (identical to OM562507/KEN/cow/2016/SAT2/IV/Unknown) is ignored but added at the end
NOTE: OM562503/KEN/cow/2016/SAT2/IV/Unknown (identical to OM562507/KEN/cow/2016/SAT2/IV/Unknown) is ignored but added at the end
NOTE: OM562502/KEN/cow/2016/SAT2/IV/Unknown (identical to OM562507/KEN/cow/2016/SAT2/IV/Unknown) is ignored but added at the end
NOTE: OM562499/KEN/cow/2016/SAT2/IV/Unknown (identical to OM562501/KEN/cow/2016/SAT2/IV/Unknown) is ignored but added at the end
NOTE: OM562498/KEN/cow/2016/SAT2/IV/Unknown (identical to OM562501/KEN/cow/2016/SAT2/IV/Unknown) is ignored but added at the end
NOTE: OM562497/KEN/cow/2016/SAT2/IV/Unknown (identical to OM562501/KEN/cow/2016/SAT2/IV/Unknown) is ignored but added at the end
NOTE: OM562496/KEN/cow/2016/SAT2/IV/Unknown (identical to OM562501/KEN/cow/2016/SAT2/IV/Unknown) is ignored but added at the end
NOTE: OM562495/KEN/cow/2016/SAT2/IV/Unknown (identical to OM562501/KEN/cow/2016/SAT2/IV/Unknown) is ignored but added at the end
NOTE: OM562494/KEN/cow/2016/SAT2/IV/Unknown (identical to OM562501/KEN/cow/2016/SAT2/IV/Unknown) is ignored but added at the end
NOTE: OM562493/KEN/cow/2016/SAT2/IV/Unknown (identical to OM562501/KEN/cow/2016/SAT2/IV/Unknown) is ignored but added at the end
NOTE: OM562490/KEN/cow/2016/SAT2/IV/Unknown (identical to OM562492/KEN/cow/2016/SAT2/IV/Unknown) is ignored but added at the end
NOTE: OM562489/KEN/cow/2016/SAT2/IV/Unknown (identical to OM562492/KEN/cow/2016/SAT2/IV/Unknown) is ignored but added at the end
NOTE: OM562488/KEN/cow/2016/SAT2/IV/Unknown (identical to OM562492/KEN/cow/2016/SAT2/IV/Unknown) is ignored but added at the end
NOTE: OM562487/KEN/cow/2016/SAT2/IV/Unknown (identical to OM562492/KEN/cow/2016/SAT2/IV/Unknown) is ignored but added at the end
NOTE: OM562486/KEN/cow/2016/SAT2/IV/Unknown (identical to OM562492/KEN/cow/2016/SAT2/IV/Unknown) is ignored but added at the end
NOTE: OM562484/KEN/cow/2016/SAT2/IV/Unknown (identical to OM562492/KEN/cow/2016/SAT2/IV/Unknown) is ignored but added at the end
NOTE: OM562483/KEN/cow/2016/SAT2/IV/Unknown (identical to OM562492/KEN/cow/2016/SAT2/IV/Unknown) is ignored but added at the end
NOTE: OM562482/KEN/cow/2016/SAT2/IV/Unknown (identical to OM562492/KEN/cow/2016/SAT2/IV/Unknown) is ignored but added at the end
NOTE: OM562481/KEN/cow/2016/SAT2/IV/Unknown (identical to OM562492/KEN/cow/2016/SAT2/IV/Unknown) is ignored but added at the end
NOTE: OM562480/KEN/cow/2016/SAT2/IV/Unknown (identical to OM562492/KEN/cow/2016/SAT2/IV/Unknown) is ignored but added at the end
NOTE: OM562479/KEN/cow/2016/SAT2/IV/Unknown (identical to OM562492/KEN/cow/2016/SAT2/IV/Unknown) is ignored but added at the end
NOTE: OM562478/KEN/cow/2016/SAT2/IV/Unknown (identical to OM562492/KEN/cow/2016/SAT2/IV/Unknown) is ignored but added at the end
NOTE: OM562477/KEN/cow/2016/SAT2/IV/Unknown (identical to OM562492/KEN/cow/2016/SAT2/IV/Unknown) is ignored but added at the end
NOTE: OM562470/KEN/cow/2016/SAT2/IV/Unknown (identical to OM562472/KEN/cow/2016/SAT2/IV/Unknown) is ignored but added at the end
NOTE: OM562469/KEN/cow/2016/SAT2/IV/Unknown (identical to OM562472/KEN/cow/2016/SAT2/IV/Unknown) is ignored but added at the end
NOTE: OM562468/KEN/cow/2016/SAT2/IV/Unknown (identical to OM562472/KEN/cow/2016/SAT2/IV/Unknown) is ignored but added at the end
NOTE: OM562467/KEN/cow/2016/SAT2/IV/Unknown (identical to OM562472/KEN/cow/2016/SAT2/IV/Unknown) is ignored but added at the end
NOTE: OM562466/KEN/cow/2016/SAT2/IV/Unknown (identical to OM562472/KEN/cow/2016/SAT2/IV/Unknown) is ignored but added at the end
NOTE: OM562465/KEN/cow/2016/SAT2/IV/Unknown (identical to OM562472/KEN/cow/2016/SAT2/IV/Unknown) is ignored but added at the end
NOTE: OM562464/KEN/cow/2016/SAT2/IV/Unknown (identical to OM562472/KEN/cow/2016/SAT2/IV/Unknown) is ignored but added at the end
NOTE: OM562463/KEN/cow/2016/SAT2/IV/Unknown (identical to OM562472/KEN/cow/2016/SAT2/IV/Unknown) is ignored but added at the end
NOTE: OM562462/KEN/cow/2016/SAT2/IV/Unknown (identical to OM562472/KEN/cow/2016/SAT2/IV/Unknown) is ignored but added at the end
NOTE: OM562460/KEN/cow/2016/SAT2/IV/Unknown (identical to OM562472/KEN/cow/2016/SAT2/IV/Unknown) is ignored but added at the end
NOTE: OM562459/KEN/cow/2016/SAT2/IV/Unknown (identical to OM562472/KEN/cow/2016/SAT2/IV/Unknown) is ignored but added at the end
NOTE: OM562458/KEN/cow/2016/SAT2/IV/Unknown (identical to OM562472/KEN/cow/2016/SAT2/IV/Unknown) is ignored but added at the end
NOTE: OM562457/KEN/cow/2016/SAT2/IV/Unknown (identical to OM562472/KEN/cow/2016/SAT2/IV/Unknown) is ignored but added at the end
NOTE: OM562454/KEN/cow/2016/SAT2/IV/Unknown (identical to OM562456/KEN/cow/2016/SAT2/IV/Unknown) is ignored but added at the end
NOTE: OM562453/KEN/cow/2016/SAT2/IV/Unknown (identical to OM562456/KEN/cow/2016/SAT2/IV/Unknown) is ignored but added at the end
Alignment was printed to alignments_no_probang_etc\recombinant_free_regions\SAT2\SAT2_4283-7008_no_probang.uniqueseq.phy

For your convenience alignment with unique sequences printed to alignments_no_probang_etc\recombinant_free_regions\SAT2\SAT2_4283-7008_no_probang.uniqueseq.phy
Creating fast initial parsimony tree by random order stepwise addition...
0.034 seconds, parsimony score: 4863 (based on 1130 sites)
Generating 1000 samples for ultrafast bootstrap (seed: 930266)...

NOTE: 17 MB RAM (0 GB) is required!
Estimate model parameters (epsilon = 0.100)
Thoroughly optimizing +I+G parameters from 10 start values...
Init pinv, alpha: 0.000, 1.000 / Estimate: 0.000, 0.254 / LogL: -26994.380
Init pinv, alpha: 0.066, 1.000 / Estimate: 0.446, 0.609 / LogL: -26856.994
Init pinv, alpha: 0.132, 1.000 / Estimate: 0.445, 0.607 / LogL: -26857.024
Init pinv, alpha: 0.199, 1.000 / Estimate: 0.445, 0.607 / LogL: -26857.029
Init pinv, alpha: 0.265, 1.000 / Estimate: 0.446, 0.609 / LogL: -26856.999
Init pinv, alpha: 0.331, 1.000 / Estimate: 0.445, 0.607 / LogL: -26857.046
Init pinv, alpha: 0.397, 1.000 / Estimate: 0.446, 0.610 / LogL: -26857.025
Init pinv, alpha: 0.464, 1.000 / Estimate: 0.457, 0.638 / LogL: -26856.883
Init pinv, alpha: 0.530, 1.000 / Estimate: 0.464, 0.656 / LogL: -26856.996
Init pinv, alpha: 0.596, 1.000 / Estimate: 0.465, 0.659 / LogL: -26857.042
Optimal pinv,alpha: 0.457, 0.638 / LogL: -26856.883

Parameters optimization took 37.632 sec
Wrote distance file to... 
Computing ML distances based on estimated model parameters...
Calculating distance matrix: done in 0.0976575 secs using 96% CPU
Computing ML distances took 0.107140 sec (of wall-clock time) 0.093750 sec (of CPU time)
Setting up auxiliary I and S matrices: done in 0.000411 secs
Constructing RapidNJ tree: done in 0.0011548 secs
Computing RapidNJ tree took 0.022941 sec (of wall-clock time) 0.031250 sec (of CPU time)
Log-likelihood of RapidNJ tree: -26908.796
--------------------------------------------------------------------
|             INITIALIZING CANDIDATE TREE SET                      |
--------------------------------------------------------------------
Generating 98 parsimony trees... 2.718 second
Computing log-likelihood of 98 initial trees ... 3.856 seconds
Current best score: -26842.444

Do NNI search on 20 best initial trees
Optimizing NNI: done in 1.1845 secs using 100.3% CPU
Estimate model parameters (epsilon = 0.100)
BETTER TREE FOUND at iteration 1: -26788.729
Optimizing NNI: done in 0.841587 secs using 100.3% CPU
Optimizing NNI: done in 1.45713 secs using 99.72% CPU
Estimate model parameters (epsilon = 0.100)
BETTER TREE FOUND at iteration 3: -26779.648
Optimizing NNI: done in 1.3376 secs using 98.12% CPU
Estimate model parameters (epsilon = 0.100)
BETTER TREE FOUND at iteration 4: -26764.406
Optimizing NNI: done in 1.60634 secs using 100.2% CPU
Optimizing NNI: done in 1.48451 secs using 99.99% CPU
Optimizing NNI: done in 1.58412 secs using 99.62% CPU
Optimizing NNI: done in 1.48026 secs using 98.17% CPU
Optimizing NNI: done in 1.71061 secs using 96.82% CPU
Optimizing NNI: done in 1.32659 secs using 98.94% CPU
Iteration 10 / LogL: -26789.097 / Time: 0h:0m:59s
Optimizing NNI: done in 1.60102 secs using 95.64% CPU
Optimizing NNI: done in 1.45826 secs using 100.7% CPU
Optimizing NNI: done in 1.50041 secs using 98.93% CPU
Optimizing NNI: done in 1.3782 secs using 99.77% CPU
Optimizing NNI: done in 1.46919 secs using 99.97% CPU
Optimizing NNI: done in 1.57039 secs using 100.5% CPU
Optimizing NNI: done in 1.98886 secs using 96.63% CPU
Optimizing NNI: done in 1.57772 secs using 99.04% CPU
Optimizing NNI: done in 1.49947 secs using 98.99% CPU
Optimizing NNI: done in 1.35935 secs using 98.85% CPU
Iteration 20 / LogL: -26801.747 / Time: 0h:1m:15s
Finish initializing candidate tree set (20)
Current best tree score: -26764.406 / CPU time: 37.096
Number of iterations: 20
--------------------------------------------------------------------
|               OPTIMIZING CANDIDATE TREE SET                      |
--------------------------------------------------------------------
Optimizing NNI: done in 1.54182 secs using 100.3% CPU
Estimate model parameters (epsilon = 0.100)
BETTER TREE FOUND at iteration 21: -26764.176
Optimizing NNI: done in 1.13659 secs using 98.98% CPU
Optimizing NNI: done in 1.40584 secs using 98.92% CPU
Optimizing NNI: done in 1.2468 secs using 96.5% CPU
Optimizing NNI: done in 1.64667 secs using 98.68% CPU
Optimizing NNI: done in 1.37249 secs using 99.04% CPU
Optimizing NNI: done in 1.37211 secs using 99.07% CPU
Optimizing NNI: done in 1.78189 secs using 100.8% CPU
Optimizing NNI: done in 1.43704 secs using 97.86% CPU
Optimizing NNI: done in 1.21274 secs using 99.21% CPU
Iteration 30 / LogL: -26865.088 / Time: 0h:1m:30s (0h:4m:42s left)
Optimizing NNI: done in 1.26989 secs using 99.66% CPU
Estimate model parameters (epsilon = 0.100)
BETTER TREE FOUND at iteration 31: -26763.950
Optimizing NNI: done in 1.56958 secs using 98.55% CPU
Optimizing NNI: done in 1.38091 secs using 100.7% CPU
Optimizing NNI: done in 1.78282 secs using 99.91% CPU
Optimizing NNI: done in 1.38986 secs using 96.68% CPU
Optimizing NNI: done in 1.61754 secs using 95.63% CPU
Optimizing NNI: done in 1.21037 secs using 99.4% CPU
Optimizing NNI: done in 1.35695 secs using 100.2% CPU
Optimizing NNI: done in 1.36462 secs using 98.47% CPU
Optimizing NNI: done in 1.77026 secs using 98.86% CPU
Estimate model parameters (epsilon = 0.100)
BETTER TREE FOUND at iteration 40: -26763.893
Iteration 40 / LogL: -26763.893 / Time: 0h:1m:45s (0h:4m:30s left)
Optimizing NNI: done in 1.41801 secs using 99.17% CPU
Optimizing NNI: done in 1.18609 secs using 100.1% CPU
Optimizing NNI: done in 1.62544 secs using 99.01% CPU
Optimizing NNI: done in 1.62234 secs using 100.2% CPU
Optimizing NNI: done in 2.06524 secs using 89.28% CPU
Optimizing NNI: done in 1.68393 secs using 89.08% CPU
Estimate model parameters (epsilon = 0.100)
BETTER TREE FOUND at iteration 46: -26763.263
Optimizing NNI: done in 1.82775 secs using 91.47% CPU
Optimizing NNI: done in 1.86075 secs using 94.89% CPU
Optimizing NNI: done in 1.57345 secs using 100.3% CPU
Optimizing NNI: done in 1.20366 secs using 97.36% CPU
Iteration 50 / LogL: -26764.396 / Time: 0h:2m:2s (0h:3m:59s left)
Log-likelihood cutoff on original alignment: -26888.994
Optimizing NNI: done in 1.0841 secs using 99.45% CPU
Optimizing NNI: done in 1.26164 secs using 100.3% CPU
Optimizing NNI: done in 1.62825 secs using 97.88% CPU
Optimizing NNI: done in 1.55583 secs using 92.39% CPU
Optimizing NNI: done in 1.80693 secs using 89.93% CPU
Optimizing NNI: done in 1.34991 secs using 94.91% CPU
Optimizing NNI: done in 1.03557 secs using 99.58% CPU
Optimizing NNI: done in 1.26185 secs using 99.06% CPU
Optimizing NNI: done in 1.39236 secs using 99.88% CPU
Optimizing NNI: done in 0.995235 secs using 100.5% CPU
Iteration 60 / LogL: -26763.291 / Time: 0h:2m:16s (0h:3m:18s left)
Optimizing NNI: done in 1.08692 secs using 100.6% CPU
Optimizing NNI: done in 1.08328 secs using 99.52% CPU
Optimizing NNI: done in 1.39704 secs using 99.54% CPU
Optimizing NNI: done in 0.843269 secs using 96.35% CPU
Optimizing NNI: done in 1.69936 secs using 94.7% CPU
Optimizing NNI: done in 1.6061 secs using 99.23% CPU
Optimizing NNI: done in 0.886122 secs using 100.5% CPU
Optimizing NNI: done in 1.79226 secs using 91.54% CPU
Optimizing NNI: done in 1.25229 secs using 98.57% CPU
Optimizing NNI: done in 0.913469 secs using 99.21% CPU
Iteration 70 / LogL: -26901.878 / Time: 0h:2m:29s (0h:2m:44s left)
Optimizing NNI: done in 1.55894 secs using 99.23% CPU
Optimizing NNI: done in 1.4182 secs using 99.16% CPU
Optimizing NNI: done in 1.38887 secs using 100.1% CPU
Optimizing NNI: done in 1.25683 secs using 99.46% CPU
Optimizing NNI: done in 1.24003 secs using 99.54% CPU
Optimizing NNI: done in 1.0252 secs using 100.6% CPU
Optimizing NNI: done in 0.861889 secs using 99.71% CPU
Optimizing NNI: done in 1.26519 secs using 98.8% CPU
Optimizing NNI: done in 1.3836 secs using 86.96% CPU
Optimizing NNI: done in 1.08043 secs using 99.79% CPU
Iteration 80 / LogL: -26767.641 / Time: 0h:2m:42s (0h:2m:15s left)
Optimizing NNI: done in 1.79723 secs using 99.98% CPU
Optimizing NNI: done in 1.33029 secs using 99.84% CPU
Optimizing NNI: done in 1.07154 secs using 99.16% CPU
Optimizing NNI: done in 0.996466 secs using 100.4% CPU
Optimizing NNI: done in 1.24454 secs using 99.18% CPU
Optimizing NNI: done in 1.29986 secs using 99.77% CPU
Optimizing NNI: done in 1.22314 secs using 99.64% CPU
Optimizing NNI: done in 1.47712 secs using 100.5% CPU
Optimizing NNI: done in 1.06722 secs using 99.56% CPU
Optimizing NNI: done in 0.982649 secs using 100.2% CPU
Iteration 90 / LogL: -26763.269 / Time: 0h:2m:54s (0h:1m:50s left)
Optimizing NNI: done in 1.13205 secs using 99.38% CPU
Optimizing NNI: done in 1.37364 secs using 100.1% CPU
Optimizing NNI: done in 0.896413 secs using 99.35% CPU
Optimizing NNI: done in 1.42612 secs using 99.7% CPU
Optimizing NNI: done in 0.924238 secs using 101.4% CPU
Optimizing NNI: done in 1.2975 secs using 98.75% CPU
Optimizing NNI: done in 2.09423 secs using 95.5% CPU
Optimizing NNI: done in 1.61085 secs using 96.03% CPU
Optimizing NNI: done in 1.47708 secs using 95.2% CPU
UPDATE BEST LOG-LIKELIHOOD: -26763.259
Optimizing NNI: done in 1.50306 secs using 99.8% CPU
Iteration 100 / LogL: -26764.824 / Time: 0h:3m:8s (0h:1m:27s left)
Log-likelihood cutoff on original alignment: -26844.397
NOTE: Bootstrap correlation coefficient of split occurrence frequencies: 0.998
Optimizing NNI: done in 1.29045 secs using 99.29% CPU
Optimizing NNI: done in 1.39206 secs using 98.77% CPU
Optimizing NNI: done in 0.833467 secs using 97.48% CPU
Optimizing NNI: done in 1.00311 secs using 98.13% CPU
Optimizing NNI: done in 1.40814 secs using 88.77% CPU
Optimizing NNI: done in 1.32985 secs using 98.7% CPU
Optimizing NNI: done in 0.909958 secs using 99.59% CPU
Optimizing NNI: done in 1.30131 secs using 97.26% CPU
Optimizing NNI: done in 0.94005 secs using 99.73% CPU
Optimizing NNI: done in 1.09516 secs using 99.87% CPU
Iteration 110 / LogL: -26917.002 / Time: 0h:3m:21s (0h:2m:46s left)
Optimizing NNI: done in 1.23929 secs using 87% CPU
Optimizing NNI: done in 1.65823 secs using 96.11% CPU
Optimizing NNI: done in 1.49914 secs using 99.01% CPU
Optimizing NNI: done in 1.37179 secs using 97.96% CPU
Optimizing NNI: done in 1.82671 secs using 92.38% CPU
Optimizing NNI: done in 1.65685 secs using 89.59% CPU
Optimizing NNI: done in 1.53787 secs using 99.57% CPU
Optimizing NNI: done in 1.1841 secs using 100.3% CPU
Optimizing NNI: done in 1.23878 secs using 99.64% CPU
Optimizing NNI: done in 1.43343 secs using 87.2% CPU
Iteration 120 / LogL: -26763.528 / Time: 0h:3m:36s (0h:2m:25s left)
Optimizing NNI: done in 1.73554 secs using 98.13% CPU
Optimizing NNI: done in 1.37181 secs using 99.09% CPU
Optimizing NNI: done in 1.55251 secs using 92.59% CPU
Optimizing NNI: done in 1.30005 secs using 101% CPU
Optimizing NNI: done in 1.4888 secs using 96.55% CPU
Optimizing NNI: done in 1.50274 secs using 97.74% CPU
Optimizing NNI: done in 1.71798 secs using 95.5% CPU
Optimizing NNI: done in 1.83401 secs using 96.27% CPU
Optimizing NNI: done in 1.29052 secs using 100.5% CPU
Optimizing NNI: done in 1.13444 secs using 100.5% CPU
Iteration 130 / LogL: -26767.410 / Time: 0h:3m:51s (0h:2m:5s left)
Optimizing NNI: done in 1.14016 secs using 100% CPU
Optimizing NNI: done in 1.10969 secs using 99.97% CPU
Optimizing NNI: done in 1.47109 secs using 93.47% CPU
Optimizing NNI: done in 1.8509 secs using 92.86% CPU
Optimizing NNI: done in 1.26102 secs using 99.13% CPU
Optimizing NNI: done in 0.768077 secs using 99.68% CPU
Optimizing NNI: done in 0.998256 secs using 100.2% CPU
Optimizing NNI: done in 1.25765 secs using 99.39% CPU
Optimizing NNI: done in 1.11328 secs using 99.65% CPU
Optimizing NNI: done in 1.40555 secs using 94.49% CPU
Iteration 140 / LogL: -26763.330 / Time: 0h:4m:4s (0h:1m:45s left)
Optimizing NNI: done in 0.941273 secs using 99.6% CPU
Optimizing NNI: done in 1.51581 secs using 99.99% CPU
Optimizing NNI: done in 1.20801 secs using 100.9% CPU
Optimizing NNI: done in 1.39969 secs using 100.5% CPU
Optimizing NNI: done in 1.23904 secs using 99.62% CPU
Optimizing NNI: done in 1.09654 secs using 99.75% CPU
Optimizing NNI: done in 1.08274 secs using 99.57% CPU
TREE SEARCH COMPLETED AFTER 147 ITERATIONS / Time: 0h:4m:13s

--------------------------------------------------------------------
|                    FINALIZING TREE SEARCH                        |
--------------------------------------------------------------------
Performs final model parameters optimization
Estimate model parameters (epsilon = 0.010)
1. Initial log-likelihood: -26763.259
Optimal log-likelihood: -26763.257
Rate parameters:  A-C: 1.57115  A-G: 9.65611  A-T: 1.70344  C-G: 0.83621  C-T: 14.38378  G-T: 1.00000
Base frequencies:  A: 0.257  C: 0.268  G: 0.263  T: 0.213
Proportion of invariable sites: 0.455
Gamma shape alpha: 0.628
Parameters optimization took 1 rounds (0.145 sec)
BEST SCORE FOUND : -26763.257
Creating bootstrap support values...
Split supports printed to NEXUS file alignments_no_probang_etc\recombinant_free_regions\SAT2\SAT2_4283-7008_no_probang.splits.nex
Total tree length: 2.780

Total number of iterations: 147
CPU time used for tree search: 209.578 sec (0h:3m:29s)
Wall-clock time used for tree search: 214.666 sec (0h:3m:34s)
Total CPU time used: 246.719 sec (0h:4m:6s)
Total wall-clock time used: 253.634 sec (0h:4m:13s)

Computing bootstrap consensus tree...
Reading input file alignments_no_probang_etc\recombinant_free_regions\SAT2\SAT2_4283-7008_no_probang.splits.nex...
102 taxa and 508 splits.
Consensus tree written to alignments_no_probang_etc\recombinant_free_regions\SAT2\SAT2_4283-7008_no_probang.contree
Reading input trees file alignments_no_probang_etc\recombinant_free_regions\SAT2\SAT2_4283-7008_no_probang.contree
Log-likelihood of consensus tree: -26764.570

Analysis results written to: 
  IQ-TREE report:                alignments_no_probang_etc\recombinant_free_regions\SAT2\SAT2_4283-7008_no_probang.iqtree
  Maximum-likelihood tree:       alignments_no_probang_etc\recombinant_free_regions\SAT2\SAT2_4283-7008_no_probang.treefile
  Likelihood distances:          alignments_no_probang_etc\recombinant_free_regions\SAT2\SAT2_4283-7008_no_probang.mldist

Ultrafast bootstrap approximation results written to:
  Split support values:          alignments_no_probang_etc\recombinant_free_regions\SAT2\SAT2_4283-7008_no_probang.splits.nex
  Consensus tree:                alignments_no_probang_etc\recombinant_free_regions\SAT2\SAT2_4283-7008_no_probang.contree
  Screen log file:               alignments_no_probang_etc\recombinant_free_regions\SAT2\SAT2_4283-7008_no_probang.log

Date and Time: Thu Jan 15 15:41:11 2026
