IQ-TREE version 3.0.1 for Windows 64-bit built May  5 2025
Developed by Bui Quang Minh, Thomas Wong, Nhan Ly-Trong, Huaiyan Ren
Contributed by Lam-Tung Nguyen, Dominik Schrempf, Chris Bielow,
Olga Chernomor, Michael Woodhams, Diep Thi Hoang, Heiko Schmidt

Host:    DESKTOP-IAVMJI2 (AVX2, FMA3, 7 GB RAM)
Command: bin/iqtree3.exe -s alignments_no_probang_etc\recombinant_free_regions\SAT2\SAT2_1-539_no_probang.fasta -bb 1000 -m GTR+F+I+G -pre alignments_no_probang_etc\recombinant_free_regions\SAT2\SAT2_1-539_no_probang
Seed:    320669 (Using SPRNG - Scalable Parallel Random Number Generator)
Time:    Thu Jan 15 15:31:26 2026
Kernel:  AVX+FMA - 1 threads (8 CPU cores detected)

HINT: Use -nt option to specify number of threads because your CPU has 8 cores!
HINT: -nt AUTO will automatically determine the best number of threads to use.

Reading alignment file alignments_no_probang_etc\recombinant_free_regions\SAT2\SAT2_1-539_no_probang.fasta ... Fasta format detected
Reading fasta file: done in 0.0039808 secs using 392.5% CPU
Alignment most likely contains DNA/RNA sequences
Constructing alignment: done in 0.0017033 secs
WARNING: 57 sites contain only gaps or ambiguous characters.
Alignment has 142 sequences with 596 columns, 287 distinct patterns
281 parsimony-informative, 24 singleton sites, 291 constant sites
                                                    Gap/Ambiguity  Composition  p-value
Analyzing sequences: done in 0.0009378 secs
   1  JF749864/ZWE/Unknown/2003/SAT2/I/Unknown              9.56%    passed     91.11%
   2  JF749862/UGA/Unknown/2002/SAT2/X/Unknown              9.56%    passed     94.86%
   3  JF749861/KEN/Unknown/2002/SAT2/IV/Unknown             9.56%    passed     99.29%
   4  KC440884/EGY/Unknown/2012/SAT2/VII/Unknown            9.56%    passed     86.71%
   5  OQ557397/ETH/cow/2022/SAT2/XIV/Unknown                9.56%    passed     89.80%
   6  OQ557396/ETH/cattle/1991/SAT2/XIV/Unknown             9.56%    passed     99.47%
   7  OQ401874/NER/cattle/2020/SAT2/VII/Unknown             9.56%    passed     90.61%
   8  OQ401873/NER/cattle/2020/SAT2/VII/Unknown             9.56%    passed     87.34%
   9  OQ401872/NER/cattle/2020/SAT2/VII/Unknown             9.56%    passed     90.61%
  10  OQ401871/NER/cattle/2020/SAT2/VII/Unknown             9.56%    passed     87.34%
  11  OQ401869/NER/cattle/2020/SAT2/VII/Unknown             9.56%    passed     87.34%
  12  OQ401868/NER/cattle/2020/SAT2/VII/Unknown             9.56%    passed     87.34%
  13  OQ401867/NER/cattle/2020/SAT2/VII/Unknown             9.56%    passed     90.61%
  14  OQ401866/NER/cattle/2020/SAT2/VII/Unknown             9.56%    passed     87.34%
  15  OQ401865/NER/cattle/2020/SAT2/VII/Unknown             9.56%    passed     90.61%
  16  MW355673/ZWE/cattle/1989/SAT2/II/Unknown              9.56%    passed     91.44%
  17  MW355671/MOZ/Unknown/1970/SAT2/I/Unknown              9.56%    passed     77.77%
  18  MW715629/NER/cow/2017/SAT2/VII/Unknown                9.56%    passed     85.17%
  19  MW715628/NER/cow/2017/SAT2/VII/Unknown                9.56%    passed     85.17%
  20  MW715627/NER/cow/2017/SAT2/VII/Unknown                9.56%    passed     74.07%
  21  MW715626/NER/cow/2017/SAT2/VII/Unknown                9.56%    passed     74.07%
  22  MW715624/NER/cow/2017/SAT2/VII/Unknown                9.56%    passed     79.90%
  23  MW715623/NER/cow/2017/SAT2/VII/Unknown                9.56%    passed     73.95%
  24  MW715622/NER/cow/2018/SAT2/VII/Unknown                9.56%    passed     88.09%
  25  MT602092/KEN/cattle/2017/SAT2/IV/Unknown              9.56%    passed     93.65%
  26  MT602090/ETH/cattle/2015/SAT2/VII/Unknown             9.56%    passed     95.67%
  27  MT602089/EGY/cattle/2018/SAT2/VII/Unknown             9.56%    passed     89.69%
  28  MN103523/NER/cow/2014/SAT2/VII/Unknown                9.56%    passed     83.02%
  29  MN116692/KEN/cow/2014/SAT2/IV/Unknown                 9.56%    passed     99.55%
  30  MH053335/ZWE/cattle/1965/SAT2/I/Unknown               9.56%    passed     91.97%
  31  MH053334/ZMB/cattle/1964/SAT2/III/Unknown             9.56%    passed     68.41%
  32  MH053333/ETH/cattle/1989/SAT2/IV/Unknown              9.56%    passed     69.51%
  33  MH053332/BWA/african-buffalo/1974/SAT2/II/Unknown     9.56%    passed     99.47%
  34  MH053331/BWA/african-buffalo/1972/SAT2/II/Unknown     9.56%    passed     86.61%
  35  MH053328/BWA/african-buffalo/1968/SAT2/III/Unknown    9.56%    passed     91.13%
  36  KU821592/ZMB/cow/2009/SAT2/III/Unknown                9.56%    passed     80.83%
  37  KM268900/TZA/cattle/2012/SAT2/IV/Unknown              9.56%    passed     90.70%
  38  JX014256/PSE/cattle/2012/SAT2/VII/Unknown             9.56%    passed     82.36%
  39  JX014255/EGY/Unknown/2012/SAT2/VII/Unknown            9.56%    passed     85.22%
  40  HM067705/UGA/african-buffalo/2007/SAT2/X/Unknown      9.56%    passed     95.02%
  41  HM067704/UGA/african-buffalo/2007/SAT2/X/Unknown      9.56%    passed     98.91%
  42  AY593849/KEN/Unknown/1960/SAT2/IX/Unknown             9.56%    passed     61.95%
  43  AY593848/Unknown/Unknown/1967/SAT2/I/Unknown          9.56%    passed     60.76%
  44  AY593847/ZWE/Unknown/1948/SAT2/III/Unknown            9.56%    passed     58.41%
  45  AJ251473/KEN/Unknown/1957/SAT2/IX/Unknown             9.56%    passed     66.27%
  46  OM562600/KEN/cow/2016/SAT2/IV/Unknown                 9.56%    passed     79.16%
  47  OM562599/KEN/cow/2016/SAT2/IV/Unknown                 9.56%    passed     91.57%
  48  OM562598/KEN/cow/2016/SAT2/IV/Unknown                 9.56%    passed     95.93%
  49  OM562597/KEN/cow/2016/SAT2/IV/Unknown                 9.56%    passed     94.58%
  50  OM562596/KEN/cow/2016/SAT2/IV/Unknown                 9.56%    passed     90.66%
  51  OM562595/KEN/cow/2016/SAT2/IV/Unknown                 9.56%    passed     89.66%
  52  OM562593/KEN/cow/2016/SAT2/IV/Unknown                 9.56%    passed     62.09%
  53  OM562592/KEN/cow/2016/SAT2/IV/Unknown                 9.56%    passed     99.58%
  54  OM562589/KEN/cow/2016/SAT2/IV/Unknown                 9.56%    passed     99.20%
  55  OM562588/KEN/cow/2016/SAT2/IV/Unknown                 9.56%    passed     98.29%
  56  OM562587/KEN/cow/2016/SAT2/IV/Unknown                 9.56%    passed     90.87%
  57  OM562586/KEN/cow/2016/SAT2/IV/Unknown                 9.56%    passed     99.30%
  58  OM562585/KEN/cow/2016/SAT2/IV/Unknown                 9.56%    passed     98.07%
  59  OM562584/KEN/cow/2016/SAT2/IV/Unknown                 9.56%    passed     98.10%
  60  OM562583/KEN/cow/2016/SAT2/IV/Unknown                 9.56%    passed     90.11%
  61  OM562581/KEN/cow/2016/SAT2/IV/Unknown                 9.56%    passed     95.90%
  62  OM562580/KEN/cow/2016/SAT2/IV/Unknown                 9.56%    passed     99.82%
  63  OM562578/KEN/cow/2016/SAT2/IV/Unknown                 9.56%    passed     99.79%
  64  OM562577/KEN/cow/2016/SAT2/IV/Unknown                 9.56%    passed     99.85%
  65  OM562575/KEN/cow/2016/SAT2/IV/Unknown                 9.56%    passed     94.33%
  66  OM562572/KEN/cow/2016/SAT2/IV/Unknown                 9.56%    passed     92.38%
  67  OM562570/KEN/cow/2016/SAT2/IV/Unknown                 9.56%    passed     99.20%
  68  OM562569/KEN/cow/2016/SAT2/IV/Unknown                 9.56%    passed     99.19%
  69  OM562568/KEN/cow/2016/SAT2/IV/Unknown                 9.56%    passed     99.20%
  70  OM562567/KEN/cow/2016/SAT2/IV/Unknown                 9.56%    passed     99.19%
  71  OM562564/KEN/cow/2016/SAT2/IV/Unknown                 9.56%    passed     98.52%
  72  OM562562/KEN/cow/2016/SAT2/IV/Unknown                 9.56%    passed     99.19%
  73  OM562561/KEN/cow/2016/SAT2/IV/Unknown                 9.56%    passed     99.19%
  74  OM562554/KEN/cow/2016/SAT2/IV/Unknown                 9.56%    passed     99.66%
  75  OM562553/KEN/cow/2016/SAT2/IV/Unknown                 9.56%    passed     99.20%
  76  OM562552/KEN/cow/2016/SAT2/IV/Unknown                 9.56%    passed     99.63%
  77  OM562551/KEN/cow/2016/SAT2/IV/Unknown                 9.56%    passed     98.00%
  78  OM562550/KEN/cow/2016/SAT2/IV/Unknown                 9.56%    passed     99.20%
  79  OM562549/KEN/cow/2016/SAT2/IV/Unknown                 9.56%    passed     87.68%
  80  OM562548/KEN/cow/2016/SAT2/IV/Unknown                 9.56%    passed     99.20%
  81  OM562544/KEN/cow/2016/SAT2/IV/Unknown                 9.56%    passed     99.82%
  82  OM562513/KEN/cow/2016/SAT2/IV/Unknown                 9.56%    passed     99.20%
  83  OM562512/KEN/cow/2016/SAT2/IV/Unknown                 9.56%    passed     99.20%
  84  OM562511/KEN/cow/2016/SAT2/IV/Unknown                 9.56%    passed     99.20%
  85  OM562510/KEN/cow/2016/SAT2/IV/Unknown                 9.56%    passed     99.20%
  86  OM562509/KEN/cow/2016/SAT2/IV/Unknown                 9.56%    passed     99.20%
  87  OM562508/KEN/cow/2016/SAT2/IV/Unknown                 9.56%    passed     99.20%
  88  OM562507/KEN/cow/2016/SAT2/IV/Unknown                 9.56%    passed     97.38%
  89  OM562506/KEN/cow/2016/SAT2/IV/Unknown                 9.56%    passed     97.38%
  90  OM562505/KEN/cow/2016/SAT2/IV/Unknown                 9.56%    passed     97.38%
  91  OM562504/KEN/cow/2016/SAT2/IV/Unknown                 9.56%    passed     97.38%
  92  OM562503/KEN/cow/2016/SAT2/IV/Unknown                 9.56%    passed     97.38%
  93  OM562502/KEN/cow/2016/SAT2/IV/Unknown                 9.56%    passed     97.38%
  94  OM562501/KEN/cow/2016/SAT2/IV/Unknown                 9.56%    passed     94.18%
  95  OM562500/KEN/cow/2016/SAT2/IV/Unknown                 9.56%    passed     94.18%
  96  OM562499/KEN/cow/2016/SAT2/IV/Unknown                 9.56%    passed     94.18%
  97  OM562498/KEN/cow/2016/SAT2/IV/Unknown                 9.56%    passed     94.18%
  98  OM562497/KEN/cow/2016/SAT2/IV/Unknown                 9.56%    passed     94.18%
  99  OM562496/KEN/cow/2016/SAT2/IV/Unknown                 9.56%    passed     94.18%
 100  OM562495/KEN/cow/2016/SAT2/IV/Unknown                 9.56%    passed     94.18%
 101  OM562494/KEN/cow/2016/SAT2/IV/Unknown                 9.56%    passed     94.18%
 102  OM562493/KEN/cow/2016/SAT2/IV/Unknown                 9.56%    passed     94.18%
 103  OM562492/KEN/cow/2016/SAT2/IV/Unknown                 9.56%    passed     99.94%
 104  OM562491/KEN/cow/2016/SAT2/IV/Unknown                 9.56%    passed     99.94%
 105  OM562490/KEN/cow/2016/SAT2/IV/Unknown                 9.56%    passed     99.94%
 106  OM562489/KEN/cow/2016/SAT2/IV/Unknown                 9.56%    passed     99.94%
 107  OM562488/KEN/cow/2016/SAT2/IV/Unknown                 9.56%    passed     99.94%
 108  OM562487/KEN/cow/2016/SAT2/IV/Unknown                 9.56%    passed     99.94%
 109  OM562486/KEN/cow/2016/SAT2/IV/Unknown                 9.56%    passed     99.94%
 110  OM562485/KEN/cow/2016/SAT2/IV/Unknown                 9.56%    passed     99.94%
 111  OM562484/KEN/cow/2016/SAT2/IV/Unknown                 9.56%    passed     99.87%
 112  OM562483/KEN/cow/2016/SAT2/IV/Unknown                 9.56%    passed     99.94%
 113  OM562482/KEN/cow/2016/SAT2/IV/Unknown                 9.56%    passed     99.94%
 114  OM562481/KEN/cow/2016/SAT2/IV/Unknown                 9.56%    passed     99.94%
 115  OM562480/KEN/cow/2016/SAT2/IV/Unknown                 9.56%    passed     99.94%
 116  OM562479/KEN/cow/2016/SAT2/IV/Unknown                 9.56%    passed     99.94%
 117  OM562478/KEN/cow/2016/SAT2/IV/Unknown                 9.56%    passed     99.94%
 118  OM562477/KEN/cow/2016/SAT2/IV/Unknown                 9.56%    passed     99.94%
 119  OM562476/KEN/cow/2016/SAT2/IV/Unknown                 9.56%    passed     99.63%
 120  OM562475/KEN/cow/2016/SAT2/IV/Unknown                 9.56%    passed     99.63%
 121  OM562474/KEN/cow/2016/SAT2/IV/Unknown                 9.56%    passed     99.63%
 122  OM562473/KEN/cow/2016/SAT2/IV/Unknown                 9.56%    passed     99.82%
 123  OM562472/KEN/cow/2016/SAT2/IV/Unknown                 9.56%    passed     99.82%
 124  OM562471/KEN/cow/2016/SAT2/IV/Unknown                 9.56%    passed     99.82%
 125  OM562470/KEN/cow/2016/SAT2/IV/Unknown                 9.56%    passed     99.82%
 126  OM562469/KEN/cow/2016/SAT2/IV/Unknown                 9.56%    passed     99.82%
 127  OM562468/KEN/cow/2016/SAT2/IV/Unknown                 9.56%    passed     99.82%
 128  OM562467/KEN/cow/2016/SAT2/IV/Unknown                 9.56%    passed     99.82%
 129  OM562466/KEN/cow/2016/SAT2/IV/Unknown                 9.56%    passed     99.82%
 130  OM562465/KEN/cow/2016/SAT2/IV/Unknown                 9.56%    passed     99.82%
 131  OM562464/KEN/cow/2016/SAT2/IV/Unknown                 9.56%    passed     99.82%
 132  OM562463/KEN/cow/2016/SAT2/IV/Unknown                 9.56%    passed     99.82%
 133  OM562462/KEN/cow/2016/SAT2/IV/Unknown                 9.56%    passed     99.82%
 134  OM562461/KEN/cow/2016/SAT2/IV/Unknown                 9.56%    passed     99.82%
 135  OM562460/KEN/cow/2016/SAT2/IV/Unknown                 9.56%    passed     99.82%
 136  OM562459/KEN/cow/2016/SAT2/IV/Unknown                 9.56%    passed     99.82%
 137  OM562458/KEN/cow/2016/SAT2/IV/Unknown                 9.56%    passed     99.82%
 138  OM562457/KEN/cow/2016/SAT2/IV/Unknown                 9.56%    passed     99.82%
 139  OM562456/KEN/cow/2016/SAT2/IV/Unknown                 9.56%    passed     99.55%
 140  OM562455/KEN/cow/2016/SAT2/IV/Unknown                 9.56%    passed     99.55%
 141  OM562454/KEN/cow/2016/SAT2/IV/Unknown                 9.56%    passed     99.55%
 142  OM562453/KEN/cow/2016/SAT2/IV/Unknown                 9.56%    passed     99.55%
****  TOTAL                                                 9.56%  0 sequences failed composition chi2 test (p-value<5%; df=3)
NOTE: OQ401872/NER/cattle/2020/SAT2/VII/Unknown is identical to OQ401874/NER/cattle/2020/SAT2/VII/Unknown but kept for subsequent analysis
NOTE: OQ401871/NER/cattle/2020/SAT2/VII/Unknown is identical to OQ401873/NER/cattle/2020/SAT2/VII/Unknown but kept for subsequent analysis
NOTE: MW715628/NER/cow/2017/SAT2/VII/Unknown is identical to MW715629/NER/cow/2017/SAT2/VII/Unknown but kept for subsequent analysis
NOTE: MW715626/NER/cow/2017/SAT2/VII/Unknown is identical to MW715627/NER/cow/2017/SAT2/VII/Unknown but kept for subsequent analysis
NOTE: OM562570/KEN/cow/2016/SAT2/IV/Unknown is identical to OM562589/KEN/cow/2016/SAT2/IV/Unknown but kept for subsequent analysis
NOTE: OM562506/KEN/cow/2016/SAT2/IV/Unknown is identical to OM562507/KEN/cow/2016/SAT2/IV/Unknown but kept for subsequent analysis
NOTE: OM562500/KEN/cow/2016/SAT2/IV/Unknown is identical to OM562501/KEN/cow/2016/SAT2/IV/Unknown but kept for subsequent analysis
NOTE: OM562491/KEN/cow/2016/SAT2/IV/Unknown is identical to OM562492/KEN/cow/2016/SAT2/IV/Unknown but kept for subsequent analysis
NOTE: OM562475/KEN/cow/2016/SAT2/IV/Unknown is identical to OM562476/KEN/cow/2016/SAT2/IV/Unknown but kept for subsequent analysis
NOTE: OM562471/KEN/cow/2016/SAT2/IV/Unknown is identical to OM562472/KEN/cow/2016/SAT2/IV/Unknown but kept for subsequent analysis
NOTE: OM562455/KEN/cow/2016/SAT2/IV/Unknown is identical to OM562456/KEN/cow/2016/SAT2/IV/Unknown but kept for subsequent analysis
Checking for duplicate sequences: done in 0.0743625 secs
Identifying sites to remove: done in 0.0015121 secs
NOTE: 56 identical sequences (see below) will be ignored for subsequent analysis
NOTE: OQ401867/NER/cattle/2020/SAT2/VII/Unknown (identical to OQ401874/NER/cattle/2020/SAT2/VII/Unknown) is ignored but added at the end
NOTE: OQ401865/NER/cattle/2020/SAT2/VII/Unknown (identical to OQ401874/NER/cattle/2020/SAT2/VII/Unknown) is ignored but added at the end
NOTE: OQ401869/NER/cattle/2020/SAT2/VII/Unknown (identical to OQ401873/NER/cattle/2020/SAT2/VII/Unknown) is ignored but added at the end
NOTE: OQ401868/NER/cattle/2020/SAT2/VII/Unknown (identical to OQ401873/NER/cattle/2020/SAT2/VII/Unknown) is ignored but added at the end
NOTE: OQ401866/NER/cattle/2020/SAT2/VII/Unknown (identical to OQ401873/NER/cattle/2020/SAT2/VII/Unknown) is ignored but added at the end
NOTE: OM562568/KEN/cow/2016/SAT2/IV/Unknown (identical to OM562589/KEN/cow/2016/SAT2/IV/Unknown) is ignored but added at the end
NOTE: OM562553/KEN/cow/2016/SAT2/IV/Unknown (identical to OM562589/KEN/cow/2016/SAT2/IV/Unknown) is ignored but added at the end
NOTE: OM562550/KEN/cow/2016/SAT2/IV/Unknown (identical to OM562589/KEN/cow/2016/SAT2/IV/Unknown) is ignored but added at the end
NOTE: OM562548/KEN/cow/2016/SAT2/IV/Unknown (identical to OM562589/KEN/cow/2016/SAT2/IV/Unknown) is ignored but added at the end
NOTE: OM562513/KEN/cow/2016/SAT2/IV/Unknown (identical to OM562589/KEN/cow/2016/SAT2/IV/Unknown) is ignored but added at the end
NOTE: OM562512/KEN/cow/2016/SAT2/IV/Unknown (identical to OM562589/KEN/cow/2016/SAT2/IV/Unknown) is ignored but added at the end
NOTE: OM562511/KEN/cow/2016/SAT2/IV/Unknown (identical to OM562589/KEN/cow/2016/SAT2/IV/Unknown) is ignored but added at the end
NOTE: OM562510/KEN/cow/2016/SAT2/IV/Unknown (identical to OM562589/KEN/cow/2016/SAT2/IV/Unknown) is ignored but added at the end
NOTE: OM562509/KEN/cow/2016/SAT2/IV/Unknown (identical to OM562589/KEN/cow/2016/SAT2/IV/Unknown) is ignored but added at the end
NOTE: OM562508/KEN/cow/2016/SAT2/IV/Unknown (identical to OM562589/KEN/cow/2016/SAT2/IV/Unknown) is ignored but added at the end
NOTE: OM562505/KEN/cow/2016/SAT2/IV/Unknown (identical to OM562507/KEN/cow/2016/SAT2/IV/Unknown) is ignored but added at the end
NOTE: OM562504/KEN/cow/2016/SAT2/IV/Unknown (identical to OM562507/KEN/cow/2016/SAT2/IV/Unknown) is ignored but added at the end
NOTE: OM562503/KEN/cow/2016/SAT2/IV/Unknown (identical to OM562507/KEN/cow/2016/SAT2/IV/Unknown) is ignored but added at the end
NOTE: OM562502/KEN/cow/2016/SAT2/IV/Unknown (identical to OM562507/KEN/cow/2016/SAT2/IV/Unknown) is ignored but added at the end
NOTE: OM562499/KEN/cow/2016/SAT2/IV/Unknown (identical to OM562501/KEN/cow/2016/SAT2/IV/Unknown) is ignored but added at the end
NOTE: OM562498/KEN/cow/2016/SAT2/IV/Unknown (identical to OM562501/KEN/cow/2016/SAT2/IV/Unknown) is ignored but added at the end
NOTE: OM562497/KEN/cow/2016/SAT2/IV/Unknown (identical to OM562501/KEN/cow/2016/SAT2/IV/Unknown) is ignored but added at the end
NOTE: OM562496/KEN/cow/2016/SAT2/IV/Unknown (identical to OM562501/KEN/cow/2016/SAT2/IV/Unknown) is ignored but added at the end
NOTE: OM562495/KEN/cow/2016/SAT2/IV/Unknown (identical to OM562501/KEN/cow/2016/SAT2/IV/Unknown) is ignored but added at the end
NOTE: OM562494/KEN/cow/2016/SAT2/IV/Unknown (identical to OM562501/KEN/cow/2016/SAT2/IV/Unknown) is ignored but added at the end
NOTE: OM562493/KEN/cow/2016/SAT2/IV/Unknown (identical to OM562501/KEN/cow/2016/SAT2/IV/Unknown) is ignored but added at the end
NOTE: OM562490/KEN/cow/2016/SAT2/IV/Unknown (identical to OM562492/KEN/cow/2016/SAT2/IV/Unknown) is ignored but added at the end
NOTE: OM562489/KEN/cow/2016/SAT2/IV/Unknown (identical to OM562492/KEN/cow/2016/SAT2/IV/Unknown) is ignored but added at the end
NOTE: OM562488/KEN/cow/2016/SAT2/IV/Unknown (identical to OM562492/KEN/cow/2016/SAT2/IV/Unknown) is ignored but added at the end
NOTE: OM562487/KEN/cow/2016/SAT2/IV/Unknown (identical to OM562492/KEN/cow/2016/SAT2/IV/Unknown) is ignored but added at the end
NOTE: OM562486/KEN/cow/2016/SAT2/IV/Unknown (identical to OM562492/KEN/cow/2016/SAT2/IV/Unknown) is ignored but added at the end
NOTE: OM562485/KEN/cow/2016/SAT2/IV/Unknown (identical to OM562492/KEN/cow/2016/SAT2/IV/Unknown) is ignored but added at the end
NOTE: OM562483/KEN/cow/2016/SAT2/IV/Unknown (identical to OM562492/KEN/cow/2016/SAT2/IV/Unknown) is ignored but added at the end
NOTE: OM562482/KEN/cow/2016/SAT2/IV/Unknown (identical to OM562492/KEN/cow/2016/SAT2/IV/Unknown) is ignored but added at the end
NOTE: OM562481/KEN/cow/2016/SAT2/IV/Unknown (identical to OM562492/KEN/cow/2016/SAT2/IV/Unknown) is ignored but added at the end
NOTE: OM562480/KEN/cow/2016/SAT2/IV/Unknown (identical to OM562492/KEN/cow/2016/SAT2/IV/Unknown) is ignored but added at the end
NOTE: OM562479/KEN/cow/2016/SAT2/IV/Unknown (identical to OM562492/KEN/cow/2016/SAT2/IV/Unknown) is ignored but added at the end
NOTE: OM562478/KEN/cow/2016/SAT2/IV/Unknown (identical to OM562492/KEN/cow/2016/SAT2/IV/Unknown) is ignored but added at the end
NOTE: OM562477/KEN/cow/2016/SAT2/IV/Unknown (identical to OM562492/KEN/cow/2016/SAT2/IV/Unknown) is ignored but added at the end
NOTE: OM562474/KEN/cow/2016/SAT2/IV/Unknown (identical to OM562476/KEN/cow/2016/SAT2/IV/Unknown) is ignored but added at the end
NOTE: OM562470/KEN/cow/2016/SAT2/IV/Unknown (identical to OM562472/KEN/cow/2016/SAT2/IV/Unknown) is ignored but added at the end
NOTE: OM562469/KEN/cow/2016/SAT2/IV/Unknown (identical to OM562472/KEN/cow/2016/SAT2/IV/Unknown) is ignored but added at the end
NOTE: OM562468/KEN/cow/2016/SAT2/IV/Unknown (identical to OM562472/KEN/cow/2016/SAT2/IV/Unknown) is ignored but added at the end
NOTE: OM562467/KEN/cow/2016/SAT2/IV/Unknown (identical to OM562472/KEN/cow/2016/SAT2/IV/Unknown) is ignored but added at the end
NOTE: OM562466/KEN/cow/2016/SAT2/IV/Unknown (identical to OM562472/KEN/cow/2016/SAT2/IV/Unknown) is ignored but added at the end
NOTE: OM562465/KEN/cow/2016/SAT2/IV/Unknown (identical to OM562472/KEN/cow/2016/SAT2/IV/Unknown) is ignored but added at the end
NOTE: OM562464/KEN/cow/2016/SAT2/IV/Unknown (identical to OM562472/KEN/cow/2016/SAT2/IV/Unknown) is ignored but added at the end
NOTE: OM562463/KEN/cow/2016/SAT2/IV/Unknown (identical to OM562472/KEN/cow/2016/SAT2/IV/Unknown) is ignored but added at the end
NOTE: OM562462/KEN/cow/2016/SAT2/IV/Unknown (identical to OM562472/KEN/cow/2016/SAT2/IV/Unknown) is ignored but added at the end
NOTE: OM562461/KEN/cow/2016/SAT2/IV/Unknown (identical to OM562472/KEN/cow/2016/SAT2/IV/Unknown) is ignored but added at the end
NOTE: OM562460/KEN/cow/2016/SAT2/IV/Unknown (identical to OM562472/KEN/cow/2016/SAT2/IV/Unknown) is ignored but added at the end
NOTE: OM562459/KEN/cow/2016/SAT2/IV/Unknown (identical to OM562472/KEN/cow/2016/SAT2/IV/Unknown) is ignored but added at the end
NOTE: OM562458/KEN/cow/2016/SAT2/IV/Unknown (identical to OM562472/KEN/cow/2016/SAT2/IV/Unknown) is ignored but added at the end
NOTE: OM562457/KEN/cow/2016/SAT2/IV/Unknown (identical to OM562472/KEN/cow/2016/SAT2/IV/Unknown) is ignored but added at the end
NOTE: OM562454/KEN/cow/2016/SAT2/IV/Unknown (identical to OM562456/KEN/cow/2016/SAT2/IV/Unknown) is ignored but added at the end
NOTE: OM562453/KEN/cow/2016/SAT2/IV/Unknown (identical to OM562456/KEN/cow/2016/SAT2/IV/Unknown) is ignored but added at the end
Alignment was printed to alignments_no_probang_etc\recombinant_free_regions\SAT2\SAT2_1-539_no_probang.uniqueseq.phy

For your convenience alignment with unique sequences printed to alignments_no_probang_etc\recombinant_free_regions\SAT2\SAT2_1-539_no_probang.uniqueseq.phy
Creating fast initial parsimony tree by random order stepwise addition...
0.022 seconds, parsimony score: 1486 (based on 305 sites)
Generating 1000 samples for ultrafast bootstrap (seed: 320669)...

NOTE: 4 MB RAM (0 GB) is required!
Estimate model parameters (epsilon = 0.100)
Thoroughly optimizing +I+G parameters from 10 start values...
Init pinv, alpha: 0.000, 1.000 / Estimate: 0.000, 0.331 / LogL: -7245.351
Init pinv, alpha: 0.054, 1.000 / Estimate: 0.357, 0.921 / LogL: -7230.937
Init pinv, alpha: 0.109, 1.000 / Estimate: 0.358, 0.928 / LogL: -7230.915
Init pinv, alpha: 0.163, 1.000 / Estimate: 0.357, 0.924 / LogL: -7230.927
Init pinv, alpha: 0.217, 1.000 / Estimate: 0.357, 0.919 / LogL: -7230.941
Init pinv, alpha: 0.271, 1.000 / Estimate: 0.355, 0.914 / LogL: -7230.962
Init pinv, alpha: 0.326, 1.000 / Estimate: 0.357, 0.923 / LogL: -7230.931
Init pinv, alpha: 0.380, 1.000 / Estimate: 0.366, 0.965 / LogL: -7230.874
Init pinv, alpha: 0.434, 1.000 / Estimate: 0.374, 1.011 / LogL: -7230.852
Init pinv, alpha: 0.488, 1.000 / Estimate: 0.376, 1.020 / LogL: -7230.857
Optimal pinv,alpha: 0.374, 1.011 / LogL: -7230.852

Parameters optimization took 11.452 sec
Wrote distance file to... 
Computing ML distances based on estimated model parameters...
Calculating distance matrix: done in 0.0897995 secs using 87% CPU
Computing ML distances took 0.096773 sec (of wall-clock time) 0.078125 sec (of CPU time)
Setting up auxiliary I and S matrices: done in 0.0002961 secs
Constructing RapidNJ tree: done in 0.0009328 secs using 1675% CPU
Computing RapidNJ tree took 0.035035 sec (of wall-clock time) 0.031250 sec (of CPU time)
Log-likelihood of RapidNJ tree: -7298.318
--------------------------------------------------------------------
|             INITIALIZING CANDIDATE TREE SET                      |
--------------------------------------------------------------------
Generating 98 parsimony trees... 2.001 second
Computing log-likelihood of 98 initial trees ... 1.513 seconds
Current best score: -7223.644

Do NNI search on 20 best initial trees
Optimizing NNI: done in 0.59059 secs using 100.5% CPU
Estimate model parameters (epsilon = 0.100)
BETTER TREE FOUND at iteration 1: -7193.972
Optimizing NNI: done in 0.672357 secs using 99.93% CPU
Optimizing NNI: done in 0.587844 secs using 101% CPU
Optimizing NNI: done in 0.676005 secs using 99.39% CPU
Optimizing NNI: done in 0.762437 secs using 100.4% CPU
Optimizing NNI: done in 0.707232 secs using 99.42% CPU
Optimizing NNI: done in 0.720794 secs using 99.72% CPU
Estimate model parameters (epsilon = 0.100)
BETTER TREE FOUND at iteration 7: -7189.820
Optimizing NNI: done in 0.62808 secs using 99.51% CPU
Optimizing NNI: done in 0.657686 secs using 99.78% CPU
Optimizing NNI: done in 0.710437 secs using 101.2% CPU
Iteration 10 / LogL: -7191.823 / Time: 0h:0m:22s
Optimizing NNI: done in 0.869987 secs using 91.6% CPU
Optimizing NNI: done in 1.07312 secs using 84.45% CPU
Optimizing NNI: done in 1.00902 secs using 89.82% CPU
Optimizing NNI: done in 0.917595 secs using 78.33% CPU
Optimizing NNI: done in 0.730385 secs using 85.57% CPU
Optimizing NNI: done in 0.92276 secs using 81.28% CPU
Optimizing NNI: done in 0.816508 secs using 99.51% CPU
Optimizing NNI: done in 0.817742 secs using 91.72% CPU
Optimizing NNI: done in 0.774649 secs using 98.84% CPU
Optimizing NNI: done in 0.920755 secs using 88.24% CPU
Iteration 20 / LogL: -7196.418 / Time: 0h:0m:32s
Finish initializing candidate tree set (20)
Current best tree score: -7189.820 / CPU time: 19.964
Number of iterations: 20
--------------------------------------------------------------------
|               OPTIMIZING CANDIDATE TREE SET                      |
--------------------------------------------------------------------
Optimizing NNI: done in 0.753235 secs using 101.6% CPU
Optimizing NNI: done in 0.860058 secs using 83.57% CPU
Estimate model parameters (epsilon = 0.100)
BETTER TREE FOUND at iteration 22: -7189.266
Optimizing NNI: done in 0.608763 secs using 94.97% CPU
Optimizing NNI: done in 0.457132 secs using 99.12% CPU
Optimizing NNI: done in 0.928845 secs using 82.43% CPU
Optimizing NNI: done in 0.674444 secs using 88.04% CPU
Estimate model parameters (epsilon = 0.100)
BETTER TREE FOUND at iteration 26: -7188.826
Optimizing NNI: done in 0.885362 secs using 51.18% CPU
Optimizing NNI: done in 0.961505 secs using 82.88% CPU
Optimizing NNI: done in 0.562915 secs using 97.15% CPU
Optimizing NNI: done in 0.507131 secs using 86.27% CPU
Iteration 30 / LogL: -7225.653 / Time: 0h:0m:40s (0h:2m:13s left)
Optimizing NNI: done in 0.838544 secs using 95.03% CPU
Optimizing NNI: done in 0.708666 secs using 81.58% CPU
Optimizing NNI: done in 0.375335 secs using 87.42% CPU
Optimizing NNI: done in 0.825001 secs using 83.33% CPU
Optimizing NNI: done in 0.831517 secs using 58.25% CPU
Optimizing NNI: done in 1.20254 secs using 40.28% CPU
Optimizing NNI: done in 0.801532 secs using 87.72% CPU
Optimizing NNI: done in 0.812575 secs using 90.38% CPU
Optimizing NNI: done in 0.850481 secs using 90.02% CPU
Optimizing NNI: done in 0.57883 secs using 97.18% CPU
Estimate model parameters (epsilon = 0.100)
BETTER TREE FOUND at iteration 40: -7188.304
Iteration 40 / LogL: -7188.304 / Time: 0h:0m:50s (0h:2m:9s left)
Optimizing NNI: done in 0.71439 secs using 100.6% CPU
Optimizing NNI: done in 0.651017 secs using 100.8% CPU
Optimizing NNI: done in 0.586711 secs using 95.87% CPU
Optimizing NNI: done in 0.681978 secs using 98.52% CPU
Optimizing NNI: done in 0.611853 secs using 99.6% CPU
Optimizing NNI: done in 0.515553 secs using 100% CPU
Optimizing NNI: done in 0.550066 secs using 102.3% CPU
Optimizing NNI: done in 0.575315 secs using 92.34% CPU
Optimizing NNI: done in 0.755395 secs using 95.15% CPU
Optimizing NNI: done in 0.622518 secs using 100.4% CPU
Iteration 50 / LogL: -7188.664 / Time: 0h:0m:56s (0h:1m:44s left)
Log-likelihood cutoff on original alignment: -7237.903
Optimizing NNI: done in 0.547398 secs using 99.9% CPU
Optimizing NNI: done in 0.861897 secs using 99.71% CPU
Optimizing NNI: done in 0.474004 secs using 95.6% CPU
Optimizing NNI: done in 0.708497 secs using 99.24% CPU
Optimizing NNI: done in 0.586711 secs using 98.54% CPU
Optimizing NNI: done in 0.456355 secs using 99.29% CPU
Optimizing NNI: done in 0.444487 secs using 101.9% CPU
Estimate model parameters (epsilon = 0.100)
BETTER TREE FOUND at iteration 57: -7187.816
Optimizing NNI: done in 0.552729 secs using 96.11% CPU
Optimizing NNI: done in 0.547223 secs using 99.94% CPU
Optimizing NNI: done in 0.519412 secs using 99.27% CPU
Iteration 60 / LogL: -7189.764 / Time: 0h:1m:3s (0h:1m:44s left)
Optimizing NNI: done in 0.635873 secs using 100.7% CPU
Estimate model parameters (epsilon = 0.100)
BETTER TREE FOUND at iteration 61: -7186.054
Optimizing NNI: done in 0.412598 secs using 102.2% CPU
Optimizing NNI: done in 0.548646 secs using 96.83% CPU
Optimizing NNI: done in 0.594456 secs using 99.88% CPU
Optimizing NNI: done in 0.539055 secs using 101.5% CPU
Optimizing NNI: done in 0.464077 secs using 101% CPU
Optimizing NNI: done in 0.595197 secs using 99.76% CPU
Optimizing NNI: done in 0.548013 secs using 99.79% CPU
Optimizing NNI: done in 0.713256 secs using 100.8% CPU
Optimizing NNI: done in 0.703037 secs using 100% CPU
Iteration 70 / LogL: -7186.065 / Time: 0h:1m:9s (0h:1m:32s left)
Optimizing NNI: done in 0.529182 secs using 100.4% CPU
Optimizing NNI: done in 0.798131 secs using 95.93% CPU
Optimizing NNI: done in 0.503521 secs using 99.3% CPU
Optimizing NNI: done in 0.507959 secs using 98.43% CPU
Optimizing NNI: done in 0.417421 secs using 101.1% CPU
Optimizing NNI: done in 0.212096 secs using 95.77% CPU
Optimizing NNI: done in 0.615549 secs using 101.5% CPU
Optimizing NNI: done in 0.574061 secs using 97.99% CPU
Optimizing NNI: done in 0.640326 secs using 97.61% CPU
Optimizing NNI: done in 0.532066 secs using 99.85% CPU
Iteration 80 / LogL: -7188.392 / Time: 0h:1m:15s (0h:1m:17s left)
Optimizing NNI: done in 0.659976 secs using 99.44% CPU
Optimizing NNI: done in 0.620801 secs using 100.7% CPU
Optimizing NNI: done in 0.408396 secs using 99.47% CPU
Optimizing NNI: done in 0.692789 secs using 99.24% CPU
Optimizing NNI: done in 0.437403 secs using 100% CPU
Optimizing NNI: done in 0.592627 secs using 97.55% CPU
Optimizing NNI: done in 0.720042 secs using 99.82% CPU
Optimizing NNI: done in 0.626647 secs using 99.74% CPU
Optimizing NNI: done in 0.687422 secs using 100% CPU
Optimizing NNI: done in 0.76615 secs using 97.89% CPU
Iteration 90 / LogL: -7186.685 / Time: 0h:1m:21s (0h:1m:5s left)
Optimizing NNI: done in 0.747136 secs using 98.29% CPU
BETTER TREE FOUND at iteration 91: -7186.046
Optimizing NNI: done in 0.496966 secs using 94.32% CPU
Optimizing NNI: done in 0.746825 secs using 98.33% CPU
Optimizing NNI: done in 0.456153 secs using 99.34% CPU
Optimizing NNI: done in 0.613799 secs using 99.28% CPU
Optimizing NNI: done in 0.7598 secs using 100.8% CPU
Optimizing NNI: done in 0.510132 secs using 94.95% CPU
Optimizing NNI: done in 0.650738 secs using 100.8% CPU
Optimizing NNI: done in 0.55331 secs using 96.01% CPU
Optimizing NNI: done in 0.461641 secs using 98.16% CPU
Iteration 100 / LogL: -7186.812 / Time: 0h:1m:28s (0h:1m:21s left)
Log-likelihood cutoff on original alignment: -7237.903
NOTE: Bootstrap correlation coefficient of split occurrence frequencies: 0.984
NOTE: UFBoot does not converge, continue at least 100 more iterations
Optimizing NNI: done in 0.5772 secs using 100.2% CPU
Optimizing NNI: done in 0.405416 secs using 96.35% CPU
Optimizing NNI: done in 0.516079 secs using 99.91% CPU
Optimizing NNI: done in 0.626265 secs using 99.8% CPU
Optimizing NNI: done in 0.797027 secs using 98.02% CPU
Optimizing NNI: done in 0.592935 secs using 92.23% CPU
Optimizing NNI: done in 0.612505 secs using 99.49% CPU
Optimizing NNI: done in 0.606097 secs using 97.96% CPU
Optimizing NNI: done in 0.559194 secs using 100.6% CPU
Optimizing NNI: done in 0.647954 secs using 91.63% CPU
Iteration 110 / LogL: -7195.630 / Time: 0h:1m:35s (0h:1m:18s left)
Optimizing NNI: done in 0.738098 secs using 101.6% CPU
Optimizing NNI: done in 0.622866 secs using 100.3% CPU
Optimizing NNI: done in 0.481722 secs using 100.6% CPU
Optimizing NNI: done in 0.674172 secs using 97.34% CPU
Optimizing NNI: done in 0.583697 secs using 91.01% CPU
Optimizing NNI: done in 0.698541 secs using 93.95% CPU
Optimizing NNI: done in 0.579248 secs using 99.81% CPU
Optimizing NNI: done in 0.743738 secs using 98.74% CPU
Optimizing NNI: done in 0.681501 secs using 98.59% CPU
Optimizing NNI: done in 0.500591 secs using 99.88% CPU
Iteration 120 / LogL: -7187.460 / Time: 0h:1m:41s (0h:1m:8s left)
Optimizing NNI: done in 0.689285 secs using 99.74% CPU
BETTER TREE FOUND at iteration 121: -7186.045
Optimizing NNI: done in 0.782738 secs using 95.82% CPU
Optimizing NNI: done in 0.501972 secs using 99.61% CPU
Optimizing NNI: done in 0.749003 secs using 98.05% CPU
Optimizing NNI: done in 0.725645 secs using 99.05% CPU
Optimizing NNI: done in 0.61261 secs using 99.47% CPU
Optimizing NNI: done in 0.521708 secs using 101.8% CPU
Optimizing NNI: done in 0.492832 secs using 98.28% CPU
Optimizing NNI: done in 0.709599 secs using 92.48% CPU
Estimate model parameters (epsilon = 0.100)
BETTER TREE FOUND at iteration 129: -7185.264
Optimizing NNI: done in 0.721087 secs using 97.51% CPU
Iteration 130 / LogL: -7186.288 / Time: 0h:1m:48s (0h:1m:23s left)
Optimizing NNI: done in 0.669269 secs using 100.4% CPU
Optimizing NNI: done in 0.94307 secs using 101.1% CPU
Optimizing NNI: done in 0.466109 secs using 100.6% CPU
Optimizing NNI: done in 0.639424 secs using 95.3% CPU
Estimate model parameters (epsilon = 0.100)
BETTER TREE FOUND at iteration 134: -7184.867
Optimizing NNI: done in 0.527958 secs using 94.7% CPU
Optimizing NNI: done in 0.309889 secs using 95.8% CPU
Optimizing NNI: done in 0.633964 secs using 98.59% CPU
Optimizing NNI: done in 0.79954 secs using 82.08% CPU
Estimate model parameters (epsilon = 0.100)
BETTER TREE FOUND at iteration 138: -7184.777
Optimizing NNI: done in 0.667443 secs using 81.94% CPU
Optimizing NNI: done in 0.895249 secs using 87.27% CPU
Iteration 140 / LogL: -7187.042 / Time: 0h:1m:56s (0h:1m:21s left)
Optimizing NNI: done in 0.822523 secs using 96.88% CPU
Optimizing NNI: done in 0.498029 secs using 100.4% CPU
Optimizing NNI: done in 0.779245 secs using 96.25% CPU
Optimizing NNI: done in 0.507693 secs using 98.48% CPU
Optimizing NNI: done in 0.74524 secs using 88.06% CPU
Estimate model parameters (epsilon = 0.100)
BETTER TREE FOUND at iteration 145: -7184.698
Optimizing NNI: done in 0.821584 secs using 95.09% CPU
Optimizing NNI: done in 0.771914 secs using 97.16% CPU
Optimizing NNI: done in 0.526122 secs using 95.03% CPU
Optimizing NNI: done in 0.853426 secs using 100.7% CPU
Optimizing NNI: done in 0.493007 secs using 101.4% CPU
Iteration 150 / LogL: -7207.403 / Time: 0h:2m:3s (0h:1m:18s left)
Log-likelihood cutoff on original alignment: -7237.903
Optimizing NNI: done in 0.779818 secs using 98.18% CPU
Optimizing NNI: done in 0.332312 secs using 103.4% CPU
Optimizing NNI: done in 0.781741 secs using 99.94% CPU
Optimizing NNI: done in 0.623541 secs using 97.73% CPU
Optimizing NNI: done in 0.496362 secs using 97.59% CPU
Optimizing NNI: done in 0.677225 secs using 96.9% CPU
Optimizing NNI: done in 0.713014 secs using 100.8% CPU
Optimizing NNI: done in 0.535033 secs using 99.29% CPU
Optimizing NNI: done in 0.714869 secs using 98.36% CPU
Optimizing NNI: done in 0.578992 secs using 99.85% CPU
Iteration 160 / LogL: -7184.745 / Time: 0h:2m:10s (0h:1m:9s left)
Optimizing NNI: done in 0.611763 secs using 99.61% CPU
Optimizing NNI: done in 0.819412 secs using 97.25% CPU
Optimizing NNI: done in 0.874992 secs using 87.5% CPU
Optimizing NNI: done in 0.565865 secs using 93.88% CPU
Optimizing NNI: done in 0.720593 secs using 97.58% CPU
Optimizing NNI: done in 0.567627 secs using 90.84% CPU
Optimizing NNI: done in 0.49038 secs using 102% CPU
Optimizing NNI: done in 0.799465 secs using 95.77% CPU
Optimizing NNI: done in 0.52279 secs using 98.63% CPU
Optimizing NNI: done in 0.805593 secs using 96.98% CPU
Iteration 170 / LogL: -7187.636 / Time: 0h:2m:17s (0h:1m:1s left)
Optimizing NNI: done in 0.717027 secs using 98.06% CPU
Optimizing NNI: done in 0.6064 secs using 97.91% CPU
Optimizing NNI: done in 0.648178 secs using 98.83% CPU
Optimizing NNI: done in 0.745707 secs using 98.48% CPU
Optimizing NNI: done in 0.693095 secs using 96.94% CPU
Optimizing NNI: done in 0.767438 secs using 97.73% CPU
Optimizing NNI: done in 0.687128 secs using 95.51% CPU
Optimizing NNI: done in 0.679143 secs using 98.93% CPU
Optimizing NNI: done in 0.442192 secs using 98.94% CPU
Optimizing NNI: done in 0.523068 secs using 101.6% CPU
Iteration 180 / LogL: -7194.815 / Time: 0h:2m:24s (0h:0m:52s left)
Optimizing NNI: done in 0.510427 secs using 101% CPU
Optimizing NNI: done in 0.709156 secs using 99.15% CPU
Optimizing NNI: done in 0.496259 secs using 97.61% CPU
Optimizing NNI: done in 0.81558 secs using 95.79% CPU
Optimizing NNI: done in 0.683823 secs using 95.97% CPU
Optimizing NNI: done in 0.5954 secs using 99.72% CPU
Optimizing NNI: done in 0.518149 secs using 99.51% CPU
Optimizing NNI: done in 0.505087 secs using 102.1% CPU
Optimizing NNI: done in 0.773123 secs using 101.1% CPU
Optimizing NNI: done in 0.465187 secs using 100.8% CPU
Iteration 190 / LogL: -7184.746 / Time: 0h:2m:31s (0h:0m:44s left)
Optimizing NNI: done in 0.684327 secs using 95.9% CPU
Optimizing NNI: done in 0.498609 secs using 94.01% CPU
Optimizing NNI: done in 0.60505 secs using 100.7% CPU
Optimizing NNI: done in 0.72223 secs using 84.37% CPU
Optimizing NNI: done in 0.781982 secs using 95.91% CPU
Optimizing NNI: done in 0.730397 secs using 100.5% CPU
Optimizing NNI: done in 0.8738 secs using 96.56% CPU
Optimizing NNI: done in 1.00064 secs using 98.37% CPU
Optimizing NNI: done in 0.804889 secs using 99% CPU
Optimizing NNI: done in 0.508909 secs using 98.25% CPU
Iteration 200 / LogL: -7187.825 / Time: 0h:2m:39s (0h:0m:35s left)
Log-likelihood cutoff on original alignment: -7237.903
NOTE: Bootstrap correlation coefficient of split occurrence frequencies: 0.990
Optimizing NNI: done in 0.60639 secs using 97.92% CPU
Optimizing NNI: done in 0.385871 secs using 97.18% CPU
Optimizing NNI: done in 0.744829 secs using 98.6% CPU
Optimizing NNI: done in 0.68168 secs using 100.9% CPU
Optimizing NNI: done in 0.582903 secs using 99.18% CPU
Optimizing NNI: done in 0.505519 secs using 95.82% CPU
Optimizing NNI: done in 0.619143 secs using 100.9% CPU
Optimizing NNI: done in 0.905264 secs using 98.38% CPU
Optimizing NNI: done in 0.52326 secs using 98.54% CPU
Optimizing NNI: done in 0.597434 secs using 96.77% CPU
Iteration 210 / LogL: -7184.720 / Time: 0h:2m:46s (0h:1m:11s left)
Optimizing NNI: done in 0.488082 secs using 99.24% CPU
Optimizing NNI: done in 0.650794 secs using 98.44% CPU
Optimizing NNI: done in 0.585024 secs using 98.82% CPU
Optimizing NNI: done in 0.566455 secs using 96.54% CPU
Optimizing NNI: done in 0.533182 secs using 102.6% CPU
Optimizing NNI: done in 0.374269 secs using 96.02% CPU
Optimizing NNI: done in 0.551003 secs using 102.1% CPU
Optimizing NNI: done in 0.624965 secs using 97.51% CPU
Optimizing NNI: done in 0.52604 secs using 98.02% CPU
Optimizing NNI: done in 0.672809 secs using 97.54% CPU
Iteration 220 / LogL: -7184.745 / Time: 0h:2m:52s (0h:1m:2s left)
Optimizing NNI: done in 0.492305 secs using 101.6% CPU
Optimizing NNI: done in 0.691345 secs using 94.92% CPU
Optimizing NNI: done in 0.600769 secs using 98.83% CPU
Optimizing NNI: done in 0.566079 secs using 99.37% CPU
Optimizing NNI: done in 0.626884 secs using 99.7% CPU
Optimizing NNI: done in 0.497559 secs using 100.5% CPU
Optimizing NNI: done in 0.632844 secs using 101.2% CPU
Optimizing NNI: done in 0.459056 secs using 102.1% CPU
Optimizing NNI: done in 0.663766 secs using 98.87% CPU
Optimizing NNI: done in 0.486106 secs using 102.9% CPU
Iteration 230 / LogL: -7187.853 / Time: 0h:2m:58s (0h:0m:54s left)
Optimizing NNI: done in 0.554385 secs using 101.5% CPU
Optimizing NNI: done in 0.681143 secs using 96.35% CPU
Optimizing NNI: done in 0.561292 secs using 97.43% CPU
Optimizing NNI: done in 0.644827 secs using 96.93% CPU
Optimizing NNI: done in 0.616347 secs using 101.4% CPU
Optimizing NNI: done in 0.800798 secs using 101.5% CPU
Optimizing NNI: done in 0.554555 secs using 95.8% CPU
Optimizing NNI: done in 0.489595 secs using 102.1% CPU
Optimizing NNI: done in 0.650141 secs using 100.9% CPU
Optimizing NNI: done in 0.478914 secs using 101.1% CPU
Iteration 240 / LogL: -7184.872 / Time: 0h:3m:5s (0h:0m:46s left)
Optimizing NNI: done in 0.373695 secs using 100.3% CPU
Optimizing NNI: done in 0.52109 secs using 98.95% CPU
Optimizing NNI: done in 0.711082 secs using 96.68% CPU
Optimizing NNI: done in 0.601178 secs using 101.4% CPU
Optimizing NNI: done in 0.5709 secs using 101.3% CPU
Optimizing NNI: done in 0.347319 secs using 89.97% CPU
TREE SEARCH COMPLETED AFTER 246 ITERATIONS / Time: 0h:3m:8s

--------------------------------------------------------------------
|                    FINALIZING TREE SEARCH                        |
--------------------------------------------------------------------
Performs final model parameters optimization
Estimate model parameters (epsilon = 0.010)
1. Initial log-likelihood: -7184.698
Optimal log-likelihood: -7184.692
Rate parameters:  A-C: 0.93409  A-G: 8.05688  A-T: 1.35065  C-G: 0.77693  C-T: 10.61191  G-T: 1.00000
Base frequencies:  A: 0.251  C: 0.273  G: 0.237  T: 0.239
Proportion of invariable sites: 0.361
Gamma shape alpha: 0.950
Parameters optimization took 1 rounds (0.062 sec)
BEST SCORE FOUND : -7184.692
Creating bootstrap support values...
Split supports printed to NEXUS file alignments_no_probang_etc\recombinant_free_regions\SAT2\SAT2_1-539_no_probang.splits.nex
Total tree length: 5.006

Total number of iterations: 246
CPU time used for tree search: 165.625 sec (0h:2m:45s)
Wall-clock time used for tree search: 176.688 sec (0h:2m:56s)
Total CPU time used: 177.828 sec (0h:2m:57s)
Total wall-clock time used: 189.612 sec (0h:3m:9s)

Computing bootstrap consensus tree...
Reading input file alignments_no_probang_etc\recombinant_free_regions\SAT2\SAT2_1-539_no_probang.splits.nex...
86 taxa and 1274 splits.
Consensus tree written to alignments_no_probang_etc\recombinant_free_regions\SAT2\SAT2_1-539_no_probang.contree
Reading input trees file alignments_no_probang_etc\recombinant_free_regions\SAT2\SAT2_1-539_no_probang.contree
Log-likelihood of consensus tree: -7188.348

Analysis results written to: 
  IQ-TREE report:                alignments_no_probang_etc\recombinant_free_regions\SAT2\SAT2_1-539_no_probang.iqtree
  Maximum-likelihood tree:       alignments_no_probang_etc\recombinant_free_regions\SAT2\SAT2_1-539_no_probang.treefile
  Likelihood distances:          alignments_no_probang_etc\recombinant_free_regions\SAT2\SAT2_1-539_no_probang.mldist

Ultrafast bootstrap approximation results written to:
  Split support values:          alignments_no_probang_etc\recombinant_free_regions\SAT2\SAT2_1-539_no_probang.splits.nex
  Consensus tree:                alignments_no_probang_etc\recombinant_free_regions\SAT2\SAT2_1-539_no_probang.contree
  Screen log file:               alignments_no_probang_etc\recombinant_free_regions\SAT2\SAT2_1-539_no_probang.log

Date and Time: Thu Jan 15 15:34:37 2026
