IQ-TREE version 3.0.1 for Windows 64-bit built May  5 2025
Developed by Bui Quang Minh, Thomas Wong, Nhan Ly-Trong, Huaiyan Ren
Contributed by Lam-Tung Nguyen, Dominik Schrempf, Chris Bielow,
Olga Chernomor, Michael Woodhams, Diep Thi Hoang, Heiko Schmidt

Host:    DESKTOP-IAVMJI2 (AVX2, FMA3, 7 GB RAM)
Command: bin/iqtree3.exe -s alignments_no_probang_etc\recombinant_free_regions\SAT2\SAT2_2843-4153_no_probang.fasta -bb 1000 -m GTR+F+I+G -pre alignments_no_probang_etc\recombinant_free_regions\SAT2\SAT2_2843-4153_no_probang
Seed:    745408 (Using SPRNG - Scalable Parallel Random Number Generator)
Time:    Thu Jan 15 15:33:11 2026
Kernel:  AVX+FMA - 1 threads (8 CPU cores detected)

HINT: Use -nt option to specify number of threads because your CPU has 8 cores!
HINT: -nt AUTO will automatically determine the best number of threads to use.

Reading alignment file alignments_no_probang_etc\recombinant_free_regions\SAT2\SAT2_2843-4153_no_probang.fasta ... Fasta format detected
Reading fasta file: done in 0.0057465 secs
Alignment most likely contains DNA/RNA sequences
Constructing alignment: done in 0.0035769 secs
WARNING: 27 sites contain only gaps or ambiguous characters.
Alignment has 142 sequences with 1338 columns, 490 distinct patterns
439 parsimony-informative, 79 singleton sites, 820 constant sites
                                                    Gap/Ambiguity  Composition  p-value
Analyzing sequences: done in 0.0007477 secs
   1  JF749864/ZWE/Unknown/2003/SAT2/I/Unknown              2.02%    passed     88.27%
   2  JF749862/UGA/Unknown/2002/SAT2/X/Unknown              2.02%    passed     57.87%
   3  JF749861/KEN/Unknown/2002/SAT2/IV/Unknown             2.02%    passed     99.95%
   4  KC440884/EGY/Unknown/2012/SAT2/VII/Unknown            2.02%    passed     96.77%
   5  OQ557397/ETH/cow/2022/SAT2/XIV/Unknown                2.02%    passed     75.66%
   6  OQ557396/ETH/cattle/1991/SAT2/XIV/Unknown             2.02%    passed     76.61%
   7  OQ401874/NER/cattle/2020/SAT2/VII/Unknown             2.02%    passed     97.64%
   8  OQ401873/NER/cattle/2020/SAT2/VII/Unknown             2.02%    passed     98.46%
   9  OQ401872/NER/cattle/2020/SAT2/VII/Unknown             2.02%    passed     97.64%
  10  OQ401871/NER/cattle/2020/SAT2/VII/Unknown             2.02%    passed     98.46%
  11  OQ401869/NER/cattle/2020/SAT2/VII/Unknown             2.02%    passed     95.02%
  12  OQ401868/NER/cattle/2020/SAT2/VII/Unknown             2.02%    passed     96.86%
  13  OQ401867/NER/cattle/2020/SAT2/VII/Unknown             2.02%    passed     97.64%
  14  OQ401866/NER/cattle/2020/SAT2/VII/Unknown             2.02%    passed     98.46%
  15  OQ401865/NER/cattle/2020/SAT2/VII/Unknown             2.02%    passed     97.64%
  16  MW355673/ZWE/cattle/1989/SAT2/II/Unknown              2.02%    passed     64.88%
  17  MW355671/MOZ/Unknown/1970/SAT2/I/Unknown              2.02%    passed     97.61%
  18  MW715629/NER/cow/2017/SAT2/VII/Unknown                2.02%    passed     73.99%
  19  MW715628/NER/cow/2017/SAT2/VII/Unknown                2.02%    passed     73.99%
  20  MW715627/NER/cow/2017/SAT2/VII/Unknown                2.02%    passed     73.99%
  21  MW715626/NER/cow/2017/SAT2/VII/Unknown                2.02%    passed     74.06%
  22  MW715624/NER/cow/2017/SAT2/VII/Unknown                2.02%    passed     78.10%
  23  MW715623/NER/cow/2017/SAT2/VII/Unknown                2.02%    passed     74.06%
  24  MW715622/NER/cow/2018/SAT2/VII/Unknown                2.02%    passed     75.20%
  25  MT602092/KEN/cattle/2017/SAT2/IV/Unknown              2.02%    passed     99.79%
  26  MT602090/ETH/cattle/2015/SAT2/VII/Unknown             2.02%    passed     97.69%
  27  MT602089/EGY/cattle/2018/SAT2/VII/Unknown             2.02%    passed     98.45%
  28  MN103523/NER/cow/2014/SAT2/VII/Unknown                2.02%    passed     96.00%
  29  MN116692/KEN/cow/2014/SAT2/IV/Unknown                 2.02%    passed     98.86%
  30  MH053335/ZWE/cattle/1965/SAT2/I/Unknown               2.02%    passed     86.82%
  31  MH053334/ZMB/cattle/1964/SAT2/III/Unknown             2.09%    passed     99.28%
  32  MH053333/ETH/cattle/1989/SAT2/IV/Unknown              2.02%    passed     89.79%
  33  MH053332/BWA/african-buffalo/1974/SAT2/II/Unknown     2.02%    passed     92.76%
  34  MH053331/BWA/african-buffalo/1972/SAT2/II/Unknown     2.02%    passed     91.34%
  35  MH053328/BWA/african-buffalo/1968/SAT2/III/Unknown    2.02%    passed     99.25%
  36  KU821592/ZMB/cow/2009/SAT2/III/Unknown                2.02%    passed     92.60%
  37  KM268900/TZA/cattle/2012/SAT2/IV/Unknown              2.02%    passed     97.93%
  38  JX014256/PSE/cattle/2012/SAT2/VII/Unknown             2.02%    passed     98.23%
  39  JX014255/EGY/Unknown/2012/SAT2/VII/Unknown            2.02%    passed     98.23%
  40  HM067705/UGA/african-buffalo/2007/SAT2/X/Unknown      2.02%    passed     42.89%
  41  HM067704/UGA/african-buffalo/2007/SAT2/X/Unknown      2.02%    passed     93.24%
  42  AY593849/KEN/Unknown/1960/SAT2/IX/Unknown             2.02%    passed     73.63%
  43  AY593848/Unknown/Unknown/1967/SAT2/I/Unknown          2.02%    passed     97.10%
  44  AY593847/ZWE/Unknown/1948/SAT2/III/Unknown            2.02%    passed     95.06%
  45  AJ251473/KEN/Unknown/1957/SAT2/IX/Unknown             2.02%    passed     55.96%
  46  OM562600/KEN/cow/2016/SAT2/IV/Unknown                 2.02%    passed     88.56%
  47  OM562599/KEN/cow/2016/SAT2/IV/Unknown                 2.02%    passed     98.81%
  48  OM562598/KEN/cow/2016/SAT2/IV/Unknown                 2.02%    passed     89.79%
  49  OM562597/KEN/cow/2016/SAT2/IV/Unknown                 2.02%    passed     98.16%
  50  OM562596/KEN/cow/2016/SAT2/IV/Unknown                 2.02%    passed     94.08%
  51  OM562595/KEN/cow/2016/SAT2/IV/Unknown                 2.02%    passed     98.85%
  52  OM562593/KEN/cow/2016/SAT2/IV/Unknown                 2.02%    passed     99.89%
  53  OM562592/KEN/cow/2016/SAT2/IV/Unknown                 2.02%    passed     99.48%
  54  OM562589/KEN/cow/2016/SAT2/IV/Unknown                 2.02%    passed     99.89%
  55  OM562588/KEN/cow/2016/SAT2/IV/Unknown                 2.02%    passed     94.87%
  56  OM562587/KEN/cow/2016/SAT2/IV/Unknown                 2.02%    passed     99.40%
  57  OM562586/KEN/cow/2016/SAT2/IV/Unknown                 2.02%    passed     99.90%
  58  OM562585/KEN/cow/2016/SAT2/IV/Unknown                 2.02%    passed     98.24%
  59  OM562584/KEN/cow/2016/SAT2/IV/Unknown                 2.02%    passed     92.38%
  60  OM562583/KEN/cow/2016/SAT2/IV/Unknown                 2.02%    passed     95.13%
  61  OM562581/KEN/cow/2016/SAT2/IV/Unknown                 2.02%    passed     97.32%
  62  OM562580/KEN/cow/2016/SAT2/IV/Unknown                 2.02%    passed     99.75%
  63  OM562578/KEN/cow/2016/SAT2/IV/Unknown                 2.02%    passed     99.95%
  64  OM562577/KEN/cow/2016/SAT2/IV/Unknown                 2.02%    passed     90.97%
  65  OM562575/KEN/cow/2016/SAT2/IV/Unknown                 2.02%    passed     99.11%
  66  OM562572/KEN/cow/2016/SAT2/IV/Unknown                 2.02%    passed     98.66%
  67  OM562570/KEN/cow/2016/SAT2/IV/Unknown                 2.02%    passed     99.95%
  68  OM562569/KEN/cow/2016/SAT2/IV/Unknown                 2.02%    passed     99.52%
  69  OM562568/KEN/cow/2016/SAT2/IV/Unknown                 2.02%    passed     99.75%
  70  OM562567/KEN/cow/2016/SAT2/IV/Unknown                 2.02%    passed     98.10%
  71  OM562564/KEN/cow/2016/SAT2/IV/Unknown                 2.02%    passed     97.87%
  72  OM562562/KEN/cow/2016/SAT2/IV/Unknown                 2.02%    passed     98.48%
  73  OM562561/KEN/cow/2016/SAT2/IV/Unknown                 2.02%    passed     99.40%
  74  OM562554/KEN/cow/2016/SAT2/IV/Unknown                 2.02%    passed     98.35%
  75  OM562553/KEN/cow/2016/SAT2/IV/Unknown                 2.02%    passed     99.75%
  76  OM562552/KEN/cow/2016/SAT2/IV/Unknown                 2.02%    passed     99.90%
  77  OM562551/KEN/cow/2016/SAT2/IV/Unknown                 2.02%    passed     98.90%
  78  OM562550/KEN/cow/2016/SAT2/IV/Unknown                 2.02%    passed     99.53%
  79  OM562549/KEN/cow/2016/SAT2/IV/Unknown                 2.02%    passed     99.61%
  80  OM562548/KEN/cow/2016/SAT2/IV/Unknown                 2.02%    passed     98.20%
  81  OM562544/KEN/cow/2016/SAT2/IV/Unknown                 2.02%    passed     97.61%
  82  OM562513/KEN/cow/2016/SAT2/IV/Unknown                 2.02%    passed     99.17%
  83  OM562512/KEN/cow/2016/SAT2/IV/Unknown                 2.02%    passed     99.17%
  84  OM562511/KEN/cow/2016/SAT2/IV/Unknown                 2.02%    passed     99.17%
  85  OM562510/KEN/cow/2016/SAT2/IV/Unknown                 2.02%    passed     99.17%
  86  OM562509/KEN/cow/2016/SAT2/IV/Unknown                 2.02%    passed     99.17%
  87  OM562508/KEN/cow/2016/SAT2/IV/Unknown                 2.02%    passed     99.17%
  88  OM562507/KEN/cow/2016/SAT2/IV/Unknown                 2.02%    passed     96.66%
  89  OM562506/KEN/cow/2016/SAT2/IV/Unknown                 2.02%    passed     96.66%
  90  OM562505/KEN/cow/2016/SAT2/IV/Unknown                 2.02%    passed     96.66%
  91  OM562504/KEN/cow/2016/SAT2/IV/Unknown                 2.02%    passed     96.66%
  92  OM562503/KEN/cow/2016/SAT2/IV/Unknown                 2.02%    passed     96.66%
  93  OM562502/KEN/cow/2016/SAT2/IV/Unknown                 2.02%    passed     96.66%
  94  OM562501/KEN/cow/2016/SAT2/IV/Unknown                 2.02%    passed     99.81%
  95  OM562500/KEN/cow/2016/SAT2/IV/Unknown                 2.02%    passed     99.81%
  96  OM562499/KEN/cow/2016/SAT2/IV/Unknown                 2.02%    passed     99.81%
  97  OM562498/KEN/cow/2016/SAT2/IV/Unknown                 2.02%    passed     99.66%
  98  OM562497/KEN/cow/2016/SAT2/IV/Unknown                 2.02%    passed     99.81%
  99  OM562496/KEN/cow/2016/SAT2/IV/Unknown                 2.02%    passed     99.81%
 100  OM562495/KEN/cow/2016/SAT2/IV/Unknown                 2.02%    passed     99.81%
 101  OM562494/KEN/cow/2016/SAT2/IV/Unknown                 2.02%    passed     99.81%
 102  OM562493/KEN/cow/2016/SAT2/IV/Unknown                 2.02%    passed     99.81%
 103  OM562492/KEN/cow/2016/SAT2/IV/Unknown                 2.02%    passed     95.13%
 104  OM562491/KEN/cow/2016/SAT2/IV/Unknown                 2.02%    passed     95.13%
 105  OM562490/KEN/cow/2016/SAT2/IV/Unknown                 2.02%    passed     95.13%
 106  OM562489/KEN/cow/2016/SAT2/IV/Unknown                 2.02%    passed     95.13%
 107  OM562488/KEN/cow/2016/SAT2/IV/Unknown                 2.02%    passed     95.13%
 108  OM562487/KEN/cow/2016/SAT2/IV/Unknown                 2.02%    passed     95.13%
 109  OM562486/KEN/cow/2016/SAT2/IV/Unknown                 2.02%    passed     95.13%
 110  OM562485/KEN/cow/2016/SAT2/IV/Unknown                 2.02%    passed     95.13%
 111  OM562484/KEN/cow/2016/SAT2/IV/Unknown                 2.02%    passed     95.13%
 112  OM562483/KEN/cow/2016/SAT2/IV/Unknown                 2.02%    passed     95.13%
 113  OM562482/KEN/cow/2016/SAT2/IV/Unknown                 2.02%    passed     95.13%
 114  OM562481/KEN/cow/2016/SAT2/IV/Unknown                 2.02%    passed     95.13%
 115  OM562480/KEN/cow/2016/SAT2/IV/Unknown                 2.02%    passed     95.13%
 116  OM562479/KEN/cow/2016/SAT2/IV/Unknown                 2.02%    passed     95.13%
 117  OM562478/KEN/cow/2016/SAT2/IV/Unknown                 2.02%    passed     95.13%
 118  OM562477/KEN/cow/2016/SAT2/IV/Unknown                 2.02%    passed     95.13%
 119  OM562476/KEN/cow/2016/SAT2/IV/Unknown                 2.02%    passed     95.18%
 120  OM562475/KEN/cow/2016/SAT2/IV/Unknown                 2.02%    passed     95.18%
 121  OM562474/KEN/cow/2016/SAT2/IV/Unknown                 2.02%    passed     95.18%
 122  OM562473/KEN/cow/2016/SAT2/IV/Unknown                 2.02%    passed     99.53%
 123  OM562472/KEN/cow/2016/SAT2/IV/Unknown                 2.02%    passed     99.32%
 124  OM562471/KEN/cow/2016/SAT2/IV/Unknown                 2.02%    passed     99.32%
 125  OM562470/KEN/cow/2016/SAT2/IV/Unknown                 2.02%    passed     99.32%
 126  OM562469/KEN/cow/2016/SAT2/IV/Unknown                 2.02%    passed     99.32%
 127  OM562468/KEN/cow/2016/SAT2/IV/Unknown                 2.02%    passed     99.32%
 128  OM562467/KEN/cow/2016/SAT2/IV/Unknown                 2.02%    passed     99.32%
 129  OM562466/KEN/cow/2016/SAT2/IV/Unknown                 2.02%    passed     99.32%
 130  OM562465/KEN/cow/2016/SAT2/IV/Unknown                 2.02%    passed     99.32%
 131  OM562464/KEN/cow/2016/SAT2/IV/Unknown                 2.02%    passed     99.32%
 132  OM562463/KEN/cow/2016/SAT2/IV/Unknown                 2.02%    passed     99.32%
 133  OM562462/KEN/cow/2016/SAT2/IV/Unknown                 2.02%    passed     99.32%
 134  OM562461/KEN/cow/2016/SAT2/IV/Unknown                 2.02%    passed     99.32%
 135  OM562460/KEN/cow/2016/SAT2/IV/Unknown                 2.02%    passed     99.32%
 136  OM562459/KEN/cow/2016/SAT2/IV/Unknown                 2.02%    passed     99.32%
 137  OM562458/KEN/cow/2016/SAT2/IV/Unknown                 2.02%    passed     99.32%
 138  OM562457/KEN/cow/2016/SAT2/IV/Unknown                 2.02%    passed     99.32%
 139  OM562456/KEN/cow/2016/SAT2/IV/Unknown                 2.02%    passed     98.83%
 140  OM562455/KEN/cow/2016/SAT2/IV/Unknown                 2.02%    passed     98.83%
 141  OM562454/KEN/cow/2016/SAT2/IV/Unknown                 2.02%    passed     98.83%
 142  OM562453/KEN/cow/2016/SAT2/IV/Unknown                 2.02%    passed     99.36%
****  TOTAL                                                 2.02%  0 sequences failed composition chi2 test (p-value<5%; df=3)
NOTE: OQ401872/NER/cattle/2020/SAT2/VII/Unknown is identical to OQ401874/NER/cattle/2020/SAT2/VII/Unknown but kept for subsequent analysis
NOTE: OQ401871/NER/cattle/2020/SAT2/VII/Unknown is identical to OQ401873/NER/cattle/2020/SAT2/VII/Unknown but kept for subsequent analysis
NOTE: MW715628/NER/cow/2017/SAT2/VII/Unknown is identical to MW715629/NER/cow/2017/SAT2/VII/Unknown but kept for subsequent analysis
NOTE: OM562512/KEN/cow/2016/SAT2/IV/Unknown is identical to OM562513/KEN/cow/2016/SAT2/IV/Unknown but kept for subsequent analysis
NOTE: OM562506/KEN/cow/2016/SAT2/IV/Unknown is identical to OM562507/KEN/cow/2016/SAT2/IV/Unknown but kept for subsequent analysis
NOTE: OM562500/KEN/cow/2016/SAT2/IV/Unknown is identical to OM562501/KEN/cow/2016/SAT2/IV/Unknown but kept for subsequent analysis
NOTE: OM562491/KEN/cow/2016/SAT2/IV/Unknown is identical to OM562492/KEN/cow/2016/SAT2/IV/Unknown but kept for subsequent analysis
NOTE: OM562475/KEN/cow/2016/SAT2/IV/Unknown is identical to OM562476/KEN/cow/2016/SAT2/IV/Unknown but kept for subsequent analysis
NOTE: OM562471/KEN/cow/2016/SAT2/IV/Unknown is identical to OM562472/KEN/cow/2016/SAT2/IV/Unknown but kept for subsequent analysis
NOTE: OM562455/KEN/cow/2016/SAT2/IV/Unknown is identical to OM562456/KEN/cow/2016/SAT2/IV/Unknown but kept for subsequent analysis
Checking for duplicate sequences: done in 0.0709537 secs
Identifying sites to remove: done in 0.002853 secs
NOTE: 48 identical sequences (see below) will be ignored for subsequent analysis
NOTE: OQ401867/NER/cattle/2020/SAT2/VII/Unknown (identical to OQ401874/NER/cattle/2020/SAT2/VII/Unknown) is ignored but added at the end
NOTE: OQ401865/NER/cattle/2020/SAT2/VII/Unknown (identical to OQ401874/NER/cattle/2020/SAT2/VII/Unknown) is ignored but added at the end
NOTE: OQ401866/NER/cattle/2020/SAT2/VII/Unknown (identical to OQ401873/NER/cattle/2020/SAT2/VII/Unknown) is ignored but added at the end
NOTE: MW715627/NER/cow/2017/SAT2/VII/Unknown (identical to MW715629/NER/cow/2017/SAT2/VII/Unknown) is ignored but added at the end
NOTE: OM562511/KEN/cow/2016/SAT2/IV/Unknown (identical to OM562513/KEN/cow/2016/SAT2/IV/Unknown) is ignored but added at the end
NOTE: OM562510/KEN/cow/2016/SAT2/IV/Unknown (identical to OM562513/KEN/cow/2016/SAT2/IV/Unknown) is ignored but added at the end
NOTE: OM562509/KEN/cow/2016/SAT2/IV/Unknown (identical to OM562513/KEN/cow/2016/SAT2/IV/Unknown) is ignored but added at the end
NOTE: OM562508/KEN/cow/2016/SAT2/IV/Unknown (identical to OM562513/KEN/cow/2016/SAT2/IV/Unknown) is ignored but added at the end
NOTE: OM562505/KEN/cow/2016/SAT2/IV/Unknown (identical to OM562507/KEN/cow/2016/SAT2/IV/Unknown) is ignored but added at the end
NOTE: OM562504/KEN/cow/2016/SAT2/IV/Unknown (identical to OM562507/KEN/cow/2016/SAT2/IV/Unknown) is ignored but added at the end
NOTE: OM562503/KEN/cow/2016/SAT2/IV/Unknown (identical to OM562507/KEN/cow/2016/SAT2/IV/Unknown) is ignored but added at the end
NOTE: OM562502/KEN/cow/2016/SAT2/IV/Unknown (identical to OM562507/KEN/cow/2016/SAT2/IV/Unknown) is ignored but added at the end
NOTE: OM562499/KEN/cow/2016/SAT2/IV/Unknown (identical to OM562501/KEN/cow/2016/SAT2/IV/Unknown) is ignored but added at the end
NOTE: OM562497/KEN/cow/2016/SAT2/IV/Unknown (identical to OM562501/KEN/cow/2016/SAT2/IV/Unknown) is ignored but added at the end
NOTE: OM562496/KEN/cow/2016/SAT2/IV/Unknown (identical to OM562501/KEN/cow/2016/SAT2/IV/Unknown) is ignored but added at the end
NOTE: OM562495/KEN/cow/2016/SAT2/IV/Unknown (identical to OM562501/KEN/cow/2016/SAT2/IV/Unknown) is ignored but added at the end
NOTE: OM562494/KEN/cow/2016/SAT2/IV/Unknown (identical to OM562501/KEN/cow/2016/SAT2/IV/Unknown) is ignored but added at the end
NOTE: OM562493/KEN/cow/2016/SAT2/IV/Unknown (identical to OM562501/KEN/cow/2016/SAT2/IV/Unknown) is ignored but added at the end
NOTE: OM562490/KEN/cow/2016/SAT2/IV/Unknown (identical to OM562492/KEN/cow/2016/SAT2/IV/Unknown) is ignored but added at the end
NOTE: OM562489/KEN/cow/2016/SAT2/IV/Unknown (identical to OM562492/KEN/cow/2016/SAT2/IV/Unknown) is ignored but added at the end
NOTE: OM562488/KEN/cow/2016/SAT2/IV/Unknown (identical to OM562492/KEN/cow/2016/SAT2/IV/Unknown) is ignored but added at the end
NOTE: OM562487/KEN/cow/2016/SAT2/IV/Unknown (identical to OM562492/KEN/cow/2016/SAT2/IV/Unknown) is ignored but added at the end
NOTE: OM562486/KEN/cow/2016/SAT2/IV/Unknown (identical to OM562492/KEN/cow/2016/SAT2/IV/Unknown) is ignored but added at the end
NOTE: OM562485/KEN/cow/2016/SAT2/IV/Unknown (identical to OM562492/KEN/cow/2016/SAT2/IV/Unknown) is ignored but added at the end
NOTE: OM562484/KEN/cow/2016/SAT2/IV/Unknown (identical to OM562492/KEN/cow/2016/SAT2/IV/Unknown) is ignored but added at the end
NOTE: OM562483/KEN/cow/2016/SAT2/IV/Unknown (identical to OM562492/KEN/cow/2016/SAT2/IV/Unknown) is ignored but added at the end
NOTE: OM562482/KEN/cow/2016/SAT2/IV/Unknown (identical to OM562492/KEN/cow/2016/SAT2/IV/Unknown) is ignored but added at the end
NOTE: OM562481/KEN/cow/2016/SAT2/IV/Unknown (identical to OM562492/KEN/cow/2016/SAT2/IV/Unknown) is ignored but added at the end
NOTE: OM562480/KEN/cow/2016/SAT2/IV/Unknown (identical to OM562492/KEN/cow/2016/SAT2/IV/Unknown) is ignored but added at the end
NOTE: OM562479/KEN/cow/2016/SAT2/IV/Unknown (identical to OM562492/KEN/cow/2016/SAT2/IV/Unknown) is ignored but added at the end
NOTE: OM562478/KEN/cow/2016/SAT2/IV/Unknown (identical to OM562492/KEN/cow/2016/SAT2/IV/Unknown) is ignored but added at the end
NOTE: OM562477/KEN/cow/2016/SAT2/IV/Unknown (identical to OM562492/KEN/cow/2016/SAT2/IV/Unknown) is ignored but added at the end
NOTE: OM562474/KEN/cow/2016/SAT2/IV/Unknown (identical to OM562476/KEN/cow/2016/SAT2/IV/Unknown) is ignored but added at the end
NOTE: OM562470/KEN/cow/2016/SAT2/IV/Unknown (identical to OM562472/KEN/cow/2016/SAT2/IV/Unknown) is ignored but added at the end
NOTE: OM562469/KEN/cow/2016/SAT2/IV/Unknown (identical to OM562472/KEN/cow/2016/SAT2/IV/Unknown) is ignored but added at the end
NOTE: OM562468/KEN/cow/2016/SAT2/IV/Unknown (identical to OM562472/KEN/cow/2016/SAT2/IV/Unknown) is ignored but added at the end
NOTE: OM562467/KEN/cow/2016/SAT2/IV/Unknown (identical to OM562472/KEN/cow/2016/SAT2/IV/Unknown) is ignored but added at the end
NOTE: OM562466/KEN/cow/2016/SAT2/IV/Unknown (identical to OM562472/KEN/cow/2016/SAT2/IV/Unknown) is ignored but added at the end
NOTE: OM562465/KEN/cow/2016/SAT2/IV/Unknown (identical to OM562472/KEN/cow/2016/SAT2/IV/Unknown) is ignored but added at the end
NOTE: OM562464/KEN/cow/2016/SAT2/IV/Unknown (identical to OM562472/KEN/cow/2016/SAT2/IV/Unknown) is ignored but added at the end
NOTE: OM562463/KEN/cow/2016/SAT2/IV/Unknown (identical to OM562472/KEN/cow/2016/SAT2/IV/Unknown) is ignored but added at the end
NOTE: OM562462/KEN/cow/2016/SAT2/IV/Unknown (identical to OM562472/KEN/cow/2016/SAT2/IV/Unknown) is ignored but added at the end
NOTE: OM562461/KEN/cow/2016/SAT2/IV/Unknown (identical to OM562472/KEN/cow/2016/SAT2/IV/Unknown) is ignored but added at the end
NOTE: OM562460/KEN/cow/2016/SAT2/IV/Unknown (identical to OM562472/KEN/cow/2016/SAT2/IV/Unknown) is ignored but added at the end
NOTE: OM562459/KEN/cow/2016/SAT2/IV/Unknown (identical to OM562472/KEN/cow/2016/SAT2/IV/Unknown) is ignored but added at the end
NOTE: OM562458/KEN/cow/2016/SAT2/IV/Unknown (identical to OM562472/KEN/cow/2016/SAT2/IV/Unknown) is ignored but added at the end
NOTE: OM562457/KEN/cow/2016/SAT2/IV/Unknown (identical to OM562472/KEN/cow/2016/SAT2/IV/Unknown) is ignored but added at the end
NOTE: OM562454/KEN/cow/2016/SAT2/IV/Unknown (identical to OM562456/KEN/cow/2016/SAT2/IV/Unknown) is ignored but added at the end
Alignment was printed to alignments_no_probang_etc\recombinant_free_regions\SAT2\SAT2_2843-4153_no_probang.uniqueseq.phy

For your convenience alignment with unique sequences printed to alignments_no_probang_etc\recombinant_free_regions\SAT2\SAT2_2843-4153_no_probang.uniqueseq.phy
Creating fast initial parsimony tree by random order stepwise addition...
0.028 seconds, parsimony score: 2368 (based on 518 sites)
Generating 1000 samples for ultrafast bootstrap (seed: 745408)...

NOTE: 7 MB RAM (0 GB) is required!
Estimate model parameters (epsilon = 0.100)
Thoroughly optimizing +I+G parameters from 10 start values...
Init pinv, alpha: 0.000, 1.000 / Estimate: 0.000, 0.235 / LogL: -12799.600
Init pinv, alpha: 0.068, 1.000 / Estimate: 0.491, 0.651 / LogL: -12715.652
Init pinv, alpha: 0.136, 1.000 / Estimate: 0.490, 0.647 / LogL: -12715.678
Init pinv, alpha: 0.204, 1.000 / Estimate: 0.491, 0.651 / LogL: -12715.656
Init pinv, alpha: 0.272, 1.000 / Estimate: 0.491, 0.650 / LogL: -12715.667
Init pinv, alpha: 0.340, 1.000 / Estimate: 0.489, 0.645 / LogL: -12715.705
Init pinv, alpha: 0.409, 1.000 / Estimate: 0.491, 0.651 / LogL: -12715.674
Init pinv, alpha: 0.477, 1.000 / Estimate: 0.490, 0.648 / LogL: -12715.705
Init pinv, alpha: 0.545, 1.000 / Estimate: 0.507, 0.705 / LogL: -12715.657
Init pinv, alpha: 0.613, 1.000 / Estimate: 0.510, 0.714 / LogL: -12715.716
Optimal pinv,alpha: 0.491, 0.651 / LogL: -12715.652

Parameters optimization took 20.599 sec
Wrote distance file to... 
Computing ML distances based on estimated model parameters...
Calculating distance matrix: done in 0.0806279 secs using 96.9% CPU
Computing ML distances took 0.089099 sec (of wall-clock time) 0.078125 sec (of CPU time)
Setting up auxiliary I and S matrices: done in 0.0003806 secs
Constructing RapidNJ tree: done in 0.0010796 secs
Computing RapidNJ tree took 0.038918 sec (of wall-clock time) 0.031250 sec (of CPU time)
Log-likelihood of RapidNJ tree: -12774.302
--------------------------------------------------------------------
|             INITIALIZING CANDIDATE TREE SET                      |
--------------------------------------------------------------------
Generating 98 parsimony trees... 2.413 second
Computing log-likelihood of 98 initial trees ... 2.557 seconds
Current best score: -12715.652

Do NNI search on 20 best initial trees
Optimizing NNI: done in 0.828294 secs using 98.09% CPU
Estimate model parameters (epsilon = 0.100)
BETTER TREE FOUND at iteration 1: -12677.660
Optimizing NNI: done in 1.06982 secs using 96.39% CPU
Estimate model parameters (epsilon = 0.100)
BETTER TREE FOUND at iteration 2: -12656.121
Optimizing NNI: done in 1.09033 secs using 94.58% CPU
Optimizing NNI: done in 1.13569 secs using 100.4% CPU
Optimizing NNI: done in 0.904039 secs using 93.33% CPU
Optimizing NNI: done in 1.02068 secs using 99.51% CPU
Optimizing NNI: done in 0.93477 secs using 100.3% CPU
Optimizing NNI: done in 1.09083 secs using 100.3% CPU
Optimizing NNI: done in 1.03188 secs using 98.42% CPU
Optimizing NNI: done in 0.967892 secs using 98.47% CPU
Iteration 10 / LogL: -12675.728 / Time: 0h:0m:37s
Optimizing NNI: done in 1.04942 secs using 101.2% CPU
Optimizing NNI: done in 1.15235 secs using 98.98% CPU
Optimizing NNI: done in 1.06423 secs using 99.84% CPU
Optimizing NNI: done in 0.837684 secs using 96.99% CPU
Optimizing NNI: done in 1.17237 secs using 98.63% CPU
Optimizing NNI: done in 1.36535 secs using 99.56% CPU
Optimizing NNI: done in 1.12857 secs using 101.1% CPU
Optimizing NNI: done in 0.99585 secs using 95.71% CPU
Optimizing NNI: done in 1.32004 secs using 93.51% CPU
Optimizing NNI: done in 1.05198 secs using 99.51% CPU
Iteration 20 / LogL: -12657.005 / Time: 0h:0m:48s
Finish initializing candidate tree set (20)
Current best tree score: -12656.121 / CPU time: 27.186
Number of iterations: 20
--------------------------------------------------------------------
|               OPTIMIZING CANDIDATE TREE SET                      |
--------------------------------------------------------------------
Optimizing NNI: done in 0.577134 secs using 86.64% CPU
Optimizing NNI: done in 0.999507 secs using 95.36% CPU
Estimate model parameters (epsilon = 0.100)
BETTER TREE FOUND at iteration 22: -12654.900
Optimizing NNI: done in 0.798171 secs using 97.88% CPU
Optimizing NNI: done in 1.11317 secs using 96.85% CPU
Optimizing NNI: done in 0.727173 secs using 96.69% CPU
Optimizing NNI: done in 0.890631 secs using 98.24% CPU
Optimizing NNI: done in 0.757784 secs using 98.97% CPU
Optimizing NNI: done in 0.678755 secs using 98.99% CPU
Optimizing NNI: done in 0.780282 secs using 100.1% CPU
Optimizing NNI: done in 0.937319 secs using 100% CPU
Iteration 30 / LogL: -12654.906 / Time: 0h:0m:57s (0h:3m:0s left)
Optimizing NNI: done in 0.697235 secs using 100.8% CPU
Optimizing NNI: done in 0.683279 secs using 98.33% CPU
Optimizing NNI: done in 0.714437 secs using 96.23% CPU
Optimizing NNI: done in 0.686794 secs using 97.83% CPU
Optimizing NNI: done in 0.875437 secs using 99.95% CPU
Optimizing NNI: done in 0.740045 secs using 97.12% CPU
Optimizing NNI: done in 0.82722 secs using 98.22% CPU
Optimizing NNI: done in 0.556647 secs using 95.44% CPU
Optimizing NNI: done in 0.669573 secs using 100.3% CPU
Optimizing NNI: done in 0.649531 secs using 98.63% CPU
Iteration 40 / LogL: -12694.350 / Time: 0h:1m:4s (0h:2m:15s left)
Optimizing NNI: done in 0.887931 secs using 96.78% CPU
Optimizing NNI: done in 0.829707 secs using 99.81% CPU
Optimizing NNI: done in 0.829965 secs using 99.78% CPU
Optimizing NNI: done in 0.635918 secs using 100.7% CPU
Optimizing NNI: done in 0.844149 secs using 99.95% CPU
Optimizing NNI: done in 0.78011 secs using 100.1% CPU
Optimizing NNI: done in 0.684607 secs using 100.4% CPU
Optimizing NNI: done in 0.556629 secs using 98.25% CPU
Optimizing NNI: done in 0.724697 secs using 99.18% CPU
Optimizing NNI: done in 0.805522 secs using 98.93% CPU
Iteration 50 / LogL: -12655.406 / Time: 0h:1m:12s (0h:1m:46s left)
Log-likelihood cutoff on original alignment: -12706.407
Optimizing NNI: done in 0.854948 secs using 98.69% CPU
Optimizing NNI: done in 0.611365 secs using 99.67% CPU
Optimizing NNI: done in 0.758557 secs using 96.81% CPU
Estimate model parameters (epsilon = 0.100)
BETTER TREE FOUND at iteration 53: -12654.835
Optimizing NNI: done in 0.702725 secs using 100.1% CPU
Optimizing NNI: done in 0.783184 secs using 99.75% CPU
Optimizing NNI: done in 0.836861 secs using 100.8% CPU
Optimizing NNI: done in 0.672681 secs using 99.88% CPU
Optimizing NNI: done in 0.741892 secs using 98.99% CPU
Optimizing NNI: done in 0.759627 secs using 100.8% CPU
Optimizing NNI: done in 0.973357 secs using 99.53% CPU
Iteration 60 / LogL: -12655.379 / Time: 0h:1m:20s (0h:2m:7s left)
Optimizing NNI: done in 0.694058 secs using 96.8% CPU
Optimizing NNI: done in 0.835077 secs using 99.17% CPU
Optimizing NNI: done in 0.725475 secs using 101.2% CPU
Optimizing NNI: done in 0.657091 secs using 97.49% CPU
Optimizing NNI: done in 0.785636 secs using 97.45% CPU
Optimizing NNI: done in 0.798276 secs using 95.91% CPU
Optimizing NNI: done in 0.763193 secs using 98.27% CPU
Optimizing NNI: done in 0.841084 secs using 100.3% CPU
Estimate model parameters (epsilon = 0.100)
BETTER TREE FOUND at iteration 68: -12653.924
Optimizing NNI: done in 0.778095 secs using 100.4% CPU
Optimizing NNI: done in 0.759754 secs using 100.8% CPU
Iteration 70 / LogL: -12654.769 / Time: 0h:1m:28s (0h:2m:6s left)
Optimizing NNI: done in 0.75475 secs using 101.4% CPU
Optimizing NNI: done in 0.749276 secs using 95.93% CPU
Optimizing NNI: done in 0.607411 secs using 92.61% CPU
Optimizing NNI: done in 0.896269 secs using 88.91% CPU
Optimizing NNI: done in 1.27118 secs using 77.44% CPU
Optimizing NNI: done in 0.867206 secs using 99.1% CPU
Optimizing NNI: done in 0.855923 secs using 93.1% CPU
Optimizing NNI: done in 0.705361 secs using 86.39% CPU
Optimizing NNI: done in 1.2735 secs using 78.52% CPU
Optimizing NNI: done in 1.08628 secs using 74.8% CPU
Iteration 80 / LogL: -12656.272 / Time: 0h:1m:38s (0h:1m:49s left)
Optimizing NNI: done in 0.924879 secs using 94.61% CPU
Optimizing NNI: done in 0.965728 secs using 90.61% CPU
Optimizing NNI: done in 1.1449 secs using 91.44% CPU
Optimizing NNI: done in 0.825955 secs using 90.8% CPU
Optimizing NNI: done in 0.801546 secs using 91.62% CPU
Optimizing NNI: done in 0.793048 secs using 88.66% CPU
Optimizing NNI: done in 0.767284 secs using 99.78% CPU
Optimizing NNI: done in 1.00118 secs using 93.64% CPU
BETTER TREE FOUND at iteration 88: -12653.924
Optimizing NNI: done in 0.802334 secs using 95.42% CPU
Optimizing NNI: done in 0.735311 secs using 97.75% CPU
Iteration 90 / LogL: -12659.765 / Time: 0h:1m:47s (0h:1m:58s left)
Optimizing NNI: done in 0.728323 secs using 96.54% CPU
Optimizing NNI: done in 0.820492 secs using 95.22% CPU
Optimizing NNI: done in 0.805086 secs using 98.98% CPU
Optimizing NNI: done in 0.690049 secs using 101.9% CPU
Optimizing NNI: done in 0.795929 secs using 100.1% CPU
Optimizing NNI: done in 0.530459 secs using 97.2% CPU
Optimizing NNI: done in 0.709023 secs using 96.96% CPU
Optimizing NNI: done in 0.673402 secs using 99.77% CPU
Optimizing NNI: done in 0.673499 secs using 97.44% CPU
Optimizing NNI: done in 0.539191 secs using 101.4% CPU
Iteration 100 / LogL: -12658.290 / Time: 0h:1m:54s (0h:1m:42s left)
Log-likelihood cutoff on original alignment: -12706.407
NOTE: Bootstrap correlation coefficient of split occurrence frequencies: 0.997
Optimizing NNI: done in 0.463401 secs using 101.2% CPU
Optimizing NNI: done in 0.651135 secs using 100.8% CPU
Optimizing NNI: done in 0.708134 secs using 99.29% CPU
Optimizing NNI: done in 1.16041 secs using 75.4% CPU
Optimizing NNI: done in 0.777698 secs using 84.38% CPU
Optimizing NNI: done in 0.963317 secs using 89.21% CPU
Optimizing NNI: done in 0.920326 secs using 91.68% CPU
Optimizing NNI: done in 1.04685 secs using 88.06% CPU
Optimizing NNI: done in 0.708534 secs using 99.24% CPU
Optimizing NNI: done in 0.593393 secs using 97.43% CPU
Iteration 110 / LogL: -12653.942 / Time: 0h:2m:3s (0h:1m:42s left)
Optimizing NNI: done in 0.693042 secs using 94.69% CPU
Optimizing NNI: done in 0.698605 secs using 96.17% CPU
Optimizing NNI: done in 0.500948 secs using 99.81% CPU
Optimizing NNI: done in 0.573596 secs using 100.8% CPU
Optimizing NNI: done in 0.495695 secs using 100.9% CPU
Optimizing NNI: done in 0.539642 secs using 98.44% CPU
Optimizing NNI: done in 0.557136 secs using 101% CPU
Optimizing NNI: done in 0.607769 secs using 97.69% CPU
Optimizing NNI: done in 0.544507 secs using 97.57% CPU
Optimizing NNI: done in 0.54177 secs using 98.06% CPU
Iteration 120 / LogL: -12653.931 / Time: 0h:2m:9s (0h:1m:27s left)
Optimizing NNI: done in 0.594578 secs using 94.6% CPU
Optimizing NNI: done in 0.695445 secs using 96.61% CPU
Optimizing NNI: done in 0.550196 secs using 99.4% CPU
Optimizing NNI: done in 0.653068 secs using 100.5% CPU
Optimizing NNI: done in 0.532084 secs using 99.84% CPU
Optimizing NNI: done in 0.749955 secs using 95.84% CPU
Optimizing NNI: done in 0.666014 secs using 100.9% CPU
Optimizing NNI: done in 0.578975 secs using 99.85% CPU
Optimizing NNI: done in 0.612041 secs using 97.01% CPU
Optimizing NNI: done in 0.723806 secs using 99.3% CPU
Iteration 130 / LogL: -12654.841 / Time: 0h:2m:16s (0h:1m:13s left)
Optimizing NNI: done in 0.51351 secs using 100.4% CPU
Optimizing NNI: done in 0.560785 secs using 97.52% CPU
Optimizing NNI: done in 0.69354 secs using 101.4% CPU
Optimizing NNI: done in 0.705567 secs using 99.65% CPU
Optimizing NNI: done in 0.564215 secs using 99.7% CPU
Optimizing NNI: done in 0.695488 secs using 101.1% CPU
Optimizing NNI: done in 0.620662 secs using 100.7% CPU
Optimizing NNI: done in 0.724631 secs using 90.56% CPU
Optimizing NNI: done in 0.736129 secs using 99.76% CPU
Optimizing NNI: done in 0.568101 secs using 99.01% CPU
Iteration 140 / LogL: -12654.395 / Time: 0h:2m:22s (0h:1m:1s left)
Optimizing NNI: done in 0.571562 secs using 95.68% CPU
Optimizing NNI: done in 0.533901 secs using 99.5% CPU
Optimizing NNI: done in 0.655663 secs using 100.1% CPU
Optimizing NNI: done in 0.692962 secs using 99.21% CPU
Optimizing NNI: done in 0.55055 secs using 102.2% CPU
Optimizing NNI: done in 0.523214 secs using 98.55% CPU
Optimizing NNI: done in 0.539117 secs using 101.4% CPU
Optimizing NNI: done in 0.565626 secs using 99.45% CPU
Optimizing NNI: done in 0.625506 secs using 94.92% CPU
Optimizing NNI: done in 0.431597 secs using 101.4% CPU
Iteration 150 / LogL: -12658.807 / Time: 0h:2m:28s (0h:0m:49s left)
Log-likelihood cutoff on original alignment: -12706.407
Optimizing NNI: done in 0.538312 secs using 98.69% CPU
Optimizing NNI: done in 0.33906 secs using 96.77% CPU
Optimizing NNI: done in 0.483755 secs using 100.1% CPU
Optimizing NNI: done in 0.528324 secs using 100.6% CPU
Optimizing NNI: done in 0.826063 secs using 100.2% CPU
Optimizing NNI: done in 0.604542 secs using 100.8% CPU
Optimizing NNI: done in 0.544215 secs using 97.62% CPU
Optimizing NNI: done in 0.580458 secs using 102.3% CPU
Optimizing NNI: done in 0.462308 secs using 98.01% CPU
Optimizing NNI: done in 0.699118 secs using 93.87% CPU
Iteration 160 / LogL: -12658.295 / Time: 0h:2m:35s (0h:0m:39s left)
Optimizing NNI: done in 0.534865 secs using 99.32% CPU
Optimizing NNI: done in 0.637815 secs using 100.4% CPU
Optimizing NNI: done in 0.45193 secs using 100.3% CPU
Optimizing NNI: done in 0.576326 secs using 100.3% CPU
Optimizing NNI: done in 0.689411 secs using 97.46% CPU
Optimizing NNI: done in 0.590393 secs using 100.6% CPU
Optimizing NNI: done in 0.414247 secs using 98.07% CPU
Optimizing NNI: done in 0.42885 secs using 102% CPU
Optimizing NNI: done in 0.49481 secs using 101% CPU
Optimizing NNI: done in 0.687525 secs using 97.72% CPU
Iteration 170 / LogL: -12655.321 / Time: 0h:2m:41s (0h:0m:28s left)
Optimizing NNI: done in 0.508971 secs using 95.17% CPU
Optimizing NNI: done in 0.583198 secs using 101.8% CPU
Optimizing NNI: done in 0.556973 secs using 98.19% CPU
BETTER TREE FOUND at iteration 173: -12653.923
Optimizing NNI: done in 0.526739 secs using 100.9% CPU
Optimizing NNI: done in 0.689264 secs using 99.74% CPU
Optimizing NNI: done in 0.547292 secs using 99.92% CPU
Optimizing NNI: done in 0.426283 secs using 98.97% CPU
Optimizing NNI: done in 0.593396 secs using 100.1% CPU
Optimizing NNI: done in 0.544826 secs using 100.4% CPU
Optimizing NNI: done in 0.59079 secs using 100.5% CPU
Iteration 180 / LogL: -12656.420 / Time: 0h:2m:46s (0h:1m:26s left)
Optimizing NNI: done in 0.438074 secs using 99.87% CPU
Optimizing NNI: done in 0.583706 secs using 91.01% CPU
Optimizing NNI: done in 0.725998 secs using 96.85% CPU
Optimizing NNI: done in 0.80335 secs using 93.36% CPU
Optimizing NNI: done in 0.854899 secs using 93.21% CPU
Optimizing NNI: done in 0.619347 secs using 95.87% CPU
Optimizing NNI: done in 0.727518 secs using 90.2% CPU
Optimizing NNI: done in 0.469382 secs using 99.87% CPU
Optimizing NNI: done in 0.651623 secs using 98.31% CPU
Optimizing NNI: done in 0.58063 secs using 99.57% CPU
Iteration 190 / LogL: -12661.877 / Time: 0h:2m:53s (0h:1m:16s left)
Optimizing NNI: done in 0.606485 secs using 100.5% CPU
Optimizing NNI: done in 0.650555 secs using 98.47% CPU
Optimizing NNI: done in 0.56862 secs using 98.92% CPU
Optimizing NNI: done in 0.43936 secs using 99.58% CPU
Optimizing NNI: done in 0.700931 secs using 100.3% CPU
Optimizing NNI: done in 0.603738 secs using 98.35% CPU
Optimizing NNI: done in 0.556014 secs using 98.36% CPU
Optimizing NNI: done in 0.49505 secs using 101% CPU
Optimizing NNI: done in 0.602805 secs using 101.1% CPU
Optimizing NNI: done in 0.507322 secs using 98.56% CPU
Iteration 200 / LogL: -12662.516 / Time: 0h:2m:59s (0h:1m:5s left)
Log-likelihood cutoff on original alignment: -12706.407
NOTE: Bootstrap correlation coefficient of split occurrence frequencies: 0.999
Optimizing NNI: done in 0.543666 secs using 100.6% CPU
Optimizing NNI: done in 0.661535 secs using 99.2% CPU
Optimizing NNI: done in 0.823937 secs using 100.5% CPU
Optimizing NNI: done in 0.498725 secs using 100.3% CPU
Optimizing NNI: done in 0.482274 secs using 100.4% CPU
Optimizing NNI: done in 0.544343 secs using 100.5% CPU
Optimizing NNI: done in 0.413095 secs using 102.1% CPU
Optimizing NNI: done in 0.488728 secs using 99.11% CPU
Optimizing NNI: done in 0.646361 secs using 99.11% CPU
Optimizing NNI: done in 0.302248 secs using 98.22% CPU
Iteration 210 / LogL: -12708.578 / Time: 0h:3m:5s (0h:1m:19s left)
Optimizing NNI: done in 0.535855 secs using 102.1% CPU
Optimizing NNI: done in 0.391556 secs using 99.76% CPU
Optimizing NNI: done in 0.572173 secs using 101% CPU
Optimizing NNI: done in 0.605121 secs using 98.12% CPU
Optimizing NNI: done in 0.540077 secs using 98.37% CPU
Optimizing NNI: done in 0.589835 secs using 100.7% CPU
Optimizing NNI: done in 0.378283 secs using 99.13% CPU
Optimizing NNI: done in 0.428197 secs using 98.52% CPU
Optimizing NNI: done in 0.339706 secs using 96.59% CPU
Optimizing NNI: done in 0.510766 secs using 101% CPU
Iteration 220 / LogL: -12653.954 / Time: 0h:3m:11s (0h:1m:9s left)
Optimizing NNI: done in 0.36 secs using 99.83% CPU
Optimizing NNI: done in 0.644426 secs using 101.8% CPU
Optimizing NNI: done in 0.391922 secs using 99.67% CPU
Optimizing NNI: done in 0.532096 secs using 99.84% CPU
Optimizing NNI: done in 0.525023 secs using 98.21% CPU
Optimizing NNI: done in 0.542493 secs using 100.8% CPU
Optimizing NNI: done in 0.601973 secs using 101.2% CPU
Optimizing NNI: done in 0.479173 secs using 101.1% CPU
Optimizing NNI: done in 0.652183 secs using 100.6% CPU
Optimizing NNI: done in 0.582138 secs using 102% CPU
Iteration 230 / LogL: -12653.945 / Time: 0h:3m:16s (0h:1m:0s left)
Optimizing NNI: done in 0.63589 secs using 100.7% CPU
Optimizing NNI: done in 0.539797 secs using 98.42% CPU
Optimizing NNI: done in 0.609084 secs using 97.48% CPU
Optimizing NNI: done in 0.466177 secs using 97.2% CPU
Optimizing NNI: done in 0.567536 secs using 101.9% CPU
Optimizing NNI: done in 0.553595 secs using 98.79% CPU
Optimizing NNI: done in 0.423571 secs using 99.6% CPU
Optimizing NNI: done in 0.55694 secs using 101% CPU
Optimizing NNI: done in 0.580752 secs using 99.55% CPU
Optimizing NNI: done in 0.572927 secs using 100.9% CPU
Iteration 240 / LogL: -12654.835 / Time: 0h:3m:22s (0h:0m:50s left)
Optimizing NNI: done in 0.429277 secs using 98.28% CPU
Optimizing NNI: done in 0.345911 secs using 99.38% CPU
Optimizing NNI: done in 0.469278 secs using 99.89% CPU
Optimizing NNI: done in 0.5989 secs using 99.14% CPU
Optimizing NNI: done in 0.551919 secs using 99.09% CPU
Optimizing NNI: done in 0.681329 secs using 98.61% CPU
Optimizing NNI: done in 0.585243 secs using 101.5% CPU
Optimizing NNI: done in 0.669701 secs using 100.3% CPU
Optimizing NNI: done in 0.55086 secs using 99.28% CPU
Optimizing NNI: done in 0.405125 secs using 100.3% CPU
Iteration 250 / LogL: -12664.259 / Time: 0h:3m:28s (0h:0m:41s left)
Log-likelihood cutoff on original alignment: -12706.407
Optimizing NNI: done in 0.448611 secs using 101% CPU
Optimizing NNI: done in 0.622402 secs using 100.4% CPU
Optimizing NNI: done in 0.41773 secs using 97.25% CPU
Optimizing NNI: done in 0.586208 secs using 98.62% CPU
Optimizing NNI: done in 0.567336 secs using 101.9% CPU
Optimizing NNI: done in 0.41736 secs using 101.1% CPU
Optimizing NNI: done in 0.568415 secs using 101.7% CPU
Optimizing NNI: done in 0.616478 secs using 101.4% CPU
Optimizing NNI: done in 0.568207 secs using 99% CPU
Optimizing NNI: done in 0.582443 secs using 101.9% CPU
Iteration 260 / LogL: -12655.828 / Time: 0h:3m:34s (0h:0m:33s left)
Optimizing NNI: done in 0.57745 secs using 100.1% CPU
UPDATE BEST LOG-LIKELIHOOD: -12653.922
Optimizing NNI: done in 0.608605 secs using 100.1% CPU
Optimizing NNI: done in 0.580002 secs using 96.98% CPU
Optimizing NNI: done in 0.499547 secs using 96.96% CPU
Optimizing NNI: done in 0.512469 secs using 100.6% CPU
Optimizing NNI: done in 0.603087 secs using 101% CPU
Optimizing NNI: done in 0.408033 secs using 99.56% CPU
Optimizing NNI: done in 0.551021 secs using 99.25% CPU
Optimizing NNI: done in 0.645269 secs using 101.7% CPU
Optimizing NNI: done in 0.7074 secs using 97.19% CPU
Iteration 270 / LogL: -12682.175 / Time: 0h:3m:40s (0h:0m:24s left)
Optimizing NNI: done in 0.721145 secs using 99.67% CPU
Optimizing NNI: done in 0.598323 secs using 99.24% CPU
Optimizing NNI: done in 0.538066 secs using 98.73% CPU
Optimizing NNI: done in 0.565372 secs using 99.49% CPU
TREE SEARCH COMPLETED AFTER 274 ITERATIONS / Time: 0h:3m:42s

--------------------------------------------------------------------
|                    FINALIZING TREE SEARCH                        |
--------------------------------------------------------------------
Performs final model parameters optimization
Estimate model parameters (epsilon = 0.010)
1. Initial log-likelihood: -12653.922
Optimal log-likelihood: -12653.921
Rate parameters:  A-C: 1.08645  A-G: 7.68855  A-T: 1.44091  C-G: 0.39946  C-T: 14.39194  G-T: 1.00000
Base frequencies:  A: 0.249  C: 0.294  G: 0.250  T: 0.207
Proportion of invariable sites: 0.498
Gamma shape alpha: 0.669
Parameters optimization took 1 rounds (0.082 sec)
BEST SCORE FOUND : -12653.921
Creating bootstrap support values...
Split supports printed to NEXUS file alignments_no_probang_etc\recombinant_free_regions\SAT2\SAT2_2843-4153_no_probang.splits.nex
Total tree length: 2.888

Total number of iterations: 274
CPU time used for tree search: 195.625 sec (0h:3m:15s)
Wall-clock time used for tree search: 201.816 sec (0h:3m:21s)
Total CPU time used: 216.562 sec (0h:3m:36s)
Total wall-clock time used: 223.642 sec (0h:3m:43s)

Computing bootstrap consensus tree...
Reading input file alignments_no_probang_etc\recombinant_free_regions\SAT2\SAT2_2843-4153_no_probang.splits.nex...
94 taxa and 645 splits.
Consensus tree written to alignments_no_probang_etc\recombinant_free_regions\SAT2\SAT2_2843-4153_no_probang.contree
Reading input trees file alignments_no_probang_etc\recombinant_free_regions\SAT2\SAT2_2843-4153_no_probang.contree
Log-likelihood of consensus tree: -12653.972

Analysis results written to: 
  IQ-TREE report:                alignments_no_probang_etc\recombinant_free_regions\SAT2\SAT2_2843-4153_no_probang.iqtree
  Maximum-likelihood tree:       alignments_no_probang_etc\recombinant_free_regions\SAT2\SAT2_2843-4153_no_probang.treefile
  Likelihood distances:          alignments_no_probang_etc\recombinant_free_regions\SAT2\SAT2_2843-4153_no_probang.mldist

Ultrafast bootstrap approximation results written to:
  Split support values:          alignments_no_probang_etc\recombinant_free_regions\SAT2\SAT2_2843-4153_no_probang.splits.nex
  Consensus tree:                alignments_no_probang_etc\recombinant_free_regions\SAT2\SAT2_2843-4153_no_probang.contree
  Screen log file:               alignments_no_probang_etc\recombinant_free_regions\SAT2\SAT2_2843-4153_no_probang.log

Date and Time: Thu Jan 15 15:36:56 2026
