IQ-TREE version 3.0.1 for Windows 64-bit built May  5 2025
Developed by Bui Quang Minh, Thomas Wong, Nhan Ly-Trong, Huaiyan Ren
Contributed by Lam-Tung Nguyen, Dominik Schrempf, Chris Bielow,
Olga Chernomor, Michael Woodhams, Diep Thi Hoang, Heiko Schmidt

Host:    DESKTOP-IAVMJI2 (AVX2, FMA3, 7 GB RAM)
Command: bin/iqtree3.exe -s alignments_no_probang_etc\recombinant_free_regions\SAT2\SAT2_721-2661_no_probang.fasta -bb 1000 -m GTR+F+I+G -pre alignments_no_probang_etc\recombinant_free_regions\SAT2\SAT2_721-2661_no_probang
Seed:    803734 (Using SPRNG - Scalable Parallel Random Number Generator)
Time:    Thu Jan 15 15:33:26 2026
Kernel:  AVX+FMA - 1 threads (8 CPU cores detected)

HINT: Use -nt option to specify number of threads because your CPU has 8 cores!
HINT: -nt AUTO will automatically determine the best number of threads to use.

Reading alignment file alignments_no_probang_etc\recombinant_free_regions\SAT2\SAT2_721-2661_no_probang.fasta ... Fasta format detected
Reading fasta file: done in 0.0114053 secs using 137% CPU
Alignment most likely contains DNA/RNA sequences
Constructing alignment: done in 0.0064598 secs using 241.9% CPU
WARNING: 75 sites contain only gaps or ambiguous characters.
Alignment has 142 sequences with 2031 columns, 936 distinct patterns
864 parsimony-informative, 86 singleton sites, 1081 constant sites
                                                    Gap/Ambiguity  Composition  p-value
Analyzing sequences: done in 0.0010585 secs
   1  JF749864/ZWE/Unknown/2003/SAT2/I/Unknown              4.43%    passed     75.00%
   2  JF749862/UGA/Unknown/2002/SAT2/X/Unknown              4.43%    passed     74.49%
   3  JF749861/KEN/Unknown/2002/SAT2/IV/Unknown             4.43%    passed     99.99%
   4  KC440884/EGY/Unknown/2012/SAT2/VII/Unknown            4.43%    passed     57.64%
   5  OQ557397/ETH/cow/2022/SAT2/XIV/Unknown                4.43%    passed     90.03%
   6  OQ557396/ETH/cattle/1991/SAT2/XIV/Unknown             4.43%    passed     65.33%
   7  OQ401874/NER/cattle/2020/SAT2/VII/Unknown             4.43%    passed     94.74%
   8  OQ401873/NER/cattle/2020/SAT2/VII/Unknown             4.43%    passed     93.25%
   9  OQ401872/NER/cattle/2020/SAT2/VII/Unknown             4.43%    passed     93.84%
  10  OQ401871/NER/cattle/2020/SAT2/VII/Unknown             4.43%    passed     93.25%
  11  OQ401869/NER/cattle/2020/SAT2/VII/Unknown             4.43%    passed     93.84%
  12  OQ401868/NER/cattle/2020/SAT2/VII/Unknown             4.43%    passed     95.97%
  13  OQ401867/NER/cattle/2020/SAT2/VII/Unknown             4.43%    passed     93.84%
  14  OQ401866/NER/cattle/2020/SAT2/VII/Unknown             4.43%    passed     94.74%
  15  OQ401865/NER/cattle/2020/SAT2/VII/Unknown             4.43%    passed     93.84%
  16  MW355673/ZWE/cattle/1989/SAT2/II/Unknown              4.43%    passed     81.99%
  17  MW355671/MOZ/Unknown/1970/SAT2/I/Unknown              4.43%    passed     99.62%
  18  MW715629/NER/cow/2017/SAT2/VII/Unknown                4.43%    passed     86.30%
  19  MW715628/NER/cow/2017/SAT2/VII/Unknown                4.43%    passed     86.30%
  20  MW715627/NER/cow/2017/SAT2/VII/Unknown                4.43%    passed     80.11%
  21  MW715626/NER/cow/2017/SAT2/VII/Unknown                4.43%    passed     80.11%
  22  MW715624/NER/cow/2017/SAT2/VII/Unknown                4.43%    passed     77.79%
  23  MW715623/NER/cow/2017/SAT2/VII/Unknown                4.43%    passed     80.11%
  24  MW715622/NER/cow/2018/SAT2/VII/Unknown                4.43%    passed     85.26%
  25  MT602092/KEN/cattle/2017/SAT2/IV/Unknown              4.43%    passed     97.27%
  26  MT602090/ETH/cattle/2015/SAT2/VII/Unknown             4.43%    passed     90.76%
  27  MT602089/EGY/cattle/2018/SAT2/VII/Unknown             4.43%    passed     66.11%
  28  MN103523/NER/cow/2014/SAT2/VII/Unknown                4.43%    passed     87.88%
  29  MN116692/KEN/cow/2014/SAT2/IV/Unknown                 4.43%    passed     93.32%
  30  MH053335/ZWE/cattle/1965/SAT2/I/Unknown               4.43%    passed     95.63%
  31  MH053334/ZMB/cattle/1964/SAT2/III/Unknown             4.43%    passed     86.62%
  32  MH053333/ETH/cattle/1989/SAT2/IV/Unknown              4.43%    passed     94.33%
  33  MH053332/BWA/african-buffalo/1974/SAT2/II/Unknown     4.48%    passed     85.68%
  34  MH053331/BWA/african-buffalo/1972/SAT2/II/Unknown     4.43%    passed     88.62%
  35  MH053328/BWA/african-buffalo/1968/SAT2/III/Unknown    4.43%    passed     91.30%
  36  KU821592/ZMB/cow/2009/SAT2/III/Unknown                4.43%    passed     92.16%
  37  KM268900/TZA/cattle/2012/SAT2/IV/Unknown              4.43%    passed     96.38%
  38  JX014256/PSE/cattle/2012/SAT2/VII/Unknown             4.43%    passed     54.73%
  39  JX014255/EGY/Unknown/2012/SAT2/VII/Unknown            4.43%    passed     66.83%
  40  HM067705/UGA/african-buffalo/2007/SAT2/X/Unknown      4.43%    passed     81.97%
  41  HM067704/UGA/african-buffalo/2007/SAT2/X/Unknown      4.43%    passed     78.36%
  42  AY593849/KEN/Unknown/1960/SAT2/IX/Unknown             4.43%    passed     83.19%
  43  AY593848/Unknown/Unknown/1967/SAT2/I/Unknown          4.43%    passed     45.94%
  44  AY593847/ZWE/Unknown/1948/SAT2/III/Unknown            4.43%    passed     97.13%
  45  AJ251473/KEN/Unknown/1957/SAT2/IX/Unknown             4.43%    passed     96.21%
  46  OM562600/KEN/cow/2016/SAT2/IV/Unknown                 4.43%    passed     90.07%
  47  OM562599/KEN/cow/2016/SAT2/IV/Unknown                 4.43%    passed     96.61%
  48  OM562598/KEN/cow/2016/SAT2/IV/Unknown                 4.43%    passed     98.50%
  49  OM562597/KEN/cow/2016/SAT2/IV/Unknown                 4.43%    passed     98.70%
  50  OM562596/KEN/cow/2016/SAT2/IV/Unknown                 4.43%    passed     99.55%
  51  OM562595/KEN/cow/2016/SAT2/IV/Unknown                 4.43%    passed     98.68%
  52  OM562593/KEN/cow/2016/SAT2/IV/Unknown                 4.43%    passed     82.63%
  53  OM562592/KEN/cow/2016/SAT2/IV/Unknown                 4.43%    passed     96.86%
  54  OM562589/KEN/cow/2016/SAT2/IV/Unknown                 4.43%    passed     97.09%
  55  OM562588/KEN/cow/2016/SAT2/IV/Unknown                 4.43%    passed     94.48%
  56  OM562587/KEN/cow/2016/SAT2/IV/Unknown                 4.43%    passed     99.41%
  57  OM562586/KEN/cow/2016/SAT2/IV/Unknown                 4.43%    passed     97.95%
  58  OM562585/KEN/cow/2016/SAT2/IV/Unknown                 4.43%    passed     99.90%
  59  OM562584/KEN/cow/2016/SAT2/IV/Unknown                 4.43%    passed     99.97%
  60  OM562583/KEN/cow/2016/SAT2/IV/Unknown                 4.43%    passed     99.73%
  61  OM562581/KEN/cow/2016/SAT2/IV/Unknown                 4.43%    passed     97.29%
  62  OM562580/KEN/cow/2016/SAT2/IV/Unknown                 4.43%    passed     99.40%
  63  OM562578/KEN/cow/2016/SAT2/IV/Unknown                 4.43%    passed     98.28%
  64  OM562577/KEN/cow/2016/SAT2/IV/Unknown                 4.43%    passed     99.44%
  65  OM562575/KEN/cow/2016/SAT2/IV/Unknown                 4.43%    passed     92.68%
  66  OM562572/KEN/cow/2016/SAT2/IV/Unknown                 4.43%    passed     56.93%
  67  OM562570/KEN/cow/2016/SAT2/IV/Unknown                 4.43%    passed     96.86%
  68  OM562569/KEN/cow/2016/SAT2/IV/Unknown                 4.43%    passed     93.73%
  69  OM562568/KEN/cow/2016/SAT2/IV/Unknown                 4.43%    passed     97.85%
  70  OM562567/KEN/cow/2016/SAT2/IV/Unknown                 4.43%    passed     99.83%
  71  OM562564/KEN/cow/2016/SAT2/IV/Unknown                 4.43%    passed     96.86%
  72  OM562562/KEN/cow/2016/SAT2/IV/Unknown                 4.43%    passed     96.28%
  73  OM562561/KEN/cow/2016/SAT2/IV/Unknown                 4.43%    passed     92.62%
  74  OM562554/KEN/cow/2016/SAT2/IV/Unknown                 4.43%    passed     96.28%
  75  OM562553/KEN/cow/2016/SAT2/IV/Unknown                 4.43%    passed     96.86%
  76  OM562552/KEN/cow/2016/SAT2/IV/Unknown                 4.43%    passed     96.34%
  77  OM562551/KEN/cow/2016/SAT2/IV/Unknown                 4.43%    passed     96.37%
  78  OM562550/KEN/cow/2016/SAT2/IV/Unknown                 4.43%    passed     97.85%
  79  OM562549/KEN/cow/2016/SAT2/IV/Unknown                 4.43%    passed     84.68%
  80  OM562548/KEN/cow/2016/SAT2/IV/Unknown                 4.43%    passed     97.53%
  81  OM562544/KEN/cow/2016/SAT2/IV/Unknown                 4.43%    passed     99.90%
  82  OM562513/KEN/cow/2016/SAT2/IV/Unknown                 4.43%    passed     99.47%
  83  OM562512/KEN/cow/2016/SAT2/IV/Unknown                 4.43%    passed     99.47%
  84  OM562511/KEN/cow/2016/SAT2/IV/Unknown                 4.43%    passed     99.47%
  85  OM562510/KEN/cow/2016/SAT2/IV/Unknown                 4.43%    passed     99.47%
  86  OM562509/KEN/cow/2016/SAT2/IV/Unknown                 4.43%    passed     99.47%
  87  OM562508/KEN/cow/2016/SAT2/IV/Unknown                 4.43%    passed     99.47%
  88  OM562507/KEN/cow/2016/SAT2/IV/Unknown                 4.43%    passed     97.56%
  89  OM562506/KEN/cow/2016/SAT2/IV/Unknown                 4.43%    passed     97.56%
  90  OM562505/KEN/cow/2016/SAT2/IV/Unknown                 4.43%    passed     97.56%
  91  OM562504/KEN/cow/2016/SAT2/IV/Unknown                 4.43%    passed     97.56%
  92  OM562503/KEN/cow/2016/SAT2/IV/Unknown                 4.43%    passed     97.56%
  93  OM562502/KEN/cow/2016/SAT2/IV/Unknown                 4.43%    passed     97.56%
  94  OM562501/KEN/cow/2016/SAT2/IV/Unknown                 4.43%    passed     99.72%
  95  OM562500/KEN/cow/2016/SAT2/IV/Unknown                 4.43%    passed     99.72%
  96  OM562499/KEN/cow/2016/SAT2/IV/Unknown                 4.43%    passed     99.72%
  97  OM562498/KEN/cow/2016/SAT2/IV/Unknown                 4.43%    passed     99.72%
  98  OM562497/KEN/cow/2016/SAT2/IV/Unknown                 4.43%    passed     99.72%
  99  OM562496/KEN/cow/2016/SAT2/IV/Unknown                 4.43%    passed     99.72%
 100  OM562495/KEN/cow/2016/SAT2/IV/Unknown                 4.43%    passed     99.72%
 101  OM562494/KEN/cow/2016/SAT2/IV/Unknown                 4.43%    passed     99.72%
 102  OM562493/KEN/cow/2016/SAT2/IV/Unknown                 4.43%    passed     99.72%
 103  OM562492/KEN/cow/2016/SAT2/IV/Unknown                 4.43%    passed     99.38%
 104  OM562491/KEN/cow/2016/SAT2/IV/Unknown                 4.43%    passed     99.38%
 105  OM562490/KEN/cow/2016/SAT2/IV/Unknown                 4.43%    passed     99.38%
 106  OM562489/KEN/cow/2016/SAT2/IV/Unknown                 4.43%    passed     99.38%
 107  OM562488/KEN/cow/2016/SAT2/IV/Unknown                 4.43%    passed     99.38%
 108  OM562487/KEN/cow/2016/SAT2/IV/Unknown                 4.43%    passed     99.38%
 109  OM562486/KEN/cow/2016/SAT2/IV/Unknown                 4.43%    passed     99.38%
 110  OM562485/KEN/cow/2016/SAT2/IV/Unknown                 4.43%    passed     99.38%
 111  OM562484/KEN/cow/2016/SAT2/IV/Unknown                 4.43%    passed     99.38%
 112  OM562483/KEN/cow/2016/SAT2/IV/Unknown                 4.43%    passed     99.38%
 113  OM562482/KEN/cow/2016/SAT2/IV/Unknown                 4.43%    passed     99.38%
 114  OM562481/KEN/cow/2016/SAT2/IV/Unknown                 4.43%    passed     99.38%
 115  OM562480/KEN/cow/2016/SAT2/IV/Unknown                 4.43%    passed     99.38%
 116  OM562479/KEN/cow/2016/SAT2/IV/Unknown                 4.43%    passed     99.38%
 117  OM562478/KEN/cow/2016/SAT2/IV/Unknown                 4.43%    passed     99.38%
 118  OM562477/KEN/cow/2016/SAT2/IV/Unknown                 4.43%    passed     99.38%
 119  OM562476/KEN/cow/2016/SAT2/IV/Unknown                 4.43%    passed     99.75%
 120  OM562475/KEN/cow/2016/SAT2/IV/Unknown                 4.43%    passed     99.75%
 121  OM562474/KEN/cow/2016/SAT2/IV/Unknown                 4.43%    passed     99.75%
 122  OM562473/KEN/cow/2016/SAT2/IV/Unknown                 4.43%    passed     99.30%
 123  OM562472/KEN/cow/2016/SAT2/IV/Unknown                 4.43%    passed     99.20%
 124  OM562471/KEN/cow/2016/SAT2/IV/Unknown                 4.43%    passed     99.20%
 125  OM562470/KEN/cow/2016/SAT2/IV/Unknown                 4.43%    passed     99.20%
 126  OM562469/KEN/cow/2016/SAT2/IV/Unknown                 4.43%    passed     99.20%
 127  OM562468/KEN/cow/2016/SAT2/IV/Unknown                 4.43%    passed     99.37%
 128  OM562467/KEN/cow/2016/SAT2/IV/Unknown                 4.43%    passed     99.20%
 129  OM562466/KEN/cow/2016/SAT2/IV/Unknown                 4.43%    passed     99.20%
 130  OM562465/KEN/cow/2016/SAT2/IV/Unknown                 4.43%    passed     99.20%
 131  OM562464/KEN/cow/2016/SAT2/IV/Unknown                 4.43%    passed     99.20%
 132  OM562463/KEN/cow/2016/SAT2/IV/Unknown                 4.43%    passed     99.20%
 133  OM562462/KEN/cow/2016/SAT2/IV/Unknown                 4.43%    passed     99.20%
 134  OM562461/KEN/cow/2016/SAT2/IV/Unknown                 4.43%    passed     99.20%
 135  OM562460/KEN/cow/2016/SAT2/IV/Unknown                 4.43%    passed     99.37%
 136  OM562459/KEN/cow/2016/SAT2/IV/Unknown                 4.43%    passed     99.20%
 137  OM562458/KEN/cow/2016/SAT2/IV/Unknown                 4.43%    passed     99.59%
 138  OM562457/KEN/cow/2016/SAT2/IV/Unknown                 4.43%    passed     99.20%
 139  OM562456/KEN/cow/2016/SAT2/IV/Unknown                 4.43%    passed     99.82%
 140  OM562455/KEN/cow/2016/SAT2/IV/Unknown                 4.43%    passed     99.82%
 141  OM562454/KEN/cow/2016/SAT2/IV/Unknown                 4.43%    passed     99.82%
 142  OM562453/KEN/cow/2016/SAT2/IV/Unknown                 4.43%    passed     99.82%
****  TOTAL                                                 4.43%  0 sequences failed composition chi2 test (p-value<5%; df=3)
NOTE: OQ401871/NER/cattle/2020/SAT2/VII/Unknown is identical to OQ401873/NER/cattle/2020/SAT2/VII/Unknown but kept for subsequent analysis
NOTE: OQ401867/NER/cattle/2020/SAT2/VII/Unknown is identical to OQ401872/NER/cattle/2020/SAT2/VII/Unknown but kept for subsequent analysis
NOTE: MW715626/NER/cow/2017/SAT2/VII/Unknown is identical to MW715627/NER/cow/2017/SAT2/VII/Unknown but kept for subsequent analysis
NOTE: OM562553/KEN/cow/2016/SAT2/IV/Unknown is identical to OM562570/KEN/cow/2016/SAT2/IV/Unknown but kept for subsequent analysis
NOTE: OM562512/KEN/cow/2016/SAT2/IV/Unknown is identical to OM562513/KEN/cow/2016/SAT2/IV/Unknown but kept for subsequent analysis
NOTE: OM562506/KEN/cow/2016/SAT2/IV/Unknown is identical to OM562507/KEN/cow/2016/SAT2/IV/Unknown but kept for subsequent analysis
NOTE: OM562500/KEN/cow/2016/SAT2/IV/Unknown is identical to OM562501/KEN/cow/2016/SAT2/IV/Unknown but kept for subsequent analysis
NOTE: OM562491/KEN/cow/2016/SAT2/IV/Unknown is identical to OM562492/KEN/cow/2016/SAT2/IV/Unknown but kept for subsequent analysis
NOTE: OM562475/KEN/cow/2016/SAT2/IV/Unknown is identical to OM562476/KEN/cow/2016/SAT2/IV/Unknown but kept for subsequent analysis
NOTE: OM562471/KEN/cow/2016/SAT2/IV/Unknown is identical to OM562472/KEN/cow/2016/SAT2/IV/Unknown but kept for subsequent analysis
NOTE: OM562455/KEN/cow/2016/SAT2/IV/Unknown is identical to OM562456/KEN/cow/2016/SAT2/IV/Unknown but kept for subsequent analysis
Checking for duplicate sequences: done in 0.0745574 secs
Identifying sites to remove: done in 0.010057 secs
NOTE: 44 identical sequences (see below) will be ignored for subsequent analysis
NOTE: OQ401865/NER/cattle/2020/SAT2/VII/Unknown (identical to OQ401872/NER/cattle/2020/SAT2/VII/Unknown) is ignored but added at the end
NOTE: OM562511/KEN/cow/2016/SAT2/IV/Unknown (identical to OM562513/KEN/cow/2016/SAT2/IV/Unknown) is ignored but added at the end
NOTE: OM562510/KEN/cow/2016/SAT2/IV/Unknown (identical to OM562513/KEN/cow/2016/SAT2/IV/Unknown) is ignored but added at the end
NOTE: OM562509/KEN/cow/2016/SAT2/IV/Unknown (identical to OM562513/KEN/cow/2016/SAT2/IV/Unknown) is ignored but added at the end
NOTE: OM562508/KEN/cow/2016/SAT2/IV/Unknown (identical to OM562513/KEN/cow/2016/SAT2/IV/Unknown) is ignored but added at the end
NOTE: OM562505/KEN/cow/2016/SAT2/IV/Unknown (identical to OM562507/KEN/cow/2016/SAT2/IV/Unknown) is ignored but added at the end
NOTE: OM562504/KEN/cow/2016/SAT2/IV/Unknown (identical to OM562507/KEN/cow/2016/SAT2/IV/Unknown) is ignored but added at the end
NOTE: OM562503/KEN/cow/2016/SAT2/IV/Unknown (identical to OM562507/KEN/cow/2016/SAT2/IV/Unknown) is ignored but added at the end
NOTE: OM562502/KEN/cow/2016/SAT2/IV/Unknown (identical to OM562507/KEN/cow/2016/SAT2/IV/Unknown) is ignored but added at the end
NOTE: OM562499/KEN/cow/2016/SAT2/IV/Unknown (identical to OM562501/KEN/cow/2016/SAT2/IV/Unknown) is ignored but added at the end
NOTE: OM562498/KEN/cow/2016/SAT2/IV/Unknown (identical to OM562501/KEN/cow/2016/SAT2/IV/Unknown) is ignored but added at the end
NOTE: OM562497/KEN/cow/2016/SAT2/IV/Unknown (identical to OM562501/KEN/cow/2016/SAT2/IV/Unknown) is ignored but added at the end
NOTE: OM562496/KEN/cow/2016/SAT2/IV/Unknown (identical to OM562501/KEN/cow/2016/SAT2/IV/Unknown) is ignored but added at the end
NOTE: OM562495/KEN/cow/2016/SAT2/IV/Unknown (identical to OM562501/KEN/cow/2016/SAT2/IV/Unknown) is ignored but added at the end
NOTE: OM562494/KEN/cow/2016/SAT2/IV/Unknown (identical to OM562501/KEN/cow/2016/SAT2/IV/Unknown) is ignored but added at the end
NOTE: OM562493/KEN/cow/2016/SAT2/IV/Unknown (identical to OM562501/KEN/cow/2016/SAT2/IV/Unknown) is ignored but added at the end
NOTE: OM562490/KEN/cow/2016/SAT2/IV/Unknown (identical to OM562492/KEN/cow/2016/SAT2/IV/Unknown) is ignored but added at the end
NOTE: OM562489/KEN/cow/2016/SAT2/IV/Unknown (identical to OM562492/KEN/cow/2016/SAT2/IV/Unknown) is ignored but added at the end
NOTE: OM562488/KEN/cow/2016/SAT2/IV/Unknown (identical to OM562492/KEN/cow/2016/SAT2/IV/Unknown) is ignored but added at the end
NOTE: OM562487/KEN/cow/2016/SAT2/IV/Unknown (identical to OM562492/KEN/cow/2016/SAT2/IV/Unknown) is ignored but added at the end
NOTE: OM562486/KEN/cow/2016/SAT2/IV/Unknown (identical to OM562492/KEN/cow/2016/SAT2/IV/Unknown) is ignored but added at the end
NOTE: OM562485/KEN/cow/2016/SAT2/IV/Unknown (identical to OM562492/KEN/cow/2016/SAT2/IV/Unknown) is ignored but added at the end
NOTE: OM562484/KEN/cow/2016/SAT2/IV/Unknown (identical to OM562492/KEN/cow/2016/SAT2/IV/Unknown) is ignored but added at the end
NOTE: OM562483/KEN/cow/2016/SAT2/IV/Unknown (identical to OM562492/KEN/cow/2016/SAT2/IV/Unknown) is ignored but added at the end
NOTE: OM562482/KEN/cow/2016/SAT2/IV/Unknown (identical to OM562492/KEN/cow/2016/SAT2/IV/Unknown) is ignored but added at the end
NOTE: OM562481/KEN/cow/2016/SAT2/IV/Unknown (identical to OM562492/KEN/cow/2016/SAT2/IV/Unknown) is ignored but added at the end
NOTE: OM562480/KEN/cow/2016/SAT2/IV/Unknown (identical to OM562492/KEN/cow/2016/SAT2/IV/Unknown) is ignored but added at the end
NOTE: OM562479/KEN/cow/2016/SAT2/IV/Unknown (identical to OM562492/KEN/cow/2016/SAT2/IV/Unknown) is ignored but added at the end
NOTE: OM562478/KEN/cow/2016/SAT2/IV/Unknown (identical to OM562492/KEN/cow/2016/SAT2/IV/Unknown) is ignored but added at the end
NOTE: OM562477/KEN/cow/2016/SAT2/IV/Unknown (identical to OM562492/KEN/cow/2016/SAT2/IV/Unknown) is ignored but added at the end
NOTE: OM562474/KEN/cow/2016/SAT2/IV/Unknown (identical to OM562476/KEN/cow/2016/SAT2/IV/Unknown) is ignored but added at the end
NOTE: OM562470/KEN/cow/2016/SAT2/IV/Unknown (identical to OM562472/KEN/cow/2016/SAT2/IV/Unknown) is ignored but added at the end
NOTE: OM562469/KEN/cow/2016/SAT2/IV/Unknown (identical to OM562472/KEN/cow/2016/SAT2/IV/Unknown) is ignored but added at the end
NOTE: OM562467/KEN/cow/2016/SAT2/IV/Unknown (identical to OM562472/KEN/cow/2016/SAT2/IV/Unknown) is ignored but added at the end
NOTE: OM562466/KEN/cow/2016/SAT2/IV/Unknown (identical to OM562472/KEN/cow/2016/SAT2/IV/Unknown) is ignored but added at the end
NOTE: OM562465/KEN/cow/2016/SAT2/IV/Unknown (identical to OM562472/KEN/cow/2016/SAT2/IV/Unknown) is ignored but added at the end
NOTE: OM562464/KEN/cow/2016/SAT2/IV/Unknown (identical to OM562472/KEN/cow/2016/SAT2/IV/Unknown) is ignored but added at the end
NOTE: OM562463/KEN/cow/2016/SAT2/IV/Unknown (identical to OM562472/KEN/cow/2016/SAT2/IV/Unknown) is ignored but added at the end
NOTE: OM562462/KEN/cow/2016/SAT2/IV/Unknown (identical to OM562472/KEN/cow/2016/SAT2/IV/Unknown) is ignored but added at the end
NOTE: OM562461/KEN/cow/2016/SAT2/IV/Unknown (identical to OM562472/KEN/cow/2016/SAT2/IV/Unknown) is ignored but added at the end
NOTE: OM562459/KEN/cow/2016/SAT2/IV/Unknown (identical to OM562472/KEN/cow/2016/SAT2/IV/Unknown) is ignored but added at the end
NOTE: OM562457/KEN/cow/2016/SAT2/IV/Unknown (identical to OM562472/KEN/cow/2016/SAT2/IV/Unknown) is ignored but added at the end
NOTE: OM562454/KEN/cow/2016/SAT2/IV/Unknown (identical to OM562456/KEN/cow/2016/SAT2/IV/Unknown) is ignored but added at the end
NOTE: OM562453/KEN/cow/2016/SAT2/IV/Unknown (identical to OM562456/KEN/cow/2016/SAT2/IV/Unknown) is ignored but added at the end
Alignment was printed to alignments_no_probang_etc\recombinant_free_regions\SAT2\SAT2_721-2661_no_probang.uniqueseq.phy

For your convenience alignment with unique sequences printed to alignments_no_probang_etc\recombinant_free_regions\SAT2\SAT2_721-2661_no_probang.uniqueseq.phy
Creating fast initial parsimony tree by random order stepwise addition...
0.035 seconds, parsimony score: 5761 (based on 950 sites)
Generating 1000 samples for ultrafast bootstrap (seed: 803734)...

NOTE: 15 MB RAM (0 GB) is required!
Estimate model parameters (epsilon = 0.100)
Thoroughly optimizing +I+G parameters from 10 start values...
Init pinv, alpha: 0.000, 1.000 / Estimate: 0.000, 0.250 / LogL: -27157.959
Init pinv, alpha: 0.059, 1.000 / Estimate: 0.474, 1.080 / LogL: -27061.764
Init pinv, alpha: 0.118, 1.000 / Estimate: 0.475, 1.083 / LogL: -27061.756
Init pinv, alpha: 0.177, 1.000 / Estimate: 0.474, 1.079 / LogL: -27061.772
Init pinv, alpha: 0.237, 1.000 / Estimate: 0.475, 1.082 / LogL: -27061.763
Init pinv, alpha: 0.296, 1.000 / Estimate: 0.475, 1.082 / LogL: -27061.801
Init pinv, alpha: 0.355, 1.000 / Estimate: 0.475, 1.082 / LogL: -27061.786
Init pinv, alpha: 0.414, 1.000 / Estimate: 0.475, 1.081 / LogL: -27061.790
Init pinv, alpha: 0.473, 1.000 / Estimate: 0.475, 1.083 / LogL: -27061.795
Init pinv, alpha: 0.532, 1.000 / Estimate: 0.476, 1.095 / LogL: -27061.777
Optimal pinv,alpha: 0.475, 1.083 / LogL: -27061.756

Parameters optimization took 43.733 sec
Wrote distance file to... 
Computing ML distances based on estimated model parameters...
Calculating distance matrix: done in 0.115421 secs using 108.3% CPU
Computing ML distances took 0.124097 sec (of wall-clock time) 0.125000 sec (of CPU time)
Setting up auxiliary I and S matrices: done in 0.0003728 secs
Constructing RapidNJ tree: done in 0.000975 secs
Computing RapidNJ tree took 0.080791 sec (of wall-clock time) 0.078125 sec (of CPU time)
Log-likelihood of RapidNJ tree: -27049.019
--------------------------------------------------------------------
|             INITIALIZING CANDIDATE TREE SET                      |
--------------------------------------------------------------------
Generating 98 parsimony trees... 3.074 second
Computing log-likelihood of 98 initial trees ... 4.766 seconds
Current best score: -27049.019

Do NNI search on 20 best initial trees
Optimizing NNI: done in 1.13387 secs using 96.46% CPU
Estimate model parameters (epsilon = 0.100)
BETTER TREE FOUND at iteration 1: -27017.263
Optimizing NNI: done in 0.608478 secs using 97.58% CPU
Optimizing NNI: done in 1.67354 secs using 98.97% CPU
Estimate model parameters (epsilon = 0.100)
BETTER TREE FOUND at iteration 3: -27012.429
Optimizing NNI: done in 2.03013 secs using 99.29% CPU
Optimizing NNI: done in 1.71233 secs using 99.46% CPU
Optimizing NNI: done in 1.71873 secs using 100% CPU
Optimizing NNI: done in 1.62473 secs using 97.13% CPU
Estimate model parameters (epsilon = 0.100)
BETTER TREE FOUND at iteration 7: -27011.535
Optimizing NNI: done in 1.8696 secs using 99.45% CPU
Estimate model parameters (epsilon = 0.100)
BETTER TREE FOUND at iteration 8: -27008.430
Optimizing NNI: done in 1.59067 secs using 98.23% CPU
Optimizing NNI: done in 1.75767 secs using 96.01% CPU
Iteration 10 / LogL: -27012.355 / Time: 0h:1m:9s
Optimizing NNI: done in 2.06218 secs using 99.26% CPU
Optimizing NNI: done in 1.7705 secs using 97.08% CPU
Optimizing NNI: done in 1.68046 secs using 98.56% CPU
Optimizing NNI: done in 2.34328 secs using 90.68% CPU
Optimizing NNI: done in 1.97947 secs using 87.62% CPU
Optimizing NNI: done in 2.56174 secs using 80.51% CPU
Optimizing NNI: done in 2.62068 secs using 79.3% CPU
Optimizing NNI: done in 2.20884 secs using 89.13% CPU
Optimizing NNI: done in 2.50726 secs using 91.61% CPU
Optimizing NNI: done in 2.12763 secs using 94% CPU
Iteration 20 / LogL: -27008.685 / Time: 0h:1m:31s
Finish initializing candidate tree set (20)
Current best tree score: -27008.430 / CPU time: 46.857
Number of iterations: 20
--------------------------------------------------------------------
|               OPTIMIZING CANDIDATE TREE SET                      |
--------------------------------------------------------------------
Optimizing NNI: done in 1.69424 secs using 95.91% CPU
Estimate model parameters (epsilon = 0.100)
BETTER TREE FOUND at iteration 21: -27007.878
Optimizing NNI: done in 1.78744 secs using 97.03% CPU
Estimate model parameters (epsilon = 0.100)
BETTER TREE FOUND at iteration 22: -27005.660
Optimizing NNI: done in 1.57656 secs using 98.12% CPU
Optimizing NNI: done in 0.912671 secs using 97.58% CPU
Optimizing NNI: done in 1.36019 secs using 97.64% CPU
Optimizing NNI: done in 1.27206 secs using 98.27% CPU
Optimizing NNI: done in 1.56171 secs using 94.05% CPU
Optimizing NNI: done in 1.67402 secs using 91.47% CPU
Optimizing NNI: done in 2.18469 secs using 81.53% CPU
Optimizing NNI: done in 1.61632 secs using 89.9% CPU
Iteration 30 / LogL: -27006.352 / Time: 0h:1m:47s (0h:5m:41s left)
Optimizing NNI: done in 1.40729 secs using 99.93% CPU
Optimizing NNI: done in 0.851634 secs using 91.74% CPU
Optimizing NNI: done in 1.33355 secs using 100.8% CPU
Optimizing NNI: done in 1.41405 secs using 96.13% CPU
Optimizing NNI: done in 0.78182 secs using 97.93% CPU
Optimizing NNI: done in 1.52489 secs using 98.37% CPU
Optimizing NNI: done in 1.20088 secs using 96.28% CPU
Optimizing NNI: done in 1.42595 secs using 99.71% CPU
Estimate model parameters (epsilon = 0.100)
BETTER TREE FOUND at iteration 38: -27004.792
Optimizing NNI: done in 1.58736 secs using 94.5% CPU
Optimizing NNI: done in 1.07023 secs using 97.82% CPU
Estimate model parameters (epsilon = 0.100)
BETTER TREE FOUND at iteration 40: -27004.680
Iteration 40 / LogL: -27004.680 / Time: 0h:2m:1s (0h:5m:9s left)
Optimizing NNI: done in 1.28778 secs using 99.49% CPU
Optimizing NNI: done in 0.993606 secs using 99.07% CPU
Optimizing NNI: done in 1.11416 secs using 99.57% CPU
Optimizing NNI: done in 0.752319 secs using 95.54% CPU
Optimizing NNI: done in 1.76525 secs using 92.94% CPU
Optimizing NNI: done in 1.14661 secs using 99.48% CPU
Optimizing NNI: done in 1.47386 secs using 100.7% CPU
Optimizing NNI: done in 1.19462 secs using 100.7% CPU
Optimizing NNI: done in 1.37141 secs using 99.12% CPU
Optimizing NNI: done in 1.1225 secs using 97.44% CPU
Iteration 50 / LogL: -27040.539 / Time: 0h:2m:13s (0h:4m:4s left)
Log-likelihood cutoff on original alignment: -27073.327
Optimizing NNI: done in 1.3266 secs using 100.1% CPU
Optimizing NNI: done in 1.22385 secs using 99.58% CPU
Optimizing NNI: done in 0.695424 secs using 98.86% CPU
Optimizing NNI: done in 1.45026 secs using 99.12% CPU
Optimizing NNI: done in 1.20534 secs using 97.22% CPU
Optimizing NNI: done in 1.31911 secs using 100.7% CPU
Optimizing NNI: done in 0.922371 secs using 99.95% CPU
Optimizing NNI: done in 1.36968 secs using 98.11% CPU
Optimizing NNI: done in 1.07731 secs using 100.1% CPU
Optimizing NNI: done in 1.15155 secs using 97.69% CPU
Iteration 60 / LogL: -27053.349 / Time: 0h:2m:26s (0h:3m:17s left)
Optimizing NNI: done in 1.092 secs using 97.3% CPU
Optimizing NNI: done in 0.96696 secs using 100.2% CPU
Optimizing NNI: done in 1.3092 secs using 99.06% CPU
Optimizing NNI: done in 1.27723 secs using 100.3% CPU
Optimizing NNI: done in 1.23654 secs using 97.3% CPU
Optimizing NNI: done in 1.40879 secs using 96.49% CPU
Optimizing NNI: done in 1.5852 secs using 86.74% CPU
Optimizing NNI: done in 1.30207 secs using 90% CPU
Optimizing NNI: done in 1.30463 secs using 99.41% CPU
Optimizing NNI: done in 1.12918 secs using 101% CPU
Iteration 70 / LogL: -27010.329 / Time: 0h:2m:38s (0h:2m:41s left)
Optimizing NNI: done in 1.22506 secs using 100.8% CPU
Optimizing NNI: done in 1.03756 secs using 100.9% CPU
Optimizing NNI: done in 1.20278 secs using 100% CPU
Estimate model parameters (epsilon = 0.100)
BETTER TREE FOUND at iteration 73: -27004.552
Optimizing NNI: done in 0.94069 secs using 99.66% CPU
Optimizing NNI: done in 1.00852 secs using 99.16% CPU
Optimizing NNI: done in 0.821125 secs using 98.95% CPU
Optimizing NNI: done in 1.31905 secs using 100.7% CPU
BETTER TREE FOUND at iteration 77: -27004.542
Optimizing NNI: done in 1.39002 secs using 100% CPU
Optimizing NNI: done in 1.33335 secs using 99.61% CPU
Optimizing NNI: done in 1.25645 secs using 99.49% CPU
BETTER TREE FOUND at iteration 80: -27004.541
Iteration 80 / LogL: -27004.541 / Time: 0h:2m:50s (0h:3m:36s left)
Optimizing NNI: done in 0.811852 secs using 98.16% CPU
Optimizing NNI: done in 1.04796 secs using 99.9% CPU
Optimizing NNI: done in 1.01382 secs using 100.2% CPU
Optimizing NNI: done in 1.36267 secs using 99.76% CPU
Optimizing NNI: done in 1.23751 secs using 99.75% CPU
Optimizing NNI: done in 0.999114 secs using 100.1% CPU
Optimizing NNI: done in 1.13347 secs using 100.6% CPU
Optimizing NNI: done in 1.00618 secs using 99.39% CPU
Optimizing NNI: done in 1.05036 secs using 99.67% CPU
Optimizing NNI: done in 1.3016 secs using 99.64% CPU
Iteration 90 / LogL: -27004.549 / Time: 0h:3m:2s (0h:3m:4s left)
Optimizing NNI: done in 1.26086 secs using 99.14% CPU
Optimizing NNI: done in 1.25828 secs using 99.34% CPU
Optimizing NNI: done in 1.24599 secs using 100.3% CPU
Optimizing NNI: done in 0.970703 secs using 101.4% CPU
Optimizing NNI: done in 1.23004 secs using 99.08% CPU
Optimizing NNI: done in 1.115 secs using 100.9% CPU
Optimizing NNI: done in 0.938595 secs using 99.88% CPU
Optimizing NNI: done in 1.15685 secs using 99.95% CPU
Optimizing NNI: done in 1.04747 secs using 98.45% CPU
Optimizing NNI: done in 1.03018 secs using 98.59% CPU
Iteration 100 / LogL: -27006.663 / Time: 0h:3m:13s (0h:2m:36s left)
Log-likelihood cutoff on original alignment: -27073.327
NOTE: Bootstrap correlation coefficient of split occurrence frequencies: 0.997
Optimizing NNI: done in 0.549108 secs using 99.59% CPU
Optimizing NNI: done in 1.20376 secs using 98.65% CPU
Optimizing NNI: done in 1.13806 secs using 98.85% CPU
Optimizing NNI: done in 0.909252 secs using 99.67% CPU
Optimizing NNI: done in 0.838032 secs using 100.7% CPU
Optimizing NNI: done in 1.32551 secs using 96.66% CPU
Optimizing NNI: done in 0.716614 secs using 95.94% CPU
Optimizing NNI: done in 1.06193 secs using 100.1% CPU
Optimizing NNI: done in 1.44423 secs using 100.6% CPU
Optimizing NNI: done in 1.31511 secs using 101% CPU
Iteration 110 / LogL: -27007.785 / Time: 0h:3m:24s (0h:2m:49s left)
Optimizing NNI: done in 1.4256 secs using 99.74% CPU
Optimizing NNI: done in 1.00038 secs using 99.96% CPU
Optimizing NNI: done in 1.37107 secs using 99.15% CPU
Optimizing NNI: done in 0.968752 secs using 100% CPU
Optimizing NNI: done in 1.58295 secs using 98.71% CPU
Optimizing NNI: done in 1.40457 secs using 100.1% CPU
Optimizing NNI: done in 1.0353 secs using 98.1% CPU
Optimizing NNI: done in 1.06254 secs using 100% CPU
Optimizing NNI: done in 1.42183 secs using 100% CPU
BETTER TREE FOUND at iteration 119: -27004.541
Optimizing NNI: done in 1.19176 secs using 98.33% CPU
Iteration 120 / LogL: -27009.194 / Time: 0h:3m:37s (0h:3m:1s left)
Optimizing NNI: done in 1.43477 secs using 98.01% CPU
Optimizing NNI: done in 1.01756 secs using 99.81% CPU
Optimizing NNI: done in 1.29702 secs using 97.58% CPU
Optimizing NNI: done in 1.26087 secs using 97.9% CPU
Optimizing NNI: done in 0.985236 secs using 99.91% CPU
Optimizing NNI: done in 1.20004 secs using 100.3% CPU
Optimizing NNI: done in 1.56003 secs using 98.16% CPU
Optimizing NNI: done in 1.32305 secs using 92.12% CPU
Optimizing NNI: done in 1.16067 secs using 96.93% CPU
Optimizing NNI: done in 1.66813 secs using 86.17% CPU
Iteration 130 / LogL: -27005.186 / Time: 0h:3m:51s (0h:2m:39s left)
Optimizing NNI: done in 2.26735 secs using 77.18% CPU
Optimizing NNI: done in 2.13459 secs using 80.52% CPU
Optimizing NNI: done in 1.51307 secs using 95.01% CPU
Optimizing NNI: done in 2.17251 secs using 93.5% CPU
Optimizing NNI: done in 1.34628 secs using 96.33% CPU
Optimizing NNI: done in 0.915995 secs using 100.6% CPU
Optimizing NNI: done in 1.1569 secs using 99.94% CPU
Optimizing NNI: done in 1.09106 secs using 100.2% CPU
Optimizing NNI: done in 1.41137 secs using 100.7% CPU
Optimizing NNI: done in 1.52605 secs using 96.25% CPU
Iteration 140 / LogL: -27004.553 / Time: 0h:4m:7s (0h:2m:20s left)
Optimizing NNI: done in 1.27704 secs using 94.21% CPU
Optimizing NNI: done in 1.37935 secs using 99.68% CPU
Optimizing NNI: done in 0.970458 secs using 99.82% CPU
Optimizing NNI: done in 1.00109 secs using 99.89% CPU
Optimizing NNI: done in 1.07662 secs using 100.1% CPU
Optimizing NNI: done in 1.32435 secs using 99.11% CPU
Optimizing NNI: done in 0.936244 secs using 100.1% CPU
Optimizing NNI: done in 1.15641 secs using 98.64% CPU
Optimizing NNI: done in 0.98086 secs using 100.4% CPU
Optimizing NNI: done in 1.30918 secs using 99.06% CPU
Iteration 150 / LogL: -27009.831 / Time: 0h:4m:18s (0h:1m:59s left)
Log-likelihood cutoff on original alignment: -27073.327
Optimizing NNI: done in 1.3853 secs using 99.26% CPU
Optimizing NNI: done in 1.10472 secs using 100.4% CPU
Optimizing NNI: done in 1.13173 secs using 100.8% CPU
Optimizing NNI: done in 1.10703 secs using 100.2% CPU
Optimizing NNI: done in 1.27017 secs using 98.41% CPU
Optimizing NNI: done in 1.58117 secs using 97.83% CPU
Optimizing NNI: done in 1.20241 secs using 98.76% CPU
Optimizing NNI: done in 1.22992 secs using 90.2% CPU
Optimizing NNI: done in 1.18432 secs using 97.63% CPU
Optimizing NNI: done in 1.21135 secs using 100.6% CPU
Iteration 160 / LogL: -27005.883 / Time: 0h:4m:32s (0h:1m:40s left)
Optimizing NNI: done in 1.2295 secs using 99.13% CPU
Optimizing NNI: done in 1.33381 secs using 99.57% CPU
Optimizing NNI: done in 1.03474 secs using 99.66% CPU
Optimizing NNI: done in 1.21249 secs using 99.23% CPU
BETTER TREE FOUND at iteration 164: -27004.540
Optimizing NNI: done in 1.02005 secs using 99.57% CPU
Optimizing NNI: done in 0.865217 secs using 99.32% CPU
Optimizing NNI: done in 1.40401 secs using 95.71% CPU
Optimizing NNI: done in 1.09662 secs using 99.74% CPU
Optimizing NNI: done in 1.07871 secs using 99.95% CPU
Optimizing NNI: done in 1.31519 secs using 99.8% CPU
Iteration 170 / LogL: -27007.942 / Time: 0h:4m:44s (0h:2m:37s left)
Optimizing NNI: done in 1.50483 secs using 99.68% CPU
Optimizing NNI: done in 1.23114 secs using 98.99% CPU
Optimizing NNI: done in 1.1377 secs using 100.3% CPU
Optimizing NNI: done in 1.21637 secs using 100.2% CPU
Optimizing NNI: done in 1.30491 secs using 94.59% CPU
Optimizing NNI: done in 1.39867 secs using 98.31% CPU
Optimizing NNI: done in 1.10448 secs using 99.03% CPU
Optimizing NNI: done in 1.25477 secs using 97.13% CPU
Optimizing NNI: done in 1.70114 secs using 99.2% CPU
Optimizing NNI: done in 1.72963 secs using 98.47% CPU
Iteration 180 / LogL: -27006.646 / Time: 0h:4m:58s (0h:2m:19s left)
Optimizing NNI: done in 1.43041 secs using 100.5% CPU
Optimizing NNI: done in 1.45692 secs using 99.74% CPU
Optimizing NNI: done in 1.34195 secs using 100.1% CPU
Optimizing NNI: done in 1.42755 secs using 100.7% CPU
Optimizing NNI: done in 1.49638 secs using 100.2% CPU
Optimizing NNI: done in 1.75241 secs using 98.97% CPU
Optimizing NNI: done in 1.43531 secs using 93.62% CPU
Optimizing NNI: done in 1.01132 secs using 100.4% CPU
Optimizing NNI: done in 1.34238 secs using 100.1% CPU
Optimizing NNI: done in 1.63408 secs using 99.44% CPU
Iteration 190 / LogL: -27009.039 / Time: 0h:5m:12s (0h:2m:2s left)
Optimizing NNI: done in 1.2206 secs using 99.85% CPU
Optimizing NNI: done in 1.33174 secs using 99.73% CPU
Optimizing NNI: done in 1.44824 secs using 98.18% CPU
Optimizing NNI: done in 1.5078 secs using 99.48% CPU
Optimizing NNI: done in 1.21109 secs using 98.05% CPU
Optimizing NNI: done in 1.44582 secs using 98.34% CPU
Optimizing NNI: done in 2.31608 secs using 89.73% CPU
Optimizing NNI: done in 1.66238 secs using 96.81% CPU
Optimizing NNI: done in 1.57414 secs using 93.31% CPU
Optimizing NNI: done in 1.28704 secs using 87.41% CPU
Iteration 200 / LogL: -27006.656 / Time: 0h:5m:28s (0h:1m:45s left)
Log-likelihood cutoff on original alignment: -27073.327
NOTE: Bootstrap correlation coefficient of split occurrence frequencies: 0.997
Optimizing NNI: done in 1.62595 secs using 95.14% CPU
Optimizing NNI: done in 1.68976 secs using 98.94% CPU
Optimizing NNI: done in 1.44123 secs using 100.8% CPU
Optimizing NNI: done in 1.0925 secs using 98.68% CPU
Optimizing NNI: done in 1.26307 secs using 95.25% CPU
Optimizing NNI: done in 1.70903 secs using 89.6% CPU
Optimizing NNI: done in 1.82665 secs using 86.39% CPU
Optimizing NNI: done in 1.44594 secs using 83.21% CPU
Optimizing NNI: done in 0.783761 secs using 99.68% CPU
Optimizing NNI: done in 0.822825 secs using 98.75% CPU
Iteration 210 / LogL: -27007.118 / Time: 0h:5m:43s (0h:2m:27s left)
Optimizing NNI: done in 1.26943 secs using 99.7% CPU
Optimizing NNI: done in 1.11412 secs using 99.57% CPU
Optimizing NNI: done in 0.989753 secs using 96.3% CPU
Optimizing NNI: done in 1.29396 secs using 100.2% CPU
Optimizing NNI: done in 1.34027 secs using 99.09% CPU
Optimizing NNI: done in 1.4398 secs using 99.84% CPU
Optimizing NNI: done in 1.83777 secs using 95.22% CPU
Optimizing NNI: done in 1.18947 secs using 97.21% CPU
Optimizing NNI: done in 0.982822 secs using 100.2% CPU
Optimizing NNI: done in 1.84489 secs using 88.08% CPU
Iteration 220 / LogL: -27049.052 / Time: 0h:5m:56s (0h:2m:10s left)
Optimizing NNI: done in 1.34859 secs using 97.32% CPU
Optimizing NNI: done in 1.14378 secs using 99.72% CPU
Optimizing NNI: done in 0.982955 secs using 100.1% CPU
Optimizing NNI: done in 1.14609 secs using 98.16% CPU
Optimizing NNI: done in 1.2012 secs using 100.2% CPU
Optimizing NNI: done in 0.98497 secs using 99.94% CPU
Optimizing NNI: done in 1.04642 secs using 100% CPU
Optimizing NNI: done in 1.35138 secs using 99.44% CPU
Optimizing NNI: done in 1.14332 secs using 101.1% CPU
Optimizing NNI: done in 0.947595 secs using 98.93% CPU
Iteration 230 / LogL: -27009.721 / Time: 0h:6m:8s (0h:1m:52s left)
Optimizing NNI: done in 1.06834 secs using 99.45% CPU
Optimizing NNI: done in 1.48898 secs using 93.39% CPU
Optimizing NNI: done in 1.28532 secs using 99.68% CPU
Optimizing NNI: done in 1.25693 secs using 100.7% CPU
Optimizing NNI: done in 1.22738 secs using 100.6% CPU
Optimizing NNI: done in 1.02551 secs using 100.6% CPU
Optimizing NNI: done in 1.41558 secs using 98.24% CPU
Optimizing NNI: done in 0.930621 secs using 100.7% CPU
Optimizing NNI: done in 1.51955 secs using 99.74% CPU
Optimizing NNI: done in 0.988601 secs using 99.57% CPU
Iteration 240 / LogL: -27080.612 / Time: 0h:6m:21s (0h:1m:35s left)
Optimizing NNI: done in 0.826498 secs using 100.2% CPU
Optimizing NNI: done in 0.951189 secs using 100.2% CPU
Optimizing NNI: done in 1.26476 secs using 100.1% CPU
Optimizing NNI: done in 0.946161 secs using 100.7% CPU
Optimizing NNI: done in 1.03499 secs using 99.64% CPU
Optimizing NNI: done in 1.49718 secs using 100.2% CPU
Optimizing NNI: done in 1.24319 secs using 99.29% CPU
Optimizing NNI: done in 1.42894 secs using 97.32% CPU
Optimizing NNI: done in 1.49759 secs using 90.77% CPU
Optimizing NNI: done in 1.98328 secs using 97.69% CPU
Iteration 250 / LogL: -27009.872 / Time: 0h:6m:34s (0h:1m:19s left)
Log-likelihood cutoff on original alignment: -27073.327
Optimizing NNI: done in 1.26542 secs using 100% CPU
Optimizing NNI: done in 1.09683 secs using 91.17% CPU
Optimizing NNI: done in 1.29838 secs using 99.88% CPU
Optimizing NNI: done in 1.10834 secs using 94.45% CPU
Optimizing NNI: done in 1.4629 secs using 100.4% CPU
Optimizing NNI: done in 1.06924 secs using 97.91% CPU
Optimizing NNI: done in 1.14684 secs using 96.73% CPU
Optimizing NNI: done in 1.66015 secs using 93.18% CPU
Optimizing NNI: done in 1.54399 secs using 100.2% CPU
Optimizing NNI: done in 1.43003 secs using 97.24% CPU
Iteration 260 / LogL: -27007.542 / Time: 0h:6m:48s (0h:1m:3s left)
Optimizing NNI: done in 1.57966 secs using 96.94% CPU
Optimizing NNI: done in 1.13581 secs using 97.67% CPU
Optimizing NNI: done in 1.19691 secs using 88.77% CPU
Optimizing NNI: done in 1.69947 secs using 93.78% CPU
Optimizing NNI: done in 1.40193 secs using 98.08% CPU
TREE SEARCH COMPLETED AFTER 265 ITERATIONS / Time: 0h:6m:55s

--------------------------------------------------------------------
|                    FINALIZING TREE SEARCH                        |
--------------------------------------------------------------------
Performs final model parameters optimization
Estimate model parameters (epsilon = 0.010)
1. Initial log-likelihood: -27004.540
Optimal log-likelihood: -27004.539
Rate parameters:  A-C: 0.87514  A-G: 4.63064  A-T: 1.05656  C-G: 0.46211  C-T: 7.30413  G-T: 1.00000
Base frequencies:  A: 0.250  C: 0.301  G: 0.252  T: 0.198
Proportion of invariable sites: 0.475
Gamma shape alpha: 1.081
Parameters optimization took 1 rounds (0.208 sec)
BEST SCORE FOUND : -27004.539
Creating bootstrap support values...
Split supports printed to NEXUS file alignments_no_probang_etc\recombinant_free_regions\SAT2\SAT2_721-2661_no_probang.splits.nex
Total tree length: 4.583

Total number of iterations: 265
CPU time used for tree search: 359.266 sec (0h:5m:59s)
Wall-clock time used for tree search: 371.137 sec (0h:6m:11s)
Total CPU time used: 403.859 sec (0h:6m:43s)
Total wall-clock time used: 416.636 sec (0h:6m:56s)

Computing bootstrap consensus tree...
Reading input file alignments_no_probang_etc\recombinant_free_regions\SAT2\SAT2_721-2661_no_probang.splits.nex...
98 taxa and 834 splits.
Consensus tree written to alignments_no_probang_etc\recombinant_free_regions\SAT2\SAT2_721-2661_no_probang.contree
Reading input trees file alignments_no_probang_etc\recombinant_free_regions\SAT2\SAT2_721-2661_no_probang.contree
Log-likelihood of consensus tree: -27005.261

Analysis results written to: 
  IQ-TREE report:                alignments_no_probang_etc\recombinant_free_regions\SAT2\SAT2_721-2661_no_probang.iqtree
  Maximum-likelihood tree:       alignments_no_probang_etc\recombinant_free_regions\SAT2\SAT2_721-2661_no_probang.treefile
  Likelihood distances:          alignments_no_probang_etc\recombinant_free_regions\SAT2\SAT2_721-2661_no_probang.mldist

Ultrafast bootstrap approximation results written to:
  Split support values:          alignments_no_probang_etc\recombinant_free_regions\SAT2\SAT2_721-2661_no_probang.splits.nex
  Consensus tree:                alignments_no_probang_etc\recombinant_free_regions\SAT2\SAT2_721-2661_no_probang.contree
  Screen log file:               alignments_no_probang_etc\recombinant_free_regions\SAT2\SAT2_721-2661_no_probang.log

Date and Time: Thu Jan 15 15:40:25 2026
